Iteration	Posterior	Likelihood	Prior	rho[1][2]
0	-2767.094	0	-2767.094	0.2453382
500	-1833.808	0	-1833.808	-0.03027651
1000	-1810.64	0	-1810.64	0.1806302
1500	-1789.017	0	-1789.017	0.2549342
2000	-1738.503	0	-1738.503	0.2496592
2500	-1747.798	0	-1747.798	0.1422289
3000	-1702.748	0	-1702.748	0.2196593
3500	-1715.047	0	-1715.047	0.2849764
4000	-1743.436	0	-1743.436	0.1633813
4500	-1660.366	0	-1660.366	0.368469
5000	-1653.002	0	-1653.002	0.3845923
5500	-1644.417	0	-1644.417	0.3033076
6000	-1671.011	0	-1671.011	0.06433745
6500	-1694.815	0	-1694.815	0.295482
7000	-1652.267	0	-1652.267	0.4324789
7500	-1676.815	0	-1676.815	0.3298085
8000	-1657.212	0	-1657.212	0.380182
8500	-1646.412	0	-1646.412	0.1889025
9000	-1629.817	0	-1629.817	0.5453917
9500	-1682.457	0	-1682.457	0.2967701
10000	-1585.742	0	-1585.742	0.5732565
10500	-1626.512	0	-1626.512	0.3115362
11000	-1649.935	0	-1649.935	0.3778216
11500	-1611	0	-1611	0.4762694
12000	-1647.121	0	-1647.121	0.5382027
12500	-1637.222	0	-1637.222	0.3483224
13000	-1634.307	0	-1634.307	0.432771
13500	-1710.281	0	-1710.281	0.3450169
14000	-1641.434	0	-1641.434	0.3156103
14500	-1633.002	0	-1633.002	0.5237932
15000	-1654.661	0	-1654.661	0.3273865
15500	-1672.531	0	-1672.531	0.1129906
16000	-1570.103	0	-1570.103	0.08954182
16500	-1599.341	0	-1599.341	0.3842785
17000	-1498.971	0	-1498.971	0.1633186
17500	-1543.947	0	-1543.947	0.307666
18000	-1559.423	0	-1559.423	0.3420365
18500	-1625.698	0	-1625.698	0.3789366
19000	-1595.907	0	-1595.907	0.1742697
19500	-1597.718	0	-1597.718	0.4443781
20000	-1628.388	0	-1628.388	0.2861524
20500	-1598.409	0	-1598.409	0.2153772
21000	-1615.475	0	-1615.475	0.1500454
21500	-1600.019	0	-1600.019	0.2761696
22000	-1607.516	0	-1607.516	0.2942781
22500	-1651.162	0	-1651.162	0.2687411
23000	-1562.768	0	-1562.768	0.6148986
23500	-1543.11	0	-1543.11	0.629668
24000	-1500.023	0	-1500.023	0.5554171
24500	-1529.498	0	-1529.498	0.6155045
25000	-1528.523	0	-1528.523	0.5680485
25500	-1566.233	0	-1566.233	0.6200462
26000	-1565.615	0	-1565.615	0.4743188
26500	-1536.912	0	-1536.912	0.4085201
27000	-1596.738	0	-1596.738	0.5334867
27500	-1520.693	0	-1520.693	0.5677458
28000	-1574.362	0	-1574.362	0.5408088
28500	-1593.069	0	-1593.069	0.3838854
29000	-1568.107	0	-1568.107	0.3684461
29500	-1561.379	0	-1561.379	0.3488221
30000	-1555.988	0	-1555.988	0.2089862
30500	-1586.861	0	-1586.861	0.3423778
31000	-1541.078	0	-1541.078	0.4238553
31500	-1564.972	0	-1564.972	0.5192088
32000	-1573.671	0	-1573.671	0.4148567
32500	-1578.188	0	-1578.188	0.5652334
33000	-1584.933	0	-1584.933	0.5441655
33500	-1647.742	0	-1647.742	0.3670065
34000	-1646.651	0	-1646.651	0.2953448
34500	-1615.477	0	-1615.477	0.4559452
35000	-1595.85	0	-1595.85	0.4461172
35500	-1594.776	0	-1594.776	0.325204
36000	-1599.007	0	-1599.007	0.3102669
36500	-1562.7	0	-1562.7	0.5533195
37000	-1570.442	0	-1570.442	0.359846
37500	-1583.729	0	-1583.729	0.336631
38000	-1559.956	0	-1559.956	0.2303404
38500	-1540.706	0	-1540.706	0.1593514
39000	-1539.188	0	-1539.188	0.2868514
39500	-1504.775	0	-1504.775	0.2915068
40000	-1460.643	0	-1460.643	0.4205782
40500	-1572.402	0	-1572.402	0.3997609
41000	-1499.867	0	-1499.867	0.5081159
41500	-1554.459	0	-1554.459	0.4589942
42000	-1564.081	0	-1564.081	0.314347
42500	-1611.642	0	-1611.642	0.5829291
43000	-1559.631	0	-1559.631	0.5129809
43500	-1546.896	0	-1546.896	0.297323
44000	-1526.823	0	-1526.823	0.2628682
44500	-1585.789	0	-1585.789	0.444823
45000	-1510.764	0	-1510.764	0.5140846
45500	-1552.8	0	-1552.8	0.4694903
46000	-1567.132	0	-1567.132	0.469481
46500	-1482.78	0	-1482.78	0.4859429
47000	-1599.632	0	-1599.632	0.2265679
47500	-1596.586	0	-1596.586	0.1449534
48000	-1526.387	0	-1526.387	0.05908964
48500	-1525.308	0	-1525.308	0.1992206
49000	-1534.618	0	-1534.618	0.06005314
49500	-1569.467	0	-1569.467	0.2100546
50000	-1556.234	0	-1556.234	0.4485084
50500	-1469.916	0	-1469.916	0.630244
51000	-1534.29	0	-1534.29	0.4775307
51500	-1504.114	0	-1504.114	0.4333348
52000	-1494.628	0	-1494.628	0.4812744
52500	-1423.75	0	-1423.75	0.453644
53000	-1422.352	0	-1422.352	0.5397298
53500	-1437.871	0	-1437.871	0.3406684
54000	-1502.103	0	-1502.103	0.5429982
54500	-1542.058	0	-1542.058	0.4473323
55000	-1519.605	0	-1519.605	0.5596094
55500	-1447.67	0	-1447.67	0.5911009
56000	-1543.289	0	-1543.289	0.5383994
56500	-1538.08	0	-1538.08	0.5513369
57000	-1481.698	0	-1481.698	0.6565025
57500	-1452.419	0	-1452.419	0.6382592
58000	-1516.348	0	-1516.348	0.4941491
58500	-1464.428	0	-1464.428	0.4071515
59000	-1495.71	0	-1495.71	0.4079036
59500	-1498.938	0	-1498.938	0.4270231
60000	-1543.473	0	-1543.473	0.3577253
60500	-1552.617	0	-1552.617	0.3557975
61000	-1488.325	0	-1488.325	0.5019094
61500	-1533.475	0	-1533.475	0.5111278
62000	-1584.346	0	-1584.346	0.4466149
62500	-1651.285	0	-1651.285	0.2745688
63000	-1591.337	0	-1591.337	0.2886038
63500	-1558.035	0	-1558.035	0.4576658
64000	-1597.553	0	-1597.553	0.4923479
64500	-1473.305	0	-1473.305	0.6687648
65000	-1482.464	0	-1482.464	0.5613588
65500	-1446.76	0	-1446.76	0.6422551
66000	-1465.381	0	-1465.381	0.6122793
66500	-1480.667	0	-1480.667	0.5551449
67000	-1529.438	0	-1529.438	0.492077
67500	-1488.075	0	-1488.075	0.4732403
68000	-1564.566	0	-1564.566	0.487677
68500	-1530.018	0	-1530.018	0.3832222
69000	-1541.108	0	-1541.108	0.4306886
69500	-1574.823	0	-1574.823	0.5252344
70000	-1598.121	0	-1598.121	0.31841
70500	-1502.014	0	-1502.014	0.4718798
71000	-1518.647	0	-1518.647	0.5148622
71500	-1571.351	0	-1571.351	0.3800811
72000	-1611.153	0	-1611.153	0.3781093
72500	-1635.57	0	-1635.57	0.1896322
73000	-1619.849	0	-1619.849	0.2599839
73500	-1610.561	0	-1610.561	0.5797969
74000	-1558.767	0	-1558.767	0.5737244
74500	-1591.135	0	-1591.135	0.5199118
75000	-1582.095	0	-1582.095	0.2486499
75500	-1563.908	0	-1563.908	0.1632578
76000	-1591.598	0	-1591.598	0.3862863
76500	-1612.722	0	-1612.722	0.1903472
77000	-1626.31	0	-1626.31	0.3036524
77500	-1643.625	0	-1643.625	0.3794692
78000	-1572.136	0	-1572.136	0.54098
78500	-1591.45	0	-1591.45	0.5045624
79000	-1582.214	0	-1582.214	0.5455375
79500	-1559.972	0	-1559.972	0.5291796
80000	-1559.02	0	-1559.02	0.6195743
80500	-1602.434	0	-1602.434	0.5614735
81000	-1550.711	0	-1550.711	0.4303613
81500	-1597.551	0	-1597.551	0.4261207
82000	-1561.884	0	-1561.884	0.5349585
82500	-1516.635	0	-1516.635	0.3344715
83000	-1492.482	0	-1492.482	0.5421918
83500	-1561.476	0	-1561.476	0.3061092
84000	-1500.495	0	-1500.495	0.5765581
84500	-1398.064	0	-1398.064	0.4723755
85000	-1409.944	0	-1409.944	0.4548726
85500	-1488.504	0	-1488.504	0.5296145
86000	-1489.208	0	-1489.208	0.4709569
86500	-1446.507	0	-1446.507	0.4654539
87000	-1423.036	0	-1423.036	0.4143904
87500	-1398.791	0	-1398.791	0.5046047
88000	-1502.351	0	-1502.351	0.4609031
88500	-1522.44	0	-1522.44	0.424997
89000	-1467.827	0	-1467.827	0.4536082
89500	-1499.5	0	-1499.5	0.2350108
90000	-1477.357	0	-1477.357	0.4847862
90500	-1497.482	0	-1497.482	0.1605288
91000	-1554.161	0	-1554.161	-0.08584545
91500	-1542.283	0	-1542.283	0.1878017
92000	-1496.497	0	-1496.497	0.150837
92500	-1458.557	0	-1458.557	0.286265
93000	-1487.952	0	-1487.952	0.3735371
93500	-1505.687	0	-1505.687	0.3128161
94000	-1483.734	0	-1483.734	0.1094441
94500	-1503.545	0	-1503.545	0.1574959
95000	-1501.153	0	-1501.153	0.2992423
95500	-1561.039	0	-1561.039	0.3750241
96000	-1520.893	0	-1520.893	0.4123744
96500	-1514.003	0	-1514.003	0.3405511
97000	-1599.651	0	-1599.651	0.3865897
97500	-1624.69	0	-1624.69	0.2959253
98000	-1582.878	0	-1582.878	0.1931599
98500	-1605.536	0	-1605.536	0.3445386
99000	-1585.987	0	-1585.987	0.2818555
99500	-1582.154	0	-1582.154	0.3483311
100000	-1557.619	0	-1557.619	0.31275
100500	-1584.827	0	-1584.827	0.4234591
101000	-1525.727	0	-1525.727	0.45117
101500	-1513.413	0	-1513.413	0.4213838
102000	-1472.612	0	-1472.612	0.3752875
102500	-1476.373	0	-1476.373	0.4486696
103000	-1547.857	0	-1547.857	0.446759
103500	-1529.621	0	-1529.621	0.3849076
104000	-1598.468	0	-1598.468	0.2951239
104500	-1502.405	0	-1502.405	0.4810965
105000	-1462.005	0	-1462.005	0.3949519
105500	-1481.303	0	-1481.303	0.4269632
106000	-1421.423	0	-1421.423	0.312078
106500	-1407.38	0	-1407.38	0.257533
107000	-1398.534	0	-1398.534	0.4188944
107500	-1444.409	0	-1444.409	0.4015062
108000	-1393.127	0	-1393.127	0.440102
108500	-1509.526	0	-1509.526	0.1996246
109000	-1548.675	0	-1548.675	0.3624173
109500	-1505.081	0	-1505.081	0.4162948
110000	-1425.077	0	-1425.077	0.3401038
110500	-1550.273	0	-1550.273	0.3724276
111000	-1541.343	0	-1541.343	0.3075203
111500	-1558.843	0	-1558.843	0.4471698
112000	-1586.068	0	-1586.068	0.3477596
112500	-1546.372	0	-1546.372	0.3329869
113000	-1503.11	0	-1503.11	0.476265
113500	-1568.408	0	-1568.408	0.4896674
114000	-1481.407	0	-1481.407	0.5414917
114500	-1517.522	0	-1517.522	0.3646114
115000	-1535.29	0	-1535.29	0.2984406
115500	-1532.401	0	-1532.401	0.286197
116000	-1451.216	0	-1451.216	0.4891258
116500	-1463.953	0	-1463.953	0.4472778
117000	-1560.455	0	-1560.455	0.2826301
117500	-1578.993	0	-1578.993	0.3974905
118000	-1495.957	0	-1495.957	0.5099382
118500	-1438.05	0	-1438.05	0.3742788
119000	-1465.93	0	-1465.93	0.3664967
119500	-1527.139	0	-1527.139	0.3572147
120000	-1485.349	0	-1485.349	0.556399
120500	-1501.912	0	-1501.912	0.5383972
121000	-1493.087	0	-1493.087	0.5555372
121500	-1421.324	0	-1421.324	0.6478068
122000	-1414.309	0	-1414.309	0.661867
122500	-1497.125	0	-1497.125	0.5477169
123000	-1554.896	0	-1554.896	0.4594323
123500	-1485.575	0	-1485.575	0.3584579
124000	-1554.107	0	-1554.107	0.453794
124500	-1548.131	0	-1548.131	0.5221906
125000	-1512.675	0	-1512.675	0.5796526
125500	-1482.373	0	-1482.373	0.5297447
126000	-1548.01	0	-1548.01	0.5185205
126500	-1571.544	0	-1571.544	0.5212002
127000	-1554.398	0	-1554.398	0.4702704
127500	-1551.961	0	-1551.961	0.556073
128000	-1554.542	0	-1554.542	0.4865496
128500	-1591.598	0	-1591.598	0.350082
129000	-1559.032	0	-1559.032	0.5278458
129500	-1593.937	0	-1593.937	0.4394364
130000	-1608.297	0	-1608.297	0.3763496
130500	-1645.97	0	-1645.97	0.4597217
131000	-1603.65	0	-1603.65	0.5657304
131500	-1615.466	0	-1615.466	0.5596713
132000	-1565.89	0	-1565.89	0.5794379
132500	-1529.354	0	-1529.354	0.4254525
133000	-1603.217	0	-1603.217	0.398187
133500	-1624.699	0	-1624.699	0.3682787
134000	-1624.347	0	-1624.347	0.6673094
134500	-1592.622	0	-1592.622	0.5919359
135000	-1556.978	0	-1556.978	0.4570691
135500	-1533.52	0	-1533.52	0.2623237
136000	-1584.693	0	-1584.693	0.3173576
136500	-1514.661	0	-1514.661	0.4858689
137000	-1521.26	0	-1521.26	0.5875095
137500	-1562.209	0	-1562.209	0.5509034
138000	-1542.259	0	-1542.259	0.6873301
138500	-1511.084	0	-1511.084	0.7957195
139000	-1517.473	0	-1517.473	0.7466546
139500	-1532.77	0	-1532.77	0.7168402
140000	-1559.573	0	-1559.573	0.6571639
140500	-1575.692	0	-1575.692	0.6695082
141000	-1501.965	0	-1501.965	0.7282526
141500	-1544.82	0	-1544.82	0.7460314
142000	-1527.826	0	-1527.826	0.7233811
142500	-1511.361	0	-1511.361	0.7713416
143000	-1536.593	0	-1536.593	0.5735162
143500	-1538.373	0	-1538.373	0.6072399
144000	-1507.194	0	-1507.194	0.6290452
144500	-1540.988	0	-1540.988	0.7229258
145000	-1543.632	0	-1543.632	0.7148273
145500	-1492.345	0	-1492.345	0.6009219
146000	-1426.123	0	-1426.123	0.5688562
146500	-1518.416	0	-1518.416	0.495154
147000	-1403.523	0	-1403.523	0.6387335
147500	-1341.267	0	-1341.267	0.6453848
148000	-1351.352	0	-1351.352	0.6009732
148500	-1330.085	0	-1330.085	0.7532331
149000	-1392.49	0	-1392.49	0.6874141
149500	-1472.011	0	-1472.011	0.7092264
150000	-1386.556	0	-1386.556	0.6740472
150500	-1375.273	0	-1375.273	0.7239877
151000	-1331.14	0	-1331.14	0.7031358
151500	-1374.881	0	-1374.881	0.5244637
152000	-1422.941	0	-1422.941	0.548282
152500	-1417.092	0	-1417.092	0.5196559
153000	-1420.75	0	-1420.75	0.5621633
153500	-1510.414	0	-1510.414	0.3963349
154000	-1518.636	0	-1518.636	0.4674533
154500	-1434.042	0	-1434.042	0.3847717
155000	-1534.174	0	-1534.174	0.2549139
155500	-1493.056	0	-1493.056	0.4492688
156000	-1462.638	0	-1462.638	0.6904245
156500	-1380.806	0	-1380.806	0.7310517
157000	-1434.5	0	-1434.5	0.7570367
157500	-1571.854	0	-1571.854	0.3380602
158000	-1583.122	0	-1583.122	0.1884903
158500	-1539.288	0	-1539.288	0.502696
159000	-1549.768	0	-1549.768	0.5594363
159500	-1579.969	0	-1579.969	0.3304394
160000	-1558.83	0	-1558.83	0.114252
160500	-1550.534	0	-1550.534	0.3934521
161000	-1576.92	0	-1576.92	0.2859038
161500	-1612.745	0	-1612.745	0.130744
162000	-1581.721	0	-1581.721	0.3612747
162500	-1554.724	0	-1554.724	0.3223268
163000	-1554.291	0	-1554.291	0.425703
163500	-1566.075	0	-1566.075	0.4932893
164000	-1525.514	0	-1525.514	0.3941976
164500	-1557.484	0	-1557.484	0.3286994
165000	-1556.098	0	-1556.098	0.3564084
165500	-1523.742	0	-1523.742	0.1961168
166000	-1551.095	0	-1551.095	0.2338366
166500	-1512.073	0	-1512.073	0.3426077
167000	-1497.22	0	-1497.22	0.303777
167500	-1523.217	0	-1523.217	0.2608911
168000	-1557.762	0	-1557.762	0.1666207
168500	-1566.671	0	-1566.671	0.3282922
169000	-1500.734	0	-1500.734	0.3328754
169500	-1556.564	0	-1556.564	0.2647942
170000	-1603.605	0	-1603.605	0.3058938
170500	-1534.808	0	-1534.808	0.3403342
171000	-1475.437	0	-1475.437	0.6732521
171500	-1578.879	0	-1578.879	0.4923704
172000	-1625.306	0	-1625.306	0.1795447
172500	-1545.411	0	-1545.411	0.3288083
173000	-1548.13	0	-1548.13	0.495343
173500	-1618.875	0	-1618.875	0.4484154
174000	-1499.596	0	-1499.596	0.6279441
174500	-1562.269	0	-1562.269	0.5107332
175000	-1522.557	0	-1522.557	0.5065449
175500	-1513.236	0	-1513.236	0.6951693
176000	-1558.512	0	-1558.512	0.5317704
176500	-1538.929	0	-1538.929	0.5906145
177000	-1537.259	0	-1537.259	0.4398412
177500	-1487.309	0	-1487.309	0.3784333
178000	-1476.472	0	-1476.472	0.290822
178500	-1470.143	0	-1470.143	0.3724777
179000	-1457.976	0	-1457.976	0.3872373
179500	-1465.84	0	-1465.84	0.497831
180000	-1497.984	0	-1497.984	0.4658314
180500	-1543.811	0	-1543.811	0.1371
181000	-1535.874	0	-1535.874	0.279957
181500	-1540.14	0	-1540.14	0.3154377
182000	-1508.735	0	-1508.735	0.2979977
182500	-1537.513	0	-1537.513	0.4802199
183000	-1425.236	0	-1425.236	0.4775293
183500	-1375.113	0	-1375.113	0.5161172
184000	-1405.347	0	-1405.347	0.5325535
184500	-1426.221	0	-1426.221	0.4405244
185000	-1509.98	0	-1509.98	0.3863879
185500	-1452.523	0	-1452.523	0.3909891
186000	-1394.714	0	-1394.714	0.6112486
186500	-1406.863	0	-1406.863	0.5644465
187000	-1505.39	0	-1505.39	0.4147556
187500	-1492.933	0	-1492.933	0.3559846
188000	-1514.26	0	-1514.26	0.2429744
188500	-1498.848	0	-1498.848	0.4347525
189000	-1430.135	0	-1430.135	0.5702059
189500	-1516.118	0	-1516.118	0.3996662
190000	-1514.803	0	-1514.803	0.5381107
190500	-1571.475	0	-1571.475	0.5601457
191000	-1561.111	0	-1561.111	0.3988346
191500	-1592.096	0	-1592.096	0.3294161
192000	-1510.999	0	-1510.999	0.4782293
192500	-1502.731	0	-1502.731	0.3096571
193000	-1513.768	0	-1513.768	0.5923168
193500	-1419.382	0	-1419.382	0.6168916
194000	-1415.576	0	-1415.576	0.6974538
194500	-1413.806	0	-1413.806	0.6322202
195000	-1315.162	0	-1315.162	0.7142505
195500	-1326.717	0	-1326.717	0.6677235
196000	-1353.165	0	-1353.165	0.5448688
196500	-1469.817	0	-1469.817	0.5654353
197000	-1497.244	0	-1497.244	0.6613977
197500	-1501.646	0	-1501.646	0.6083809
198000	-1532.878	0	-1532.878	0.5499007
198500	-1558.972	0	-1558.972	0.4587371
199000	-1581.649	0	-1581.649	0.5254879
199500	-1505.175	0	-1505.175	0.7803025
200000	-1485.542	0	-1485.542	0.6486272
200500	-1556.409	0	-1556.409	0.6835338
201000	-1536.732	0	-1536.732	0.5907126
201500	-1506.362	0	-1506.362	0.543234
202000	-1562.631	0	-1562.631	0.5275947
202500	-1583.123	0	-1583.123	0.3113703
203000	-1593.806	0	-1593.806	0.4247319
203500	-1565.779	0	-1565.779	0.4161319
204000	-1627.28	0	-1627.28	0.3499776
204500	-1602.587	0	-1602.587	0.3566171
205000	-1518.363	0	-1518.363	0.475782
205500	-1571.065	0	-1571.065	0.3580006
206000	-1570.704	0	-1570.704	0.3150593
206500	-1538.433	0	-1538.433	0.4987863
207000	-1552.134	0	-1552.134	0.478688
207500	-1563.669	0	-1563.669	0.3784807
208000	-1516.62	0	-1516.62	0.5211091
208500	-1530.918	0	-1530.918	0.5605405
209000	-1463.456	0	-1463.456	0.5406927
209500	-1413.331	0	-1413.331	0.5762166
210000	-1347.447	0	-1347.447	0.5243869
210500	-1433.145	0	-1433.145	0.537937
211000	-1493.399	0	-1493.399	0.5752072
211500	-1458.234	0	-1458.234	0.6151937
212000	-1417.314	0	-1417.314	0.6087127
212500	-1431.333	0	-1431.333	0.4943812
213000	-1463.545	0	-1463.545	0.5089762
213500	-1555.623	0	-1555.623	0.3901599
214000	-1503.549	0	-1503.549	0.3176933
214500	-1526.65	0	-1526.65	0.3527468
215000	-1471.445	0	-1471.445	0.5628039
215500	-1454.577	0	-1454.577	0.5391363
216000	-1493.184	0	-1493.184	0.5623568
216500	-1472.969	0	-1472.969	0.6289996
217000	-1521.768	0	-1521.768	0.4108857
217500	-1473.198	0	-1473.198	0.2629976
218000	-1402.023	0	-1402.023	0.396758
218500	-1454.649	0	-1454.649	0.4087817
219000	-1370.966	0	-1370.966	0.307741
219500	-1530.926	0	-1530.926	0.4236644
220000	-1435.319	0	-1435.319	0.2809713
220500	-1450.435	0	-1450.435	0.4009877
221000	-1412.683	0	-1412.683	0.4705888
221500	-1393.926	0	-1393.926	0.5253575
222000	-1435.621	0	-1435.621	0.5117262
222500	-1480.599	0	-1480.599	0.4552477
223000	-1321.893	0	-1321.893	0.2121756
223500	-1338.43	0	-1338.43	0.1530824
224000	-1373.811	0	-1373.811	0.2024446
224500	-1406.44	0	-1406.44	0.2171005
225000	-1493.416	0	-1493.416	0.3816757
225500	-1453.491	0	-1453.491	0.4733102
226000	-1435.369	0	-1435.369	0.3592888
226500	-1461.821	0	-1461.821	0.5315243
227000	-1415.252	0	-1415.252	0.4753997
227500	-1378.57	0	-1378.57	0.5548074
228000	-1451.552	0	-1451.552	0.4127151
228500	-1388.278	0	-1388.278	0.5464622
229000	-1368.632	0	-1368.632	0.5821868
229500	-1373.334	0	-1373.334	0.5875982
230000	-1410.981	0	-1410.981	0.5074922
230500	-1514.514	0	-1514.514	0.4227167
231000	-1530.573	0	-1530.573	0.5233771
231500	-1543.202	0	-1543.202	0.3885619
232000	-1568.892	0	-1568.892	0.2694565
232500	-1558.005	0	-1558.005	0.5555554
233000	-1518.313	0	-1518.313	0.5475598
233500	-1518.884	0	-1518.884	0.7028113
234000	-1559.058	0	-1559.058	0.5952478
234500	-1561.389	0	-1561.389	0.3518533
235000	-1404.137	0	-1404.137	0.497468
235500	-1437.88	0	-1437.88	0.6364175
236000	-1453.474	0	-1453.474	0.5175864
236500	-1476.668	0	-1476.668	0.5252963
237000	-1484.973	0	-1484.973	0.6307843
237500	-1471.359	0	-1471.359	0.7032036
238000	-1452.269	0	-1452.269	0.7524609
238500	-1575.262	0	-1575.262	0.6371945
239000	-1541.988	0	-1541.988	0.7876625
239500	-1559.005	0	-1559.005	0.5141178
240000	-1526.747	0	-1526.747	0.6042064
240500	-1516.425	0	-1516.425	0.5491235
241000	-1478.991	0	-1478.991	0.5552968
241500	-1469.793	0	-1469.793	0.5615452
242000	-1408.609	0	-1408.609	0.5823717
242500	-1439.393	0	-1439.393	0.6570678
243000	-1456.109	0	-1456.109	0.6461153
243500	-1546.751	0	-1546.751	0.5470378
244000	-1493.291	0	-1493.291	0.7157256
244500	-1572.706	0	-1572.706	0.4660407
245000	-1497.646	0	-1497.646	0.600209
245500	-1444.858	0	-1444.858	0.7358754
246000	-1389.612	0	-1389.612	0.7431623
246500	-1494.984	0	-1494.984	0.737255
247000	-1444.665	0	-1444.665	0.7991811
247500	-1486.804	0	-1486.804	0.6620064
248000	-1389.387	0	-1389.387	0.7983674
248500	-1511.46	0	-1511.46	0.7252261
249000	-1512.125	0	-1512.125	0.7779629
249500	-1459.919	0	-1459.919	0.7073942
250000	-1513.93	0	-1513.93	0.5757691
250500	-1492.597	0	-1492.597	0.5866118
251000	-1441.494	0	-1441.494	0.5981614
251500	-1451.905	0	-1451.905	0.6106954
252000	-1433.105	0	-1433.105	0.7298493
252500	-1452.538	0	-1452.538	0.7144473
253000	-1377.782	0	-1377.782	0.7285848
253500	-1429.663	0	-1429.663	0.6435702
254000	-1409.718	0	-1409.718	0.5366806
254500	-1527.149	0	-1527.149	0.438772
255000	-1427.412	0	-1427.412	0.5254619
255500	-1448.017	0	-1448.017	0.6000366
256000	-1524.501	0	-1524.501	0.5664707
256500	-1513.488	0	-1513.488	0.4853973
257000	-1452.578	0	-1452.578	0.5998367
257500	-1413.501	0	-1413.501	0.6067319
258000	-1320.168	0	-1320.168	0.6673919
258500	-1421.79	0	-1421.79	0.5974189
259000	-1519.228	0	-1519.228	0.5212613
259500	-1511.641	0	-1511.641	0.5070163
260000	-1488.003	0	-1488.003	0.5624915
260500	-1470.159	0	-1470.159	0.6393277
261000	-1437.012	0	-1437.012	0.5732937
261500	-1447.551	0	-1447.551	0.5783348
262000	-1487.255	0	-1487.255	0.6325421
262500	-1456.049	0	-1456.049	0.6252055
263000	-1422.93	0	-1422.93	0.5924682
263500	-1508.015	0	-1508.015	0.547266
264000	-1473.71	0	-1473.71	0.6740353
264500	-1475.975	0	-1475.975	0.6566483
265000	-1451.124	0	-1451.124	0.6641963
265500	-1453.812	0	-1453.812	0.6248558
266000	-1487.694	0	-1487.694	0.6823415
266500	-1526.917	0	-1526.917	0.5200806
267000	-1520.108	0	-1520.108	0.6300677
267500	-1525.524	0	-1525.524	0.4024175
268000	-1497.903	0	-1497.903	0.4687009
268500	-1569.476	0	-1569.476	0.4024447
269000	-1556.512	0	-1556.512	0.1310315
269500	-1535.923	0	-1535.923	0.5500312
270000	-1464.994	0	-1464.994	0.7117983
270500	-1544.213	0	-1544.213	0.5782564
271000	-1490.7	0	-1490.7	0.5666709
271500	-1510.231	0	-1510.231	0.6578468
272000	-1524.232	0	-1524.232	0.6093032
272500	-1492.236	0	-1492.236	0.5416304
273000	-1502.92	0	-1502.92	0.4383852
273500	-1538.882	0	-1538.882	0.4784861
274000	-1569.413	0	-1569.413	0.4613525
274500	-1534.52	0	-1534.52	0.5345536
275000	-1468.403	0	-1468.403	0.5726451
275500	-1448.96	0	-1448.96	0.5093697
276000	-1425.97	0	-1425.97	0.579178
276500	-1408.969	0	-1408.969	0.6860753
277000	-1417.56	0	-1417.56	0.665956
277500	-1369.576	0	-1369.576	0.6417829
278000	-1369.128	0	-1369.128	0.6423328
278500	-1327.076	0	-1327.076	0.6353346
279000	-1357.29	0	-1357.29	0.6427945
279500	-1353.813	0	-1353.813	0.6875337
280000	-1377.032	0	-1377.032	0.7438172
280500	-1413.388	0	-1413.388	0.5957223
281000	-1467.839	0	-1467.839	0.5538545
281500	-1479.426	0	-1479.426	0.641139
282000	-1540.06	0	-1540.06	0.5878086
282500	-1567.366	0	-1567.366	0.5402238
283000	-1545.075	0	-1545.075	0.4950139
283500	-1486.043	0	-1486.043	0.5232275
284000	-1400.053	0	-1400.053	0.6202202
284500	-1569.702	0	-1569.702	0.5249824
285000	-1505.44	0	-1505.44	0.5720392
285500	-1358.185	0	-1358.185	0.5116755
286000	-1325.712	0	-1325.712	0.4625281
286500	-1366.014	0	-1366.014	0.4277356
287000	-1404.661	0	-1404.661	0.3019397
287500	-1386.581	0	-1386.581	0.4546757
288000	-1367.678	0	-1367.678	0.379154
288500	-1422.015	0	-1422.015	0.4791216
289000	-1447.275	0	-1447.275	0.337599
289500	-1457.368	0	-1457.368	0.2099617
290000	-1492.74	0	-1492.74	0.1544174
290500	-1488.987	0	-1488.987	0.333627
291000	-1452.856	0	-1452.856	0.5222394
291500	-1515.554	0	-1515.554	0.3406327
292000	-1414.128	0	-1414.128	0.3313207
292500	-1386.885	0	-1386.885	0.451837
293000	-1422.248	0	-1422.248	0.482785
293500	-1398.724	0	-1398.724	0.4385422
294000	-1456.28	0	-1456.28	0.5681149
294500	-1476.662	0	-1476.662	0.5618553
295000	-1478.185	0	-1478.185	0.4282292
295500	-1530.932	0	-1530.932	0.4427451
296000	-1602.409	0	-1602.409	0.2874462
296500	-1539.468	0	-1539.468	0.4286548
297000	-1544.603	0	-1544.603	0.3957147
297500	-1600.107	0	-1600.107	0.4413276
298000	-1600.536	0	-1600.536	0.5659045
298500	-1576.386	0	-1576.386	0.5849895
299000	-1586.436	0	-1586.436	0.6140102
299500	-1547.437	0	-1547.437	0.6603283
300000	-1503.979	0	-1503.979	0.5404179
300500	-1444.582	0	-1444.582	0.5037152
301000	-1469.348	0	-1469.348	0.6830618
301500	-1581.025	0	-1581.025	0.3641267
302000	-1571.534	0	-1571.534	0.4607947
302500	-1480.516	0	-1480.516	0.3889211
303000	-1494.494	0	-1494.494	0.375218
303500	-1438.119	0	-1438.119	0.4448181
304000	-1525.313	0	-1525.313	0.2966433
304500	-1547.578	0	-1547.578	0.2919584
305000	-1536.677	0	-1536.677	0.6114042
305500	-1604.358	0	-1604.358	0.4800202
306000	-1588.967	0	-1588.967	0.5250661
306500	-1494.663	0	-1494.663	0.5560698
307000	-1514.591	0	-1514.591	0.5898996
307500	-1519.122	0	-1519.122	0.5440969
308000	-1486.697	0	-1486.697	0.7050876
308500	-1442.21	0	-1442.21	0.7114894
309000	-1463.537	0	-1463.537	0.7110913
309500	-1464.184	0	-1464.184	0.7202913
310000	-1389.867	0	-1389.867	0.7870512
310500	-1547.32	0	-1547.32	0.5900945
311000	-1553.419	0	-1553.419	0.4664894
311500	-1528.991	0	-1528.991	0.6778418
312000	-1494.7	0	-1494.7	0.5478885
312500	-1532.559	0	-1532.559	0.6428169
313000	-1530.117	0	-1530.117	0.5073254
313500	-1454.754	0	-1454.754	0.5571254
314000	-1407.535	0	-1407.535	0.4916928
314500	-1546.429	0	-1546.429	0.4920623
315000	-1486.013	0	-1486.013	0.5583517
315500	-1527.72	0	-1527.72	0.6012362
316000	-1478.794	0	-1478.794	0.6566096
316500	-1460.547	0	-1460.547	0.6437732
317000	-1441.44	0	-1441.44	0.5561491
317500	-1413.193	0	-1413.193	0.4724429
318000	-1460.386	0	-1460.386	0.5926837
318500	-1345.808	0	-1345.808	0.6038937
319000	-1353.67	0	-1353.67	0.6049059
319500	-1354.694	0	-1354.694	0.4884404
320000	-1361.267	0	-1361.267	0.505946
320500	-1341.206	0	-1341.206	0.3472531
321000	-1401.964	0	-1401.964	0.3172405
321500	-1464.027	0	-1464.027	0.3419502
322000	-1513.223	0	-1513.223	0.4066261
322500	-1550.794	0	-1550.794	0.2520891
323000	-1558.932	0	-1558.932	0.2485144
323500	-1518.185	0	-1518.185	0.344961
324000	-1483.582	0	-1483.582	0.1837299
324500	-1501.21	0	-1501.21	0.3512709
325000	-1535.241	0	-1535.241	0.4238487
325500	-1540.978	0	-1540.978	0.431009
326000	-1502.571	0	-1502.571	0.515568
326500	-1447.395	0	-1447.395	0.6529108
327000	-1458.124	0	-1458.124	0.5850898
327500	-1416.145	0	-1416.145	0.571551
328000	-1410.344	0	-1410.344	0.6406077
328500	-1363.268	0	-1363.268	0.6636428
329000	-1408.249	0	-1408.249	0.5571783
329500	-1472.539	0	-1472.539	0.6300813
330000	-1510.084	0	-1510.084	0.4651428
330500	-1447.142	0	-1447.142	0.5745439
331000	-1457.024	0	-1457.024	0.5733437
331500	-1444.787	0	-1444.787	0.5836967
332000	-1451.374	0	-1451.374	0.4673932
332500	-1497.187	0	-1497.187	0.2828444
333000	-1465.206	0	-1465.206	0.4289024
333500	-1554.417	0	-1554.417	0.3644434
334000	-1407.558	0	-1407.558	0.5309747
334500	-1387.13	0	-1387.13	0.4756365
335000	-1421.521	0	-1421.521	0.5598019
335500	-1393.637	0	-1393.637	0.7301252
336000	-1340.368	0	-1340.368	0.7271847
336500	-1375.789	0	-1375.789	0.7003338
337000	-1442.369	0	-1442.369	0.6991314
337500	-1382.42	0	-1382.42	0.6578378
338000	-1405.891	0	-1405.891	0.692305
338500	-1362.836	0	-1362.836	0.5447487
339000	-1344.028	0	-1344.028	0.6227196
339500	-1398.192	0	-1398.192	0.709101
340000	-1435.979	0	-1435.979	0.5977777
340500	-1470.486	0	-1470.486	0.5555281
341000	-1433.944	0	-1433.944	0.5573587
341500	-1468.447	0	-1468.447	0.3784532
342000	-1438.655	0	-1438.655	0.3660926
342500	-1525.412	0	-1525.412	0.4639915
343000	-1482.654	0	-1482.654	0.3477085
343500	-1562.435	0	-1562.435	0.4394614
344000	-1538.567	0	-1538.567	0.2781921
344500	-1450.758	0	-1450.758	0.5088649
345000	-1415.968	0	-1415.968	0.4928155
345500	-1470.231	0	-1470.231	0.5066793
346000	-1454.858	0	-1454.858	0.4151712
346500	-1511.884	0	-1511.884	0.5339733
347000	-1523.807	0	-1523.807	0.3908678
347500	-1488.422	0	-1488.422	0.5905659
348000	-1540.652	0	-1540.652	0.4386555
348500	-1530.062	0	-1530.062	0.4812123
349000	-1497.331	0	-1497.331	0.5515914
349500	-1525.81	0	-1525.81	0.5845202
350000	-1553.592	0	-1553.592	0.4708208
350500	-1520.56	0	-1520.56	0.4633691
351000	-1440.269	0	-1440.269	0.5174548
351500	-1593.515	0	-1593.515	0.5698383
352000	-1535.929	0	-1535.929	0.6112927
352500	-1581.752	0	-1581.752	0.5177451
353000	-1572.441	0	-1572.441	0.4905488
353500	-1544.063	0	-1544.063	0.5282461
354000	-1548.043	0	-1548.043	0.5128989
354500	-1470.553	0	-1470.553	0.5416689
355000	-1430.774	0	-1430.774	0.4128153
355500	-1534.668	0	-1534.668	0.4035884
356000	-1465.561	0	-1465.561	0.4755617
356500	-1413.373	0	-1413.373	0.5566112
357000	-1324.626	0	-1324.626	0.3329901
357500	-1488.146	0	-1488.146	0.4068389
358000	-1387.1	0	-1387.1	0.4575624
358500	-1320.112	0	-1320.112	0.5365253
359000	-1374.63	0	-1374.63	0.6425342
359500	-1383.703	0	-1383.703	0.5757252
360000	-1344.131	0	-1344.131	0.5521769
360500	-1321.011	0	-1321.011	0.5824306
361000	-1301.963	0	-1301.963	0.5614758
361500	-1368.298	0	-1368.298	0.6139516
362000	-1401.603	0	-1401.603	0.5830146
362500	-1297.363	0	-1297.363	0.5881794
363000	-1365.367	0	-1365.367	0.5630774
363500	-1405.118	0	-1405.118	0.612956
364000	-1436.689	0	-1436.689	0.550099
364500	-1518.164	0	-1518.164	0.4422019
365000	-1504.983	0	-1504.983	0.4736673
365500	-1566.494	0	-1566.494	0.3456708
366000	-1445.2	0	-1445.2	0.3954948
366500	-1543.296	0	-1543.296	0.3664221
367000	-1541.475	0	-1541.475	0.4260442
367500	-1553.925	0	-1553.925	0.4236725
368000	-1542.408	0	-1542.408	0.3314534
368500	-1550.855	0	-1550.855	0.1183786
369000	-1591.035	0	-1591.035	0.3613782
369500	-1538.021	0	-1538.021	0.4410157
370000	-1520.758	0	-1520.758	0.2224385
370500	-1456.251	0	-1456.251	0.4492888
371000	-1565.729	0	-1565.729	0.3663472
371500	-1548.292	0	-1548.292	0.3165796
372000	-1490.726	0	-1490.726	0.4819158
372500	-1485.833	0	-1485.833	0.608075
373000	-1456.462	0	-1456.462	0.5971471
373500	-1433.497	0	-1433.497	0.5348484
374000	-1501.462	0	-1501.462	0.6045184
374500	-1519.763	0	-1519.763	0.5184315
375000	-1541.915	0	-1541.915	0.5652569
375500	-1469.591	0	-1469.591	0.6509255
376000	-1497.978	0	-1497.978	0.5672525
376500	-1413.9	0	-1413.9	0.6947397
377000	-1472.705	0	-1472.705	0.7801836
377500	-1502.968	0	-1502.968	0.7140287
378000	-1549.863	0	-1549.863	0.5157609
378500	-1535.863	0	-1535.863	0.5070422
379000	-1541.906	0	-1541.906	0.5832225
379500	-1563.474	0	-1563.474	0.4857107
380000	-1510.86	0	-1510.86	0.5787193
380500	-1452.914	0	-1452.914	0.4996483
381000	-1472	0	-1472	0.5590046
381500	-1414.862	0	-1414.862	0.5225279
382000	-1556.312	0	-1556.312	0.6065589
382500	-1436.109	0	-1436.109	0.4896881
383000	-1433.434	0	-1433.434	0.4762063
383500	-1406.381	0	-1406.381	0.4125404
384000	-1365.702	0	-1365.702	0.4304937
384500	-1342.809	0	-1342.809	0.4733166
385000	-1351.872	0	-1351.872	0.5476323
385500	-1398.171	0	-1398.171	0.5445271
386000	-1369.47	0	-1369.47	0.5465307
386500	-1453.44	0	-1453.44	0.5232348
387000	-1345.032	0	-1345.032	0.4702152
387500	-1360.387	0	-1360.387	0.3810584
388000	-1376.006	0	-1376.006	0.4313837
388500	-1414.808	0	-1414.808	0.3421996
389000	-1369.526	0	-1369.526	0.377298
389500	-1396.794	0	-1396.794	0.3675864
390000	-1326.612	0	-1326.612	0.5058888
390500	-1356.035	0	-1356.035	0.5463233
391000	-1361.071	0	-1361.071	0.582562
391500	-1421.561	0	-1421.561	0.6374923
392000	-1378.065	0	-1378.065	0.5774394
392500	-1395.475	0	-1395.475	0.6904323
393000	-1450.095	0	-1450.095	0.6226963
393500	-1314.573	0	-1314.573	0.7145279
394000	-1340.858	0	-1340.858	0.6703576
394500	-1404.03	0	-1404.03	0.632885
395000	-1337.365	0	-1337.365	0.7343145
395500	-1433.436	0	-1433.436	0.6916764
396000	-1350.137	0	-1350.137	0.604296
396500	-1417.055	0	-1417.055	0.6486865
397000	-1466.522	0	-1466.522	0.6583645
397500	-1425.642	0	-1425.642	0.657977
398000	-1504.958	0	-1504.958	0.7169041
398500	-1456.342	0	-1456.342	0.7055591
399000	-1497.636	0	-1497.636	0.6623908
399500	-1489.39	0	-1489.39	0.5823355
400000	-1489.143	0	-1489.143	0.5720449
400500	-1464.344	0	-1464.344	0.5812376
401000	-1394.29	0	-1394.29	0.5816249
401500	-1436.223	0	-1436.223	0.5611324
402000	-1412.41	0	-1412.41	0.5935048
402500	-1472.455	0	-1472.455	0.5784289
403000	-1483.522	0	-1483.522	0.5926589
403500	-1471.965	0	-1471.965	0.7668589
404000	-1509.46	0	-1509.46	0.6620758
404500	-1527.253	0	-1527.253	0.7133848
405000	-1394.042	0	-1394.042	0.8015465
405500	-1520.153	0	-1520.153	0.6244226
406000	-1390.485	0	-1390.485	0.6116153
406500	-1518.505	0	-1518.505	0.6567223
407000	-1492.706	0	-1492.706	0.585985
407500	-1494.135	0	-1494.135	0.4470404
408000	-1513.763	0	-1513.763	0.592197
408500	-1534.423	0	-1534.423	0.396423
409000	-1531.894	0	-1531.894	0.5734553
409500	-1446.788	0	-1446.788	0.592591
410000	-1501.235	0	-1501.235	0.4129383
410500	-1479.863	0	-1479.863	0.6369913
411000	-1458.158	0	-1458.158	0.5617654
411500	-1419.123	0	-1419.123	0.657092
412000	-1502.834	0	-1502.834	0.7274774
412500	-1438.704	0	-1438.704	0.5566018
413000	-1398.991	0	-1398.991	0.6231645
413500	-1398.968	0	-1398.968	0.6053265
414000	-1359.813	0	-1359.813	0.6224933
414500	-1341.552	0	-1341.552	0.6229619
415000	-1393.858	0	-1393.858	0.5642787
415500	-1483.37	0	-1483.37	0.5498468
416000	-1487.297	0	-1487.297	0.5781827
416500	-1512.363	0	-1512.363	0.546949
417000	-1427.463	0	-1427.463	0.3683798
417500	-1482.504	0	-1482.504	0.3505919
418000	-1479.271	0	-1479.271	0.4433473
418500	-1492.854	0	-1492.854	0.3731506
419000	-1460.754	0	-1460.754	0.3642333
419500	-1390.648	0	-1390.648	0.402479
420000	-1406.655	0	-1406.655	0.310993
420500	-1458.199	0	-1458.199	0.3258145
421000	-1415.621	0	-1415.621	0.3418598
421500	-1432.764	0	-1432.764	0.3620126
422000	-1458.174	0	-1458.174	0.344754
422500	-1526.632	0	-1526.632	0.3853578
423000	-1504.369	0	-1504.369	0.3491231
423500	-1468.027	0	-1468.027	0.3019463
424000	-1481.588	0	-1481.588	0.4767647
424500	-1439.906	0	-1439.906	0.4186836
425000	-1412.957	0	-1412.957	0.4274682
425500	-1415.2	0	-1415.2	0.4502592
426000	-1530.357	0	-1530.357	0.4003039
426500	-1470.076	0	-1470.076	0.4410275
427000	-1523.683	0	-1523.683	0.418128
427500	-1497.1	0	-1497.1	0.4461803
428000	-1393.448	0	-1393.448	0.5924836
428500	-1426.543	0	-1426.543	0.6867486
429000	-1415.107	0	-1415.107	0.5847631
429500	-1351.644	0	-1351.644	0.5498424
430000	-1454.7	0	-1454.7	0.5897484
430500	-1438.438	0	-1438.438	0.5460485
431000	-1383.493	0	-1383.493	0.4027434
431500	-1371.709	0	-1371.709	0.5632473
432000	-1391.26	0	-1391.26	0.4658653
432500	-1349.432	0	-1349.432	0.552373
433000	-1395.416	0	-1395.416	0.5123244
433500	-1436.02	0	-1436.02	0.3451459
434000	-1468.052	0	-1468.052	0.3251287
434500	-1498.264	0	-1498.264	0.3358195
435000	-1457.821	0	-1457.821	0.2971996
435500	-1390.102	0	-1390.102	0.3811252
436000	-1454.707	0	-1454.707	0.2745665
436500	-1482.837	0	-1482.837	0.3618702
437000	-1454.281	0	-1454.281	0.4097709
437500	-1397.003	0	-1397.003	0.4015612
438000	-1437.791	0	-1437.791	0.5849126
438500	-1480.05	0	-1480.05	0.3789365
439000	-1527.555	0	-1527.555	0.2381617
439500	-1578.228	0	-1578.228	0.02585141
440000	-1566.078	0	-1566.078	0.2589834
440500	-1514.764	0	-1514.764	0.549264
441000	-1426.519	0	-1426.519	0.7831178
441500	-1502.68	0	-1502.68	0.7575495
442000	-1441.77	0	-1441.77	0.7715345
442500	-1447.806	0	-1447.806	0.6083031
443000	-1447.202	0	-1447.202	0.7055729
443500	-1449.504	0	-1449.504	0.6522211
444000	-1451.443	0	-1451.443	0.6426555
444500	-1417.284	0	-1417.284	0.715404
445000	-1480.031	0	-1480.031	0.684507
445500	-1561.673	0	-1561.673	0.6275443
446000	-1440.923	0	-1440.923	0.7136145
446500	-1505.832	0	-1505.832	0.5894681
447000	-1470.081	0	-1470.081	0.7192328
447500	-1377.713	0	-1377.713	0.7214495
448000	-1451.836	0	-1451.836	0.734402
448500	-1463.308	0	-1463.308	0.5323682
449000	-1337.905	0	-1337.905	0.6811481
449500	-1365.325	0	-1365.325	0.707717
450000	-1443.82	0	-1443.82	0.6556362
450500	-1416.138	0	-1416.138	0.763098
451000	-1441.537	0	-1441.537	0.7736865
451500	-1472.019	0	-1472.019	0.6969042
452000	-1447.475	0	-1447.475	0.6348931
452500	-1530.285	0	-1530.285	0.6626221
453000	-1448.446	0	-1448.446	0.6094991
453500	-1529.112	0	-1529.112	0.5593557
454000	-1563.173	0	-1563.173	0.5077438
454500	-1570.964	0	-1570.964	0.4675995
455000	-1553.415	0	-1553.415	0.548937
455500	-1592.315	0	-1592.315	0.5291157
456000	-1603.119	0	-1603.119	0.5343008
456500	-1435.679	0	-1435.679	0.6782273
457000	-1468.818	0	-1468.818	0.7127249
457500	-1526.179	0	-1526.179	0.6336472
458000	-1484.037	0	-1484.037	0.651577
458500	-1482.435	0	-1482.435	0.5817234
459000	-1432.805	0	-1432.805	0.5992588
459500	-1426.473	0	-1426.473	0.6227433
460000	-1399.453	0	-1399.453	0.4849161
460500	-1476.586	0	-1476.586	0.5976477
461000	-1432.567	0	-1432.567	0.5778952
461500	-1457.82	0	-1457.82	0.5242415
462000	-1432.695	0	-1432.695	0.6111387
462500	-1445.509	0	-1445.509	0.6042975
463000	-1402.567	0	-1402.567	0.6590336
463500	-1496.634	0	-1496.634	0.6153991
464000	-1529.004	0	-1529.004	0.5553445
464500	-1521.078	0	-1521.078	0.4415421
465000	-1492.103	0	-1492.103	0.6146723
465500	-1437.304	0	-1437.304	0.5489718
466000	-1402.313	0	-1402.313	0.6067227
466500	-1410.266	0	-1410.266	0.6469052
467000	-1498.384	0	-1498.384	0.5908622
467500	-1521.025	0	-1521.025	0.5529361
468000	-1346.994	0	-1346.994	0.7501675
468500	-1424.23	0	-1424.23	0.7525804
469000	-1460.615	0	-1460.615	0.7330702
469500	-1475.71	0	-1475.71	0.7903729
470000	-1469.994	0	-1469.994	0.6849027
470500	-1476.831	0	-1476.831	0.6952463
471000	-1492.915	0	-1492.915	0.6039061
471500	-1560.079	0	-1560.079	0.5918391
472000	-1525.024	0	-1525.024	0.6536056
472500	-1547.311	0	-1547.311	0.5614885
473000	-1540.715	0	-1540.715	0.5613776
473500	-1478.414	0	-1478.414	0.6512404
474000	-1456.037	0	-1456.037	0.6700274
474500	-1430.65	0	-1430.65	0.5372419
475000	-1395.138	0	-1395.138	0.6084185
475500	-1364.443	0	-1364.443	0.6208051
476000	-1361.422	0	-1361.422	0.4966599
476500	-1479.874	0	-1479.874	0.5122938
477000	-1454.885	0	-1454.885	0.5283231
477500	-1442.089	0	-1442.089	0.6237544
478000	-1356.75	0	-1356.75	0.4880351
478500	-1471.096	0	-1471.096	0.5539687
479000	-1451.554	0	-1451.554	0.5513345
479500	-1491.506	0	-1491.506	0.6368
480000	-1466.824	0	-1466.824	0.6791941
480500	-1415.791	0	-1415.791	0.6654632
481000	-1508.145	0	-1508.145	0.5153743
481500	-1454.988	0	-1454.988	0.6262861
482000	-1521.037	0	-1521.037	0.5971268
482500	-1470.463	0	-1470.463	0.6540603
483000	-1530.748	0	-1530.748	0.5276621
483500	-1516.838	0	-1516.838	0.5369983
484000	-1534.063	0	-1534.063	0.4360425
484500	-1515.534	0	-1515.534	0.4485861
485000	-1542.409	0	-1542.409	0.5642774
485500	-1542.998	0	-1542.998	0.5671702
486000	-1458.337	0	-1458.337	0.5788921
486500	-1562.02	0	-1562.02	0.4573248
487000	-1507.386	0	-1507.386	0.5741282
487500	-1535.18	0	-1535.18	0.5488182
488000	-1444.379	0	-1444.379	0.6082507
488500	-1472.706	0	-1472.706	0.6496191
489000	-1440.486	0	-1440.486	0.5969052
489500	-1460.15	0	-1460.15	0.6251936
490000	-1439.931	0	-1439.931	0.6691986
490500	-1418.691	0	-1418.691	0.6569034
491000	-1547.656	0	-1547.656	0.5040145
491500	-1524.149	0	-1524.149	0.5024087
492000	-1498.827	0	-1498.827	0.681265
492500	-1500.775	0	-1500.775	0.5312407
493000	-1475.38	0	-1475.38	0.5552861
493500	-1488.084	0	-1488.084	0.4940819
494000	-1524.639	0	-1524.639	0.6093111
494500	-1519.298	0	-1519.298	0.684786
495000	-1562.883	0	-1562.883	0.6256852
495500	-1562.187	0	-1562.187	0.629118
496000	-1527.62	0	-1527.62	0.6042729
496500	-1429.692	0	-1429.692	0.6738404
497000	-1547.92	0	-1547.92	0.474769
497500	-1488.934	0	-1488.934	0.5573378
498000	-1555.744	0	-1555.744	0.6297014
498500	-1420.76	0	-1420.76	0.6890601
499000	-1434.568	0	-1434.568	0.7503348
499500	-1360.115	0	-1360.115	0.6866827
500000	-1502.294	0	-1502.294	0.6406649
500500	-1366.089	0	-1366.089	0.8269095
501000	-1409.833	0	-1409.833	0.8316658
501500	-1472.861	0	-1472.861	0.8298375
502000	-1472.935	0	-1472.935	0.9090681
502500	-1504.132	0	-1504.132	0.8331121
503000	-1406.156	0	-1406.156	0.8212977
503500	-1474.978	0	-1474.978	0.7711553
504000	-1402.348	0	-1402.348	0.7764198
504500	-1420.381	0	-1420.381	0.7856384
505000	-1466.329	0	-1466.329	0.6681001
505500	-1571.564	0	-1571.564	0.749202
506000	-1490.806	0	-1490.806	0.6663697
506500	-1508.117	0	-1508.117	0.5749827
507000	-1500.637	0	-1500.637	0.7018535
507500	-1499.761	0	-1499.761	0.5611516
508000	-1458.377	0	-1458.377	0.6160914
508500	-1489.71	0	-1489.71	0.6500741
509000	-1443.649	0	-1443.649	0.678962
509500	-1453.837	0	-1453.837	0.6918584
510000	-1492.158	0	-1492.158	0.596674
510500	-1515.585	0	-1515.585	0.7391706
511000	-1526.135	0	-1526.135	0.6001458
511500	-1442.801	0	-1442.801	0.5301329
512000	-1499.382	0	-1499.382	0.4944934
512500	-1500.182	0	-1500.182	0.6219393
513000	-1542.371	0	-1542.371	0.5848551
513500	-1522.448	0	-1522.448	0.6180282
514000	-1447.442	0	-1447.442	0.7385463
514500	-1423.474	0	-1423.474	0.6129943
515000	-1505.594	0	-1505.594	0.7573573
515500	-1463.995	0	-1463.995	0.7428199
516000	-1432.517	0	-1432.517	0.7598068
516500	-1404.688	0	-1404.688	0.7441978
517000	-1413.494	0	-1413.494	0.7439105
517500	-1423.213	0	-1423.213	0.7949012
518000	-1486.957	0	-1486.957	0.617705
518500	-1484.49	0	-1484.49	0.6185787
519000	-1442.055	0	-1442.055	0.6480011
519500	-1416.228	0	-1416.228	0.6237374
520000	-1408.596	0	-1408.596	0.6338115
520500	-1410.365	0	-1410.365	0.6020322
521000	-1432.245	0	-1432.245	0.5987829
521500	-1450.242	0	-1450.242	0.5222643
522000	-1439.685	0	-1439.685	0.5870237
522500	-1435.256	0	-1435.256	0.56547
523000	-1464.514	0	-1464.514	0.6768196
523500	-1427.856	0	-1427.856	0.6808867
524000	-1415.059	0	-1415.059	0.7338022
524500	-1451.22	0	-1451.22	0.6729624
525000	-1415.06	0	-1415.06	0.6388179
525500	-1511.692	0	-1511.692	0.6124439
526000	-1547.012	0	-1547.012	0.6566885
526500	-1467.39	0	-1467.39	0.5819156
527000	-1517.012	0	-1517.012	0.6629821
527500	-1370.247	0	-1370.247	0.6179641
528000	-1496.057	0	-1496.057	0.5139616
528500	-1558.744	0	-1558.744	0.322575
529000	-1525.101	0	-1525.101	0.4032511
529500	-1543.285	0	-1543.285	0.4654589
530000	-1506.764	0	-1506.764	0.4555744
530500	-1558.194	0	-1558.194	0.5869109
531000	-1559.88	0	-1559.88	0.6171291
531500	-1576.661	0	-1576.661	0.5753163
532000	-1522.779	0	-1522.779	0.5123608
532500	-1455.94	0	-1455.94	0.6089143
533000	-1478.647	0	-1478.647	0.5284116
533500	-1501.499	0	-1501.499	0.6270288
534000	-1432.248	0	-1432.248	0.477182
534500	-1438.507	0	-1438.507	0.4541552
535000	-1416	0	-1416	0.5357891
535500	-1421.819	0	-1421.819	0.4032085
536000	-1507.791	0	-1507.791	0.3783119
536500	-1438.397	0	-1438.397	0.2647323
537000	-1497.018	0	-1497.018	0.3652577
537500	-1442.156	0	-1442.156	0.38419
538000	-1444.736	0	-1444.736	0.4373288
538500	-1402.441	0	-1402.441	0.5579996
539000	-1441.4	0	-1441.4	0.5228364
539500	-1478.351	0	-1478.351	0.4098269
540000	-1491.763	0	-1491.763	0.5823619
540500	-1457.134	0	-1457.134	0.588837
541000	-1439.147	0	-1439.147	0.6316973
541500	-1519.695	0	-1519.695	0.5486938
542000	-1445.804	0	-1445.804	0.5467148
542500	-1415.305	0	-1415.305	0.5470151
543000	-1512.565	0	-1512.565	0.4773694
543500	-1543.893	0	-1543.893	0.5213471
544000	-1561.331	0	-1561.331	0.7171832
544500	-1450.683	0	-1450.683	0.636804
545000	-1422.696	0	-1422.696	0.4523532
545500	-1357.17	0	-1357.17	0.6086671
546000	-1282.966	0	-1282.966	0.5956162
546500	-1253.433	0	-1253.433	0.6847959
547000	-1265.996	0	-1265.996	0.5751249
547500	-1366.909	0	-1366.909	0.6139022
548000	-1412.488	0	-1412.488	0.5997789
548500	-1390.488	0	-1390.488	0.6055022
549000	-1303.12	0	-1303.12	0.6340812
549500	-1232.618	0	-1232.618	0.6601975
550000	-1297.678	0	-1297.678	0.6743852
550500	-1311.7	0	-1311.7	0.6629324
551000	-1220.965	0	-1220.965	0.6488322
551500	-1271.303	0	-1271.303	0.6927269
552000	-1288.385	0	-1288.385	0.7396204
552500	-1300.52	0	-1300.52	0.6924382
553000	-1232.813	0	-1232.813	0.7614352
553500	-1258.903	0	-1258.903	0.6583609
554000	-1365.284	0	-1365.284	0.7533739
554500	-1380.449	0	-1380.449	0.7867255
555000	-1360.146	0	-1360.146	0.7490527
555500	-1335.206	0	-1335.206	0.7820737
556000	-1477.184	0	-1477.184	0.6700387
556500	-1509.407	0	-1509.407	0.7271187
557000	-1523.705	0	-1523.705	0.6695864
557500	-1500.475	0	-1500.475	0.6744343
558000	-1434.946	0	-1434.946	0.5941244
558500	-1454.411	0	-1454.411	0.6631333
559000	-1411.9	0	-1411.9	0.5407017
559500	-1461.72	0	-1461.72	0.5729683
560000	-1472.942	0	-1472.942	0.5003489
560500	-1306.737	0	-1306.737	0.4964757
561000	-1394.501	0	-1394.501	0.5774016
561500	-1348.047	0	-1348.047	0.5550406
562000	-1393.613	0	-1393.613	0.5717247
562500	-1371.779	0	-1371.779	0.5379425
563000	-1309.317	0	-1309.317	0.5822196
563500	-1324.723	0	-1324.723	0.578236
564000	-1359.657	0	-1359.657	0.5853614
564500	-1355.245	0	-1355.245	0.635763
565000	-1410.768	0	-1410.768	0.6291363
565500	-1429.56	0	-1429.56	0.5818423
566000	-1473.581	0	-1473.581	0.6204943
566500	-1491.847	0	-1491.847	0.4280432
567000	-1446.799	0	-1446.799	0.6276928
567500	-1453.541	0	-1453.541	0.5333361
568000	-1415.052	0	-1415.052	0.5721161
568500	-1387.667	0	-1387.667	0.625861
569000	-1460.246	0	-1460.246	0.6329851
569500	-1479.21	0	-1479.21	0.4528171
570000	-1435.012	0	-1435.012	0.4370374
570500	-1487.922	0	-1487.922	0.493557
571000	-1402.492	0	-1402.492	0.4596451
571500	-1403.718	0	-1403.718	0.5280958
572000	-1382.1	0	-1382.1	0.5661246
572500	-1404.602	0	-1404.602	0.5772922
573000	-1420.31	0	-1420.31	0.5386126
573500	-1415.983	0	-1415.983	0.5716892
574000	-1498.686	0	-1498.686	0.4166417
574500	-1481.813	0	-1481.813	0.5411418
575000	-1418.434	0	-1418.434	0.3955444
575500	-1428.562	0	-1428.562	0.4406613
576000	-1394.473	0	-1394.473	0.6429629
576500	-1332.969	0	-1332.969	0.5299592
577000	-1429.384	0	-1429.384	0.5172963
577500	-1376.281	0	-1376.281	0.6951585
578000	-1375.6	0	-1375.6	0.665966
578500	-1420.776	0	-1420.776	0.620752
579000	-1416.022	0	-1416.022	0.6371948
579500	-1427.331	0	-1427.331	0.7431102
580000	-1410.823	0	-1410.823	0.707502
580500	-1398.991	0	-1398.991	0.6810872
581000	-1393.732	0	-1393.732	0.7749059
581500	-1402.996	0	-1402.996	0.7517535
582000	-1454.088	0	-1454.088	0.7371328
582500	-1383.371	0	-1383.371	0.7934327
583000	-1340.736	0	-1340.736	0.7573469
583500	-1466.592	0	-1466.592	0.6707079
584000	-1488.219	0	-1488.219	0.6564679
584500	-1458.528	0	-1458.528	0.6096162
585000	-1390.605	0	-1390.605	0.4296989
585500	-1360.768	0	-1360.768	0.5503884
586000	-1426.45	0	-1426.45	0.5639056
586500	-1452.489	0	-1452.489	0.5547058
587000	-1425.255	0	-1425.255	0.4899622
587500	-1554.271	0	-1554.271	0.5539514
588000	-1459.168	0	-1459.168	0.3887506
588500	-1402.149	0	-1402.149	0.492775
589000	-1462.298	0	-1462.298	0.4686512
589500	-1420.697	0	-1420.697	0.5564543
590000	-1404.112	0	-1404.112	0.6119856
590500	-1394.559	0	-1394.559	0.582134
591000	-1326.97	0	-1326.97	0.586647
591500	-1358.083	0	-1358.083	0.4713716
592000	-1350.08	0	-1350.08	0.4610774
592500	-1315.719	0	-1315.719	0.5109631
593000	-1345.496	0	-1345.496	0.4918576
593500	-1412.167	0	-1412.167	0.6109693
594000	-1435.778	0	-1435.778	0.6929991
594500	-1422.794	0	-1422.794	0.6797875
595000	-1507.03	0	-1507.03	0.6103166
595500	-1424.536	0	-1424.536	0.6849716
596000	-1402.804	0	-1402.804	0.6198277
596500	-1454.754	0	-1454.754	0.5686311
597000	-1352.078	0	-1352.078	0.582054
597500	-1362.706	0	-1362.706	0.6130237
598000	-1448.051	0	-1448.051	0.5994529
598500	-1405.452	0	-1405.452	0.6273114
599000	-1410.13	0	-1410.13	0.7511555
599500	-1314.734	0	-1314.734	0.8144048
600000	-1322.551	0	-1322.551	0.7910387
600500	-1367.27	0	-1367.27	0.7538408
601000	-1313.573	0	-1313.573	0.7870965
601500	-1241.786	0	-1241.786	0.7839959
602000	-1330.215	0	-1330.215	0.7222067
602500	-1312.043	0	-1312.043	0.788765
603000	-1336.94	0	-1336.94	0.7557722
603500	-1384.141	0	-1384.141	0.7284005
604000	-1449.537	0	-1449.537	0.5730197
604500	-1405.309	0	-1405.309	0.6061912
605000	-1388.13	0	-1388.13	0.5024702
605500	-1403.022	0	-1403.022	0.5036816
606000	-1386.269	0	-1386.269	0.6409345
606500	-1426.087	0	-1426.087	0.4962668
607000	-1414.595	0	-1414.595	0.4489815
607500	-1423.863	0	-1423.863	0.7080189
608000	-1421.551	0	-1421.551	0.6539573
608500	-1457.375	0	-1457.375	0.385198
609000	-1364.049	0	-1364.049	0.7162118
609500	-1424.274	0	-1424.274	0.6302686
610000	-1449.623	0	-1449.623	0.5406081
610500	-1565.493	0	-1565.493	0.5229231
611000	-1578.994	0	-1578.994	0.3663673
611500	-1606.168	0	-1606.168	0.4734012
612000	-1521.735	0	-1521.735	0.6035198
612500	-1499.449	0	-1499.449	0.6158911
613000	-1443.513	0	-1443.513	0.6071274
613500	-1483.498	0	-1483.498	0.581834
614000	-1476.689	0	-1476.689	0.6816634
614500	-1419.153	0	-1419.153	0.6923257
615000	-1391.964	0	-1391.964	0.6287935
615500	-1433.367	0	-1433.367	0.7330499
616000	-1448.42	0	-1448.42	0.6957829
616500	-1464.433	0	-1464.433	0.6940991
617000	-1466.706	0	-1466.706	0.708563
617500	-1450.955	0	-1450.955	0.7621059
618000	-1433.455	0	-1433.455	0.840259
618500	-1418.132	0	-1418.132	0.7622255
619000	-1493.082	0	-1493.082	0.6121964
619500	-1501.235	0	-1501.235	0.4749531
620000	-1496.316	0	-1496.316	0.4972639
620500	-1392.685	0	-1392.685	0.5646548
621000	-1398.836	0	-1398.836	0.5280997
621500	-1400.687	0	-1400.687	0.7188786
622000	-1292.393	0	-1292.393	0.7167079
622500	-1290.188	0	-1290.188	0.757944
623000	-1228.91	0	-1228.91	0.7733152
623500	-1315.639	0	-1315.639	0.822182
624000	-1304.356	0	-1304.356	0.7837392
624500	-1350.693	0	-1350.693	0.678844
625000	-1336.332	0	-1336.332	0.7312671
625500	-1387.87	0	-1387.87	0.8071739
626000	-1335.171	0	-1335.171	0.7958072
626500	-1377.467	0	-1377.467	0.7794966
627000	-1390.014	0	-1390.014	0.7041273
627500	-1293.84	0	-1293.84	0.7030431
628000	-1333.147	0	-1333.147	0.7224093
628500	-1305.877	0	-1305.877	0.678094
629000	-1428.296	0	-1428.296	0.6710054
629500	-1406.717	0	-1406.717	0.6651742
630000	-1385.382	0	-1385.382	0.6395841
630500	-1454.633	0	-1454.633	0.5656007
631000	-1478.982	0	-1478.982	0.5528415
631500	-1404.215	0	-1404.215	0.6956389
632000	-1445.691	0	-1445.691	0.5440808
632500	-1431.189	0	-1431.189	0.3445551
633000	-1481.661	0	-1481.661	0.5501709
633500	-1470.4	0	-1470.4	0.6018354
634000	-1379.025	0	-1379.025	0.5378834
634500	-1370.589	0	-1370.589	0.4717142
635000	-1350.96	0	-1350.96	0.508761
635500	-1452.074	0	-1452.074	0.4300806
636000	-1502.384	0	-1502.384	0.3228405
636500	-1489.288	0	-1489.288	0.5837814
637000	-1403.563	0	-1403.563	0.584796
637500	-1408.976	0	-1408.976	0.5860235
638000	-1260.3	0	-1260.3	0.7163854
638500	-1375	0	-1375	0.6899824
639000	-1361.983	0	-1361.983	0.7378012
639500	-1388.05	0	-1388.05	0.7701637
640000	-1332.016	0	-1332.016	0.789821
640500	-1407.764	0	-1407.764	0.8513314
641000	-1369.203	0	-1369.203	0.7907327
641500	-1388.869	0	-1388.869	0.7775059
642000	-1294.053	0	-1294.053	0.7101574
642500	-1325.769	0	-1325.769	0.6359407
643000	-1374.187	0	-1374.187	0.6468874
643500	-1388.728	0	-1388.728	0.6813688
644000	-1430.288	0	-1430.288	0.596524
644500	-1424.839	0	-1424.839	0.6126082
645000	-1380.771	0	-1380.771	0.6567867
645500	-1286.626	0	-1286.626	0.7131003
646000	-1372.762	0	-1372.762	0.6626904
646500	-1413.231	0	-1413.231	0.657124
647000	-1422.026	0	-1422.026	0.6574039
647500	-1459.961	0	-1459.961	0.6313551
648000	-1515.559	0	-1515.559	0.6438393
648500	-1477.828	0	-1477.828	0.6538684
649000	-1403.084	0	-1403.084	0.7524975
649500	-1514.195	0	-1514.195	0.6590063
650000	-1405.082	0	-1405.082	0.8122439
650500	-1325.15	0	-1325.15	0.8107281
651000	-1267.152	0	-1267.152	0.8331084
651500	-1362.965	0	-1362.965	0.7475439
652000	-1304.878	0	-1304.878	0.8448126
652500	-1276.825	0	-1276.825	0.8438056
653000	-1373.521	0	-1373.521	0.8284481
653500	-1260.59	0	-1260.59	0.7859175
654000	-1337.144	0	-1337.144	0.7877355
654500	-1294.095	0	-1294.095	0.6794583
655000	-1327.713	0	-1327.713	0.6758824
655500	-1427.734	0	-1427.734	0.7020143
656000	-1333.164	0	-1333.164	0.7855732
656500	-1300.001	0	-1300.001	0.6872403
657000	-1289.031	0	-1289.031	0.7209325
657500	-1348.562	0	-1348.562	0.7261031
658000	-1350.7	0	-1350.7	0.7961613
658500	-1290.104	0	-1290.104	0.7857054
659000	-1358.533	0	-1358.533	0.6985015
659500	-1383.459	0	-1383.459	0.6672446
660000	-1441.359	0	-1441.359	0.6851669
660500	-1425.736	0	-1425.736	0.7083634
661000	-1372.751	0	-1372.751	0.7692896
661500	-1366.502	0	-1366.502	0.7445395
662000	-1413.35	0	-1413.35	0.6388418
662500	-1434.287	0	-1434.287	0.6846114
663000	-1416.12	0	-1416.12	0.7960625
663500	-1446.968	0	-1446.968	0.7732608
664000	-1368.367	0	-1368.367	0.7886783
664500	-1400.962	0	-1400.962	0.7815867
665000	-1444.623	0	-1444.623	0.798518
665500	-1431.558	0	-1431.558	0.8389548
666000	-1423.454	0	-1423.454	0.8545098
666500	-1414.742	0	-1414.742	0.8216419
667000	-1383.786	0	-1383.786	0.8246224
667500	-1427.757	0	-1427.757	0.7162966
668000	-1518.604	0	-1518.604	0.6203987
668500	-1493.506	0	-1493.506	0.5469097
669000	-1504.485	0	-1504.485	0.6115937
669500	-1462.501	0	-1462.501	0.6536634
670000	-1516.713	0	-1516.713	0.6171939
670500	-1333.34	0	-1333.34	0.6522487
671000	-1362.418	0	-1362.418	0.6474645
671500	-1416.666	0	-1416.666	0.6354059
672000	-1532.864	0	-1532.864	0.4552656
672500	-1528.364	0	-1528.364	0.5874205
673000	-1417.13	0	-1417.13	0.6514238
673500	-1357.098	0	-1357.098	0.6292413
674000	-1359.002	0	-1359.002	0.6715301
674500	-1371.608	0	-1371.608	0.6827865
675000	-1414.19	0	-1414.19	0.6925807
675500	-1491.445	0	-1491.445	0.6202501
676000	-1369.002	0	-1369.002	0.6704563
676500	-1423.284	0	-1423.284	0.63444
677000	-1471.741	0	-1471.741	0.5701246
677500	-1514.495	0	-1514.495	0.5497126
678000	-1491.849	0	-1491.849	0.5864477
678500	-1384.355	0	-1384.355	0.6595646
679000	-1408.021	0	-1408.021	0.6087207
679500	-1507.91	0	-1507.91	0.6668669
680000	-1533.71	0	-1533.71	0.6783875
680500	-1539.604	0	-1539.604	0.6766212
681000	-1482.576	0	-1482.576	0.6579993
681500	-1516.776	0	-1516.776	0.493997
682000	-1477.266	0	-1477.266	0.6618578
682500	-1433.73	0	-1433.73	0.7118515
683000	-1527.19	0	-1527.19	0.6732588
683500	-1509.384	0	-1509.384	0.5741507
684000	-1431.898	0	-1431.898	0.5175721
684500	-1464.784	0	-1464.784	0.6018519
685000	-1406.433	0	-1406.433	0.4667811
685500	-1363.044	0	-1363.044	0.6198343
686000	-1494.419	0	-1494.419	0.5257868
686500	-1475.735	0	-1475.735	0.6913443
687000	-1418.27	0	-1418.27	0.6395966
687500	-1433.578	0	-1433.578	0.5166706
688000	-1413.432	0	-1413.432	0.5835115
688500	-1459.74	0	-1459.74	0.6428395
689000	-1426.644	0	-1426.644	0.6176219
689500	-1488.574	0	-1488.574	0.4518418
690000	-1456.913	0	-1456.913	0.6250659
690500	-1487.816	0	-1487.816	0.4473767
691000	-1515.732	0	-1515.732	0.4847118
691500	-1559.297	0	-1559.297	0.5921186
692000	-1595.846	0	-1595.846	0.4722924
692500	-1500.746	0	-1500.746	0.3959773
693000	-1584.001	0	-1584.001	0.2284133
693500	-1544.454	0	-1544.454	0.5505037
694000	-1543.18	0	-1543.18	0.4591833
694500	-1553.815	0	-1553.815	0.5145816
695000	-1444.716	0	-1444.716	0.692189
695500	-1485.139	0	-1485.139	0.5737615
696000	-1565.296	0	-1565.296	0.4640142
696500	-1460.832	0	-1460.832	0.6400616
697000	-1459.539	0	-1459.539	0.7511422
697500	-1502.638	0	-1502.638	0.7709245
698000	-1499.818	0	-1499.818	0.7351993
698500	-1552.924	0	-1552.924	0.667371
699000	-1541.816	0	-1541.816	0.6547355
699500	-1593.984	0	-1593.984	0.6129421
700000	-1473.026	0	-1473.026	0.6709458
700500	-1459.028	0	-1459.028	0.6260902
701000	-1401.786	0	-1401.786	0.6183903
701500	-1414.222	0	-1414.222	0.5560432
702000	-1436.161	0	-1436.161	0.6716995
702500	-1383.996	0	-1383.996	0.7858692
703000	-1323.568	0	-1323.568	0.8068026
703500	-1336.439	0	-1336.439	0.8220816
704000	-1395.394	0	-1395.394	0.8135952
704500	-1409.203	0	-1409.203	0.7895126
705000	-1459.05	0	-1459.05	0.6917383
705500	-1358.475	0	-1358.475	0.7354784
706000	-1473.901	0	-1473.901	0.6095484
706500	-1446.116	0	-1446.116	0.50297
707000	-1453.863	0	-1453.863	0.5937174
707500	-1447.036	0	-1447.036	0.3962703
708000	-1407.585	0	-1407.585	0.4178697
708500	-1418.271	0	-1418.271	0.5045059
709000	-1391.27	0	-1391.27	0.5293129
709500	-1382.596	0	-1382.596	0.5073251
710000	-1379.373	0	-1379.373	0.4688666
710500	-1443.213	0	-1443.213	0.4142631
711000	-1468.089	0	-1468.089	0.4501356
711500	-1440.349	0	-1440.349	0.4994563
712000	-1387.605	0	-1387.605	0.5258764
712500	-1377.487	0	-1377.487	0.5743685
713000	-1422.261	0	-1422.261	0.5689154
713500	-1446.727	0	-1446.727	0.5730691
714000	-1411.643	0	-1411.643	0.6221176
714500	-1423.04	0	-1423.04	0.7061409
715000	-1492.863	0	-1492.863	0.7316763
715500	-1592.167	0	-1592.167	0.4591541
716000	-1466.262	0	-1466.262	0.4961389
716500	-1436.367	0	-1436.367	0.5951431
717000	-1434.776	0	-1434.776	0.5316365
717500	-1352.486	0	-1352.486	0.7048748
718000	-1409.644	0	-1409.644	0.6685327
718500	-1429.145	0	-1429.145	0.4972247
719000	-1544.634	0	-1544.634	0.4275852
719500	-1450.018	0	-1450.018	0.6498553
720000	-1444.62	0	-1444.62	0.7291978
720500	-1494.277	0	-1494.277	0.6654301
721000	-1454.427	0	-1454.427	0.5979068
721500	-1448.788	0	-1448.788	0.6418341
722000	-1466.164	0	-1466.164	0.7362531
722500	-1511.329	0	-1511.329	0.5367945
723000	-1381.955	0	-1381.955	0.7418955
723500	-1401.612	0	-1401.612	0.8638539
724000	-1567.332	0	-1567.332	0.6569594
724500	-1485.488	0	-1485.488	0.8010836
725000	-1511.518	0	-1511.518	0.6335081
725500	-1464.205	0	-1464.205	0.5787235
726000	-1513.411	0	-1513.411	0.5835887
726500	-1528.016	0	-1528.016	0.5615845
727000	-1536.952	0	-1536.952	0.669507
727500	-1453.111	0	-1453.111	0.6611261
728000	-1375.202	0	-1375.202	0.766641
728500	-1477.525	0	-1477.525	0.6113253
729000	-1430.83	0	-1430.83	0.6069804
729500	-1364.992	0	-1364.992	0.6703817
730000	-1388.213	0	-1388.213	0.7502334
730500	-1461.338	0	-1461.338	0.7504021
731000	-1473.617	0	-1473.617	0.6905111
731500	-1434.492	0	-1434.492	0.7497774
732000	-1408.981	0	-1408.981	0.7174565
732500	-1426.361	0	-1426.361	0.6976123
733000	-1347.911	0	-1347.911	0.6309598
733500	-1487.876	0	-1487.876	0.5739891
734000	-1398.532	0	-1398.532	0.7064075
734500	-1465.615	0	-1465.615	0.7384088
735000	-1524.458	0	-1524.458	0.6994531
735500	-1526.825	0	-1526.825	0.7010814
736000	-1526.534	0	-1526.534	0.6358355
736500	-1536.295	0	-1536.295	0.6779561
737000	-1532.478	0	-1532.478	0.6920271
737500	-1512.759	0	-1512.759	0.7018649
738000	-1473.651	0	-1473.651	0.7850896
738500	-1382.558	0	-1382.558	0.7671128
739000	-1376.71	0	-1376.71	0.749149
739500	-1442.674	0	-1442.674	0.7927909
740000	-1387.663	0	-1387.663	0.7679658
740500	-1363.27	0	-1363.27	0.7544222
741000	-1384.824	0	-1384.824	0.760699
741500	-1251.948	0	-1251.948	0.8024256
742000	-1281.755	0	-1281.755	0.8288786
742500	-1395.933	0	-1395.933	0.8362238
743000	-1576.676	0	-1576.676	0.6663582
743500	-1471.827	0	-1471.827	0.681297
744000	-1434.689	0	-1434.689	0.6747159
744500	-1492.55	0	-1492.55	0.4750644
745000	-1427.138	0	-1427.138	0.723556
745500	-1424.598	0	-1424.598	0.7273002
746000	-1471.028	0	-1471.028	0.5482926
746500	-1474.8	0	-1474.8	0.6097342
747000	-1387.703	0	-1387.703	0.5568021
747500	-1402.527	0	-1402.527	0.6875561
748000	-1277.984	0	-1277.984	0.7499248
748500	-1357.97	0	-1357.97	0.7415545
749000	-1388.373	0	-1388.373	0.7340841
749500	-1456.09	0	-1456.09	0.7240236
750000	-1475.806	0	-1475.806	0.7012248
750500	-1348.986	0	-1348.986	0.6640604
751000	-1303.078	0	-1303.078	0.7408142
751500	-1379.447	0	-1379.447	0.712869
752000	-1433.072	0	-1433.072	0.736219
752500	-1365.223	0	-1365.223	0.6439307
753000	-1338.315	0	-1338.315	0.7039541
753500	-1355.432	0	-1355.432	0.7183137
754000	-1419.775	0	-1419.775	0.7410835
754500	-1315.265	0	-1315.265	0.7433097
755000	-1372.817	0	-1372.817	0.6833441
755500	-1364.498	0	-1364.498	0.7911495
756000	-1400.207	0	-1400.207	0.6959282
756500	-1433.963	0	-1433.963	0.7264531
757000	-1425.118	0	-1425.118	0.6701499
757500	-1364.8	0	-1364.8	0.6590649
758000	-1405.717	0	-1405.717	0.6720939
758500	-1381.555	0	-1381.555	0.6658741
759000	-1469.058	0	-1469.058	0.7178302
759500	-1447.5	0	-1447.5	0.549467
760000	-1381.465	0	-1381.465	0.4952284
760500	-1397.719	0	-1397.719	0.620994
761000	-1482.513	0	-1482.513	0.571027
761500	-1464.072	0	-1464.072	0.5468664
762000	-1464.737	0	-1464.737	0.6440311
762500	-1421.606	0	-1421.606	0.7293853
763000	-1479.132	0	-1479.132	0.6665753
763500	-1435.029	0	-1435.029	0.7160929
764000	-1374.42	0	-1374.42	0.6159065
764500	-1374.331	0	-1374.331	0.5407133
765000	-1365.001	0	-1365.001	0.5246546
765500	-1366.122	0	-1366.122	0.4731438
766000	-1451.875	0	-1451.875	0.4776965
766500	-1489.819	0	-1489.819	0.2765884
767000	-1469.426	0	-1469.426	0.4349448
767500	-1497.193	0	-1497.193	0.6074785
768000	-1539.607	0	-1539.607	0.6397357
768500	-1507.057	0	-1507.057	0.3859936
769000	-1473.893	0	-1473.893	0.5459869
769500	-1445.009	0	-1445.009	0.6274473
770000	-1459.641	0	-1459.641	0.5789874
770500	-1373.44	0	-1373.44	0.4949425
771000	-1338.323	0	-1338.323	0.5743427
771500	-1321.53	0	-1321.53	0.4889094
772000	-1422.317	0	-1422.317	0.5212595
772500	-1409.198	0	-1409.198	0.5508925
773000	-1507.042	0	-1507.042	0.4998315
773500	-1468.651	0	-1468.651	0.6857574
774000	-1327.327	0	-1327.327	0.6537166
774500	-1484.193	0	-1484.193	0.4577079
775000	-1491.612	0	-1491.612	0.5937952
775500	-1496.825	0	-1496.825	0.5154801
776000	-1591.339	0	-1591.339	0.4824892
776500	-1524.119	0	-1524.119	0.4180056
777000	-1503.592	0	-1503.592	0.4924988
777500	-1530.655	0	-1530.655	0.4183238
778000	-1431.725	0	-1431.725	0.6325372
778500	-1431.075	0	-1431.075	0.5581422
779000	-1344.389	0	-1344.389	0.6839163
779500	-1465.322	0	-1465.322	0.3618947
780000	-1401.882	0	-1401.882	0.3926134
780500	-1342.619	0	-1342.619	0.06728865
781000	-1393.831	0	-1393.831	0.2462876
781500	-1409.395	0	-1409.395	0.143378
782000	-1321.54	0	-1321.54	0.297987
782500	-1352.02	0	-1352.02	0.1621312
783000	-1425.817	0	-1425.817	0.3266738
783500	-1453.748	0	-1453.748	0.4520052
784000	-1470.211	0	-1470.211	0.6489874
784500	-1358.743	0	-1358.743	0.6082819
785000	-1305.892	0	-1305.892	0.656122
785500	-1287.276	0	-1287.276	0.6565671
786000	-1272.787	0	-1272.787	0.5786897
786500	-1246.415	0	-1246.415	0.5414911
787000	-1263.577	0	-1263.577	0.4026677
787500	-1313.076	0	-1313.076	0.3128421
788000	-1302.226	0	-1302.226	0.349141
788500	-1285.624	0	-1285.624	0.4757862
789000	-1293.141	0	-1293.141	0.4427283
789500	-1304.953	0	-1304.953	0.3989701
790000	-1276.33	0	-1276.33	0.4229204
790500	-1292.124	0	-1292.124	0.3464747
791000	-1288.756	0	-1288.756	0.3904564
791500	-1308.707	0	-1308.707	0.4933567
792000	-1348.659	0	-1348.659	0.582165
792500	-1297.188	0	-1297.188	0.5748761
793000	-1232.382	0	-1232.382	0.5824998
793500	-1165.577	0	-1165.577	0.6195345
794000	-1371.518	0	-1371.518	0.6470133
794500	-1329.94	0	-1329.94	0.7339489
795000	-1324.351	0	-1324.351	0.7390924
795500	-1381.968	0	-1381.968	0.7093222
796000	-1438.354	0	-1438.354	0.7498878
796500	-1350.722	0	-1350.722	0.7244857
797000	-1417.537	0	-1417.537	0.6775587
797500	-1352.637	0	-1352.637	0.6814401
798000	-1487.466	0	-1487.466	0.6359062
798500	-1441.371	0	-1441.371	0.671263
799000	-1262.797	0	-1262.797	0.7345778
799500	-1341.006	0	-1341.006	0.8189009
800000	-1282.678	0	-1282.678	0.7907949
800500	-1331.09	0	-1331.09	0.8059737
801000	-1300.413	0	-1300.413	0.7858368
801500	-1342.664	0	-1342.664	0.6953879
802000	-1327.79	0	-1327.79	0.6412767
802500	-1433.981	0	-1433.981	0.5769887
803000	-1423.577	0	-1423.577	0.5965869
803500	-1517.683	0	-1517.683	0.560013
804000	-1545.678	0	-1545.678	0.5592852
804500	-1535.129	0	-1535.129	0.5994035
805000	-1535.43	0	-1535.43	0.5663679
805500	-1533.743	0	-1533.743	0.566123
806000	-1544.845	0	-1544.845	0.6430725
806500	-1557.972	0	-1557.972	0.5366319
807000	-1565.908	0	-1565.908	0.6225833
807500	-1626.736	0	-1626.736	0.461527
808000	-1541.997	0	-1541.997	0.621781
808500	-1549.148	0	-1549.148	0.5294824
809000	-1517.26	0	-1517.26	0.71233
809500	-1498.861	0	-1498.861	0.4860805
810000	-1484.423	0	-1484.423	0.6492727
810500	-1462.658	0	-1462.658	0.6749992
811000	-1485.606	0	-1485.606	0.7377873
811500	-1397.317	0	-1397.317	0.8787901
812000	-1368.795	0	-1368.795	0.8863137
812500	-1400.868	0	-1400.868	0.784433
813000	-1402.315	0	-1402.315	0.7367785
813500	-1404.826	0	-1404.826	0.7357051
814000	-1421.243	0	-1421.243	0.6324063
814500	-1403.09	0	-1403.09	0.6669834
815000	-1418.796	0	-1418.796	0.7081642
815500	-1450.736	0	-1450.736	0.6982871
816000	-1421.045	0	-1421.045	0.4522247
816500	-1432.951	0	-1432.951	0.5997389
817000	-1396.763	0	-1396.763	0.5206422
817500	-1457.422	0	-1457.422	0.4237699
818000	-1443.82	0	-1443.82	0.4387772
818500	-1437.435	0	-1437.435	0.4725881
819000	-1552.583	0	-1552.583	0.3119772
819500	-1555.915	0	-1555.915	0.2624879
820000	-1497.806	0	-1497.806	0.1848612
820500	-1445.556	0	-1445.556	0.3052925
821000	-1468.864	0	-1468.864	0.403446
821500	-1474.255	0	-1474.255	0.3808345
822000	-1435.971	0	-1435.971	0.3750226
822500	-1421.357	0	-1421.357	0.4094852
823000	-1492.619	0	-1492.619	0.5558268
823500	-1555.569	0	-1555.569	0.4076105
824000	-1524.719	0	-1524.719	0.4226933
824500	-1350.121	0	-1350.121	0.4476797
825000	-1415.517	0	-1415.517	0.4606337
825500	-1404.029	0	-1404.029	0.3074221
826000	-1495.528	0	-1495.528	0.5946465
826500	-1506.896	0	-1506.896	0.5128711
827000	-1421.377	0	-1421.377	0.5838773
827500	-1458.546	0	-1458.546	0.6511644
828000	-1386.183	0	-1386.183	0.6327177
828500	-1349.074	0	-1349.074	0.6690584
829000	-1469.567	0	-1469.567	0.6716372
829500	-1401.013	0	-1401.013	0.6739675
830000	-1404.568	0	-1404.568	0.5267458
830500	-1390.964	0	-1390.964	0.526401
831000	-1452.214	0	-1452.214	0.3244135
831500	-1479.893	0	-1479.893	0.414721
832000	-1423.168	0	-1423.168	0.3740919
832500	-1490.358	0	-1490.358	0.3748172
833000	-1541.172	0	-1541.172	0.485037
833500	-1601.174	0	-1601.174	0.5418636
834000	-1486.165	0	-1486.165	0.5984285
834500	-1458.84	0	-1458.84	0.6592106
835000	-1519.483	0	-1519.483	0.5933588
835500	-1525.641	0	-1525.641	0.6699376
836000	-1511.827	0	-1511.827	0.650267
836500	-1390.262	0	-1390.262	0.7767296
837000	-1374.841	0	-1374.841	0.8021146
837500	-1377.393	0	-1377.393	0.7083
838000	-1351.271	0	-1351.271	0.7939858
838500	-1463.269	0	-1463.269	0.7966074
839000	-1472.536	0	-1472.536	0.7491541
839500	-1422.365	0	-1422.365	0.6761777
840000	-1416.66	0	-1416.66	0.6513553
840500	-1399.398	0	-1399.398	0.6820802
841000	-1450.521	0	-1450.521	0.6574166
841500	-1498.085	0	-1498.085	0.6889168
842000	-1516.575	0	-1516.575	0.5143451
842500	-1482.885	0	-1482.885	0.6753948
843000	-1483.762	0	-1483.762	0.748036
843500	-1461.453	0	-1461.453	0.7573259
844000	-1429.661	0	-1429.661	0.7436189
844500	-1478.391	0	-1478.391	0.6482281
845000	-1459.056	0	-1459.056	0.8059643
845500	-1467.705	0	-1467.705	0.7284409
846000	-1526.892	0	-1526.892	0.722219
846500	-1499.168	0	-1499.168	0.7243413
847000	-1456.157	0	-1456.157	0.7602291
847500	-1499.681	0	-1499.681	0.6102088
848000	-1573.004	0	-1573.004	0.5913735
848500	-1521.04	0	-1521.04	0.7313332
849000	-1500.82	0	-1500.82	0.6974437
849500	-1512.303	0	-1512.303	0.592398
850000	-1534.359	0	-1534.359	0.5669819
850500	-1562.189	0	-1562.189	0.5510142
851000	-1525.812	0	-1525.812	0.4933693
851500	-1488.234	0	-1488.234	0.5202231
852000	-1491.509	0	-1491.509	0.5768719
852500	-1409.522	0	-1409.522	0.5443457
853000	-1509.327	0	-1509.327	0.4652752
853500	-1477.773	0	-1477.773	0.6127557
854000	-1522.477	0	-1522.477	0.5123992
854500	-1484.313	0	-1484.313	0.5909278
855000	-1417.56	0	-1417.56	0.6677611
855500	-1414.223	0	-1414.223	0.7379182
856000	-1418.645	0	-1418.645	0.7439134
856500	-1369.157	0	-1369.157	0.7587302
857000	-1464.348	0	-1464.348	0.6550726
857500	-1352.866	0	-1352.866	0.6872555
858000	-1448.107	0	-1448.107	0.5905189
858500	-1470.241	0	-1470.241	0.6151659
859000	-1450.527	0	-1450.527	0.6434242
859500	-1494.792	0	-1494.792	0.5684672
860000	-1503.345	0	-1503.345	0.5417002
860500	-1420.96	0	-1420.96	0.5500135
861000	-1396.723	0	-1396.723	0.394741
861500	-1344.803	0	-1344.803	0.5059381
862000	-1378.875	0	-1378.875	0.4120022
862500	-1426.472	0	-1426.472	0.3757325
863000	-1421.378	0	-1421.378	0.4003054
863500	-1407.482	0	-1407.482	0.4828647
864000	-1460.616	0	-1460.616	0.5028609
864500	-1352.331	0	-1352.331	0.4810797
865000	-1411.033	0	-1411.033	0.3518524
865500	-1510.612	0	-1510.612	0.4698828
866000	-1384.582	0	-1384.582	0.4897026
866500	-1415.462	0	-1415.462	0.4388745
867000	-1482.639	0	-1482.639	0.5001456
867500	-1520.467	0	-1520.467	0.3665779
868000	-1478.399	0	-1478.399	0.3034754
868500	-1525.707	0	-1525.707	0.2142584
869000	-1482.95	0	-1482.95	0.4467376
869500	-1386.777	0	-1386.777	0.5033429
870000	-1397.704	0	-1397.704	0.4582618
870500	-1401.604	0	-1401.604	0.4429271
871000	-1426.234	0	-1426.234	0.3713986
871500	-1347.816	0	-1347.816	0.4557477
872000	-1450.342	0	-1450.342	0.4506861
872500	-1427.166	0	-1427.166	0.5903277
873000	-1420.242	0	-1420.242	0.6627347
873500	-1447.589	0	-1447.589	0.6047388
874000	-1459.261	0	-1459.261	0.5976366
874500	-1516.079	0	-1516.079	0.5296898
875000	-1536.204	0	-1536.204	0.5951856
875500	-1497.311	0	-1497.311	0.5283992
876000	-1413.647	0	-1413.647	0.6419772
876500	-1450.506	0	-1450.506	0.6857238
877000	-1315.198	0	-1315.198	0.7396638
877500	-1402.438	0	-1402.438	0.7685313
878000	-1398.602	0	-1398.602	0.6908004
878500	-1400.951	0	-1400.951	0.7189433
879000	-1322.273	0	-1322.273	0.7516122
879500	-1339.349	0	-1339.349	0.7717932
880000	-1381.196	0	-1381.196	0.7124134
880500	-1320.292	0	-1320.292	0.8181836
881000	-1345.031	0	-1345.031	0.7656198
881500	-1315.622	0	-1315.622	0.8121277
882000	-1361.424	0	-1361.424	0.7361986
882500	-1397.339	0	-1397.339	0.6492126
883000	-1402.173	0	-1402.173	0.721104
883500	-1495.976	0	-1495.976	0.7380787
884000	-1423.843	0	-1423.843	0.6541392
884500	-1343.394	0	-1343.394	0.667416
885000	-1375.047	0	-1375.047	0.657484
885500	-1436.636	0	-1436.636	0.6630916
886000	-1452.445	0	-1452.445	0.7368038
886500	-1444.574	0	-1444.574	0.6969005
887000	-1462.119	0	-1462.119	0.6877699
887500	-1553.473	0	-1553.473	0.6422362
888000	-1431.219	0	-1431.219	0.6731105
888500	-1530.714	0	-1530.714	0.6604367
889000	-1451.077	0	-1451.077	0.7225312
889500	-1417.26	0	-1417.26	0.7821028
890000	-1452.168	0	-1452.168	0.7889215
890500	-1414.771	0	-1414.771	0.7588238
891000	-1368.702	0	-1368.702	0.7456772
891500	-1429.07	0	-1429.07	0.6969923
892000	-1545.016	0	-1545.016	0.4899117
892500	-1540.793	0	-1540.793	0.5545156
893000	-1508.937	0	-1508.937	0.4805048
893500	-1422.148	0	-1422.148	0.5215797
894000	-1439.874	0	-1439.874	0.4441332
894500	-1524.114	0	-1524.114	0.3374144
895000	-1497.512	0	-1497.512	0.3234754
895500	-1487.357	0	-1487.357	0.4705343
896000	-1458.995	0	-1458.995	0.4376727
896500	-1473.149	0	-1473.149	0.4906984
897000	-1498.151	0	-1498.151	0.583292
897500	-1581.61	0	-1581.61	0.5497331
898000	-1581.758	0	-1581.758	0.4315017
898500	-1597.423	0	-1597.423	0.5520232
899000	-1566.013	0	-1566.013	0.5601593
899500	-1512.851	0	-1512.851	0.6486593
900000	-1524.741	0	-1524.741	0.6392574
900500	-1602.903	0	-1602.903	0.501461
901000	-1493.016	0	-1493.016	0.5406127
901500	-1552.761	0	-1552.761	0.5445085
902000	-1540.764	0	-1540.764	0.2959664
902500	-1542.152	0	-1542.152	0.2863364
903000	-1597.648	0	-1597.648	0.2754888
903500	-1673.823	0	-1673.823	0.356046
904000	-1605.208	0	-1605.208	0.6008173
904500	-1596.788	0	-1596.788	0.3797113
905000	-1521.023	0	-1521.023	0.3777901
905500	-1450.924	0	-1450.924	0.1946035
906000	-1468.345	0	-1468.345	0.2303368
906500	-1504.817	0	-1504.817	0.3216391
907000	-1454.358	0	-1454.358	0.5316071
907500	-1487.964	0	-1487.964	0.6209045
908000	-1476.631	0	-1476.631	0.7439208
908500	-1445.401	0	-1445.401	0.7175499
909000	-1498.532	0	-1498.532	0.8173701
909500	-1470.697	0	-1470.697	0.5981742
910000	-1521.716	0	-1521.716	0.7081991
910500	-1587.485	0	-1587.485	0.6892467
911000	-1505.293	0	-1505.293	0.8419865
911500	-1452.445	0	-1452.445	0.8103513
912000	-1443.857	0	-1443.857	0.7911068
912500	-1551.925	0	-1551.925	0.578876
913000	-1440.457	0	-1440.457	0.6965308
913500	-1529.457	0	-1529.457	0.5945123
914000	-1461.604	0	-1461.604	0.6250408
914500	-1382.764	0	-1382.764	0.7859111
915000	-1413.599	0	-1413.599	0.6986487
915500	-1397.693	0	-1397.693	0.7947057
916000	-1433.039	0	-1433.039	0.736074
916500	-1388.734	0	-1388.734	0.743415
917000	-1424.597	0	-1424.597	0.7240891
917500	-1479.434	0	-1479.434	0.7266171
918000	-1515.975	0	-1515.975	0.4663296
918500	-1519.06	0	-1519.06	0.4040301
919000	-1457.9	0	-1457.9	0.5838251
919500	-1525.581	0	-1525.581	0.3666629
920000	-1528.273	0	-1528.273	0.2834121
920500	-1476.913	0	-1476.913	0.5447607
921000	-1505.224	0	-1505.224	0.5146407
921500	-1496.888	0	-1496.888	0.5053682
922000	-1446	0	-1446	0.5567607
922500	-1497.59	0	-1497.59	0.5967409
923000	-1446.812	0	-1446.812	0.6818907
923500	-1338.013	0	-1338.013	0.6590784
924000	-1365.629	0	-1365.629	0.7069603
924500	-1424.473	0	-1424.473	0.5955296
925000	-1353.844	0	-1353.844	0.7017332
925500	-1369.148	0	-1369.148	0.7756941
926000	-1383.916	0	-1383.916	0.7471642
926500	-1399.161	0	-1399.161	0.7938976
927000	-1351.421	0	-1351.421	0.7613418
927500	-1245.409	0	-1245.409	0.7533371
928000	-1268.295	0	-1268.295	0.8202774
928500	-1217.842	0	-1217.842	0.8687814
929000	-1227.03	0	-1227.03	0.8190445
929500	-1246.365	0	-1246.365	0.8190409
930000	-1200.011	0	-1200.011	0.8026398
930500	-1184.752	0	-1184.752	0.7974003
931000	-1265.707	0	-1265.707	0.7963396
931500	-1389.713	0	-1389.713	0.7023018
932000	-1284.498	0	-1284.498	0.7434549
932500	-1275.831	0	-1275.831	0.7616664
933000	-1321.432	0	-1321.432	0.7775902
933500	-1324.674	0	-1324.674	0.8053182
934000	-1365.768	0	-1365.768	0.8034416
934500	-1365.06	0	-1365.06	0.796847
935000	-1333.174	0	-1333.174	0.7655881
935500	-1426.223	0	-1426.223	0.680162
936000	-1491.409	0	-1491.409	0.6892625
936500	-1434.613	0	-1434.613	0.7330429
937000	-1592.696	0	-1592.696	0.5263572
937500	-1504.255	0	-1504.255	0.7249622
938000	-1483.99	0	-1483.99	0.6697497
938500	-1408.284	0	-1408.284	0.6260576
939000	-1408.785	0	-1408.785	0.5867962
939500	-1429.871	0	-1429.871	0.5668307
940000	-1445.889	0	-1445.889	0.4591531
940500	-1457.108	0	-1457.108	0.4025644
941000	-1451.952	0	-1451.952	0.5872402
941500	-1437.373	0	-1437.373	0.6313361
942000	-1488.104	0	-1488.104	0.6591162
942500	-1475.634	0	-1475.634	0.592261
943000	-1463.409	0	-1463.409	0.6950534
943500	-1507.328	0	-1507.328	0.5114019
944000	-1456.474	0	-1456.474	0.6334704
944500	-1524.123	0	-1524.123	0.6526916
945000	-1550.911	0	-1550.911	0.612158
945500	-1527.468	0	-1527.468	0.6369387
946000	-1543.035	0	-1543.035	0.4323116
946500	-1557.916	0	-1557.916	0.5170197
947000	-1548.916	0	-1548.916	0.6163098
947500	-1474.419	0	-1474.419	0.7211983
948000	-1489.422	0	-1489.422	0.6464569
948500	-1501.272	0	-1501.272	0.6135321
949000	-1503.107	0	-1503.107	0.6478968
949500	-1438.593	0	-1438.593	0.6964814
950000	-1560.294	0	-1560.294	0.5004211
950500	-1533.107	0	-1533.107	0.5050363
951000	-1528.277	0	-1528.277	0.4243543
951500	-1534.847	0	-1534.847	0.3736296
952000	-1522.494	0	-1522.494	0.5148615
952500	-1593.247	0	-1593.247	0.4200628
953000	-1583.94	0	-1583.94	0.3563197
953500	-1574.386	0	-1574.386	0.5443828
954000	-1473.883	0	-1473.883	0.6897679
954500	-1575.419	0	-1575.419	0.5372832
955000	-1568.344	0	-1568.344	0.3867084
955500	-1598.18	0	-1598.18	0.2431961
956000	-1633.2	0	-1633.2	0.3084369
956500	-1640.749	0	-1640.749	0.5565979
957000	-1593.021	0	-1593.021	0.6402361
957500	-1556.217	0	-1556.217	0.6892048
958000	-1575.93	0	-1575.93	0.6519126
958500	-1498.161	0	-1498.161	0.6710349
959000	-1515.435	0	-1515.435	0.511173
959500	-1489.073	0	-1489.073	0.6199177
960000	-1427.61	0	-1427.61	0.6609766
960500	-1426.582	0	-1426.582	0.6838716
961000	-1531.039	0	-1531.039	0.4353109
961500	-1477.414	0	-1477.414	0.2579487
962000	-1459.521	0	-1459.521	0.5279417
962500	-1456.874	0	-1456.874	0.5767862
963000	-1484.7	0	-1484.7	0.6385849
963500	-1366.573	0	-1366.573	0.782504
964000	-1408.235	0	-1408.235	0.8277909
964500	-1494.589	0	-1494.589	0.7680534
965000	-1458.331	0	-1458.331	0.6045062
965500	-1493.868	0	-1493.868	0.6716169
966000	-1559.084	0	-1559.084	0.5291045
966500	-1564.568	0	-1564.568	0.585893
967000	-1469.465	0	-1469.465	0.7471269
967500	-1446.459	0	-1446.459	0.6227341
968000	-1431.874	0	-1431.874	0.6434415
968500	-1423.845	0	-1423.845	0.7665938
969000	-1474.891	0	-1474.891	0.7100193
969500	-1480.141	0	-1480.141	0.5997197
970000	-1429.765	0	-1429.765	0.5444833
970500	-1554.742	0	-1554.742	0.3780591
971000	-1469.942	0	-1469.942	0.3541332
971500	-1436.133	0	-1436.133	0.5680898
972000	-1525.654	0	-1525.654	0.4579523
972500	-1479.283	0	-1479.283	0.5293019
973000	-1476.46	0	-1476.46	0.6039275
973500	-1475.697	0	-1475.697	0.5591542
974000	-1519.399	0	-1519.399	0.6631966
974500	-1535.959	0	-1535.959	0.5553414
975000	-1511.77	0	-1511.77	0.6096742
975500	-1479.269	0	-1479.269	0.6821589
976000	-1518.945	0	-1518.945	0.5586125
976500	-1522.206	0	-1522.206	0.6737559
977000	-1558.359	0	-1558.359	0.4223659
977500	-1480.721	0	-1480.721	0.5148588
978000	-1528.946	0	-1528.946	0.2601312
978500	-1574.79	0	-1574.79	0.500101
979000	-1498.423	0	-1498.423	0.4187212
979500	-1520.459	0	-1520.459	0.4305601
980000	-1466.903	0	-1466.903	0.3847452
980500	-1468.619	0	-1468.619	0.5489337
981000	-1486.089	0	-1486.089	0.4714693
981500	-1542.882	0	-1542.882	0.4695189
982000	-1410.131	0	-1410.131	0.4137115
982500	-1449.644	0	-1449.644	0.5616666
983000	-1415.199	0	-1415.199	0.5286995
983500	-1449.644	0	-1449.644	0.2647262
984000	-1518.418	0	-1518.418	0.3414437
984500	-1440.162	0	-1440.162	0.2413757
985000	-1452.683	0	-1452.683	0.3425402
985500	-1476.574	0	-1476.574	0.3624767
986000	-1507.77	0	-1507.77	0.5338988
986500	-1490.885	0	-1490.885	0.5069286
987000	-1599.778	0	-1599.778	0.3302174
987500	-1584.938	0	-1584.938	0.5535643
988000	-1434.846	0	-1434.846	0.5504276
988500	-1473.563	0	-1473.563	0.5439181
989000	-1461.732	0	-1461.732	0.6902433
989500	-1447.722	0	-1447.722	0.6118741
990000	-1462.081	0	-1462.081	0.6699665
990500	-1500.33	0	-1500.33	0.6074115
991000	-1498.612	0	-1498.612	0.5952704
991500	-1535.699	0	-1535.699	0.4001007
992000	-1476.184	0	-1476.184	0.6072855
992500	-1454.821	0	-1454.821	0.5712886
993000	-1377.132	0	-1377.132	0.6189512
993500	-1439.216	0	-1439.216	0.4895967
994000	-1511.056	0	-1511.056	0.5724168
994500	-1465.382	0	-1465.382	0.6393416
995000	-1382	0	-1382	0.6794099
995500	-1329.862	0	-1329.862	0.7732967
996000	-1292.605	0	-1292.605	0.7438892
996500	-1363.029	0	-1363.029	0.6668524
997000	-1483.383	0	-1483.383	0.6580992
997500	-1483.642	0	-1483.642	0.5435596
998000	-1459.421	0	-1459.421	0.6446706
998500	-1470.617	0	-1470.617	0.540481
999000	-1418.322	0	-1418.322	0.5350401
999500	-1387.591	0	-1387.591	0.6082961
1000000	-1338.67	0	-1338.67	0.709561
