Iteration	Posterior	Likelihood	Prior	rho[1][4]
0	-2767.094	0	-2767.094	0.4309482
500	-1833.808	0	-1833.808	0.03263822
1000	-1810.64	0	-1810.64	-0.3213582
1500	-1789.017	0	-1789.017	-0.4081133
2000	-1738.503	0	-1738.503	-0.2645207
2500	-1747.798	0	-1747.798	-0.1731883
3000	-1702.748	0	-1702.748	0.04747226
3500	-1715.047	0	-1715.047	-0.03885297
4000	-1743.436	0	-1743.436	-0.09468911
4500	-1660.366	0	-1660.366	-0.07650553
5000	-1653.002	0	-1653.002	-0.1827714
5500	-1644.417	0	-1644.417	0.05528066
6000	-1671.011	0	-1671.011	-0.100325
6500	-1694.815	0	-1694.815	-0.02005637
7000	-1652.267	0	-1652.267	-0.01556641
7500	-1676.815	0	-1676.815	-0.09616699
8000	-1657.212	0	-1657.212	-0.3497753
8500	-1646.412	0	-1646.412	-0.1490634
9000	-1629.817	0	-1629.817	-0.1333983
9500	-1682.457	0	-1682.457	-0.1622978
10000	-1585.742	0	-1585.742	0.04520044
10500	-1626.512	0	-1626.512	0.1375955
11000	-1649.935	0	-1649.935	-0.1219129
11500	-1611	0	-1611	-0.2660192
12000	-1647.121	0	-1647.121	-0.207569
12500	-1637.222	0	-1637.222	-0.1447925
13000	-1634.307	0	-1634.307	-0.2125308
13500	-1710.281	0	-1710.281	-0.1236683
14000	-1641.434	0	-1641.434	-0.05734612
14500	-1633.002	0	-1633.002	-0.1874929
15000	-1654.661	0	-1654.661	-0.2021992
15500	-1672.531	0	-1672.531	-0.2301762
16000	-1570.103	0	-1570.103	-0.02743052
16500	-1599.341	0	-1599.341	0.004901729
17000	-1498.971	0	-1498.971	-0.05704006
17500	-1543.947	0	-1543.947	-0.3498144
18000	-1559.423	0	-1559.423	-0.1413997
18500	-1625.698	0	-1625.698	-0.1637019
19000	-1595.907	0	-1595.907	-0.1651109
19500	-1597.718	0	-1597.718	-0.2381619
20000	-1628.388	0	-1628.388	-0.1695903
20500	-1598.409	0	-1598.409	-0.08636375
21000	-1615.475	0	-1615.475	-0.01145309
21500	-1600.019	0	-1600.019	0.1035578
22000	-1607.516	0	-1607.516	0.05733109
22500	-1651.162	0	-1651.162	-0.2538372
23000	-1562.768	0	-1562.768	-0.08067053
23500	-1543.11	0	-1543.11	-0.08442439
24000	-1500.023	0	-1500.023	-0.1355211
24500	-1529.498	0	-1529.498	-0.1350896
25000	-1528.523	0	-1528.523	-0.05609989
25500	-1566.233	0	-1566.233	0.015034
26000	-1565.615	0	-1565.615	-0.1385925
26500	-1536.912	0	-1536.912	-0.08008874
27000	-1596.738	0	-1596.738	-0.2332275
27500	-1520.693	0	-1520.693	-0.2268621
28000	-1574.362	0	-1574.362	-0.1293074
28500	-1593.069	0	-1593.069	0.02057722
29000	-1568.107	0	-1568.107	0.01902001
29500	-1561.379	0	-1561.379	-0.07474893
30000	-1555.988	0	-1555.988	0.176787
30500	-1586.861	0	-1586.861	0.01104793
31000	-1541.078	0	-1541.078	-0.01947262
31500	-1564.972	0	-1564.972	-0.3002519
32000	-1573.671	0	-1573.671	-0.1728929
32500	-1578.188	0	-1578.188	-0.2759077
33000	-1584.933	0	-1584.933	-0.2174745
33500	-1647.742	0	-1647.742	-0.05113805
34000	-1646.651	0	-1646.651	-0.1854087
34500	-1615.477	0	-1615.477	-0.2913495
35000	-1595.85	0	-1595.85	-0.3456892
35500	-1594.776	0	-1594.776	-0.2779317
36000	-1599.007	0	-1599.007	-0.1482783
36500	-1562.7	0	-1562.7	-0.2825527
37000	-1570.442	0	-1570.442	-0.2790156
37500	-1583.729	0	-1583.729	-0.09155949
38000	-1559.956	0	-1559.956	-0.09837396
38500	-1540.706	0	-1540.706	-0.2144058
39000	-1539.188	0	-1539.188	-0.07912881
39500	-1504.775	0	-1504.775	-0.1164891
40000	-1460.643	0	-1460.643	-0.2576255
40500	-1572.402	0	-1572.402	-0.1655201
41000	-1499.867	0	-1499.867	-0.3473535
41500	-1554.459	0	-1554.459	-0.2668219
42000	-1564.081	0	-1564.081	-0.07355637
42500	-1611.642	0	-1611.642	-0.01308849
43000	-1559.631	0	-1559.631	-0.1274335
43500	-1546.896	0	-1546.896	-0.04453559
44000	-1526.823	0	-1526.823	-0.07246551
44500	-1585.789	0	-1585.789	-0.1208649
45000	-1510.764	0	-1510.764	-0.1181199
45500	-1552.8	0	-1552.8	-0.2683952
46000	-1567.132	0	-1567.132	-0.02051474
46500	-1482.78	0	-1482.78	-0.427707
47000	-1599.632	0	-1599.632	-0.2956294
47500	-1596.586	0	-1596.586	-0.1327941
48000	-1526.387	0	-1526.387	-0.1933758
48500	-1525.308	0	-1525.308	-0.3647549
49000	-1534.618	0	-1534.618	-0.2346486
49500	-1569.467	0	-1569.467	-0.3018619
50000	-1556.234	0	-1556.234	-0.183931
50500	-1469.916	0	-1469.916	-0.2713675
51000	-1534.29	0	-1534.29	-0.3812298
51500	-1504.114	0	-1504.114	-0.4071774
52000	-1494.628	0	-1494.628	-0.4013308
52500	-1423.75	0	-1423.75	-0.2164866
53000	-1422.352	0	-1422.352	-0.2394172
53500	-1437.871	0	-1437.871	-0.2603896
54000	-1502.103	0	-1502.103	-0.2816822
54500	-1542.058	0	-1542.058	-0.3153931
55000	-1519.605	0	-1519.605	-0.3297675
55500	-1447.67	0	-1447.67	-0.2349225
56000	-1543.289	0	-1543.289	-0.1872328
56500	-1538.08	0	-1538.08	-0.1389146
57000	-1481.698	0	-1481.698	-0.03906588
57500	-1452.419	0	-1452.419	-0.330642
58000	-1516.348	0	-1516.348	-0.2655035
58500	-1464.428	0	-1464.428	-0.2173591
59000	-1495.71	0	-1495.71	-0.1187787
59500	-1498.938	0	-1498.938	-0.1700953
60000	-1543.473	0	-1543.473	-0.2225835
60500	-1552.617	0	-1552.617	-0.3568251
61000	-1488.325	0	-1488.325	-0.1234328
61500	-1533.475	0	-1533.475	-0.1458548
62000	-1584.346	0	-1584.346	-0.1505384
62500	-1651.285	0	-1651.285	-0.05463624
63000	-1591.337	0	-1591.337	-0.1336241
63500	-1558.035	0	-1558.035	-0.1535957
64000	-1597.553	0	-1597.553	-0.02749292
64500	-1473.305	0	-1473.305	0.1418046
65000	-1482.464	0	-1482.464	0.0231287
65500	-1446.76	0	-1446.76	-0.2425575
66000	-1465.381	0	-1465.381	-0.1120126
66500	-1480.667	0	-1480.667	-0.1033984
67000	-1529.438	0	-1529.438	0.00568836
67500	-1488.075	0	-1488.075	0.1204703
68000	-1564.566	0	-1564.566	-0.05904348
68500	-1530.018	0	-1530.018	-0.1001638
69000	-1541.108	0	-1541.108	-0.2827691
69500	-1574.823	0	-1574.823	-0.3982865
70000	-1598.121	0	-1598.121	-0.260772
70500	-1502.014	0	-1502.014	-0.240238
71000	-1518.647	0	-1518.647	-0.2665492
71500	-1571.351	0	-1571.351	-0.3161495
72000	-1611.153	0	-1611.153	-0.1925239
72500	-1635.57	0	-1635.57	-0.1303595
73000	-1619.849	0	-1619.849	-0.2972759
73500	-1610.561	0	-1610.561	-0.269249
74000	-1558.767	0	-1558.767	-0.2765036
74500	-1591.135	0	-1591.135	-0.346061
75000	-1582.095	0	-1582.095	-0.3526535
75500	-1563.908	0	-1563.908	-0.4782413
76000	-1591.598	0	-1591.598	-0.2093247
76500	-1612.722	0	-1612.722	-0.1541107
77000	-1626.31	0	-1626.31	-0.2193461
77500	-1643.625	0	-1643.625	-0.2849574
78000	-1572.136	0	-1572.136	-0.03776632
78500	-1591.45	0	-1591.45	-0.06628002
79000	-1582.214	0	-1582.214	-0.01530609
79500	-1559.972	0	-1559.972	-0.06349973
80000	-1559.02	0	-1559.02	-0.006011294
80500	-1602.434	0	-1602.434	-0.008170264
81000	-1550.711	0	-1550.711	-0.2825563
81500	-1597.551	0	-1597.551	-0.09500055
82000	-1561.884	0	-1561.884	0.05329667
82500	-1516.635	0	-1516.635	-0.08603756
83000	-1492.482	0	-1492.482	-0.124136
83500	-1561.476	0	-1561.476	-0.2491752
84000	-1500.495	0	-1500.495	-0.4868353
84500	-1398.064	0	-1398.064	-0.3433527
85000	-1409.944	0	-1409.944	-0.3943913
85500	-1488.504	0	-1488.504	-0.1068356
86000	-1489.208	0	-1489.208	-0.1991312
86500	-1446.507	0	-1446.507	-0.4340892
87000	-1423.036	0	-1423.036	-0.2977588
87500	-1398.791	0	-1398.791	-0.4062874
88000	-1502.351	0	-1502.351	-0.3066917
88500	-1522.44	0	-1522.44	-0.2602794
89000	-1467.827	0	-1467.827	-0.2237427
89500	-1499.5	0	-1499.5	-0.3020418
90000	-1477.357	0	-1477.357	-0.3531011
90500	-1497.482	0	-1497.482	0.05183925
91000	-1554.161	0	-1554.161	0.04572613
91500	-1542.283	0	-1542.283	-0.1386081
92000	-1496.497	0	-1496.497	-0.1506622
92500	-1458.557	0	-1458.557	-0.1813935
93000	-1487.952	0	-1487.952	-0.1372726
93500	-1505.687	0	-1505.687	-5.310021e-05
94000	-1483.734	0	-1483.734	-0.03895913
94500	-1503.545	0	-1503.545	-0.02917338
95000	-1501.153	0	-1501.153	0.03734338
95500	-1561.039	0	-1561.039	-0.10635
96000	-1520.893	0	-1520.893	0.2077534
96500	-1514.003	0	-1514.003	0.2229004
97000	-1599.651	0	-1599.651	0.2273624
97500	-1624.69	0	-1624.69	0.08397281
98000	-1582.878	0	-1582.878	0.05841934
98500	-1605.536	0	-1605.536	0.03573629
99000	-1585.987	0	-1585.987	0.02360792
99500	-1582.154	0	-1582.154	-0.03762768
100000	-1557.619	0	-1557.619	-0.09322808
100500	-1584.827	0	-1584.827	0.06140305
101000	-1525.727	0	-1525.727	-0.0964821
101500	-1513.413	0	-1513.413	-0.08633435
102000	-1472.612	0	-1472.612	-0.2058643
102500	-1476.373	0	-1476.373	-0.2564815
103000	-1547.857	0	-1547.857	-0.162713
103500	-1529.621	0	-1529.621	-0.07430977
104000	-1598.468	0	-1598.468	-0.07486237
104500	-1502.405	0	-1502.405	-0.123167
105000	-1462.005	0	-1462.005	-0.2127995
105500	-1481.303	0	-1481.303	-0.2418812
106000	-1421.423	0	-1421.423	-0.2339124
106500	-1407.38	0	-1407.38	-0.2272194
107000	-1398.534	0	-1398.534	-0.1658608
107500	-1444.409	0	-1444.409	-0.1836302
108000	-1393.127	0	-1393.127	-0.1762287
108500	-1509.526	0	-1509.526	-0.08604324
109000	-1548.675	0	-1548.675	-0.3254855
109500	-1505.081	0	-1505.081	-0.1919853
110000	-1425.077	0	-1425.077	-0.1717508
110500	-1550.273	0	-1550.273	-0.1542641
111000	-1541.343	0	-1541.343	-0.399938
111500	-1558.843	0	-1558.843	-0.3707311
112000	-1586.068	0	-1586.068	-0.2971331
112500	-1546.372	0	-1546.372	-0.3827375
113000	-1503.11	0	-1503.11	-0.2306867
113500	-1568.408	0	-1568.408	-0.2580554
114000	-1481.407	0	-1481.407	-0.1231572
114500	-1517.522	0	-1517.522	-0.24604
115000	-1535.29	0	-1535.29	-0.2122062
115500	-1532.401	0	-1532.401	-0.3916337
116000	-1451.216	0	-1451.216	-0.3734892
116500	-1463.953	0	-1463.953	-0.4425261
117000	-1560.455	0	-1560.455	-0.2149336
117500	-1578.993	0	-1578.993	-0.3008759
118000	-1495.957	0	-1495.957	-0.2030571
118500	-1438.05	0	-1438.05	-0.3886915
119000	-1465.93	0	-1465.93	-0.1942293
119500	-1527.139	0	-1527.139	-0.3106759
120000	-1485.349	0	-1485.349	-0.1512783
120500	-1501.912	0	-1501.912	-0.1692651
121000	-1493.087	0	-1493.087	-0.1896788
121500	-1421.324	0	-1421.324	-0.3656441
122000	-1414.309	0	-1414.309	-0.2706417
122500	-1497.125	0	-1497.125	-0.3378188
123000	-1554.896	0	-1554.896	-0.3304452
123500	-1485.575	0	-1485.575	-0.14126
124000	-1554.107	0	-1554.107	-0.05934704
124500	-1548.131	0	-1548.131	0.01276595
125000	-1512.675	0	-1512.675	-0.2184324
125500	-1482.373	0	-1482.373	-0.1215164
126000	-1548.01	0	-1548.01	-0.006660917
126500	-1571.544	0	-1571.544	-0.1000177
127000	-1554.398	0	-1554.398	-0.05070119
127500	-1551.961	0	-1551.961	-0.008302319
128000	-1554.542	0	-1554.542	-0.08036705
128500	-1591.598	0	-1591.598	-0.1074421
129000	-1559.032	0	-1559.032	-0.1999626
129500	-1593.937	0	-1593.937	-0.4071718
130000	-1608.297	0	-1608.297	-0.3642943
130500	-1645.97	0	-1645.97	0.02590133
131000	-1603.65	0	-1603.65	-0.164654
131500	-1615.466	0	-1615.466	0.006772381
132000	-1565.89	0	-1565.89	-0.1810737
132500	-1529.354	0	-1529.354	-0.2474244
133000	-1603.217	0	-1603.217	0.05109703
133500	-1624.699	0	-1624.699	-0.3036578
134000	-1624.347	0	-1624.347	-0.2281935
134500	-1592.622	0	-1592.622	-0.1717666
135000	-1556.978	0	-1556.978	-0.2531286
135500	-1533.52	0	-1533.52	-0.2659893
136000	-1584.693	0	-1584.693	-0.2324141
136500	-1514.661	0	-1514.661	-0.1660079
137000	-1521.26	0	-1521.26	-0.3159738
137500	-1562.209	0	-1562.209	-0.2978279
138000	-1542.259	0	-1542.259	-0.2483107
138500	-1511.084	0	-1511.084	-0.06239085
139000	-1517.473	0	-1517.473	-0.2825615
139500	-1532.77	0	-1532.77	-0.03380476
140000	-1559.573	0	-1559.573	-0.193444
140500	-1575.692	0	-1575.692	-0.2566153
141000	-1501.965	0	-1501.965	-0.1620342
141500	-1544.82	0	-1544.82	-0.2591247
142000	-1527.826	0	-1527.826	-0.0916752
142500	-1511.361	0	-1511.361	-0.1061247
143000	-1536.593	0	-1536.593	0.003760671
143500	-1538.373	0	-1538.373	-0.03830402
144000	-1507.194	0	-1507.194	-0.1196151
144500	-1540.988	0	-1540.988	-0.04912726
145000	-1543.632	0	-1543.632	-0.2387262
145500	-1492.345	0	-1492.345	-0.2832436
146000	-1426.123	0	-1426.123	-0.1736326
146500	-1518.416	0	-1518.416	-0.2527965
147000	-1403.523	0	-1403.523	-0.3138406
147500	-1341.267	0	-1341.267	-0.340499
148000	-1351.352	0	-1351.352	-0.354604
148500	-1330.085	0	-1330.085	-0.2508225
149000	-1392.49	0	-1392.49	-0.2664678
149500	-1472.011	0	-1472.011	-0.002956477
150000	-1386.556	0	-1386.556	-0.02458782
150500	-1375.273	0	-1375.273	-0.02522586
151000	-1331.14	0	-1331.14	-0.01563794
151500	-1374.881	0	-1374.881	-0.1110868
152000	-1422.941	0	-1422.941	-0.1026096
152500	-1417.092	0	-1417.092	-0.1073422
153000	-1420.75	0	-1420.75	-0.1955759
153500	-1510.414	0	-1510.414	-0.1656098
154000	-1518.636	0	-1518.636	-0.08634732
154500	-1434.042	0	-1434.042	-0.06751758
155000	-1534.174	0	-1534.174	-0.1094732
155500	-1493.056	0	-1493.056	0.008974521
156000	-1462.638	0	-1462.638	-0.1497641
156500	-1380.806	0	-1380.806	-0.07992684
157000	-1434.5	0	-1434.5	-0.1217209
157500	-1571.854	0	-1571.854	0.1163202
158000	-1583.122	0	-1583.122	-0.08826344
158500	-1539.288	0	-1539.288	0.1593647
159000	-1549.768	0	-1549.768	0.1045222
159500	-1579.969	0	-1579.969	-0.01832714
160000	-1558.83	0	-1558.83	-0.1605695
160500	-1550.534	0	-1550.534	-0.1885779
161000	-1576.92	0	-1576.92	-0.02392006
161500	-1612.745	0	-1612.745	-0.1227928
162000	-1581.721	0	-1581.721	-0.1815246
162500	-1554.724	0	-1554.724	-0.06489902
163000	-1554.291	0	-1554.291	-0.1252688
163500	-1566.075	0	-1566.075	-0.0810125
164000	-1525.514	0	-1525.514	0.04674276
164500	-1557.484	0	-1557.484	0.0557525
165000	-1556.098	0	-1556.098	0.006492731
165500	-1523.742	0	-1523.742	0.1737098
166000	-1551.095	0	-1551.095	-0.1589426
166500	-1512.073	0	-1512.073	-0.1747572
167000	-1497.22	0	-1497.22	-0.08506224
167500	-1523.217	0	-1523.217	-0.1280916
168000	-1557.762	0	-1557.762	0.131347
168500	-1566.671	0	-1566.671	0.2489089
169000	-1500.734	0	-1500.734	-0.02892224
169500	-1556.564	0	-1556.564	-0.1565307
170000	-1603.605	0	-1603.605	-0.06312074
170500	-1534.808	0	-1534.808	-0.1007062
171000	-1475.437	0	-1475.437	0.06469518
171500	-1578.879	0	-1578.879	-0.1416413
172000	-1625.306	0	-1625.306	0.01532804
172500	-1545.411	0	-1545.411	-0.04227018
173000	-1548.13	0	-1548.13	-0.3051205
173500	-1618.875	0	-1618.875	-0.1798357
174000	-1499.596	0	-1499.596	-0.07089648
174500	-1562.269	0	-1562.269	-0.3950114
175000	-1522.557	0	-1522.557	-0.2851815
175500	-1513.236	0	-1513.236	-0.3460152
176000	-1558.512	0	-1558.512	-0.2358355
176500	-1538.929	0	-1538.929	-0.124625
177000	-1537.259	0	-1537.259	-0.2085533
177500	-1487.309	0	-1487.309	-0.2220138
178000	-1476.472	0	-1476.472	-0.3638715
178500	-1470.143	0	-1470.143	-0.3101868
179000	-1457.976	0	-1457.976	-0.3030617
179500	-1465.84	0	-1465.84	-0.2078186
180000	-1497.984	0	-1497.984	-0.2524086
180500	-1543.811	0	-1543.811	-0.2771265
181000	-1535.874	0	-1535.874	-0.2990098
181500	-1540.14	0	-1540.14	-0.4955049
182000	-1508.735	0	-1508.735	-0.440256
182500	-1537.513	0	-1537.513	-0.306846
183000	-1425.236	0	-1425.236	-0.4981221
183500	-1375.113	0	-1375.113	-0.5357823
184000	-1405.347	0	-1405.347	-0.5175911
184500	-1426.221	0	-1426.221	-0.3889461
185000	-1509.98	0	-1509.98	-0.3354554
185500	-1452.523	0	-1452.523	-0.1639469
186000	-1394.714	0	-1394.714	-0.1840502
186500	-1406.863	0	-1406.863	-0.2195186
187000	-1505.39	0	-1505.39	-0.2545464
187500	-1492.933	0	-1492.933	-0.3749124
188000	-1514.26	0	-1514.26	-0.01362059
188500	-1498.848	0	-1498.848	-0.3078516
189000	-1430.135	0	-1430.135	-0.1042356
189500	-1516.118	0	-1516.118	-0.2361344
190000	-1514.803	0	-1514.803	-0.02666741
190500	-1571.475	0	-1571.475	-0.2794792
191000	-1561.111	0	-1561.111	-0.3414868
191500	-1592.096	0	-1592.096	-0.3773849
192000	-1510.999	0	-1510.999	-0.3315405
192500	-1502.731	0	-1502.731	-0.01780988
193000	-1513.768	0	-1513.768	0.01491774
193500	-1419.382	0	-1419.382	-0.3156209
194000	-1415.576	0	-1415.576	-0.3063069
194500	-1413.806	0	-1413.806	-0.1973785
195000	-1315.162	0	-1315.162	-0.2796167
195500	-1326.717	0	-1326.717	-0.3119855
196000	-1353.165	0	-1353.165	-0.2115623
196500	-1469.817	0	-1469.817	-0.1137797
197000	-1497.244	0	-1497.244	-0.0004754771
197500	-1501.646	0	-1501.646	-0.1507074
198000	-1532.878	0	-1532.878	-0.134967
198500	-1558.972	0	-1558.972	-0.2362777
199000	-1581.649	0	-1581.649	-0.1320187
199500	-1505.175	0	-1505.175	-0.1447811
200000	-1485.542	0	-1485.542	-0.2623903
200500	-1556.409	0	-1556.409	-0.2019045
201000	-1536.732	0	-1536.732	-0.09722579
201500	-1506.362	0	-1506.362	-0.2504036
202000	-1562.631	0	-1562.631	-0.2240564
202500	-1583.123	0	-1583.123	0.0727492
203000	-1593.806	0	-1593.806	-0.2763468
203500	-1565.779	0	-1565.779	-0.3465305
204000	-1627.28	0	-1627.28	-0.1894714
204500	-1602.587	0	-1602.587	-0.2253298
205000	-1518.363	0	-1518.363	-0.05139766
205500	-1571.065	0	-1571.065	-0.1793502
206000	-1570.704	0	-1570.704	-0.2644334
206500	-1538.433	0	-1538.433	-0.214912
207000	-1552.134	0	-1552.134	-0.253989
207500	-1563.669	0	-1563.669	-0.2063353
208000	-1516.62	0	-1516.62	-0.205305
208500	-1530.918	0	-1530.918	-0.251249
209000	-1463.456	0	-1463.456	-0.1921763
209500	-1413.331	0	-1413.331	-0.08980167
210000	-1347.447	0	-1347.447	-0.05827019
210500	-1433.145	0	-1433.145	-0.09374111
211000	-1493.399	0	-1493.399	-0.1258214
211500	-1458.234	0	-1458.234	-0.2835303
212000	-1417.314	0	-1417.314	-0.4184755
212500	-1431.333	0	-1431.333	-0.1659583
213000	-1463.545	0	-1463.545	-0.2559268
213500	-1555.623	0	-1555.623	-0.2320063
214000	-1503.549	0	-1503.549	-0.2184438
214500	-1526.65	0	-1526.65	-0.2074102
215000	-1471.445	0	-1471.445	-0.2727827
215500	-1454.577	0	-1454.577	-0.3437807
216000	-1493.184	0	-1493.184	-0.4787246
216500	-1472.969	0	-1472.969	-0.377411
217000	-1521.768	0	-1521.768	-0.2940822
217500	-1473.198	0	-1473.198	-0.4974717
218000	-1402.023	0	-1402.023	-0.3336406
218500	-1454.649	0	-1454.649	-0.394732
219000	-1370.966	0	-1370.966	-0.2559892
219500	-1530.926	0	-1530.926	-0.1992462
220000	-1435.319	0	-1435.319	-0.1545628
220500	-1450.435	0	-1450.435	-0.1104539
221000	-1412.683	0	-1412.683	-0.1184723
221500	-1393.926	0	-1393.926	-0.1254331
222000	-1435.621	0	-1435.621	-0.1661102
222500	-1480.599	0	-1480.599	-0.2063703
223000	-1321.893	0	-1321.893	-0.2423879
223500	-1338.43	0	-1338.43	-0.2348143
224000	-1373.811	0	-1373.811	-0.1967931
224500	-1406.44	0	-1406.44	-0.09553896
225000	-1493.416	0	-1493.416	-0.08300156
225500	-1453.491	0	-1453.491	-0.09959768
226000	-1435.369	0	-1435.369	-0.2940929
226500	-1461.821	0	-1461.821	-0.1278571
227000	-1415.252	0	-1415.252	-0.1672264
227500	-1378.57	0	-1378.57	-0.2070593
228000	-1451.552	0	-1451.552	-0.09004983
228500	-1388.278	0	-1388.278	-0.1745512
229000	-1368.632	0	-1368.632	-0.2261642
229500	-1373.334	0	-1373.334	-0.4076965
230000	-1410.981	0	-1410.981	-0.4271687
230500	-1514.514	0	-1514.514	-0.4564349
231000	-1530.573	0	-1530.573	-0.4162249
231500	-1543.202	0	-1543.202	-0.3007525
232000	-1568.892	0	-1568.892	-0.2128179
232500	-1558.005	0	-1558.005	0.07401666
233000	-1518.313	0	-1518.313	-0.2072381
233500	-1518.884	0	-1518.884	-0.3560506
234000	-1559.058	0	-1559.058	-0.2649917
234500	-1561.389	0	-1561.389	-0.2481113
235000	-1404.137	0	-1404.137	-0.19183
235500	-1437.88	0	-1437.88	0.03642425
236000	-1453.474	0	-1453.474	-0.1037104
236500	-1476.668	0	-1476.668	-0.1893521
237000	-1484.973	0	-1484.973	-0.1835161
237500	-1471.359	0	-1471.359	-0.2835519
238000	-1452.269	0	-1452.269	-0.2677028
238500	-1575.262	0	-1575.262	-0.3769767
239000	-1541.988	0	-1541.988	-0.2384493
239500	-1559.005	0	-1559.005	-0.3171849
240000	-1526.747	0	-1526.747	-0.2191009
240500	-1516.425	0	-1516.425	-0.3449441
241000	-1478.991	0	-1478.991	-0.3508432
241500	-1469.793	0	-1469.793	-0.1849059
242000	-1408.609	0	-1408.609	-0.3065689
242500	-1439.393	0	-1439.393	-0.3421967
243000	-1456.109	0	-1456.109	-0.462041
243500	-1546.751	0	-1546.751	-0.4073097
244000	-1493.291	0	-1493.291	-0.4203098
244500	-1572.706	0	-1572.706	-0.1402851
245000	-1497.646	0	-1497.646	-0.3005456
245500	-1444.858	0	-1444.858	-0.303843
246000	-1389.612	0	-1389.612	-0.2190436
246500	-1494.984	0	-1494.984	-0.06048906
247000	-1444.665	0	-1444.665	-0.07389628
247500	-1486.804	0	-1486.804	-0.1232961
248000	-1389.387	0	-1389.387	-0.05507456
248500	-1511.46	0	-1511.46	-0.09262302
249000	-1512.125	0	-1512.125	-0.03761859
249500	-1459.919	0	-1459.919	0.120519
250000	-1513.93	0	-1513.93	-0.05573917
250500	-1492.597	0	-1492.597	-0.02996646
251000	-1441.494	0	-1441.494	-0.05472968
251500	-1451.905	0	-1451.905	-0.1344485
252000	-1433.105	0	-1433.105	0.02522784
252500	-1452.538	0	-1452.538	0.1384258
253000	-1377.782	0	-1377.782	-0.2039396
253500	-1429.663	0	-1429.663	-0.117229
254000	-1409.718	0	-1409.718	-0.1452199
254500	-1527.149	0	-1527.149	-0.1214338
255000	-1427.412	0	-1427.412	-0.1097738
255500	-1448.017	0	-1448.017	-0.09067897
256000	-1524.501	0	-1524.501	-0.1225099
256500	-1513.488	0	-1513.488	-0.07872425
257000	-1452.578	0	-1452.578	-0.2846516
257500	-1413.501	0	-1413.501	-0.09093224
258000	-1320.168	0	-1320.168	-0.1696316
258500	-1421.79	0	-1421.79	-0.1687766
259000	-1519.228	0	-1519.228	-0.1691578
259500	-1511.641	0	-1511.641	-0.3917051
260000	-1488.003	0	-1488.003	-0.2861409
260500	-1470.159	0	-1470.159	-0.3580848
261000	-1437.012	0	-1437.012	-0.3076294
261500	-1447.551	0	-1447.551	-0.2188188
262000	-1487.255	0	-1487.255	-0.3606267
262500	-1456.049	0	-1456.049	-0.3705329
263000	-1422.93	0	-1422.93	-0.3290396
263500	-1508.015	0	-1508.015	-0.2779366
264000	-1473.71	0	-1473.71	-0.2679063
264500	-1475.975	0	-1475.975	-0.05308134
265000	-1451.124	0	-1451.124	-0.2562995
265500	-1453.812	0	-1453.812	-0.3540495
266000	-1487.694	0	-1487.694	-0.2575693
266500	-1526.917	0	-1526.917	-0.2049378
267000	-1520.108	0	-1520.108	-0.2583305
267500	-1525.524	0	-1525.524	-0.4002477
268000	-1497.903	0	-1497.903	-0.2826052
268500	-1569.476	0	-1569.476	-0.2698104
269000	-1556.512	0	-1556.512	-0.05255195
269500	-1535.923	0	-1535.923	-0.05099703
270000	-1464.994	0	-1464.994	-0.229875
270500	-1544.213	0	-1544.213	-0.2872485
271000	-1490.7	0	-1490.7	-0.264666
271500	-1510.231	0	-1510.231	-0.307027
272000	-1524.232	0	-1524.232	-0.2352523
272500	-1492.236	0	-1492.236	-0.3742436
273000	-1502.92	0	-1502.92	-0.1823532
273500	-1538.882	0	-1538.882	-0.2453227
274000	-1569.413	0	-1569.413	-0.1483083
274500	-1534.52	0	-1534.52	0.04904967
275000	-1468.403	0	-1468.403	0.1310504
275500	-1448.96	0	-1448.96	0.0219472
276000	-1425.97	0	-1425.97	-0.2841122
276500	-1408.969	0	-1408.969	-0.2770195
277000	-1417.56	0	-1417.56	-0.1613322
277500	-1369.576	0	-1369.576	-0.008826587
278000	-1369.128	0	-1369.128	-0.07568736
278500	-1327.076	0	-1327.076	-0.002787701
279000	-1357.29	0	-1357.29	-0.2148814
279500	-1353.813	0	-1353.813	-0.1166991
280000	-1377.032	0	-1377.032	-0.1743076
280500	-1413.388	0	-1413.388	-0.350781
281000	-1467.839	0	-1467.839	-0.3407848
281500	-1479.426	0	-1479.426	-0.553223
282000	-1540.06	0	-1540.06	-0.3470478
282500	-1567.366	0	-1567.366	-0.3313635
283000	-1545.075	0	-1545.075	-0.1575554
283500	-1486.043	0	-1486.043	-0.3997454
284000	-1400.053	0	-1400.053	-0.3592534
284500	-1569.702	0	-1569.702	-0.301734
285000	-1505.44	0	-1505.44	-0.3220043
285500	-1358.185	0	-1358.185	-0.5959749
286000	-1325.712	0	-1325.712	-0.5634468
286500	-1366.014	0	-1366.014	-0.3613685
287000	-1404.661	0	-1404.661	-0.2590627
287500	-1386.581	0	-1386.581	-0.2901873
288000	-1367.678	0	-1367.678	-0.1819713
288500	-1422.015	0	-1422.015	-0.2422316
289000	-1447.275	0	-1447.275	-0.1942413
289500	-1457.368	0	-1457.368	-0.3159282
290000	-1492.74	0	-1492.74	-0.1829301
290500	-1488.987	0	-1488.987	-0.104539
291000	-1452.856	0	-1452.856	-0.1279045
291500	-1515.554	0	-1515.554	-0.09406975
292000	-1414.128	0	-1414.128	-0.1711415
292500	-1386.885	0	-1386.885	-0.194545
293000	-1422.248	0	-1422.248	-0.3584167
293500	-1398.724	0	-1398.724	-0.1592698
294000	-1456.28	0	-1456.28	-0.06861253
294500	-1476.662	0	-1476.662	-0.1629449
295000	-1478.185	0	-1478.185	-0.08503405
295500	-1530.932	0	-1530.932	-0.04614825
296000	-1602.409	0	-1602.409	-0.03027722
296500	-1539.468	0	-1539.468	-0.3039955
297000	-1544.603	0	-1544.603	-0.1224757
297500	-1600.107	0	-1600.107	-0.1493414
298000	-1600.536	0	-1600.536	-0.02255365
298500	-1576.386	0	-1576.386	-0.04251749
299000	-1586.436	0	-1586.436	-0.1108879
299500	-1547.437	0	-1547.437	-0.3900028
300000	-1503.979	0	-1503.979	-0.1244857
300500	-1444.582	0	-1444.582	-0.1675372
301000	-1469.348	0	-1469.348	-0.1556494
301500	-1581.025	0	-1581.025	-0.03630615
302000	-1571.534	0	-1571.534	-0.0594503
302500	-1480.516	0	-1480.516	-0.08536809
303000	-1494.494	0	-1494.494	-0.01557906
303500	-1438.119	0	-1438.119	-0.09868647
304000	-1525.313	0	-1525.313	-0.1306858
304500	-1547.578	0	-1547.578	-0.2284423
305000	-1536.677	0	-1536.677	-0.2865393
305500	-1604.358	0	-1604.358	-0.01593309
306000	-1588.967	0	-1588.967	-0.1875658
306500	-1494.663	0	-1494.663	-0.3130903
307000	-1514.591	0	-1514.591	-0.3968573
307500	-1519.122	0	-1519.122	-0.05792626
308000	-1486.697	0	-1486.697	-0.08336196
308500	-1442.21	0	-1442.21	-0.3449703
309000	-1463.537	0	-1463.537	-0.3642738
309500	-1464.184	0	-1464.184	-0.4859988
310000	-1389.867	0	-1389.867	-0.399461
310500	-1547.32	0	-1547.32	-0.3012736
311000	-1553.419	0	-1553.419	-0.2814343
311500	-1528.991	0	-1528.991	-0.3920979
312000	-1494.7	0	-1494.7	-0.3357447
312500	-1532.559	0	-1532.559	-0.3432018
313000	-1530.117	0	-1530.117	-0.2859232
313500	-1454.754	0	-1454.754	-0.3581595
314000	-1407.535	0	-1407.535	-0.2005279
314500	-1546.429	0	-1546.429	-0.3023709
315000	-1486.013	0	-1486.013	-0.3114384
315500	-1527.72	0	-1527.72	-0.3688614
316000	-1478.794	0	-1478.794	-0.2140911
316500	-1460.547	0	-1460.547	-0.2306526
317000	-1441.44	0	-1441.44	-0.1600636
317500	-1413.193	0	-1413.193	-0.2349403
318000	-1460.386	0	-1460.386	-0.3305716
318500	-1345.808	0	-1345.808	-0.3335944
319000	-1353.67	0	-1353.67	-0.315614
319500	-1354.694	0	-1354.694	-0.3151754
320000	-1361.267	0	-1361.267	-0.2878119
320500	-1341.206	0	-1341.206	-0.2224427
321000	-1401.964	0	-1401.964	-0.2357565
321500	-1464.027	0	-1464.027	-0.1886912
322000	-1513.223	0	-1513.223	-0.4544666
322500	-1550.794	0	-1550.794	-0.2213415
323000	-1558.932	0	-1558.932	-0.3595684
323500	-1518.185	0	-1518.185	-0.4262069
324000	-1483.582	0	-1483.582	-0.3618192
324500	-1501.21	0	-1501.21	-0.3203131
325000	-1535.241	0	-1535.241	-0.438982
325500	-1540.978	0	-1540.978	-0.3129768
326000	-1502.571	0	-1502.571	-0.3787667
326500	-1447.395	0	-1447.395	-0.190721
327000	-1458.124	0	-1458.124	-0.3387358
327500	-1416.145	0	-1416.145	-0.2938126
328000	-1410.344	0	-1410.344	-0.2458848
328500	-1363.268	0	-1363.268	-0.2406474
329000	-1408.249	0	-1408.249	-0.2678296
329500	-1472.539	0	-1472.539	-0.24528
330000	-1510.084	0	-1510.084	-0.2536135
330500	-1447.142	0	-1447.142	-0.3533512
331000	-1457.024	0	-1457.024	-0.3368465
331500	-1444.787	0	-1444.787	-0.2691089
332000	-1451.374	0	-1451.374	-0.1578568
332500	-1497.187	0	-1497.187	-0.03372481
333000	-1465.206	0	-1465.206	-0.1200872
333500	-1554.417	0	-1554.417	-0.07578833
334000	-1407.558	0	-1407.558	-0.213273
334500	-1387.13	0	-1387.13	-0.4019448
335000	-1421.521	0	-1421.521	-0.3752111
335500	-1393.637	0	-1393.637	-0.2667469
336000	-1340.368	0	-1340.368	-0.2816141
336500	-1375.789	0	-1375.789	-0.3240943
337000	-1442.369	0	-1442.369	-0.2802885
337500	-1382.42	0	-1382.42	-0.3115087
338000	-1405.891	0	-1405.891	-0.3383594
338500	-1362.836	0	-1362.836	-0.3226784
339000	-1344.028	0	-1344.028	-0.2808694
339500	-1398.192	0	-1398.192	-0.2917621
340000	-1435.979	0	-1435.979	-0.2236975
340500	-1470.486	0	-1470.486	-0.04984159
341000	-1433.944	0	-1433.944	-0.3425431
341500	-1468.447	0	-1468.447	-0.2867341
342000	-1438.655	0	-1438.655	-0.2712475
342500	-1525.412	0	-1525.412	-0.3758746
343000	-1482.654	0	-1482.654	-0.4741099
343500	-1562.435	0	-1562.435	-0.4142896
344000	-1538.567	0	-1538.567	-0.1343608
344500	-1450.758	0	-1450.758	-0.2987563
345000	-1415.968	0	-1415.968	-0.3785803
345500	-1470.231	0	-1470.231	-0.4569035
346000	-1454.858	0	-1454.858	-0.3884258
346500	-1511.884	0	-1511.884	-0.2701002
347000	-1523.807	0	-1523.807	-0.4022723
347500	-1488.422	0	-1488.422	-0.4735058
348000	-1540.652	0	-1540.652	-0.4348093
348500	-1530.062	0	-1530.062	-0.5100654
349000	-1497.331	0	-1497.331	-0.3848866
349500	-1525.81	0	-1525.81	-0.3638706
350000	-1553.592	0	-1553.592	-0.287971
350500	-1520.56	0	-1520.56	-0.3021248
351000	-1440.269	0	-1440.269	-0.231487
351500	-1593.515	0	-1593.515	-0.4593645
352000	-1535.929	0	-1535.929	-0.3264822
352500	-1581.752	0	-1581.752	-0.2801405
353000	-1572.441	0	-1572.441	-0.09133242
353500	-1544.063	0	-1544.063	-0.2870785
354000	-1548.043	0	-1548.043	-0.3108179
354500	-1470.553	0	-1470.553	-0.6061845
355000	-1430.774	0	-1430.774	-0.561245
355500	-1534.668	0	-1534.668	-0.427511
356000	-1465.561	0	-1465.561	-0.526186
356500	-1413.373	0	-1413.373	-0.4582301
357000	-1324.626	0	-1324.626	-0.5003963
357500	-1488.146	0	-1488.146	-0.4410748
358000	-1387.1	0	-1387.1	-0.4100708
358500	-1320.112	0	-1320.112	-0.3694479
359000	-1374.63	0	-1374.63	-0.4128339
359500	-1383.703	0	-1383.703	-0.2754832
360000	-1344.131	0	-1344.131	-0.3388431
360500	-1321.011	0	-1321.011	-0.3224468
361000	-1301.963	0	-1301.963	-0.3474935
361500	-1368.298	0	-1368.298	-0.3664207
362000	-1401.603	0	-1401.603	-0.4353895
362500	-1297.363	0	-1297.363	-0.4407668
363000	-1365.367	0	-1365.367	-0.2944762
363500	-1405.118	0	-1405.118	-0.1780485
364000	-1436.689	0	-1436.689	-0.1247576
364500	-1518.164	0	-1518.164	-0.1525716
365000	-1504.983	0	-1504.983	-0.2901737
365500	-1566.494	0	-1566.494	-0.3735349
366000	-1445.2	0	-1445.2	-0.4026836
366500	-1543.296	0	-1543.296	-0.2468395
367000	-1541.475	0	-1541.475	-0.1490097
367500	-1553.925	0	-1553.925	-0.1897715
368000	-1542.408	0	-1542.408	-0.3384687
368500	-1550.855	0	-1550.855	-0.1793478
369000	-1591.035	0	-1591.035	-0.1838409
369500	-1538.021	0	-1538.021	-0.3516893
370000	-1520.758	0	-1520.758	-0.3802336
370500	-1456.251	0	-1456.251	-0.4269115
371000	-1565.729	0	-1565.729	-0.2719564
371500	-1548.292	0	-1548.292	0.04192352
372000	-1490.726	0	-1490.726	-0.3171974
372500	-1485.833	0	-1485.833	-0.2414556
373000	-1456.462	0	-1456.462	-0.2229122
373500	-1433.497	0	-1433.497	-0.2784256
374000	-1501.462	0	-1501.462	-0.2951015
374500	-1519.763	0	-1519.763	-0.2245107
375000	-1541.915	0	-1541.915	-0.3241704
375500	-1469.591	0	-1469.591	-0.4223293
376000	-1497.978	0	-1497.978	-0.4353842
376500	-1413.9	0	-1413.9	-0.4584702
377000	-1472.705	0	-1472.705	-0.3991345
377500	-1502.968	0	-1502.968	-0.3082074
378000	-1549.863	0	-1549.863	-0.2079046
378500	-1535.863	0	-1535.863	-0.1818647
379000	-1541.906	0	-1541.906	-0.2208857
379500	-1563.474	0	-1563.474	-0.277208
380000	-1510.86	0	-1510.86	-0.3633521
380500	-1452.914	0	-1452.914	-0.1115563
381000	-1472	0	-1472	-0.3801618
381500	-1414.862	0	-1414.862	-0.3369119
382000	-1556.312	0	-1556.312	-0.3245099
382500	-1436.109	0	-1436.109	-0.2700705
383000	-1433.434	0	-1433.434	-0.3481291
383500	-1406.381	0	-1406.381	-0.3350945
384000	-1365.702	0	-1365.702	-0.4082687
384500	-1342.809	0	-1342.809	-0.3945783
385000	-1351.872	0	-1351.872	-0.4089375
385500	-1398.171	0	-1398.171	-0.4075413
386000	-1369.47	0	-1369.47	-0.3837992
386500	-1453.44	0	-1453.44	-0.3329217
387000	-1345.032	0	-1345.032	-0.377727
387500	-1360.387	0	-1360.387	-0.4326976
388000	-1376.006	0	-1376.006	-0.341812
388500	-1414.808	0	-1414.808	-0.4062703
389000	-1369.526	0	-1369.526	-0.3457352
389500	-1396.794	0	-1396.794	-0.373139
390000	-1326.612	0	-1326.612	-0.2819508
390500	-1356.035	0	-1356.035	-0.3662988
391000	-1361.071	0	-1361.071	-0.2915611
391500	-1421.561	0	-1421.561	-0.3644738
392000	-1378.065	0	-1378.065	-0.343936
392500	-1395.475	0	-1395.475	-0.391378
393000	-1450.095	0	-1450.095	-0.1937115
393500	-1314.573	0	-1314.573	-0.1655495
394000	-1340.858	0	-1340.858	-0.2285593
394500	-1404.03	0	-1404.03	-0.3277946
395000	-1337.365	0	-1337.365	-0.4148966
395500	-1433.436	0	-1433.436	-0.4724043
396000	-1350.137	0	-1350.137	-0.5065424
396500	-1417.055	0	-1417.055	-0.4560147
397000	-1466.522	0	-1466.522	-0.5269828
397500	-1425.642	0	-1425.642	-0.4409163
398000	-1504.958	0	-1504.958	-0.3326697
398500	-1456.342	0	-1456.342	-0.2807395
399000	-1497.636	0	-1497.636	-0.3204514
399500	-1489.39	0	-1489.39	-0.271105
400000	-1489.143	0	-1489.143	-0.3274469
400500	-1464.344	0	-1464.344	-0.4392256
401000	-1394.29	0	-1394.29	-0.5676128
401500	-1436.223	0	-1436.223	-0.5975767
402000	-1412.41	0	-1412.41	-0.4637754
402500	-1472.455	0	-1472.455	-0.413315
403000	-1483.522	0	-1483.522	-0.3699779
403500	-1471.965	0	-1471.965	-0.2258289
404000	-1509.46	0	-1509.46	-0.3784759
404500	-1527.253	0	-1527.253	-0.2112887
405000	-1394.042	0	-1394.042	-0.3148056
405500	-1520.153	0	-1520.153	-0.3316726
406000	-1390.485	0	-1390.485	-0.469622
406500	-1518.505	0	-1518.505	-0.3098519
407000	-1492.706	0	-1492.706	-0.4027233
407500	-1494.135	0	-1494.135	-0.3244506
408000	-1513.763	0	-1513.763	-0.3041962
408500	-1534.423	0	-1534.423	-0.379707
409000	-1531.894	0	-1531.894	-0.3304986
409500	-1446.788	0	-1446.788	-0.4871735
410000	-1501.235	0	-1501.235	-0.4867471
410500	-1479.863	0	-1479.863	-0.4989726
411000	-1458.158	0	-1458.158	-0.3545392
411500	-1419.123	0	-1419.123	-0.3181355
412000	-1502.834	0	-1502.834	-0.1894005
412500	-1438.704	0	-1438.704	-0.2569551
413000	-1398.991	0	-1398.991	-0.3625399
413500	-1398.968	0	-1398.968	-0.2944229
414000	-1359.813	0	-1359.813	-0.2728262
414500	-1341.552	0	-1341.552	-0.2633666
415000	-1393.858	0	-1393.858	-0.3212337
415500	-1483.37	0	-1483.37	-0.2192801
416000	-1487.297	0	-1487.297	-0.3625726
416500	-1512.363	0	-1512.363	-0.1912866
417000	-1427.463	0	-1427.463	-0.2596867
417500	-1482.504	0	-1482.504	-0.2493466
418000	-1479.271	0	-1479.271	-0.3304117
418500	-1492.854	0	-1492.854	-0.361767
419000	-1460.754	0	-1460.754	-0.3063704
419500	-1390.648	0	-1390.648	-0.2649357
420000	-1406.655	0	-1406.655	-0.2782529
420500	-1458.199	0	-1458.199	-0.2181486
421000	-1415.621	0	-1415.621	-0.4666824
421500	-1432.764	0	-1432.764	-0.4010959
422000	-1458.174	0	-1458.174	-0.366089
422500	-1526.632	0	-1526.632	-0.5328093
423000	-1504.369	0	-1504.369	-0.3066758
423500	-1468.027	0	-1468.027	-0.2926785
424000	-1481.588	0	-1481.588	-0.2199089
424500	-1439.906	0	-1439.906	-0.2024413
425000	-1412.957	0	-1412.957	-0.2223823
425500	-1415.2	0	-1415.2	-0.1364423
426000	-1530.357	0	-1530.357	-0.2348913
426500	-1470.076	0	-1470.076	-0.136257
427000	-1523.683	0	-1523.683	0.03524068
427500	-1497.1	0	-1497.1	-0.2256904
428000	-1393.448	0	-1393.448	-0.2679178
428500	-1426.543	0	-1426.543	-0.1895002
429000	-1415.107	0	-1415.107	-0.198304
429500	-1351.644	0	-1351.644	-0.06260355
430000	-1454.7	0	-1454.7	-0.04274884
430500	-1438.438	0	-1438.438	0.02127637
431000	-1383.493	0	-1383.493	-0.1016649
431500	-1371.709	0	-1371.709	-0.2568978
432000	-1391.26	0	-1391.26	-0.2884967
432500	-1349.432	0	-1349.432	-0.3682118
433000	-1395.416	0	-1395.416	-0.411867
433500	-1436.02	0	-1436.02	-0.3200039
434000	-1468.052	0	-1468.052	-0.137689
434500	-1498.264	0	-1498.264	-0.338794
435000	-1457.821	0	-1457.821	-0.4477779
435500	-1390.102	0	-1390.102	-0.451842
436000	-1454.707	0	-1454.707	-0.4083796
436500	-1482.837	0	-1482.837	-0.5138789
437000	-1454.281	0	-1454.281	-0.5514684
437500	-1397.003	0	-1397.003	-0.3185207
438000	-1437.791	0	-1437.791	-0.2660543
438500	-1480.05	0	-1480.05	-0.4269621
439000	-1527.555	0	-1527.555	-0.3530862
439500	-1578.228	0	-1578.228	-0.06226139
440000	-1566.078	0	-1566.078	-0.4770128
440500	-1514.764	0	-1514.764	-0.4608505
441000	-1426.519	0	-1426.519	-0.3858749
441500	-1502.68	0	-1502.68	-0.2313038
442000	-1441.77	0	-1441.77	-0.3549314
442500	-1447.806	0	-1447.806	-0.4946675
443000	-1447.202	0	-1447.202	-0.459733
443500	-1449.504	0	-1449.504	-0.5244899
444000	-1451.443	0	-1451.443	-0.3721165
444500	-1417.284	0	-1417.284	-0.4182701
445000	-1480.031	0	-1480.031	-0.3274371
445500	-1561.673	0	-1561.673	-0.3791679
446000	-1440.923	0	-1440.923	-0.3131066
446500	-1505.832	0	-1505.832	-0.2514774
447000	-1470.081	0	-1470.081	-0.3877127
447500	-1377.713	0	-1377.713	-0.2499272
448000	-1451.836	0	-1451.836	-0.3411272
448500	-1463.308	0	-1463.308	-0.4389464
449000	-1337.905	0	-1337.905	-0.4502073
449500	-1365.325	0	-1365.325	-0.4014228
450000	-1443.82	0	-1443.82	-0.3498479
450500	-1416.138	0	-1416.138	-0.3365202
451000	-1441.537	0	-1441.537	-0.2587427
451500	-1472.019	0	-1472.019	-0.3049509
452000	-1447.475	0	-1447.475	-0.1656125
452500	-1530.285	0	-1530.285	-0.3692527
453000	-1448.446	0	-1448.446	-0.1736454
453500	-1529.112	0	-1529.112	-0.1285316
454000	-1563.173	0	-1563.173	-0.2357012
454500	-1570.964	0	-1570.964	-0.02829659
455000	-1553.415	0	-1553.415	-0.07435918
455500	-1592.315	0	-1592.315	-0.09752813
456000	-1603.119	0	-1603.119	-0.2125738
456500	-1435.679	0	-1435.679	-0.2842079
457000	-1468.818	0	-1468.818	-0.2628747
457500	-1526.179	0	-1526.179	-0.4549414
458000	-1484.037	0	-1484.037	-0.3377968
458500	-1482.435	0	-1482.435	-0.4540064
459000	-1432.805	0	-1432.805	-0.4425613
459500	-1426.473	0	-1426.473	-0.464949
460000	-1399.453	0	-1399.453	-0.4528503
460500	-1476.586	0	-1476.586	-0.3567159
461000	-1432.567	0	-1432.567	-0.4683573
461500	-1457.82	0	-1457.82	-0.4920956
462000	-1432.695	0	-1432.695	-0.2957252
462500	-1445.509	0	-1445.509	-0.5577629
463000	-1402.567	0	-1402.567	-0.4757139
463500	-1496.634	0	-1496.634	-0.4128777
464000	-1529.004	0	-1529.004	-0.237877
464500	-1521.078	0	-1521.078	-0.2832709
465000	-1492.103	0	-1492.103	-0.2880332
465500	-1437.304	0	-1437.304	-0.2296954
466000	-1402.313	0	-1402.313	-0.349829
466500	-1410.266	0	-1410.266	-0.4019092
467000	-1498.384	0	-1498.384	-0.2269896
467500	-1521.025	0	-1521.025	-0.1678092
468000	-1346.994	0	-1346.994	-0.08486928
468500	-1424.23	0	-1424.23	-0.1497655
469000	-1460.615	0	-1460.615	-0.1173147
469500	-1475.71	0	-1475.71	-0.2330115
470000	-1469.994	0	-1469.994	-0.2763258
470500	-1476.831	0	-1476.831	-0.2405361
471000	-1492.915	0	-1492.915	-0.2858724
471500	-1560.079	0	-1560.079	-0.1938836
472000	-1525.024	0	-1525.024	-0.2353647
472500	-1547.311	0	-1547.311	-0.1695539
473000	-1540.715	0	-1540.715	-0.04024892
473500	-1478.414	0	-1478.414	0.0172417
474000	-1456.037	0	-1456.037	0.04480809
474500	-1430.65	0	-1430.65	-0.0101299
475000	-1395.138	0	-1395.138	-0.2346301
475500	-1364.443	0	-1364.443	-0.3593588
476000	-1361.422	0	-1361.422	-0.4003964
476500	-1479.874	0	-1479.874	-0.2538673
477000	-1454.885	0	-1454.885	-0.1937731
477500	-1442.089	0	-1442.089	-0.1215712
478000	-1356.75	0	-1356.75	-0.2504687
478500	-1471.096	0	-1471.096	-0.3344855
479000	-1451.554	0	-1451.554	-0.2207529
479500	-1491.506	0	-1491.506	-0.2527758
480000	-1466.824	0	-1466.824	-0.3612426
480500	-1415.791	0	-1415.791	-0.4222039
481000	-1508.145	0	-1508.145	-0.4834743
481500	-1454.988	0	-1454.988	-0.1905383
482000	-1521.037	0	-1521.037	-0.07356693
482500	-1470.463	0	-1470.463	-0.2570776
483000	-1530.748	0	-1530.748	-0.09043537
483500	-1516.838	0	-1516.838	-0.09455602
484000	-1534.063	0	-1534.063	-0.2187799
484500	-1515.534	0	-1515.534	-0.2095091
485000	-1542.409	0	-1542.409	-0.3655425
485500	-1542.998	0	-1542.998	-0.2175859
486000	-1458.337	0	-1458.337	-0.4837597
486500	-1562.02	0	-1562.02	-0.2504406
487000	-1507.386	0	-1507.386	-0.3566974
487500	-1535.18	0	-1535.18	-0.2557347
488000	-1444.379	0	-1444.379	-0.3572048
488500	-1472.706	0	-1472.706	-0.2386263
489000	-1440.486	0	-1440.486	-0.3062653
489500	-1460.15	0	-1460.15	-0.5126854
490000	-1439.931	0	-1439.931	-0.4106799
490500	-1418.691	0	-1418.691	-0.4621507
491000	-1547.656	0	-1547.656	-0.2421985
491500	-1524.149	0	-1524.149	-0.2714498
492000	-1498.827	0	-1498.827	-0.3522042
492500	-1500.775	0	-1500.775	-0.30337
493000	-1475.38	0	-1475.38	-0.3892378
493500	-1488.084	0	-1488.084	-0.26513
494000	-1524.639	0	-1524.639	-0.3082888
494500	-1519.298	0	-1519.298	-0.1760386
495000	-1562.883	0	-1562.883	-0.4059894
495500	-1562.187	0	-1562.187	-0.2776094
496000	-1527.62	0	-1527.62	-0.1732489
496500	-1429.692	0	-1429.692	-0.2206076
497000	-1547.92	0	-1547.92	-0.1732736
497500	-1488.934	0	-1488.934	-0.2038647
498000	-1555.744	0	-1555.744	-0.134247
498500	-1420.76	0	-1420.76	-0.2607617
499000	-1434.568	0	-1434.568	-0.2592858
499500	-1360.115	0	-1360.115	-0.2424025
500000	-1502.294	0	-1502.294	-0.04951443
500500	-1366.089	0	-1366.089	-0.08429581
501000	-1409.833	0	-1409.833	-0.1215337
501500	-1472.861	0	-1472.861	-0.21468
502000	-1472.935	0	-1472.935	-0.1027343
502500	-1504.132	0	-1504.132	-0.1495121
503000	-1406.156	0	-1406.156	-0.1986189
503500	-1474.978	0	-1474.978	-0.09838964
504000	-1402.348	0	-1402.348	-0.1483554
504500	-1420.381	0	-1420.381	-0.2092553
505000	-1466.329	0	-1466.329	0.05256083
505500	-1571.564	0	-1571.564	-0.2472587
506000	-1490.806	0	-1490.806	-0.2322305
506500	-1508.117	0	-1508.117	0.06718208
507000	-1500.637	0	-1500.637	-0.005206348
507500	-1499.761	0	-1499.761	0.05208761
508000	-1458.377	0	-1458.377	0.02529315
508500	-1489.71	0	-1489.71	0.10331
509000	-1443.649	0	-1443.649	-0.1799241
509500	-1453.837	0	-1453.837	-0.2070575
510000	-1492.158	0	-1492.158	-0.1586937
510500	-1515.585	0	-1515.585	-0.3246931
511000	-1526.135	0	-1526.135	-0.3266801
511500	-1442.801	0	-1442.801	-0.4905539
512000	-1499.382	0	-1499.382	-0.2767402
512500	-1500.182	0	-1500.182	-0.2813379
513000	-1542.371	0	-1542.371	-0.1726535
513500	-1522.448	0	-1522.448	-0.2908393
514000	-1447.442	0	-1447.442	-0.3415471
514500	-1423.474	0	-1423.474	-0.3460722
515000	-1505.594	0	-1505.594	-0.4186453
515500	-1463.995	0	-1463.995	-0.461863
516000	-1432.517	0	-1432.517	-0.3583103
516500	-1404.688	0	-1404.688	-0.402944
517000	-1413.494	0	-1413.494	-0.5114236
517500	-1423.213	0	-1423.213	-0.4940301
518000	-1486.957	0	-1486.957	-0.3094233
518500	-1484.49	0	-1484.49	-0.4198693
519000	-1442.055	0	-1442.055	-0.3568108
519500	-1416.228	0	-1416.228	-0.6292401
520000	-1408.596	0	-1408.596	-0.5688211
520500	-1410.365	0	-1410.365	-0.481054
521000	-1432.245	0	-1432.245	-0.4441205
521500	-1450.242	0	-1450.242	-0.4489772
522000	-1439.685	0	-1439.685	-0.3930337
522500	-1435.256	0	-1435.256	-0.5188401
523000	-1464.514	0	-1464.514	-0.4571409
523500	-1427.856	0	-1427.856	-0.2718979
524000	-1415.059	0	-1415.059	-0.2016483
524500	-1451.22	0	-1451.22	-0.3254924
525000	-1415.06	0	-1415.06	-0.2884088
525500	-1511.692	0	-1511.692	-0.1284119
526000	-1547.012	0	-1547.012	-0.2981521
526500	-1467.39	0	-1467.39	-0.3106799
527000	-1517.012	0	-1517.012	-0.2514709
527500	-1370.247	0	-1370.247	-0.6351039
528000	-1496.057	0	-1496.057	-0.366536
528500	-1558.744	0	-1558.744	-0.3343776
529000	-1525.101	0	-1525.101	-0.1923894
529500	-1543.285	0	-1543.285	-0.3230395
530000	-1506.764	0	-1506.764	-0.2788407
530500	-1558.194	0	-1558.194	-0.1717792
531000	-1559.88	0	-1559.88	-0.3310403
531500	-1576.661	0	-1576.661	-0.2749041
532000	-1522.779	0	-1522.779	-0.3445284
532500	-1455.94	0	-1455.94	-0.4312508
533000	-1478.647	0	-1478.647	-0.5765858
533500	-1501.499	0	-1501.499	-0.2795075
534000	-1432.248	0	-1432.248	-0.4101137
534500	-1438.507	0	-1438.507	-0.5337523
535000	-1416	0	-1416	-0.3443187
535500	-1421.819	0	-1421.819	-0.369648
536000	-1507.791	0	-1507.791	-0.2002552
536500	-1438.397	0	-1438.397	-0.2251374
537000	-1497.018	0	-1497.018	-0.3905367
537500	-1442.156	0	-1442.156	-0.1033175
538000	-1444.736	0	-1444.736	-0.2694171
538500	-1402.441	0	-1402.441	-0.2713953
539000	-1441.4	0	-1441.4	-0.2715795
539500	-1478.351	0	-1478.351	-0.317211
540000	-1491.763	0	-1491.763	-0.4146974
540500	-1457.134	0	-1457.134	-0.3618719
541000	-1439.147	0	-1439.147	-0.3641565
541500	-1519.695	0	-1519.695	-0.3194248
542000	-1445.804	0	-1445.804	-0.4577895
542500	-1415.305	0	-1415.305	-0.5067316
543000	-1512.565	0	-1512.565	-0.2114572
543500	-1543.893	0	-1543.893	-0.3793655
544000	-1561.331	0	-1561.331	-0.3693915
544500	-1450.683	0	-1450.683	-0.2912599
545000	-1422.696	0	-1422.696	-0.3956227
545500	-1357.17	0	-1357.17	-0.3686473
546000	-1282.966	0	-1282.966	-0.3774351
546500	-1253.433	0	-1253.433	-0.3564969
547000	-1265.996	0	-1265.996	-0.3224188
547500	-1366.909	0	-1366.909	-0.4119624
548000	-1412.488	0	-1412.488	-0.4318504
548500	-1390.488	0	-1390.488	-0.3881191
549000	-1303.12	0	-1303.12	-0.3108739
549500	-1232.618	0	-1232.618	-0.3186251
550000	-1297.678	0	-1297.678	-0.3301997
550500	-1311.7	0	-1311.7	-0.3652144
551000	-1220.965	0	-1220.965	-0.3466609
551500	-1271.303	0	-1271.303	-0.4191451
552000	-1288.385	0	-1288.385	-0.4179109
552500	-1300.52	0	-1300.52	-0.3115196
553000	-1232.813	0	-1232.813	-0.2877927
553500	-1258.903	0	-1258.903	-0.2603286
554000	-1365.284	0	-1365.284	-0.1946362
554500	-1380.449	0	-1380.449	-0.1574148
555000	-1360.146	0	-1360.146	-0.3360152
555500	-1335.206	0	-1335.206	-0.3713372
556000	-1477.184	0	-1477.184	-0.2453843
556500	-1509.407	0	-1509.407	-0.2866368
557000	-1523.705	0	-1523.705	-0.2394245
557500	-1500.475	0	-1500.475	-0.2795744
558000	-1434.946	0	-1434.946	-0.2636333
558500	-1454.411	0	-1454.411	-0.191738
559000	-1411.9	0	-1411.9	-0.1281782
559500	-1461.72	0	-1461.72	-0.172978
560000	-1472.942	0	-1472.942	-0.118523
560500	-1306.737	0	-1306.737	-0.1007577
561000	-1394.501	0	-1394.501	-0.08976059
561500	-1348.047	0	-1348.047	-0.06758671
562000	-1393.613	0	-1393.613	-0.0857041
562500	-1371.779	0	-1371.779	-0.1121688
563000	-1309.317	0	-1309.317	-0.02198957
563500	-1324.723	0	-1324.723	0.03457034
564000	-1359.657	0	-1359.657	0.1704241
564500	-1355.245	0	-1355.245	0.1106568
565000	-1410.768	0	-1410.768	-0.04401936
565500	-1429.56	0	-1429.56	-0.08082408
566000	-1473.581	0	-1473.581	-0.05982886
566500	-1491.847	0	-1491.847	-0.1227149
567000	-1446.799	0	-1446.799	-0.1760622
567500	-1453.541	0	-1453.541	-0.001241466
568000	-1415.052	0	-1415.052	0.09617598
568500	-1387.667	0	-1387.667	-0.1722327
569000	-1460.246	0	-1460.246	0.06671106
569500	-1479.21	0	-1479.21	0.04561386
570000	-1435.012	0	-1435.012	0.03386348
570500	-1487.922	0	-1487.922	0.08037941
571000	-1402.492	0	-1402.492	-0.3322559
571500	-1403.718	0	-1403.718	-0.3696273
572000	-1382.1	0	-1382.1	-0.4354127
572500	-1404.602	0	-1404.602	-0.4059157
573000	-1420.31	0	-1420.31	-0.3473373
573500	-1415.983	0	-1415.983	-0.4309371
574000	-1498.686	0	-1498.686	-0.3577918
574500	-1481.813	0	-1481.813	-0.3278963
575000	-1418.434	0	-1418.434	-0.5063057
575500	-1428.562	0	-1428.562	-0.513075
576000	-1394.473	0	-1394.473	-0.4603657
576500	-1332.969	0	-1332.969	-0.6670488
577000	-1429.384	0	-1429.384	-0.4843268
577500	-1376.281	0	-1376.281	-0.5334307
578000	-1375.6	0	-1375.6	-0.3270219
578500	-1420.776	0	-1420.776	-0.3947649
579000	-1416.022	0	-1416.022	-0.3529825
579500	-1427.331	0	-1427.331	-0.3469362
580000	-1410.823	0	-1410.823	-0.2937859
580500	-1398.991	0	-1398.991	-0.4275906
581000	-1393.732	0	-1393.732	-0.2397359
581500	-1402.996	0	-1402.996	-0.1496263
582000	-1454.088	0	-1454.088	-0.1723419
582500	-1383.371	0	-1383.371	-0.0521104
583000	-1340.736	0	-1340.736	-0.2408134
583500	-1466.592	0	-1466.592	-0.2511826
584000	-1488.219	0	-1488.219	-0.3357247
584500	-1458.528	0	-1458.528	-0.3369393
585000	-1390.605	0	-1390.605	-0.5903367
585500	-1360.768	0	-1360.768	-0.5136191
586000	-1426.45	0	-1426.45	-0.5643981
586500	-1452.489	0	-1452.489	-0.5588899
587000	-1425.255	0	-1425.255	-0.6646542
587500	-1554.271	0	-1554.271	-0.25197
588000	-1459.168	0	-1459.168	-0.3300022
588500	-1402.149	0	-1402.149	-0.2517835
589000	-1462.298	0	-1462.298	-0.4010584
589500	-1420.697	0	-1420.697	-0.4460222
590000	-1404.112	0	-1404.112	-0.3602998
590500	-1394.559	0	-1394.559	-0.4213979
591000	-1326.97	0	-1326.97	-0.3293746
591500	-1358.083	0	-1358.083	-0.3744705
592000	-1350.08	0	-1350.08	-0.4287954
592500	-1315.719	0	-1315.719	-0.4796627
593000	-1345.496	0	-1345.496	-0.4824077
593500	-1412.167	0	-1412.167	-0.3008849
594000	-1435.778	0	-1435.778	-0.2095127
594500	-1422.794	0	-1422.794	-0.2979807
595000	-1507.03	0	-1507.03	-0.366604
595500	-1424.536	0	-1424.536	-0.1752704
596000	-1402.804	0	-1402.804	-0.384975
596500	-1454.754	0	-1454.754	-0.3032923
597000	-1352.078	0	-1352.078	-0.3288209
597500	-1362.706	0	-1362.706	-0.4544444
598000	-1448.051	0	-1448.051	-0.4102431
598500	-1405.452	0	-1405.452	-0.5365772
599000	-1410.13	0	-1410.13	-0.4914976
599500	-1314.734	0	-1314.734	-0.4819543
600000	-1322.551	0	-1322.551	-0.6463469
600500	-1367.27	0	-1367.27	-0.6436941
601000	-1313.573	0	-1313.573	-0.631664
601500	-1241.786	0	-1241.786	-0.595511
602000	-1330.215	0	-1330.215	-0.5805253
602500	-1312.043	0	-1312.043	-0.5732333
603000	-1336.94	0	-1336.94	-0.4384317
603500	-1384.141	0	-1384.141	-0.5547601
604000	-1449.537	0	-1449.537	-0.5611456
604500	-1405.309	0	-1405.309	-0.3204057
605000	-1388.13	0	-1388.13	-0.3484865
605500	-1403.022	0	-1403.022	-0.4442118
606000	-1386.269	0	-1386.269	-0.410283
606500	-1426.087	0	-1426.087	-0.3870786
607000	-1414.595	0	-1414.595	-0.416825
607500	-1423.863	0	-1423.863	-0.3989829
608000	-1421.551	0	-1421.551	-0.3481398
608500	-1457.375	0	-1457.375	-0.1908215
609000	-1364.049	0	-1364.049	-0.2861087
609500	-1424.274	0	-1424.274	-0.2282322
610000	-1449.623	0	-1449.623	-0.3376372
610500	-1565.493	0	-1565.493	-0.2802059
611000	-1578.994	0	-1578.994	0.03225534
611500	-1606.168	0	-1606.168	-0.1599082
612000	-1521.735	0	-1521.735	-0.05898992
612500	-1499.449	0	-1499.449	-0.1269531
613000	-1443.513	0	-1443.513	-0.2172241
613500	-1483.498	0	-1483.498	-0.328803
614000	-1476.689	0	-1476.689	-0.1486999
614500	-1419.153	0	-1419.153	-0.2551777
615000	-1391.964	0	-1391.964	-0.2574668
615500	-1433.367	0	-1433.367	-0.3315816
616000	-1448.42	0	-1448.42	-0.3848194
616500	-1464.433	0	-1464.433	-0.2881031
617000	-1466.706	0	-1466.706	-0.3724368
617500	-1450.955	0	-1450.955	-0.1676985
618000	-1433.455	0	-1433.455	-0.2405568
618500	-1418.132	0	-1418.132	-0.05317049
619000	-1493.082	0	-1493.082	-0.1815143
619500	-1501.235	0	-1501.235	-0.1065368
620000	-1496.316	0	-1496.316	-0.2968595
620500	-1392.685	0	-1392.685	-0.3212026
621000	-1398.836	0	-1398.836	-0.4968378
621500	-1400.687	0	-1400.687	-0.4541639
622000	-1292.393	0	-1292.393	-0.3797718
622500	-1290.188	0	-1290.188	-0.4544288
623000	-1228.91	0	-1228.91	-0.3541311
623500	-1315.639	0	-1315.639	-0.3459959
624000	-1304.356	0	-1304.356	-0.4328414
624500	-1350.693	0	-1350.693	-0.4042599
625000	-1336.332	0	-1336.332	-0.3399459
625500	-1387.87	0	-1387.87	-0.2890843
626000	-1335.171	0	-1335.171	-0.2045545
626500	-1377.467	0	-1377.467	-0.3049819
627000	-1390.014	0	-1390.014	-0.2466343
627500	-1293.84	0	-1293.84	-0.2072811
628000	-1333.147	0	-1333.147	-0.2495084
628500	-1305.877	0	-1305.877	-0.2001048
629000	-1428.296	0	-1428.296	-0.2581461
629500	-1406.717	0	-1406.717	-0.1297751
630000	-1385.382	0	-1385.382	-0.2988459
630500	-1454.633	0	-1454.633	-0.2987347
631000	-1478.982	0	-1478.982	-0.2967076
631500	-1404.215	0	-1404.215	-0.3200435
632000	-1445.691	0	-1445.691	-0.2738646
632500	-1431.189	0	-1431.189	-0.3111209
633000	-1481.661	0	-1481.661	-0.3243398
633500	-1470.4	0	-1470.4	-0.3216862
634000	-1379.025	0	-1379.025	-0.358039
634500	-1370.589	0	-1370.589	-0.4961394
635000	-1350.96	0	-1350.96	-0.4498844
635500	-1452.074	0	-1452.074	-0.4092852
636000	-1502.384	0	-1502.384	-0.3537209
636500	-1489.288	0	-1489.288	-0.3812981
637000	-1403.563	0	-1403.563	-0.4573933
637500	-1408.976	0	-1408.976	-0.3643497
638000	-1260.3	0	-1260.3	-0.4530814
638500	-1375	0	-1375	-0.3695224
639000	-1361.983	0	-1361.983	-0.368622
639500	-1388.05	0	-1388.05	-0.4964748
640000	-1332.016	0	-1332.016	-0.2190694
640500	-1407.764	0	-1407.764	-0.1882602
641000	-1369.203	0	-1369.203	-0.4643268
641500	-1388.869	0	-1388.869	-0.2433564
642000	-1294.053	0	-1294.053	-0.218812
642500	-1325.769	0	-1325.769	-0.1448813
643000	-1374.187	0	-1374.187	-0.1038757
643500	-1388.728	0	-1388.728	-0.1615259
644000	-1430.288	0	-1430.288	-0.324878
644500	-1424.839	0	-1424.839	-0.3167934
645000	-1380.771	0	-1380.771	-0.3766647
645500	-1286.626	0	-1286.626	-0.3616371
646000	-1372.762	0	-1372.762	-0.2936713
646500	-1413.231	0	-1413.231	-0.4289899
647000	-1422.026	0	-1422.026	-0.459512
647500	-1459.961	0	-1459.961	-0.4318863
648000	-1515.559	0	-1515.559	-0.2755764
648500	-1477.828	0	-1477.828	-0.0719109
649000	-1403.084	0	-1403.084	-0.06288401
649500	-1514.195	0	-1514.195	-0.2035354
650000	-1405.082	0	-1405.082	-0.3508228
650500	-1325.15	0	-1325.15	-0.3097958
651000	-1267.152	0	-1267.152	-0.3471514
651500	-1362.965	0	-1362.965	-0.2996578
652000	-1304.878	0	-1304.878	-0.1272773
652500	-1276.825	0	-1276.825	-0.1633741
653000	-1373.521	0	-1373.521	-0.1574071
653500	-1260.59	0	-1260.59	-0.2399505
654000	-1337.144	0	-1337.144	-0.2689996
654500	-1294.095	0	-1294.095	-0.2792096
655000	-1327.713	0	-1327.713	-0.2313496
655500	-1427.734	0	-1427.734	-0.3304142
656000	-1333.164	0	-1333.164	-0.4205604
656500	-1300.001	0	-1300.001	-0.423475
657000	-1289.031	0	-1289.031	-0.3624195
657500	-1348.562	0	-1348.562	-0.3786309
658000	-1350.7	0	-1350.7	-0.3755727
658500	-1290.104	0	-1290.104	-0.3663075
659000	-1358.533	0	-1358.533	-0.4170079
659500	-1383.459	0	-1383.459	-0.3988822
660000	-1441.359	0	-1441.359	-0.3019852
660500	-1425.736	0	-1425.736	-0.2415958
661000	-1372.751	0	-1372.751	-0.2676227
661500	-1366.502	0	-1366.502	-0.3660829
662000	-1413.35	0	-1413.35	-0.3402203
662500	-1434.287	0	-1434.287	-0.310183
663000	-1416.12	0	-1416.12	-0.1794599
663500	-1446.968	0	-1446.968	-0.2057897
664000	-1368.367	0	-1368.367	-0.1382044
664500	-1400.962	0	-1400.962	-0.06995982
665000	-1444.623	0	-1444.623	-0.09045043
665500	-1431.558	0	-1431.558	-0.1743563
666000	-1423.454	0	-1423.454	-0.2740521
666500	-1414.742	0	-1414.742	-0.1661197
667000	-1383.786	0	-1383.786	-0.1462261
667500	-1427.757	0	-1427.757	-0.269101
668000	-1518.604	0	-1518.604	-0.1637121
668500	-1493.506	0	-1493.506	-0.1819757
669000	-1504.485	0	-1504.485	-0.3502223
669500	-1462.501	0	-1462.501	-0.09475337
670000	-1516.713	0	-1516.713	-0.2820254
670500	-1333.34	0	-1333.34	-0.1187765
671000	-1362.418	0	-1362.418	-0.1545905
671500	-1416.666	0	-1416.666	-0.107796
672000	-1532.864	0	-1532.864	-0.07201949
672500	-1528.364	0	-1528.364	-0.1878152
673000	-1417.13	0	-1417.13	-0.2134883
673500	-1357.098	0	-1357.098	-0.2951163
674000	-1359.002	0	-1359.002	-0.188718
674500	-1371.608	0	-1371.608	-0.2383022
675000	-1414.19	0	-1414.19	-0.3165189
675500	-1491.445	0	-1491.445	-0.2926944
676000	-1369.002	0	-1369.002	-0.2967954
676500	-1423.284	0	-1423.284	-0.3573604
677000	-1471.741	0	-1471.741	-0.5037648
677500	-1514.495	0	-1514.495	-0.4281164
678000	-1491.849	0	-1491.849	-0.4029092
678500	-1384.355	0	-1384.355	-0.4363858
679000	-1408.021	0	-1408.021	-0.4715831
679500	-1507.91	0	-1507.91	-0.2010373
680000	-1533.71	0	-1533.71	-0.03106989
680500	-1539.604	0	-1539.604	-0.1629933
681000	-1482.576	0	-1482.576	-0.1444898
681500	-1516.776	0	-1516.776	-0.4386458
682000	-1477.266	0	-1477.266	-0.2165894
682500	-1433.73	0	-1433.73	-0.2284402
683000	-1527.19	0	-1527.19	-0.1878988
683500	-1509.384	0	-1509.384	-0.1724159
684000	-1431.898	0	-1431.898	-0.3697611
684500	-1464.784	0	-1464.784	-0.316549
685000	-1406.433	0	-1406.433	-0.321159
685500	-1363.044	0	-1363.044	-0.3908472
686000	-1494.419	0	-1494.419	-0.3243851
686500	-1475.735	0	-1475.735	-0.1135996
687000	-1418.27	0	-1418.27	-0.263777
687500	-1433.578	0	-1433.578	-0.2516116
688000	-1413.432	0	-1413.432	-0.4949434
688500	-1459.74	0	-1459.74	-0.4986365
689000	-1426.644	0	-1426.644	-0.4717792
689500	-1488.574	0	-1488.574	-0.4819758
690000	-1456.913	0	-1456.913	-0.3588024
690500	-1487.816	0	-1487.816	-0.385682
691000	-1515.732	0	-1515.732	-0.3701477
691500	-1559.297	0	-1559.297	-0.2016938
692000	-1595.846	0	-1595.846	-0.3236206
692500	-1500.746	0	-1500.746	-0.3415712
693000	-1584.001	0	-1584.001	-0.3970977
693500	-1544.454	0	-1544.454	-0.2071064
694000	-1543.18	0	-1543.18	-0.1478497
694500	-1553.815	0	-1553.815	-0.255676
695000	-1444.716	0	-1444.716	-0.3201987
695500	-1485.139	0	-1485.139	-0.2509388
696000	-1565.296	0	-1565.296	-0.3558016
696500	-1460.832	0	-1460.832	-0.4425387
697000	-1459.539	0	-1459.539	-0.3204905
697500	-1502.638	0	-1502.638	-0.2451448
698000	-1499.818	0	-1499.818	-0.4206851
698500	-1552.924	0	-1552.924	-0.2946915
699000	-1541.816	0	-1541.816	-0.2248434
699500	-1593.984	0	-1593.984	-0.3876385
700000	-1473.026	0	-1473.026	-0.1605462
700500	-1459.028	0	-1459.028	-0.1872893
701000	-1401.786	0	-1401.786	-0.176331
701500	-1414.222	0	-1414.222	-0.2033527
702000	-1436.161	0	-1436.161	-0.2222708
702500	-1383.996	0	-1383.996	-0.2638527
703000	-1323.568	0	-1323.568	-0.3081677
703500	-1336.439	0	-1336.439	-0.3602049
704000	-1395.394	0	-1395.394	-0.2949004
704500	-1409.203	0	-1409.203	-0.2013907
705000	-1459.05	0	-1459.05	-0.2215554
705500	-1358.475	0	-1358.475	-0.1802005
706000	-1473.901	0	-1473.901	-0.0639334
706500	-1446.116	0	-1446.116	-0.1980761
707000	-1453.863	0	-1453.863	-0.2102095
707500	-1447.036	0	-1447.036	-0.1103504
708000	-1407.585	0	-1407.585	-0.07441456
708500	-1418.271	0	-1418.271	-0.2324686
709000	-1391.27	0	-1391.27	-0.2471341
709500	-1382.596	0	-1382.596	-0.3066092
710000	-1379.373	0	-1379.373	-0.3259048
710500	-1443.213	0	-1443.213	-0.3469907
711000	-1468.089	0	-1468.089	-0.3866349
711500	-1440.349	0	-1440.349	-0.3543092
712000	-1387.605	0	-1387.605	-0.3326496
712500	-1377.487	0	-1377.487	-0.3543881
713000	-1422.261	0	-1422.261	-0.2582464
713500	-1446.727	0	-1446.727	-0.005766179
714000	-1411.643	0	-1411.643	-0.1173327
714500	-1423.04	0	-1423.04	-0.1895103
715000	-1492.863	0	-1492.863	-0.04253973
715500	-1592.167	0	-1592.167	-0.05623404
716000	-1466.262	0	-1466.262	-0.03843676
716500	-1436.367	0	-1436.367	-0.1289507
717000	-1434.776	0	-1434.776	-0.1386946
717500	-1352.486	0	-1352.486	-0.222953
718000	-1409.644	0	-1409.644	-0.1909915
718500	-1429.145	0	-1429.145	-0.1819728
719000	-1544.634	0	-1544.634	-0.09230029
719500	-1450.018	0	-1450.018	-0.1784531
720000	-1444.62	0	-1444.62	-0.1807364
720500	-1494.277	0	-1494.277	-0.1816593
721000	-1454.427	0	-1454.427	-0.1330666
721500	-1448.788	0	-1448.788	-0.3113377
722000	-1466.164	0	-1466.164	-0.2711051
722500	-1511.329	0	-1511.329	-0.3792621
723000	-1381.955	0	-1381.955	-0.2974136
723500	-1401.612	0	-1401.612	-0.2974053
724000	-1567.332	0	-1567.332	-0.1396986
724500	-1485.488	0	-1485.488	-0.03151025
725000	-1511.518	0	-1511.518	-0.2154014
725500	-1464.205	0	-1464.205	-0.1330186
726000	-1513.411	0	-1513.411	-0.07824016
726500	-1528.016	0	-1528.016	-0.3137286
727000	-1536.952	0	-1536.952	-0.08165801
727500	-1453.111	0	-1453.111	-0.3834766
728000	-1375.202	0	-1375.202	-0.3276758
728500	-1477.525	0	-1477.525	-0.1055122
729000	-1430.83	0	-1430.83	-0.1940602
729500	-1364.992	0	-1364.992	-0.3477685
730000	-1388.213	0	-1388.213	-0.3411909
730500	-1461.338	0	-1461.338	-0.3097577
731000	-1473.617	0	-1473.617	-0.3283537
731500	-1434.492	0	-1434.492	-0.1701346
732000	-1408.981	0	-1408.981	-0.1510264
732500	-1426.361	0	-1426.361	-0.05887943
733000	-1347.911	0	-1347.911	-0.4021867
733500	-1487.876	0	-1487.876	-0.4136665
734000	-1398.532	0	-1398.532	-0.3461634
734500	-1465.615	0	-1465.615	-0.2413775
735000	-1524.458	0	-1524.458	-0.2472754
735500	-1526.825	0	-1526.825	-0.1810247
736000	-1526.534	0	-1526.534	-0.2288318
736500	-1536.295	0	-1536.295	-0.198213
737000	-1532.478	0	-1532.478	-0.2193761
737500	-1512.759	0	-1512.759	-0.2863278
738000	-1473.651	0	-1473.651	-0.3303438
738500	-1382.558	0	-1382.558	-0.4999457
739000	-1376.71	0	-1376.71	-0.6174545
739500	-1442.674	0	-1442.674	-0.3880764
740000	-1387.663	0	-1387.663	-0.3007427
740500	-1363.27	0	-1363.27	-0.250846
741000	-1384.824	0	-1384.824	-0.3723687
741500	-1251.948	0	-1251.948	-0.3062658
742000	-1281.755	0	-1281.755	-0.2678402
742500	-1395.933	0	-1395.933	-0.3218707
743000	-1576.676	0	-1576.676	-0.3044085
743500	-1471.827	0	-1471.827	-0.3271666
744000	-1434.689	0	-1434.689	-0.2119406
744500	-1492.55	0	-1492.55	-0.1924123
745000	-1427.138	0	-1427.138	-0.1844777
745500	-1424.598	0	-1424.598	-0.1384462
746000	-1471.028	0	-1471.028	-0.3202428
746500	-1474.8	0	-1474.8	-0.4754741
747000	-1387.703	0	-1387.703	-0.5705564
747500	-1402.527	0	-1402.527	-0.3220496
748000	-1277.984	0	-1277.984	-0.3227953
748500	-1357.97	0	-1357.97	-0.2420567
749000	-1388.373	0	-1388.373	-0.3311418
749500	-1456.09	0	-1456.09	-0.2714579
750000	-1475.806	0	-1475.806	-0.3114693
750500	-1348.986	0	-1348.986	-0.4227845
751000	-1303.078	0	-1303.078	-0.2621272
751500	-1379.447	0	-1379.447	-0.3369052
752000	-1433.072	0	-1433.072	-0.3462165
752500	-1365.223	0	-1365.223	-0.07140248
753000	-1338.315	0	-1338.315	-0.1695214
753500	-1355.432	0	-1355.432	-0.2195546
754000	-1419.775	0	-1419.775	-0.1945787
754500	-1315.265	0	-1315.265	-0.1812412
755000	-1372.817	0	-1372.817	-0.3068723
755500	-1364.498	0	-1364.498	-0.2456791
756000	-1400.207	0	-1400.207	-0.3349106
756500	-1433.963	0	-1433.963	-0.3515572
757000	-1425.118	0	-1425.118	-0.2619631
757500	-1364.8	0	-1364.8	-0.3498669
758000	-1405.717	0	-1405.717	-0.1590499
758500	-1381.555	0	-1381.555	-0.04347552
759000	-1469.058	0	-1469.058	-0.02832514
759500	-1447.5	0	-1447.5	-0.07392386
760000	-1381.465	0	-1381.465	0.007204077
760500	-1397.719	0	-1397.719	0.04994124
761000	-1482.513	0	-1482.513	-0.01922397
761500	-1464.072	0	-1464.072	0.01721161
762000	-1464.737	0	-1464.737	-0.03980338
762500	-1421.606	0	-1421.606	0.0006748423
763000	-1479.132	0	-1479.132	-0.3782872
763500	-1435.029	0	-1435.029	-0.2132753
764000	-1374.42	0	-1374.42	-0.1822597
764500	-1374.331	0	-1374.331	-0.2239565
765000	-1365.001	0	-1365.001	-0.2064116
765500	-1366.122	0	-1366.122	-0.07431214
766000	-1451.875	0	-1451.875	-0.1305907
766500	-1489.819	0	-1489.819	-0.2467201
767000	-1469.426	0	-1469.426	-0.3121531
767500	-1497.193	0	-1497.193	-0.4475623
768000	-1539.607	0	-1539.607	-0.443107
768500	-1507.057	0	-1507.057	-0.2892336
769000	-1473.893	0	-1473.893	-0.1659738
769500	-1445.009	0	-1445.009	-0.1896206
770000	-1459.641	0	-1459.641	-0.2694155
770500	-1373.44	0	-1373.44	-0.2081603
771000	-1338.323	0	-1338.323	-0.287737
771500	-1321.53	0	-1321.53	-0.3142431
772000	-1422.317	0	-1422.317	-0.3617915
772500	-1409.198	0	-1409.198	-0.2758062
773000	-1507.042	0	-1507.042	-0.0528784
773500	-1468.651	0	-1468.651	-0.2341488
774000	-1327.327	0	-1327.327	-0.05578929
774500	-1484.193	0	-1484.193	-0.09332627
775000	-1491.612	0	-1491.612	0.08066396
775500	-1496.825	0	-1496.825	0.06930834
776000	-1591.339	0	-1591.339	0.03251316
776500	-1524.119	0	-1524.119	-0.2846977
777000	-1503.592	0	-1503.592	-0.4097128
777500	-1530.655	0	-1530.655	-0.2901689
778000	-1431.725	0	-1431.725	-0.4846904
778500	-1431.075	0	-1431.075	-0.4706359
779000	-1344.389	0	-1344.389	-0.3638394
779500	-1465.322	0	-1465.322	-0.5921353
780000	-1401.882	0	-1401.882	-0.3729748
780500	-1342.619	0	-1342.619	-0.5468695
781000	-1393.831	0	-1393.831	-0.4933896
781500	-1409.395	0	-1409.395	-0.5186733
782000	-1321.54	0	-1321.54	-0.5129574
782500	-1352.02	0	-1352.02	-0.5066665
783000	-1425.817	0	-1425.817	-0.2318372
783500	-1453.748	0	-1453.748	-0.2668475
784000	-1470.211	0	-1470.211	-0.3361515
784500	-1358.743	0	-1358.743	-0.4937205
785000	-1305.892	0	-1305.892	-0.4658338
785500	-1287.276	0	-1287.276	-0.443584
786000	-1272.787	0	-1272.787	-0.5469112
786500	-1246.415	0	-1246.415	-0.5241741
787000	-1263.577	0	-1263.577	-0.6095975
787500	-1313.076	0	-1313.076	-0.5873295
788000	-1302.226	0	-1302.226	-0.6458956
788500	-1285.624	0	-1285.624	-0.7271557
789000	-1293.141	0	-1293.141	-0.5932096
789500	-1304.953	0	-1304.953	-0.5339834
790000	-1276.33	0	-1276.33	-0.4930381
790500	-1292.124	0	-1292.124	-0.3666555
791000	-1288.756	0	-1288.756	-0.3482174
791500	-1308.707	0	-1308.707	-0.3256858
792000	-1348.659	0	-1348.659	-0.3889225
792500	-1297.188	0	-1297.188	-0.4739603
793000	-1232.382	0	-1232.382	-0.4422518
793500	-1165.577	0	-1165.577	-0.4775642
794000	-1371.518	0	-1371.518	-0.4037684
794500	-1329.94	0	-1329.94	-0.371462
795000	-1324.351	0	-1324.351	-0.3088888
795500	-1381.968	0	-1381.968	-0.2889166
796000	-1438.354	0	-1438.354	-0.3049962
796500	-1350.722	0	-1350.722	-0.3721684
797000	-1417.537	0	-1417.537	-0.4402214
797500	-1352.637	0	-1352.637	-0.4789265
798000	-1487.466	0	-1487.466	-0.5771072
798500	-1441.371	0	-1441.371	-0.2338111
799000	-1262.797	0	-1262.797	-0.3774673
799500	-1341.006	0	-1341.006	-0.4209172
800000	-1282.678	0	-1282.678	-0.4385213
800500	-1331.09	0	-1331.09	-0.4143662
801000	-1300.413	0	-1300.413	-0.4311606
801500	-1342.664	0	-1342.664	-0.4794964
802000	-1327.79	0	-1327.79	-0.5706506
802500	-1433.981	0	-1433.981	-0.5362281
803000	-1423.577	0	-1423.577	-0.503171
803500	-1517.683	0	-1517.683	-0.3891708
804000	-1545.678	0	-1545.678	-0.448397
804500	-1535.129	0	-1535.129	-0.4206146
805000	-1535.43	0	-1535.43	-0.4578338
805500	-1533.743	0	-1533.743	-0.5440702
806000	-1544.845	0	-1544.845	-0.4339176
806500	-1557.972	0	-1557.972	-0.5858695
807000	-1565.908	0	-1565.908	-0.3859182
807500	-1626.736	0	-1626.736	-0.4632702
808000	-1541.997	0	-1541.997	-0.2905024
808500	-1549.148	0	-1549.148	-0.331255
809000	-1517.26	0	-1517.26	-0.3954116
809500	-1498.861	0	-1498.861	-0.3576952
810000	-1484.423	0	-1484.423	-0.3636735
810500	-1462.658	0	-1462.658	-0.3082462
811000	-1485.606	0	-1485.606	-0.381692
811500	-1397.317	0	-1397.317	-0.3820003
812000	-1368.795	0	-1368.795	-0.5424069
812500	-1400.868	0	-1400.868	-0.5014222
813000	-1402.315	0	-1402.315	-0.3952349
813500	-1404.826	0	-1404.826	-0.2225455
814000	-1421.243	0	-1421.243	-0.4100974
814500	-1403.09	0	-1403.09	-0.5557464
815000	-1418.796	0	-1418.796	-0.3955989
815500	-1450.736	0	-1450.736	-0.2590469
816000	-1421.045	0	-1421.045	-0.4547436
816500	-1432.951	0	-1432.951	-0.3502358
817000	-1396.763	0	-1396.763	-0.2488421
817500	-1457.422	0	-1457.422	-0.06640752
818000	-1443.82	0	-1443.82	-0.226754
818500	-1437.435	0	-1437.435	-0.2629105
819000	-1552.583	0	-1552.583	-0.4142228
819500	-1555.915	0	-1555.915	-0.3669466
820000	-1497.806	0	-1497.806	-0.2152165
820500	-1445.556	0	-1445.556	-0.3109456
821000	-1468.864	0	-1468.864	-0.4125063
821500	-1474.255	0	-1474.255	-0.1784916
822000	-1435.971	0	-1435.971	-0.3321199
822500	-1421.357	0	-1421.357	-0.410917
823000	-1492.619	0	-1492.619	-0.4166635
823500	-1555.569	0	-1555.569	-0.3003367
824000	-1524.719	0	-1524.719	-0.2117175
824500	-1350.121	0	-1350.121	-0.4109959
825000	-1415.517	0	-1415.517	-0.3068549
825500	-1404.029	0	-1404.029	-0.2738212
826000	-1495.528	0	-1495.528	-0.2726155
826500	-1506.896	0	-1506.896	-0.1369022
827000	-1421.377	0	-1421.377	-0.2095343
827500	-1458.546	0	-1458.546	-0.2253444
828000	-1386.183	0	-1386.183	-0.4074911
828500	-1349.074	0	-1349.074	-0.3022396
829000	-1469.567	0	-1469.567	-0.1664835
829500	-1401.013	0	-1401.013	-0.2525276
830000	-1404.568	0	-1404.568	-0.330903
830500	-1390.964	0	-1390.964	-0.3248476
831000	-1452.214	0	-1452.214	-0.1939082
831500	-1479.893	0	-1479.893	-0.344429
832000	-1423.168	0	-1423.168	-0.3290325
832500	-1490.358	0	-1490.358	-0.2026702
833000	-1541.172	0	-1541.172	-0.2963202
833500	-1601.174	0	-1601.174	-0.1915479
834000	-1486.165	0	-1486.165	-0.2788843
834500	-1458.84	0	-1458.84	-0.2206735
835000	-1519.483	0	-1519.483	-0.2448231
835500	-1525.641	0	-1525.641	-0.2820778
836000	-1511.827	0	-1511.827	-0.284449
836500	-1390.262	0	-1390.262	-0.3649219
837000	-1374.841	0	-1374.841	-0.3800487
837500	-1377.393	0	-1377.393	-0.2923209
838000	-1351.271	0	-1351.271	-0.2419422
838500	-1463.269	0	-1463.269	-0.3203133
839000	-1472.536	0	-1472.536	-0.2307927
839500	-1422.365	0	-1422.365	-0.3166332
840000	-1416.66	0	-1416.66	-0.3799078
840500	-1399.398	0	-1399.398	-0.3410636
841000	-1450.521	0	-1450.521	-0.4813771
841500	-1498.085	0	-1498.085	-0.2804556
842000	-1516.575	0	-1516.575	-0.4262886
842500	-1482.885	0	-1482.885	-0.3782024
843000	-1483.762	0	-1483.762	-0.3157616
843500	-1461.453	0	-1461.453	-0.1977519
844000	-1429.661	0	-1429.661	-0.3293036
844500	-1478.391	0	-1478.391	-0.1792753
845000	-1459.056	0	-1459.056	-0.3474192
845500	-1467.705	0	-1467.705	-0.1702196
846000	-1526.892	0	-1526.892	-0.2327532
846500	-1499.168	0	-1499.168	-0.1069514
847000	-1456.157	0	-1456.157	-0.2029004
847500	-1499.681	0	-1499.681	-0.2392251
848000	-1573.004	0	-1573.004	-0.2962523
848500	-1521.04	0	-1521.04	-0.2489321
849000	-1500.82	0	-1500.82	-0.2864162
849500	-1512.303	0	-1512.303	-0.1247745
850000	-1534.359	0	-1534.359	-0.4256386
850500	-1562.189	0	-1562.189	-0.1077422
851000	-1525.812	0	-1525.812	-0.3587448
851500	-1488.234	0	-1488.234	-0.1497833
852000	-1491.509	0	-1491.509	-0.2846463
852500	-1409.522	0	-1409.522	-0.126277
853000	-1509.327	0	-1509.327	-0.01981699
853500	-1477.773	0	-1477.773	0.07454335
854000	-1522.477	0	-1522.477	-0.1207204
854500	-1484.313	0	-1484.313	-0.1726593
855000	-1417.56	0	-1417.56	-0.2861692
855500	-1414.223	0	-1414.223	-0.2741106
856000	-1418.645	0	-1418.645	-0.3443321
856500	-1369.157	0	-1369.157	-0.3043018
857000	-1464.348	0	-1464.348	-0.2672335
857500	-1352.866	0	-1352.866	-0.4422861
858000	-1448.107	0	-1448.107	-0.2114015
858500	-1470.241	0	-1470.241	-0.1090955
859000	-1450.527	0	-1450.527	-0.2583275
859500	-1494.792	0	-1494.792	-0.3800092
860000	-1503.345	0	-1503.345	-0.3904746
860500	-1420.96	0	-1420.96	-0.4412288
861000	-1396.723	0	-1396.723	-0.3035243
861500	-1344.803	0	-1344.803	-0.2468856
862000	-1378.875	0	-1378.875	-0.1925872
862500	-1426.472	0	-1426.472	-0.1720979
863000	-1421.378	0	-1421.378	-0.146981
863500	-1407.482	0	-1407.482	-0.1186382
864000	-1460.616	0	-1460.616	-0.3560108
864500	-1352.331	0	-1352.331	-0.3527853
865000	-1411.033	0	-1411.033	-0.404131
865500	-1510.612	0	-1510.612	-0.3093851
866000	-1384.582	0	-1384.582	-0.4954535
866500	-1415.462	0	-1415.462	-0.3972578
867000	-1482.639	0	-1482.639	-0.3380356
867500	-1520.467	0	-1520.467	-0.216575
868000	-1478.399	0	-1478.399	-0.09641367
868500	-1525.707	0	-1525.707	-0.07667602
869000	-1482.95	0	-1482.95	-0.09886072
869500	-1386.777	0	-1386.777	-0.08409865
870000	-1397.704	0	-1397.704	-0.1821539
870500	-1401.604	0	-1401.604	-0.240596
871000	-1426.234	0	-1426.234	-0.06393069
871500	-1347.816	0	-1347.816	-0.1505907
872000	-1450.342	0	-1450.342	-0.09299163
872500	-1427.166	0	-1427.166	-0.1879783
873000	-1420.242	0	-1420.242	-0.152382
873500	-1447.589	0	-1447.589	-0.1152088
874000	-1459.261	0	-1459.261	-0.1742657
874500	-1516.079	0	-1516.079	-0.1457496
875000	-1536.204	0	-1536.204	-0.03709183
875500	-1497.311	0	-1497.311	-0.01024932
876000	-1413.647	0	-1413.647	0.1373179
876500	-1450.506	0	-1450.506	-0.02976721
877000	-1315.198	0	-1315.198	-0.128298
877500	-1402.438	0	-1402.438	-0.121336
878000	-1398.602	0	-1398.602	-0.2235534
878500	-1400.951	0	-1400.951	-0.4787422
879000	-1322.273	0	-1322.273	-0.2278681
879500	-1339.349	0	-1339.349	-0.4094016
880000	-1381.196	0	-1381.196	-0.2559799
880500	-1320.292	0	-1320.292	-0.3058576
881000	-1345.031	0	-1345.031	-0.4005601
881500	-1315.622	0	-1315.622	-0.5282999
882000	-1361.424	0	-1361.424	-0.5054209
882500	-1397.339	0	-1397.339	-0.5431236
883000	-1402.173	0	-1402.173	-0.2747241
883500	-1495.976	0	-1495.976	-0.4245962
884000	-1423.843	0	-1423.843	-0.4848258
884500	-1343.394	0	-1343.394	-0.4323807
885000	-1375.047	0	-1375.047	-0.4193912
885500	-1436.636	0	-1436.636	-0.3528988
886000	-1452.445	0	-1452.445	-0.2432225
886500	-1444.574	0	-1444.574	-0.2033135
887000	-1462.119	0	-1462.119	-0.3423565
887500	-1553.473	0	-1553.473	-0.06575846
888000	-1431.219	0	-1431.219	-0.1393604
888500	-1530.714	0	-1530.714	-0.1356736
889000	-1451.077	0	-1451.077	-0.190369
889500	-1417.26	0	-1417.26	-0.3669524
890000	-1452.168	0	-1452.168	-0.2131225
890500	-1414.771	0	-1414.771	-0.1731978
891000	-1368.702	0	-1368.702	-0.1721496
891500	-1429.07	0	-1429.07	-0.3530658
892000	-1545.016	0	-1545.016	-0.109445
892500	-1540.793	0	-1540.793	-0.2339663
893000	-1508.937	0	-1508.937	-0.275791
893500	-1422.148	0	-1422.148	-0.451918
894000	-1439.874	0	-1439.874	-0.2714619
894500	-1524.114	0	-1524.114	-0.2134002
895000	-1497.512	0	-1497.512	-0.3986271
895500	-1487.357	0	-1487.357	-0.4933857
896000	-1458.995	0	-1458.995	-0.5143296
896500	-1473.149	0	-1473.149	-0.5448498
897000	-1498.151	0	-1498.151	-0.318489
897500	-1581.61	0	-1581.61	-0.1257175
898000	-1581.758	0	-1581.758	-0.1429934
898500	-1597.423	0	-1597.423	0.05351797
899000	-1566.013	0	-1566.013	-0.07540944
899500	-1512.851	0	-1512.851	-0.2231644
900000	-1524.741	0	-1524.741	-0.3348434
900500	-1602.903	0	-1602.903	-0.3423498
901000	-1493.016	0	-1493.016	-0.3302688
901500	-1552.761	0	-1552.761	-0.3537044
902000	-1540.764	0	-1540.764	-0.4740045
902500	-1542.152	0	-1542.152	-0.3885412
903000	-1597.648	0	-1597.648	-0.2053294
903500	-1673.823	0	-1673.823	-0.1635333
904000	-1605.208	0	-1605.208	-0.2021927
904500	-1596.788	0	-1596.788	-0.1015105
905000	-1521.023	0	-1521.023	-0.2112035
905500	-1450.924	0	-1450.924	-0.3999679
906000	-1468.345	0	-1468.345	-0.2861942
906500	-1504.817	0	-1504.817	-0.3871355
907000	-1454.358	0	-1454.358	-0.3423769
907500	-1487.964	0	-1487.964	-0.267905
908000	-1476.631	0	-1476.631	-0.3732201
908500	-1445.401	0	-1445.401	-0.4812678
909000	-1498.532	0	-1498.532	-0.4561863
909500	-1470.697	0	-1470.697	-0.5585573
910000	-1521.716	0	-1521.716	-0.383252
910500	-1587.485	0	-1587.485	-0.3191994
911000	-1505.293	0	-1505.293	-0.1182731
911500	-1452.445	0	-1452.445	-0.2125735
912000	-1443.857	0	-1443.857	-0.2426708
912500	-1551.925	0	-1551.925	-0.3638086
913000	-1440.457	0	-1440.457	-0.4659508
913500	-1529.457	0	-1529.457	-0.4887223
914000	-1461.604	0	-1461.604	-0.4713104
914500	-1382.764	0	-1382.764	-0.4453702
915000	-1413.599	0	-1413.599	-0.5068841
915500	-1397.693	0	-1397.693	-0.4111418
916000	-1433.039	0	-1433.039	-0.174923
916500	-1388.734	0	-1388.734	-0.1500943
917000	-1424.597	0	-1424.597	-0.4147651
917500	-1479.434	0	-1479.434	-0.353638
918000	-1515.975	0	-1515.975	-0.547638
918500	-1519.06	0	-1519.06	-0.2910335
919000	-1457.9	0	-1457.9	-0.50108
919500	-1525.581	0	-1525.581	-0.4707249
920000	-1528.273	0	-1528.273	-0.4493044
920500	-1476.913	0	-1476.913	-0.5174937
921000	-1505.224	0	-1505.224	-0.5345758
921500	-1496.888	0	-1496.888	-0.3923108
922000	-1446	0	-1446	-0.08730877
922500	-1497.59	0	-1497.59	-0.2410248
923000	-1446.812	0	-1446.812	-0.2360047
923500	-1338.013	0	-1338.013	-0.2412958
924000	-1365.629	0	-1365.629	-0.2132585
924500	-1424.473	0	-1424.473	-0.1600553
925000	-1353.844	0	-1353.844	-0.3608169
925500	-1369.148	0	-1369.148	-0.3209826
926000	-1383.916	0	-1383.916	-0.2993114
926500	-1399.161	0	-1399.161	-0.1539965
927000	-1351.421	0	-1351.421	-0.2382515
927500	-1245.409	0	-1245.409	-0.1584233
928000	-1268.295	0	-1268.295	-0.2725566
928500	-1217.842	0	-1217.842	-0.3160127
929000	-1227.03	0	-1227.03	-0.3000667
929500	-1246.365	0	-1246.365	-0.2794862
930000	-1200.011	0	-1200.011	-0.2347678
930500	-1184.752	0	-1184.752	-0.2418474
931000	-1265.707	0	-1265.707	-0.2377989
931500	-1389.713	0	-1389.713	-0.3423848
932000	-1284.498	0	-1284.498	-0.3055838
932500	-1275.831	0	-1275.831	-0.219864
933000	-1321.432	0	-1321.432	-0.1553954
933500	-1324.674	0	-1324.674	-0.2035784
934000	-1365.768	0	-1365.768	-0.1313245
934500	-1365.06	0	-1365.06	-0.1235862
935000	-1333.174	0	-1333.174	-0.1853217
935500	-1426.223	0	-1426.223	-0.15932
936000	-1491.409	0	-1491.409	-0.3073809
936500	-1434.613	0	-1434.613	-0.143132
937000	-1592.696	0	-1592.696	-0.3083045
937500	-1504.255	0	-1504.255	-0.3999861
938000	-1483.99	0	-1483.99	-0.198771
938500	-1408.284	0	-1408.284	-0.2550052
939000	-1408.785	0	-1408.785	-0.3253983
939500	-1429.871	0	-1429.871	-0.3038256
940000	-1445.889	0	-1445.889	-0.4102269
940500	-1457.108	0	-1457.108	-0.2189428
941000	-1451.952	0	-1451.952	-0.1595973
941500	-1437.373	0	-1437.373	-0.1584739
942000	-1488.104	0	-1488.104	-0.208539
942500	-1475.634	0	-1475.634	-0.2818848
943000	-1463.409	0	-1463.409	-0.1588835
943500	-1507.328	0	-1507.328	-0.1294467
944000	-1456.474	0	-1456.474	0.02560931
944500	-1524.123	0	-1524.123	-0.1365122
945000	-1550.911	0	-1550.911	-0.1598175
945500	-1527.468	0	-1527.468	-0.146578
946000	-1543.035	0	-1543.035	-0.2598404
946500	-1557.916	0	-1557.916	-0.3555302
947000	-1548.916	0	-1548.916	-0.2612662
947500	-1474.419	0	-1474.419	-0.301509
948000	-1489.422	0	-1489.422	-0.4513115
948500	-1501.272	0	-1501.272	-0.3955405
949000	-1503.107	0	-1503.107	-0.4171786
949500	-1438.593	0	-1438.593	-0.4036859
950000	-1560.294	0	-1560.294	-0.1221119
950500	-1533.107	0	-1533.107	-0.2233644
951000	-1528.277	0	-1528.277	-0.1466881
951500	-1534.847	0	-1534.847	-0.0225026
952000	-1522.494	0	-1522.494	-0.2340407
952500	-1593.247	0	-1593.247	-0.0458071
953000	-1583.94	0	-1583.94	-0.1997452
953500	-1574.386	0	-1574.386	-0.1387277
954000	-1473.883	0	-1473.883	-0.4492179
954500	-1575.419	0	-1575.419	-0.4286038
955000	-1568.344	0	-1568.344	-0.4297986
955500	-1598.18	0	-1598.18	-0.458314
956000	-1633.2	0	-1633.2	-0.1850122
956500	-1640.749	0	-1640.749	-0.1624483
957000	-1593.021	0	-1593.021	-0.3471867
957500	-1556.217	0	-1556.217	-0.3485683
958000	-1575.93	0	-1575.93	-0.1278317
958500	-1498.161	0	-1498.161	-0.1444605
959000	-1515.435	0	-1515.435	-0.08771052
959500	-1489.073	0	-1489.073	-0.0196223
960000	-1427.61	0	-1427.61	-0.1968816
960500	-1426.582	0	-1426.582	-0.5605907
961000	-1531.039	0	-1531.039	-0.3921265
961500	-1477.414	0	-1477.414	-0.5503611
962000	-1459.521	0	-1459.521	-0.5655623
962500	-1456.874	0	-1456.874	-0.5513776
963000	-1484.7	0	-1484.7	-0.405482
963500	-1366.573	0	-1366.573	-0.4630898
964000	-1408.235	0	-1408.235	-0.3263744
964500	-1494.589	0	-1494.589	-0.3771481
965000	-1458.331	0	-1458.331	-0.1732542
965500	-1493.868	0	-1493.868	-0.3218211
966000	-1559.084	0	-1559.084	-0.2857778
966500	-1564.568	0	-1564.568	-0.3230832
967000	-1469.465	0	-1469.465	-0.4516284
967500	-1446.459	0	-1446.459	-0.2948635
968000	-1431.874	0	-1431.874	-0.5003335
968500	-1423.845	0	-1423.845	-0.3487732
969000	-1474.891	0	-1474.891	-0.3572373
969500	-1480.141	0	-1480.141	-0.5330581
970000	-1429.765	0	-1429.765	-0.3703804
970500	-1554.742	0	-1554.742	-0.236663
971000	-1469.942	0	-1469.942	-0.1546277
971500	-1436.133	0	-1436.133	-0.1675594
972000	-1525.654	0	-1525.654	-0.03536158
972500	-1479.283	0	-1479.283	-0.1647865
973000	-1476.46	0	-1476.46	-0.001977232
973500	-1475.697	0	-1475.697	-0.1043935
974000	-1519.399	0	-1519.399	-0.1019712
974500	-1535.959	0	-1535.959	-0.03419367
975000	-1511.77	0	-1511.77	-0.3239763
975500	-1479.269	0	-1479.269	-0.2963793
976000	-1518.945	0	-1518.945	-0.1853551
976500	-1522.206	0	-1522.206	-0.3167825
977000	-1558.359	0	-1558.359	-0.0416614
977500	-1480.721	0	-1480.721	-0.2260425
978000	-1528.946	0	-1528.946	-0.1793031
978500	-1574.79	0	-1574.79	-0.2050387
979000	-1498.423	0	-1498.423	-0.2683657
979500	-1520.459	0	-1520.459	-0.2627582
980000	-1466.903	0	-1466.903	-0.396549
980500	-1468.619	0	-1468.619	-0.5817756
981000	-1486.089	0	-1486.089	-0.5725125
981500	-1542.882	0	-1542.882	-0.4555908
982000	-1410.131	0	-1410.131	-0.5130159
982500	-1449.644	0	-1449.644	-0.4521368
983000	-1415.199	0	-1415.199	-0.3271402
983500	-1449.644	0	-1449.644	-0.5402574
984000	-1518.418	0	-1518.418	-0.4406092
984500	-1440.162	0	-1440.162	-0.4226768
985000	-1452.683	0	-1452.683	-0.7021722
985500	-1476.574	0	-1476.574	-0.541495
986000	-1507.77	0	-1507.77	-0.2349722
986500	-1490.885	0	-1490.885	-0.1756704
987000	-1599.778	0	-1599.778	-0.2643086
987500	-1584.938	0	-1584.938	-0.1465875
988000	-1434.846	0	-1434.846	-0.3399161
988500	-1473.563	0	-1473.563	-0.3899356
989000	-1461.732	0	-1461.732	-0.4489726
989500	-1447.722	0	-1447.722	-0.6251793
990000	-1462.081	0	-1462.081	-0.3007997
990500	-1500.33	0	-1500.33	-0.1603559
991000	-1498.612	0	-1498.612	-0.3015755
991500	-1535.699	0	-1535.699	-0.2673773
992000	-1476.184	0	-1476.184	-0.2446565
992500	-1454.821	0	-1454.821	-0.4327295
993000	-1377.132	0	-1377.132	-0.3096675
993500	-1439.216	0	-1439.216	-0.4411046
994000	-1511.056	0	-1511.056	-0.2510275
994500	-1465.382	0	-1465.382	-0.3473191
995000	-1382	0	-1382	-0.3082414
995500	-1329.862	0	-1329.862	-0.4060717
996000	-1292.605	0	-1292.605	-0.4266149
996500	-1363.029	0	-1363.029	-0.3122765
997000	-1483.383	0	-1483.383	-0.2339809
997500	-1483.642	0	-1483.642	-0.2572588
998000	-1459.421	0	-1459.421	-0.315481
998500	-1470.617	0	-1470.617	-0.4347824
999000	-1418.322	0	-1418.322	-0.2207138
999500	-1387.591	0	-1387.591	-0.3214085
1000000	-1338.67	0	-1338.67	-0.2720168
