Iteration	Posterior	Likelihood	Prior	rho[1][3]
0	-2767.094	0	-2767.094	-0.2736238
500	-1833.808	0	-1833.808	-0.1281972
1000	-1810.64	0	-1810.64	-0.07298218
1500	-1789.017	0	-1789.017	-0.1651618
2000	-1738.503	0	-1738.503	-0.2500422
2500	-1747.798	0	-1747.798	-0.2273679
3000	-1702.748	0	-1702.748	-0.1560331
3500	-1715.047	0	-1715.047	-0.1592205
4000	-1743.436	0	-1743.436	-0.2198745
4500	-1660.366	0	-1660.366	-0.187939
5000	-1653.002	0	-1653.002	-0.2940981
5500	-1644.417	0	-1644.417	-0.1705565
6000	-1671.011	0	-1671.011	-0.3005073
6500	-1694.815	0	-1694.815	-0.2050179
7000	-1652.267	0	-1652.267	0.1070937
7500	-1676.815	0	-1676.815	-0.1963147
8000	-1657.212	0	-1657.212	-0.1618141
8500	-1646.412	0	-1646.412	-0.151249
9000	-1629.817	0	-1629.817	0.01464365
9500	-1682.457	0	-1682.457	-0.2024106
10000	-1585.742	0	-1585.742	0.1401053
10500	-1626.512	0	-1626.512	0.08627066
11000	-1649.935	0	-1649.935	0.05223813
11500	-1611	0	-1611	-0.3725527
12000	-1647.121	0	-1647.121	-0.3967354
12500	-1637.222	0	-1637.222	-0.181674
13000	-1634.307	0	-1634.307	-0.3631305
13500	-1710.281	0	-1710.281	-0.3867407
14000	-1641.434	0	-1641.434	-0.3755061
14500	-1633.002	0	-1633.002	-0.4004561
15000	-1654.661	0	-1654.661	-0.4204897
15500	-1672.531	0	-1672.531	-0.3807733
16000	-1570.103	0	-1570.103	-0.4772706
16500	-1599.341	0	-1599.341	-0.4827692
17000	-1498.971	0	-1498.971	-0.5536481
17500	-1543.947	0	-1543.947	-0.6636059
18000	-1559.423	0	-1559.423	-0.591979
18500	-1625.698	0	-1625.698	-0.4604569
19000	-1595.907	0	-1595.907	-0.5245617
19500	-1597.718	0	-1597.718	-0.513781
20000	-1628.388	0	-1628.388	-0.4262703
20500	-1598.409	0	-1598.409	-0.6110208
21000	-1615.475	0	-1615.475	-0.4530359
21500	-1600.019	0	-1600.019	-0.1869847
22000	-1607.516	0	-1607.516	-0.181119
22500	-1651.162	0	-1651.162	-0.3946825
23000	-1562.768	0	-1562.768	-0.2644629
23500	-1543.11	0	-1543.11	-0.4097142
24000	-1500.023	0	-1500.023	-0.420958
24500	-1529.498	0	-1529.498	-0.4823884
25000	-1528.523	0	-1528.523	-0.2140921
25500	-1566.233	0	-1566.233	-0.1041
26000	-1565.615	0	-1565.615	-0.3159852
26500	-1536.912	0	-1536.912	-0.3711167
27000	-1596.738	0	-1596.738	-0.4556621
27500	-1520.693	0	-1520.693	-0.3607273
28000	-1574.362	0	-1574.362	-0.4432234
28500	-1593.069	0	-1593.069	-0.2535019
29000	-1568.107	0	-1568.107	-0.2654706
29500	-1561.379	0	-1561.379	-0.476192
30000	-1555.988	0	-1555.988	-0.2947156
30500	-1586.861	0	-1586.861	-0.2016163
31000	-1541.078	0	-1541.078	-0.3493531
31500	-1564.972	0	-1564.972	-0.3846315
32000	-1573.671	0	-1573.671	-0.324655
32500	-1578.188	0	-1578.188	-0.3799993
33000	-1584.933	0	-1584.933	-0.467171
33500	-1647.742	0	-1647.742	-0.2874397
34000	-1646.651	0	-1646.651	-0.4192805
34500	-1615.477	0	-1615.477	-0.4208982
35000	-1595.85	0	-1595.85	-0.4176904
35500	-1594.776	0	-1594.776	-0.5711025
36000	-1599.007	0	-1599.007	-0.4496832
36500	-1562.7	0	-1562.7	-0.4874671
37000	-1570.442	0	-1570.442	-0.5783749
37500	-1583.729	0	-1583.729	-0.4626472
38000	-1559.956	0	-1559.956	-0.6239776
38500	-1540.706	0	-1540.706	-0.5670255
39000	-1539.188	0	-1539.188	-0.4557895
39500	-1504.775	0	-1504.775	-0.448027
40000	-1460.643	0	-1460.643	-0.4956208
40500	-1572.402	0	-1572.402	-0.5496284
41000	-1499.867	0	-1499.867	-0.5855306
41500	-1554.459	0	-1554.459	-0.5874651
42000	-1564.081	0	-1564.081	-0.430263
42500	-1611.642	0	-1611.642	-0.3391314
43000	-1559.631	0	-1559.631	-0.2978751
43500	-1546.896	0	-1546.896	-0.4987807
44000	-1526.823	0	-1526.823	-0.5479212
44500	-1585.789	0	-1585.789	-0.3563283
45000	-1510.764	0	-1510.764	-0.5320794
45500	-1552.8	0	-1552.8	-0.4969762
46000	-1567.132	0	-1567.132	-0.3272619
46500	-1482.78	0	-1482.78	-0.4908099
47000	-1599.632	0	-1599.632	-0.5461653
47500	-1596.586	0	-1596.586	-0.5042036
48000	-1526.387	0	-1526.387	-0.6154201
48500	-1525.308	0	-1525.308	-0.6413344
49000	-1534.618	0	-1534.618	-0.6238144
49500	-1569.467	0	-1569.467	-0.5924314
50000	-1556.234	0	-1556.234	-0.5246007
50500	-1469.916	0	-1469.916	-0.7095816
51000	-1534.29	0	-1534.29	-0.640797
51500	-1504.114	0	-1504.114	-0.6119369
52000	-1494.628	0	-1494.628	-0.5618536
52500	-1423.75	0	-1423.75	-0.5473542
53000	-1422.352	0	-1422.352	-0.5602722
53500	-1437.871	0	-1437.871	-0.7148749
54000	-1502.103	0	-1502.103	-0.6480523
54500	-1542.058	0	-1542.058	-0.5923394
55000	-1519.605	0	-1519.605	-0.4546082
55500	-1447.67	0	-1447.67	-0.5584933
56000	-1543.289	0	-1543.289	-0.4565785
56500	-1538.08	0	-1538.08	-0.2942855
57000	-1481.698	0	-1481.698	-0.315441
57500	-1452.419	0	-1452.419	-0.5698145
58000	-1516.348	0	-1516.348	-0.6767504
58500	-1464.428	0	-1464.428	-0.6156384
59000	-1495.71	0	-1495.71	-0.5640079
59500	-1498.938	0	-1498.938	-0.6865421
60000	-1543.473	0	-1543.473	-0.6946781
60500	-1552.617	0	-1552.617	-0.6740228
61000	-1488.325	0	-1488.325	-0.6030722
61500	-1533.475	0	-1533.475	-0.4235748
62000	-1584.346	0	-1584.346	-0.5925632
62500	-1651.285	0	-1651.285	-0.5626205
63000	-1591.337	0	-1591.337	-0.5763475
63500	-1558.035	0	-1558.035	-0.4957031
64000	-1597.553	0	-1597.553	-0.3246701
64500	-1473.305	0	-1473.305	-0.3651566
65000	-1482.464	0	-1482.464	-0.4643921
65500	-1446.76	0	-1446.76	-0.4324654
66000	-1465.381	0	-1465.381	-0.4674085
66500	-1480.667	0	-1480.667	-0.5357454
67000	-1529.438	0	-1529.438	-0.3532274
67500	-1488.075	0	-1488.075	-0.2050994
68000	-1564.566	0	-1564.566	-0.4662212
68500	-1530.018	0	-1530.018	-0.5075615
69000	-1541.108	0	-1541.108	-0.4599406
69500	-1574.823	0	-1574.823	-0.421466
70000	-1598.121	0	-1598.121	-0.3395893
70500	-1502.014	0	-1502.014	-0.4511253
71000	-1518.647	0	-1518.647	-0.4066252
71500	-1571.351	0	-1571.351	-0.5416155
72000	-1611.153	0	-1611.153	-0.3938057
72500	-1635.57	0	-1635.57	-0.4019122
73000	-1619.849	0	-1619.849	-0.481678
73500	-1610.561	0	-1610.561	-0.2241645
74000	-1558.767	0	-1558.767	-0.4526553
74500	-1591.135	0	-1591.135	-0.3148518
75000	-1582.095	0	-1582.095	-0.5163885
75500	-1563.908	0	-1563.908	-0.5167541
76000	-1591.598	0	-1591.598	-0.4428043
76500	-1612.722	0	-1612.722	-0.3449849
77000	-1626.31	0	-1626.31	-0.2746577
77500	-1643.625	0	-1643.625	-0.1720905
78000	-1572.136	0	-1572.136	-0.2251492
78500	-1591.45	0	-1591.45	-0.0850179
79000	-1582.214	0	-1582.214	-0.05889981
79500	-1559.972	0	-1559.972	-0.2256613
80000	-1559.02	0	-1559.02	-0.08854533
80500	-1602.434	0	-1602.434	-0.1169201
81000	-1550.711	0	-1550.711	-0.3530498
81500	-1597.551	0	-1597.551	-0.354399
82000	-1561.884	0	-1561.884	-0.07810629
82500	-1516.635	0	-1516.635	-0.3957147
83000	-1492.482	0	-1492.482	-0.4101304
83500	-1561.476	0	-1561.476	-0.5037446
84000	-1500.495	0	-1500.495	-0.6110585
84500	-1398.064	0	-1398.064	-0.6227148
85000	-1409.944	0	-1409.944	-0.6140995
85500	-1488.504	0	-1488.504	-0.4883339
86000	-1489.208	0	-1489.208	-0.5098637
86500	-1446.507	0	-1446.507	-0.5861287
87000	-1423.036	0	-1423.036	-0.6247073
87500	-1398.791	0	-1398.791	-0.6180037
88000	-1502.351	0	-1502.351	-0.5240669
88500	-1522.44	0	-1522.44	-0.4383257
89000	-1467.827	0	-1467.827	-0.4814223
89500	-1499.5	0	-1499.5	-0.511922
90000	-1477.357	0	-1477.357	-0.2914933
90500	-1497.482	0	-1497.482	-0.1924449
91000	-1554.161	0	-1554.161	-0.398342
91500	-1542.283	0	-1542.283	-0.2992404
92000	-1496.497	0	-1496.497	-0.4053698
92500	-1458.557	0	-1458.557	-0.2710761
93000	-1487.952	0	-1487.952	-0.3576911
93500	-1505.687	0	-1505.687	-0.2499582
94000	-1483.734	0	-1483.734	-0.3467969
94500	-1503.545	0	-1503.545	-0.3352575
95000	-1501.153	0	-1501.153	-0.2440176
95500	-1561.039	0	-1561.039	-0.2572958
96000	-1520.893	0	-1520.893	-0.2508639
96500	-1514.003	0	-1514.003	-0.1754312
97000	-1599.651	0	-1599.651	-0.1747467
97500	-1624.69	0	-1624.69	-0.3084906
98000	-1582.878	0	-1582.878	-0.4681904
98500	-1605.536	0	-1605.536	-0.3951269
99000	-1585.987	0	-1585.987	-0.2957544
99500	-1582.154	0	-1582.154	-0.4373332
100000	-1557.619	0	-1557.619	-0.5720488
100500	-1584.827	0	-1584.827	-0.4038203
101000	-1525.727	0	-1525.727	-0.3941094
101500	-1513.413	0	-1513.413	-0.2855833
102000	-1472.612	0	-1472.612	-0.4370918
102500	-1476.373	0	-1476.373	-0.4573062
103000	-1547.857	0	-1547.857	-0.2698576
103500	-1529.621	0	-1529.621	-0.2312301
104000	-1598.468	0	-1598.468	-0.3301592
104500	-1502.405	0	-1502.405	-0.3443122
105000	-1462.005	0	-1462.005	-0.2642783
105500	-1481.303	0	-1481.303	-0.3362198
106000	-1421.423	0	-1421.423	-0.3779928
106500	-1407.38	0	-1407.38	-0.4151441
107000	-1398.534	0	-1398.534	-0.3521984
107500	-1444.409	0	-1444.409	-0.3296415
108000	-1393.127	0	-1393.127	-0.3564588
108500	-1509.526	0	-1509.526	-0.3228941
109000	-1548.675	0	-1548.675	-0.4343758
109500	-1505.081	0	-1505.081	-0.4529722
110000	-1425.077	0	-1425.077	-0.3905422
110500	-1550.273	0	-1550.273	-0.4027235
111000	-1541.343	0	-1541.343	-0.499221
111500	-1558.843	0	-1558.843	-0.4070235
112000	-1586.068	0	-1586.068	-0.5703541
112500	-1546.372	0	-1546.372	-0.5479616
113000	-1503.11	0	-1503.11	-0.5936972
113500	-1568.408	0	-1568.408	-0.47854
114000	-1481.407	0	-1481.407	-0.4445229
114500	-1517.522	0	-1517.522	-0.5831562
115000	-1535.29	0	-1535.29	-0.6608918
115500	-1532.401	0	-1532.401	-0.6691561
116000	-1451.216	0	-1451.216	-0.6230579
116500	-1463.953	0	-1463.953	-0.6709497
117000	-1560.455	0	-1560.455	-0.5690091
117500	-1578.993	0	-1578.993	-0.3879851
118000	-1495.957	0	-1495.957	-0.4525374
118500	-1438.05	0	-1438.05	-0.4892298
119000	-1465.93	0	-1465.93	-0.5330154
119500	-1527.139	0	-1527.139	-0.548453
120000	-1485.349	0	-1485.349	-0.4272142
120500	-1501.912	0	-1501.912	-0.4021919
121000	-1493.087	0	-1493.087	-0.4399831
121500	-1421.324	0	-1421.324	-0.6118745
122000	-1414.309	0	-1414.309	-0.5970258
122500	-1497.125	0	-1497.125	-0.555777
123000	-1554.896	0	-1554.896	-0.5109347
123500	-1485.575	0	-1485.575	-0.4484961
124000	-1554.107	0	-1554.107	-0.3773961
124500	-1548.131	0	-1548.131	-0.2684012
125000	-1512.675	0	-1512.675	-0.4829229
125500	-1482.373	0	-1482.373	-0.3324098
126000	-1548.01	0	-1548.01	-0.4233255
126500	-1571.544	0	-1571.544	-0.3325251
127000	-1554.398	0	-1554.398	-0.4551415
127500	-1551.961	0	-1551.961	-0.29444
128000	-1554.542	0	-1554.542	-0.3518331
128500	-1591.598	0	-1591.598	-0.2313308
129000	-1559.032	0	-1559.032	-0.3383118
129500	-1593.937	0	-1593.937	-0.4234912
130000	-1608.297	0	-1608.297	-0.4693551
130500	-1645.97	0	-1645.97	-0.191255
131000	-1603.65	0	-1603.65	-0.3466268
131500	-1615.466	0	-1615.466	-0.2075993
132000	-1565.89	0	-1565.89	-0.1918014
132500	-1529.354	0	-1529.354	-0.4061577
133000	-1603.217	0	-1603.217	-0.1181469
133500	-1624.699	0	-1624.699	-0.2703866
134000	-1624.347	0	-1624.347	-0.4087678
134500	-1592.622	0	-1592.622	-0.3967771
135000	-1556.978	0	-1556.978	-0.7175712
135500	-1533.52	0	-1533.52	-0.6068753
136000	-1584.693	0	-1584.693	-0.3750658
136500	-1514.661	0	-1514.661	-0.490943
137000	-1521.26	0	-1521.26	-0.5595745
137500	-1562.209	0	-1562.209	-0.3827006
138000	-1542.259	0	-1542.259	-0.2487209
138500	-1511.084	0	-1511.084	-0.3251876
139000	-1517.473	0	-1517.473	-0.4179813
139500	-1532.77	0	-1532.77	-0.4858184
140000	-1559.573	0	-1559.573	-0.486833
140500	-1575.692	0	-1575.692	-0.4237338
141000	-1501.965	0	-1501.965	-0.4396856
141500	-1544.82	0	-1544.82	-0.3973757
142000	-1527.826	0	-1527.826	-0.2449195
142500	-1511.361	0	-1511.361	-0.3645917
143000	-1536.593	0	-1536.593	-0.3850088
143500	-1538.373	0	-1538.373	-0.3397482
144000	-1507.194	0	-1507.194	-0.4120352
144500	-1540.988	0	-1540.988	-0.2952443
145000	-1543.632	0	-1543.632	-0.4243814
145500	-1492.345	0	-1492.345	-0.5487791
146000	-1426.123	0	-1426.123	-0.3839664
146500	-1518.416	0	-1518.416	-0.4123734
147000	-1403.523	0	-1403.523	-0.6038426
147500	-1341.267	0	-1341.267	-0.5727979
148000	-1351.352	0	-1351.352	-0.6178022
148500	-1330.085	0	-1330.085	-0.5322167
149000	-1392.49	0	-1392.49	-0.4836429
149500	-1472.011	0	-1472.011	-0.4501707
150000	-1386.556	0	-1386.556	-0.4628554
150500	-1375.273	0	-1375.273	-0.4826957
151000	-1331.14	0	-1331.14	-0.4525084
151500	-1374.881	0	-1374.881	-0.4322357
152000	-1422.941	0	-1422.941	-0.460878
152500	-1417.092	0	-1417.092	-0.5353647
153000	-1420.75	0	-1420.75	-0.5237947
153500	-1510.414	0	-1510.414	-0.4577856
154000	-1518.636	0	-1518.636	-0.5050725
154500	-1434.042	0	-1434.042	-0.6670112
155000	-1534.174	0	-1534.174	-0.5832044
155500	-1493.056	0	-1493.056	-0.4812065
156000	-1462.638	0	-1462.638	-0.395901
156500	-1380.806	0	-1380.806	-0.4134388
157000	-1434.5	0	-1434.5	-0.506392
157500	-1571.854	0	-1571.854	-0.4158246
158000	-1583.122	0	-1583.122	-0.475854
158500	-1539.288	0	-1539.288	-0.4631873
159000	-1549.768	0	-1549.768	-0.3909358
159500	-1579.969	0	-1579.969	-0.3142438
160000	-1558.83	0	-1558.83	-0.4290682
160500	-1550.534	0	-1550.534	-0.5111108
161000	-1576.92	0	-1576.92	-0.3779994
161500	-1612.745	0	-1612.745	-0.4085365
162000	-1581.721	0	-1581.721	-0.461076
162500	-1554.724	0	-1554.724	-0.4557398
163000	-1554.291	0	-1554.291	-0.4510832
163500	-1566.075	0	-1566.075	-0.4442764
164000	-1525.514	0	-1525.514	-0.3279194
164500	-1557.484	0	-1557.484	-0.2218853
165000	-1556.098	0	-1556.098	-0.254515
165500	-1523.742	0	-1523.742	-0.1455569
166000	-1551.095	0	-1551.095	-0.3017539
166500	-1512.073	0	-1512.073	-0.4147314
167000	-1497.22	0	-1497.22	-0.3542225
167500	-1523.217	0	-1523.217	-0.30453
168000	-1557.762	0	-1557.762	-0.1986304
168500	-1566.671	0	-1566.671	-0.1470935
169000	-1500.734	0	-1500.734	-0.4400054
169500	-1556.564	0	-1556.564	-0.2948791
170000	-1603.605	0	-1603.605	-0.1599805
170500	-1534.808	0	-1534.808	-0.1642647
171000	-1475.437	0	-1475.437	0.0340831
171500	-1578.879	0	-1578.879	-0.057802
172000	-1625.306	0	-1625.306	-0.2329729
172500	-1545.411	0	-1545.411	-0.320851
173000	-1548.13	0	-1548.13	-0.1849586
173500	-1618.875	0	-1618.875	-0.256536
174000	-1499.596	0	-1499.596	-0.03662529
174500	-1562.269	0	-1562.269	-0.2658892
175000	-1522.557	0	-1522.557	-0.4000322
175500	-1513.236	0	-1513.236	-0.3753367
176000	-1558.512	0	-1558.512	-0.4330686
176500	-1538.929	0	-1538.929	-0.389362
177000	-1537.259	0	-1537.259	-0.3251061
177500	-1487.309	0	-1487.309	-0.4313907
178000	-1476.472	0	-1476.472	-0.5865809
178500	-1470.143	0	-1470.143	-0.5371215
179000	-1457.976	0	-1457.976	-0.4841465
179500	-1465.84	0	-1465.84	-0.4251921
180000	-1497.984	0	-1497.984	-0.4151589
180500	-1543.811	0	-1543.811	-0.5292069
181000	-1535.874	0	-1535.874	-0.494817
181500	-1540.14	0	-1540.14	-0.4926479
182000	-1508.735	0	-1508.735	-0.5899882
182500	-1537.513	0	-1537.513	-0.3320094
183000	-1425.236	0	-1425.236	-0.5986514
183500	-1375.113	0	-1375.113	-0.6553441
184000	-1405.347	0	-1405.347	-0.543103
184500	-1426.221	0	-1426.221	-0.5796749
185000	-1509.98	0	-1509.98	-0.5190982
185500	-1452.523	0	-1452.523	-0.4635781
186000	-1394.714	0	-1394.714	-0.3487038
186500	-1406.863	0	-1406.863	-0.1766407
187000	-1505.39	0	-1505.39	-0.5190083
187500	-1492.933	0	-1492.933	-0.5376257
188000	-1514.26	0	-1514.26	-0.3174409
188500	-1498.848	0	-1498.848	-0.5040321
189000	-1430.135	0	-1430.135	-0.3266437
189500	-1516.118	0	-1516.118	-0.5510908
190000	-1514.803	0	-1514.803	-0.3633393
190500	-1571.475	0	-1571.475	-0.5042651
191000	-1561.111	0	-1561.111	-0.5392791
191500	-1592.096	0	-1592.096	-0.578672
192000	-1510.999	0	-1510.999	-0.3685384
192500	-1502.731	0	-1502.731	-0.3094203
193000	-1513.768	0	-1513.768	-0.2405812
193500	-1419.382	0	-1419.382	-0.2436615
194000	-1415.576	0	-1415.576	-0.2224709
194500	-1413.806	0	-1413.806	-0.1814211
195000	-1315.162	0	-1315.162	-0.213507
195500	-1326.717	0	-1326.717	-0.2864666
196000	-1353.165	0	-1353.165	-0.214009
196500	-1469.817	0	-1469.817	-0.2094872
197000	-1497.244	0	-1497.244	-0.178628
197500	-1501.646	0	-1501.646	-0.3433328
198000	-1532.878	0	-1532.878	-0.2050709
198500	-1558.972	0	-1558.972	-0.2775123
199000	-1581.649	0	-1581.649	-0.2272634
199500	-1505.175	0	-1505.175	-0.251952
200000	-1485.542	0	-1485.542	-0.5109136
200500	-1556.409	0	-1556.409	-0.462011
201000	-1536.732	0	-1536.732	-0.4763261
201500	-1506.362	0	-1506.362	-0.5257401
202000	-1562.631	0	-1562.631	-0.525626
202500	-1583.123	0	-1583.123	-0.3549526
203000	-1593.806	0	-1593.806	-0.4082792
203500	-1565.779	0	-1565.779	-0.4344194
204000	-1627.28	0	-1627.28	-0.3058241
204500	-1602.587	0	-1602.587	-0.3351061
205000	-1518.363	0	-1518.363	-0.2449362
205500	-1571.065	0	-1571.065	-0.2553707
206000	-1570.704	0	-1570.704	-0.4059995
206500	-1538.433	0	-1538.433	-0.4305231
207000	-1552.134	0	-1552.134	-0.4876999
207500	-1563.669	0	-1563.669	-0.4618093
208000	-1516.62	0	-1516.62	-0.5138356
208500	-1530.918	0	-1530.918	-0.5486026
209000	-1463.456	0	-1463.456	-0.4473928
209500	-1413.331	0	-1413.331	-0.4376237
210000	-1347.447	0	-1347.447	-0.4815104
210500	-1433.145	0	-1433.145	-0.3957238
211000	-1493.399	0	-1493.399	-0.3925609
211500	-1458.234	0	-1458.234	-0.4877974
212000	-1417.314	0	-1417.314	-0.5392569
212500	-1431.333	0	-1431.333	-0.545568
213000	-1463.545	0	-1463.545	-0.6043064
213500	-1555.623	0	-1555.623	-0.450778
214000	-1503.549	0	-1503.549	-0.4987525
214500	-1526.65	0	-1526.65	-0.4778897
215000	-1471.445	0	-1471.445	-0.338501
215500	-1454.577	0	-1454.577	-0.3759311
216000	-1493.184	0	-1493.184	-0.4917355
216500	-1472.969	0	-1472.969	-0.4877002
217000	-1521.768	0	-1521.768	-0.4217307
217500	-1473.198	0	-1473.198	-0.6852591
218000	-1402.023	0	-1402.023	-0.6704756
218500	-1454.649	0	-1454.649	-0.6677662
219000	-1370.966	0	-1370.966	-0.5180136
219500	-1530.926	0	-1530.926	-0.3365803
220000	-1435.319	0	-1435.319	-0.4357534
220500	-1450.435	0	-1450.435	-0.3885546
221000	-1412.683	0	-1412.683	-0.4126511
221500	-1393.926	0	-1393.926	-0.401113
222000	-1435.621	0	-1435.621	-0.4345344
222500	-1480.599	0	-1480.599	-0.4691944
223000	-1321.893	0	-1321.893	-0.5458971
223500	-1338.43	0	-1338.43	-0.4765259
224000	-1373.811	0	-1373.811	-0.4432257
224500	-1406.44	0	-1406.44	-0.392491
225000	-1493.416	0	-1493.416	-0.3111519
225500	-1453.491	0	-1453.491	-0.3746499
226000	-1435.369	0	-1435.369	-0.5360514
226500	-1461.821	0	-1461.821	-0.3078879
227000	-1415.252	0	-1415.252	-0.4388433
227500	-1378.57	0	-1378.57	-0.4751498
228000	-1451.552	0	-1451.552	-0.3848987
228500	-1388.278	0	-1388.278	-0.523913
229000	-1368.632	0	-1368.632	-0.4750886
229500	-1373.334	0	-1373.334	-0.5596119
230000	-1410.981	0	-1410.981	-0.5539646
230500	-1514.514	0	-1514.514	-0.4581598
231000	-1530.573	0	-1530.573	-0.3708203
231500	-1543.202	0	-1543.202	-0.5137282
232000	-1568.892	0	-1568.892	-0.4762575
232500	-1558.005	0	-1558.005	-0.3536518
233000	-1518.313	0	-1518.313	-0.4988796
233500	-1518.884	0	-1518.884	-0.4632898
234000	-1559.058	0	-1559.058	-0.3431067
234500	-1561.389	0	-1561.389	-0.5192899
235000	-1404.137	0	-1404.137	-0.5073237
235500	-1437.88	0	-1437.88	-0.4959152
236000	-1453.474	0	-1453.474	-0.4902769
236500	-1476.668	0	-1476.668	-0.4609638
237000	-1484.973	0	-1484.973	-0.4391049
237500	-1471.359	0	-1471.359	-0.2338028
238000	-1452.269	0	-1452.269	-0.3613639
238500	-1575.262	0	-1575.262	-0.4100967
239000	-1541.988	0	-1541.988	-0.2906651
239500	-1559.005	0	-1559.005	-0.3573876
240000	-1526.747	0	-1526.747	-0.4824149
240500	-1516.425	0	-1516.425	-0.5956284
241000	-1478.991	0	-1478.991	-0.547457
241500	-1469.793	0	-1469.793	-0.5322866
242000	-1408.609	0	-1408.609	-0.5691662
242500	-1439.393	0	-1439.393	-0.542454
243000	-1456.109	0	-1456.109	-0.4971137
243500	-1546.751	0	-1546.751	-0.5959037
244000	-1493.291	0	-1493.291	-0.5582866
244500	-1572.706	0	-1572.706	-0.5595504
245000	-1497.646	0	-1497.646	-0.6538083
245500	-1444.858	0	-1444.858	-0.5575376
246000	-1389.612	0	-1389.612	-0.5233482
246500	-1494.984	0	-1494.984	-0.4359775
247000	-1444.665	0	-1444.665	-0.4616012
247500	-1486.804	0	-1486.804	-0.3968006
248000	-1389.387	0	-1389.387	-0.4211581
248500	-1511.46	0	-1511.46	-0.3585299
249000	-1512.125	0	-1512.125	-0.3492239
249500	-1459.919	0	-1459.919	-0.3797006
250000	-1513.93	0	-1513.93	-0.4798297
250500	-1492.597	0	-1492.597	-0.4778841
251000	-1441.494	0	-1441.494	-0.4741328
251500	-1451.905	0	-1451.905	-0.4742685
252000	-1433.105	0	-1433.105	-0.346084
252500	-1452.538	0	-1452.538	-0.3531324
253000	-1377.782	0	-1377.782	-0.506713
253500	-1429.663	0	-1429.663	-0.2310113
254000	-1409.718	0	-1409.718	-0.3864278
254500	-1527.149	0	-1527.149	-0.3866079
255000	-1427.412	0	-1427.412	-0.4470596
255500	-1448.017	0	-1448.017	-0.2770382
256000	-1524.501	0	-1524.501	-0.3631621
256500	-1513.488	0	-1513.488	-0.272604
257000	-1452.578	0	-1452.578	-0.47431
257500	-1413.501	0	-1413.501	-0.4666107
258000	-1320.168	0	-1320.168	-0.4290663
258500	-1421.79	0	-1421.79	-0.4781202
259000	-1519.228	0	-1519.228	-0.3498812
259500	-1511.641	0	-1511.641	-0.6019201
260000	-1488.003	0	-1488.003	-0.5177106
260500	-1470.159	0	-1470.159	-0.4898365
261000	-1437.012	0	-1437.012	-0.4661649
261500	-1447.551	0	-1447.551	-0.4658691
262000	-1487.255	0	-1487.255	-0.4450425
262500	-1456.049	0	-1456.049	-0.3759581
263000	-1422.93	0	-1422.93	-0.4054722
263500	-1508.015	0	-1508.015	-0.4053893
264000	-1473.71	0	-1473.71	-0.4069554
264500	-1475.975	0	-1475.975	-0.2753595
265000	-1451.124	0	-1451.124	-0.2942248
265500	-1453.812	0	-1453.812	-0.3073569
266000	-1487.694	0	-1487.694	-0.3185086
266500	-1526.917	0	-1526.917	-0.3993865
267000	-1520.108	0	-1520.108	-0.2071301
267500	-1525.524	0	-1525.524	-0.4612091
268000	-1497.903	0	-1497.903	-0.3612174
268500	-1569.476	0	-1569.476	-0.5458198
269000	-1556.512	0	-1556.512	-0.5767347
269500	-1535.923	0	-1535.923	-0.2873916
270000	-1464.994	0	-1464.994	-0.2268682
270500	-1544.213	0	-1544.213	-0.132909
271000	-1490.7	0	-1490.7	-0.2871496
271500	-1510.231	0	-1510.231	-0.3142784
272000	-1524.232	0	-1524.232	-0.2052624
272500	-1492.236	0	-1492.236	-0.2682536
273000	-1502.92	0	-1502.92	-0.1384753
273500	-1538.882	0	-1538.882	-0.27366
274000	-1569.413	0	-1569.413	-0.2953298
274500	-1534.52	0	-1534.52	-0.184617
275000	-1468.403	0	-1468.403	-0.1938699
275500	-1448.96	0	-1448.96	-0.2512519
276000	-1425.97	0	-1425.97	-0.3374895
276500	-1408.969	0	-1408.969	-0.4490523
277000	-1417.56	0	-1417.56	-0.3094287
277500	-1369.576	0	-1369.576	-0.281773
278000	-1369.128	0	-1369.128	-0.3368428
278500	-1327.076	0	-1327.076	-0.2986059
279000	-1357.29	0	-1357.29	-0.4196747
279500	-1353.813	0	-1353.813	-0.3922551
280000	-1377.032	0	-1377.032	-0.4868129
280500	-1413.388	0	-1413.388	-0.5294028
281000	-1467.839	0	-1467.839	-0.6326664
281500	-1479.426	0	-1479.426	-0.588145
282000	-1540.06	0	-1540.06	-0.5029021
282500	-1567.366	0	-1567.366	-0.3700625
283000	-1545.075	0	-1545.075	-0.4191855
283500	-1486.043	0	-1486.043	-0.6761374
284000	-1400.053	0	-1400.053	-0.6362909
284500	-1569.702	0	-1569.702	-0.5850754
285000	-1505.44	0	-1505.44	-0.5979203
285500	-1358.185	0	-1358.185	-0.7046708
286000	-1325.712	0	-1325.712	-0.7162372
286500	-1366.014	0	-1366.014	-0.5949503
287000	-1404.661	0	-1404.661	-0.5431237
287500	-1386.581	0	-1386.581	-0.5537031
288000	-1367.678	0	-1367.678	-0.5022513
288500	-1422.015	0	-1422.015	-0.5332558
289000	-1447.275	0	-1447.275	-0.5904487
289500	-1457.368	0	-1457.368	-0.6161353
290000	-1492.74	0	-1492.74	-0.46179
290500	-1488.987	0	-1488.987	-0.4258194
291000	-1452.856	0	-1452.856	-0.4742985
291500	-1515.554	0	-1515.554	-0.373125
292000	-1414.128	0	-1414.128	-0.437551
292500	-1386.885	0	-1386.885	-0.5956606
293000	-1422.248	0	-1422.248	-0.6512337
293500	-1398.724	0	-1398.724	-0.525863
294000	-1456.28	0	-1456.28	-0.4911086
294500	-1476.662	0	-1476.662	-0.4404136
295000	-1478.185	0	-1478.185	-0.3855726
295500	-1530.932	0	-1530.932	-0.4358074
296000	-1602.409	0	-1602.409	-0.349839
296500	-1539.468	0	-1539.468	-0.4202036
297000	-1544.603	0	-1544.603	-0.5007148
297500	-1600.107	0	-1600.107	-0.434146
298000	-1600.536	0	-1600.536	-0.3941219
298500	-1576.386	0	-1576.386	-0.3387621
299000	-1586.436	0	-1586.436	-0.3563127
299500	-1547.437	0	-1547.437	-0.4850427
300000	-1503.979	0	-1503.979	-0.3733785
300500	-1444.582	0	-1444.582	-0.4470387
301000	-1469.348	0	-1469.348	-0.3630605
301500	-1581.025	0	-1581.025	-0.3307977
302000	-1571.534	0	-1571.534	-0.28371
302500	-1480.516	0	-1480.516	-0.3861529
303000	-1494.494	0	-1494.494	-0.4504296
303500	-1438.119	0	-1438.119	-0.5061628
304000	-1525.313	0	-1525.313	-0.4227625
304500	-1547.578	0	-1547.578	-0.549552
305000	-1536.677	0	-1536.677	-0.4593547
305500	-1604.358	0	-1604.358	-0.3655622
306000	-1588.967	0	-1588.967	-0.3564925
306500	-1494.663	0	-1494.663	-0.4750537
307000	-1514.591	0	-1514.591	-0.4399777
307500	-1519.122	0	-1519.122	-0.2185816
308000	-1486.697	0	-1486.697	-0.3321077
308500	-1442.21	0	-1442.21	-0.5548751
309000	-1463.537	0	-1463.537	-0.5533052
309500	-1464.184	0	-1464.184	-0.4835465
310000	-1389.867	0	-1389.867	-0.4111594
310500	-1547.32	0	-1547.32	-0.4275813
311000	-1553.419	0	-1553.419	-0.4482235
311500	-1528.991	0	-1528.991	-0.5442778
312000	-1494.7	0	-1494.7	-0.484579
312500	-1532.559	0	-1532.559	-0.280107
313000	-1530.117	0	-1530.117	-0.327945
313500	-1454.754	0	-1454.754	-0.4547783
314000	-1407.535	0	-1407.535	-0.5407573
314500	-1546.429	0	-1546.429	-0.4543149
315000	-1486.013	0	-1486.013	-0.5534186
315500	-1527.72	0	-1527.72	-0.4892998
316000	-1478.794	0	-1478.794	-0.3943431
316500	-1460.547	0	-1460.547	-0.521354
317000	-1441.44	0	-1441.44	-0.3864811
317500	-1413.193	0	-1413.193	-0.5314001
318000	-1460.386	0	-1460.386	-0.6212592
318500	-1345.808	0	-1345.808	-0.6011064
319000	-1353.67	0	-1353.67	-0.6111666
319500	-1354.694	0	-1354.694	-0.6409735
320000	-1361.267	0	-1361.267	-0.5839064
320500	-1341.206	0	-1341.206	-0.5513534
321000	-1401.964	0	-1401.964	-0.5898793
321500	-1464.027	0	-1464.027	-0.5819817
322000	-1513.223	0	-1513.223	-0.5291385
322500	-1550.794	0	-1550.794	-0.5783662
323000	-1558.932	0	-1558.932	-0.5461425
323500	-1518.185	0	-1518.185	-0.4684461
324000	-1483.582	0	-1483.582	-0.464827
324500	-1501.21	0	-1501.21	-0.3851412
325000	-1535.241	0	-1535.241	-0.5062341
325500	-1540.978	0	-1540.978	-0.34236
326000	-1502.571	0	-1502.571	-0.4399437
326500	-1447.395	0	-1447.395	-0.3330706
327000	-1458.124	0	-1458.124	-0.3624546
327500	-1416.145	0	-1416.145	-0.492425
328000	-1410.344	0	-1410.344	-0.3543261
328500	-1363.268	0	-1363.268	-0.4800018
329000	-1408.249	0	-1408.249	-0.561124
329500	-1472.539	0	-1472.539	-0.6126233
330000	-1510.084	0	-1510.084	-0.6047001
330500	-1447.142	0	-1447.142	-0.609722
331000	-1457.024	0	-1457.024	-0.5069576
331500	-1444.787	0	-1444.787	-0.4690569
332000	-1451.374	0	-1451.374	-0.5036927
332500	-1497.187	0	-1497.187	-0.512041
333000	-1465.206	0	-1465.206	-0.4821714
333500	-1554.417	0	-1554.417	-0.317488
334000	-1407.558	0	-1407.558	-0.3535598
334500	-1387.13	0	-1387.13	-0.3574311
335000	-1421.521	0	-1421.521	-0.4761548
335500	-1393.637	0	-1393.637	-0.3086304
336000	-1340.368	0	-1340.368	-0.307847
336500	-1375.789	0	-1375.789	-0.3976277
337000	-1442.369	0	-1442.369	-0.3908336
337500	-1382.42	0	-1382.42	-0.4430954
338000	-1405.891	0	-1405.891	-0.336572
338500	-1362.836	0	-1362.836	-0.3450792
339000	-1344.028	0	-1344.028	-0.2901678
339500	-1398.192	0	-1398.192	-0.2862963
340000	-1435.979	0	-1435.979	-0.1850846
340500	-1470.486	0	-1470.486	-0.1457421
341000	-1433.944	0	-1433.944	-0.4406382
341500	-1468.447	0	-1468.447	-0.4898166
342000	-1438.655	0	-1438.655	-0.4153145
342500	-1525.412	0	-1525.412	-0.3608901
343000	-1482.654	0	-1482.654	-0.5032248
343500	-1562.435	0	-1562.435	-0.4007191
344000	-1538.567	0	-1538.567	-0.3282897
344500	-1450.758	0	-1450.758	-0.3938184
345000	-1415.968	0	-1415.968	-0.4085351
345500	-1470.231	0	-1470.231	-0.5261149
346000	-1454.858	0	-1454.858	-0.546721
346500	-1511.884	0	-1511.884	-0.5472224
347000	-1523.807	0	-1523.807	-0.5302221
347500	-1488.422	0	-1488.422	-0.6170173
348000	-1540.652	0	-1540.652	-0.7130184
348500	-1530.062	0	-1530.062	-0.667236
349000	-1497.331	0	-1497.331	-0.6217263
349500	-1525.81	0	-1525.81	-0.3894814
350000	-1553.592	0	-1553.592	-0.2142472
350500	-1520.56	0	-1520.56	-0.3834443
351000	-1440.269	0	-1440.269	-0.417541
351500	-1593.515	0	-1593.515	-0.2115825
352000	-1535.929	0	-1535.929	-0.4468511
352500	-1581.752	0	-1581.752	-0.34827
353000	-1572.441	0	-1572.441	-0.4080809
353500	-1544.063	0	-1544.063	-0.3677618
354000	-1548.043	0	-1548.043	-0.4145297
354500	-1470.553	0	-1470.553	-0.5350989
355000	-1430.774	0	-1430.774	-0.5807939
355500	-1534.668	0	-1534.668	-0.5918004
356000	-1465.561	0	-1465.561	-0.602793
356500	-1413.373	0	-1413.373	-0.6721342
357000	-1324.626	0	-1324.626	-0.7409794
357500	-1488.146	0	-1488.146	-0.7208292
358000	-1387.1	0	-1387.1	-0.7586554
358500	-1320.112	0	-1320.112	-0.7151143
359000	-1374.63	0	-1374.63	-0.7293738
359500	-1383.703	0	-1383.703	-0.6625742
360000	-1344.131	0	-1344.131	-0.6746766
360500	-1321.011	0	-1321.011	-0.6366081
361000	-1301.963	0	-1301.963	-0.6639572
361500	-1368.298	0	-1368.298	-0.6901269
362000	-1401.603	0	-1401.603	-0.7253665
362500	-1297.363	0	-1297.363	-0.7520364
363000	-1365.367	0	-1365.367	-0.7205115
363500	-1405.118	0	-1405.118	-0.6624052
364000	-1436.689	0	-1436.689	-0.6424977
364500	-1518.164	0	-1518.164	-0.6052423
365000	-1504.983	0	-1504.983	-0.6748015
365500	-1566.494	0	-1566.494	-0.5994496
366000	-1445.2	0	-1445.2	-0.5185948
366500	-1543.296	0	-1543.296	-0.4178566
367000	-1541.475	0	-1541.475	-0.2166325
367500	-1553.925	0	-1553.925	-0.4011264
368000	-1542.408	0	-1542.408	-0.4600694
368500	-1550.855	0	-1550.855	-0.4401602
369000	-1591.035	0	-1591.035	-0.5059909
369500	-1538.021	0	-1538.021	-0.3528506
370000	-1520.758	0	-1520.758	-0.5463746
370500	-1456.251	0	-1456.251	-0.5568627
371000	-1565.729	0	-1565.729	-0.4775788
371500	-1548.292	0	-1548.292	-0.2492612
372000	-1490.726	0	-1490.726	-0.4020847
372500	-1485.833	0	-1485.833	-0.4163917
373000	-1456.462	0	-1456.462	-0.4729885
373500	-1433.497	0	-1433.497	-0.4559011
374000	-1501.462	0	-1501.462	-0.4839197
374500	-1519.763	0	-1519.763	-0.3982818
375000	-1541.915	0	-1541.915	-0.3551761
375500	-1469.591	0	-1469.591	-0.5151224
376000	-1497.978	0	-1497.978	-0.4313828
376500	-1413.9	0	-1413.9	-0.5443099
377000	-1472.705	0	-1472.705	-0.4687098
377500	-1502.968	0	-1502.968	-0.4632259
378000	-1549.863	0	-1549.863	-0.3466086
378500	-1535.863	0	-1535.863	-0.4452357
379000	-1541.906	0	-1541.906	-0.4472932
379500	-1563.474	0	-1563.474	-0.4683135
380000	-1510.86	0	-1510.86	-0.436446
380500	-1452.914	0	-1452.914	-0.4399935
381000	-1472	0	-1472	-0.5400414
381500	-1414.862	0	-1414.862	-0.5549135
382000	-1556.312	0	-1556.312	-0.1715516
382500	-1436.109	0	-1436.109	-0.3832935
383000	-1433.434	0	-1433.434	-0.5500829
383500	-1406.381	0	-1406.381	-0.5541769
384000	-1365.702	0	-1365.702	-0.5963878
384500	-1342.809	0	-1342.809	-0.5906355
385000	-1351.872	0	-1351.872	-0.527681
385500	-1398.171	0	-1398.171	-0.5347942
386000	-1369.47	0	-1369.47	-0.4369737
386500	-1453.44	0	-1453.44	-0.3383319
387000	-1345.032	0	-1345.032	-0.4758465
387500	-1360.387	0	-1360.387	-0.5694672
388000	-1376.006	0	-1376.006	-0.524356
388500	-1414.808	0	-1414.808	-0.5669005
389000	-1369.526	0	-1369.526	-0.590241
389500	-1396.794	0	-1396.794	-0.6482081
390000	-1326.612	0	-1326.612	-0.5835147
390500	-1356.035	0	-1356.035	-0.463599
391000	-1361.071	0	-1361.071	-0.5028553
391500	-1421.561	0	-1421.561	-0.4424622
392000	-1378.065	0	-1378.065	-0.5334506
392500	-1395.475	0	-1395.475	-0.3722147
393000	-1450.095	0	-1450.095	-0.2962994
393500	-1314.573	0	-1314.573	-0.4824262
394000	-1340.858	0	-1340.858	-0.5662631
394500	-1404.03	0	-1404.03	-0.4989286
395000	-1337.365	0	-1337.365	-0.6112365
395500	-1433.436	0	-1433.436	-0.647212
396000	-1350.137	0	-1350.137	-0.7023484
396500	-1417.055	0	-1417.055	-0.6615246
397000	-1466.522	0	-1466.522	-0.6132084
397500	-1425.642	0	-1425.642	-0.6845879
398000	-1504.958	0	-1504.958	-0.4502748
398500	-1456.342	0	-1456.342	-0.2182061
399000	-1497.636	0	-1497.636	-0.3086747
399500	-1489.39	0	-1489.39	-0.50174
400000	-1489.143	0	-1489.143	-0.4634307
400500	-1464.344	0	-1464.344	-0.3432037
401000	-1394.29	0	-1394.29	-0.5302272
401500	-1436.223	0	-1436.223	-0.321113
402000	-1412.41	0	-1412.41	-0.2706297
402500	-1472.455	0	-1472.455	-0.3498522
403000	-1483.522	0	-1483.522	-0.3703354
403500	-1471.965	0	-1471.965	-0.4487485
404000	-1509.46	0	-1509.46	-0.4187128
404500	-1527.253	0	-1527.253	-0.3584865
405000	-1394.042	0	-1394.042	-0.3482669
405500	-1520.153	0	-1520.153	-0.4370276
406000	-1390.485	0	-1390.485	-0.5226579
406500	-1518.505	0	-1518.505	-0.3603066
407000	-1492.706	0	-1492.706	-0.5628575
407500	-1494.135	0	-1494.135	-0.4939535
408000	-1513.763	0	-1513.763	-0.5590437
408500	-1534.423	0	-1534.423	-0.500032
409000	-1531.894	0	-1531.894	-0.4938229
409500	-1446.788	0	-1446.788	-0.5214346
410000	-1501.235	0	-1501.235	-0.5917133
410500	-1479.863	0	-1479.863	-0.6504123
411000	-1458.158	0	-1458.158	-0.6452904
411500	-1419.123	0	-1419.123	-0.5995647
412000	-1502.834	0	-1502.834	-0.4171885
412500	-1438.704	0	-1438.704	-0.5175422
413000	-1398.991	0	-1398.991	-0.4083795
413500	-1398.968	0	-1398.968	-0.4061887
414000	-1359.813	0	-1359.813	-0.3843818
414500	-1341.552	0	-1341.552	-0.4133387
415000	-1393.858	0	-1393.858	-0.4813381
415500	-1483.37	0	-1483.37	-0.3865915
416000	-1487.297	0	-1487.297	-0.6161101
416500	-1512.363	0	-1512.363	-0.4845597
417000	-1427.463	0	-1427.463	-0.5662209
417500	-1482.504	0	-1482.504	-0.5711784
418000	-1479.271	0	-1479.271	-0.5809876
418500	-1492.854	0	-1492.854	-0.5796111
419000	-1460.754	0	-1460.754	-0.6464673
419500	-1390.648	0	-1390.648	-0.6986865
420000	-1406.655	0	-1406.655	-0.6137225
420500	-1458.199	0	-1458.199	-0.5807716
421000	-1415.621	0	-1415.621	-0.6594156
421500	-1432.764	0	-1432.764	-0.6564424
422000	-1458.174	0	-1458.174	-0.7202072
422500	-1526.632	0	-1526.632	-0.6357999
423000	-1504.369	0	-1504.369	-0.5008111
423500	-1468.027	0	-1468.027	-0.5942191
424000	-1481.588	0	-1481.588	-0.4518021
424500	-1439.906	0	-1439.906	-0.2336546
425000	-1412.957	0	-1412.957	-0.398341
425500	-1415.2	0	-1415.2	-0.4151788
426000	-1530.357	0	-1530.357	-0.305043
426500	-1470.076	0	-1470.076	-0.4640653
427000	-1523.683	0	-1523.683	-0.3300999
427500	-1497.1	0	-1497.1	-0.3424484
428000	-1393.448	0	-1393.448	-0.3729971
428500	-1426.543	0	-1426.543	-0.3191804
429000	-1415.107	0	-1415.107	-0.4543133
429500	-1351.644	0	-1351.644	-0.4329643
430000	-1454.7	0	-1454.7	-0.3642961
430500	-1438.438	0	-1438.438	-0.3161286
431000	-1383.493	0	-1383.493	-0.3899413
431500	-1371.709	0	-1371.709	-0.4067889
432000	-1391.26	0	-1391.26	-0.4066297
432500	-1349.432	0	-1349.432	-0.4691983
433000	-1395.416	0	-1395.416	-0.4545581
433500	-1436.02	0	-1436.02	-0.4657307
434000	-1468.052	0	-1468.052	-0.3350689
434500	-1498.264	0	-1498.264	-0.396644
435000	-1457.821	0	-1457.821	-0.3983553
435500	-1390.102	0	-1390.102	-0.3994127
436000	-1454.707	0	-1454.707	-0.465563
436500	-1482.837	0	-1482.837	-0.5868443
437000	-1454.281	0	-1454.281	-0.6486288
437500	-1397.003	0	-1397.003	-0.5427394
438000	-1437.791	0	-1437.791	-0.3287028
438500	-1480.05	0	-1480.05	-0.6016453
439000	-1527.555	0	-1527.555	-0.6668122
439500	-1578.228	0	-1578.228	-0.5614759
440000	-1566.078	0	-1566.078	-0.4984926
440500	-1514.764	0	-1514.764	-0.5618312
441000	-1426.519	0	-1426.519	-0.7086967
441500	-1502.68	0	-1502.68	-0.565949
442000	-1441.77	0	-1441.77	-0.5957227
442500	-1447.806	0	-1447.806	-0.5806445
443000	-1447.202	0	-1447.202	-0.559776
443500	-1449.504	0	-1449.504	-0.6113302
444000	-1451.443	0	-1451.443	-0.5763917
444500	-1417.284	0	-1417.284	-0.4907135
445000	-1480.031	0	-1480.031	-0.2645487
445500	-1561.673	0	-1561.673	-0.355689
446000	-1440.923	0	-1440.923	-0.3538094
446500	-1505.832	0	-1505.832	-0.3198578
447000	-1470.081	0	-1470.081	-0.2968264
447500	-1377.713	0	-1377.713	-0.5088334
448000	-1451.836	0	-1451.836	-0.4874314
448500	-1463.308	0	-1463.308	-0.6764503
449000	-1337.905	0	-1337.905	-0.6541843
449500	-1365.325	0	-1365.325	-0.6900186
450000	-1443.82	0	-1443.82	-0.6125084
450500	-1416.138	0	-1416.138	-0.4812091
451000	-1441.537	0	-1441.537	-0.4727798
451500	-1472.019	0	-1472.019	-0.467611
452000	-1447.475	0	-1447.475	-0.4609781
452500	-1530.285	0	-1530.285	-0.4640615
453000	-1448.446	0	-1448.446	-0.5128676
453500	-1529.112	0	-1529.112	-0.5931674
454000	-1563.173	0	-1563.173	-0.5573694
454500	-1570.964	0	-1570.964	-0.5758729
455000	-1553.415	0	-1553.415	-0.4815905
455500	-1592.315	0	-1592.315	-0.3609847
456000	-1603.119	0	-1603.119	-0.359411
456500	-1435.679	0	-1435.679	-0.4950486
457000	-1468.818	0	-1468.818	-0.3048281
457500	-1526.179	0	-1526.179	-0.4634867
458000	-1484.037	0	-1484.037	-0.4935471
458500	-1482.435	0	-1482.435	-0.5316101
459000	-1432.805	0	-1432.805	-0.6072699
459500	-1426.473	0	-1426.473	-0.568332
460000	-1399.453	0	-1399.453	-0.6886856
460500	-1476.586	0	-1476.586	-0.6352087
461000	-1432.567	0	-1432.567	-0.6237249
461500	-1457.82	0	-1457.82	-0.7013114
462000	-1432.695	0	-1432.695	-0.5555103
462500	-1445.509	0	-1445.509	-0.6532376
463000	-1402.567	0	-1402.567	-0.6698113
463500	-1496.634	0	-1496.634	-0.6791279
464000	-1529.004	0	-1529.004	-0.7184976
464500	-1521.078	0	-1521.078	-0.5357143
465000	-1492.103	0	-1492.103	-0.5206874
465500	-1437.304	0	-1437.304	-0.6169164
466000	-1402.313	0	-1402.313	-0.6622003
466500	-1410.266	0	-1410.266	-0.6039695
467000	-1498.384	0	-1498.384	-0.5791824
467500	-1521.025	0	-1521.025	-0.6093857
468000	-1346.994	0	-1346.994	-0.5567281
468500	-1424.23	0	-1424.23	-0.5243438
469000	-1460.615	0	-1460.615	-0.4546297
469500	-1475.71	0	-1475.71	-0.4736036
470000	-1469.994	0	-1469.994	-0.5455596
470500	-1476.831	0	-1476.831	-0.5523366
471000	-1492.915	0	-1492.915	-0.5768838
471500	-1560.079	0	-1560.079	-0.4141388
472000	-1525.024	0	-1525.024	-0.5038413
472500	-1547.311	0	-1547.311	-0.4862351
473000	-1540.715	0	-1540.715	-0.4864701
473500	-1478.414	0	-1478.414	-0.5879173
474000	-1456.037	0	-1456.037	-0.5223707
474500	-1430.65	0	-1430.65	-0.5687856
475000	-1395.138	0	-1395.138	-0.6860066
475500	-1364.443	0	-1364.443	-0.749475
476000	-1361.422	0	-1361.422	-0.7355505
476500	-1479.874	0	-1479.874	-0.4762419
477000	-1454.885	0	-1454.885	-0.4634992
477500	-1442.089	0	-1442.089	-0.4716952
478000	-1356.75	0	-1356.75	-0.6508587
478500	-1471.096	0	-1471.096	-0.6963598
479000	-1451.554	0	-1451.554	-0.5045054
479500	-1491.506	0	-1491.506	-0.3947213
480000	-1466.824	0	-1466.824	-0.4895974
480500	-1415.791	0	-1415.791	-0.5848765
481000	-1508.145	0	-1508.145	-0.5243539
481500	-1454.988	0	-1454.988	-0.3657599
482000	-1521.037	0	-1521.037	-0.3928421
482500	-1470.463	0	-1470.463	-0.503983
483000	-1530.748	0	-1530.748	-0.5815101
483500	-1516.838	0	-1516.838	-0.5003241
484000	-1534.063	0	-1534.063	-0.6040511
484500	-1515.534	0	-1515.534	-0.4455708
485000	-1542.409	0	-1542.409	-0.5203698
485500	-1542.998	0	-1542.998	-0.3168721
486000	-1458.337	0	-1458.337	-0.5370244
486500	-1562.02	0	-1562.02	-0.4033705
487000	-1507.386	0	-1507.386	-0.3933896
487500	-1535.18	0	-1535.18	-0.4123683
488000	-1444.379	0	-1444.379	-0.6178863
488500	-1472.706	0	-1472.706	-0.3616857
489000	-1440.486	0	-1440.486	-0.5688486
489500	-1460.15	0	-1460.15	-0.6265953
490000	-1439.931	0	-1439.931	-0.6226525
490500	-1418.691	0	-1418.691	-0.5692281
491000	-1547.656	0	-1547.656	-0.4233998
491500	-1524.149	0	-1524.149	-0.5604324
492000	-1498.827	0	-1498.827	-0.4765519
492500	-1500.775	0	-1500.775	-0.4340922
493000	-1475.38	0	-1475.38	-0.39039
493500	-1488.084	0	-1488.084	-0.5263801
494000	-1524.639	0	-1524.639	-0.4570849
494500	-1519.298	0	-1519.298	-0.3017614
495000	-1562.883	0	-1562.883	-0.414299
495500	-1562.187	0	-1562.187	-0.4814466
496000	-1527.62	0	-1527.62	-0.3672928
496500	-1429.692	0	-1429.692	-0.5189533
497000	-1547.92	0	-1547.92	-0.5231541
497500	-1488.934	0	-1488.934	-0.4556751
498000	-1555.744	0	-1555.744	-0.4713231
498500	-1420.76	0	-1420.76	-0.5197326
499000	-1434.568	0	-1434.568	-0.5332427
499500	-1360.115	0	-1360.115	-0.5108911
500000	-1502.294	0	-1502.294	-0.4114221
500500	-1366.089	0	-1366.089	-0.4487371
501000	-1409.833	0	-1409.833	-0.3140574
501500	-1472.861	0	-1472.861	-0.3342693
502000	-1472.935	0	-1472.935	-0.3907443
502500	-1504.132	0	-1504.132	-0.3015798
503000	-1406.156	0	-1406.156	-0.3135082
503500	-1474.978	0	-1474.978	-0.3006754
504000	-1402.348	0	-1402.348	-0.4129698
504500	-1420.381	0	-1420.381	-0.2774963
505000	-1466.329	0	-1466.329	-0.2193875
505500	-1571.564	0	-1571.564	-0.4105189
506000	-1490.806	0	-1490.806	-0.4990613
506500	-1508.117	0	-1508.117	-0.2285874
507000	-1500.637	0	-1500.637	-0.255188
507500	-1499.761	0	-1499.761	-0.2525964
508000	-1458.377	0	-1458.377	-0.1985207
508500	-1489.71	0	-1489.71	-0.259377
509000	-1443.649	0	-1443.649	-0.3007839
509500	-1453.837	0	-1453.837	-0.2097524
510000	-1492.158	0	-1492.158	-0.3328803
510500	-1515.585	0	-1515.585	-0.395579
511000	-1526.135	0	-1526.135	-0.5185954
511500	-1442.801	0	-1442.801	-0.6404377
512000	-1499.382	0	-1499.382	-0.5920198
512500	-1500.182	0	-1500.182	-0.3470021
513000	-1542.371	0	-1542.371	-0.2916608
513500	-1522.448	0	-1522.448	-0.2407528
514000	-1447.442	0	-1447.442	-0.3821086
514500	-1423.474	0	-1423.474	-0.5457464
515000	-1505.594	0	-1505.594	-0.27342
515500	-1463.995	0	-1463.995	-0.2380254
516000	-1432.517	0	-1432.517	-0.2721703
516500	-1404.688	0	-1404.688	-0.5018755
517000	-1413.494	0	-1413.494	-0.4660887
517500	-1423.213	0	-1423.213	-0.4529487
518000	-1486.957	0	-1486.957	-0.5724039
518500	-1484.49	0	-1484.49	-0.6177912
519000	-1442.055	0	-1442.055	-0.3788529
519500	-1416.228	0	-1416.228	-0.539934
520000	-1408.596	0	-1408.596	-0.5857567
520500	-1410.365	0	-1410.365	-0.4880858
521000	-1432.245	0	-1432.245	-0.4923161
521500	-1450.242	0	-1450.242	-0.5125853
522000	-1439.685	0	-1439.685	-0.610354
522500	-1435.256	0	-1435.256	-0.6480516
523000	-1464.514	0	-1464.514	-0.6563984
523500	-1427.856	0	-1427.856	-0.7187065
524000	-1415.059	0	-1415.059	-0.6083073
524500	-1451.22	0	-1451.22	-0.5928656
525000	-1415.06	0	-1415.06	-0.5648541
525500	-1511.692	0	-1511.692	-0.4462346
526000	-1547.012	0	-1547.012	-0.3881596
526500	-1467.39	0	-1467.39	-0.5666385
527000	-1517.012	0	-1517.012	-0.5471941
527500	-1370.247	0	-1370.247	-0.7100617
528000	-1496.057	0	-1496.057	-0.4562389
528500	-1558.744	0	-1558.744	-0.4338993
529000	-1525.101	0	-1525.101	-0.2768584
529500	-1543.285	0	-1543.285	-0.5042566
530000	-1506.764	0	-1506.764	-0.4961612
530500	-1558.194	0	-1558.194	-0.3058592
531000	-1559.88	0	-1559.88	-0.3946731
531500	-1576.661	0	-1576.661	-0.4136429
532000	-1522.779	0	-1522.779	-0.3186787
532500	-1455.94	0	-1455.94	-0.5579898
533000	-1478.647	0	-1478.647	-0.5325748
533500	-1501.499	0	-1501.499	-0.505422
534000	-1432.248	0	-1432.248	-0.483326
534500	-1438.507	0	-1438.507	-0.3677633
535000	-1416	0	-1416	-0.367411
535500	-1421.819	0	-1421.819	-0.4109576
536000	-1507.791	0	-1507.791	-0.3641546
536500	-1438.397	0	-1438.397	-0.4002961
537000	-1497.018	0	-1497.018	-0.339025
537500	-1442.156	0	-1442.156	-0.2308705
538000	-1444.736	0	-1444.736	-0.3333996
538500	-1402.441	0	-1402.441	-0.2363725
539000	-1441.4	0	-1441.4	-0.2530969
539500	-1478.351	0	-1478.351	-0.3890219
540000	-1491.763	0	-1491.763	-0.2765308
540500	-1457.134	0	-1457.134	-0.3862372
541000	-1439.147	0	-1439.147	-0.4909443
541500	-1519.695	0	-1519.695	-0.322413
542000	-1445.804	0	-1445.804	-0.4978104
542500	-1415.305	0	-1415.305	-0.4323839
543000	-1512.565	0	-1512.565	-0.3075065
543500	-1543.893	0	-1543.893	-0.4463408
544000	-1561.331	0	-1561.331	-0.455499
544500	-1450.683	0	-1450.683	-0.5416852
545000	-1422.696	0	-1422.696	-0.5892784
545500	-1357.17	0	-1357.17	-0.5524896
546000	-1282.966	0	-1282.966	-0.5933311
546500	-1253.433	0	-1253.433	-0.6009171
547000	-1265.996	0	-1265.996	-0.6325301
547500	-1366.909	0	-1366.909	-0.6567555
548000	-1412.488	0	-1412.488	-0.6262444
548500	-1390.488	0	-1390.488	-0.5149492
549000	-1303.12	0	-1303.12	-0.5607897
549500	-1232.618	0	-1232.618	-0.5546785
550000	-1297.678	0	-1297.678	-0.5342092
550500	-1311.7	0	-1311.7	-0.5217699
551000	-1220.965	0	-1220.965	-0.5308709
551500	-1271.303	0	-1271.303	-0.5203775
552000	-1288.385	0	-1288.385	-0.4981047
552500	-1300.52	0	-1300.52	-0.42657
553000	-1232.813	0	-1232.813	-0.3960109
553500	-1258.903	0	-1258.903	-0.4341433
554000	-1365.284	0	-1365.284	-0.4566456
554500	-1380.449	0	-1380.449	-0.4359692
555000	-1360.146	0	-1360.146	-0.6383637
555500	-1335.206	0	-1335.206	-0.6032854
556000	-1477.184	0	-1477.184	-0.5490824
556500	-1509.407	0	-1509.407	-0.5128623
557000	-1523.705	0	-1523.705	-0.6481838
557500	-1500.475	0	-1500.475	-0.5368874
558000	-1434.946	0	-1434.946	-0.5071911
558500	-1454.411	0	-1454.411	-0.3815196
559000	-1411.9	0	-1411.9	-0.4423423
559500	-1461.72	0	-1461.72	-0.4558446
560000	-1472.942	0	-1472.942	-0.391639
560500	-1306.737	0	-1306.737	-0.4439486
561000	-1394.501	0	-1394.501	-0.4265186
561500	-1348.047	0	-1348.047	-0.4263844
562000	-1393.613	0	-1393.613	-0.4335364
562500	-1371.779	0	-1371.779	-0.4571262
563000	-1309.317	0	-1309.317	-0.4257517
563500	-1324.723	0	-1324.723	-0.4093538
564000	-1359.657	0	-1359.657	-0.4109614
564500	-1355.245	0	-1355.245	-0.3373029
565000	-1410.768	0	-1410.768	-0.4164045
565500	-1429.56	0	-1429.56	-0.5438862
566000	-1473.581	0	-1473.581	-0.4640677
566500	-1491.847	0	-1491.847	-0.5762719
567000	-1446.799	0	-1446.799	-0.5251998
567500	-1453.541	0	-1453.541	-0.4247115
568000	-1415.052	0	-1415.052	-0.2689201
568500	-1387.667	0	-1387.667	-0.3376485
569000	-1460.246	0	-1460.246	-0.2744767
569500	-1479.21	0	-1479.21	-0.3085937
570000	-1435.012	0	-1435.012	-0.3419687
570500	-1487.922	0	-1487.922	-0.2247741
571000	-1402.492	0	-1402.492	-0.5247132
571500	-1403.718	0	-1403.718	-0.5057674
572000	-1382.1	0	-1382.1	-0.4939214
572500	-1404.602	0	-1404.602	-0.4754304
573000	-1420.31	0	-1420.31	-0.4186788
573500	-1415.983	0	-1415.983	-0.4316018
574000	-1498.686	0	-1498.686	-0.3604305
574500	-1481.813	0	-1481.813	-0.5348007
575000	-1418.434	0	-1418.434	-0.6397813
575500	-1428.562	0	-1428.562	-0.6314566
576000	-1394.473	0	-1394.473	-0.6270703
576500	-1332.969	0	-1332.969	-0.7338789
577000	-1429.384	0	-1429.384	-0.5776509
577500	-1376.281	0	-1376.281	-0.4420608
578000	-1375.6	0	-1375.6	-0.4838699
578500	-1420.776	0	-1420.776	-0.5609717
579000	-1416.022	0	-1416.022	-0.5694692
579500	-1427.331	0	-1427.331	-0.4533478
580000	-1410.823	0	-1410.823	-0.5380903
580500	-1398.991	0	-1398.991	-0.5191395
581000	-1393.732	0	-1393.732	-0.5796642
581500	-1402.996	0	-1402.996	-0.5915654
582000	-1454.088	0	-1454.088	-0.5498606
582500	-1383.371	0	-1383.371	-0.4810877
583000	-1340.736	0	-1340.736	-0.6376242
583500	-1466.592	0	-1466.592	-0.5651297
584000	-1488.219	0	-1488.219	-0.5592337
584500	-1458.528	0	-1458.528	-0.5723488
585000	-1390.605	0	-1390.605	-0.6514298
585500	-1360.768	0	-1360.768	-0.7275842
586000	-1426.45	0	-1426.45	-0.7191369
586500	-1452.489	0	-1452.489	-0.6753761
587000	-1425.255	0	-1425.255	-0.7193134
587500	-1554.271	0	-1554.271	-0.4789052
588000	-1459.168	0	-1459.168	-0.6976134
588500	-1402.149	0	-1402.149	-0.6918774
589000	-1462.298	0	-1462.298	-0.6203003
589500	-1420.697	0	-1420.697	-0.647143
590000	-1404.112	0	-1404.112	-0.7604599
590500	-1394.559	0	-1394.559	-0.7543968
591000	-1326.97	0	-1326.97	-0.799898
591500	-1358.083	0	-1358.083	-0.7997459
592000	-1350.08	0	-1350.08	-0.7932418
592500	-1315.719	0	-1315.719	-0.7768722
593000	-1345.496	0	-1345.496	-0.7140901
593500	-1412.167	0	-1412.167	-0.5091782
594000	-1435.778	0	-1435.778	-0.5300163
594500	-1422.794	0	-1422.794	-0.5846158
595000	-1507.03	0	-1507.03	-0.4745304
595500	-1424.536	0	-1424.536	-0.4817972
596000	-1402.804	0	-1402.804	-0.6747529
596500	-1454.754	0	-1454.754	-0.6881625
597000	-1352.078	0	-1352.078	-0.7036648
597500	-1362.706	0	-1362.706	-0.6893291
598000	-1448.051	0	-1448.051	-0.5262951
598500	-1405.452	0	-1405.452	-0.6262614
599000	-1410.13	0	-1410.13	-0.6648144
599500	-1314.734	0	-1314.734	-0.541381
600000	-1322.551	0	-1322.551	-0.5876412
600500	-1367.27	0	-1367.27	-0.5316061
601000	-1313.573	0	-1313.573	-0.592307
601500	-1241.786	0	-1241.786	-0.6542458
602000	-1330.215	0	-1330.215	-0.5316898
602500	-1312.043	0	-1312.043	-0.4331419
603000	-1336.94	0	-1336.94	-0.4863976
603500	-1384.141	0	-1384.141	-0.5118965
604000	-1449.537	0	-1449.537	-0.6373304
604500	-1405.309	0	-1405.309	-0.4512092
605000	-1388.13	0	-1388.13	-0.5455064
605500	-1403.022	0	-1403.022	-0.5387992
606000	-1386.269	0	-1386.269	-0.4580496
606500	-1426.087	0	-1426.087	-0.5397803
607000	-1414.595	0	-1414.595	-0.5915348
607500	-1423.863	0	-1423.863	-0.4615092
608000	-1421.551	0	-1421.551	-0.5156467
608500	-1457.375	0	-1457.375	-0.3860433
609000	-1364.049	0	-1364.049	-0.4433739
609500	-1424.274	0	-1424.274	-0.477467
610000	-1449.623	0	-1449.623	-0.5228619
610500	-1565.493	0	-1565.493	-0.5538863
611000	-1578.994	0	-1578.994	-0.4812465
611500	-1606.168	0	-1606.168	-0.3822047
612000	-1521.735	0	-1521.735	-0.5219062
612500	-1499.449	0	-1499.449	-0.3180976
613000	-1443.513	0	-1443.513	-0.4448216
613500	-1483.498	0	-1483.498	-0.4640747
614000	-1476.689	0	-1476.689	-0.3637093
614500	-1419.153	0	-1419.153	-0.3630365
615000	-1391.964	0	-1391.964	-0.2224449
615500	-1433.367	0	-1433.367	-0.1414209
616000	-1448.42	0	-1448.42	-0.2826465
616500	-1464.433	0	-1464.433	-0.1605185
617000	-1466.706	0	-1466.706	-0.4210785
617500	-1450.955	0	-1450.955	-0.2452405
618000	-1433.455	0	-1433.455	-0.2537479
618500	-1418.132	0	-1418.132	-0.3156781
619000	-1493.082	0	-1493.082	-0.3978398
619500	-1501.235	0	-1501.235	-0.3739042
620000	-1496.316	0	-1496.316	-0.3919272
620500	-1392.685	0	-1392.685	-0.4994163
621000	-1398.836	0	-1398.836	-0.6194201
621500	-1400.687	0	-1400.687	-0.5221253
622000	-1292.393	0	-1292.393	-0.5364517
622500	-1290.188	0	-1290.188	-0.4235338
623000	-1228.91	0	-1228.91	-0.3393518
623500	-1315.639	0	-1315.639	-0.343387
624000	-1304.356	0	-1304.356	-0.4826937
624500	-1350.693	0	-1350.693	-0.5260463
625000	-1336.332	0	-1336.332	-0.430668
625500	-1387.87	0	-1387.87	-0.3819414
626000	-1335.171	0	-1335.171	-0.3479172
626500	-1377.467	0	-1377.467	-0.3924489
627000	-1390.014	0	-1390.014	-0.3304718
627500	-1293.84	0	-1293.84	-0.3904402
628000	-1333.147	0	-1333.147	-0.3887428
628500	-1305.877	0	-1305.877	-0.439414
629000	-1428.296	0	-1428.296	-0.4133623
629500	-1406.717	0	-1406.717	-0.3194671
630000	-1385.382	0	-1385.382	-0.3669752
630500	-1454.633	0	-1454.633	-0.4379626
631000	-1478.982	0	-1478.982	-0.5193303
631500	-1404.215	0	-1404.215	-0.4945939
632000	-1445.691	0	-1445.691	-0.4046799
632500	-1431.189	0	-1431.189	-0.5796551
633000	-1481.661	0	-1481.661	-0.5976106
633500	-1470.4	0	-1470.4	-0.5607368
634000	-1379.025	0	-1379.025	-0.5838097
634500	-1370.589	0	-1370.589	-0.6965985
635000	-1350.96	0	-1350.96	-0.5080586
635500	-1452.074	0	-1452.074	-0.5391837
636000	-1502.384	0	-1502.384	-0.4459099
636500	-1489.288	0	-1489.288	-0.3783714
637000	-1403.563	0	-1403.563	-0.4175161
637500	-1408.976	0	-1408.976	-0.337807
638000	-1260.3	0	-1260.3	-0.4857083
638500	-1375	0	-1375	-0.4756965
639000	-1361.983	0	-1361.983	-0.4418591
639500	-1388.05	0	-1388.05	-0.4703187
640000	-1332.016	0	-1332.016	-0.4247952
640500	-1407.764	0	-1407.764	-0.4329012
641000	-1369.203	0	-1369.203	-0.5435054
641500	-1388.869	0	-1388.869	-0.4038562
642000	-1294.053	0	-1294.053	-0.4854298
642500	-1325.769	0	-1325.769	-0.5113066
643000	-1374.187	0	-1374.187	-0.5013438
643500	-1388.728	0	-1388.728	-0.4827523
644000	-1430.288	0	-1430.288	-0.607195
644500	-1424.839	0	-1424.839	-0.6364917
645000	-1380.771	0	-1380.771	-0.5644064
645500	-1286.626	0	-1286.626	-0.5694569
646000	-1372.762	0	-1372.762	-0.5528849
646500	-1413.231	0	-1413.231	-0.5458744
647000	-1422.026	0	-1422.026	-0.5380705
647500	-1459.961	0	-1459.961	-0.4206244
648000	-1515.559	0	-1515.559	-0.3638597
648500	-1477.828	0	-1477.828	-0.2684066
649000	-1403.084	0	-1403.084	-0.2088195
649500	-1514.195	0	-1514.195	-0.1858396
650000	-1405.082	0	-1405.082	-0.350917
650500	-1325.15	0	-1325.15	-0.3491086
651000	-1267.152	0	-1267.152	-0.3035451
651500	-1362.965	0	-1362.965	-0.3210625
652000	-1304.878	0	-1304.878	-0.2219095
652500	-1276.825	0	-1276.825	-0.2482918
653000	-1373.521	0	-1373.521	-0.09769051
653500	-1260.59	0	-1260.59	-0.2827444
654000	-1337.144	0	-1337.144	-0.4048649
654500	-1294.095	0	-1294.095	-0.4277169
655000	-1327.713	0	-1327.713	-0.3867933
655500	-1427.734	0	-1427.734	-0.3964071
656000	-1333.164	0	-1333.164	-0.373307
656500	-1300.001	0	-1300.001	-0.5842274
657000	-1289.031	0	-1289.031	-0.570558
657500	-1348.562	0	-1348.562	-0.5408501
658000	-1350.7	0	-1350.7	-0.5545357
658500	-1290.104	0	-1290.104	-0.5634235
659000	-1358.533	0	-1358.533	-0.5633882
659500	-1383.459	0	-1383.459	-0.5753691
660000	-1441.359	0	-1441.359	-0.560665
660500	-1425.736	0	-1425.736	-0.4836639
661000	-1372.751	0	-1372.751	-0.5953189
661500	-1366.502	0	-1366.502	-0.5877311
662000	-1413.35	0	-1413.35	-0.6098711
662500	-1434.287	0	-1434.287	-0.5543051
663000	-1416.12	0	-1416.12	-0.4665885
663500	-1446.968	0	-1446.968	-0.3185222
664000	-1368.367	0	-1368.367	-0.3812277
664500	-1400.962	0	-1400.962	-0.4121988
665000	-1444.623	0	-1444.623	-0.3606989
665500	-1431.558	0	-1431.558	-0.3524133
666000	-1423.454	0	-1423.454	-0.2774955
666500	-1414.742	0	-1414.742	-0.3267713
667000	-1383.786	0	-1383.786	-0.3778368
667500	-1427.757	0	-1427.757	-0.5300836
668000	-1518.604	0	-1518.604	-0.4596781
668500	-1493.506	0	-1493.506	-0.5282732
669000	-1504.485	0	-1504.485	-0.4862508
669500	-1462.501	0	-1462.501	-0.4314629
670000	-1516.713	0	-1516.713	-0.5994672
670500	-1333.34	0	-1333.34	-0.4143969
671000	-1362.418	0	-1362.418	-0.403814
671500	-1416.666	0	-1416.666	-0.42357
672000	-1532.864	0	-1532.864	-0.4574315
672500	-1528.364	0	-1528.364	-0.3887491
673000	-1417.13	0	-1417.13	-0.4599108
673500	-1357.098	0	-1357.098	-0.5314099
674000	-1359.002	0	-1359.002	-0.4868104
674500	-1371.608	0	-1371.608	-0.4192448
675000	-1414.19	0	-1414.19	-0.4011691
675500	-1491.445	0	-1491.445	-0.4688258
676000	-1369.002	0	-1369.002	-0.5010364
676500	-1423.284	0	-1423.284	-0.5414487
677000	-1471.741	0	-1471.741	-0.5473154
677500	-1514.495	0	-1514.495	-0.6300045
678000	-1491.849	0	-1491.849	-0.63707
678500	-1384.355	0	-1384.355	-0.7559526
679000	-1408.021	0	-1408.021	-0.647146
679500	-1507.91	0	-1507.91	-0.4998342
680000	-1533.71	0	-1533.71	-0.4496308
680500	-1539.604	0	-1539.604	-0.4367716
681000	-1482.576	0	-1482.576	-0.4069134
681500	-1516.776	0	-1516.776	-0.4322086
682000	-1477.266	0	-1477.266	-0.4499544
682500	-1433.73	0	-1433.73	-0.426875
683000	-1527.19	0	-1527.19	-0.3979735
683500	-1509.384	0	-1509.384	-0.1927199
684000	-1431.898	0	-1431.898	-0.4956027
684500	-1464.784	0	-1464.784	-0.473739
685000	-1406.433	0	-1406.433	-0.5599868
685500	-1363.044	0	-1363.044	-0.4809341
686000	-1494.419	0	-1494.419	-0.4997379
686500	-1475.735	0	-1475.735	-0.2717233
687000	-1418.27	0	-1418.27	-0.2326261
687500	-1433.578	0	-1433.578	-0.3088707
688000	-1413.432	0	-1413.432	-0.4301071
688500	-1459.74	0	-1459.74	-0.500255
689000	-1426.644	0	-1426.644	-0.4494082
689500	-1488.574	0	-1488.574	-0.5764971
690000	-1456.913	0	-1456.913	-0.5335957
690500	-1487.816	0	-1487.816	-0.4290692
691000	-1515.732	0	-1515.732	-0.4615291
691500	-1559.297	0	-1559.297	-0.1153809
692000	-1595.846	0	-1595.846	-0.3151286
692500	-1500.746	0	-1500.746	-0.3889551
693000	-1584.001	0	-1584.001	-0.4581855
693500	-1544.454	0	-1544.454	-0.2500226
694000	-1543.18	0	-1543.18	-0.3251343
694500	-1553.815	0	-1553.815	-0.428817
695000	-1444.716	0	-1444.716	-0.3685293
695500	-1485.139	0	-1485.139	-0.4878101
696000	-1565.296	0	-1565.296	-0.5010084
696500	-1460.832	0	-1460.832	-0.5679766
697000	-1459.539	0	-1459.539	-0.4723504
697500	-1502.638	0	-1502.638	-0.3654959
698000	-1499.818	0	-1499.818	-0.4200649
698500	-1552.924	0	-1552.924	-0.4934667
699000	-1541.816	0	-1541.816	-0.4508602
699500	-1593.984	0	-1593.984	-0.4152399
700000	-1473.026	0	-1473.026	-0.3418288
700500	-1459.028	0	-1459.028	-0.3989001
701000	-1401.786	0	-1401.786	-0.5203949
701500	-1414.222	0	-1414.222	-0.51903
702000	-1436.161	0	-1436.161	-0.5939772
702500	-1383.996	0	-1383.996	-0.5101239
703000	-1323.568	0	-1323.568	-0.5063183
703500	-1336.439	0	-1336.439	-0.4969717
704000	-1395.394	0	-1395.394	-0.3220903
704500	-1409.203	0	-1409.203	-0.2947414
705000	-1459.05	0	-1459.05	-0.3621767
705500	-1358.475	0	-1358.475	-0.5250695
706000	-1473.901	0	-1473.901	-0.4132791
706500	-1446.116	0	-1446.116	-0.4542444
707000	-1453.863	0	-1453.863	-0.4419578
707500	-1447.036	0	-1447.036	-0.4057062
708000	-1407.585	0	-1407.585	-0.3444689
708500	-1418.271	0	-1418.271	-0.4974317
709000	-1391.27	0	-1391.27	-0.4561617
709500	-1382.596	0	-1382.596	-0.4691658
710000	-1379.373	0	-1379.373	-0.5306465
710500	-1443.213	0	-1443.213	-0.5174384
711000	-1468.089	0	-1468.089	-0.4008985
711500	-1440.349	0	-1440.349	-0.5256193
712000	-1387.605	0	-1387.605	-0.6045203
712500	-1377.487	0	-1377.487	-0.5743343
713000	-1422.261	0	-1422.261	-0.5584825
713500	-1446.727	0	-1446.727	-0.4250181
714000	-1411.643	0	-1411.643	-0.3978849
714500	-1423.04	0	-1423.04	-0.4061739
715000	-1492.863	0	-1492.863	-0.2479765
715500	-1592.167	0	-1592.167	-0.281865
716000	-1466.262	0	-1466.262	-0.351017
716500	-1436.367	0	-1436.367	-0.3148717
717000	-1434.776	0	-1434.776	-0.3371801
717500	-1352.486	0	-1352.486	-0.4549954
718000	-1409.644	0	-1409.644	-0.4051072
718500	-1429.145	0	-1429.145	-0.4559138
719000	-1544.634	0	-1544.634	-0.5148302
719500	-1450.018	0	-1450.018	-0.4199927
720000	-1444.62	0	-1444.62	-0.4407401
720500	-1494.277	0	-1494.277	-0.3249161
721000	-1454.427	0	-1454.427	-0.4821166
721500	-1448.788	0	-1448.788	-0.3892427
722000	-1466.164	0	-1466.164	-0.3965529
722500	-1511.329	0	-1511.329	-0.4941298
723000	-1381.955	0	-1381.955	-0.4112713
723500	-1401.612	0	-1401.612	-0.477003
724000	-1567.332	0	-1567.332	-0.2384829
724500	-1485.488	0	-1485.488	-0.1186419
725000	-1511.518	0	-1511.518	-0.2697429
725500	-1464.205	0	-1464.205	-0.3567559
726000	-1513.411	0	-1513.411	-0.393616
726500	-1528.016	0	-1528.016	-0.5032352
727000	-1536.952	0	-1536.952	-0.2740799
727500	-1453.111	0	-1453.111	-0.439998
728000	-1375.202	0	-1375.202	-0.3105533
728500	-1477.525	0	-1477.525	-0.4157443
729000	-1430.83	0	-1430.83	-0.3811266
729500	-1364.992	0	-1364.992	-0.5502396
730000	-1388.213	0	-1388.213	-0.5829277
730500	-1461.338	0	-1461.338	-0.4872788
731000	-1473.617	0	-1473.617	-0.3933835
731500	-1434.492	0	-1434.492	-0.4820484
732000	-1408.981	0	-1408.981	-0.5583718
732500	-1426.361	0	-1426.361	-0.4428163
733000	-1347.911	0	-1347.911	-0.6860679
733500	-1487.876	0	-1487.876	-0.5909589
734000	-1398.532	0	-1398.532	-0.5231417
734500	-1465.615	0	-1465.615	-0.5069199
735000	-1524.458	0	-1524.458	-0.534463
735500	-1526.825	0	-1526.825	-0.3854663
736000	-1526.534	0	-1526.534	-0.3626735
736500	-1536.295	0	-1536.295	-0.3434336
737000	-1532.478	0	-1532.478	-0.2241828
737500	-1512.759	0	-1512.759	-0.2285987
738000	-1473.651	0	-1473.651	-0.2620771
738500	-1382.558	0	-1382.558	-0.2515677
739000	-1376.71	0	-1376.71	-0.3693966
739500	-1442.674	0	-1442.674	-0.3090179
740000	-1387.663	0	-1387.663	-0.5236561
740500	-1363.27	0	-1363.27	-0.4792571
741000	-1384.824	0	-1384.824	-0.5239311
741500	-1251.948	0	-1251.948	-0.52996
742000	-1281.755	0	-1281.755	-0.4948789
742500	-1395.933	0	-1395.933	-0.4655398
743000	-1576.676	0	-1576.676	-0.4178596
743500	-1471.827	0	-1471.827	-0.4463623
744000	-1434.689	0	-1434.689	-0.5660603
744500	-1492.55	0	-1492.55	-0.6006597
745000	-1427.138	0	-1427.138	-0.4521596
745500	-1424.598	0	-1424.598	-0.2299607
746000	-1471.028	0	-1471.028	-0.4603036
746500	-1474.8	0	-1474.8	-0.4491926
747000	-1387.703	0	-1387.703	-0.4744265
747500	-1402.527	0	-1402.527	-0.3933834
748000	-1277.984	0	-1277.984	-0.3912839
748500	-1357.97	0	-1357.97	-0.3487267
749000	-1388.373	0	-1388.373	-0.2651738
749500	-1456.09	0	-1456.09	-0.1966108
750000	-1475.806	0	-1475.806	-0.2965681
750500	-1348.986	0	-1348.986	-0.444276
751000	-1303.078	0	-1303.078	-0.5328242
751500	-1379.447	0	-1379.447	-0.4501497
752000	-1433.072	0	-1433.072	-0.4676426
752500	-1365.223	0	-1365.223	-0.5041019
753000	-1338.315	0	-1338.315	-0.4245991
753500	-1355.432	0	-1355.432	-0.4078521
754000	-1419.775	0	-1419.775	-0.3399257
754500	-1315.265	0	-1315.265	-0.4324701
755000	-1372.817	0	-1372.817	-0.4309957
755500	-1364.498	0	-1364.498	-0.3199405
756000	-1400.207	0	-1400.207	-0.3382476
756500	-1433.963	0	-1433.963	-0.2862005
757000	-1425.118	0	-1425.118	-0.3602528
757500	-1364.8	0	-1364.8	-0.4695153
758000	-1405.717	0	-1405.717	-0.4329175
758500	-1381.555	0	-1381.555	-0.3641559
759000	-1469.058	0	-1469.058	-0.2841051
759500	-1447.5	0	-1447.5	-0.4266912
760000	-1381.465	0	-1381.465	-0.4525843
760500	-1397.719	0	-1397.719	-0.4064021
761000	-1482.513	0	-1482.513	-0.4350903
761500	-1464.072	0	-1464.072	-0.4090247
762000	-1464.737	0	-1464.737	-0.2152668
762500	-1421.606	0	-1421.606	-0.1079126
763000	-1479.132	0	-1479.132	-0.3316007
763500	-1435.029	0	-1435.029	-0.215489
764000	-1374.42	0	-1374.42	-0.3864525
764500	-1374.331	0	-1374.331	-0.4317453
765000	-1365.001	0	-1365.001	-0.4524028
765500	-1366.122	0	-1366.122	-0.4398445
766000	-1451.875	0	-1451.875	-0.4058539
766500	-1489.819	0	-1489.819	-0.5583018
767000	-1469.426	0	-1469.426	-0.581021
767500	-1497.193	0	-1497.193	-0.5291327
768000	-1539.607	0	-1539.607	-0.559151
768500	-1507.057	0	-1507.057	-0.5204323
769000	-1473.893	0	-1473.893	-0.3787111
769500	-1445.009	0	-1445.009	-0.436414
770000	-1459.641	0	-1459.641	-0.4917662
770500	-1373.44	0	-1373.44	-0.573838
771000	-1338.323	0	-1338.323	-0.5670017
771500	-1321.53	0	-1321.53	-0.6133037
772000	-1422.317	0	-1422.317	-0.5899931
772500	-1409.198	0	-1409.198	-0.6187805
773000	-1507.042	0	-1507.042	-0.574426
773500	-1468.651	0	-1468.651	-0.557246
774000	-1327.327	0	-1327.327	-0.6243582
774500	-1484.193	0	-1484.193	-0.5499656
775000	-1491.612	0	-1491.612	-0.1792758
775500	-1496.825	0	-1496.825	-0.2684473
776000	-1591.339	0	-1591.339	-0.2195687
776500	-1524.119	0	-1524.119	-0.5822117
777000	-1503.592	0	-1503.592	-0.6035476
777500	-1530.655	0	-1530.655	-0.5034483
778000	-1431.725	0	-1431.725	-0.66846
778500	-1431.075	0	-1431.075	-0.6116968
779000	-1344.389	0	-1344.389	-0.5085394
779500	-1465.322	0	-1465.322	-0.6247578
780000	-1401.882	0	-1401.882	-0.5600529
780500	-1342.619	0	-1342.619	-0.7119316
781000	-1393.831	0	-1393.831	-0.668296
781500	-1409.395	0	-1409.395	-0.6648066
782000	-1321.54	0	-1321.54	-0.6773713
782500	-1352.02	0	-1352.02	-0.7226088
783000	-1425.817	0	-1425.817	-0.5705093
783500	-1453.748	0	-1453.748	-0.5728796
784000	-1470.211	0	-1470.211	-0.6537307
784500	-1358.743	0	-1358.743	-0.6096792
785000	-1305.892	0	-1305.892	-0.6243485
785500	-1287.276	0	-1287.276	-0.5726472
786000	-1272.787	0	-1272.787	-0.6417362
786500	-1246.415	0	-1246.415	-0.6469882
787000	-1263.577	0	-1263.577	-0.7567467
787500	-1313.076	0	-1313.076	-0.7605146
788000	-1302.226	0	-1302.226	-0.7513528
788500	-1285.624	0	-1285.624	-0.7921392
789000	-1293.141	0	-1293.141	-0.7706943
789500	-1304.953	0	-1304.953	-0.7747041
790000	-1276.33	0	-1276.33	-0.7637824
790500	-1292.124	0	-1292.124	-0.7385646
791000	-1288.756	0	-1288.756	-0.7188824
791500	-1308.707	0	-1308.707	-0.6829256
792000	-1348.659	0	-1348.659	-0.6508788
792500	-1297.188	0	-1297.188	-0.6837719
793000	-1232.382	0	-1232.382	-0.6557019
793500	-1165.577	0	-1165.577	-0.6797183
794000	-1371.518	0	-1371.518	-0.5952548
794500	-1329.94	0	-1329.94	-0.5435165
795000	-1324.351	0	-1324.351	-0.5700021
795500	-1381.968	0	-1381.968	-0.5664936
796000	-1438.354	0	-1438.354	-0.5850501
796500	-1350.722	0	-1350.722	-0.5459702
797000	-1417.537	0	-1417.537	-0.5858497
797500	-1352.637	0	-1352.637	-0.6283883
798000	-1487.466	0	-1487.466	-0.5344498
798500	-1441.371	0	-1441.371	-0.6106169
799000	-1262.797	0	-1262.797	-0.6365951
799500	-1341.006	0	-1341.006	-0.5862427
800000	-1282.678	0	-1282.678	-0.6505944
800500	-1331.09	0	-1331.09	-0.6158892
801000	-1300.413	0	-1300.413	-0.6210268
801500	-1342.664	0	-1342.664	-0.6702848
802000	-1327.79	0	-1327.79	-0.6241504
802500	-1433.981	0	-1433.981	-0.5320808
803000	-1423.577	0	-1423.577	-0.5561262
803500	-1517.683	0	-1517.683	-0.4127766
804000	-1545.678	0	-1545.678	-0.4537163
804500	-1535.129	0	-1535.129	-0.4353303
805000	-1535.43	0	-1535.43	-0.4757374
805500	-1533.743	0	-1533.743	-0.338154
806000	-1544.845	0	-1544.845	-0.4220403
806500	-1557.972	0	-1557.972	-0.4336298
807000	-1565.908	0	-1565.908	-0.1759839
807500	-1626.736	0	-1626.736	-0.506372
808000	-1541.997	0	-1541.997	-0.4199318
808500	-1549.148	0	-1549.148	-0.3874991
809000	-1517.26	0	-1517.26	-0.5012465
809500	-1498.861	0	-1498.861	-0.6528804
810000	-1484.423	0	-1484.423	-0.5821874
810500	-1462.658	0	-1462.658	-0.5228932
811000	-1485.606	0	-1485.606	-0.4886836
811500	-1397.317	0	-1397.317	-0.5561413
812000	-1368.795	0	-1368.795	-0.5455483
812500	-1400.868	0	-1400.868	-0.6183262
813000	-1402.315	0	-1402.315	-0.6517493
813500	-1404.826	0	-1404.826	-0.6277093
814000	-1421.243	0	-1421.243	-0.6215121
814500	-1403.09	0	-1403.09	-0.6982844
815000	-1418.796	0	-1418.796	-0.6515606
815500	-1450.736	0	-1450.736	-0.5969002
816000	-1421.045	0	-1421.045	-0.6641845
816500	-1432.951	0	-1432.951	-0.5910888
817000	-1396.763	0	-1396.763	-0.5711224
817500	-1457.422	0	-1457.422	-0.4518684
818000	-1443.82	0	-1443.82	-0.4375284
818500	-1437.435	0	-1437.435	-0.5039016
819000	-1552.583	0	-1552.583	-0.5447312
819500	-1555.915	0	-1555.915	-0.6261453
820000	-1497.806	0	-1497.806	-0.5735109
820500	-1445.556	0	-1445.556	-0.5540423
821000	-1468.864	0	-1468.864	-0.5761757
821500	-1474.255	0	-1474.255	-0.451165
822000	-1435.971	0	-1435.971	-0.5765613
822500	-1421.357	0	-1421.357	-0.5235536
823000	-1492.619	0	-1492.619	-0.5738956
823500	-1555.569	0	-1555.569	-0.5193329
824000	-1524.719	0	-1524.719	-0.5052637
824500	-1350.121	0	-1350.121	-0.647802
825000	-1415.517	0	-1415.517	-0.6300422
825500	-1404.029	0	-1404.029	-0.6118215
826000	-1495.528	0	-1495.528	-0.5221696
826500	-1506.896	0	-1506.896	-0.3104203
827000	-1421.377	0	-1421.377	-0.3993202
827500	-1458.546	0	-1458.546	-0.3759413
828000	-1386.183	0	-1386.183	-0.5058729
828500	-1349.074	0	-1349.074	-0.4185519
829000	-1469.567	0	-1469.567	-0.2485777
829500	-1401.013	0	-1401.013	-0.3036675
830000	-1404.568	0	-1404.568	-0.388367
830500	-1390.964	0	-1390.964	-0.4811348
831000	-1452.214	0	-1452.214	-0.4176864
831500	-1479.893	0	-1479.893	-0.4029697
832000	-1423.168	0	-1423.168	-0.4359647
832500	-1490.358	0	-1490.358	-0.2789479
833000	-1541.172	0	-1541.172	-0.3606382
833500	-1601.174	0	-1601.174	-0.3144566
834000	-1486.165	0	-1486.165	-0.2760705
834500	-1458.84	0	-1458.84	-0.3831529
835000	-1519.483	0	-1519.483	-0.225318
835500	-1525.641	0	-1525.641	-0.1856224
836000	-1511.827	0	-1511.827	-0.1884903
836500	-1390.262	0	-1390.262	-0.3229674
837000	-1374.841	0	-1374.841	-0.3195219
837500	-1377.393	0	-1377.393	-0.4388056
838000	-1351.271	0	-1351.271	-0.3635653
838500	-1463.269	0	-1463.269	-0.3093953
839000	-1472.536	0	-1472.536	-0.4035822
839500	-1422.365	0	-1422.365	-0.4859149
840000	-1416.66	0	-1416.66	-0.5391369
840500	-1399.398	0	-1399.398	-0.4540132
841000	-1450.521	0	-1450.521	-0.5061051
841500	-1498.085	0	-1498.085	-0.3609812
842000	-1516.575	0	-1516.575	-0.3951998
842500	-1482.885	0	-1482.885	-0.4363511
843000	-1483.762	0	-1483.762	-0.4494101
843500	-1461.453	0	-1461.453	-0.4140028
844000	-1429.661	0	-1429.661	-0.4017421
844500	-1478.391	0	-1478.391	-0.3321629
845000	-1459.056	0	-1459.056	-0.2802816
845500	-1467.705	0	-1467.705	-0.4026371
846000	-1526.892	0	-1526.892	-0.3409902
846500	-1499.168	0	-1499.168	-0.3956806
847000	-1456.157	0	-1456.157	-0.5161313
847500	-1499.681	0	-1499.681	-0.6020287
848000	-1573.004	0	-1573.004	-0.5669329
848500	-1521.04	0	-1521.04	-0.4771881
849000	-1500.82	0	-1500.82	-0.5184851
849500	-1512.303	0	-1512.303	-0.4687377
850000	-1534.359	0	-1534.359	-0.5589804
850500	-1562.189	0	-1562.189	-0.3976435
851000	-1525.812	0	-1525.812	-0.5978927
851500	-1488.234	0	-1488.234	-0.5045658
852000	-1491.509	0	-1491.509	-0.3443273
852500	-1409.522	0	-1409.522	-0.305957
853000	-1509.327	0	-1509.327	-0.4600767
853500	-1477.773	0	-1477.773	-0.2633229
854000	-1522.477	0	-1522.477	-0.3905879
854500	-1484.313	0	-1484.313	-0.5546137
855000	-1417.56	0	-1417.56	-0.4532853
855500	-1414.223	0	-1414.223	-0.3894585
856000	-1418.645	0	-1418.645	-0.3790377
856500	-1369.157	0	-1369.157	-0.4859563
857000	-1464.348	0	-1464.348	-0.4685384
857500	-1352.866	0	-1352.866	-0.5384599
858000	-1448.107	0	-1448.107	-0.4976976
858500	-1470.241	0	-1470.241	-0.4926404
859000	-1450.527	0	-1450.527	-0.4060347
859500	-1494.792	0	-1494.792	-0.3492658
860000	-1503.345	0	-1503.345	-0.4215701
860500	-1420.96	0	-1420.96	-0.4737707
861000	-1396.723	0	-1396.723	-0.5164972
861500	-1344.803	0	-1344.803	-0.3303458
862000	-1378.875	0	-1378.875	-0.3510118
862500	-1426.472	0	-1426.472	-0.3595957
863000	-1421.378	0	-1421.378	-0.3860556
863500	-1407.482	0	-1407.482	-0.3683443
864000	-1460.616	0	-1460.616	-0.3318551
864500	-1352.331	0	-1352.331	-0.4410785
865000	-1411.033	0	-1411.033	-0.4335665
865500	-1510.612	0	-1510.612	-0.2694524
866000	-1384.582	0	-1384.582	-0.3350049
866500	-1415.462	0	-1415.462	-0.3985485
867000	-1482.639	0	-1482.639	-0.3863273
867500	-1520.467	0	-1520.467	-0.4951818
868000	-1478.399	0	-1478.399	-0.412879
868500	-1525.707	0	-1525.707	-0.5153918
869000	-1482.95	0	-1482.95	-0.3572482
869500	-1386.777	0	-1386.777	-0.482725
870000	-1397.704	0	-1397.704	-0.4708675
870500	-1401.604	0	-1401.604	-0.4917284
871000	-1426.234	0	-1426.234	-0.5593053
871500	-1347.816	0	-1347.816	-0.5088965
872000	-1450.342	0	-1450.342	-0.4818566
872500	-1427.166	0	-1427.166	-0.3951495
873000	-1420.242	0	-1420.242	-0.2850693
873500	-1447.589	0	-1447.589	-0.3925156
874000	-1459.261	0	-1459.261	-0.3440702
874500	-1516.079	0	-1516.079	-0.4613379
875000	-1536.204	0	-1536.204	-0.4341962
875500	-1497.311	0	-1497.311	-0.3910261
876000	-1413.647	0	-1413.647	-0.2821772
876500	-1450.506	0	-1450.506	-0.4203363
877000	-1315.198	0	-1315.198	-0.4847584
877500	-1402.438	0	-1402.438	-0.383391
878000	-1398.602	0	-1398.602	-0.4243164
878500	-1400.951	0	-1400.951	-0.6233176
879000	-1322.273	0	-1322.273	-0.6374155
879500	-1339.349	0	-1339.349	-0.5436383
880000	-1381.196	0	-1381.196	-0.6160294
880500	-1320.292	0	-1320.292	-0.6135822
881000	-1345.031	0	-1345.031	-0.6718823
881500	-1315.622	0	-1315.622	-0.5919705
882000	-1361.424	0	-1361.424	-0.6221869
882500	-1397.339	0	-1397.339	-0.7090562
883000	-1402.173	0	-1402.173	-0.603564
883500	-1495.976	0	-1495.976	-0.5390127
884000	-1423.843	0	-1423.843	-0.6346163
884500	-1343.394	0	-1343.394	-0.5966858
885000	-1375.047	0	-1375.047	-0.5868556
885500	-1436.636	0	-1436.636	-0.5324014
886000	-1452.445	0	-1452.445	-0.386541
886500	-1444.574	0	-1444.574	-0.4127433
887000	-1462.119	0	-1462.119	-0.4630918
887500	-1553.473	0	-1553.473	-0.2071362
888000	-1431.219	0	-1431.219	-0.382541
888500	-1530.714	0	-1530.714	-0.4148664
889000	-1451.077	0	-1451.077	-0.421873
889500	-1417.26	0	-1417.26	-0.3859904
890000	-1452.168	0	-1452.168	-0.5287191
890500	-1414.771	0	-1414.771	-0.504634
891000	-1368.702	0	-1368.702	-0.4750281
891500	-1429.07	0	-1429.07	-0.472902
892000	-1545.016	0	-1545.016	-0.315241
892500	-1540.793	0	-1540.793	-0.5024184
893000	-1508.937	0	-1508.937	-0.5077926
893500	-1422.148	0	-1422.148	-0.5810235
894000	-1439.874	0	-1439.874	-0.456163
894500	-1524.114	0	-1524.114	-0.4017807
895000	-1497.512	0	-1497.512	-0.5994284
895500	-1487.357	0	-1487.357	-0.3926991
896000	-1458.995	0	-1458.995	-0.5053302
896500	-1473.149	0	-1473.149	-0.4908304
897000	-1498.151	0	-1498.151	-0.4673078
897500	-1581.61	0	-1581.61	-0.4043134
898000	-1581.758	0	-1581.758	-0.3039647
898500	-1597.423	0	-1597.423	-0.2872173
899000	-1566.013	0	-1566.013	-0.4333287
899500	-1512.851	0	-1512.851	-0.467488
900000	-1524.741	0	-1524.741	-0.4502849
900500	-1602.903	0	-1602.903	-0.4729468
901000	-1493.016	0	-1493.016	-0.4126382
901500	-1552.761	0	-1552.761	-0.2007211
902000	-1540.764	0	-1540.764	-0.4905283
902500	-1542.152	0	-1542.152	-0.4995529
903000	-1597.648	0	-1597.648	-0.3616654
903500	-1673.823	0	-1673.823	-0.4554572
904000	-1605.208	0	-1605.208	-0.5243103
904500	-1596.788	0	-1596.788	-0.5282266
905000	-1521.023	0	-1521.023	-0.4468942
905500	-1450.924	0	-1450.924	-0.6240442
906000	-1468.345	0	-1468.345	-0.4945489
906500	-1504.817	0	-1504.817	-0.4539186
907000	-1454.358	0	-1454.358	-0.5008094
907500	-1487.964	0	-1487.964	-0.4224931
908000	-1476.631	0	-1476.631	-0.4158145
908500	-1445.401	0	-1445.401	-0.221814
909000	-1498.532	0	-1498.532	-0.2003554
909500	-1470.697	0	-1470.697	-0.3907738
910000	-1521.716	0	-1521.716	-0.2507343
910500	-1587.485	0	-1587.485	-0.2103873
911000	-1505.293	0	-1505.293	-0.1903507
911500	-1452.445	0	-1452.445	-0.05615026
912000	-1443.857	0	-1443.857	-0.2359593
912500	-1551.925	0	-1551.925	-0.2836199
913000	-1440.457	0	-1440.457	-0.3752593
913500	-1529.457	0	-1529.457	-0.4721046
914000	-1461.604	0	-1461.604	-0.5090038
914500	-1382.764	0	-1382.764	-0.2787966
915000	-1413.599	0	-1413.599	-0.4342811
915500	-1397.693	0	-1397.693	-0.1449768
916000	-1433.039	0	-1433.039	-0.3079409
916500	-1388.734	0	-1388.734	-0.2846294
917000	-1424.597	0	-1424.597	-0.4020009
917500	-1479.434	0	-1479.434	-0.2916519
918000	-1515.975	0	-1515.975	-0.4682742
918500	-1519.06	0	-1519.06	-0.2848074
919000	-1457.9	0	-1457.9	-0.3920791
919500	-1525.581	0	-1525.581	-0.4753744
920000	-1528.273	0	-1528.273	-0.4980338
920500	-1476.913	0	-1476.913	-0.5293678
921000	-1505.224	0	-1505.224	-0.4768954
921500	-1496.888	0	-1496.888	-0.1931083
922000	-1446	0	-1446	-0.2254905
922500	-1497.59	0	-1497.59	-0.2367746
923000	-1446.812	0	-1446.812	-0.4362051
923500	-1338.013	0	-1338.013	-0.4416996
924000	-1365.629	0	-1365.629	-0.4851922
924500	-1424.473	0	-1424.473	-0.5193595
925000	-1353.844	0	-1353.844	-0.6294918
925500	-1369.148	0	-1369.148	-0.5280354
926000	-1383.916	0	-1383.916	-0.4800831
926500	-1399.161	0	-1399.161	-0.322636
927000	-1351.421	0	-1351.421	-0.3230585
927500	-1245.409	0	-1245.409	-0.3328018
928000	-1268.295	0	-1268.295	-0.4048704
928500	-1217.842	0	-1217.842	-0.3559161
929000	-1227.03	0	-1227.03	-0.3537025
929500	-1246.365	0	-1246.365	-0.3594783
930000	-1200.011	0	-1200.011	-0.3486007
930500	-1184.752	0	-1184.752	-0.3870337
931000	-1265.707	0	-1265.707	-0.3864561
931500	-1389.713	0	-1389.713	-0.398462
932000	-1284.498	0	-1284.498	-0.3619197
932500	-1275.831	0	-1275.831	-0.3670274
933000	-1321.432	0	-1321.432	-0.348972
933500	-1324.674	0	-1324.674	-0.3366883
934000	-1365.768	0	-1365.768	-0.3841529
934500	-1365.06	0	-1365.06	-0.370224
935000	-1333.174	0	-1333.174	-0.3350978
935500	-1426.223	0	-1426.223	-0.3885842
936000	-1491.409	0	-1491.409	-0.4830904
936500	-1434.613	0	-1434.613	-0.4305717
937000	-1592.696	0	-1592.696	-0.5442867
937500	-1504.255	0	-1504.255	-0.4353947
938000	-1483.99	0	-1483.99	-0.6602862
938500	-1408.284	0	-1408.284	-0.6919842
939000	-1408.785	0	-1408.785	-0.6606491
939500	-1429.871	0	-1429.871	-0.6239944
940000	-1445.889	0	-1445.889	-0.6418992
940500	-1457.108	0	-1457.108	-0.6283106
941000	-1451.952	0	-1451.952	-0.5769469
941500	-1437.373	0	-1437.373	-0.6142384
942000	-1488.104	0	-1488.104	-0.6619615
942500	-1475.634	0	-1475.634	-0.6583563
943000	-1463.409	0	-1463.409	-0.6180072
943500	-1507.328	0	-1507.328	-0.7216143
944000	-1456.474	0	-1456.474	-0.4614595
944500	-1524.123	0	-1524.123	-0.5421765
945000	-1550.911	0	-1550.911	-0.5410361
945500	-1527.468	0	-1527.468	-0.2668534
946000	-1543.035	0	-1543.035	-0.2660923
946500	-1557.916	0	-1557.916	-0.4380014
947000	-1548.916	0	-1548.916	-0.4045026
947500	-1474.419	0	-1474.419	-0.25935
948000	-1489.422	0	-1489.422	-0.421625
948500	-1501.272	0	-1501.272	-0.2374659
949000	-1503.107	0	-1503.107	-0.3675006
949500	-1438.593	0	-1438.593	-0.5343776
950000	-1560.294	0	-1560.294	-0.3301876
950500	-1533.107	0	-1533.107	-0.3481717
951000	-1528.277	0	-1528.277	-0.4414336
951500	-1534.847	0	-1534.847	-0.3176164
952000	-1522.494	0	-1522.494	-0.4828426
952500	-1593.247	0	-1593.247	-0.5087818
953000	-1583.94	0	-1583.94	-0.577404
953500	-1574.386	0	-1574.386	-0.4093126
954000	-1473.883	0	-1473.883	-0.5202931
954500	-1575.419	0	-1575.419	-0.3808832
955000	-1568.344	0	-1568.344	-0.4461833
955500	-1598.18	0	-1598.18	-0.4814824
956000	-1633.2	0	-1633.2	-0.2220031
956500	-1640.749	0	-1640.749	-0.2606395
957000	-1593.021	0	-1593.021	-0.2535471
957500	-1556.217	0	-1556.217	-0.2880514
958000	-1575.93	0	-1575.93	-0.3032313
958500	-1498.161	0	-1498.161	-0.194852
959000	-1515.435	0	-1515.435	-0.2409091
959500	-1489.073	0	-1489.073	-0.2974276
960000	-1427.61	0	-1427.61	-0.5068891
960500	-1426.582	0	-1426.582	-0.5023033
961000	-1531.039	0	-1531.039	-0.2836971
961500	-1477.414	0	-1477.414	-0.5072782
962000	-1459.521	0	-1459.521	-0.4795712
962500	-1456.874	0	-1456.874	-0.5974013
963000	-1484.7	0	-1484.7	-0.4882572
963500	-1366.573	0	-1366.573	-0.5316944
964000	-1408.235	0	-1408.235	-0.3339451
964500	-1494.589	0	-1494.589	-0.2612013
965000	-1458.331	0	-1458.331	-0.4680664
965500	-1493.868	0	-1493.868	-0.4461914
966000	-1559.084	0	-1559.084	-0.4426117
966500	-1564.568	0	-1564.568	-0.5205448
967000	-1469.465	0	-1469.465	-0.606877
967500	-1446.459	0	-1446.459	-0.425836
968000	-1431.874	0	-1431.874	-0.5169591
968500	-1423.845	0	-1423.845	-0.2285877
969000	-1474.891	0	-1474.891	-0.2594046
969500	-1480.141	0	-1480.141	-0.3945192
970000	-1429.765	0	-1429.765	-0.2824682
970500	-1554.742	0	-1554.742	-0.2871755
971000	-1469.942	0	-1469.942	-0.2790043
971500	-1436.133	0	-1436.133	-0.2695583
972000	-1525.654	0	-1525.654	-0.2695886
972500	-1479.283	0	-1479.283	-0.3493474
973000	-1476.46	0	-1476.46	-0.3573686
973500	-1475.697	0	-1475.697	-0.2729368
974000	-1519.399	0	-1519.399	-0.2162873
974500	-1535.959	0	-1535.959	-0.1484742
975000	-1511.77	0	-1511.77	-0.4349985
975500	-1479.269	0	-1479.269	-0.5030806
976000	-1518.945	0	-1518.945	-0.6184922
976500	-1522.206	0	-1522.206	-0.4602268
977000	-1558.359	0	-1558.359	-0.4745285
977500	-1480.721	0	-1480.721	-0.4915104
978000	-1528.946	0	-1528.946	-0.4965955
978500	-1574.79	0	-1574.79	-0.3671318
979000	-1498.423	0	-1498.423	-0.6751096
979500	-1520.459	0	-1520.459	-0.6724685
980000	-1466.903	0	-1466.903	-0.6803894
980500	-1468.619	0	-1468.619	-0.7264611
981000	-1486.089	0	-1486.089	-0.6402509
981500	-1542.882	0	-1542.882	-0.6098392
982000	-1410.131	0	-1410.131	-0.6784483
982500	-1449.644	0	-1449.644	-0.5751571
983000	-1415.199	0	-1415.199	-0.5658098
983500	-1449.644	0	-1449.644	-0.5116902
984000	-1518.418	0	-1518.418	-0.5091592
984500	-1440.162	0	-1440.162	-0.5152141
985000	-1452.683	0	-1452.683	-0.5513706
985500	-1476.574	0	-1476.574	-0.5240265
986000	-1507.77	0	-1507.77	-0.1178816
986500	-1490.885	0	-1490.885	-0.1353078
987000	-1599.778	0	-1599.778	-0.4405824
987500	-1584.938	0	-1584.938	-0.5052781
988000	-1434.846	0	-1434.846	-0.6154515
988500	-1473.563	0	-1473.563	-0.4728044
989000	-1461.732	0	-1461.732	-0.5206066
989500	-1447.722	0	-1447.722	-0.4257532
990000	-1462.081	0	-1462.081	-0.4769942
990500	-1500.33	0	-1500.33	-0.3903758
991000	-1498.612	0	-1498.612	-0.3510903
991500	-1535.699	0	-1535.699	-0.4426161
992000	-1476.184	0	-1476.184	-0.4009101
992500	-1454.821	0	-1454.821	-0.4745997
993000	-1377.132	0	-1377.132	-0.4738806
993500	-1439.216	0	-1439.216	-0.5153357
994000	-1511.056	0	-1511.056	-0.4990451
994500	-1465.382	0	-1465.382	-0.3715305
995000	-1382	0	-1382	-0.4274946
995500	-1329.862	0	-1329.862	-0.4503926
996000	-1292.605	0	-1292.605	-0.4553911
996500	-1363.029	0	-1363.029	-0.4282496
997000	-1483.383	0	-1483.383	-0.4048688
997500	-1483.642	0	-1483.642	-0.4563095
998000	-1459.421	0	-1459.421	-0.4761534
998500	-1470.617	0	-1470.617	-0.5344822
999000	-1418.322	0	-1418.322	-0.4994098
999500	-1387.591	0	-1387.591	-0.4387001
1000000	-1338.67	0	-1338.67	-0.5225633
