Iteration	Posterior	Likelihood	Prior	rho[2][3]
0	-2767.094	0	-2767.094	0.05920427
500	-1833.808	0	-1833.808	0.138524
1000	-1810.64	0	-1810.64	0.29559
1500	-1789.017	0	-1789.017	0.4035242
2000	-1738.503	0	-1738.503	0.122507
2500	-1747.798	0	-1747.798	0.3508711
3000	-1702.748	0	-1702.748	0.3983998
3500	-1715.047	0	-1715.047	0.3528881
4000	-1743.436	0	-1743.436	0.3897971
4500	-1660.366	0	-1660.366	0.2324853
5000	-1653.002	0	-1653.002	0.2856948
5500	-1644.417	0	-1644.417	0.491717
6000	-1671.011	0	-1671.011	0.3973094
6500	-1694.815	0	-1694.815	0.3707418
7000	-1652.267	0	-1652.267	0.3951574
7500	-1676.815	0	-1676.815	0.3319171
8000	-1657.212	0	-1657.212	0.3004591
8500	-1646.412	0	-1646.412	0.3904117
9000	-1629.817	0	-1629.817	0.3253296
9500	-1682.457	0	-1682.457	0.2600211
10000	-1585.742	0	-1585.742	0.09802551
10500	-1626.512	0	-1626.512	0.1698516
11000	-1649.935	0	-1649.935	0.2221658
11500	-1611	0	-1611	0.1004073
12000	-1647.121	0	-1647.121	-0.1355712
12500	-1637.222	0	-1637.222	-0.02308763
13000	-1634.307	0	-1634.307	-0.05705816
13500	-1710.281	0	-1710.281	-0.2051207
14000	-1641.434	0	-1641.434	-0.1604776
14500	-1633.002	0	-1633.002	-0.1688971
15000	-1654.661	0	-1654.661	-0.03071708
15500	-1672.531	0	-1672.531	0.09954858
16000	-1570.103	0	-1570.103	0.04407251
16500	-1599.341	0	-1599.341	0.04265282
17000	-1498.971	0	-1498.971	0.08598127
17500	-1543.947	0	-1543.947	-0.02022309
18000	-1559.423	0	-1559.423	0.005629958
18500	-1625.698	0	-1625.698	-0.1242109
19000	-1595.907	0	-1595.907	-0.1769076
19500	-1597.718	0	-1597.718	-0.1103698
20000	-1628.388	0	-1628.388	-0.003152252
20500	-1598.409	0	-1598.409	0.02037694
21000	-1615.475	0	-1615.475	0.143412
21500	-1600.019	0	-1600.019	0.3123389
22000	-1607.516	0	-1607.516	0.08484148
22500	-1651.162	0	-1651.162	0.2465261
23000	-1562.768	0	-1562.768	0.1929236
23500	-1543.11	0	-1543.11	0.005707016
24000	-1500.023	0	-1500.023	-0.03563088
24500	-1529.498	0	-1529.498	-0.1038828
25000	-1528.523	0	-1528.523	0.2024774
25500	-1566.233	0	-1566.233	0.1476731
26000	-1565.615	0	-1565.615	0.09234939
26500	-1536.912	0	-1536.912	0.08141338
27000	-1596.738	0	-1596.738	-0.1328146
27500	-1520.693	0	-1520.693	0.00961877
28000	-1574.362	0	-1574.362	-0.103324
28500	-1593.069	0	-1593.069	0.02950481
29000	-1568.107	0	-1568.107	0.136114
29500	-1561.379	0	-1561.379	0.02033189
30000	-1555.988	0	-1555.988	0.2666493
30500	-1586.861	0	-1586.861	0.2873601
31000	-1541.078	0	-1541.078	0.2207894
31500	-1564.972	0	-1564.972	0.04449422
32000	-1573.671	0	-1573.671	0.06965343
32500	-1578.188	0	-1578.188	-0.0877428
33000	-1584.933	0	-1584.933	-0.2565959
33500	-1647.742	0	-1647.742	0.01221752
34000	-1646.651	0	-1646.651	-0.1135734
34500	-1615.477	0	-1615.477	-0.1355919
35000	-1595.85	0	-1595.85	-0.2429238
35500	-1594.776	0	-1594.776	0.1201812
36000	-1599.007	0	-1599.007	0.1223545
36500	-1562.7	0	-1562.7	-0.06167339
37000	-1570.442	0	-1570.442	0.007259596
37500	-1583.729	0	-1583.729	0.05474688
38000	-1559.956	0	-1559.956	0.05206044
38500	-1540.706	0	-1540.706	0.139239
39000	-1539.188	0	-1539.188	0.1867056
39500	-1504.775	0	-1504.775	-0.04786558
40000	-1460.643	0	-1460.643	0.0566451
40500	-1572.402	0	-1572.402	0.04011374
41000	-1499.867	0	-1499.867	0.02814653
41500	-1554.459	0	-1554.459	0.08859542
42000	-1564.081	0	-1564.081	0.2060169
42500	-1611.642	0	-1611.642	-0.09487181
43000	-1559.631	0	-1559.631	0.09151003
43500	-1546.896	0	-1546.896	0.04603361
44000	-1526.823	0	-1526.823	0.09638366
44500	-1585.789	0	-1585.789	0.2331621
45000	-1510.764	0	-1510.764	0.04313326
45500	-1552.8	0	-1552.8	0.1162355
46000	-1567.132	0	-1567.132	0.1036664
46500	-1482.78	0	-1482.78	0.04194534
47000	-1599.632	0	-1599.632	0.04277055
47500	-1596.586	0	-1596.586	0.1686175
48000	-1526.387	0	-1526.387	0.2119507
48500	-1525.308	0	-1525.308	-0.002335793
49000	-1534.618	0	-1534.618	0.2279082
49500	-1569.467	0	-1569.467	0.06762427
50000	-1556.234	0	-1556.234	-0.1128858
50500	-1469.916	0	-1469.916	-0.3696399
51000	-1534.29	0	-1534.29	-0.2248441
51500	-1504.114	0	-1504.114	-0.1587113
52000	-1494.628	0	-1494.628	-0.1143194
52500	-1423.75	0	-1423.75	0.03406032
53000	-1422.352	0	-1422.352	-0.07430864
53500	-1437.871	0	-1437.871	-0.0311416
54000	-1502.103	0	-1502.103	-0.05497529
54500	-1542.058	0	-1542.058	-0.05559122
55000	-1519.605	0	-1519.605	0.01475802
55500	-1447.67	0	-1447.67	-0.01444523
56000	-1543.289	0	-1543.289	-0.01457742
56500	-1538.08	0	-1538.08	0.02306415
57000	-1481.698	0	-1481.698	-0.02806702
57500	-1452.419	0	-1452.419	-0.05464565
58000	-1516.348	0	-1516.348	-0.2915848
58500	-1464.428	0	-1464.428	0.05577016
59000	-1495.71	0	-1495.71	-0.2422975
59500	-1498.938	0	-1498.938	-0.2730368
60000	-1543.473	0	-1543.473	-0.05583758
60500	-1552.617	0	-1552.617	-0.2038001
61000	-1488.325	0	-1488.325	-0.17076
61500	-1533.475	0	-1533.475	-0.1389797
62000	-1584.346	0	-1584.346	-0.0704301
62500	-1651.285	0	-1651.285	-0.003780478
63000	-1591.337	0	-1591.337	0.1399447
63500	-1558.035	0	-1558.035	0.0304043
64000	-1597.553	0	-1597.553	-0.05523066
64500	-1473.305	0	-1473.305	-0.01810844
65000	-1482.464	0	-1482.464	-0.04188485
65500	-1446.76	0	-1446.76	-0.1499539
66000	-1465.381	0	-1465.381	-0.07540586
66500	-1480.667	0	-1480.667	-0.05384033
67000	-1529.438	0	-1529.438	0.07770962
67500	-1488.075	0	-1488.075	0.02594105
68000	-1564.566	0	-1564.566	-0.2372479
68500	-1530.018	0	-1530.018	-0.003062535
69000	-1541.108	0	-1541.108	-0.14621
69500	-1574.823	0	-1574.823	-0.2014207
70000	-1598.121	0	-1598.121	-0.113114
70500	-1502.014	0	-1502.014	-0.1418123
71000	-1518.647	0	-1518.647	-0.131563
71500	-1571.351	0	-1571.351	-0.3140274
72000	-1611.153	0	-1611.153	0.1923219
72500	-1635.57	0	-1635.57	0.1861402
73000	-1619.849	0	-1619.849	-0.02601254
73500	-1610.561	0	-1610.561	-0.007651762
74000	-1558.767	0	-1558.767	0.06040642
74500	-1591.135	0	-1591.135	0.08305649
75000	-1582.095	0	-1582.095	0.2214178
75500	-1563.908	0	-1563.908	0.3171763
76000	-1591.598	0	-1591.598	-0.09232512
76500	-1612.722	0	-1612.722	0.1025028
77000	-1626.31	0	-1626.31	0.2167139
77500	-1643.625	0	-1643.625	0.00950802
78000	-1572.136	0	-1572.136	0.1818122
78500	-1591.45	0	-1591.45	0.07955221
79000	-1582.214	0	-1582.214	0.1566463
79500	-1559.972	0	-1559.972	0.1257659
80000	-1559.02	0	-1559.02	0.01365111
80500	-1602.434	0	-1602.434	0.06401515
81000	-1550.711	0	-1550.711	0.1358524
81500	-1597.551	0	-1597.551	-0.02206364
82000	-1561.884	0	-1561.884	0.1222051
82500	-1516.635	0	-1516.635	0.181275
83000	-1492.482	0	-1492.482	0.01364782
83500	-1561.476	0	-1561.476	0.1110639
84000	-1500.495	0	-1500.495	-0.1649373
84500	-1398.064	0	-1398.064	0.013452
85000	-1409.944	0	-1409.944	0.09397853
85500	-1488.504	0	-1488.504	0.1249652
86000	-1489.208	0	-1489.208	0.1928095
86500	-1446.507	0	-1446.507	0.07391582
87000	-1423.036	0	-1423.036	-0.02196947
87500	-1398.791	0	-1398.791	-0.08952407
88000	-1502.351	0	-1502.351	-0.1124287
88500	-1522.44	0	-1522.44	0.04037193
89000	-1467.827	0	-1467.827	0.0126319
89500	-1499.5	0	-1499.5	0.09922015
90000	-1477.357	0	-1477.357	0.292586
90500	-1497.482	0	-1497.482	0.2665899
91000	-1554.161	0	-1554.161	0.3541316
91500	-1542.283	0	-1542.283	0.3100417
92000	-1496.497	0	-1496.497	0.3564575
92500	-1458.557	0	-1458.557	0.4627624
93000	-1487.952	0	-1487.952	0.3629629
93500	-1505.687	0	-1505.687	0.3863903
94000	-1483.734	0	-1483.734	0.4166157
94500	-1503.545	0	-1503.545	0.3848003
95000	-1501.153	0	-1501.153	0.305054
95500	-1561.039	0	-1561.039	0.2617708
96000	-1520.893	0	-1520.893	0.0575706
96500	-1514.003	0	-1514.003	0.234061
97000	-1599.651	0	-1599.651	0.2225487
97500	-1624.69	0	-1624.69	0.1922643
98000	-1582.878	0	-1582.878	0.05760192
98500	-1605.536	0	-1605.536	-0.03531034
99000	-1585.987	0	-1585.987	0.1482781
99500	-1582.154	0	-1582.154	0.07848515
100000	-1557.619	0	-1557.619	-0.2387852
100500	-1584.827	0	-1584.827	-0.2157299
101000	-1525.727	0	-1525.727	-0.004453288
101500	-1513.413	0	-1513.413	-0.1470602
102000	-1472.612	0	-1472.612	-0.1552602
102500	-1476.373	0	-1476.373	-0.1122714
103000	-1547.857	0	-1547.857	0.008468591
103500	-1529.621	0	-1529.621	0.2269238
104000	-1598.468	0	-1598.468	0.264653
104500	-1502.405	0	-1502.405	0.1174076
105000	-1462.005	0	-1462.005	0.3644342
105500	-1481.303	0	-1481.303	0.3419334
106000	-1421.423	0	-1421.423	0.2626141
106500	-1407.38	0	-1407.38	0.2623302
107000	-1398.534	0	-1398.534	0.2232102
107500	-1444.409	0	-1444.409	0.1622309
108000	-1393.127	0	-1393.127	0.1076378
108500	-1509.526	0	-1509.526	0.2256507
109000	-1548.675	0	-1548.675	0.1424508
109500	-1505.081	0	-1505.081	-0.007021055
110000	-1425.077	0	-1425.077	0.1523895
110500	-1550.273	0	-1550.273	0.09301037
111000	-1541.343	0	-1541.343	0.1220109
111500	-1558.843	0	-1558.843	0.04014183
112000	-1586.068	0	-1586.068	0.1110565
112500	-1546.372	0	-1546.372	-0.03647656
113000	-1503.11	0	-1503.11	0.008445336
113500	-1568.408	0	-1568.408	0.07462845
114000	-1481.407	0	-1481.407	-0.1683616
114500	-1517.522	0	-1517.522	0.03639754
115000	-1535.29	0	-1535.29	0.09478524
115500	-1532.401	0	-1532.401	-0.09219024
116000	-1451.216	0	-1451.216	-0.1175467
116500	-1463.953	0	-1463.953	-0.06573692
117000	-1560.455	0	-1560.455	-0.03422568
117500	-1578.993	0	-1578.993	-0.04525459
118000	-1495.957	0	-1495.957	-0.04423785
118500	-1438.05	0	-1438.05	-0.04164168
119000	-1465.93	0	-1465.93	-0.02713474
119500	-1527.139	0	-1527.139	0.1849992
120000	-1485.349	0	-1485.349	0.04324205
120500	-1501.912	0	-1501.912	0.1186284
121000	-1493.087	0	-1493.087	0.01269175
121500	-1421.324	0	-1421.324	-0.2022958
122000	-1414.309	0	-1414.309	-0.04523322
122500	-1497.125	0	-1497.125	-0.06256226
123000	-1554.896	0	-1554.896	-0.02835291
123500	-1485.575	0	-1485.575	-0.08275135
124000	-1554.107	0	-1554.107	-0.08939268
124500	-1548.131	0	-1548.131	0.1227832
125000	-1512.675	0	-1512.675	-0.2869537
125500	-1482.373	0	-1482.373	-0.2711382
126000	-1548.01	0	-1548.01	-0.156309
126500	-1571.544	0	-1571.544	-0.09419885
127000	-1554.398	0	-1554.398	-0.2405554
127500	-1551.961	0	-1551.961	-0.3005027
128000	-1554.542	0	-1554.542	-0.2000756
128500	-1591.598	0	-1591.598	-0.1093109
129000	-1559.032	0	-1559.032	-0.1645932
129500	-1593.937	0	-1593.937	-0.06471727
130000	-1608.297	0	-1608.297	0.05213559
130500	-1645.97	0	-1645.97	-0.03769489
131000	-1603.65	0	-1603.65	-0.3718944
131500	-1615.466	0	-1615.466	-0.1211874
132000	-1565.89	0	-1565.89	-0.08609955
132500	-1529.354	0	-1529.354	-0.273041
133000	-1603.217	0	-1603.217	-0.3186161
133500	-1624.699	0	-1624.699	-0.1340518
134000	-1624.347	0	-1624.347	-0.3783348
134500	-1592.622	0	-1592.622	-0.2738375
135000	-1556.978	0	-1556.978	-0.2719541
135500	-1533.52	0	-1533.52	-0.2854912
136000	-1584.693	0	-1584.693	-0.2250883
136500	-1514.661	0	-1514.661	-0.2075497
137000	-1521.26	0	-1521.26	-0.1949536
137500	-1562.209	0	-1562.209	-0.01556785
138000	-1542.259	0	-1542.259	-0.1152982
138500	-1511.084	0	-1511.084	-0.02735729
139000	-1517.473	0	-1517.473	-0.1668433
139500	-1532.77	0	-1532.77	-0.2539426
140000	-1559.573	0	-1559.573	-0.1849463
140500	-1575.692	0	-1575.692	-0.2100197
141000	-1501.965	0	-1501.965	-0.09576774
141500	-1544.82	0	-1544.82	-0.1886006
142000	-1527.826	0	-1527.826	-0.04377873
142500	-1511.361	0	-1511.361	-0.1491755
143000	-1536.593	0	-1536.593	0.01806248
143500	-1538.373	0	-1538.373	-0.01447959
144000	-1507.194	0	-1507.194	-0.02898932
144500	-1540.988	0	-1540.988	-0.07464995
145000	-1543.632	0	-1543.632	0.01142435
145500	-1492.345	0	-1492.345	-0.009922736
146000	-1426.123	0	-1426.123	0.005414061
146500	-1518.416	0	-1518.416	0.03937112
147000	-1403.523	0	-1403.523	-0.0712514
147500	-1341.267	0	-1341.267	-0.04016895
148000	-1351.352	0	-1351.352	-0.07447456
148500	-1330.085	0	-1330.085	-0.08526048
149000	-1392.49	0	-1392.49	-0.02177137
149500	-1472.011	0	-1472.011	-0.1133519
150000	-1386.556	0	-1386.556	-0.009303188
150500	-1375.273	0	-1375.273	-0.05080557
151000	-1331.14	0	-1331.14	-0.03310611
151500	-1374.881	0	-1374.881	0.04281902
152000	-1422.941	0	-1422.941	0.06654969
152500	-1417.092	0	-1417.092	0.01641554
153000	-1420.75	0	-1420.75	0.06909438
153500	-1510.414	0	-1510.414	-0.006188376
154000	-1518.636	0	-1518.636	-0.08905903
154500	-1434.042	0	-1434.042	-0.111444
155000	-1534.174	0	-1534.174	-0.03150595
155500	-1493.056	0	-1493.056	-0.07839149
156000	-1462.638	0	-1462.638	-0.114484
156500	-1380.806	0	-1380.806	-0.2171684
157000	-1434.5	0	-1434.5	-0.1972107
157500	-1571.854	0	-1571.854	-0.01577887
158000	-1583.122	0	-1583.122	0.009099672
158500	-1539.288	0	-1539.288	-0.1269416
159000	-1549.768	0	-1549.768	-0.04771234
159500	-1579.969	0	-1579.969	0.004340715
160000	-1558.83	0	-1558.83	-0.0473657
160500	-1550.534	0	-1550.534	0.09028541
161000	-1576.92	0	-1576.92	0.1976658
161500	-1612.745	0	-1612.745	0.1404306
162000	-1581.721	0	-1581.721	0.07628799
162500	-1554.724	0	-1554.724	0.06544505
163000	-1554.291	0	-1554.291	0.04004408
163500	-1566.075	0	-1566.075	-0.0163351
164000	-1525.514	0	-1525.514	-0.04494272
164500	-1557.484	0	-1557.484	0.02147235
165000	-1556.098	0	-1556.098	0.01891735
165500	-1523.742	0	-1523.742	0.1977407
166000	-1551.095	0	-1551.095	0.1641533
166500	-1512.073	0	-1512.073	0.08165236
167000	-1497.22	0	-1497.22	0.008328125
167500	-1523.217	0	-1523.217	0.1232451
168000	-1557.762	0	-1557.762	0.1018343
168500	-1566.671	0	-1566.671	0.1074139
169000	-1500.734	0	-1500.734	-0.02798011
169500	-1556.564	0	-1556.564	0.2139147
170000	-1603.605	0	-1603.605	0.2736136
170500	-1534.808	0	-1534.808	0.09248292
171000	-1475.437	0	-1475.437	0.2629963
171500	-1578.879	0	-1578.879	0.1262844
172000	-1625.306	0	-1625.306	-0.03889537
172500	-1545.411	0	-1545.411	-0.0360383
173000	-1548.13	0	-1548.13	0.1525137
173500	-1618.875	0	-1618.875	0.01422876
174000	-1499.596	0	-1499.596	0.1031495
174500	-1562.269	0	-1562.269	0.09697941
175000	-1522.557	0	-1522.557	-0.01559242
175500	-1513.236	0	-1513.236	-0.3026153
176000	-1558.512	0	-1558.512	-0.4460425
176500	-1538.929	0	-1538.929	-0.4013428
177000	-1537.259	0	-1537.259	-0.2892684
177500	-1487.309	0	-1487.309	-0.2458217
178000	-1476.472	0	-1476.472	-0.2770892
178500	-1470.143	0	-1470.143	-0.3072112
179000	-1457.976	0	-1457.976	-0.3249071
179500	-1465.84	0	-1465.84	-0.05327076
180000	-1497.984	0	-1497.984	-0.1507004
180500	-1543.811	0	-1543.811	-0.008908461
181000	-1535.874	0	-1535.874	-0.1227811
181500	-1540.14	0	-1540.14	0.0001894166
182000	-1508.735	0	-1508.735	0.05124451
182500	-1537.513	0	-1537.513	0.2603616
183000	-1425.236	0	-1425.236	0.07884714
183500	-1375.113	0	-1375.113	0.03069765
184000	-1405.347	0	-1405.347	0.07579201
184500	-1426.221	0	-1426.221	0.08951131
185000	-1509.98	0	-1509.98	0.2851214
185500	-1452.523	0	-1452.523	0.2337225
186000	-1394.714	0	-1394.714	0.2336736
186500	-1406.863	0	-1406.863	0.3008283
187000	-1505.39	0	-1505.39	-0.03387078
187500	-1492.933	0	-1492.933	0.1593131
188000	-1514.26	0	-1514.26	0.004748786
188500	-1498.848	0	-1498.848	0.02978165
189000	-1430.135	0	-1430.135	0.08114608
189500	-1516.118	0	-1516.118	-0.07155522
190000	-1514.803	0	-1514.803	0.1644813
190500	-1571.475	0	-1571.475	-0.1630904
191000	-1561.111	0	-1561.111	-0.06596178
191500	-1592.096	0	-1592.096	0.04670335
192000	-1510.999	0	-1510.999	0.0576188
192500	-1502.731	0	-1502.731	0.2737286
193000	-1513.768	0	-1513.768	0.08806445
193500	-1419.382	0	-1419.382	0.2833467
194000	-1415.576	0	-1415.576	0.217437
194500	-1413.806	0	-1413.806	0.3133999
195000	-1315.162	0	-1315.162	0.2727307
195500	-1326.717	0	-1326.717	0.2463175
196000	-1353.165	0	-1353.165	0.3620252
196500	-1469.817	0	-1469.817	0.3211779
197000	-1497.244	0	-1497.244	0.1535734
197500	-1501.646	0	-1501.646	0.01941257
198000	-1532.878	0	-1532.878	0.1510855
198500	-1558.972	0	-1558.972	0.1731049
199000	-1581.649	0	-1581.649	0.1076747
199500	-1505.175	0	-1505.175	-0.08604045
200000	-1485.542	0	-1485.542	-0.1077023
200500	-1556.409	0	-1556.409	-0.2437596
201000	-1536.732	0	-1536.732	-0.2734844
201500	-1506.362	0	-1506.362	-0.164973
202000	-1562.631	0	-1562.631	-0.1847577
202500	-1583.123	0	-1583.123	0.07272481
203000	-1593.806	0	-1593.806	-0.07731602
203500	-1565.779	0	-1565.779	0.02559676
204000	-1627.28	0	-1627.28	0.06772534
204500	-1602.587	0	-1602.587	0.01926352
205000	-1518.363	0	-1518.363	0.06423895
205500	-1571.065	0	-1571.065	0.006673771
206000	-1570.704	0	-1570.704	-0.08886657
206500	-1538.433	0	-1538.433	-0.1663624
207000	-1552.134	0	-1552.134	-0.1606648
207500	-1563.669	0	-1563.669	-0.01310771
208000	-1516.62	0	-1516.62	-0.3062916
208500	-1530.918	0	-1530.918	-0.3895453
209000	-1463.456	0	-1463.456	0.1026172
209500	-1413.331	0	-1413.331	-0.03089674
210000	-1347.447	0	-1347.447	-0.03099964
210500	-1433.145	0	-1433.145	-0.1342696
211000	-1493.399	0	-1493.399	-0.1063454
211500	-1458.234	0	-1458.234	-0.1585673
212000	-1417.314	0	-1417.314	0.0626488
212500	-1431.333	0	-1431.333	-0.01262651
213000	-1463.545	0	-1463.545	-0.01544056
213500	-1555.623	0	-1555.623	0.03390205
214000	-1503.549	0	-1503.549	0.09348556
214500	-1526.65	0	-1526.65	0.1880834
215000	-1471.445	0	-1471.445	0.09833186
215500	-1454.577	0	-1454.577	0.03746076
216000	-1493.184	0	-1493.184	-0.008150484
216500	-1472.969	0	-1472.969	-0.04515659
217000	-1521.768	0	-1521.768	0.0727893
217500	-1473.198	0	-1473.198	-0.07082853
218000	-1402.023	0	-1402.023	-0.1672583
218500	-1454.649	0	-1454.649	-0.1325159
219000	-1370.966	0	-1370.966	0.1054359
219500	-1530.926	0	-1530.926	0.1432917
220000	-1435.319	0	-1435.319	0.05170317
220500	-1450.435	0	-1450.435	-0.009404283
221000	-1412.683	0	-1412.683	0.1564212
221500	-1393.926	0	-1393.926	0.2307288
222000	-1435.621	0	-1435.621	0.1058313
222500	-1480.599	0	-1480.599	0.2106205
223000	-1321.893	0	-1321.893	0.3129194
223500	-1338.43	0	-1338.43	0.3296147
224000	-1373.811	0	-1373.811	0.2905785
224500	-1406.44	0	-1406.44	0.2339636
225000	-1493.416	0	-1493.416	0.1839985
225500	-1453.491	0	-1453.491	0.07314337
226000	-1435.369	0	-1435.369	0.09519267
226500	-1461.821	0	-1461.821	0.07979985
227000	-1415.252	0	-1415.252	0.01179536
227500	-1378.57	0	-1378.57	0.0826206
228000	-1451.552	0	-1451.552	0.1548265
228500	-1388.278	0	-1388.278	-0.03425386
229000	-1368.632	0	-1368.632	-0.02862085
229500	-1373.334	0	-1373.334	-0.05567449
230000	-1410.981	0	-1410.981	-0.02832469
230500	-1514.514	0	-1514.514	0.06124791
231000	-1530.573	0	-1530.573	0.07486776
231500	-1543.202	0	-1543.202	-0.05545679
232000	-1568.892	0	-1568.892	0.09255744
232500	-1558.005	0	-1558.005	-0.2189615
233000	-1518.313	0	-1518.313	-0.2019542
233500	-1518.884	0	-1518.884	-0.04983809
234000	-1559.058	0	-1559.058	-0.06619854
234500	-1561.389	0	-1561.389	-0.01411109
235000	-1404.137	0	-1404.137	0.0853562
235500	-1437.88	0	-1437.88	0.01145475
236000	-1453.474	0	-1453.474	-0.05106158
236500	-1476.668	0	-1476.668	0.09498486
237000	-1484.973	0	-1484.973	0.09803673
237500	-1471.359	0	-1471.359	0.09961196
238000	-1452.269	0	-1452.269	-0.08737481
238500	-1575.262	0	-1575.262	-0.09322162
239000	-1541.988	0	-1541.988	-0.225681
239500	-1559.005	0	-1559.005	-0.2061814
240000	-1526.747	0	-1526.747	-0.1063092
240500	-1516.425	0	-1516.425	-0.04159875
241000	-1478.991	0	-1478.991	-0.08255728
241500	-1469.793	0	-1469.793	-0.1956534
242000	-1408.609	0	-1408.609	-0.1113617
242500	-1439.393	0	-1439.393	-0.2962994
243000	-1456.109	0	-1456.109	-0.1043942
243500	-1546.751	0	-1546.751	-0.1257086
244000	-1493.291	0	-1493.291	-0.2875586
244500	-1572.706	0	-1572.706	-0.2484128
245000	-1497.646	0	-1497.646	-0.3986882
245500	-1444.858	0	-1444.858	-0.433255
246000	-1389.612	0	-1389.612	-0.1639157
246500	-1494.984	0	-1494.984	-0.3109592
247000	-1444.665	0	-1444.665	-0.2677974
247500	-1486.804	0	-1486.804	-0.1542926
248000	-1389.387	0	-1389.387	-0.2246173
248500	-1511.46	0	-1511.46	-0.2530646
249000	-1512.125	0	-1512.125	-0.06438223
249500	-1459.919	0	-1459.919	-0.09364196
250000	-1513.93	0	-1513.93	0.04627297
250500	-1492.597	0	-1492.597	-0.1865804
251000	-1441.494	0	-1441.494	-0.110496
251500	-1451.905	0	-1451.905	-0.2139622
252000	-1433.105	0	-1433.105	-0.3027423
252500	-1452.538	0	-1452.538	-0.2354718
253000	-1377.782	0	-1377.782	-0.2487072
253500	-1429.663	0	-1429.663	-0.1079068
254000	-1409.718	0	-1409.718	-0.3507178
254500	-1527.149	0	-1527.149	-0.1047472
255000	-1427.412	0	-1427.412	0.01048005
255500	-1448.017	0	-1448.017	0.2098721
256000	-1524.501	0	-1524.501	-0.05615813
256500	-1513.488	0	-1513.488	0.1603595
257000	-1452.578	0	-1452.578	0.08037733
257500	-1413.501	0	-1413.501	-0.01588024
258000	-1320.168	0	-1320.168	0.0815618
258500	-1421.79	0	-1421.79	0.007345144
259000	-1519.228	0	-1519.228	0.07656129
259500	-1511.641	0	-1511.641	-0.1533291
260000	-1488.003	0	-1488.003	-0.1278847
260500	-1470.159	0	-1470.159	-0.2432979
261000	-1437.012	0	-1437.012	-0.07979158
261500	-1447.551	0	-1447.551	-0.2348229
262000	-1487.255	0	-1487.255	-0.2215103
262500	-1456.049	0	-1456.049	0.00801308
263000	-1422.93	0	-1422.93	-0.06035353
263500	-1508.015	0	-1508.015	-0.2419658
264000	-1473.71	0	-1473.71	-0.3144525
264500	-1475.975	0	-1475.975	-0.3560147
265000	-1451.124	0	-1451.124	-0.3614946
265500	-1453.812	0	-1453.812	-0.3159156
266000	-1487.694	0	-1487.694	-0.3603638
266500	-1526.917	0	-1526.917	-0.1304657
267000	-1520.108	0	-1520.108	-0.060101
267500	-1525.524	0	-1525.524	-0.05456694
268000	-1497.903	0	-1497.903	0.1283387
268500	-1569.476	0	-1569.476	-0.09787041
269000	-1556.512	0	-1556.512	0.08937501
269500	-1535.923	0	-1535.923	0.05270218
270000	-1464.994	0	-1464.994	0.1660759
270500	-1544.213	0	-1544.213	0.2430912
271000	-1490.7	0	-1490.7	0.3002615
271500	-1510.231	0	-1510.231	0.1358039
272000	-1524.232	0	-1524.232	0.1479848
272500	-1492.236	0	-1492.236	0.1418955
273000	-1502.92	0	-1502.92	0.324505
273500	-1538.882	0	-1538.882	0.1718568
274000	-1569.413	0	-1569.413	0.13681
274500	-1534.52	0	-1534.52	0.1293404
275000	-1468.403	0	-1468.403	0.2794419
275500	-1448.96	0	-1448.96	0.3208511
276000	-1425.97	0	-1425.97	0.149104
276500	-1408.969	0	-1408.969	-0.01825246
277000	-1417.56	0	-1417.56	-0.07500955
277500	-1369.576	0	-1369.576	0.05402538
278000	-1369.128	0	-1369.128	0.1515927
278500	-1327.076	0	-1327.076	0.3008265
279000	-1357.29	0	-1357.29	0.1797516
279500	-1353.813	0	-1353.813	0.1099
280000	-1377.032	0	-1377.032	-0.122424
280500	-1413.388	0	-1413.388	-0.02537561
281000	-1467.839	0	-1467.839	-0.2069632
281500	-1479.426	0	-1479.426	-0.2421239
282000	-1540.06	0	-1540.06	-0.1585662
282500	-1567.366	0	-1567.366	0.09209537
283000	-1545.075	0	-1545.075	0.08907269
283500	-1486.043	0	-1486.043	-0.03833536
284000	-1400.053	0	-1400.053	-0.09922072
284500	-1569.702	0	-1569.702	-0.1023943
285000	-1505.44	0	-1505.44	-0.1552284
285500	-1358.185	0	-1358.185	-0.05089324
286000	-1325.712	0	-1325.712	0.04072338
286500	-1366.014	0	-1366.014	0.06826527
287000	-1404.661	0	-1404.661	0.1147091
287500	-1386.581	0	-1386.581	0.03926932
288000	-1367.678	0	-1367.678	0.06994993
288500	-1422.015	0	-1422.015	0.08560366
289000	-1447.275	0	-1447.275	0.1321302
289500	-1457.368	0	-1457.368	0.0904755
290000	-1492.74	0	-1492.74	-0.04982565
290500	-1488.987	0	-1488.987	-0.09829221
291000	-1452.856	0	-1452.856	-0.06996678
291500	-1515.554	0	-1515.554	0.006668385
292000	-1414.128	0	-1414.128	-0.03417725
292500	-1386.885	0	-1386.885	-0.04739999
293000	-1422.248	0	-1422.248	-0.2146209
293500	-1398.724	0	-1398.724	-0.1935159
294000	-1456.28	0	-1456.28	-0.3030957
294500	-1476.662	0	-1476.662	-0.2091836
295000	-1478.185	0	-1478.185	-0.1085108
295500	-1530.932	0	-1530.932	0.0262222
296000	-1602.409	0	-1602.409	0.06590891
296500	-1539.468	0	-1539.468	-0.09851565
297000	-1544.603	0	-1544.603	-0.08672263
297500	-1600.107	0	-1600.107	-0.156492
298000	-1600.536	0	-1600.536	-0.08758428
298500	-1576.386	0	-1576.386	-0.09512103
299000	-1586.436	0	-1586.436	-0.05632021
299500	-1547.437	0	-1547.437	-0.086772
300000	-1503.979	0	-1503.979	0.09834819
300500	-1444.582	0	-1444.582	0.114472
301000	-1469.348	0	-1469.348	-0.01322326
301500	-1581.025	0	-1581.025	0.05803413
302000	-1571.534	0	-1571.534	0.2130944
302500	-1480.516	0	-1480.516	0.01579546
303000	-1494.494	0	-1494.494	-0.03688827
303500	-1438.119	0	-1438.119	-0.07225663
304000	-1525.313	0	-1525.313	-0.1304543
304500	-1547.578	0	-1547.578	-0.02790916
305000	-1536.677	0	-1536.677	-0.03986553
305500	-1604.358	0	-1604.358	0.09353414
306000	-1588.967	0	-1588.967	0.09017522
306500	-1494.663	0	-1494.663	-0.005335809
307000	-1514.591	0	-1514.591	-0.07534732
307500	-1519.122	0	-1519.122	0.1127637
308000	-1486.697	0	-1486.697	-0.1104421
308500	-1442.21	0	-1442.21	-0.267292
309000	-1463.537	0	-1463.537	-0.2207612
309500	-1464.184	0	-1464.184	-0.09325551
310000	-1389.867	0	-1389.867	-0.2325281
310500	-1547.32	0	-1547.32	-0.1746146
311000	-1553.419	0	-1553.419	-0.02149482
311500	-1528.991	0	-1528.991	-0.1807767
312000	-1494.7	0	-1494.7	0.001118604
312500	-1532.559	0	-1532.559	0.3038719
313000	-1530.117	0	-1530.117	0.1616562
313500	-1454.754	0	-1454.754	0.1723946
314000	-1407.535	0	-1407.535	0.06376687
314500	-1546.429	0	-1546.429	0.08886162
315000	-1486.013	0	-1486.013	-0.01263154
315500	-1527.72	0	-1527.72	-0.02358281
316000	-1478.794	0	-1478.794	0.07336706
316500	-1460.547	0	-1460.547	-0.05274256
317000	-1441.44	0	-1441.44	0.1602685
317500	-1413.193	0	-1413.193	0.1257701
318000	-1460.386	0	-1460.386	-0.09145442
318500	-1345.808	0	-1345.808	-0.05713584
319000	-1353.67	0	-1353.67	-0.07743756
319500	-1354.694	0	-1354.694	-0.02133045
320000	-1361.267	0	-1361.267	-0.0869278
320500	-1341.206	0	-1341.206	0.1213305
321000	-1401.964	0	-1401.964	0.2196263
321500	-1464.027	0	-1464.027	0.3721317
322000	-1513.223	0	-1513.223	0.2242458
322500	-1550.794	0	-1550.794	0.2187913
323000	-1558.932	0	-1558.932	0.148839
323500	-1518.185	0	-1518.185	0.2091191
324000	-1483.582	0	-1483.582	0.4686623
324500	-1501.21	0	-1501.21	0.3723987
325000	-1535.241	0	-1535.241	0.01935021
325500	-1540.978	0	-1540.978	0.2075449
326000	-1502.571	0	-1502.571	0.05451895
326500	-1447.395	0	-1447.395	0.07585093
327000	-1458.124	0	-1458.124	0.1238089
327500	-1416.145	0	-1416.145	-0.1145511
328000	-1410.344	0	-1410.344	-0.07623108
328500	-1363.268	0	-1363.268	-0.1986569
329000	-1408.249	0	-1408.249	-0.2338562
329500	-1472.539	0	-1472.539	-0.3726242
330000	-1510.084	0	-1510.084	-0.1663987
330500	-1447.142	0	-1447.142	-0.2941744
331000	-1457.024	0	-1457.024	0.02190119
331500	-1444.787	0	-1444.787	0.08535747
332000	-1451.374	0	-1451.374	0.2467274
332500	-1497.187	0	-1497.187	0.3152332
333000	-1465.206	0	-1465.206	0.3176344
333500	-1554.417	0	-1554.417	0.2342081
334000	-1407.558	0	-1407.558	0.1985076
334500	-1387.13	0	-1387.13	0.3085336
335000	-1421.521	0	-1421.521	0.1482069
335500	-1393.637	0	-1393.637	0.06616002
336000	-1340.368	0	-1340.368	0.07608421
336500	-1375.789	0	-1375.789	0.0004005422
337000	-1442.369	0	-1442.369	-0.0416646
337500	-1382.42	0	-1382.42	-0.02965205
338000	-1405.891	0	-1405.891	-0.1133407
338500	-1362.836	0	-1362.836	0.02145418
339000	-1344.028	0	-1344.028	-0.01147885
339500	-1398.192	0	-1398.192	-0.01605205
340000	-1435.979	0	-1435.979	0.1176553
340500	-1470.486	0	-1470.486	0.2335116
341000	-1433.944	0	-1433.944	-0.03542961
341500	-1468.447	0	-1468.447	-0.07325238
342000	-1438.655	0	-1438.655	-0.1471955
342500	-1525.412	0	-1525.412	-0.2552757
343000	-1482.654	0	-1482.654	-0.2723393
343500	-1562.435	0	-1562.435	-0.3840129
344000	-1538.567	0	-1538.567	-0.2147959
344500	-1450.758	0	-1450.758	-0.1555258
345000	-1415.968	0	-1415.968	-0.3393925
345500	-1470.231	0	-1470.231	-0.3424907
346000	-1454.858	0	-1454.858	-0.254475
346500	-1511.884	0	-1511.884	-0.2113398
347000	-1523.807	0	-1523.807	0.1092843
347500	-1488.422	0	-1488.422	-0.4274892
348000	-1540.652	0	-1540.652	-0.4084569
348500	-1530.062	0	-1530.062	-0.2684508
349000	-1497.331	0	-1497.331	-0.2473891
349500	-1525.81	0	-1525.81	-0.0806459
350000	-1553.592	0	-1553.592	-0.1828747
350500	-1520.56	0	-1520.56	-0.09829691
351000	-1440.269	0	-1440.269	0.1547729
351500	-1593.515	0	-1593.515	0.06319309
352000	-1535.929	0	-1535.929	-0.2628165
352500	-1581.752	0	-1581.752	-0.03828764
353000	-1572.441	0	-1572.441	0.06572006
353500	-1544.063	0	-1544.063	0.2076852
354000	-1548.043	0	-1548.043	0.2146173
354500	-1470.553	0	-1470.553	0.1073818
355000	-1430.774	0	-1430.774	0.1653753
355500	-1534.668	0	-1534.668	-0.07926214
356000	-1465.561	0	-1465.561	-0.1450878
356500	-1413.373	0	-1413.373	-0.1289964
357000	-1324.626	0	-1324.626	0.02215729
357500	-1488.146	0	-1488.146	-0.17708
358000	-1387.1	0	-1387.1	-0.05930845
358500	-1320.112	0	-1320.112	-0.06182905
359000	-1374.63	0	-1374.63	-0.2969949
359500	-1383.703	0	-1383.703	-0.1808847
360000	-1344.131	0	-1344.131	-0.1183842
360500	-1321.011	0	-1321.011	-0.1204503
361000	-1301.963	0	-1301.963	-0.05639703
361500	-1368.298	0	-1368.298	-0.1930496
362000	-1401.603	0	-1401.603	-0.1755585
362500	-1297.363	0	-1297.363	-0.1719546
363000	-1365.367	0	-1365.367	-0.2865492
363500	-1405.118	0	-1405.118	-0.2405092
364000	-1436.689	0	-1436.689	-0.2390883
364500	-1518.164	0	-1518.164	-0.04636743
365000	-1504.983	0	-1504.983	-0.2966584
365500	-1566.494	0	-1566.494	-0.1201182
366000	-1445.2	0	-1445.2	-0.1275076
366500	-1543.296	0	-1543.296	-0.07902676
367000	-1541.475	0	-1541.475	-0.1051808
367500	-1553.925	0	-1553.925	-0.1178805
368000	-1542.408	0	-1542.408	0.1384379
368500	-1550.855	0	-1550.855	0.2482749
369000	-1591.035	0	-1591.035	-0.1360487
369500	-1538.021	0	-1538.021	-0.2426278
370000	-1520.758	0	-1520.758	-0.1425312
370500	-1456.251	0	-1456.251	-0.3162915
371000	-1565.729	0	-1565.729	-0.2585727
371500	-1548.292	0	-1548.292	-0.0348784
372000	-1490.726	0	-1490.726	-0.2726278
372500	-1485.833	0	-1485.833	-0.25831
373000	-1456.462	0	-1456.462	-0.08770573
373500	-1433.497	0	-1433.497	-0.2499652
374000	-1501.462	0	-1501.462	-0.2599185
374500	-1519.763	0	-1519.763	0.001488872
375000	-1541.915	0	-1541.915	0.04499861
375500	-1469.591	0	-1469.591	-0.186609
376000	-1497.978	0	-1497.978	-0.02414341
376500	-1413.9	0	-1413.9	-0.3526579
377000	-1472.705	0	-1472.705	-0.3677661
377500	-1502.968	0	-1502.968	-0.3882211
378000	-1549.863	0	-1549.863	-0.02521038
378500	-1535.863	0	-1535.863	-0.2129019
379000	-1541.906	0	-1541.906	0.002989822
379500	-1563.474	0	-1563.474	0.01370268
380000	-1510.86	0	-1510.86	-0.03295483
380500	-1452.914	0	-1452.914	0.08468402
381000	-1472	0	-1472	-0.01039828
381500	-1414.862	0	-1414.862	-0.08083129
382000	-1556.312	0	-1556.312	0.1752771
382500	-1436.109	0	-1436.109	0.1452239
383000	-1433.434	0	-1433.434	0.1994921
383500	-1406.381	0	-1406.381	0.3049087
384000	-1365.702	0	-1365.702	0.190312
384500	-1342.809	0	-1342.809	0.1891315
385000	-1351.872	0	-1351.872	0.06051056
385500	-1398.171	0	-1398.171	0.02323075
386000	-1369.47	0	-1369.47	0.08185363
386500	-1453.44	0	-1453.44	0.1057702
387000	-1345.032	0	-1345.032	0.1840325
387500	-1360.387	0	-1360.387	0.1800345
388000	-1376.006	0	-1376.006	0.2071646
388500	-1414.808	0	-1414.808	0.2383001
389000	-1369.526	0	-1369.526	0.3056457
389500	-1396.794	0	-1396.794	0.2640845
390000	-1326.612	0	-1326.612	0.1988994
390500	-1356.035	0	-1356.035	0.210234
391000	-1361.071	0	-1361.071	0.1546249
391500	-1421.561	0	-1421.561	0.1495429
392000	-1378.065	0	-1378.065	0.01820667
392500	-1395.475	0	-1395.475	0.02727775
393000	-1450.095	0	-1450.095	0.1441159
393500	-1314.573	0	-1314.573	-0.1701338
394000	-1340.858	0	-1340.858	-0.1033058
394500	-1404.03	0	-1404.03	-0.01434392
395000	-1337.365	0	-1337.365	-0.2092448
395500	-1433.436	0	-1433.436	-0.3506529
396000	-1350.137	0	-1350.137	-0.238044
396500	-1417.055	0	-1417.055	-0.2706851
397000	-1466.522	0	-1466.522	-0.2214531
397500	-1425.642	0	-1425.642	-0.2899702
398000	-1504.958	0	-1504.958	-0.3283528
398500	-1456.342	0	-1456.342	-0.04716386
399000	-1497.636	0	-1497.636	-0.08445298
399500	-1489.39	0	-1489.39	-0.1691926
400000	-1489.143	0	-1489.143	-0.1754776
400500	-1464.344	0	-1464.344	-0.340736
401000	-1394.29	0	-1394.29	-0.243801
401500	-1436.223	0	-1436.223	0.0419883
402000	-1412.41	0	-1412.41	0.04863
402500	-1472.455	0	-1472.455	-0.04659611
403000	-1483.522	0	-1483.522	-0.05264916
403500	-1471.965	0	-1471.965	-0.3124408
404000	-1509.46	0	-1509.46	-0.229094
404500	-1527.253	0	-1527.253	-0.06720492
405000	-1394.042	0	-1394.042	-0.02585502
405500	-1520.153	0	-1520.153	-0.02213745
406000	-1390.485	0	-1390.485	0.1025143
406500	-1518.505	0	-1518.505	0.08541436
407000	-1492.706	0	-1492.706	-0.1285406
407500	-1494.135	0	-1494.135	0.1192063
408000	-1513.763	0	-1513.763	-0.1593537
408500	-1534.423	0	-1534.423	-0.05384444
409000	-1531.894	0	-1531.894	-0.02581964
409500	-1446.788	0	-1446.788	0.09265113
410000	-1501.235	0	-1501.235	0.1382426
410500	-1479.863	0	-1479.863	-0.1187276
411000	-1458.158	0	-1458.158	-0.2239742
411500	-1419.123	0	-1419.123	-0.2219972
412000	-1502.834	0	-1502.834	-0.04622948
412500	-1438.704	0	-1438.704	0.08078819
413000	-1398.991	0	-1398.991	0.09885085
413500	-1398.968	0	-1398.968	0.1789645
414000	-1359.813	0	-1359.813	0.1679016
414500	-1341.552	0	-1341.552	0.09213348
415000	-1393.858	0	-1393.858	0.05762548
415500	-1483.37	0	-1483.37	0.1544725
416000	-1487.297	0	-1487.297	-0.09755242
416500	-1512.363	0	-1512.363	0.004007125
417000	-1427.463	0	-1427.463	0.1489868
417500	-1482.504	0	-1482.504	0.2263248
418000	-1479.271	0	-1479.271	0.1168879
418500	-1492.854	0	-1492.854	0.1517375
419000	-1460.754	0	-1460.754	0.106113
419500	-1390.648	0	-1390.648	-0.00899013
420000	-1406.655	0	-1406.655	0.01891248
420500	-1458.199	0	-1458.199	0.1966739
421000	-1415.621	0	-1415.621	0.1161458
421500	-1432.764	0	-1432.764	0.07522417
422000	-1458.174	0	-1458.174	-0.007159442
422500	-1526.632	0	-1526.632	-0.0661726
423000	-1504.369	0	-1504.369	0.1262418
423500	-1468.027	0	-1468.027	0.0191797
424000	-1481.588	0	-1481.588	0.09491962
424500	-1439.906	0	-1439.906	0.1701421
425000	-1412.957	0	-1412.957	0.1075767
425500	-1415.2	0	-1415.2	0.0436537
426000	-1530.357	0	-1530.357	0.1851232
426500	-1470.076	0	-1470.076	0.02558161
427000	-1523.683	0	-1523.683	0.03031906
427500	-1497.1	0	-1497.1	0.03220941
428000	-1393.448	0	-1393.448	0.1274903
428500	-1426.543	0	-1426.543	0.05322433
429000	-1415.107	0	-1415.107	0.1248136
429500	-1351.644	0	-1351.644	0.1385592
430000	-1454.7	0	-1454.7	0.2089353
430500	-1438.438	0	-1438.438	0.2258054
431000	-1383.493	0	-1383.493	0.1734918
431500	-1371.709	0	-1371.709	0.1033871
432000	-1391.26	0	-1391.26	0.1057211
432500	-1349.432	0	-1349.432	0.1210147
433000	-1395.416	0	-1395.416	0.1421467
433500	-1436.02	0	-1436.02	0.1464929
434000	-1468.052	0	-1468.052	0.352414
434500	-1498.264	0	-1498.264	0.4504087
435000	-1457.821	0	-1457.821	0.4430924
435500	-1390.102	0	-1390.102	0.5093383
436000	-1454.707	0	-1454.707	0.5166204
436500	-1482.837	0	-1482.837	0.1719544
437000	-1454.281	0	-1454.281	0.1970527
437500	-1397.003	0	-1397.003	0.2754811
438000	-1437.791	0	-1437.791	0.4021425
438500	-1480.05	0	-1480.05	0.1557561
439000	-1527.555	0	-1527.555	0.02556206
439500	-1578.228	0	-1578.228	0.1766398
440000	-1566.078	0	-1566.078	0.1397241
440500	-1514.764	0	-1514.764	-0.01135778
441000	-1426.519	0	-1426.519	-0.4318239
441500	-1502.68	0	-1502.68	-0.2571363
442000	-1441.77	0	-1441.77	-0.2466838
442500	-1447.806	0	-1447.806	-0.1464657
443000	-1447.202	0	-1447.202	-0.1810842
443500	-1449.504	0	-1449.504	-0.1576953
444000	-1451.443	0	-1451.443	-0.1047691
444500	-1417.284	0	-1417.284	-0.08029873
445000	-1480.031	0	-1480.031	-0.002111046
445500	-1561.673	0	-1561.673	-0.01148753
446000	-1440.923	0	-1440.923	-0.09369151
446500	-1505.832	0	-1505.832	0.09827355
447000	-1470.081	0	-1470.081	0.09216865
447500	-1377.713	0	-1377.713	0.01904153
448000	-1451.836	0	-1451.836	-0.0412866
448500	-1463.308	0	-1463.308	0.02457216
449000	-1337.905	0	-1337.905	-0.02581247
449500	-1365.325	0	-1365.325	-0.1576432
450000	-1443.82	0	-1443.82	-0.1301163
450500	-1416.138	0	-1416.138	0.01060656
451000	-1441.537	0	-1441.537	-0.09444772
451500	-1472.019	0	-1472.019	0.02774286
452000	-1447.475	0	-1447.475	0.1253332
452500	-1530.285	0	-1530.285	-0.006221109
453000	-1448.446	0	-1448.446	-0.007063959
453500	-1529.112	0	-1529.112	-0.131442
454000	-1563.173	0	-1563.173	-0.1382559
454500	-1570.964	0	-1570.964	-0.1111107
455000	-1553.415	0	-1553.415	-0.08559133
455500	-1592.315	0	-1592.315	0.115031
456000	-1603.119	0	-1603.119	-0.06430563
456500	-1435.679	0	-1435.679	0.0101683
457000	-1468.818	0	-1468.818	-0.0012573
457500	-1526.179	0	-1526.179	0.04114114
458000	-1484.037	0	-1484.037	-0.07240097
458500	-1482.435	0	-1482.435	-0.05801221
459000	-1432.805	0	-1432.805	-0.1518482
459500	-1426.473	0	-1426.473	-0.07165485
460000	-1399.453	0	-1399.453	-0.07003257
460500	-1476.586	0	-1476.586	-0.09917365
461000	-1432.567	0	-1432.567	0.04926209
461500	-1457.82	0	-1457.82	0.01757701
462000	-1432.695	0	-1432.695	0.01935522
462500	-1445.509	0	-1445.509	-0.04661602
463000	-1402.567	0	-1402.567	-0.1007847
463500	-1496.634	0	-1496.634	-0.1650871
464000	-1529.004	0	-1529.004	-0.2269434
464500	-1521.078	0	-1521.078	-0.08876328
465000	-1492.103	0	-1492.103	-0.109554
465500	-1437.304	0	-1437.304	0.05358928
466000	-1402.313	0	-1402.313	-0.006329702
466500	-1410.266	0	-1410.266	-0.06162125
467000	-1498.384	0	-1498.384	-0.08749034
467500	-1521.025	0	-1521.025	-0.01575933
468000	-1346.994	0	-1346.994	-0.09959659
468500	-1424.23	0	-1424.23	-0.1071111
469000	-1460.615	0	-1460.615	-0.1520097
469500	-1475.71	0	-1475.71	-0.136767
470000	-1469.994	0	-1469.994	-0.2290521
470500	-1476.831	0	-1476.831	-0.08962256
471000	-1492.915	0	-1492.915	-0.2783492
471500	-1560.079	0	-1560.079	-0.1368081
472000	-1525.024	0	-1525.024	-0.1138304
472500	-1547.311	0	-1547.311	-0.04673659
473000	-1540.715	0	-1540.715	-0.1683289
473500	-1478.414	0	-1478.414	-0.2404894
474000	-1456.037	0	-1456.037	-0.2180897
474500	-1430.65	0	-1430.65	-0.2679711
475000	-1395.138	0	-1395.138	-0.3405539
475500	-1364.443	0	-1364.443	-0.4022367
476000	-1361.422	0	-1361.422	-0.3279481
476500	-1479.874	0	-1479.874	-0.3616897
477000	-1454.885	0	-1454.885	-0.3492438
477500	-1442.089	0	-1442.089	-0.2475145
478000	-1356.75	0	-1356.75	-0.3156096
478500	-1471.096	0	-1471.096	-0.3596541
479000	-1451.554	0	-1451.554	-0.2157611
479500	-1491.506	0	-1491.506	-0.1549657
480000	-1466.824	0	-1466.824	-0.04583602
480500	-1415.791	0	-1415.791	-0.1113552
481000	-1508.145	0	-1508.145	0.06636211
481500	-1454.988	0	-1454.988	0.1085605
482000	-1521.037	0	-1521.037	0.04626072
482500	-1470.463	0	-1470.463	-0.01393968
483000	-1530.748	0	-1530.748	-0.1208494
483500	-1516.838	0	-1516.838	-0.1553387
484000	-1534.063	0	-1534.063	-0.02810416
484500	-1515.534	0	-1515.534	0.1687666
485000	-1542.409	0	-1542.409	0.004017491
485500	-1542.998	0	-1542.998	-0.01434378
486000	-1458.337	0	-1458.337	0.06861117
486500	-1562.02	0	-1562.02	0.268214
487000	-1507.386	0	-1507.386	0.1271599
487500	-1535.18	0	-1535.18	0.1710767
488000	-1444.379	0	-1444.379	-0.1383645
488500	-1472.706	0	-1472.706	-0.01312094
489000	-1440.486	0	-1440.486	-0.02143805
489500	-1460.15	0	-1460.15	-0.08341983
490000	-1439.931	0	-1439.931	-0.2154454
490500	-1418.691	0	-1418.691	-0.004278225
491000	-1547.656	0	-1547.656	0.1548596
491500	-1524.149	0	-1524.149	0.07738123
492000	-1498.827	0	-1498.827	-0.09038757
492500	-1500.775	0	-1500.775	0.1665907
493000	-1475.38	0	-1475.38	0.07156559
493500	-1488.084	0	-1488.084	-0.002675405
494000	-1524.639	0	-1524.639	-0.1192531
494500	-1519.298	0	-1519.298	0.1292438
495000	-1562.883	0	-1562.883	0.05411982
495500	-1562.187	0	-1562.187	-0.08510263
496000	-1527.62	0	-1527.62	0.05921871
496500	-1429.692	0	-1429.692	-0.01044832
497000	-1547.92	0	-1547.92	0.207084
497500	-1488.934	0	-1488.934	0.02737291
498000	-1555.744	0	-1555.744	-0.02427646
498500	-1420.76	0	-1420.76	-0.1290922
499000	-1434.568	0	-1434.568	-0.2152678
499500	-1360.115	0	-1360.115	-0.1891905
500000	-1502.294	0	-1502.294	-0.2488389
500500	-1366.089	0	-1366.089	-0.3396519
501000	-1409.833	0	-1409.833	-0.3829666
501500	-1472.861	0	-1472.861	-0.2975858
502000	-1472.935	0	-1472.935	-0.3092226
502500	-1504.132	0	-1504.132	-0.1293462
503000	-1406.156	0	-1406.156	-0.09868496
503500	-1474.978	0	-1474.978	-0.1912644
504000	-1402.348	0	-1402.348	-0.08680255
504500	-1420.381	0	-1420.381	0.02512496
505000	-1466.329	0	-1466.329	0.1862836
505500	-1571.564	0	-1571.564	-0.06179374
506000	-1490.806	0	-1490.806	-0.03620983
506500	-1508.117	0	-1508.117	0.1696855
507000	-1500.637	0	-1500.637	0.0542168
507500	-1499.761	0	-1499.761	0.1008914
508000	-1458.377	0	-1458.377	0.1929095
508500	-1489.71	0	-1489.71	0.1689031
509000	-1443.649	0	-1443.649	0.1451991
509500	-1453.837	0	-1453.837	0.1191522
510000	-1492.158	0	-1492.158	0.1181664
510500	-1515.585	0	-1515.585	-0.1164283
511000	-1526.135	0	-1526.135	0.08683291
511500	-1442.801	0	-1442.801	0.08704773
512000	-1499.382	0	-1499.382	-0.02203866
512500	-1500.182	0	-1500.182	-0.004386052
513000	-1542.371	0	-1542.371	0.1199452
513500	-1522.448	0	-1522.448	0.1387627
514000	-1447.442	0	-1447.442	-0.1273136
514500	-1423.474	0	-1423.474	-0.176756
515000	-1505.594	0	-1505.594	0.02643739
515500	-1463.995	0	-1463.995	0.121321
516000	-1432.517	0	-1432.517	-0.03817726
516500	-1404.688	0	-1404.688	-0.02794173
517000	-1413.494	0	-1413.494	-0.07292778
517500	-1423.213	0	-1423.213	-0.2065408
518000	-1486.957	0	-1486.957	-0.1059487
518500	-1484.49	0	-1484.49	-0.1913553
519000	-1442.055	0	-1442.055	0.1987411
519500	-1416.228	0	-1416.228	0.04199829
520000	-1408.596	0	-1408.596	0.01839204
520500	-1410.365	0	-1410.365	0.1141139
521000	-1432.245	0	-1432.245	0.1267484
521500	-1450.242	0	-1450.242	0.1643252
522000	-1439.685	0	-1439.685	0.01850726
522500	-1435.256	0	-1435.256	-0.1042873
523000	-1464.514	0	-1464.514	-0.2111247
523500	-1427.856	0	-1427.856	-0.2791565
524000	-1415.059	0	-1415.059	-0.2194916
524500	-1451.22	0	-1451.22	-0.2055169
525000	-1415.06	0	-1415.06	-0.1979957
525500	-1511.692	0	-1511.692	0.02441796
526000	-1547.012	0	-1547.012	-0.02381015
526500	-1467.39	0	-1467.39	-0.02324774
527000	-1517.012	0	-1517.012	-0.134441
527500	-1370.247	0	-1370.247	-0.1620383
528000	-1496.057	0	-1496.057	-0.03858064
528500	-1558.744	0	-1558.744	0.1943607
529000	-1525.101	0	-1525.101	0.280094
529500	-1543.285	0	-1543.285	0.1577579
530000	-1506.764	0	-1506.764	0.3064068
530500	-1558.194	0	-1558.194	0.1973842
531000	-1559.88	0	-1559.88	0.2475291
531500	-1576.661	0	-1576.661	0.09390475
532000	-1522.779	0	-1522.779	0.278005
532500	-1455.94	0	-1455.94	0.05686069
533000	-1478.647	0	-1478.647	0.04273478
533500	-1501.499	0	-1501.499	-0.08064686
534000	-1432.248	0	-1432.248	0.343856
534500	-1438.507	0	-1438.507	0.4120751
535000	-1416	0	-1416	0.3615373
535500	-1421.819	0	-1421.819	0.3641488
536000	-1507.791	0	-1507.791	0.2649843
536500	-1438.397	0	-1438.397	0.2368563
537000	-1497.018	0	-1497.018	0.2167944
537500	-1442.156	0	-1442.156	0.2396225
538000	-1444.736	0	-1444.736	0.2889365
538500	-1402.441	0	-1402.441	0.403412
539000	-1441.4	0	-1441.4	0.3577616
539500	-1478.351	0	-1478.351	0.2445542
540000	-1491.763	0	-1491.763	0.2272275
540500	-1457.134	0	-1457.134	0.1925384
541000	-1439.147	0	-1439.147	0.04808759
541500	-1519.695	0	-1519.695	0.2380975
542000	-1445.804	0	-1445.804	0.1538525
542500	-1415.305	0	-1415.305	0.1623016
543000	-1512.565	0	-1512.565	0.1612647
543500	-1543.893	0	-1543.893	-0.004421723
544000	-1561.331	0	-1561.331	-0.2067431
544500	-1450.683	0	-1450.683	-0.1612169
545000	-1422.696	0	-1422.696	-0.06496522
545500	-1357.17	0	-1357.17	-0.1435479
546000	-1282.966	0	-1282.966	-0.1381087
546500	-1253.433	0	-1253.433	-0.1217208
547000	-1265.996	0	-1265.996	-0.06854214
547500	-1366.909	0	-1366.909	-0.06940318
548000	-1412.488	0	-1412.488	-0.1421275
548500	-1390.488	0	-1390.488	-0.008896124
549000	-1303.12	0	-1303.12	-0.0486339
549500	-1232.618	0	-1232.618	-0.01252616
550000	-1297.678	0	-1297.678	-0.008762813
550500	-1311.7	0	-1311.7	0.03427664
551000	-1220.965	0	-1220.965	0.05545774
551500	-1271.303	0	-1271.303	0.05042065
552000	-1288.385	0	-1288.385	-0.007587865
552500	-1300.52	0	-1300.52	-0.03714697
553000	-1232.813	0	-1232.813	-0.09145531
553500	-1258.903	0	-1258.903	-0.1054671
554000	-1365.284	0	-1365.284	-0.05619491
554500	-1380.449	0	-1380.449	-0.07665158
555000	-1360.146	0	-1360.146	-0.3155894
555500	-1335.206	0	-1335.206	-0.3385742
556000	-1477.184	0	-1477.184	-0.06067327
556500	-1509.407	0	-1509.407	-0.1345392
557000	-1523.705	0	-1523.705	-0.179788
557500	-1500.475	0	-1500.475	-0.09591695
558000	-1434.946	0	-1434.946	-0.003475288
558500	-1454.411	0	-1454.411	-0.169116
559000	-1411.9	0	-1411.9	-0.05547481
559500	-1461.72	0	-1461.72	-0.1249979
560000	-1472.942	0	-1472.942	-0.009294536
560500	-1306.737	0	-1306.737	-0.02641726
561000	-1394.501	0	-1394.501	-0.1397359
561500	-1348.047	0	-1348.047	-0.1160401
562000	-1393.613	0	-1393.613	-0.08093829
562500	-1371.779	0	-1371.779	-0.03755594
563000	-1309.317	0	-1309.317	0.08541696
563500	-1324.723	0	-1324.723	0.1063635
564000	-1359.657	0	-1359.657	0.04830472
564500	-1355.245	0	-1355.245	0.1032287
565000	-1410.768	0	-1410.768	-0.08465122
565500	-1429.56	0	-1429.56	-0.2256944
566000	-1473.581	0	-1473.581	-0.09014552
566500	-1491.847	0	-1491.847	0.08446607
567000	-1446.799	0	-1446.799	-0.04717588
567500	-1453.541	0	-1453.541	0.09404474
568000	-1415.052	0	-1415.052	0.2769792
568500	-1387.667	0	-1387.667	0.2149179
569000	-1460.246	0	-1460.246	0.148874
569500	-1479.21	0	-1479.21	0.2056388
570000	-1435.012	0	-1435.012	0.2180156
570500	-1487.922	0	-1487.922	0.2841479
571000	-1402.492	0	-1402.492	0.2535517
571500	-1403.718	0	-1403.718	0.2867886
572000	-1382.1	0	-1382.1	0.3070648
572500	-1404.602	0	-1404.602	0.282238
573000	-1420.31	0	-1420.31	0.3626283
573500	-1415.983	0	-1415.983	0.2798263
574000	-1498.686	0	-1498.686	0.3974172
574500	-1481.813	0	-1481.813	0.1648681
575000	-1418.434	0	-1418.434	0.2997246
575500	-1428.562	0	-1428.562	0.2346089
576000	-1394.473	0	-1394.473	-0.07421211
576500	-1332.969	0	-1332.969	-0.01591609
577000	-1429.384	0	-1429.384	-0.009993075
577500	-1376.281	0	-1376.281	0.05871774
578000	-1375.6	0	-1375.6	0.1473312
578500	-1420.776	0	-1420.776	0.07730155
579000	-1416.022	0	-1416.022	0.0828998
579500	-1427.331	0	-1427.331	0.02935336
580000	-1410.823	0	-1410.823	-0.00967096
580500	-1398.991	0	-1398.991	0.03875677
581000	-1393.732	0	-1393.732	-0.1400259
581500	-1402.996	0	-1402.996	-0.1912076
582000	-1454.088	0	-1454.088	-0.1700303
582500	-1383.371	0	-1383.371	-0.02137462
583000	-1340.736	0	-1340.736	-0.1050391
583500	-1466.592	0	-1466.592	0.04393823
584000	-1488.219	0	-1488.219	-0.04924051
584500	-1458.528	0	-1458.528	0.01874994
585000	-1390.605	0	-1390.605	0.174817
585500	-1360.768	0	-1360.768	-0.03013971
586000	-1426.45	0	-1426.45	-0.1357536
586500	-1452.489	0	-1452.489	-0.09206975
587000	-1425.255	0	-1425.255	-0.02600947
587500	-1554.271	0	-1554.271	0.02596473
588000	-1459.168	0	-1459.168	0.09984991
588500	-1402.149	0	-1402.149	0.09311524
589000	-1462.298	0	-1462.298	0.0732028
589500	-1420.697	0	-1420.697	0.008543241
590000	-1404.112	0	-1404.112	-0.2033823
590500	-1394.559	0	-1394.559	-0.1519307
591000	-1326.97	0	-1326.97	-0.1116943
591500	-1358.083	0	-1358.083	-0.04927455
592000	-1350.08	0	-1350.08	-0.01074922
592500	-1315.719	0	-1315.719	0.05034277
593000	-1345.496	0	-1345.496	0.127065
593500	-1412.167	0	-1412.167	0.2491028
594000	-1435.778	0	-1435.778	0.105539
594500	-1422.794	0	-1422.794	0.02592567
595000	-1507.03	0	-1507.03	-0.009245125
595500	-1424.536	0	-1424.536	-0.1298689
596000	-1402.804	0	-1402.804	-0.05892928
596500	-1454.754	0	-1454.754	-0.051875
597000	-1352.078	0	-1352.078	0.0002441289
597500	-1362.706	0	-1362.706	-0.06002916
598000	-1448.051	0	-1448.051	0.07508941
598500	-1405.452	0	-1405.452	-0.1127161
599000	-1410.13	0	-1410.13	-0.1981788
599500	-1314.734	0	-1314.734	-0.1584134
600000	-1322.551	0	-1322.551	-0.1422447
600500	-1367.27	0	-1367.27	-0.1641251
601000	-1313.573	0	-1313.573	-0.2289595
601500	-1241.786	0	-1241.786	-0.2444278
602000	-1330.215	0	-1330.215	-0.06317338
602500	-1312.043	0	-1312.043	-0.07718829
603000	-1336.94	0	-1336.94	0.02554369
603500	-1384.141	0	-1384.141	-0.05295093
604000	-1449.537	0	-1449.537	-0.2484784
604500	-1405.309	0	-1405.309	0.1260632
605000	-1388.13	0	-1388.13	0.03163941
605500	-1403.022	0	-1403.022	0.06750951
606000	-1386.269	0	-1386.269	-0.1018663
606500	-1426.087	0	-1426.087	0.09976769
607000	-1414.595	0	-1414.595	0.1044927
607500	-1423.863	0	-1423.863	-0.1563141
608000	-1421.551	0	-1421.551	-0.000635202
608500	-1457.375	0	-1457.375	0.04123759
609000	-1364.049	0	-1364.049	-0.06340721
609500	-1424.274	0	-1424.274	-0.01531888
610000	-1449.623	0	-1449.623	0.1756809
610500	-1565.493	0	-1565.493	-0.03463921
611000	-1578.994	0	-1578.994	0.004026823
611500	-1606.168	0	-1606.168	0.1069067
612000	-1521.735	0	-1521.735	-0.05502507
612500	-1499.449	0	-1499.449	-0.04862055
613000	-1443.513	0	-1443.513	0.05716475
613500	-1483.498	0	-1483.498	0.08422703
614000	-1476.689	0	-1476.689	0.02187369
614500	-1419.153	0	-1419.153	-0.01872035
615000	-1391.964	0	-1391.964	0.256566
615500	-1433.367	0	-1433.367	0.2383237
616000	-1448.42	0	-1448.42	0.1512117
616500	-1464.433	0	-1464.433	0.2799206
617000	-1466.706	0	-1466.706	-0.02722883
617500	-1450.955	0	-1450.955	0.03361338
618000	-1433.455	0	-1433.455	-0.1614457
618500	-1418.132	0	-1418.132	-0.1219354
619000	-1493.082	0	-1493.082	0.03773823
619500	-1501.235	0	-1501.235	-0.1761897
620000	-1496.316	0	-1496.316	-0.1623214
620500	-1392.685	0	-1392.685	-0.1924518
621000	-1398.836	0	-1398.836	-0.2552229
621500	-1400.687	0	-1400.687	-0.1347082
622000	-1292.393	0	-1292.393	-0.2165589
622500	-1290.188	0	-1290.188	-0.1912963
623000	-1228.91	0	-1228.91	-0.2384965
623500	-1315.639	0	-1315.639	-0.2841757
624000	-1304.356	0	-1304.356	-0.2491593
624500	-1350.693	0	-1350.693	-0.3298342
625000	-1336.332	0	-1336.332	-0.1693751
625500	-1387.87	0	-1387.87	-0.3102328
626000	-1335.171	0	-1335.171	-0.1850161
626500	-1377.467	0	-1377.467	-0.1849644
627000	-1390.014	0	-1390.014	-0.242006
627500	-1293.84	0	-1293.84	-0.2247046
628000	-1333.147	0	-1333.147	-0.21189
628500	-1305.877	0	-1305.877	-0.2477696
629000	-1428.296	0	-1428.296	-0.2489172
629500	-1406.717	0	-1406.717	-0.1863685
630000	-1385.382	0	-1385.382	-0.2805316
630500	-1454.633	0	-1454.633	-0.1520662
631000	-1478.982	0	-1478.982	-0.1634974
631500	-1404.215	0	-1404.215	-0.3797974
632000	-1445.691	0	-1445.691	-0.3932143
632500	-1431.189	0	-1431.189	-0.3837688
633000	-1481.661	0	-1481.661	-0.419834
633500	-1470.4	0	-1470.4	-0.3701175
634000	-1379.025	0	-1379.025	-0.3239824
634500	-1370.589	0	-1370.589	-0.2572679
635000	-1350.96	0	-1350.96	-0.2928159
635500	-1452.074	0	-1452.074	-0.2231982
636000	-1502.384	0	-1502.384	-0.2334082
636500	-1489.288	0	-1489.288	-0.05722167
637000	-1403.563	0	-1403.563	-0.1142384
637500	-1408.976	0	-1408.976	-0.05634885
638000	-1260.3	0	-1260.3	-0.08102643
638500	-1375	0	-1375	-0.09701453
639000	-1361.983	0	-1361.983	-0.08319065
639500	-1388.05	0	-1388.05	-0.0660843
640000	-1332.016	0	-1332.016	0.02449235
640500	-1407.764	0	-1407.764	-0.1466219
641000	-1369.203	0	-1369.203	-0.1687387
641500	-1388.869	0	-1388.869	-0.169707
642000	-1294.053	0	-1294.053	-0.2431333
642500	-1325.769	0	-1325.769	-0.1844421
643000	-1374.187	0	-1374.187	-0.1974487
643500	-1388.728	0	-1388.728	-0.2140637
644000	-1430.288	0	-1430.288	-0.1813486
644500	-1424.839	0	-1424.839	-0.2965404
645000	-1380.771	0	-1380.771	-0.2124173
645500	-1286.626	0	-1286.626	-0.3077232
646000	-1372.762	0	-1372.762	-0.2187233
646500	-1413.231	0	-1413.231	-0.2315607
647000	-1422.026	0	-1422.026	-0.1643023
647500	-1459.961	0	-1459.961	-0.07448305
648000	-1515.559	0	-1515.559	-0.1734855
648500	-1477.828	0	-1477.828	-0.01478268
649000	-1403.084	0	-1403.084	0.06137208
649500	-1514.195	0	-1514.195	0.02800757
650000	-1405.082	0	-1405.082	-0.1164663
650500	-1325.15	0	-1325.15	-0.03726462
651000	-1267.152	0	-1267.152	0.01656767
651500	-1362.965	0	-1362.965	0.06182167
652000	-1304.878	0	-1304.878	0.03392846
652500	-1276.825	0	-1276.825	0.03514607
653000	-1373.521	0	-1373.521	0.06737186
653500	-1260.59	0	-1260.59	0.1147143
654000	-1337.144	0	-1337.144	0.009647349
654500	-1294.095	0	-1294.095	0.03778522
655000	-1327.713	0	-1327.713	0.08561671
655500	-1427.734	0	-1427.734	0.1803009
656000	-1333.164	0	-1333.164	0.1171421
656500	-1300.001	0	-1300.001	-0.02401213
657000	-1289.031	0	-1289.031	0.01485221
657500	-1348.562	0	-1348.562	-0.09275618
658000	-1350.7	0	-1350.7	-0.1025677
658500	-1290.104	0	-1290.104	-0.1284641
659000	-1358.533	0	-1358.533	0.0148457
659500	-1383.459	0	-1383.459	-0.03096522
660000	-1441.359	0	-1441.359	-0.111141
660500	-1425.736	0	-1425.736	-0.05139231
661000	-1372.751	0	-1372.751	-0.2134209
661500	-1366.502	0	-1366.502	-0.1398254
662000	-1413.35	0	-1413.35	-0.1329598
662500	-1434.287	0	-1434.287	-0.1973719
663000	-1416.12	0	-1416.12	-0.2284347
663500	-1446.968	0	-1446.968	-0.01853121
664000	-1368.367	0	-1368.367	0.02801277
664500	-1400.962	0	-1400.962	-0.1028864
665000	-1444.623	0	-1444.623	0.001453198
665500	-1431.558	0	-1431.558	-0.06368311
666000	-1423.454	0	-1423.454	-0.09604484
666500	-1414.742	0	-1414.742	-0.1025728
667000	-1383.786	0	-1383.786	0.003182444
667500	-1427.757	0	-1427.757	-0.05703104
668000	-1518.604	0	-1518.604	-0.02530106
668500	-1493.506	0	-1493.506	0.1211883
669000	-1504.485	0	-1504.485	0.01274924
669500	-1462.501	0	-1462.501	0.1213453
670000	-1516.713	0	-1516.713	-0.09653464
670500	-1333.34	0	-1333.34	0.2296056
671000	-1362.418	0	-1362.418	0.2968735
671500	-1416.666	0	-1416.666	0.2476769
672000	-1532.864	0	-1532.864	0.1832776
672500	-1528.364	0	-1528.364	0.1671048
673000	-1417.13	0	-1417.13	0.1286898
673500	-1357.098	0	-1357.098	0.02047633
674000	-1359.002	0	-1359.002	0.09207411
674500	-1371.608	0	-1371.608	0.1180955
675000	-1414.19	0	-1414.19	0.04181626
675500	-1491.445	0	-1491.445	0.01928532
676000	-1369.002	0	-1369.002	-0.01787839
676500	-1423.284	0	-1423.284	-0.1271042
677000	-1471.741	0	-1471.741	0.01671058
677500	-1514.495	0	-1514.495	-0.1905555
678000	-1491.849	0	-1491.849	-0.1428696
678500	-1384.355	0	-1384.355	-0.2717163
679000	-1408.021	0	-1408.021	-0.08804622
679500	-1507.91	0	-1507.91	-0.1724899
680000	-1533.71	0	-1533.71	-0.1212356
680500	-1539.604	0	-1539.604	-0.04845507
681000	-1482.576	0	-1482.576	0.06609243
681500	-1516.776	0	-1516.776	0.1083713
682000	-1477.266	0	-1477.266	-0.118021
682500	-1433.73	0	-1433.73	-0.1916906
683000	-1527.19	0	-1527.19	-0.2141154
683500	-1509.384	0	-1509.384	0.2857203
684000	-1431.898	0	-1431.898	-0.1282758
684500	-1464.784	0	-1464.784	-0.1306515
685000	-1406.433	0	-1406.433	0.01024086
685500	-1363.044	0	-1363.044	0.1149278
686000	-1494.419	0	-1494.419	-0.03535694
686500	-1475.735	0	-1475.735	0.1134407
687000	-1418.27	0	-1418.27	0.2136989
687500	-1433.578	0	-1433.578	0.3059349
688000	-1413.432	0	-1413.432	0.1311471
688500	-1459.74	0	-1459.74	0.09503891
689000	-1426.644	0	-1426.644	0.08278746
689500	-1488.574	0	-1488.574	0.08224799
690000	-1456.913	0	-1456.913	0.08540205
690500	-1487.816	0	-1487.816	0.1695226
691000	-1515.732	0	-1515.732	-0.0597855
691500	-1559.297	0	-1559.297	-0.08284089
692000	-1595.846	0	-1595.846	-0.02401888
692500	-1500.746	0	-1500.746	0.2200557
693000	-1584.001	0	-1584.001	0.2480216
693500	-1544.454	0	-1544.454	0.1760986
694000	-1543.18	0	-1543.18	0.193973
694500	-1553.815	0	-1553.815	0.006917059
695000	-1444.716	0	-1444.716	0.01732907
695500	-1485.139	0	-1485.139	0.018279
696000	-1565.296	0	-1565.296	-0.16395
696500	-1460.832	0	-1460.832	-0.2479151
697000	-1459.539	0	-1459.539	-0.05797423
697500	-1502.638	0	-1502.638	-0.09376403
698000	-1499.818	0	-1499.818	-0.1709854
698500	-1552.924	0	-1552.924	-0.06343374
699000	-1541.816	0	-1541.816	0.01169614
699500	-1593.984	0	-1593.984	0.09014607
700000	-1473.026	0	-1473.026	0.1415362
700500	-1459.028	0	-1459.028	0.1239411
701000	-1401.786	0	-1401.786	-0.1115944
701500	-1414.222	0	-1414.222	-0.07412973
702000	-1436.161	0	-1436.161	-0.3452886
702500	-1383.996	0	-1383.996	-0.4458875
703000	-1323.568	0	-1323.568	-0.4008976
703500	-1336.439	0	-1336.439	-0.3248649
704000	-1395.394	0	-1395.394	-0.269755
704500	-1409.203	0	-1409.203	-0.07197674
705000	-1459.05	0	-1459.05	-0.1012865
705500	-1358.475	0	-1358.475	-0.2823096
706000	-1473.901	0	-1473.901	-0.3416207
706500	-1446.116	0	-1446.116	-0.08372821
707000	-1453.863	0	-1453.863	-0.06843074
707500	-1447.036	0	-1447.036	0.007043723
708000	-1407.585	0	-1407.585	0.01734844
708500	-1418.271	0	-1418.271	-0.1823019
709000	-1391.27	0	-1391.27	-0.2139584
709500	-1382.596	0	-1382.596	-0.08685801
710000	-1379.373	0	-1379.373	0.103292
710500	-1443.213	0	-1443.213	0.07535078
711000	-1468.089	0	-1468.089	0.09514637
711500	-1440.349	0	-1440.349	0.08707424
712000	-1387.605	0	-1387.605	-0.02324259
712500	-1377.487	0	-1377.487	0.00625978
713000	-1422.261	0	-1422.261	-0.005141108
713500	-1446.727	0	-1446.727	0.1178737
714000	-1411.643	0	-1411.643	0.1516181
714500	-1423.04	0	-1423.04	-0.09342504
715000	-1492.863	0	-1492.863	0.00449413
715500	-1592.167	0	-1592.167	-0.0283824
716000	-1466.262	0	-1466.262	0.1080956
716500	-1436.367	0	-1436.367	0.2238818
717000	-1434.776	0	-1434.776	0.293992
717500	-1352.486	0	-1352.486	0.02654767
718000	-1409.644	0	-1409.644	0.02066671
718500	-1429.145	0	-1429.145	0.2887292
719000	-1544.634	0	-1544.634	0.2027885
719500	-1450.018	0	-1450.018	0.1137688
720000	-1444.62	0	-1444.62	-0.03965003
720500	-1494.277	0	-1494.277	0.2560277
721000	-1454.427	0	-1454.427	0.2489829
721500	-1448.788	0	-1448.788	0.223733
722000	-1466.164	0	-1466.164	-0.001552285
722500	-1511.329	0	-1511.329	0.03322667
723000	-1381.955	0	-1381.955	-0.1051508
723500	-1401.612	0	-1401.612	-0.3018523
724000	-1567.332	0	-1567.332	-0.01481025
724500	-1485.488	0	-1485.488	0.1587531
725000	-1511.518	0	-1511.518	0.2544148
725500	-1464.205	0	-1464.205	0.2147821
726000	-1513.411	0	-1513.411	0.1210159
726500	-1528.016	0	-1528.016	-0.1162667
727000	-1536.952	0	-1536.952	0.05289367
727500	-1453.111	0	-1453.111	0.1596276
728000	-1375.202	0	-1375.202	0.256194
728500	-1477.525	0	-1477.525	0.2852163
729000	-1430.83	0	-1430.83	0.3313025
729500	-1364.992	0	-1364.992	0.05460142
730000	-1388.213	0	-1388.213	-0.1227346
730500	-1461.338	0	-1461.338	0.01821858
731000	-1473.617	0	-1473.617	0.131075
731500	-1434.492	0	-1434.492	-0.07215221
732000	-1408.981	0	-1408.981	-0.03674585
732500	-1426.361	0	-1426.361	0.01569793
733000	-1347.911	0	-1347.911	-0.1124579
733500	-1487.876	0	-1487.876	-0.02591223
734000	-1398.532	0	-1398.532	-0.01428361
734500	-1465.615	0	-1465.615	-0.06628511
735000	-1524.458	0	-1524.458	-0.04858159
735500	-1526.825	0	-1526.825	0.0360723
736000	-1526.534	0	-1526.534	0.1707554
736500	-1536.295	0	-1536.295	0.1444644
737000	-1532.478	0	-1532.478	0.1509795
737500	-1512.759	0	-1512.759	0.2745812
738000	-1473.651	0	-1473.651	0.1477798
738500	-1382.558	0	-1382.558	0.2412589
739000	-1376.71	0	-1376.71	0.1323372
739500	-1442.674	0	-1442.674	0.09221976
740000	-1387.663	0	-1387.663	-0.01391395
740500	-1363.27	0	-1363.27	0.02672204
741000	-1384.824	0	-1384.824	-0.01053305
741500	-1251.948	0	-1251.948	-0.002225955
742000	-1281.755	0	-1281.755	-0.01497461
742500	-1395.933	0	-1395.933	-0.1449658
743000	-1576.676	0	-1576.676	-0.1172885
743500	-1471.827	0	-1471.827	-0.2655921
744000	-1434.689	0	-1434.689	-0.1059678
744500	-1492.55	0	-1492.55	0.1167748
745000	-1427.138	0	-1427.138	-0.02998887
745500	-1424.598	0	-1424.598	0.08269046
746000	-1471.028	0	-1471.028	-0.01494313
746500	-1474.8	0	-1474.8	0.03730117
747000	-1387.703	0	-1387.703	0.1707499
747500	-1402.527	0	-1402.527	0.1546825
748000	-1277.984	0	-1277.984	0.09374313
748500	-1357.97	0	-1357.97	0.08255285
749000	-1388.373	0	-1388.373	0.04971787
749500	-1456.09	0	-1456.09	0.1071233
750000	-1475.806	0	-1475.806	0.1078516
750500	-1348.986	0	-1348.986	0.05858633
751000	-1303.078	0	-1303.078	-0.04623439
751500	-1379.447	0	-1379.447	0.09376301
752000	-1433.072	0	-1433.072	-0.03731436
752500	-1365.223	0	-1365.223	0.08325075
753000	-1338.315	0	-1338.315	0.1648638
753500	-1355.432	0	-1355.432	0.1515668
754000	-1419.775	0	-1419.775	0.1151774
754500	-1315.265	0	-1315.265	0.1046503
755000	-1372.817	0	-1372.817	0.122644
755500	-1364.498	0	-1364.498	0.02700547
756000	-1400.207	0	-1400.207	0.01374992
756500	-1433.963	0	-1433.963	-0.02069296
757000	-1425.118	0	-1425.118	0.02256388
757500	-1364.8	0	-1364.8	0.05824526
758000	-1405.717	0	-1405.717	0.01713429
758500	-1381.555	0	-1381.555	-0.03349268
759000	-1469.058	0	-1469.058	0.02358595
759500	-1447.5	0	-1447.5	0.0390849
760000	-1381.465	0	-1381.465	-0.007302446
760500	-1397.719	0	-1397.719	-0.003652389
761000	-1482.513	0	-1482.513	-0.05303407
761500	-1464.072	0	-1464.072	0.02094201
762000	-1464.737	0	-1464.737	0.06598143
762500	-1421.606	0	-1421.606	0.1038315
763000	-1479.132	0	-1479.132	0.06503714
763500	-1435.029	0	-1435.029	0.08096953
764000	-1374.42	0	-1374.42	0.07310926
764500	-1374.331	0	-1374.331	0.1350716
765000	-1365.001	0	-1365.001	0.07011573
765500	-1366.122	0	-1366.122	0.1629776
766000	-1451.875	0	-1451.875	0.06935218
766500	-1489.819	0	-1489.819	0.1313849
767000	-1469.426	0	-1469.426	-0.0007207997
767500	-1497.193	0	-1497.193	-0.02976864
768000	-1539.607	0	-1539.607	-0.1910422
768500	-1507.057	0	-1507.057	0.0631974
769000	-1473.893	0	-1473.893	0.07384154
769500	-1445.009	0	-1445.009	-0.04035092
770000	-1459.641	0	-1459.641	-0.02692041
770500	-1373.44	0	-1373.44	-0.1571813
771000	-1338.323	0	-1338.323	-0.1024201
771500	-1321.53	0	-1321.53	-0.2312028
772000	-1422.317	0	-1422.317	-0.2003417
772500	-1409.198	0	-1409.198	-0.2363576
773000	-1507.042	0	-1507.042	-0.009991717
773500	-1468.651	0	-1468.651	-0.07887862
774000	-1327.327	0	-1327.327	-0.1320298
774500	-1484.193	0	-1484.193	-0.009480504
775000	-1491.612	0	-1491.612	0.1885684
775500	-1496.825	0	-1496.825	0.2304371
776000	-1591.339	0	-1591.339	0.3441642
776500	-1524.119	0	-1524.119	0.2430437
777000	-1503.592	0	-1503.592	0.01285271
777500	-1530.655	0	-1530.655	0.07058114
778000	-1431.725	0	-1431.725	-0.1853986
778500	-1431.075	0	-1431.075	-0.1413783
779000	-1344.389	0	-1344.389	0.04608547
779500	-1465.322	0	-1465.322	0.112569
780000	-1401.882	0	-1401.882	0.1922245
780500	-1342.619	0	-1342.619	0.2963368
781000	-1393.831	0	-1393.831	0.03626621
781500	-1409.395	0	-1409.395	0.1299029
782000	-1321.54	0	-1321.54	0.1045491
782500	-1352.02	0	-1352.02	0.2042119
783000	-1425.817	0	-1425.817	0.2169866
783500	-1453.748	0	-1453.748	0.09850689
784000	-1470.211	0	-1470.211	-0.2835401
784500	-1358.743	0	-1358.743	-0.01164688
785000	-1305.892	0	-1305.892	-0.1294413
785500	-1287.276	0	-1287.276	-0.06597906
786000	-1272.787	0	-1272.787	0.02994096
786500	-1246.415	0	-1246.415	0.03590584
787000	-1263.577	0	-1263.577	0.04769596
787500	-1313.076	0	-1313.076	0.1173419
788000	-1302.226	0	-1302.226	0.1561621
788500	-1285.624	0	-1285.624	0.001848478
789000	-1293.141	0	-1293.141	0.01286403
789500	-1304.953	0	-1304.953	0.00486068
790000	-1276.33	0	-1276.33	0.004948122
790500	-1292.124	0	-1292.124	0.1378983
791000	-1288.756	0	-1288.756	0.1105859
791500	-1308.707	0	-1308.707	0.0469228
792000	-1348.659	0	-1348.659	0.01605389
792500	-1297.188	0	-1297.188	0.06589199
793000	-1232.382	0	-1232.382	0.06045031
793500	-1165.577	0	-1165.577	0.03025688
794000	-1371.518	0	-1371.518	-0.05290087
794500	-1329.94	0	-1329.94	-0.08470635
795000	-1324.351	0	-1324.351	-0.07503162
795500	-1381.968	0	-1381.968	-0.0680372
796000	-1438.354	0	-1438.354	-0.1905684
796500	-1350.722	0	-1350.722	-0.1729866
797000	-1417.537	0	-1417.537	-0.2891202
797500	-1352.637	0	-1352.637	-0.1853038
798000	-1487.466	0	-1487.466	-0.08709977
798500	-1441.371	0	-1441.371	-0.1492515
799000	-1262.797	0	-1262.797	-0.1730503
799500	-1341.006	0	-1341.006	-0.2611267
800000	-1282.678	0	-1282.678	-0.3003958
800500	-1331.09	0	-1331.09	-0.3006337
801000	-1300.413	0	-1300.413	-0.4175093
801500	-1342.664	0	-1342.664	-0.3127597
802000	-1327.79	0	-1327.79	-0.02996763
802500	-1433.981	0	-1433.981	0.02942604
803000	-1423.577	0	-1423.577	0.1627334
803500	-1517.683	0	-1517.683	0.07167125
804000	-1545.678	0	-1545.678	0.05583864
804500	-1535.129	0	-1535.129	-0.1509522
805000	-1535.43	0	-1535.43	-0.2337675
805500	-1533.743	0	-1533.743	-0.01460125
806000	-1544.845	0	-1544.845	-0.2437974
806500	-1557.972	0	-1557.972	-0.2261986
807000	-1565.908	0	-1565.908	-0.1332655
807500	-1626.736	0	-1626.736	-0.1722416
808000	-1541.997	0	-1541.997	-0.1437304
808500	-1549.148	0	-1549.148	-0.1139692
809000	-1517.26	0	-1517.26	-0.2627126
809500	-1498.861	0	-1498.861	-0.2737305
810000	-1484.423	0	-1484.423	-0.1712923
810500	-1462.658	0	-1462.658	-0.1598729
811000	-1485.606	0	-1485.606	-0.1308053
811500	-1397.317	0	-1397.317	-0.3322442
812000	-1368.795	0	-1368.795	-0.3823376
812500	-1400.868	0	-1400.868	-0.3644706
813000	-1402.315	0	-1402.315	-0.1840019
813500	-1404.826	0	-1404.826	-0.2096385
814000	-1421.243	0	-1421.243	-0.2271551
814500	-1403.09	0	-1403.09	-0.3292189
815000	-1418.796	0	-1418.796	-0.2918008
815500	-1450.736	0	-1450.736	-0.1845581
816000	-1421.045	0	-1421.045	0.09562485
816500	-1432.951	0	-1432.951	-0.01723339
817000	-1396.763	0	-1396.763	-0.005651964
817500	-1457.422	0	-1457.422	0.1857978
818000	-1443.82	0	-1443.82	0.1820931
818500	-1437.435	0	-1437.435	-0.09305177
819000	-1552.583	0	-1552.583	-0.007057171
819500	-1555.915	0	-1555.915	-0.1168873
820000	-1497.806	0	-1497.806	0.1386297
820500	-1445.556	0	-1445.556	-0.07218517
821000	-1468.864	0	-1468.864	-0.1286825
821500	-1474.255	0	-1474.255	0.1939748
822000	-1435.971	0	-1435.971	0.1209248
822500	-1421.357	0	-1421.357	0.0764505
823000	-1492.619	0	-1492.619	0.03308283
823500	-1555.569	0	-1555.569	0.06074669
824000	-1524.719	0	-1524.719	0.1837197
824500	-1350.121	0	-1350.121	0.06776076
825000	-1415.517	0	-1415.517	-0.005683563
825500	-1404.029	0	-1404.029	0.03307112
826000	-1495.528	0	-1495.528	-0.1455352
826500	-1506.896	0	-1506.896	0.1529269
827000	-1421.377	0	-1421.377	0.1533097
827500	-1458.546	0	-1458.546	0.1447045
828000	-1386.183	0	-1386.183	0.0221003
828500	-1349.074	0	-1349.074	-0.05662035
829000	-1469.567	0	-1469.567	-0.1281874
829500	-1401.013	0	-1401.013	-0.07823109
830000	-1404.568	0	-1404.568	0.1180358
830500	-1390.964	0	-1390.964	0.09298887
831000	-1452.214	0	-1452.214	0.240768
831500	-1479.893	0	-1479.893	0.336754
832000	-1423.168	0	-1423.168	0.2325081
832500	-1490.358	0	-1490.358	0.1593287
833000	-1541.172	0	-1541.172	0.0039246
833500	-1601.174	0	-1601.174	-0.1022809
834000	-1486.165	0	-1486.165	-0.02161439
834500	-1458.84	0	-1458.84	0.1114926
835000	-1519.483	0	-1519.483	0.1181622
835500	-1525.641	0	-1525.641	0.0937305
836000	-1511.827	0	-1511.827	0.2551279
836500	-1390.262	0	-1390.262	0.1825635
837000	-1374.841	0	-1374.841	0.1903858
837500	-1377.393	0	-1377.393	0.139285
838000	-1351.271	0	-1351.271	0.08755892
838500	-1463.269	0	-1463.269	0.09032411
839000	-1472.536	0	-1472.536	-0.09516568
839500	-1422.365	0	-1422.365	0.05898179
840000	-1416.66	0	-1416.66	0.01967167
840500	-1399.398	0	-1399.398	0.08231356
841000	-1450.521	0	-1450.521	0.07617283
841500	-1498.085	0	-1498.085	-0.045127
842000	-1516.575	0	-1516.575	0.08929423
842500	-1482.885	0	-1482.885	-0.1045879
843000	-1483.762	0	-1483.762	-0.06027428
843500	-1461.453	0	-1461.453	-0.05607407
844000	-1429.661	0	-1429.661	0.0323638
844500	-1478.391	0	-1478.391	0.0507534
845000	-1459.056	0	-1459.056	-0.1580465
845500	-1467.705	0	-1467.705	-0.1103334
846000	-1526.892	0	-1526.892	-0.01308862
846500	-1499.168	0	-1499.168	-0.02353374
847000	-1456.157	0	-1456.157	-0.1043197
847500	-1499.681	0	-1499.681	-0.1753999
848000	-1573.004	0	-1573.004	-0.0460817
848500	-1521.04	0	-1521.04	-0.0674235
849000	-1500.82	0	-1500.82	0.01434629
849500	-1512.303	0	-1512.303	0.06514978
850000	-1534.359	0	-1534.359	-0.01489617
850500	-1562.189	0	-1562.189	-0.05182508
851000	-1525.812	0	-1525.812	-0.04750238
851500	-1488.234	0	-1488.234	-0.1114185
852000	-1491.509	0	-1491.509	-0.07799507
852500	-1409.522	0	-1409.522	0.1315774
853000	-1509.327	0	-1509.327	0.06183767
853500	-1477.773	0	-1477.773	0.06987097
854000	-1522.477	0	-1522.477	-0.08477476
854500	-1484.313	0	-1484.313	0.03509168
855000	-1417.56	0	-1417.56	0.06571854
855500	-1414.223	0	-1414.223	0.02175986
856000	-1418.645	0	-1418.645	0.03537838
856500	-1369.157	0	-1369.157	-0.1366022
857000	-1464.348	0	-1464.348	-0.116789
857500	-1352.866	0	-1352.866	-0.1078956
858000	-1448.107	0	-1448.107	-0.0910643
858500	-1470.241	0	-1470.241	-0.1264909
859000	-1450.527	0	-1450.527	-0.1123919
859500	-1494.792	0	-1494.792	0.1202155
860000	-1503.345	0	-1503.345	0.2744879
860500	-1420.96	0	-1420.96	0.2739966
861000	-1396.723	0	-1396.723	0.3308102
861500	-1344.803	0	-1344.803	0.4187365
862000	-1378.875	0	-1378.875	0.477386
862500	-1426.472	0	-1426.472	0.4863985
863000	-1421.378	0	-1421.378	0.4256202
863500	-1407.482	0	-1407.482	0.4646202
864000	-1460.616	0	-1460.616	0.5068078
864500	-1352.331	0	-1352.331	0.474422
865000	-1411.033	0	-1411.033	0.4858541
865500	-1510.612	0	-1510.612	0.4508481
866000	-1384.582	0	-1384.582	0.4335147
866500	-1415.462	0	-1415.462	0.3855484
867000	-1482.639	0	-1482.639	0.3934314
867500	-1520.467	0	-1520.467	0.3330757
868000	-1478.399	0	-1478.399	0.477029
868500	-1525.707	0	-1525.707	0.2291558
869000	-1482.95	0	-1482.95	0.3218451
869500	-1386.777	0	-1386.777	0.2228212
870000	-1397.704	0	-1397.704	0.2481827
870500	-1401.604	0	-1401.604	0.2399099
871000	-1426.234	0	-1426.234	0.2297633
871500	-1347.816	0	-1347.816	0.2194726
872000	-1450.342	0	-1450.342	0.2189053
872500	-1427.166	0	-1427.166	0.03036749
873000	-1420.242	0	-1420.242	0.1783335
873500	-1447.589	0	-1447.589	0.126248
874000	-1459.261	0	-1459.261	0.2242152
874500	-1516.079	0	-1516.079	0.1004256
875000	-1536.204	0	-1536.204	0.1435644
875500	-1497.311	0	-1497.311	0.3940813
876000	-1413.647	0	-1413.647	0.3678174
876500	-1450.506	0	-1450.506	0.1678451
877000	-1315.198	0	-1315.198	0.1270896
877500	-1402.438	0	-1402.438	0.08734951
878000	-1398.602	0	-1398.602	-0.01422123
878500	-1400.951	0	-1400.951	-0.1588999
879000	-1322.273	0	-1322.273	-0.2056876
879500	-1339.349	0	-1339.349	-0.05134606
880000	-1381.196	0	-1381.196	-0.1233602
880500	-1320.292	0	-1320.292	-0.2987032
881000	-1345.031	0	-1345.031	-0.3263043
881500	-1315.622	0	-1315.622	-0.1679874
882000	-1361.424	0	-1361.424	-0.146764
882500	-1397.339	0	-1397.339	-0.08657637
883000	-1402.173	0	-1402.173	-0.1543078
883500	-1495.976	0	-1495.976	-0.1063936
884000	-1423.843	0	-1423.843	0.00636458
884500	-1343.394	0	-1343.394	0.04517938
885000	-1375.047	0	-1375.047	0.08162381
885500	-1436.636	0	-1436.636	0.1116129
886000	-1452.445	0	-1452.445	0.1507252
886500	-1444.574	0	-1444.574	0.1925868
887000	-1462.119	0	-1462.119	0.06024864
887500	-1553.473	0	-1553.473	0.2350721
888000	-1431.219	0	-1431.219	0.2103246
888500	-1530.714	0	-1530.714	0.05689261
889000	-1451.077	0	-1451.077	0.06121014
889500	-1417.26	0	-1417.26	0.02962828
890000	-1452.168	0	-1452.168	-0.1385715
890500	-1414.771	0	-1414.771	-0.01804803
891000	-1368.702	0	-1368.702	0.1022543
891500	-1429.07	0	-1429.07	-0.0003296642
892000	-1545.016	0	-1545.016	0.09441888
892500	-1540.793	0	-1540.793	0.04217119
893000	-1508.937	0	-1508.937	-0.03273265
893500	-1422.148	0	-1422.148	-0.01704911
894000	-1439.874	0	-1439.874	0.3770737
894500	-1524.114	0	-1524.114	0.4043305
895000	-1497.512	0	-1497.512	0.4070178
895500	-1487.357	0	-1487.357	0.4428305
896000	-1458.995	0	-1458.995	0.2857988
896500	-1473.149	0	-1473.149	0.1786012
897000	-1498.151	0	-1498.151	0.0454958
897500	-1581.61	0	-1581.61	0.1236366
898000	-1581.758	0	-1581.758	0.3723637
898500	-1597.423	0	-1597.423	0.2275224
899000	-1566.013	0	-1566.013	-0.07084228
899500	-1512.851	0	-1512.851	-0.09865797
900000	-1524.741	0	-1524.741	0.03892335
900500	-1602.903	0	-1602.903	0.04660255
901000	-1493.016	0	-1493.016	0.2353738
901500	-1552.761	0	-1552.761	0.2314414
902000	-1540.764	0	-1540.764	0.2165083
902500	-1542.152	0	-1542.152	0.1465256
903000	-1597.648	0	-1597.648	0.2132573
903500	-1673.823	0	-1673.823	-0.01416472
904000	-1605.208	0	-1605.208	-0.2026983
904500	-1596.788	0	-1596.788	-0.1210626
905000	-1521.023	0	-1521.023	-0.1518072
905500	-1450.924	0	-1450.924	0.1117978
906000	-1468.345	0	-1468.345	0.1569071
906500	-1504.817	0	-1504.817	-0.1465132
907000	-1454.358	0	-1454.358	-0.2367316
907500	-1487.964	0	-1487.964	-0.2814344
908000	-1476.631	0	-1476.631	-0.3369998
908500	-1445.401	0	-1445.401	0.02154055
909000	-1498.532	0	-1498.532	-0.1498246
909500	-1470.697	0	-1470.697	-0.4082428
910000	-1521.716	0	-1521.716	-0.1194728
910500	-1587.485	0	-1587.485	-0.1956835
911000	-1505.293	0	-1505.293	-0.06675837
911500	-1452.445	0	-1452.445	-0.02753685
912000	-1443.857	0	-1443.857	-0.07451789
912500	-1551.925	0	-1551.925	-0.04214705
913000	-1440.457	0	-1440.457	-0.2683757
913500	-1529.457	0	-1529.457	0.003109374
914000	-1461.604	0	-1461.604	0.01555755
914500	-1382.764	0	-1382.764	0.01230365
915000	-1413.599	0	-1413.599	-0.07482663
915500	-1397.693	0	-1397.693	-0.04219814
916000	-1433.039	0	-1433.039	-0.05497867
916500	-1388.734	0	-1388.734	-0.1945584
917000	-1424.597	0	-1424.597	-0.1423214
917500	-1479.434	0	-1479.434	-0.09403988
918000	-1515.975	0	-1515.975	0.001723726
918500	-1519.06	0	-1519.06	0.03350681
919000	-1457.9	0	-1457.9	-0.04442047
919500	-1525.581	0	-1525.581	-0.1537956
920000	-1528.273	0	-1528.273	0.03619442
920500	-1476.913	0	-1476.913	-0.06959599
921000	-1505.224	0	-1505.224	-0.1705599
921500	-1496.888	0	-1496.888	-0.1342343
922000	-1446	0	-1446	-0.3065782
922500	-1497.59	0	-1497.59	-0.2464056
923000	-1446.812	0	-1446.812	-0.2090892
923500	-1338.013	0	-1338.013	-0.118872
924000	-1365.629	0	-1365.629	-0.2441759
924500	-1424.473	0	-1424.473	-0.2172844
925000	-1353.844	0	-1353.844	-0.2491806
925500	-1369.148	0	-1369.148	-0.1681115
926000	-1383.916	0	-1383.916	-0.108551
926500	-1399.161	0	-1399.161	-0.1639233
927000	-1351.421	0	-1351.421	-0.02226136
927500	-1245.409	0	-1245.409	0.001900522
928000	-1268.295	0	-1268.295	-0.03144977
928500	-1217.842	0	-1217.842	0.01133483
929000	-1227.03	0	-1227.03	0.07709858
929500	-1246.365	0	-1246.365	0.02416002
930000	-1200.011	0	-1200.011	0.05553815
930500	-1184.752	0	-1184.752	0.06020541
931000	-1265.707	0	-1265.707	0.06278259
931500	-1389.713	0	-1389.713	0.1043521
932000	-1284.498	0	-1284.498	0.1469875
932500	-1275.831	0	-1275.831	0.1366766
933000	-1321.432	0	-1321.432	0.1196972
933500	-1324.674	0	-1324.674	0.1064868
934000	-1365.768	0	-1365.768	0.0608505
934500	-1365.06	0	-1365.06	0.09244071
935000	-1333.174	0	-1333.174	0.1820128
935500	-1426.223	0	-1426.223	0.08214818
936000	-1491.409	0	-1491.409	0.01880655
936500	-1434.613	0	-1434.613	-0.1321436
937000	-1592.696	0	-1592.696	-0.0004601356
937500	-1504.255	0	-1504.255	-0.1210401
938000	-1483.99	0	-1483.99	-0.2510306
938500	-1408.284	0	-1408.284	-0.1359953
939000	-1408.785	0	-1408.785	-0.1097228
939500	-1429.871	0	-1429.871	-0.197672
940000	-1445.889	0	-1445.889	-0.1836942
940500	-1457.108	0	-1457.108	-0.2969372
941000	-1451.952	0	-1451.952	-0.1776874
941500	-1437.373	0	-1437.373	-0.2493538
942000	-1488.104	0	-1488.104	-0.3886382
942500	-1475.634	0	-1475.634	-0.374754
943000	-1463.409	0	-1463.409	-0.3155264
943500	-1507.328	0	-1507.328	-0.4257
944000	-1456.474	0	-1456.474	-0.2857933
944500	-1524.123	0	-1524.123	-0.532619
945000	-1550.911	0	-1550.911	-0.5200721
945500	-1527.468	0	-1527.468	-0.1519014
946000	-1543.035	0	-1543.035	-0.02077137
946500	-1557.916	0	-1557.916	-0.2048028
947000	-1548.916	0	-1548.916	-0.2226859
947500	-1474.419	0	-1474.419	-0.2111236
948000	-1489.422	0	-1489.422	-0.1797755
948500	-1501.272	0	-1501.272	-0.1323713
949000	-1503.107	0	-1503.107	-0.1305132
949500	-1438.593	0	-1438.593	-0.5343604
950000	-1560.294	0	-1560.294	-0.1787202
950500	-1533.107	0	-1533.107	-0.1071394
951000	-1528.277	0	-1528.277	0.04347654
951500	-1534.847	0	-1534.847	0.03712553
952000	-1522.494	0	-1522.494	-0.003843761
952500	-1593.247	0	-1593.247	-0.0235503
953000	-1583.94	0	-1583.94	-0.03817024
953500	-1574.386	0	-1574.386	-0.1234458
954000	-1473.883	0	-1473.883	-0.3373441
954500	-1575.419	0	-1575.419	-0.1964691
955000	-1568.344	0	-1568.344	-0.01762291
955500	-1598.18	0	-1598.18	-0.03314852
956000	-1633.2	0	-1633.2	-0.1819106
956500	-1640.749	0	-1640.749	-0.2711849
957000	-1593.021	0	-1593.021	-0.07859547
957500	-1556.217	0	-1556.217	-0.0169011
958000	-1575.93	0	-1575.93	-0.1498807
958500	-1498.161	0	-1498.161	-0.04873241
959000	-1515.435	0	-1515.435	-0.2213087
959500	-1489.073	0	-1489.073	-0.1963586
960000	-1427.61	0	-1427.61	-0.260667
960500	-1426.582	0	-1426.582	-0.1724497
961000	-1531.039	0	-1531.039	-0.08139955
961500	-1477.414	0	-1477.414	0.03053043
962000	-1459.521	0	-1459.521	0.1004442
962500	-1456.874	0	-1456.874	-0.01299846
963000	-1484.7	0	-1484.7	-0.1047863
963500	-1366.573	0	-1366.573	-0.2266675
964000	-1408.235	0	-1408.235	-0.2475877
964500	-1494.589	0	-1494.589	-0.03934121
965000	-1458.331	0	-1458.331	0.0342714
965500	-1493.868	0	-1493.868	-0.08979904
966000	-1559.084	0	-1559.084	-0.05607659
966500	-1564.568	0	-1564.568	-0.1168546
967000	-1469.465	0	-1469.465	-0.3321463
967500	-1446.459	0	-1446.459	-0.1433988
968000	-1431.874	0	-1431.874	-0.111154
968500	-1423.845	0	-1423.845	-0.1115518
969000	-1474.891	0	-1474.891	0.01555418
969500	-1480.141	0	-1480.141	-0.009393935
970000	-1429.765	0	-1429.765	0.007875385
970500	-1554.742	0	-1554.742	0.03958033
971000	-1469.942	0	-1469.942	0.124764
971500	-1436.133	0	-1436.133	-0.02984548
972000	-1525.654	0	-1525.654	0.2341787
972500	-1479.283	0	-1479.283	0.2078641
973000	-1476.46	0	-1476.46	-0.01817628
973500	-1475.697	0	-1475.697	0.008511814
974000	-1519.399	0	-1519.399	-0.02500095
974500	-1535.959	0	-1535.959	0.09458146
975000	-1511.77	0	-1511.77	-0.1988402
975500	-1479.269	0	-1479.269	-0.2509118
976000	-1518.945	0	-1518.945	-0.2243367
976500	-1522.206	0	-1522.206	-0.03602701
977000	-1558.359	0	-1558.359	-0.08296506
977500	-1480.721	0	-1480.721	0.02288383
978000	-1528.946	0	-1528.946	0.206941
978500	-1574.79	0	-1574.79	-0.01498535
979000	-1498.423	0	-1498.423	-0.08852964
979500	-1520.459	0	-1520.459	-0.2125277
980000	-1466.903	0	-1466.903	0.07947342
980500	-1468.619	0	-1468.619	-0.1156606
981000	-1486.089	0	-1486.089	0.06150568
981500	-1542.882	0	-1542.882	0.05436341
982000	-1410.131	0	-1410.131	0.1338171
982500	-1449.644	0	-1449.644	0.1096426
983000	-1415.199	0	-1415.199	0.09890373
983500	-1449.644	0	-1449.644	0.2987795
984000	-1518.418	0	-1518.418	0.3351118
984500	-1440.162	0	-1440.162	0.408966
985000	-1452.683	0	-1452.683	0.3247604
985500	-1476.574	0	-1476.574	0.2667113
986000	-1507.77	0	-1507.77	0.4231632
986500	-1490.885	0	-1490.885	0.4801453
987000	-1599.778	0	-1599.778	0.1195762
987500	-1584.938	0	-1584.938	0.03466956
988000	-1434.846	0	-1434.846	0.09929003
988500	-1473.563	0	-1473.563	0.2186421
989000	-1461.732	0	-1461.732	-0.08774919
989500	-1447.722	0	-1447.722	0.07067393
990000	-1462.081	0	-1462.081	0.05465243
990500	-1500.33	0	-1500.33	0.03529606
991000	-1498.612	0	-1498.612	0.131675
991500	-1535.699	0	-1535.699	0.1712796
992000	-1476.184	0	-1476.184	0.1544728
992500	-1454.821	0	-1454.821	0.1559533
993000	-1377.132	0	-1377.132	0.1144368
993500	-1439.216	0	-1439.216	0.1943402
994000	-1511.056	0	-1511.056	0.1115751
994500	-1465.382	0	-1465.382	0.02890472
995000	-1382	0	-1382	-0.0799519
995500	-1329.862	0	-1329.862	-0.03693681
996000	-1292.605	0	-1292.605	0.1008787
996500	-1363.029	0	-1363.029	0.205901
997000	-1483.383	0	-1483.383	0.0717736
997500	-1483.642	0	-1483.642	0.1998786
998000	-1459.421	0	-1459.421	0.07396998
998500	-1470.617	0	-1470.617	0.1501701
999000	-1418.322	0	-1418.322	0.08685071
999500	-1387.591	0	-1387.591	0.04747852
1000000	-1338.67	0	-1338.67	-0.1324442
