Iteration	Posterior	Likelihood	Prior	rho[2][4]
0	-2767.094	0	-2767.094	0.389474
500	-1833.808	0	-1833.808	0.4308904
1000	-1810.64	0	-1810.64	0.03448004
1500	-1789.017	0	-1789.017	0.02334995
2000	-1738.503	0	-1738.503	0.1068597
2500	-1747.798	0	-1747.798	-0.03234365
3000	-1702.748	0	-1702.748	0.06035002
3500	-1715.047	0	-1715.047	0.009852962
4000	-1743.436	0	-1743.436	0.1493892
4500	-1660.366	0	-1660.366	-0.01221314
5000	-1653.002	0	-1653.002	0.09275569
5500	-1644.417	0	-1644.417	-0.08634627
6000	-1671.011	0	-1671.011	0.02003317
6500	-1694.815	0	-1694.815	0.05708247
7000	-1652.267	0	-1652.267	-0.05482541
7500	-1676.815	0	-1676.815	0.0628998
8000	-1657.212	0	-1657.212	0.1323456
8500	-1646.412	0	-1646.412	-0.03297667
9000	-1629.817	0	-1629.817	-0.06499136
9500	-1682.457	0	-1682.457	-0.1145596
10000	-1585.742	0	-1585.742	-0.1235989
10500	-1626.512	0	-1626.512	-0.08521696
11000	-1649.935	0	-1649.935	-0.08180137
11500	-1611	0	-1611	-0.21401
12000	-1647.121	0	-1647.121	-0.2620933
12500	-1637.222	0	-1637.222	-0.3144909
13000	-1634.307	0	-1634.307	-0.2093482
13500	-1710.281	0	-1710.281	-0.1983828
14000	-1641.434	0	-1641.434	-0.1685019
14500	-1633.002	0	-1633.002	-0.05005777
15000	-1654.661	0	-1654.661	-0.2516188
15500	-1672.531	0	-1672.531	0.02446043
16000	-1570.103	0	-1570.103	-0.09116241
16500	-1599.341	0	-1599.341	-0.04855384
17000	-1498.971	0	-1498.971	-0.3235817
17500	-1543.947	0	-1543.947	-0.3557007
18000	-1559.423	0	-1559.423	-0.1665109
18500	-1625.698	0	-1625.698	-0.2012282
19000	-1595.907	0	-1595.907	-0.19545
19500	-1597.718	0	-1597.718	-0.2369425
20000	-1628.388	0	-1628.388	-0.2504506
20500	-1598.409	0	-1598.409	-0.3404112
21000	-1615.475	0	-1615.475	-0.3007461
21500	-1600.019	0	-1600.019	0.2062195
22000	-1607.516	0	-1607.516	-0.2577825
22500	-1651.162	0	-1651.162	-0.259906
23000	-1562.768	0	-1562.768	-0.1283029
23500	-1543.11	0	-1543.11	-0.1264505
24000	-1500.023	0	-1500.023	-0.3484474
24500	-1529.498	0	-1529.498	-0.2858903
25000	-1528.523	0	-1528.523	-0.3252856
25500	-1566.233	0	-1566.233	-0.1735087
26000	-1565.615	0	-1565.615	-0.3091437
26500	-1536.912	0	-1536.912	-0.2511158
27000	-1596.738	0	-1596.738	-0.2748138
27500	-1520.693	0	-1520.693	-0.3231938
28000	-1574.362	0	-1574.362	-0.3469993
28500	-1593.069	0	-1593.069	-0.2774172
29000	-1568.107	0	-1568.107	-0.2770655
29500	-1561.379	0	-1561.379	-0.3064778
30000	-1555.988	0	-1555.988	-0.2887027
30500	-1586.861	0	-1586.861	-0.2778558
31000	-1541.078	0	-1541.078	-0.05650847
31500	-1564.972	0	-1564.972	-0.2360887
32000	-1573.671	0	-1573.671	-0.3237419
32500	-1578.188	0	-1578.188	-0.2186387
33000	-1584.933	0	-1584.933	-0.4308548
33500	-1647.742	0	-1647.742	-0.1692039
34000	-1646.651	0	-1646.651	-0.3798114
34500	-1615.477	0	-1615.477	-0.5167824
35000	-1595.85	0	-1595.85	-0.5786081
35500	-1594.776	0	-1594.776	-0.1538226
36000	-1599.007	0	-1599.007	-0.01260839
36500	-1562.7	0	-1562.7	-0.2019831
37000	-1570.442	0	-1570.442	-0.2660191
37500	-1583.729	0	-1583.729	-0.2143521
38000	-1559.956	0	-1559.956	-0.3445738
38500	-1540.706	0	-1540.706	-0.3154987
39000	-1539.188	0	-1539.188	-0.2518307
39500	-1504.775	0	-1504.775	-0.2701788
40000	-1460.643	0	-1460.643	-0.3287166
40500	-1572.402	0	-1572.402	-0.2646194
41000	-1499.867	0	-1499.867	-0.3513433
41500	-1554.459	0	-1554.459	-0.2384015
42000	-1564.081	0	-1564.081	-0.1605759
42500	-1611.642	0	-1611.642	-0.1231926
43000	-1559.631	0	-1559.631	-0.2779084
43500	-1546.896	0	-1546.896	-0.2867842
44000	-1526.823	0	-1526.823	-0.08999822
44500	-1585.789	0	-1585.789	0.05733511
45000	-1510.764	0	-1510.764	-0.0493561
45500	-1552.8	0	-1552.8	-0.04347326
46000	-1567.132	0	-1567.132	-0.2198058
46500	-1482.78	0	-1482.78	-0.2649448
47000	-1599.632	0	-1599.632	-0.3704367
47500	-1596.586	0	-1596.586	-0.2963651
48000	-1526.387	0	-1526.387	-0.4172174
48500	-1525.308	0	-1525.308	-0.5483424
49000	-1534.618	0	-1534.618	-0.3508837
49500	-1569.467	0	-1569.467	-0.2957889
50000	-1556.234	0	-1556.234	-0.3170005
50500	-1469.916	0	-1469.916	-0.421863
51000	-1534.29	0	-1534.29	-0.5690427
51500	-1504.114	0	-1504.114	-0.5069002
52000	-1494.628	0	-1494.628	-0.5107175
52500	-1423.75	0	-1423.75	-0.3910412
53000	-1422.352	0	-1422.352	-0.2530041
53500	-1437.871	0	-1437.871	-0.4282502
54000	-1502.103	0	-1502.103	-0.4130995
54500	-1542.058	0	-1542.058	-0.3636833
55000	-1519.605	0	-1519.605	-0.450449
55500	-1447.67	0	-1447.67	-0.2825029
56000	-1543.289	0	-1543.289	-0.2516978
56500	-1538.08	0	-1538.08	-0.2947959
57000	-1481.698	0	-1481.698	-0.1365673
57500	-1452.419	0	-1452.419	-0.1961049
58000	-1516.348	0	-1516.348	-0.2279422
58500	-1464.428	0	-1464.428	-0.1945631
59000	-1495.71	0	-1495.71	-0.4371341
59500	-1498.938	0	-1498.938	-0.3792359
60000	-1543.473	0	-1543.473	-0.2332269
60500	-1552.617	0	-1552.617	-0.4211173
61000	-1488.325	0	-1488.325	-0.3078404
61500	-1533.475	0	-1533.475	-0.235291
62000	-1584.346	0	-1584.346	-0.2448328
62500	-1651.285	0	-1651.285	-0.3764127
63000	-1591.337	0	-1591.337	-0.01106057
63500	-1558.035	0	-1558.035	-0.2288069
64000	-1597.553	0	-1597.553	-0.2728971
64500	-1473.305	0	-1473.305	0.004509906
65000	-1482.464	0	-1482.464	-0.1399323
65500	-1446.76	0	-1446.76	-0.3477059
66000	-1465.381	0	-1465.381	-0.2874309
66500	-1480.667	0	-1480.667	-0.1154332
67000	-1529.438	0	-1529.438	0.06735382
67500	-1488.075	0	-1488.075	-0.157824
68000	-1564.566	0	-1564.566	-0.3657075
68500	-1530.018	0	-1530.018	-0.2719827
69000	-1541.108	0	-1541.108	-0.301021
69500	-1574.823	0	-1574.823	-0.2971283
70000	-1598.121	0	-1598.121	-0.3109953
70500	-1502.014	0	-1502.014	-0.407784
71000	-1518.647	0	-1518.647	-0.4330008
71500	-1571.351	0	-1571.351	-0.4720257
72000	-1611.153	0	-1611.153	-0.150551
72500	-1635.57	0	-1635.57	-0.07842332
73000	-1619.849	0	-1619.849	-0.3300683
73500	-1610.561	0	-1610.561	-0.2848055
74000	-1558.767	0	-1558.767	-0.1225447
74500	-1591.135	0	-1591.135	-0.121732
75000	-1582.095	0	-1582.095	-0.08833047
75500	-1563.908	0	-1563.908	0.06321906
76000	-1591.598	0	-1591.598	-0.06450895
76500	-1612.722	0	-1612.722	-0.1401397
77000	-1626.31	0	-1626.31	-0.1168677
77500	-1643.625	0	-1643.625	-0.3923001
78000	-1572.136	0	-1572.136	-0.1639395
78500	-1591.45	0	-1591.45	-0.2351068
79000	-1582.214	0	-1582.214	-0.2587261
79500	-1559.972	0	-1559.972	-0.4487341
80000	-1559.02	0	-1559.02	-0.3634137
80500	-1602.434	0	-1602.434	-0.2129696
81000	-1550.711	0	-1550.711	-0.1863921
81500	-1597.551	0	-1597.551	-0.2548737
82000	-1561.884	0	-1561.884	-0.1637746
82500	-1516.635	0	-1516.635	-0.08094324
83000	-1492.482	0	-1492.482	-0.2346794
83500	-1561.476	0	-1561.476	-0.1588294
84000	-1500.495	0	-1500.495	-0.3250917
84500	-1398.064	0	-1398.064	-0.1630585
85000	-1409.944	0	-1409.944	-0.08736362
85500	-1488.504	0	-1488.504	0.1757425
86000	-1489.208	0	-1489.208	-0.04650712
86500	-1446.507	0	-1446.507	-0.2199658
87000	-1423.036	0	-1423.036	-0.3946268
87500	-1398.791	0	-1398.791	-0.4636926
88000	-1502.351	0	-1502.351	-0.4424887
88500	-1522.44	0	-1522.44	-0.1877718
89000	-1467.827	0	-1467.827	-0.210763
89500	-1499.5	0	-1499.5	-0.373715
90000	-1477.357	0	-1477.357	-0.2472524
90500	-1497.482	0	-1497.482	-0.3610071
91000	-1554.161	0	-1554.161	-0.06626018
91500	-1542.283	0	-1542.283	-0.1327893
92000	-1496.497	0	-1496.497	-0.1104526
92500	-1458.557	0	-1458.557	0.008579344
93000	-1487.952	0	-1487.952	0.1913366
93500	-1505.687	0	-1505.687	0.08484153
94000	-1483.734	0	-1483.734	-0.08463456
94500	-1503.545	0	-1503.545	-0.2286755
95000	-1501.153	0	-1501.153	-0.1796744
95500	-1561.039	0	-1561.039	-0.3145405
96000	-1520.893	0	-1520.893	-0.3150547
96500	-1514.003	0	-1514.003	-0.1088127
97000	-1599.651	0	-1599.651	-0.07707211
97500	-1624.69	0	-1624.69	-0.07438487
98000	-1582.878	0	-1582.878	-0.06970761
98500	-1605.536	0	-1605.536	-0.1962748
99000	-1585.987	0	-1585.987	-0.1457934
99500	-1582.154	0	-1582.154	-0.09272221
100000	-1557.619	0	-1557.619	-0.1663454
100500	-1584.827	0	-1584.827	-0.200807
101000	-1525.727	0	-1525.727	-0.2300634
101500	-1513.413	0	-1513.413	-0.3622645
102000	-1472.612	0	-1472.612	-0.5002365
102500	-1476.373	0	-1476.373	-0.4053394
103000	-1547.857	0	-1547.857	-0.3393519
103500	-1529.621	0	-1529.621	-0.3366268
104000	-1598.468	0	-1598.468	-0.3166853
104500	-1502.405	0	-1502.405	-0.3749731
105000	-1462.005	0	-1462.005	-0.1940878
105500	-1481.303	0	-1481.303	-0.1646205
106000	-1421.423	0	-1421.423	-0.2326779
106500	-1407.38	0	-1407.38	-0.2760099
107000	-1398.534	0	-1398.534	-0.2556812
107500	-1444.409	0	-1444.409	-0.300842
108000	-1393.127	0	-1393.127	-0.3222278
108500	-1509.526	0	-1509.526	-0.2750326
109000	-1548.675	0	-1548.675	-0.3322604
109500	-1505.081	0	-1505.081	-0.16205
110000	-1425.077	0	-1425.077	-0.24975
110500	-1550.273	0	-1550.273	-0.1726769
111000	-1541.343	0	-1541.343	-0.266911
111500	-1558.843	0	-1558.843	-0.178516
112000	-1586.068	0	-1586.068	-0.2078356
112500	-1546.372	0	-1546.372	-0.05352499
113000	-1503.11	0	-1503.11	0.01187144
113500	-1568.408	0	-1568.408	-0.04469499
114000	-1481.407	0	-1481.407	-0.2640755
114500	-1517.522	0	-1517.522	-0.1420145
115000	-1535.29	0	-1535.29	-0.04680001
115500	-1532.401	0	-1532.401	-0.2971005
116000	-1451.216	0	-1451.216	-0.3237137
116500	-1463.953	0	-1463.953	-0.3168898
117000	-1560.455	0	-1560.455	-0.3231721
117500	-1578.993	0	-1578.993	-0.1737182
118000	-1495.957	0	-1495.957	-0.183039
118500	-1438.05	0	-1438.05	-0.2320953
119000	-1465.93	0	-1465.93	-0.1359873
119500	-1527.139	0	-1527.139	-0.1245305
120000	-1485.349	0	-1485.349	-0.2132749
120500	-1501.912	0	-1501.912	-0.1002456
121000	-1493.087	0	-1493.087	-0.06152218
121500	-1421.324	0	-1421.324	-0.3143391
122000	-1414.309	0	-1414.309	-0.000121086
122500	-1497.125	0	-1497.125	-0.1119688
123000	-1554.896	0	-1554.896	-0.2490853
123500	-1485.575	0	-1485.575	0.008438162
124000	-1554.107	0	-1554.107	0.006069625
124500	-1548.131	0	-1548.131	0.1230495
125000	-1512.675	0	-1512.675	-0.2067846
125500	-1482.373	0	-1482.373	-0.3102434
126000	-1548.01	0	-1548.01	-0.1827364
126500	-1571.544	0	-1571.544	-0.1830386
127000	-1554.398	0	-1554.398	-0.06303892
127500	-1551.961	0	-1551.961	-0.1137212
128000	-1554.542	0	-1554.542	-0.1250567
128500	-1591.598	0	-1591.598	-0.1950965
129000	-1559.032	0	-1559.032	-0.1210616
129500	-1593.937	0	-1593.937	-0.152072
130000	-1608.297	0	-1608.297	-0.1107679
130500	-1645.97	0	-1645.97	-0.1935428
131000	-1603.65	0	-1603.65	-0.2104799
131500	-1615.466	0	-1615.466	-0.1032039
132000	-1565.89	0	-1565.89	-0.1559594
132500	-1529.354	0	-1529.354	-0.08037748
133000	-1603.217	0	-1603.217	0.08882353
133500	-1624.699	0	-1624.699	0.06695145
134000	-1624.347	0	-1624.347	-0.3921857
134500	-1592.622	0	-1592.622	-0.2698055
135000	-1556.978	0	-1556.978	-0.1911635
135500	-1533.52	0	-1533.52	-0.4567541
136000	-1584.693	0	-1584.693	-0.3146452
136500	-1514.661	0	-1514.661	-0.3865777
137000	-1521.26	0	-1521.26	-0.3404876
137500	-1562.209	0	-1562.209	-0.2078286
138000	-1542.259	0	-1542.259	-0.1652718
138500	-1511.084	0	-1511.084	0.09665347
139000	-1517.473	0	-1517.473	-0.2075318
139500	-1532.77	0	-1532.77	-0.06071569
140000	-1559.573	0	-1559.573	-0.009853046
140500	-1575.692	0	-1575.692	-0.209135
141000	-1501.965	0	-1501.965	0.0278363
141500	-1544.82	0	-1544.82	-0.007407626
142000	-1527.826	0	-1527.826	0.04135269
142500	-1511.361	0	-1511.361	0.08548988
143000	-1536.593	0	-1536.593	0.143841
143500	-1538.373	0	-1538.373	0.03178812
144000	-1507.194	0	-1507.194	0.05186314
144500	-1540.988	0	-1540.988	-0.09076438
145000	-1543.632	0	-1543.632	0.02911212
145500	-1492.345	0	-1492.345	-0.1280528
146000	-1426.123	0	-1426.123	-0.274682
146500	-1518.416	0	-1518.416	-0.2479267
147000	-1403.523	0	-1403.523	-0.09938701
147500	-1341.267	0	-1341.267	-0.2091689
148000	-1351.352	0	-1351.352	-0.1412156
148500	-1330.085	0	-1330.085	-0.1710398
149000	-1392.49	0	-1392.49	-0.1662372
149500	-1472.011	0	-1472.011	-0.1191212
150000	-1386.556	0	-1386.556	-0.002778052
150500	-1375.273	0	-1375.273	0.0798209
151000	-1331.14	0	-1331.14	0.146443
151500	-1374.881	0	-1374.881	-0.07857098
152000	-1422.941	0	-1422.941	0.01614455
152500	-1417.092	0	-1417.092	-0.0819999
153000	-1420.75	0	-1420.75	-0.03248316
153500	-1510.414	0	-1510.414	-0.1169096
154000	-1518.636	0	-1518.636	-0.2583696
154500	-1434.042	0	-1434.042	-0.4104458
155000	-1534.174	0	-1534.174	-0.3101209
155500	-1493.056	0	-1493.056	-0.1807134
156000	-1462.638	0	-1462.638	-0.201013
156500	-1380.806	0	-1380.806	-0.122545
157000	-1434.5	0	-1434.5	-0.2224678
157500	-1571.854	0	-1571.854	-0.1353215
158000	-1583.122	0	-1583.122	-0.02044326
158500	-1539.288	0	-1539.288	-0.04615124
159000	-1549.768	0	-1549.768	0.1208517
159500	-1579.969	0	-1579.969	-0.08487563
160000	-1558.83	0	-1558.83	-0.2160497
160500	-1550.534	0	-1550.534	-0.1622496
161000	-1576.92	0	-1576.92	-0.03215334
161500	-1612.745	0	-1612.745	-0.08502716
162000	-1581.721	0	-1581.721	-0.09007299
162500	-1554.724	0	-1554.724	-0.0864135
163000	-1554.291	0	-1554.291	-0.153378
163500	-1566.075	0	-1566.075	-0.01950286
164000	-1525.514	0	-1525.514	0.07694544
164500	-1557.484	0	-1557.484	-0.1696797
165000	-1556.098	0	-1556.098	-0.1749114
165500	-1523.742	0	-1523.742	-0.09994822
166000	-1551.095	0	-1551.095	-0.2155143
166500	-1512.073	0	-1512.073	-0.2287082
167000	-1497.22	0	-1497.22	-0.3362788
167500	-1523.217	0	-1523.217	-0.3413225
168000	-1557.762	0	-1557.762	-0.4649671
168500	-1566.671	0	-1566.671	-0.2111373
169000	-1500.734	0	-1500.734	-0.2318516
169500	-1556.564	0	-1556.564	-0.1380665
170000	-1603.605	0	-1603.605	-0.2615172
170500	-1534.808	0	-1534.808	-0.4243035
171000	-1475.437	0	-1475.437	-0.1161104
171500	-1578.879	0	-1578.879	-0.1856906
172000	-1625.306	0	-1625.306	-0.09879261
172500	-1545.411	0	-1545.411	-0.1836749
173000	-1548.13	0	-1548.13	-0.1807293
173500	-1618.875	0	-1618.875	-0.4522512
174000	-1499.596	0	-1499.596	-0.4235166
174500	-1562.269	0	-1562.269	-0.2154575
175000	-1522.557	0	-1522.557	-0.2606945
175500	-1513.236	0	-1513.236	-0.4336572
176000	-1558.512	0	-1558.512	-0.2991581
176500	-1538.929	0	-1538.929	-0.3147783
177000	-1537.259	0	-1537.259	-0.2542259
177500	-1487.309	0	-1487.309	-0.2785288
178000	-1476.472	0	-1476.472	-0.4567294
178500	-1470.143	0	-1470.143	-0.2485945
179000	-1457.976	0	-1457.976	-0.4410074
179500	-1465.84	0	-1465.84	-0.3038122
180000	-1497.984	0	-1497.984	-0.3430043
180500	-1543.811	0	-1543.811	-0.2321184
181000	-1535.874	0	-1535.874	-0.2470827
181500	-1540.14	0	-1540.14	-0.222643
182000	-1508.735	0	-1508.735	-0.2702488
182500	-1537.513	0	-1537.513	-0.09938764
183000	-1425.236	0	-1425.236	-0.2240613
183500	-1375.113	0	-1375.113	-0.2659376
184000	-1405.347	0	-1405.347	-0.328986
184500	-1426.221	0	-1426.221	-0.3241283
185000	-1509.98	0	-1509.98	-0.3071081
185500	-1452.523	0	-1452.523	-0.3366046
186000	-1394.714	0	-1394.714	-0.3106073
186500	-1406.863	0	-1406.863	-0.3349566
187000	-1505.39	0	-1505.39	-0.4398364
187500	-1492.933	0	-1492.933	-0.3813167
188000	-1514.26	0	-1514.26	-0.3251702
188500	-1498.848	0	-1498.848	-0.4193728
189000	-1430.135	0	-1430.135	-0.3335646
189500	-1516.118	0	-1516.118	-0.2590398
190000	-1514.803	0	-1514.803	-0.05817031
190500	-1571.475	0	-1571.475	-0.3138027
191000	-1561.111	0	-1561.111	-0.1852891
191500	-1592.096	0	-1592.096	-0.1688984
192000	-1510.999	0	-1510.999	-0.2251332
192500	-1502.731	0	-1502.731	-0.1585408
193000	-1513.768	0	-1513.768	-0.1032496
193500	-1419.382	0	-1419.382	-0.2022253
194000	-1415.576	0	-1415.576	-0.1382805
194500	-1413.806	0	-1413.806	-0.09075824
195000	-1315.162	0	-1315.162	-0.1143086
195500	-1326.717	0	-1326.717	-0.1865699
196000	-1353.165	0	-1353.165	-0.1869286
196500	-1469.817	0	-1469.817	-0.000281931
197000	-1497.244	0	-1497.244	0.02063374
197500	-1501.646	0	-1501.646	-0.08211673
198000	-1532.878	0	-1532.878	-0.1193699
198500	-1558.972	0	-1558.972	-0.1892542
199000	-1581.649	0	-1581.649	-0.2293843
199500	-1505.175	0	-1505.175	-0.1061719
200000	-1485.542	0	-1485.542	-0.1245244
200500	-1556.409	0	-1556.409	-0.2099109
201000	-1536.732	0	-1536.732	-0.2408684
201500	-1506.362	0	-1506.362	-0.1547757
202000	-1562.631	0	-1562.631	-0.2391635
202500	-1583.123	0	-1583.123	-0.07030045
203000	-1593.806	0	-1593.806	-0.2241345
203500	-1565.779	0	-1565.779	0.006225324
204000	-1627.28	0	-1627.28	-0.008757435
204500	-1602.587	0	-1602.587	-0.2227665
205000	-1518.363	0	-1518.363	-0.07483641
205500	-1571.065	0	-1571.065	-0.1585523
206000	-1570.704	0	-1570.704	-0.2181516
206500	-1538.433	0	-1538.433	-0.2390983
207000	-1552.134	0	-1552.134	-0.2317651
207500	-1563.669	0	-1563.669	0.09633877
208000	-1516.62	0	-1516.62	-0.2747261
208500	-1530.918	0	-1530.918	-0.1765406
209000	-1463.456	0	-1463.456	-0.002774541
209500	-1413.331	0	-1413.331	-0.1062196
210000	-1347.447	0	-1347.447	-0.1058622
210500	-1433.145	0	-1433.145	-0.1489302
211000	-1493.399	0	-1493.399	-0.2020557
211500	-1458.234	0	-1458.234	-0.2351675
212000	-1417.314	0	-1417.314	-0.2275763
212500	-1431.333	0	-1431.333	-0.2271565
213000	-1463.545	0	-1463.545	-0.1798988
213500	-1555.623	0	-1555.623	-0.1930393
214000	-1503.549	0	-1503.549	-0.292659
214500	-1526.65	0	-1526.65	-0.1739497
215000	-1471.445	0	-1471.445	-0.137369
215500	-1454.577	0	-1454.577	-0.07154048
216000	-1493.184	0	-1493.184	-0.1657188
216500	-1472.969	0	-1472.969	-0.1435839
217000	-1521.768	0	-1521.768	-0.240164
217500	-1473.198	0	-1473.198	-0.2236144
218000	-1402.023	0	-1402.023	-0.3553137
218500	-1454.649	0	-1454.649	-0.40547
219000	-1370.966	0	-1370.966	-0.3040662
219500	-1530.926	0	-1530.926	-0.1357977
220000	-1435.319	0	-1435.319	-0.2434345
220500	-1450.435	0	-1450.435	-0.1616211
221000	-1412.683	0	-1412.683	0.1039083
221500	-1393.926	0	-1393.926	0.03840298
222000	-1435.621	0	-1435.621	0.01605172
222500	-1480.599	0	-1480.599	0.01404187
223000	-1321.893	0	-1321.893	0.07732452
223500	-1338.43	0	-1338.43	0.05376827
224000	-1373.811	0	-1373.811	-0.05937309
224500	-1406.44	0	-1406.44	0.02446549
225000	-1493.416	0	-1493.416	-0.01395589
225500	-1453.491	0	-1453.491	-0.06243353
226000	-1435.369	0	-1435.369	-0.1353788
226500	-1461.821	0	-1461.821	-0.01473573
227000	-1415.252	0	-1415.252	-0.09396241
227500	-1378.57	0	-1378.57	-0.01376477
228000	-1451.552	0	-1451.552	0.03845275
228500	-1388.278	0	-1388.278	-0.006824495
229000	-1368.632	0	-1368.632	-0.1277907
229500	-1373.334	0	-1373.334	-0.1727327
230000	-1410.981	0	-1410.981	-0.2112325
230500	-1514.514	0	-1514.514	-0.2017323
231000	-1530.573	0	-1530.573	-0.1326682
231500	-1543.202	0	-1543.202	-0.2204234
232000	-1568.892	0	-1568.892	-0.2361739
232500	-1558.005	0	-1558.005	-0.09496293
233000	-1518.313	0	-1518.313	-0.1354723
233500	-1518.884	0	-1518.884	-0.1862104
234000	-1559.058	0	-1559.058	-0.2361987
234500	-1561.389	0	-1561.389	-0.3170575
235000	-1404.137	0	-1404.137	-0.1041074
235500	-1437.88	0	-1437.88	0.04304418
236000	-1453.474	0	-1453.474	-0.09289623
236500	-1476.668	0	-1476.668	-0.3292358
237000	-1484.973	0	-1484.973	-0.1052644
237500	-1471.359	0	-1471.359	-0.1624789
238000	-1452.269	0	-1452.269	-0.161076
238500	-1575.262	0	-1575.262	-0.2439137
239000	-1541.988	0	-1541.988	-0.2259208
239500	-1559.005	0	-1559.005	-0.3535646
240000	-1526.747	0	-1526.747	-0.3542253
240500	-1516.425	0	-1516.425	-0.2741139
241000	-1478.991	0	-1478.991	-0.1888553
241500	-1469.793	0	-1469.793	-0.2406148
242000	-1408.609	0	-1408.609	-0.2354417
242500	-1439.393	0	-1439.393	-0.3166087
243000	-1456.109	0	-1456.109	-0.2482601
243500	-1546.751	0	-1546.751	-0.15375
244000	-1493.291	0	-1493.291	-0.299837
244500	-1572.706	0	-1572.706	-0.1333438
245000	-1497.646	0	-1497.646	-0.3396691
245500	-1444.858	0	-1444.858	-0.4414875
246000	-1389.612	0	-1389.612	-0.1382904
246500	-1494.984	0	-1494.984	-0.1699042
247000	-1444.665	0	-1444.665	0.02043812
247500	-1486.804	0	-1486.804	0.01844712
248000	-1389.387	0	-1389.387	0.0003443016
248500	-1511.46	0	-1511.46	0.02982158
249000	-1512.125	0	-1512.125	0.1758745
249500	-1459.919	0	-1459.919	0.1264913
250000	-1513.93	0	-1513.93	0.06977775
250500	-1492.597	0	-1492.597	-0.08364641
251000	-1441.494	0	-1441.494	0.00770013
251500	-1451.905	0	-1451.905	-0.08240642
252000	-1433.105	0	-1433.105	-0.08403766
252500	-1452.538	0	-1452.538	0.06716843
253000	-1377.782	0	-1377.782	-0.1808827
253500	-1429.663	0	-1429.663	-0.2243368
254000	-1409.718	0	-1409.718	-0.3104741
254500	-1527.149	0	-1527.149	-0.1877716
255000	-1427.412	0	-1427.412	-0.1934994
255500	-1448.017	0	-1448.017	0.08671912
256000	-1524.501	0	-1524.501	-0.07003721
256500	-1513.488	0	-1513.488	-0.08584128
257000	-1452.578	0	-1452.578	-0.3431643
257500	-1413.501	0	-1413.501	-0.1716208
258000	-1320.168	0	-1320.168	-0.06338634
258500	-1421.79	0	-1421.79	-0.2675688
259000	-1519.228	0	-1519.228	-0.1690061
259500	-1511.641	0	-1511.641	-0.1370544
260000	-1488.003	0	-1488.003	-0.2432303
260500	-1470.159	0	-1470.159	-0.3219061
261000	-1437.012	0	-1437.012	-0.4022645
261500	-1447.551	0	-1447.551	-0.4263167
262000	-1487.255	0	-1487.255	-0.4953503
262500	-1456.049	0	-1456.049	-0.2256821
263000	-1422.93	0	-1422.93	-0.4067819
263500	-1508.015	0	-1508.015	-0.4228042
264000	-1473.71	0	-1473.71	-0.3836473
264500	-1475.975	0	-1475.975	-0.3461343
265000	-1451.124	0	-1451.124	-0.4530437
265500	-1453.812	0	-1453.812	-0.4463443
266000	-1487.694	0	-1487.694	-0.3322408
266500	-1526.917	0	-1526.917	-0.2068233
267000	-1520.108	0	-1520.108	-0.2871033
267500	-1525.524	0	-1525.524	-0.260749
268000	-1497.903	0	-1497.903	-0.1944401
268500	-1569.476	0	-1569.476	-0.3376779
269000	-1556.512	0	-1556.512	-0.1252368
269500	-1535.923	0	-1535.923	-0.02790417
270000	-1464.994	0	-1464.994	0.002320122
270500	-1544.213	0	-1544.213	-0.0441254
271000	-1490.7	0	-1490.7	0.134645
271500	-1510.231	0	-1510.231	-0.1852221
272000	-1524.232	0	-1524.232	-0.1233893
272500	-1492.236	0	-1492.236	-0.1089836
273000	-1502.92	0	-1502.92	0.02242662
273500	-1538.882	0	-1538.882	-0.2198444
274000	-1569.413	0	-1569.413	-0.06729697
274500	-1534.52	0	-1534.52	-0.0198635
275000	-1468.403	0	-1468.403	0.1815125
275500	-1448.96	0	-1448.96	0.2268505
276000	-1425.97	0	-1425.97	0.05996396
276500	-1408.969	0	-1408.969	-0.05051001
277000	-1417.56	0	-1417.56	-0.03078536
277500	-1369.576	0	-1369.576	0.05964737
278000	-1369.128	0	-1369.128	0.2300585
278500	-1327.076	0	-1327.076	0.292969
279000	-1357.29	0	-1357.29	0.03821575
279500	-1353.813	0	-1353.813	0.1471742
280000	-1377.032	0	-1377.032	0.008399953
280500	-1413.388	0	-1413.388	-0.2213868
281000	-1467.839	0	-1467.839	-0.2042895
281500	-1479.426	0	-1479.426	-0.4017212
282000	-1540.06	0	-1540.06	-0.1377977
282500	-1567.366	0	-1567.366	-0.07090509
283000	-1545.075	0	-1545.075	0.01802848
283500	-1486.043	0	-1486.043	0.005323924
284000	-1400.053	0	-1400.053	0.1180452
284500	-1569.702	0	-1569.702	-0.05531775
285000	-1505.44	0	-1505.44	-0.2309237
285500	-1358.185	0	-1358.185	-0.1454609
286000	-1325.712	0	-1325.712	-0.05779733
286500	-1366.014	0	-1366.014	-0.1168936
287000	-1404.661	0	-1404.661	-0.0804536
287500	-1386.581	0	-1386.581	-0.06935268
288000	-1367.678	0	-1367.678	-0.01739205
288500	-1422.015	0	-1422.015	-0.0002079476
289000	-1447.275	0	-1447.275	-0.04019408
289500	-1457.368	0	-1457.368	-0.1534932
290000	-1492.74	0	-1492.74	-0.148676
290500	-1488.987	0	-1488.987	-0.1766023
291000	-1452.856	0	-1452.856	-0.1028794
291500	-1515.554	0	-1515.554	-0.01620218
292000	-1414.128	0	-1414.128	0.05745482
292500	-1386.885	0	-1386.885	0.03197916
293000	-1422.248	0	-1422.248	-0.2031181
293500	-1398.724	0	-1398.724	-0.1684807
294000	-1456.28	0	-1456.28	-0.1349118
294500	-1476.662	0	-1476.662	-0.1723757
295000	-1478.185	0	-1478.185	-0.1238128
295500	-1530.932	0	-1530.932	-0.01194488
296000	-1602.409	0	-1602.409	0.002463779
296500	-1539.468	0	-1539.468	-0.1221243
297000	-1544.603	0	-1544.603	0.01090494
297500	-1600.107	0	-1600.107	-0.1055189
298000	-1600.536	0	-1600.536	-0.09334979
298500	-1576.386	0	-1576.386	-0.02372493
299000	-1586.436	0	-1586.436	0.03857666
299500	-1547.437	0	-1547.437	-0.1727081
300000	-1503.979	0	-1503.979	-0.06288953
300500	-1444.582	0	-1444.582	0.1342999
301000	-1469.348	0	-1469.348	0.0478723
301500	-1581.025	0	-1581.025	-0.04491147
302000	-1571.534	0	-1571.534	0.121459
302500	-1480.516	0	-1480.516	-0.1982978
303000	-1494.494	0	-1494.494	0.0834947
303500	-1438.119	0	-1438.119	-0.08483696
304000	-1525.313	0	-1525.313	-0.06242073
304500	-1547.578	0	-1547.578	-0.1469532
305000	-1536.677	0	-1536.677	-0.08632175
305500	-1604.358	0	-1604.358	0.1307623
306000	-1588.967	0	-1588.967	0.06778276
306500	-1494.663	0	-1494.663	0.02122386
307000	-1514.591	0	-1514.591	-0.2301185
307500	-1519.122	0	-1519.122	0.1022762
308000	-1486.697	0	-1486.697	-0.03426154
308500	-1442.21	0	-1442.21	-0.2411769
309000	-1463.537	0	-1463.537	-0.2219807
309500	-1464.184	0	-1464.184	-0.2965293
310000	-1389.867	0	-1389.867	-0.4491248
310500	-1547.32	0	-1547.32	-0.3832867
311000	-1553.419	0	-1553.419	-0.3131512
311500	-1528.991	0	-1528.991	-0.3834172
312000	-1494.7	0	-1494.7	-0.2086402
312500	-1532.559	0	-1532.559	-0.03280505
313000	-1530.117	0	-1530.117	-0.09259517
313500	-1454.754	0	-1454.754	-0.1298485
314000	-1407.535	0	-1407.535	-0.2227375
314500	-1546.429	0	-1546.429	-0.03912647
315000	-1486.013	0	-1486.013	-0.157069
315500	-1527.72	0	-1527.72	-0.3578575
316000	-1478.794	0	-1478.794	-0.1018654
316500	-1460.547	0	-1460.547	-0.1642772
317000	-1441.44	0	-1441.44	-0.1114935
317500	-1413.193	0	-1413.193	-0.1196886
318000	-1460.386	0	-1460.386	-0.1208683
318500	-1345.808	0	-1345.808	-0.118942
319000	-1353.67	0	-1353.67	-0.08841318
319500	-1354.694	0	-1354.694	-0.111435
320000	-1361.267	0	-1361.267	-0.1831553
320500	-1341.206	0	-1341.206	-0.1413598
321000	-1401.964	0	-1401.964	0.005829663
321500	-1464.027	0	-1464.027	0.2301559
322000	-1513.223	0	-1513.223	-0.1971624
322500	-1550.794	0	-1550.794	0.1254021
323000	-1558.932	0	-1558.932	-0.04658121
323500	-1518.185	0	-1518.185	0.004847542
324000	-1483.582	0	-1483.582	0.0897394
324500	-1501.21	0	-1501.21	0.1245713
325000	-1535.241	0	-1535.241	-0.1435443
325500	-1540.978	0	-1540.978	0.04951296
326000	-1502.571	0	-1502.571	0.0989701
326500	-1447.395	0	-1447.395	0.01811462
327000	-1458.124	0	-1458.124	-0.06951235
327500	-1416.145	0	-1416.145	-0.2895258
328000	-1410.344	0	-1410.344	-0.1985802
328500	-1363.268	0	-1363.268	-0.2750649
329000	-1408.249	0	-1408.249	-0.3069155
329500	-1472.539	0	-1472.539	-0.2030386
330000	-1510.084	0	-1510.084	-0.06284072
330500	-1447.142	0	-1447.142	-0.2900459
331000	-1457.024	0	-1457.024	0.042389
331500	-1444.787	0	-1444.787	0.03465367
332000	-1451.374	0	-1451.374	0.1904821
332500	-1497.187	0	-1497.187	0.08592868
333000	-1465.206	0	-1465.206	0.01043281
333500	-1554.417	0	-1554.417	-0.08207255
334000	-1407.558	0	-1407.558	-0.1481283
334500	-1387.13	0	-1387.13	-0.1533416
335000	-1421.521	0	-1421.521	-0.08650771
335500	-1393.637	0	-1393.637	-0.04104149
336000	-1340.368	0	-1340.368	-0.08721993
336500	-1375.789	0	-1375.789	-0.1738693
337000	-1442.369	0	-1442.369	-0.1376285
337500	-1382.42	0	-1382.42	-0.1769168
338000	-1405.891	0	-1405.891	-0.294087
338500	-1362.836	0	-1362.836	-0.2227948
339000	-1344.028	0	-1344.028	-0.3319886
339500	-1398.192	0	-1398.192	-0.181018
340000	-1435.979	0	-1435.979	-0.1312063
340500	-1470.486	0	-1470.486	0.07174697
341000	-1433.944	0	-1433.944	-0.191514
341500	-1468.447	0	-1468.447	-0.2116115
342000	-1438.655	0	-1438.655	-0.2762607
342500	-1525.412	0	-1525.412	-0.3829348
343000	-1482.654	0	-1482.654	-0.434848
343500	-1562.435	0	-1562.435	-0.473867
344000	-1538.567	0	-1538.567	-0.3836872
344500	-1450.758	0	-1450.758	-0.2052963
345000	-1415.968	0	-1415.968	-0.4022453
345500	-1470.231	0	-1470.231	-0.4008825
346000	-1454.858	0	-1454.858	-0.3460951
346500	-1511.884	0	-1511.884	-0.1590067
347000	-1523.807	0	-1523.807	-0.1886579
347500	-1488.422	0	-1488.422	-0.3985428
348000	-1540.652	0	-1540.652	-0.4326608
348500	-1530.062	0	-1530.062	-0.1738532
349000	-1497.331	0	-1497.331	-0.2876744
349500	-1525.81	0	-1525.81	-0.3823628
350000	-1553.592	0	-1553.592	-0.4318187
350500	-1520.56	0	-1520.56	-0.1298586
351000	-1440.269	0	-1440.269	-0.1215938
351500	-1593.515	0	-1593.515	-0.1464682
352000	-1535.929	0	-1535.929	-0.4504604
352500	-1581.752	0	-1581.752	-0.2376995
353000	-1572.441	0	-1572.441	-0.1186473
353500	-1544.063	0	-1544.063	7.499436e-05
354000	-1548.043	0	-1548.043	-0.01140145
354500	-1470.553	0	-1470.553	-0.1576513
355000	-1430.774	0	-1430.774	-0.1282016
355500	-1534.668	0	-1534.668	-0.3932346
356000	-1465.561	0	-1465.561	-0.390171
356500	-1413.373	0	-1413.373	-0.2905902
357000	-1324.626	0	-1324.626	-0.1884016
357500	-1488.146	0	-1488.146	-0.3603747
358000	-1387.1	0	-1387.1	-0.2201757
358500	-1320.112	0	-1320.112	-0.2055081
359000	-1374.63	0	-1374.63	-0.2976556
359500	-1383.703	0	-1383.703	-0.2222055
360000	-1344.131	0	-1344.131	-0.1143851
360500	-1321.011	0	-1321.011	-0.1355633
361000	-1301.963	0	-1301.963	-0.166706
361500	-1368.298	0	-1368.298	-0.2392052
362000	-1401.603	0	-1401.603	-0.2517523
362500	-1297.363	0	-1297.363	-0.371654
363000	-1365.367	0	-1365.367	-0.424628
363500	-1405.118	0	-1405.118	-0.209049
364000	-1436.689	0	-1436.689	-0.2135964
364500	-1518.164	0	-1518.164	-0.2162171
365000	-1504.983	0	-1504.983	-0.3355314
365500	-1566.494	0	-1566.494	-0.3394314
366000	-1445.2	0	-1445.2	-0.2948295
366500	-1543.296	0	-1543.296	-0.2491114
367000	-1541.475	0	-1541.475	-0.3073034
367500	-1553.925	0	-1553.925	-0.3379333
368000	-1542.408	0	-1542.408	-0.08961841
368500	-1550.855	0	-1550.855	0.07720803
369000	-1591.035	0	-1591.035	-0.3154484
369500	-1538.021	0	-1538.021	-0.3434528
370000	-1520.758	0	-1520.758	-0.1869202
370500	-1456.251	0	-1456.251	-0.1866373
371000	-1565.729	0	-1565.729	-0.2771403
371500	-1548.292	0	-1548.292	-0.204063
372000	-1490.726	0	-1490.726	-0.1794042
372500	-1485.833	0	-1485.833	-0.1898559
373000	-1456.462	0	-1456.462	-0.1484516
373500	-1433.497	0	-1433.497	-0.3579377
374000	-1501.462	0	-1501.462	-0.3429854
374500	-1519.763	0	-1519.763	-0.2804455
375000	-1541.915	0	-1541.915	-0.1962998
375500	-1469.591	0	-1469.591	-0.1791072
376000	-1497.978	0	-1497.978	-0.1113087
376500	-1413.9	0	-1413.9	-0.3136713
377000	-1472.705	0	-1472.705	-0.198781
377500	-1502.968	0	-1502.968	-0.2759691
378000	-1549.863	0	-1549.863	-0.2698977
378500	-1535.863	0	-1535.863	-0.1615052
379000	-1541.906	0	-1541.906	-0.1490442
379500	-1563.474	0	-1563.474	-0.2915807
380000	-1510.86	0	-1510.86	-0.3544283
380500	-1452.914	0	-1452.914	-0.3687108
381000	-1472	0	-1472	-0.3591494
381500	-1414.862	0	-1414.862	-0.4377071
382000	-1556.312	0	-1556.312	-0.2948188
382500	-1436.109	0	-1436.109	-0.2261097
383000	-1433.434	0	-1433.434	0.005979916
383500	-1406.381	0	-1406.381	-0.01016131
384000	-1365.702	0	-1365.702	-0.09942966
384500	-1342.809	0	-1342.809	-0.1440661
385000	-1351.872	0	-1351.872	-0.202283
385500	-1398.171	0	-1398.171	-0.2347927
386000	-1369.47	0	-1369.47	-0.2344035
386500	-1453.44	0	-1453.44	-0.1165992
387000	-1345.032	0	-1345.032	-0.02612868
387500	-1360.387	0	-1360.387	-0.08177905
388000	-1376.006	0	-1376.006	-0.04077657
388500	-1414.808	0	-1414.808	-0.01355198
389000	-1369.526	0	-1369.526	0.1147375
389500	-1396.794	0	-1396.794	0.1304303
390000	-1326.612	0	-1326.612	0.1438663
390500	-1356.035	0	-1356.035	-0.005804131
391000	-1361.071	0	-1361.071	0.03100183
391500	-1421.561	0	-1421.561	-0.07541494
392000	-1378.065	0	-1378.065	-0.1758321
392500	-1395.475	0	-1395.475	-0.1784626
393000	-1450.095	0	-1450.095	0.037195
393500	-1314.573	0	-1314.573	-0.1925789
394000	-1340.858	0	-1340.858	-0.1571693
394500	-1404.03	0	-1404.03	-0.2721515
395000	-1337.365	0	-1337.365	-0.3871095
395500	-1433.436	0	-1433.436	-0.4149141
396000	-1350.137	0	-1350.137	-0.5095683
396500	-1417.055	0	-1417.055	-0.3448678
397000	-1466.522	0	-1466.522	-0.2561316
397500	-1425.642	0	-1425.642	-0.3632182
398000	-1504.958	0	-1504.958	-0.4668503
398500	-1456.342	0	-1456.342	-0.2196993
399000	-1497.636	0	-1497.636	-0.3582778
399500	-1489.39	0	-1489.39	-0.3968087
400000	-1489.143	0	-1489.143	-0.3883482
400500	-1464.344	0	-1464.344	-0.580466
401000	-1394.29	0	-1394.29	-0.597271
401500	-1436.223	0	-1436.223	-0.5472679
402000	-1412.41	0	-1412.41	-0.5380468
402500	-1472.455	0	-1472.455	-0.5016666
403000	-1483.522	0	-1483.522	-0.456729
403500	-1471.965	0	-1471.965	-0.3220367
404000	-1509.46	0	-1509.46	-0.2055361
404500	-1527.253	0	-1527.253	-0.05177262
405000	-1394.042	0	-1394.042	0.05047508
405500	-1520.153	0	-1520.153	0.002678191
406000	-1390.485	0	-1390.485	-0.02699015
406500	-1518.505	0	-1518.505	0.01480508
407000	-1492.706	0	-1492.706	-0.1222555
407500	-1494.135	0	-1494.135	0.06978571
408000	-1513.763	0	-1513.763	-0.2001809
408500	-1534.423	0	-1534.423	-0.05773573
409000	-1531.894	0	-1531.894	-0.1352637
409500	-1446.788	0	-1446.788	-0.09255757
410000	-1501.235	0	-1501.235	-0.01693923
410500	-1479.863	0	-1479.863	-0.3012716
411000	-1458.158	0	-1458.158	-0.3227242
411500	-1419.123	0	-1419.123	-0.3635789
412000	-1502.834	0	-1502.834	-0.1916592
412500	-1438.704	0	-1438.704	-0.242944
413000	-1398.991	0	-1398.991	-0.23461
413500	-1398.968	0	-1398.968	-0.09782716
414000	-1359.813	0	-1359.813	-0.08526089
414500	-1341.552	0	-1341.552	-0.1555052
415000	-1393.858	0	-1393.858	-0.148048
415500	-1483.37	0	-1483.37	-0.05091695
416000	-1487.297	0	-1487.297	-0.1064895
416500	-1512.363	0	-1512.363	-0.02374284
417000	-1427.463	0	-1427.463	-0.0697384
417500	-1482.504	0	-1482.504	-0.04001991
418000	-1479.271	0	-1479.271	-0.173341
418500	-1492.854	0	-1492.854	-0.1281436
419000	-1460.754	0	-1460.754	-0.003559628
419500	-1390.648	0	-1390.648	0.01749159
420000	-1406.655	0	-1406.655	-0.1921342
420500	-1458.199	0	-1458.199	-0.1040495
421000	-1415.621	0	-1415.621	-0.2275862
421500	-1432.764	0	-1432.764	-0.2827802
422000	-1458.174	0	-1458.174	-0.1576254
422500	-1526.632	0	-1526.632	-0.2768229
423000	-1504.369	0	-1504.369	-0.07783403
423500	-1468.027	0	-1468.027	-0.3268983
424000	-1481.588	0	-1481.588	-0.03518075
424500	-1439.906	0	-1439.906	-0.2618578
425000	-1412.957	0	-1412.957	-0.3017926
425500	-1415.2	0	-1415.2	-0.3672471
426000	-1530.357	0	-1530.357	-0.2732243
426500	-1470.076	0	-1470.076	-0.2985613
427000	-1523.683	0	-1523.683	0.08762703
427500	-1497.1	0	-1497.1	-0.07450095
428000	-1393.448	0	-1393.448	0.02149104
428500	-1426.543	0	-1426.543	-0.05941601
429000	-1415.107	0	-1415.107	0.04848717
429500	-1351.644	0	-1351.644	0.1671337
430000	-1454.7	0	-1454.7	0.1714711
430500	-1438.438	0	-1438.438	0.1705962
431000	-1383.493	0	-1383.493	-0.03163136
431500	-1371.709	0	-1371.709	-0.1316568
432000	-1391.26	0	-1391.26	-0.1554984
432500	-1349.432	0	-1349.432	-0.1527696
433000	-1395.416	0	-1395.416	-0.1619746
433500	-1436.02	0	-1436.02	-0.1416606
434000	-1468.052	0	-1468.052	0.1033887
434500	-1498.264	0	-1498.264	-0.1130876
435000	-1457.821	0	-1457.821	-0.07741051
435500	-1390.102	0	-1390.102	-0.04210341
436000	-1454.707	0	-1454.707	0.04540567
436500	-1482.837	0	-1482.837	-0.07959795
437000	-1454.281	0	-1454.281	-0.0045798
437500	-1397.003	0	-1397.003	0.00420396
438000	-1437.791	0	-1437.791	0.1122785
438500	-1480.05	0	-1480.05	0.01540004
439000	-1527.555	0	-1527.555	-0.1725749
439500	-1578.228	0	-1578.228	0.001268045
440000	-1566.078	0	-1566.078	-0.04505131
440500	-1514.764	0	-1514.764	-0.1934968
441000	-1426.519	0	-1426.519	-0.2661924
441500	-1502.68	0	-1502.68	-0.1137491
442000	-1441.77	0	-1441.77	-0.236314
442500	-1447.806	0	-1447.806	-0.2854022
443000	-1447.202	0	-1447.202	-0.4103867
443500	-1449.504	0	-1449.504	-0.3012681
444000	-1451.443	0	-1451.443	-0.2559637
444500	-1417.284	0	-1417.284	-0.2064741
445000	-1480.031	0	-1480.031	-0.2472639
445500	-1561.673	0	-1561.673	-0.3186008
446000	-1440.923	0	-1440.923	-0.3544166
446500	-1505.832	0	-1505.832	-0.1938518
447000	-1470.081	0	-1470.081	-0.03030656
447500	-1377.713	0	-1377.713	0.06784263
448000	-1451.836	0	-1451.836	0.04546303
448500	-1463.308	0	-1463.308	0.1678165
449000	-1337.905	0	-1337.905	0.1260482
449500	-1365.325	0	-1365.325	0.09409765
450000	-1443.82	0	-1443.82	0.1646827
450500	-1416.138	0	-1416.138	0.06545144
451000	-1441.537	0	-1441.537	0.1270346
451500	-1472.019	0	-1472.019	0.1754853
452000	-1447.475	0	-1447.475	0.393471
452500	-1530.285	0	-1530.285	0.01926983
453000	-1448.446	0	-1448.446	0.09719638
453500	-1529.112	0	-1529.112	0.1107822
454000	-1563.173	0	-1563.173	-0.4010187
454500	-1570.964	0	-1570.964	-0.2032092
455000	-1553.415	0	-1553.415	-0.142994
455500	-1592.315	0	-1592.315	-0.1282733
456000	-1603.119	0	-1603.119	-0.1032856
456500	-1435.679	0	-1435.679	0.06488585
457000	-1468.818	0	-1468.818	-0.1093808
457500	-1526.179	0	-1526.179	-0.2020066
458000	-1484.037	0	-1484.037	-0.09101494
458500	-1482.435	0	-1482.435	-0.1979183
459000	-1432.805	0	-1432.805	-0.1740584
459500	-1426.473	0	-1426.473	-0.1473499
460000	-1399.453	0	-1399.453	-0.3052876
460500	-1476.586	0	-1476.586	-0.2119618
461000	-1432.567	0	-1432.567	-0.2972976
461500	-1457.82	0	-1457.82	-0.118659
462000	-1432.695	0	-1432.695	-0.08905281
462500	-1445.509	0	-1445.509	-0.1331117
463000	-1402.567	0	-1402.567	-0.1697088
463500	-1496.634	0	-1496.634	-0.09890027
464000	-1529.004	0	-1529.004	0.06442768
464500	-1521.078	0	-1521.078	0.003370208
465000	-1492.103	0	-1492.103	-0.1745166
465500	-1437.304	0	-1437.304	0.23248
466000	-1402.313	0	-1402.313	0.04767892
466500	-1410.266	0	-1410.266	-0.2414903
467000	-1498.384	0	-1498.384	-0.1022466
467500	-1521.025	0	-1521.025	0.06528866
468000	-1346.994	0	-1346.994	-0.04253624
468500	-1424.23	0	-1424.23	-0.2289713
469000	-1460.615	0	-1460.615	-0.2136857
469500	-1475.71	0	-1475.71	-0.0841487
470000	-1469.994	0	-1469.994	-0.2781801
470500	-1476.831	0	-1476.831	-0.1158859
471000	-1492.915	0	-1492.915	-0.4294448
471500	-1560.079	0	-1560.079	-0.3243206
472000	-1525.024	0	-1525.024	-0.07139166
472500	-1547.311	0	-1547.311	-0.09279484
473000	-1540.715	0	-1540.715	-0.1001127
473500	-1478.414	0	-1478.414	0.1755843
474000	-1456.037	0	-1456.037	0.04741845
474500	-1430.65	0	-1430.65	-0.2065062
475000	-1395.138	0	-1395.138	-0.2991068
475500	-1364.443	0	-1364.443	-0.3978607
476000	-1361.422	0	-1361.422	-0.4345105
476500	-1479.874	0	-1479.874	-0.5101296
477000	-1454.885	0	-1454.885	-0.4148538
477500	-1442.089	0	-1442.089	-0.3050349
478000	-1356.75	0	-1356.75	-0.5089173
478500	-1471.096	0	-1471.096	-0.4414377
479000	-1451.554	0	-1451.554	-0.4486203
479500	-1491.506	0	-1491.506	-0.4563948
480000	-1466.824	0	-1466.824	-0.3191044
480500	-1415.791	0	-1415.791	-0.3930344
481000	-1508.145	0	-1508.145	-0.1955174
481500	-1454.988	0	-1454.988	-0.003016171
482000	-1521.037	0	-1521.037	0.04320204
482500	-1470.463	0	-1470.463	-0.2244865
483000	-1530.748	0	-1530.748	-0.1871631
483500	-1516.838	0	-1516.838	-0.1205378
484000	-1534.063	0	-1534.063	-0.3245875
484500	-1515.534	0	-1515.534	-0.02558685
485000	-1542.409	0	-1542.409	-0.08812762
485500	-1542.998	0	-1542.998	-0.1868102
486000	-1458.337	0	-1458.337	-0.2717559
486500	-1562.02	0	-1562.02	-0.1576852
487000	-1507.386	0	-1507.386	-0.06099158
487500	-1535.18	0	-1535.18	-0.09644161
488000	-1444.379	0	-1444.379	-0.2682613
488500	-1472.706	0	-1472.706	-0.3323496
489000	-1440.486	0	-1440.486	-0.3843068
489500	-1460.15	0	-1460.15	-0.5044589
490000	-1439.931	0	-1439.931	-0.3946305
490500	-1418.691	0	-1418.691	-0.4055585
491000	-1547.656	0	-1547.656	-0.1451707
491500	-1524.149	0	-1524.149	-0.2531551
492000	-1498.827	0	-1498.827	-0.3449411
492500	-1500.775	0	-1500.775	-0.1415323
493000	-1475.38	0	-1475.38	-0.2539335
493500	-1488.084	0	-1488.084	-0.3751933
494000	-1524.639	0	-1524.639	-0.3159962
494500	-1519.298	0	-1519.298	-0.0160797
495000	-1562.883	0	-1562.883	-0.2648766
495500	-1562.187	0	-1562.187	-0.3226626
496000	-1527.62	0	-1527.62	-0.2377502
496500	-1429.692	0	-1429.692	-0.1225433
497000	-1547.92	0	-1547.92	0.03963733
497500	-1488.934	0	-1488.934	-0.1396192
498000	-1555.744	0	-1555.744	-0.2481166
498500	-1420.76	0	-1420.76	-0.3914937
499000	-1434.568	0	-1434.568	-0.2887672
499500	-1360.115	0	-1360.115	-0.3065946
500000	-1502.294	0	-1502.294	-0.1415924
500500	-1366.089	0	-1366.089	-0.1682732
501000	-1409.833	0	-1409.833	-0.3373195
501500	-1472.861	0	-1472.861	-0.2783734
502000	-1472.935	0	-1472.935	-0.1289692
502500	-1504.132	0	-1504.132	-0.0774767
503000	-1406.156	0	-1406.156	-0.1274977
503500	-1474.978	0	-1474.978	-0.1805639
504000	-1402.348	0	-1402.348	-0.2604541
504500	-1420.381	0	-1420.381	-0.2639441
505000	-1466.329	0	-1466.329	-0.1636223
505500	-1571.564	0	-1571.564	-0.2654314
506000	-1490.806	0	-1490.806	-0.1958451
506500	-1508.117	0	-1508.117	-0.03688442
507000	-1500.637	0	-1500.637	-0.1533304
507500	-1499.761	0	-1499.761	-0.1862515
508000	-1458.377	0	-1458.377	0.0124786
508500	-1489.71	0	-1489.71	0.05263768
509000	-1443.649	0	-1443.649	0.07545191
509500	-1453.837	0	-1453.837	-0.00897859
510000	-1492.158	0	-1492.158	-0.05113211
510500	-1515.585	0	-1515.585	-0.2929591
511000	-1526.135	0	-1526.135	-0.2081541
511500	-1442.801	0	-1442.801	-0.03479736
512000	-1499.382	0	-1499.382	0.1461536
512500	-1500.182	0	-1500.182	0.07839738
513000	-1542.371	0	-1542.371	0.02103542
513500	-1522.448	0	-1522.448	-0.06664759
514000	-1447.442	0	-1447.442	-0.4274398
514500	-1423.474	0	-1423.474	-0.4233258
515000	-1505.594	0	-1505.594	-0.2637309
515500	-1463.995	0	-1463.995	-0.184465
516000	-1432.517	0	-1432.517	-0.299023
516500	-1404.688	0	-1404.688	-0.2311935
517000	-1413.494	0	-1413.494	-0.2620964
517500	-1423.213	0	-1423.213	-0.2834046
518000	-1486.957	0	-1486.957	-0.05348867
518500	-1484.49	0	-1484.49	-0.1776331
519000	-1442.055	0	-1442.055	-0.0052524
519500	-1416.228	0	-1416.228	-0.121587
520000	-1408.596	0	-1408.596	-0.1227933
520500	-1410.365	0	-1410.365	-0.1748495
521000	-1432.245	0	-1432.245	-0.002203226
521500	-1450.242	0	-1450.242	-0.093426
522000	-1439.685	0	-1439.685	-0.03427679
522500	-1435.256	0	-1435.256	-0.1083942
523000	-1464.514	0	-1464.514	-0.2138195
523500	-1427.856	0	-1427.856	-0.1302426
524000	-1415.059	0	-1415.059	-0.08709321
524500	-1451.22	0	-1451.22	-0.1098837
525000	-1415.06	0	-1415.06	-0.1383251
525500	-1511.692	0	-1511.692	0.1582404
526000	-1547.012	0	-1547.012	-0.06882605
526500	-1467.39	0	-1467.39	0.2254565
527000	-1517.012	0	-1517.012	0.03977957
527500	-1370.247	0	-1370.247	-0.1519665
528000	-1496.057	0	-1496.057	-0.1365432
528500	-1558.744	0	-1558.744	-0.07295729
529000	-1525.101	0	-1525.101	0.07366878
529500	-1543.285	0	-1543.285	0.1550579
530000	-1506.764	0	-1506.764	0.1386383
530500	-1558.194	0	-1558.194	0.1650572
531000	-1559.88	0	-1559.88	0.09478226
531500	-1576.661	0	-1576.661	-0.03571501
532000	-1522.779	0	-1522.779	0.127889
532500	-1455.94	0	-1455.94	-0.01326188
533000	-1478.647	0	-1478.647	0.01553895
533500	-1501.499	0	-1501.499	0.09571076
534000	-1432.248	0	-1432.248	0.1405954
534500	-1438.507	0	-1438.507	0.05752523
535000	-1416	0	-1416	0.1132231
535500	-1421.819	0	-1421.819	0.04793194
536000	-1507.791	0	-1507.791	-0.05199489
536500	-1438.397	0	-1438.397	-0.07476198
537000	-1497.018	0	-1497.018	-0.03801783
537500	-1442.156	0	-1442.156	-0.1345966
538000	-1444.736	0	-1444.736	-0.009929159
538500	-1402.441	0	-1402.441	0.01496997
539000	-1441.4	0	-1441.4	0.02610382
539500	-1478.351	0	-1478.351	-0.163845
540000	-1491.763	0	-1491.763	-0.1561001
540500	-1457.134	0	-1457.134	0.04743505
541000	-1439.147	0	-1439.147	-0.1037789
541500	-1519.695	0	-1519.695	-0.1562487
542000	-1445.804	0	-1445.804	-0.02363244
542500	-1415.305	0	-1415.305	-0.2550043
543000	-1512.565	0	-1512.565	-0.2241664
543500	-1543.893	0	-1543.893	-0.2232327
544000	-1561.331	0	-1561.331	-0.3313795
544500	-1450.683	0	-1450.683	-0.2685004
545000	-1422.696	0	-1422.696	-0.2215548
545500	-1357.17	0	-1357.17	-0.1577776
546000	-1282.966	0	-1282.966	-0.1319285
546500	-1253.433	0	-1253.433	-0.04485921
547000	-1265.996	0	-1265.996	-0.09050782
547500	-1366.909	0	-1366.909	-0.0804211
548000	-1412.488	0	-1412.488	-0.07532221
548500	-1390.488	0	-1390.488	-0.09257367
549000	-1303.12	0	-1303.12	-0.1092134
549500	-1232.618	0	-1232.618	-0.1354616
550000	-1297.678	0	-1297.678	-0.1528153
550500	-1311.7	0	-1311.7	-0.1654355
551000	-1220.965	0	-1220.965	-0.1509842
551500	-1271.303	0	-1271.303	-0.1140557
552000	-1288.385	0	-1288.385	-0.1856456
552500	-1300.52	0	-1300.52	-0.1434154
553000	-1232.813	0	-1232.813	-0.1695627
553500	-1258.903	0	-1258.903	-0.1701496
554000	-1365.284	0	-1365.284	-0.1363818
554500	-1380.449	0	-1380.449	-0.1417902
555000	-1360.146	0	-1360.146	-0.2859029
555500	-1335.206	0	-1335.206	-0.3584986
556000	-1477.184	0	-1477.184	-0.08303327
556500	-1509.407	0	-1509.407	-0.1965413
557000	-1523.705	0	-1523.705	-0.2539353
557500	-1500.475	0	-1500.475	-0.2045109
558000	-1434.946	0	-1434.946	-0.1390034
558500	-1454.411	0	-1454.411	-0.2721871
559000	-1411.9	0	-1411.9	-0.1833618
559500	-1461.72	0	-1461.72	-0.1092918
560000	-1472.942	0	-1472.942	-0.08546615
560500	-1306.737	0	-1306.737	-0.1521964
561000	-1394.501	0	-1394.501	-0.1545011
561500	-1348.047	0	-1348.047	-0.2254568
562000	-1393.613	0	-1393.613	-0.07851057
562500	-1371.779	0	-1371.779	-0.1472597
563000	-1309.317	0	-1309.317	0.05598819
563500	-1324.723	0	-1324.723	0.01543022
564000	-1359.657	0	-1359.657	0.1682189
564500	-1355.245	0	-1355.245	0.1441209
565000	-1410.768	0	-1410.768	-0.001279866
565500	-1429.56	0	-1429.56	0.05487844
566000	-1473.581	0	-1473.581	0.04887736
566500	-1491.847	0	-1491.847	0.02526811
567000	-1446.799	0	-1446.799	-0.05706426
567500	-1453.541	0	-1453.541	0.03335784
568000	-1415.052	0	-1415.052	0.04127833
568500	-1387.667	0	-1387.667	-0.08445059
569000	-1460.246	0	-1460.246	0.1021103
569500	-1479.21	0	-1479.21	-0.1286688
570000	-1435.012	0	-1435.012	-0.1425797
570500	-1487.922	0	-1487.922	-0.1030546
571000	-1402.492	0	-1402.492	-0.05312952
571500	-1403.718	0	-1403.718	0.02361259
572000	-1382.1	0	-1382.1	0.01389779
572500	-1404.602	0	-1404.602	-0.06900305
573000	-1420.31	0	-1420.31	0.02417204
573500	-1415.983	0	-1415.983	0.09909995
574000	-1498.686	0	-1498.686	0.2034293
574500	-1481.813	0	-1481.813	0.1508757
575000	-1418.434	0	-1418.434	0.1195832
575500	-1428.562	0	-1428.562	0.08767132
576000	-1394.473	0	-1394.473	-0.1811401
576500	-1332.969	0	-1332.969	-0.3198101
577000	-1429.384	0	-1429.384	-0.1556097
577500	-1376.281	0	-1376.281	-0.1091694
578000	-1375.6	0	-1375.6	0.07006217
578500	-1420.776	0	-1420.776	0.1502807
579000	-1416.022	0	-1416.022	0.08583404
579500	-1427.331	0	-1427.331	-0.02515235
580000	-1410.823	0	-1410.823	0.1528892
580500	-1398.991	0	-1398.991	0.04476502
581000	-1393.732	0	-1393.732	0.2089944
581500	-1402.996	0	-1402.996	0.1786821
582000	-1454.088	0	-1454.088	0.184089
582500	-1383.371	0	-1383.371	0.3010037
583000	-1340.736	0	-1340.736	0.227412
583500	-1466.592	0	-1466.592	0.09095299
584000	-1488.219	0	-1488.219	-0.08326961
584500	-1458.528	0	-1458.528	-0.1616662
585000	-1390.605	0	-1390.605	-0.1005517
585500	-1360.768	0	-1360.768	-0.0986726
586000	-1426.45	0	-1426.45	-0.2545887
586500	-1452.489	0	-1452.489	-0.4343107
587000	-1425.255	0	-1425.255	-0.2928931
587500	-1554.271	0	-1554.271	-0.1015598
588000	-1459.168	0	-1459.168	-0.009827393
588500	-1402.149	0	-1402.149	0.09564201
589000	-1462.298	0	-1462.298	-0.2309873
589500	-1420.697	0	-1420.697	-0.2323805
590000	-1404.112	0	-1404.112	-0.4304311
590500	-1394.559	0	-1394.559	-0.2447315
591000	-1326.97	0	-1326.97	-0.1417931
591500	-1358.083	0	-1358.083	-0.2180951
592000	-1350.08	0	-1350.08	-0.3280648
592500	-1315.719	0	-1315.719	-0.202862
593000	-1345.496	0	-1345.496	-0.1584878
593500	-1412.167	0	-1412.167	-0.0684765
594000	-1435.778	0	-1435.778	-0.1227069
594500	-1422.794	0	-1422.794	-0.01803151
595000	-1507.03	0	-1507.03	-0.2172662
595500	-1424.536	0	-1424.536	-0.3007671
596000	-1402.804	0	-1402.804	-0.2883765
596500	-1454.754	0	-1454.754	-0.1858255
597000	-1352.078	0	-1352.078	-0.1691907
597500	-1362.706	0	-1362.706	-0.3576583
598000	-1448.051	0	-1448.051	-0.3798623
598500	-1405.452	0	-1405.452	-0.2823768
599000	-1410.13	0	-1410.13	-0.2457577
599500	-1314.734	0	-1314.734	-0.3713183
600000	-1322.551	0	-1322.551	-0.463348
600500	-1367.27	0	-1367.27	-0.3901046
601000	-1313.573	0	-1313.573	-0.483297
601500	-1241.786	0	-1241.786	-0.3339361
602000	-1330.215	0	-1330.215	-0.230439
602500	-1312.043	0	-1312.043	-0.32947
603000	-1336.94	0	-1336.94	-0.2210966
603500	-1384.141	0	-1384.141	-0.1841258
604000	-1449.537	0	-1449.537	-0.2899861
604500	-1405.309	0	-1405.309	-0.033367
605000	-1388.13	0	-1388.13	-0.2103717
605500	-1403.022	0	-1403.022	-0.2191721
606000	-1386.269	0	-1386.269	-0.3024179
606500	-1426.087	0	-1426.087	0.03683224
607000	-1414.595	0	-1414.595	0.1267658
607500	-1423.863	0	-1423.863	-0.1997866
608000	-1421.551	0	-1421.551	-0.1565728
608500	-1457.375	0	-1457.375	-0.2304625
609000	-1364.049	0	-1364.049	-0.09020551
609500	-1424.274	0	-1424.274	-0.1025762
610000	-1449.623	0	-1449.623	0.09218271
610500	-1565.493	0	-1565.493	-0.1630356
611000	-1578.994	0	-1578.994	-0.1379152
611500	-1606.168	0	-1606.168	-0.1503015
612000	-1521.735	0	-1521.735	-0.005616198
612500	-1499.449	0	-1499.449	-0.1716209
613000	-1443.513	0	-1443.513	0.005926612
613500	-1483.498	0	-1483.498	0.02166593
614000	-1476.689	0	-1476.689	0.1470491
614500	-1419.153	0	-1419.153	0.1884412
615000	-1391.964	0	-1391.964	0.2465241
615500	-1433.367	0	-1433.367	0.09851276
616000	-1448.42	0	-1448.42	0.03169675
616500	-1464.433	0	-1464.433	0.1347252
617000	-1466.706	0	-1466.706	0.007651484
617500	-1450.955	0	-1450.955	-0.09188638
618000	-1433.455	0	-1433.455	-0.3132162
618500	-1418.132	0	-1418.132	-0.09597414
619000	-1493.082	0	-1493.082	-0.1319026
619500	-1501.235	0	-1501.235	-0.2473443
620000	-1496.316	0	-1496.316	-0.2970638
620500	-1392.685	0	-1392.685	-0.1762825
621000	-1398.836	0	-1398.836	-0.3766776
621500	-1400.687	0	-1400.687	-0.2463654
622000	-1292.393	0	-1292.393	-0.2167711
622500	-1290.188	0	-1290.188	-0.3762151
623000	-1228.91	0	-1228.91	-0.3346011
623500	-1315.639	0	-1315.639	-0.3145776
624000	-1304.356	0	-1304.356	-0.2723099
624500	-1350.693	0	-1350.693	-0.3215273
625000	-1336.332	0	-1336.332	-0.2117717
625500	-1387.87	0	-1387.87	-0.2415288
626000	-1335.171	0	-1335.171	-0.2427671
626500	-1377.467	0	-1377.467	-0.2476614
627000	-1390.014	0	-1390.014	-0.3181532
627500	-1293.84	0	-1293.84	-0.3038579
628000	-1333.147	0	-1333.147	-0.289716
628500	-1305.877	0	-1305.877	-0.3699631
629000	-1428.296	0	-1428.296	-0.4333947
629500	-1406.717	0	-1406.717	-0.3953082
630000	-1385.382	0	-1385.382	-0.5073618
630500	-1454.633	0	-1454.633	-0.3115458
631000	-1478.982	0	-1478.982	-0.2969593
631500	-1404.215	0	-1404.215	-0.4185392
632000	-1445.691	0	-1445.691	-0.5163
632500	-1431.189	0	-1431.189	-0.3673135
633000	-1481.661	0	-1481.661	-0.4747687
633500	-1470.4	0	-1470.4	-0.4339078
634000	-1379.025	0	-1379.025	-0.4588748
634500	-1370.589	0	-1370.589	-0.5658803
635000	-1350.96	0	-1350.96	-0.6067012
635500	-1452.074	0	-1452.074	-0.4474271
636000	-1502.384	0	-1502.384	-0.3767084
636500	-1489.288	0	-1489.288	-0.2586722
637000	-1403.563	0	-1403.563	-0.4310377
637500	-1408.976	0	-1408.976	-0.4029197
638000	-1260.3	0	-1260.3	-0.3437688
638500	-1375	0	-1375	-0.3013048
639000	-1361.983	0	-1361.983	-0.2038738
639500	-1388.05	0	-1388.05	-0.3044454
640000	-1332.016	0	-1332.016	-0.1319097
640500	-1407.764	0	-1407.764	-0.1237506
641000	-1369.203	0	-1369.203	-0.3000174
641500	-1388.869	0	-1388.869	-0.3898107
642000	-1294.053	0	-1294.053	-0.4766913
642500	-1325.769	0	-1325.769	-0.444703
643000	-1374.187	0	-1374.187	-0.4607705
643500	-1388.728	0	-1388.728	-0.426207
644000	-1430.288	0	-1430.288	-0.2949833
644500	-1424.839	0	-1424.839	-0.3611358
645000	-1380.771	0	-1380.771	-0.4303312
645500	-1286.626	0	-1286.626	-0.5107339
646000	-1372.762	0	-1372.762	-0.2978592
646500	-1413.231	0	-1413.231	-0.3717962
647000	-1422.026	0	-1422.026	-0.2047461
647500	-1459.961	0	-1459.961	-0.04280195
648000	-1515.559	0	-1515.559	-0.05584966
648500	-1477.828	0	-1477.828	0.1505124
649000	-1403.084	0	-1403.084	0.1421405
649500	-1514.195	0	-1514.195	0.1094234
650000	-1405.082	0	-1405.082	-0.05425526
650500	-1325.15	0	-1325.15	-0.009370846
651000	-1267.152	0	-1267.152	-0.002268979
651500	-1362.965	0	-1362.965	0.06037699
652000	-1304.878	0	-1304.878	0.04347584
652500	-1276.825	0	-1276.825	0.0594351
653000	-1373.521	0	-1373.521	-0.05368487
653500	-1260.59	0	-1260.59	0.01845479
654000	-1337.144	0	-1337.144	0.1004203
654500	-1294.095	0	-1294.095	0.1865525
655000	-1327.713	0	-1327.713	0.1598139
655500	-1427.734	0	-1427.734	0.08075542
656000	-1333.164	0	-1333.164	-0.03260114
656500	-1300.001	0	-1300.001	-0.07299149
657000	-1289.031	0	-1289.031	0.04018175
657500	-1348.562	0	-1348.562	-0.1021072
658000	-1350.7	0	-1350.7	-0.07394396
658500	-1290.104	0	-1290.104	-0.09989005
659000	-1358.533	0	-1358.533	-0.09061775
659500	-1383.459	0	-1383.459	-0.1121422
660000	-1441.359	0	-1441.359	-0.00256304
660500	-1425.736	0	-1425.736	0.02431059
661000	-1372.751	0	-1372.751	-0.1266364
661500	-1366.502	0	-1366.502	-0.1361453
662000	-1413.35	0	-1413.35	-0.02403286
662500	-1434.287	0	-1434.287	-0.08179794
663000	-1416.12	0	-1416.12	0.01469701
663500	-1446.968	0	-1446.968	0.1002658
664000	-1368.367	0	-1368.367	0.1619003
664500	-1400.962	0	-1400.962	0.2112969
665000	-1444.623	0	-1444.623	0.1717309
665500	-1431.558	0	-1431.558	-0.01275091
666000	-1423.454	0	-1423.454	-0.1800435
666500	-1414.742	0	-1414.742	-0.2130559
667000	-1383.786	0	-1383.786	-0.07990112
667500	-1427.757	0	-1427.757	0.07851844
668000	-1518.604	0	-1518.604	0.0882274
668500	-1493.506	0	-1493.506	0.3499197
669000	-1504.485	0	-1504.485	0.1606592
669500	-1462.501	0	-1462.501	0.1800973
670000	-1516.713	0	-1516.713	-0.1046233
670500	-1333.34	0	-1333.34	0.0882075
671000	-1362.418	0	-1362.418	0.1295234
671500	-1416.666	0	-1416.666	0.1250024
672000	-1532.864	0	-1532.864	0.0405649
672500	-1528.364	0	-1528.364	0.04739722
673000	-1417.13	0	-1417.13	0.01122548
673500	-1357.098	0	-1357.098	-0.02131171
674000	-1359.002	0	-1359.002	0.01013541
674500	-1371.608	0	-1371.608	-0.06180822
675000	-1414.19	0	-1414.19	-0.1064369
675500	-1491.445	0	-1491.445	0.06289056
676000	-1369.002	0	-1369.002	-0.01106426
676500	-1423.284	0	-1423.284	-0.2556325
677000	-1471.741	0	-1471.741	-0.3969649
677500	-1514.495	0	-1514.495	-0.2782391
678000	-1491.849	0	-1491.849	-0.099869
678500	-1384.355	0	-1384.355	-0.4357946
679000	-1408.021	0	-1408.021	-0.4085929
679500	-1507.91	0	-1507.91	-0.1855445
680000	-1533.71	0	-1533.71	-0.02083381
680500	-1539.604	0	-1539.604	-0.1629
681000	-1482.576	0	-1482.576	-0.01659338
681500	-1516.776	0	-1516.776	-0.03579752
682000	-1477.266	0	-1477.266	-0.1038141
682500	-1433.73	0	-1433.73	-0.2397839
683000	-1527.19	0	-1527.19	-0.2405948
683500	-1509.384	0	-1509.384	-0.06402621
684000	-1431.898	0	-1431.898	-0.2498058
684500	-1464.784	0	-1464.784	-0.2788398
685000	-1406.433	0	-1406.433	-0.2633268
685500	-1363.044	0	-1363.044	-0.1764226
686000	-1494.419	0	-1494.419	-0.1880804
686500	-1475.735	0	-1475.735	0.0003140509
687000	-1418.27	0	-1418.27	0.01737602
687500	-1433.578	0	-1433.578	0.1371974
688000	-1413.432	0	-1413.432	-0.01660291
688500	-1459.74	0	-1459.74	-0.120208
689000	-1426.644	0	-1426.644	-0.0477198
689500	-1488.574	0	-1488.574	-0.0157721
690000	-1456.913	0	-1456.913	-0.05471796
690500	-1487.816	0	-1487.816	0.05577486
691000	-1515.732	0	-1515.732	-0.2315332
691500	-1559.297	0	-1559.297	-0.04836884
692000	-1595.846	0	-1595.846	-0.2009974
692500	-1500.746	0	-1500.746	0.03575725
693000	-1584.001	0	-1584.001	0.08417199
693500	-1544.454	0	-1544.454	0.09674678
694000	-1543.18	0	-1543.18	0.01616947
694500	-1553.815	0	-1553.815	-0.1689259
695000	-1444.716	0	-1444.716	-0.05538681
695500	-1485.139	0	-1485.139	0.1305508
696000	-1565.296	0	-1565.296	-0.01390474
696500	-1460.832	0	-1460.832	-0.1392253
697000	-1459.539	0	-1459.539	0.009801615
697500	-1502.638	0	-1502.638	-0.05725151
698000	-1499.818	0	-1499.818	-0.2056286
698500	-1552.924	0	-1552.924	-0.009912371
699000	-1541.816	0	-1541.816	-0.03978008
699500	-1593.984	0	-1593.984	-0.07748045
700000	-1473.026	0	-1473.026	0.09636047
700500	-1459.028	0	-1459.028	0.06400012
701000	-1401.786	0	-1401.786	-0.02905383
701500	-1414.222	0	-1414.222	-0.03748478
702000	-1436.161	0	-1436.161	-0.273866
702500	-1383.996	0	-1383.996	-0.2781262
703000	-1323.568	0	-1323.568	-0.2306328
703500	-1336.439	0	-1336.439	-0.2452067
704000	-1395.394	0	-1395.394	-0.3528084
704500	-1409.203	0	-1409.203	-0.1452116
705000	-1459.05	0	-1459.05	-0.02166508
705500	-1358.475	0	-1358.475	-0.07535331
706000	-1473.901	0	-1473.901	-0.1680803
706500	-1446.116	0	-1446.116	-0.1994379
707000	-1453.863	0	-1453.863	-0.175189
707500	-1447.036	0	-1447.036	-0.1720065
708000	-1407.585	0	-1407.585	-0.1382804
708500	-1418.271	0	-1418.271	-0.2735697
709000	-1391.27	0	-1391.27	-0.3088347
709500	-1382.596	0	-1382.596	-0.1998718
710000	-1379.373	0	-1379.373	-0.02953156
710500	-1443.213	0	-1443.213	-0.04901226
711000	-1468.089	0	-1468.089	-0.1995369
711500	-1440.349	0	-1440.349	-0.1103112
712000	-1387.605	0	-1387.605	-0.160021
712500	-1377.487	0	-1377.487	-0.005850914
713000	-1422.261	0	-1422.261	0.08564469
713500	-1446.727	0	-1446.727	0.2067201
714000	-1411.643	0	-1411.643	0.1567846
714500	-1423.04	0	-1423.04	0.127618
715000	-1492.863	0	-1492.863	0.1366298
715500	-1592.167	0	-1592.167	-0.01197804
716000	-1466.262	0	-1466.262	0.07140451
716500	-1436.367	0	-1436.367	-0.1044855
717000	-1434.776	0	-1434.776	0.0831452
717500	-1352.486	0	-1352.486	0.05629411
718000	-1409.644	0	-1409.644	-0.04943122
718500	-1429.145	0	-1429.145	0.1999799
719000	-1544.634	0	-1544.634	0.06264161
719500	-1450.018	0	-1450.018	0.09885601
720000	-1444.62	0	-1444.62	0.06060438
720500	-1494.277	0	-1494.277	0.1509715
721000	-1454.427	0	-1454.427	0.2173307
721500	-1448.788	0	-1448.788	0.1411365
722000	-1466.164	0	-1466.164	0.05107796
722500	-1511.329	0	-1511.329	-0.009548057
723000	-1381.955	0	-1381.955	-0.06469452
723500	-1401.612	0	-1401.612	-0.1691551
724000	-1567.332	0	-1567.332	-0.06286872
724500	-1485.488	0	-1485.488	0.03949265
725000	-1511.518	0	-1511.518	0.04257342
725500	-1464.205	0	-1464.205	0.01279764
726000	-1513.411	0	-1513.411	0.1407894
726500	-1528.016	0	-1528.016	-0.05049415
727000	-1536.952	0	-1536.952	0.02852139
727500	-1453.111	0	-1453.111	-0.07977461
728000	-1375.202	0	-1375.202	-0.1528712
728500	-1477.525	0	-1477.525	0.2010691
729000	-1430.83	0	-1430.83	-0.05099518
729500	-1364.992	0	-1364.992	0.0499214
730000	-1388.213	0	-1388.213	-0.1277762
730500	-1461.338	0	-1461.338	0.02650575
731000	-1473.617	0	-1473.617	-0.048456
731500	-1434.492	0	-1434.492	-0.0005208903
732000	-1408.981	0	-1408.981	-0.0459868
732500	-1426.361	0	-1426.361	-0.1022596
733000	-1347.911	0	-1347.911	-0.2576497
733500	-1487.876	0	-1487.876	-0.1339509
734000	-1398.532	0	-1398.532	-0.3803818
734500	-1465.615	0	-1465.615	-0.1826666
735000	-1524.458	0	-1524.458	-0.234115
735500	-1526.825	0	-1526.825	-0.1419536
736000	-1526.534	0	-1526.534	0.02704434
736500	-1536.295	0	-1536.295	0.1627048
737000	-1532.478	0	-1532.478	0.1545456
737500	-1512.759	0	-1512.759	0.06708874
738000	-1473.651	0	-1473.651	-0.03215476
738500	-1382.558	0	-1382.558	-0.1587042
739000	-1376.71	0	-1376.71	-0.1865581
739500	-1442.674	0	-1442.674	-0.1369265
740000	-1387.663	0	-1387.663	0.006425003
740500	-1363.27	0	-1363.27	0.07774803
741000	-1384.824	0	-1384.824	0.005142793
741500	-1251.948	0	-1251.948	0.1353434
742000	-1281.755	0	-1281.755	0.06614837
742500	-1395.933	0	-1395.933	-0.01475827
743000	-1576.676	0	-1576.676	0.05798547
743500	-1471.827	0	-1471.827	-0.1085078
744000	-1434.689	0	-1434.689	0.04737038
744500	-1492.55	0	-1492.55	0.2565776
745000	-1427.138	0	-1427.138	0.1286621
745500	-1424.598	0	-1424.598	0.1570849
746000	-1471.028	0	-1471.028	0.04317014
746500	-1474.8	0	-1474.8	-0.0158355
747000	-1387.703	0	-1387.703	0.04099423
747500	-1402.527	0	-1402.527	0.133184
748000	-1277.984	0	-1277.984	0.1241025
748500	-1357.97	0	-1357.97	0.1754995
749000	-1388.373	0	-1388.373	0.1580517
749500	-1456.09	0	-1456.09	0.2231646
750000	-1475.806	0	-1475.806	0.08461138
750500	-1348.986	0	-1348.986	0.1756328
751000	-1303.078	0	-1303.078	0.1302392
751500	-1379.447	0	-1379.447	-0.00737173
752000	-1433.072	0	-1433.072	-0.1469924
752500	-1365.223	0	-1365.223	0.1036092
753000	-1338.315	0	-1338.315	0.09769091
753500	-1355.432	0	-1355.432	0.0962447
754000	-1419.775	0	-1419.775	0.03542887
754500	-1315.265	0	-1315.265	0.1412158
755000	-1372.817	0	-1372.817	0.0868909
755500	-1364.498	0	-1364.498	-0.1126917
756000	-1400.207	0	-1400.207	-0.06038522
756500	-1433.963	0	-1433.963	-0.1031631
757000	-1425.118	0	-1425.118	0.03268514
757500	-1364.8	0	-1364.8	-0.09281533
758000	-1405.717	0	-1405.717	-0.01940632
758500	-1381.555	0	-1381.555	0.008334829
759000	-1469.058	0	-1469.058	-0.05220856
759500	-1447.5	0	-1447.5	-0.1332816
760000	-1381.465	0	-1381.465	-0.1824713
760500	-1397.719	0	-1397.719	-0.01131717
761000	-1482.513	0	-1482.513	-0.2001795
761500	-1464.072	0	-1464.072	-0.05103808
762000	-1464.737	0	-1464.737	-0.1530139
762500	-1421.606	0	-1421.606	-0.08683277
763000	-1479.132	0	-1479.132	-0.143992
763500	-1435.029	0	-1435.029	-0.1599516
764000	-1374.42	0	-1374.42	0.01483164
764500	-1374.331	0	-1374.331	0.02001149
765000	-1365.001	0	-1365.001	-0.005870824
765500	-1366.122	0	-1366.122	-0.007968031
766000	-1451.875	0	-1451.875	-0.1579492
766500	-1489.819	0	-1489.819	-0.238557
767000	-1469.426	0	-1469.426	-0.1259073
767500	-1497.193	0	-1497.193	-0.1322209
768000	-1539.607	0	-1539.607	-0.1525891
768500	-1507.057	0	-1507.057	-0.149211
769000	-1473.893	0	-1473.893	-0.1456492
769500	-1445.009	0	-1445.009	-0.1946745
770000	-1459.641	0	-1459.641	-0.1000477
770500	-1373.44	0	-1373.44	-0.1924085
771000	-1338.323	0	-1338.323	-0.1807638
771500	-1321.53	0	-1321.53	-0.2976942
772000	-1422.317	0	-1422.317	-0.2575743
772500	-1409.198	0	-1409.198	-0.2622927
773000	-1507.042	0	-1507.042	-0.1751998
773500	-1468.651	0	-1468.651	-0.01582356
774000	-1327.327	0	-1327.327	0.108053
774500	-1484.193	0	-1484.193	0.2185085
775000	-1491.612	0	-1491.612	-0.02322639
775500	-1496.825	0	-1496.825	-0.0168892
776000	-1591.339	0	-1591.339	-0.06064621
776500	-1524.119	0	-1524.119	-0.001961284
777000	-1503.592	0	-1503.592	-0.0430182
777500	-1530.655	0	-1530.655	-0.0709431
778000	-1431.725	0	-1431.725	-0.2550083
778500	-1431.075	0	-1431.075	-0.2397055
779000	-1344.389	0	-1344.389	0.01207303
779500	-1465.322	0	-1465.322	-0.007396773
780000	-1401.882	0	-1401.882	0.03958724
780500	-1342.619	0	-1342.619	0.2334166
781000	-1393.831	0	-1393.831	0.1585256
781500	-1409.395	0	-1409.395	0.0716934
782000	-1321.54	0	-1321.54	0.1723252
782500	-1352.02	0	-1352.02	0.1701783
783000	-1425.817	0	-1425.817	0.2244578
783500	-1453.748	0	-1453.748	0.2470028
784000	-1470.211	0	-1470.211	-0.1326956
784500	-1358.743	0	-1358.743	0.01348452
785000	-1305.892	0	-1305.892	-0.007404892
785500	-1287.276	0	-1287.276	-0.06569383
786000	-1272.787	0	-1272.787	-0.06390291
786500	-1246.415	0	-1246.415	-0.05378455
787000	-1263.577	0	-1263.577	-0.07331654
787500	-1313.076	0	-1313.076	-0.06011394
788000	-1302.226	0	-1302.226	-0.07260381
788500	-1285.624	0	-1285.624	-0.2283577
789000	-1293.141	0	-1293.141	-0.1002954
789500	-1304.953	0	-1304.953	-0.1607479
790000	-1276.33	0	-1276.33	-0.2133476
790500	-1292.124	0	-1292.124	-0.0406688
791000	-1288.756	0	-1288.756	-0.01378338
791500	-1308.707	0	-1308.707	-0.04700411
792000	-1348.659	0	-1348.659	-0.04581775
792500	-1297.188	0	-1297.188	-0.09098975
793000	-1232.382	0	-1232.382	-0.1427424
793500	-1165.577	0	-1165.577	-0.169938
794000	-1371.518	0	-1371.518	-0.210942
794500	-1329.94	0	-1329.94	-0.2177043
795000	-1324.351	0	-1324.351	-0.1275037
795500	-1381.968	0	-1381.968	-0.04117534
796000	-1438.354	0	-1438.354	-0.2424884
796500	-1350.722	0	-1350.722	-0.2412237
797000	-1417.537	0	-1417.537	-0.4636624
797500	-1352.637	0	-1352.637	-0.356329
798000	-1487.466	0	-1487.466	-0.2168035
798500	-1441.371	0	-1441.371	-0.1275949
799000	-1262.797	0	-1262.797	-0.2673548
799500	-1341.006	0	-1341.006	-0.2089257
800000	-1282.678	0	-1282.678	-0.154368
800500	-1331.09	0	-1331.09	-0.08677853
801000	-1300.413	0	-1300.413	-0.2252551
801500	-1342.664	0	-1342.664	-0.03186132
802000	-1327.79	0	-1327.79	0.03492049
802500	-1433.981	0	-1433.981	-0.04058942
803000	-1423.577	0	-1423.577	0.03123049
803500	-1517.683	0	-1517.683	-0.08630106
804000	-1545.678	0	-1545.678	-0.03158018
804500	-1535.129	0	-1535.129	-0.1152038
805000	-1535.43	0	-1535.43	-0.2460241
805500	-1533.743	0	-1533.743	-0.1458408
806000	-1544.845	0	-1544.845	-0.2921845
806500	-1557.972	0	-1557.972	-0.309036
807000	-1565.908	0	-1565.908	-0.1673162
807500	-1626.736	0	-1626.736	-0.1316078
808000	-1541.997	0	-1541.997	0.01167461
808500	-1549.148	0	-1549.148	0.02320367
809000	-1517.26	0	-1517.26	-0.2054289
809500	-1498.861	0	-1498.861	-0.09824722
810000	-1484.423	0	-1484.423	-0.2201966
810500	-1462.658	0	-1462.658	-0.2237829
811000	-1485.606	0	-1485.606	-0.2479877
811500	-1397.317	0	-1397.317	-0.2956021
812000	-1368.795	0	-1368.795	-0.4237287
812500	-1400.868	0	-1400.868	-0.3603361
813000	-1402.315	0	-1402.315	-0.3519647
813500	-1404.826	0	-1404.826	-0.1423579
814000	-1421.243	0	-1421.243	-0.2362012
814500	-1403.09	0	-1403.09	-0.1648004
815000	-1418.796	0	-1418.796	-0.08596988
815500	-1450.736	0	-1450.736	0.00649601
816000	-1421.045	0	-1421.045	0.01559361
816500	-1432.951	0	-1432.951	0.06313417
817000	-1396.763	0	-1396.763	0.0869675
817500	-1457.422	0	-1457.422	0.139252
818000	-1443.82	0	-1443.82	-0.0668251
818500	-1437.435	0	-1437.435	-0.2493802
819000	-1552.583	0	-1552.583	-0.1475727
819500	-1555.915	0	-1555.915	-0.2449849
820000	-1497.806	0	-1497.806	-0.01809177
820500	-1445.556	0	-1445.556	-0.1837545
821000	-1468.864	0	-1468.864	-0.2036233
821500	-1474.255	0	-1474.255	0.02271588
822000	-1435.971	0	-1435.971	-0.1576583
822500	-1421.357	0	-1421.357	-0.2848492
823000	-1492.619	0	-1492.619	-0.2015251
823500	-1555.569	0	-1555.569	-0.1876395
824000	-1524.719	0	-1524.719	-0.1084669
824500	-1350.121	0	-1350.121	-0.2243349
825000	-1415.517	0	-1415.517	-0.3603442
825500	-1404.029	0	-1404.029	-0.2378093
826000	-1495.528	0	-1495.528	-0.296431
826500	-1506.896	0	-1506.896	0.04392456
827000	-1421.377	0	-1421.377	0.04384565
827500	-1458.546	0	-1458.546	0.1192696
828000	-1386.183	0	-1386.183	-0.1670705
828500	-1349.074	0	-1349.074	-0.2670999
829000	-1469.567	0	-1469.567	-0.1688458
829500	-1401.013	0	-1401.013	-0.1154467
830000	-1404.568	0	-1404.568	-0.1803504
830500	-1390.964	0	-1390.964	-0.1948203
831000	-1452.214	0	-1452.214	0.009004142
831500	-1479.893	0	-1479.893	-0.01396088
832000	-1423.168	0	-1423.168	-0.02089738
832500	-1490.358	0	-1490.358	0.01985281
833000	-1541.172	0	-1541.172	-0.2785378
833500	-1601.174	0	-1601.174	-0.2579411
834000	-1486.165	0	-1486.165	-0.1943402
834500	-1458.84	0	-1458.84	0.02634897
835000	-1519.483	0	-1519.483	-0.1274953
835500	-1525.641	0	-1525.641	-0.1678253
836000	-1511.827	0	-1511.827	-0.07917836
836500	-1390.262	0	-1390.262	-0.05911508
837000	-1374.841	0	-1374.841	0.01103159
837500	-1377.393	0	-1377.393	0.080717
838000	-1351.271	0	-1351.271	0.03222597
838500	-1463.269	0	-1463.269	-0.0797526
839000	-1472.536	0	-1472.536	-0.167381
839500	-1422.365	0	-1422.365	-0.04106475
840000	-1416.66	0	-1416.66	-0.0359146
840500	-1399.398	0	-1399.398	0.0289784
841000	-1450.521	0	-1450.521	-0.07787673
841500	-1498.085	0	-1498.085	-0.1609369
842000	-1516.575	0	-1516.575	-0.004428774
842500	-1482.885	0	-1482.885	-0.06438113
843000	-1483.762	0	-1483.762	-0.02998376
843500	-1461.453	0	-1461.453	-0.005695223
844000	-1429.661	0	-1429.661	-0.2366643
844500	-1478.391	0	-1478.391	-0.2570042
845000	-1459.056	0	-1459.056	-0.4447607
845500	-1467.705	0	-1467.705	-0.215076
846000	-1526.892	0	-1526.892	-0.3342192
846500	-1499.168	0	-1499.168	-0.165584
847000	-1456.157	0	-1456.157	-0.2147632
847500	-1499.681	0	-1499.681	-0.2136915
848000	-1573.004	0	-1573.004	-0.1216508
848500	-1521.04	0	-1521.04	-0.205328
849000	-1500.82	0	-1500.82	-0.0666887
849500	-1512.303	0	-1512.303	0.219042
850000	-1534.359	0	-1534.359	-0.2045111
850500	-1562.189	0	-1562.189	-0.172257
851000	-1525.812	0	-1525.812	-0.1620585
851500	-1488.234	0	-1488.234	-0.2297433
852000	-1491.509	0	-1491.509	-0.3034242
852500	-1409.522	0	-1409.522	-0.1761664
853000	-1509.327	0	-1509.327	-0.1096299
853500	-1477.773	0	-1477.773	0.03046883
854000	-1522.477	0	-1522.477	-0.2530033
854500	-1484.313	0	-1484.313	-0.01479689
855000	-1417.56	0	-1417.56	-0.07876936
855500	-1414.223	0	-1414.223	-0.2480562
856000	-1418.645	0	-1418.645	-0.2374788
856500	-1369.157	0	-1369.157	-0.2771715
857000	-1464.348	0	-1464.348	-0.2704332
857500	-1352.866	0	-1352.866	-0.2799735
858000	-1448.107	0	-1448.107	-0.2108479
858500	-1470.241	0	-1470.241	-0.08857398
859000	-1450.527	0	-1450.527	-0.2578133
859500	-1494.792	0	-1494.792	-0.3124848
860000	-1503.345	0	-1503.345	-0.146054
860500	-1420.96	0	-1420.96	-0.05135878
861000	-1396.723	0	-1396.723	-0.04591024
861500	-1344.803	0	-1344.803	0.05676753
862000	-1378.875	0	-1378.875	0.1321822
862500	-1426.472	0	-1426.472	0.06967681
863000	-1421.378	0	-1421.378	0.1568814
863500	-1407.482	0	-1407.482	0.09394037
864000	-1460.616	0	-1460.616	-0.2016879
864500	-1352.331	0	-1352.331	-0.09174169
865000	-1411.033	0	-1411.033	-0.1782678
865500	-1510.612	0	-1510.612	-0.10977
866000	-1384.582	0	-1384.582	-0.1879121
866500	-1415.462	0	-1415.462	-0.1718884
867000	-1482.639	0	-1482.639	0.05606118
867500	-1520.467	0	-1520.467	0.06511279
868000	-1478.399	0	-1478.399	0.06057389
868500	-1525.707	0	-1525.707	-0.1221048
869000	-1482.95	0	-1482.95	-0.08321642
869500	-1386.777	0	-1386.777	-0.04422191
870000	-1397.704	0	-1397.704	-0.0799869
870500	-1401.604	0	-1401.604	-0.1275452
871000	-1426.234	0	-1426.234	-0.06586259
871500	-1347.816	0	-1347.816	-0.1306663
872000	-1450.342	0	-1450.342	-0.1225304
872500	-1427.166	0	-1427.166	-0.1796333
873000	-1420.242	0	-1420.242	-0.3614913
873500	-1447.589	0	-1447.589	-0.212199
874000	-1459.261	0	-1459.261	-0.05265912
874500	-1516.079	0	-1516.079	-0.1499797
875000	-1536.204	0	-1536.204	-0.01558063
875500	-1497.311	0	-1497.311	0.1866622
876000	-1413.647	0	-1413.647	0.06291288
876500	-1450.506	0	-1450.506	-0.00301788
877000	-1315.198	0	-1315.198	0.02271269
877500	-1402.438	0	-1402.438	-0.03544101
878000	-1398.602	0	-1398.602	-0.04356962
878500	-1400.951	0	-1400.951	-0.3438776
879000	-1322.273	0	-1322.273	-0.06802824
879500	-1339.349	0	-1339.349	-0.1015479
880000	-1381.196	0	-1381.196	-0.03539474
880500	-1320.292	0	-1320.292	-0.2447387
881000	-1345.031	0	-1345.031	-0.410275
881500	-1315.622	0	-1315.622	-0.3026731
882000	-1361.424	0	-1361.424	-0.2524748
882500	-1397.339	0	-1397.339	-0.1302147
883000	-1402.173	0	-1402.173	-0.1091019
883500	-1495.976	0	-1495.976	-0.2015812
884000	-1423.843	0	-1423.843	-0.03585459
884500	-1343.394	0	-1343.394	0.1175093
885000	-1375.047	0	-1375.047	0.07590219
885500	-1436.636	0	-1436.636	-0.03429971
886000	-1452.445	0	-1452.445	0.09278232
886500	-1444.574	0	-1444.574	0.1108727
887000	-1462.119	0	-1462.119	-0.1007953
887500	-1553.473	0	-1553.473	0.128627
888000	-1431.219	0	-1431.219	0.120351
888500	-1530.714	0	-1530.714	0.007155625
889000	-1451.077	0	-1451.077	-0.1519867
889500	-1417.26	0	-1417.26	-0.1465686
890000	-1452.168	0	-1452.168	-0.1653835
890500	-1414.771	0	-1414.771	0.08535718
891000	-1368.702	0	-1368.702	0.1682945
891500	-1429.07	0	-1429.07	-0.0622154
892000	-1545.016	0	-1545.016	0.09533125
892500	-1540.793	0	-1540.793	-0.1264036
893000	-1508.937	0	-1508.937	-0.3895289
893500	-1422.148	0	-1422.148	-0.2436215
894000	-1439.874	0	-1439.874	0.02672587
894500	-1524.114	0	-1524.114	0.08210776
895000	-1497.512	0	-1497.512	0.004627777
895500	-1487.357	0	-1487.357	0.0832493
896000	-1458.995	0	-1458.995	-0.09485883
896500	-1473.149	0	-1473.149	-0.2095179
897000	-1498.151	0	-1498.151	-0.1601818
897500	-1581.61	0	-1581.61	-0.09161662
898000	-1581.758	0	-1581.758	0.05002044
898500	-1597.423	0	-1597.423	0.08783738
899000	-1566.013	0	-1566.013	-0.00412597
899500	-1512.851	0	-1512.851	-0.1225909
900000	-1524.741	0	-1524.741	-0.2809496
900500	-1602.903	0	-1602.903	-0.06814246
901000	-1493.016	0	-1493.016	-0.2292383
901500	-1552.761	0	-1552.761	-0.4062771
902000	-1540.764	0	-1540.764	-0.2740679
902500	-1542.152	0	-1542.152	-0.246514
903000	-1597.648	0	-1597.648	-0.1152623
903500	-1673.823	0	-1673.823	-0.2371943
904000	-1605.208	0	-1605.208	-0.2568907
904500	-1596.788	0	-1596.788	-0.1232717
905000	-1521.023	0	-1521.023	-0.2887182
905500	-1450.924	0	-1450.924	-0.1078779
906000	-1468.345	0	-1468.345	-0.1868206
906500	-1504.817	0	-1504.817	-0.3806439
907000	-1454.358	0	-1454.358	-0.3827019
907500	-1487.964	0	-1487.964	-0.3470286
908000	-1476.631	0	-1476.631	-0.367725
908500	-1445.401	0	-1445.401	-0.2162835
909000	-1498.532	0	-1498.532	-0.2904874
909500	-1470.697	0	-1470.697	-0.3062397
910000	-1521.716	0	-1521.716	-0.1203712
910500	-1587.485	0	-1587.485	-0.2328379
911000	-1505.293	0	-1505.293	-0.00688139
911500	-1452.445	0	-1452.445	-0.2256611
912000	-1443.857	0	-1443.857	-0.2443652
912500	-1551.925	0	-1551.925	-0.2200031
913000	-1440.457	0	-1440.457	-0.5001145
913500	-1529.457	0	-1529.457	-0.2409734
914000	-1461.604	0	-1461.604	-0.3122468
914500	-1382.764	0	-1382.764	-0.3296197
915000	-1413.599	0	-1413.599	-0.3965667
915500	-1397.693	0	-1397.693	-0.4764741
916000	-1433.039	0	-1433.039	-0.3211052
916500	-1388.734	0	-1388.734	-0.3864525
917000	-1424.597	0	-1424.597	-0.4402029
917500	-1479.434	0	-1479.434	-0.5121697
918000	-1515.975	0	-1515.975	-0.5313787
918500	-1519.06	0	-1519.06	-0.3374354
919000	-1457.9	0	-1457.9	-0.424224
919500	-1525.581	0	-1525.581	-0.4327174
920000	-1528.273	0	-1528.273	-0.3406559
920500	-1476.913	0	-1476.913	-0.2727872
921000	-1505.224	0	-1505.224	-0.3147115
921500	-1496.888	0	-1496.888	-0.3981272
922000	-1446	0	-1446	-0.307591
922500	-1497.59	0	-1497.59	-0.1350504
923000	-1446.812	0	-1446.812	-0.1403938
923500	-1338.013	0	-1338.013	-0.02879758
924000	-1365.629	0	-1365.629	0.005800193
924500	-1424.473	0	-1424.473	-0.007192468
925000	-1353.844	0	-1353.844	-0.0184995
925500	-1369.148	0	-1369.148	-0.1421735
926000	-1383.916	0	-1383.916	-0.1824768
926500	-1399.161	0	-1399.161	-0.100917
927000	-1351.421	0	-1351.421	-0.1324258
927500	-1245.409	0	-1245.409	-0.03572295
928000	-1268.295	0	-1268.295	-0.04251709
928500	-1217.842	0	-1217.842	-0.05966758
929000	-1227.03	0	-1227.03	0.02012638
929500	-1246.365	0	-1246.365	-0.06581996
930000	-1200.011	0	-1200.011	-0.04741783
930500	-1184.752	0	-1184.752	0.009088977
931000	-1265.707	0	-1265.707	0.07425642
931500	-1389.713	0	-1389.713	-0.03235392
932000	-1284.498	0	-1284.498	0.05275755
932500	-1275.831	0	-1275.831	0.03540118
933000	-1321.432	0	-1321.432	0.1380202
933500	-1324.674	0	-1324.674	0.04883881
934000	-1365.768	0	-1365.768	-0.04106663
934500	-1365.06	0	-1365.06	0.03438137
935000	-1333.174	0	-1333.174	0.01351988
935500	-1426.223	0	-1426.223	-0.2033685
936000	-1491.409	0	-1491.409	-0.1019814
936500	-1434.613	0	-1434.613	-0.1622222
937000	-1592.696	0	-1592.696	-0.2004005
937500	-1504.255	0	-1504.255	-0.3234624
938000	-1483.99	0	-1483.99	-0.1158041
938500	-1408.284	0	-1408.284	-0.2334592
939000	-1408.785	0	-1408.785	-0.1952741
939500	-1429.871	0	-1429.871	-0.2299985
940000	-1445.889	0	-1445.889	-0.3895521
940500	-1457.108	0	-1457.108	-0.4075368
941000	-1451.952	0	-1451.952	-0.1112866
941500	-1437.373	0	-1437.373	-0.1911743
942000	-1488.104	0	-1488.104	-0.2005249
942500	-1475.634	0	-1475.634	-0.1035696
943000	-1463.409	0	-1463.409	-0.0423201
943500	-1507.328	0	-1507.328	-0.05783093
944000	-1456.474	0	-1456.474	-0.1513938
944500	-1524.123	0	-1524.123	-0.3030633
945000	-1550.911	0	-1550.911	-0.4183858
945500	-1527.468	0	-1527.468	-0.1378533
946000	-1543.035	0	-1543.035	-0.1708482
946500	-1557.916	0	-1557.916	-0.2501208
947000	-1548.916	0	-1548.916	-0.1584393
947500	-1474.419	0	-1474.419	-0.2593175
948000	-1489.422	0	-1489.422	-0.197198
948500	-1501.272	0	-1501.272	-0.211035
949000	-1503.107	0	-1503.107	-0.28091
949500	-1438.593	0	-1438.593	-0.5852036
950000	-1560.294	0	-1560.294	-0.1572004
950500	-1533.107	0	-1533.107	-0.2294711
951000	-1528.277	0	-1528.277	-0.1487525
951500	-1534.847	0	-1534.847	-0.1645827
952000	-1522.494	0	-1522.494	-0.09701857
952500	-1593.247	0	-1593.247	-0.04819017
953000	-1583.94	0	-1583.94	-0.2228493
953500	-1574.386	0	-1574.386	0.02116266
954000	-1473.883	0	-1473.883	-0.4319239
954500	-1575.419	0	-1575.419	-0.2699096
955000	-1568.344	0	-1568.344	-0.09958281
955500	-1598.18	0	-1598.18	-0.09094697
956000	-1633.2	0	-1633.2	-0.2852843
956500	-1640.749	0	-1640.749	-0.109338
957000	-1593.021	0	-1593.021	-0.1817258
957500	-1556.217	0	-1556.217	-0.1848278
958000	-1575.93	0	-1575.93	-0.08214311
958500	-1498.161	0	-1498.161	-0.03709481
959000	-1515.435	0	-1515.435	0.09580299
959500	-1489.073	0	-1489.073	0.07191387
960000	-1427.61	0	-1427.61	0.06439489
960500	-1426.582	0	-1426.582	-0.1710069
961000	-1531.039	0	-1531.039	-0.09287011
961500	-1477.414	0	-1477.414	-0.198945
962000	-1459.521	0	-1459.521	-0.1826948
962500	-1456.874	0	-1456.874	-0.1911509
963000	-1484.7	0	-1484.7	-0.1663862
963500	-1366.573	0	-1366.573	-0.2326528
964000	-1408.235	0	-1408.235	-0.2372704
964500	-1494.589	0	-1494.589	-0.234939
965000	-1458.331	0	-1458.331	-0.06161873
965500	-1493.868	0	-1493.868	-0.1254682
966000	-1559.084	0	-1559.084	-0.07548353
966500	-1564.568	0	-1564.568	-0.1703781
967000	-1469.465	0	-1469.465	-0.3422579
967500	-1446.459	0	-1446.459	-0.2886045
968000	-1431.874	0	-1431.874	-0.3205323
968500	-1423.845	0	-1423.845	-0.3519624
969000	-1474.891	0	-1474.891	-0.3081781
969500	-1480.141	0	-1480.141	-0.377113
970000	-1429.765	0	-1429.765	-0.4840687
970500	-1554.742	0	-1554.742	-0.2082881
971000	-1469.942	0	-1469.942	-0.1708803
971500	-1436.133	0	-1436.133	-0.275808
972000	-1525.654	0	-1525.654	-0.02506035
972500	-1479.283	0	-1479.283	-0.09994229
973000	-1476.46	0	-1476.46	-0.09307222
973500	-1475.697	0	-1475.697	0.02378276
974000	-1519.399	0	-1519.399	-0.06220057
974500	-1535.959	0	-1535.959	-0.0248529
975000	-1511.77	0	-1511.77	-0.2929878
975500	-1479.269	0	-1479.269	-0.3515858
976000	-1518.945	0	-1518.945	-0.3168222
976500	-1522.206	0	-1522.206	-0.2341425
977000	-1558.359	0	-1558.359	-0.3586503
977500	-1480.721	0	-1480.721	-0.3381057
978000	-1528.946	0	-1528.946	-0.2420361
978500	-1574.79	0	-1574.79	-0.2709339
979000	-1498.423	0	-1498.423	-0.2417208
979500	-1520.459	0	-1520.459	0.04861182
980000	-1466.903	0	-1466.903	-0.05292243
980500	-1468.619	0	-1468.619	-0.1852772
981000	-1486.089	0	-1486.089	-0.1640472
981500	-1542.882	0	-1542.882	-0.03106221
982000	-1410.131	0	-1410.131	-0.02161526
982500	-1449.644	0	-1449.644	-0.1171755
983000	-1415.199	0	-1415.199	0.03792769
983500	-1449.644	0	-1449.644	-0.04948805
984000	-1518.418	0	-1518.418	0.0473341
984500	-1440.162	0	-1440.162	0.02284155
985000	-1452.683	0	-1452.683	-0.07538764
985500	-1476.574	0	-1476.574	-0.08267843
986000	-1507.77	0	-1507.77	0.06602275
986500	-1490.885	0	-1490.885	0.1971678
987000	-1599.778	0	-1599.778	0.066781
987500	-1584.938	0	-1584.938	-0.01524696
988000	-1434.846	0	-1434.846	-0.130197
988500	-1473.563	0	-1473.563	-0.1731554
989000	-1461.732	0	-1461.732	-0.4032107
989500	-1447.722	0	-1447.722	-0.2464708
990000	-1462.081	0	-1462.081	-0.1888591
990500	-1500.33	0	-1500.33	-0.1333393
991000	-1498.612	0	-1498.612	-0.1727356
991500	-1535.699	0	-1535.699	0.1179794
992000	-1476.184	0	-1476.184	0.03128831
992500	-1454.821	0	-1454.821	-0.11183
993000	-1377.132	0	-1377.132	-0.05447098
993500	-1439.216	0	-1439.216	-0.06158287
994000	-1511.056	0	-1511.056	0.01790005
994500	-1465.382	0	-1465.382	-0.07234738
995000	-1382	0	-1382	-0.07542143
995500	-1329.862	0	-1329.862	-0.1687833
996000	-1292.605	0	-1292.605	-0.0641355
996500	-1363.029	0	-1363.029	0.1433206
997000	-1483.383	0	-1483.383	0.06273082
997500	-1483.642	0	-1483.642	0.1128908
998000	-1459.421	0	-1459.421	-0.06927041
998500	-1470.617	0	-1470.617	0.005992354
999000	-1418.322	0	-1418.322	0.2205332
999500	-1387.591	0	-1387.591	0.1026415
1000000	-1338.67	0	-1338.67	-0.03090451
