Iteration	Posterior	Likelihood	Prior	rho[3][4]
0	-2767.094	0	-2767.094	-0.7111382
500	-1833.808	0	-1833.808	-0.3939701
1000	-1810.64	0	-1810.64	-0.2088801
1500	-1789.017	0	-1789.017	0.006662338
2000	-1738.503	0	-1738.503	0.1844422
2500	-1747.798	0	-1747.798	0.1073518
3000	-1702.748	0	-1702.748	0.2791459
3500	-1715.047	0	-1715.047	0.3131683
4000	-1743.436	0	-1743.436	0.3403344
4500	-1660.366	0	-1660.366	0.4389613
5000	-1653.002	0	-1653.002	0.4272338
5500	-1644.417	0	-1644.417	0.3177388
6000	-1671.011	0	-1671.011	0.4379365
6500	-1694.815	0	-1694.815	0.5092809
7000	-1652.267	0	-1652.267	0.5130515
7500	-1676.815	0	-1676.815	0.4625987
8000	-1657.212	0	-1657.212	0.5534813
8500	-1646.412	0	-1646.412	0.5011688
9000	-1629.817	0	-1629.817	0.4834729
9500	-1682.457	0	-1682.457	0.3907929
10000	-1585.742	0	-1585.742	0.6305753
10500	-1626.512	0	-1626.512	0.5473589
11000	-1649.935	0	-1649.935	0.6146611
11500	-1611	0	-1611	0.5102943
12000	-1647.121	0	-1647.121	0.47059
12500	-1637.222	0	-1637.222	0.5841744
13000	-1634.307	0	-1634.307	0.3785502
13500	-1710.281	0	-1710.281	0.2825721
14000	-1641.434	0	-1641.434	0.5814381
14500	-1633.002	0	-1633.002	0.4110828
15000	-1654.661	0	-1654.661	0.4335577
15500	-1672.531	0	-1672.531	0.6151553
16000	-1570.103	0	-1570.103	0.6282895
16500	-1599.341	0	-1599.341	0.5531156
17000	-1498.971	0	-1498.971	0.5846463
17500	-1543.947	0	-1543.947	0.6720953
18000	-1559.423	0	-1559.423	0.5502125
18500	-1625.698	0	-1625.698	0.6328122
19000	-1595.907	0	-1595.907	0.5959518
19500	-1597.718	0	-1597.718	0.5510912
20000	-1628.388	0	-1628.388	0.4324874
20500	-1598.409	0	-1598.409	0.4469103
21000	-1615.475	0	-1615.475	0.4683619
21500	-1600.019	0	-1600.019	0.6755678
22000	-1607.516	0	-1607.516	0.5910684
22500	-1651.162	0	-1651.162	0.391087
23000	-1562.768	0	-1562.768	0.5479613
23500	-1543.11	0	-1543.11	0.5944131
24000	-1500.023	0	-1500.023	0.5984672
24500	-1529.498	0	-1529.498	0.5642233
25000	-1528.523	0	-1528.523	0.4785544
25500	-1566.233	0	-1566.233	0.6203713
26000	-1565.615	0	-1565.615	0.6079309
26500	-1536.912	0	-1536.912	0.6642327
27000	-1596.738	0	-1596.738	0.6151546
27500	-1520.693	0	-1520.693	0.6922266
28000	-1574.362	0	-1574.362	0.5800998
28500	-1593.069	0	-1593.069	0.6221897
29000	-1568.107	0	-1568.107	0.5539023
29500	-1561.379	0	-1561.379	0.5561262
30000	-1555.988	0	-1555.988	0.4636256
30500	-1586.861	0	-1586.861	0.5243863
31000	-1541.078	0	-1541.078	0.6155528
31500	-1564.972	0	-1564.972	0.680269
32000	-1573.671	0	-1573.671	0.6135253
32500	-1578.188	0	-1578.188	0.5900505
33000	-1584.933	0	-1584.933	0.5349383
33500	-1647.742	0	-1647.742	0.5500561
34000	-1646.651	0	-1646.651	0.4396088
34500	-1615.477	0	-1615.477	0.3339321
35000	-1595.85	0	-1595.85	0.4354405
35500	-1594.776	0	-1594.776	0.4655986
36000	-1599.007	0	-1599.007	0.6526793
36500	-1562.7	0	-1562.7	0.6320433
37000	-1570.442	0	-1570.442	0.5644979
37500	-1583.729	0	-1583.729	0.6151258
38000	-1559.956	0	-1559.956	0.4508374
38500	-1540.706	0	-1540.706	0.5253046
39000	-1539.188	0	-1539.188	0.5548225
39500	-1504.775	0	-1504.775	0.7486082
40000	-1460.643	0	-1460.643	0.6418861
40500	-1572.402	0	-1572.402	0.5198192
41000	-1499.867	0	-1499.867	0.5940719
41500	-1554.459	0	-1554.459	0.509225
42000	-1564.081	0	-1564.081	0.6412161
42500	-1611.642	0	-1611.642	0.5517225
43000	-1559.631	0	-1559.631	0.554568
43500	-1546.896	0	-1546.896	0.5468892
44000	-1526.823	0	-1526.823	0.6017404
44500	-1585.789	0	-1585.789	0.6490855
45000	-1510.764	0	-1510.764	0.6760519
45500	-1552.8	0	-1552.8	0.6480562
46000	-1567.132	0	-1567.132	0.5989491
46500	-1482.78	0	-1482.78	0.7327928
47000	-1599.632	0	-1599.632	0.5640727
47500	-1596.586	0	-1596.586	0.5504275
48000	-1526.387	0	-1526.387	0.4823417
48500	-1525.308	0	-1525.308	0.5448042
49000	-1534.618	0	-1534.618	0.5506474
49500	-1569.467	0	-1569.467	0.635121
50000	-1556.234	0	-1556.234	0.5364611
50500	-1469.916	0	-1469.916	0.5163925
51000	-1534.29	0	-1534.29	0.51794
51500	-1504.114	0	-1504.114	0.5132567
52000	-1494.628	0	-1494.628	0.6169766
52500	-1423.75	0	-1423.75	0.582261
53000	-1422.352	0	-1422.352	0.709391
53500	-1437.871	0	-1437.871	0.5404156
54000	-1502.103	0	-1502.103	0.4849206
54500	-1542.058	0	-1542.058	0.5539178
55000	-1519.605	0	-1519.605	0.5023639
55500	-1447.67	0	-1447.67	0.6339989
56000	-1543.289	0	-1543.289	0.6096054
56500	-1538.08	0	-1538.08	0.5795748
57000	-1481.698	0	-1481.698	0.5805194
57500	-1452.419	0	-1452.419	0.6772899
58000	-1516.348	0	-1516.348	0.6637341
58500	-1464.428	0	-1464.428	0.6685943
59000	-1495.71	0	-1495.71	0.5946137
59500	-1498.938	0	-1498.938	0.6024492
60000	-1543.473	0	-1543.473	0.5171627
60500	-1552.617	0	-1552.617	0.5568825
61000	-1488.325	0	-1488.325	0.5080628
61500	-1533.475	0	-1533.475	0.7234307
62000	-1584.346	0	-1584.346	0.4609009
62500	-1651.285	0	-1651.285	0.271917
63000	-1591.337	0	-1591.337	0.4885414
63500	-1558.035	0	-1558.035	0.5559952
64000	-1597.553	0	-1597.553	0.6171341
64500	-1473.305	0	-1473.305	0.6184367
65000	-1482.464	0	-1482.464	0.6425186
65500	-1446.76	0	-1446.76	0.7261199
66000	-1465.381	0	-1465.381	0.5889561
66500	-1480.667	0	-1480.667	0.6282917
67000	-1529.438	0	-1529.438	0.6889062
67500	-1488.075	0	-1488.075	0.7361852
68000	-1564.566	0	-1564.566	0.5721876
68500	-1530.018	0	-1530.018	0.6367598
69000	-1541.108	0	-1541.108	0.7001619
69500	-1574.823	0	-1574.823	0.7060377
70000	-1598.121	0	-1598.121	0.5845429
70500	-1502.014	0	-1502.014	0.6497436
71000	-1518.647	0	-1518.647	0.6717673
71500	-1571.351	0	-1571.351	0.653232
72000	-1611.153	0	-1611.153	0.4277634
72500	-1635.57	0	-1635.57	0.5753099
73000	-1619.849	0	-1619.849	0.5220311
73500	-1610.561	0	-1610.561	0.5621771
74000	-1558.767	0	-1558.767	0.5819211
74500	-1591.135	0	-1591.135	0.6185304
75000	-1582.095	0	-1582.095	0.6178418
75500	-1563.908	0	-1563.908	0.6580709
76000	-1591.598	0	-1591.598	0.5486944
76500	-1612.722	0	-1612.722	0.6834366
77000	-1626.31	0	-1626.31	0.6251698
77500	-1643.625	0	-1643.625	0.6322137
78000	-1572.136	0	-1572.136	0.560686
78500	-1591.45	0	-1591.45	0.6589919
79000	-1582.214	0	-1582.214	0.6403141
79500	-1559.972	0	-1559.972	0.2704417
80000	-1559.02	0	-1559.02	0.465148
80500	-1602.434	0	-1602.434	0.6120376
81000	-1550.711	0	-1550.711	0.6732947
81500	-1597.551	0	-1597.551	0.5726583
82000	-1561.884	0	-1561.884	0.6533077
82500	-1516.635	0	-1516.635	0.6892244
83000	-1492.482	0	-1492.482	0.6918543
83500	-1561.476	0	-1561.476	0.6810067
84000	-1500.495	0	-1500.495	0.7429987
84500	-1398.064	0	-1398.064	0.7793546
85000	-1409.944	0	-1409.944	0.7749655
85500	-1488.504	0	-1488.504	0.7073967
86000	-1489.208	0	-1489.208	0.6590199
86500	-1446.507	0	-1446.507	0.7560028
87000	-1423.036	0	-1423.036	0.6780284
87500	-1398.791	0	-1398.791	0.7258148
88000	-1502.351	0	-1502.351	0.6804619
88500	-1522.44	0	-1522.44	0.7697792
89000	-1467.827	0	-1467.827	0.7439264
89500	-1499.5	0	-1499.5	0.6736016
90000	-1477.357	0	-1477.357	0.6729298
90500	-1497.482	0	-1497.482	0.5842767
91000	-1554.161	0	-1554.161	0.6088142
91500	-1542.283	0	-1542.283	0.6733885
92000	-1496.497	0	-1496.497	0.6934214
92500	-1458.557	0	-1458.557	0.751896
93000	-1487.952	0	-1487.952	0.769902
93500	-1505.687	0	-1505.687	0.6909835
94000	-1483.734	0	-1483.734	0.6703322
94500	-1503.545	0	-1503.545	0.5561612
95000	-1501.153	0	-1501.153	0.6402422
95500	-1561.039	0	-1561.039	0.5436436
96000	-1520.893	0	-1520.893	0.5237632
96500	-1514.003	0	-1514.003	0.5784968
97000	-1599.651	0	-1599.651	0.6238741
97500	-1624.69	0	-1624.69	0.5512509
98000	-1582.878	0	-1582.878	0.6039067
98500	-1605.536	0	-1605.536	0.5140215
99000	-1585.987	0	-1585.987	0.6595973
99500	-1582.154	0	-1582.154	0.6405006
100000	-1557.619	0	-1557.619	0.5480757
100500	-1584.827	0	-1584.827	0.6318829
101000	-1525.727	0	-1525.727	0.6822447
101500	-1513.413	0	-1513.413	0.7673929
102000	-1472.612	0	-1472.612	0.7398513
102500	-1476.373	0	-1476.373	0.7606246
103000	-1547.857	0	-1547.857	0.6876679
103500	-1529.621	0	-1529.621	0.5747697
104000	-1598.468	0	-1598.468	0.46095
104500	-1502.405	0	-1502.405	0.4824514
105000	-1462.005	0	-1462.005	0.6733016
105500	-1481.303	0	-1481.303	0.6555651
106000	-1421.423	0	-1421.423	0.7411003
106500	-1407.38	0	-1407.38	0.7241034
107000	-1398.534	0	-1398.534	0.7326037
107500	-1444.409	0	-1444.409	0.7503869
108000	-1393.127	0	-1393.127	0.748598
108500	-1509.526	0	-1509.526	0.6967063
109000	-1548.675	0	-1548.675	0.6378111
109500	-1505.081	0	-1505.081	0.7940442
110000	-1425.077	0	-1425.077	0.7460053
110500	-1550.273	0	-1550.273	0.6963897
111000	-1541.343	0	-1541.343	0.6417496
111500	-1558.843	0	-1558.843	0.7588424
112000	-1586.068	0	-1586.068	0.6338798
112500	-1546.372	0	-1546.372	0.6975207
113000	-1503.11	0	-1503.11	0.69022
113500	-1568.408	0	-1568.408	0.6170932
114000	-1481.407	0	-1481.407	0.7177472
114500	-1517.522	0	-1517.522	0.6363174
115000	-1535.29	0	-1535.29	0.5818164
115500	-1532.401	0	-1532.401	0.6638856
116000	-1451.216	0	-1451.216	0.730399
116500	-1463.953	0	-1463.953	0.761806
117000	-1560.455	0	-1560.455	0.6107544
117500	-1578.993	0	-1578.993	0.7196458
118000	-1495.957	0	-1495.957	0.707125
118500	-1438.05	0	-1438.05	0.8622585
119000	-1465.93	0	-1465.93	0.7947588
119500	-1527.139	0	-1527.139	0.6769371
120000	-1485.349	0	-1485.349	0.6463585
120500	-1501.912	0	-1501.912	0.6705243
121000	-1493.087	0	-1493.087	0.7692224
121500	-1421.324	0	-1421.324	0.7133346
122000	-1414.309	0	-1414.309	0.7178345
122500	-1497.125	0	-1497.125	0.7484423
123000	-1554.896	0	-1554.896	0.7560069
123500	-1485.575	0	-1485.575	0.8249417
124000	-1554.107	0	-1554.107	0.7211892
124500	-1548.131	0	-1548.131	0.7114
125000	-1512.675	0	-1512.675	0.7621207
125500	-1482.373	0	-1482.373	0.8007251
126000	-1548.01	0	-1548.01	0.6700385
126500	-1571.544	0	-1571.544	0.6679247
127000	-1554.398	0	-1554.398	0.6387873
127500	-1551.961	0	-1551.961	0.7028902
128000	-1554.542	0	-1554.542	0.6655879
128500	-1591.598	0	-1591.598	0.6282501
129000	-1559.032	0	-1559.032	0.6478664
129500	-1593.937	0	-1593.937	0.6413705
130000	-1608.297	0	-1608.297	0.5779454
130500	-1645.97	0	-1645.97	0.5197451
131000	-1603.65	0	-1603.65	0.6458578
131500	-1615.466	0	-1615.466	0.6173106
132000	-1565.89	0	-1565.89	0.7305002
132500	-1529.354	0	-1529.354	0.762301
133000	-1603.217	0	-1603.217	0.694604
133500	-1624.699	0	-1624.699	0.6167354
134000	-1624.347	0	-1624.347	0.6033328
134500	-1592.622	0	-1592.622	0.6155859
135000	-1556.978	0	-1556.978	0.4223649
135500	-1533.52	0	-1533.52	0.6018014
136000	-1584.693	0	-1584.693	0.7144098
136500	-1514.661	0	-1514.661	0.6797415
137000	-1521.26	0	-1521.26	0.6135644
137500	-1562.209	0	-1562.209	0.6404029
138000	-1542.259	0	-1542.259	0.6468042
138500	-1511.084	0	-1511.084	0.6261553
139000	-1517.473	0	-1517.473	0.6400917
139500	-1532.77	0	-1532.77	0.4895792
140000	-1559.573	0	-1559.573	0.6569617
140500	-1575.692	0	-1575.692	0.6492162
141000	-1501.965	0	-1501.965	0.5932701
141500	-1544.82	0	-1544.82	0.590847
142000	-1527.826	0	-1527.826	0.6716129
142500	-1511.361	0	-1511.361	0.6345956
143000	-1536.593	0	-1536.593	0.6435495
143500	-1538.373	0	-1538.373	0.6385989
144000	-1507.194	0	-1507.194	0.6791528
144500	-1540.988	0	-1540.988	0.6346675
145000	-1543.632	0	-1543.632	0.6710283
145500	-1492.345	0	-1492.345	0.6633955
146000	-1426.123	0	-1426.123	0.7005617
146500	-1518.416	0	-1518.416	0.6940126
147000	-1403.523	0	-1403.523	0.7143613
147500	-1341.267	0	-1341.267	0.7741333
148000	-1351.352	0	-1351.352	0.8044565
148500	-1330.085	0	-1330.085	0.7409637
149000	-1392.49	0	-1392.49	0.7654484
149500	-1472.011	0	-1472.011	0.5992823
150000	-1386.556	0	-1386.556	0.7213148
150500	-1375.273	0	-1375.273	0.7201524
151000	-1331.14	0	-1331.14	0.7898967
151500	-1374.881	0	-1374.881	0.791115
152000	-1422.941	0	-1422.941	0.7700514
152500	-1417.092	0	-1417.092	0.7234313
153000	-1420.75	0	-1420.75	0.7487768
153500	-1510.414	0	-1510.414	0.7601222
154000	-1518.636	0	-1518.636	0.6403115
154500	-1434.042	0	-1434.042	0.5465746
155000	-1534.174	0	-1534.174	0.6067845
155500	-1493.056	0	-1493.056	0.6661028
156000	-1462.638	0	-1462.638	0.7411311
156500	-1380.806	0	-1380.806	0.7825904
157000	-1434.5	0	-1434.5	0.5978385
157500	-1571.854	0	-1571.854	0.5524431
158000	-1583.122	0	-1583.122	0.6356248
158500	-1539.288	0	-1539.288	0.5188604
159000	-1549.768	0	-1549.768	0.5912742
159500	-1579.969	0	-1579.969	0.7281631
160000	-1558.83	0	-1558.83	0.702617
160500	-1550.534	0	-1550.534	0.6303061
161000	-1576.92	0	-1576.92	0.6250528
161500	-1612.745	0	-1612.745	0.6510383
162000	-1581.721	0	-1581.721	0.622052
162500	-1554.724	0	-1554.724	0.6704111
163000	-1554.291	0	-1554.291	0.6889921
163500	-1566.075	0	-1566.075	0.6820127
164000	-1525.514	0	-1525.514	0.7902357
164500	-1557.484	0	-1557.484	0.7259949
165000	-1556.098	0	-1556.098	0.7448428
165500	-1523.742	0	-1523.742	0.7342787
166000	-1551.095	0	-1551.095	0.6909475
166500	-1512.073	0	-1512.073	0.7513139
167000	-1497.22	0	-1497.22	0.7487727
167500	-1523.217	0	-1523.217	0.6872743
168000	-1557.762	0	-1557.762	0.5587381
168500	-1566.671	0	-1566.671	0.5637536
169000	-1500.734	0	-1500.734	0.6801079
169500	-1556.564	0	-1556.564	0.7513458
170000	-1603.605	0	-1603.605	0.6336789
170500	-1534.808	0	-1534.808	0.5943168
171000	-1475.437	0	-1475.437	0.6805492
171500	-1578.879	0	-1578.879	0.7082674
172000	-1625.306	0	-1625.306	0.6714664
172500	-1545.411	0	-1545.411	0.7928393
173000	-1548.13	0	-1548.13	0.6955824
173500	-1618.875	0	-1618.875	0.4615687
174000	-1499.596	0	-1499.596	0.563299
174500	-1562.269	0	-1562.269	0.6525784
175000	-1522.557	0	-1522.557	0.6719607
175500	-1513.236	0	-1513.236	0.6741496
176000	-1558.512	0	-1558.512	0.6781458
176500	-1538.929	0	-1538.929	0.7682785
177000	-1537.259	0	-1537.259	0.7696541
177500	-1487.309	0	-1487.309	0.7978756
178000	-1476.472	0	-1476.472	0.790281
178500	-1470.143	0	-1470.143	0.8206932
179000	-1457.976	0	-1457.976	0.8298539
179500	-1465.84	0	-1465.84	0.7733714
180000	-1497.984	0	-1497.984	0.7826902
180500	-1543.811	0	-1543.811	0.7965069
181000	-1535.874	0	-1535.874	0.7942147
181500	-1540.14	0	-1540.14	0.7399949
182000	-1508.735	0	-1508.735	0.7695684
182500	-1537.513	0	-1537.513	0.6914547
183000	-1425.236	0	-1425.236	0.7462749
183500	-1375.113	0	-1375.113	0.7869943
184000	-1405.347	0	-1405.347	0.7554267
184500	-1426.221	0	-1426.221	0.6543157
185000	-1509.98	0	-1509.98	0.4888506
185500	-1452.523	0	-1452.523	0.4905208
186000	-1394.714	0	-1394.714	0.5112541
186500	-1406.863	0	-1406.863	0.592258
187000	-1505.39	0	-1505.39	0.6363724
187500	-1492.933	0	-1492.933	0.6241311
188000	-1514.26	0	-1514.26	0.7115417
188500	-1498.848	0	-1498.848	0.6235974
189000	-1430.135	0	-1430.135	0.6036498
189500	-1516.118	0	-1516.118	0.6513918
190000	-1514.803	0	-1514.803	0.5961564
190500	-1571.475	0	-1571.475	0.583633
191000	-1561.111	0	-1561.111	0.7232335
191500	-1592.096	0	-1592.096	0.6035747
192000	-1510.999	0	-1510.999	0.7434257
192500	-1502.731	0	-1502.731	0.6401145
193000	-1513.768	0	-1513.768	0.6438371
193500	-1419.382	0	-1419.382	0.6858454
194000	-1415.576	0	-1415.576	0.7901665
194500	-1413.806	0	-1413.806	0.7714447
195000	-1315.162	0	-1315.162	0.7731026
195500	-1326.717	0	-1326.717	0.7610942
196000	-1353.165	0	-1353.165	0.699317
196500	-1469.817	0	-1469.817	0.7462574
197000	-1497.244	0	-1497.244	0.7133255
197500	-1501.646	0	-1501.646	0.6305355
198000	-1532.878	0	-1532.878	0.6770772
198500	-1558.972	0	-1558.972	0.6747684
199000	-1581.649	0	-1581.649	0.6395686
199500	-1505.175	0	-1505.175	0.7128918
200000	-1485.542	0	-1485.542	0.7179482
200500	-1556.409	0	-1556.409	0.5993278
201000	-1536.732	0	-1536.732	0.6519856
201500	-1506.362	0	-1506.362	0.7493526
202000	-1562.631	0	-1562.631	0.618295
202500	-1583.123	0	-1583.123	0.6103034
203000	-1593.806	0	-1593.806	0.5843581
203500	-1565.779	0	-1565.779	0.7008413
204000	-1627.28	0	-1627.28	0.6405449
204500	-1602.587	0	-1602.587	0.6318219
205000	-1518.363	0	-1518.363	0.7607684
205500	-1571.065	0	-1571.065	0.7673742
206000	-1570.704	0	-1570.704	0.7039254
206500	-1538.433	0	-1538.433	0.7170428
207000	-1552.134	0	-1552.134	0.7013384
207500	-1563.669	0	-1563.669	0.6675201
208000	-1516.62	0	-1516.62	0.7304525
208500	-1530.918	0	-1530.918	0.6282656
209000	-1463.456	0	-1463.456	0.7471897
209500	-1413.331	0	-1413.331	0.7591128
210000	-1347.447	0	-1347.447	0.7711576
210500	-1433.145	0	-1433.145	0.8413358
211000	-1493.399	0	-1493.399	0.7322346
211500	-1458.234	0	-1458.234	0.8185703
212000	-1417.314	0	-1417.314	0.7226224
212500	-1431.333	0	-1431.333	0.6822712
213000	-1463.545	0	-1463.545	0.7237568
213500	-1555.623	0	-1555.623	0.6809572
214000	-1503.549	0	-1503.549	0.6787891
214500	-1526.65	0	-1526.65	0.697804
215000	-1471.445	0	-1471.445	0.7692584
215500	-1454.577	0	-1454.577	0.7902581
216000	-1493.184	0	-1493.184	0.7489187
216500	-1472.969	0	-1472.969	0.7930567
217000	-1521.768	0	-1521.768	0.7607903
217500	-1473.198	0	-1473.198	0.8195224
218000	-1402.023	0	-1402.023	0.7663419
218500	-1454.649	0	-1454.649	0.7205765
219000	-1370.966	0	-1370.966	0.7551473
219500	-1530.926	0	-1530.926	0.7317837
220000	-1435.319	0	-1435.319	0.7892075
220500	-1450.435	0	-1450.435	0.824234
221000	-1412.683	0	-1412.683	0.8403336
221500	-1393.926	0	-1393.926	0.7602221
222000	-1435.621	0	-1435.621	0.7949567
222500	-1480.599	0	-1480.599	0.7547537
223000	-1321.893	0	-1321.893	0.8366788
223500	-1338.43	0	-1338.43	0.8615968
224000	-1373.811	0	-1373.811	0.8209435
224500	-1406.44	0	-1406.44	0.8450544
225000	-1493.416	0	-1493.416	0.7926488
225500	-1453.491	0	-1453.491	0.8090752
226000	-1435.369	0	-1435.369	0.8122828
226500	-1461.821	0	-1461.821	0.8481705
227000	-1415.252	0	-1415.252	0.8071822
227500	-1378.57	0	-1378.57	0.8248497
228000	-1451.552	0	-1451.552	0.808709
228500	-1388.278	0	-1388.278	0.8327869
229000	-1368.632	0	-1368.632	0.8378553
229500	-1373.334	0	-1373.334	0.8605911
230000	-1410.981	0	-1410.981	0.8347481
230500	-1514.514	0	-1514.514	0.746109
231000	-1530.573	0	-1530.573	0.7471084
231500	-1543.202	0	-1543.202	0.7672973
232000	-1568.892	0	-1568.892	0.6640744
232500	-1558.005	0	-1558.005	0.5614908
233000	-1518.313	0	-1518.313	0.7101355
233500	-1518.884	0	-1518.884	0.6351265
234000	-1559.058	0	-1559.058	0.60015
234500	-1561.389	0	-1561.389	0.632345
235000	-1404.137	0	-1404.137	0.7468765
235500	-1437.88	0	-1437.88	0.6016916
236000	-1453.474	0	-1453.474	0.7409372
236500	-1476.668	0	-1476.668	0.5851427
237000	-1484.973	0	-1484.973	0.5902527
237500	-1471.359	0	-1471.359	0.7172197
238000	-1452.269	0	-1452.269	0.7352962
238500	-1575.262	0	-1575.262	0.6672119
239000	-1541.988	0	-1541.988	0.6265296
239500	-1559.005	0	-1559.005	0.6199419
240000	-1526.747	0	-1526.747	0.6382334
240500	-1516.425	0	-1516.425	0.5999647
241000	-1478.991	0	-1478.991	0.7681626
241500	-1469.793	0	-1469.793	0.7398681
242000	-1408.609	0	-1408.609	0.7605232
242500	-1439.393	0	-1439.393	0.8046835
243000	-1456.109	0	-1456.109	0.7680113
243500	-1546.751	0	-1546.751	0.7056302
244000	-1493.291	0	-1493.291	0.6814263
244500	-1572.706	0	-1572.706	0.5719983
245000	-1497.646	0	-1497.646	0.6936004
245500	-1444.858	0	-1444.858	0.736312
246000	-1389.612	0	-1389.612	0.7480527
246500	-1494.984	0	-1494.984	0.6951459
247000	-1444.665	0	-1444.665	0.6183479
247500	-1486.804	0	-1486.804	0.7660413
248000	-1389.387	0	-1389.387	0.8055871
248500	-1511.46	0	-1511.46	0.6808892
249000	-1512.125	0	-1512.125	0.6726948
249500	-1459.919	0	-1459.919	0.7024465
250000	-1513.93	0	-1513.93	0.6945989
250500	-1492.597	0	-1492.597	0.7264409
251000	-1441.494	0	-1441.494	0.7696033
251500	-1451.905	0	-1451.905	0.7734477
252000	-1433.105	0	-1433.105	0.8173759
252500	-1452.538	0	-1452.538	0.6890859
253000	-1377.782	0	-1377.782	0.7832528
253500	-1429.663	0	-1429.663	0.8035964
254000	-1409.718	0	-1409.718	0.8606137
254500	-1527.149	0	-1527.149	0.8106302
255000	-1427.412	0	-1427.412	0.7271026
255500	-1448.017	0	-1448.017	0.7779939
256000	-1524.501	0	-1524.501	0.7588987
256500	-1513.488	0	-1513.488	0.7128084
257000	-1452.578	0	-1452.578	0.5609434
257500	-1413.501	0	-1413.501	0.679762
258000	-1320.168	0	-1320.168	0.7779088
258500	-1421.79	0	-1421.79	0.6698278
259000	-1519.228	0	-1519.228	0.7389461
259500	-1511.641	0	-1511.641	0.7437756
260000	-1488.003	0	-1488.003	0.7572919
260500	-1470.159	0	-1470.159	0.8204842
261000	-1437.012	0	-1437.012	0.7385204
261500	-1447.551	0	-1447.551	0.7682436
262000	-1487.255	0	-1487.255	0.6986332
262500	-1456.049	0	-1456.049	0.7983665
263000	-1422.93	0	-1422.93	0.7402088
263500	-1508.015	0	-1508.015	0.7427531
264000	-1473.71	0	-1473.71	0.7653654
264500	-1475.975	0	-1475.975	0.7865337
265000	-1451.124	0	-1451.124	0.8552555
265500	-1453.812	0	-1453.812	0.8129726
266000	-1487.694	0	-1487.694	0.8036014
266500	-1526.917	0	-1526.917	0.7551856
267000	-1520.108	0	-1520.108	0.764913
267500	-1525.524	0	-1525.524	0.7297062
268000	-1497.903	0	-1497.903	0.6431202
268500	-1569.476	0	-1569.476	0.5852657
269000	-1556.512	0	-1556.512	0.6397803
269500	-1535.923	0	-1535.923	0.6675432
270000	-1464.994	0	-1464.994	0.7137551
270500	-1544.213	0	-1544.213	0.6345317
271000	-1490.7	0	-1490.7	0.7998593
271500	-1510.231	0	-1510.231	0.6518021
272000	-1524.232	0	-1524.232	0.6865839
272500	-1492.236	0	-1492.236	0.7682386
273000	-1502.92	0	-1502.92	0.7567649
273500	-1538.882	0	-1538.882	0.6364109
274000	-1569.413	0	-1569.413	0.6775275
274500	-1534.52	0	-1534.52	0.6819396
275000	-1468.403	0	-1468.403	0.7463638
275500	-1448.96	0	-1448.96	0.799366
276000	-1425.97	0	-1425.97	0.8663047
276500	-1408.969	0	-1408.969	0.8263698
277000	-1417.56	0	-1417.56	0.8530596
277500	-1369.576	0	-1369.576	0.8727528
278000	-1369.128	0	-1369.128	0.8516277
278500	-1327.076	0	-1327.076	0.807791
279000	-1357.29	0	-1357.29	0.774547
279500	-1353.813	0	-1353.813	0.8257083
280000	-1377.032	0	-1377.032	0.8211519
280500	-1413.388	0	-1413.388	0.8059782
281000	-1467.839	0	-1467.839	0.7631878
281500	-1479.426	0	-1479.426	0.7149417
282000	-1540.06	0	-1540.06	0.7066817
282500	-1567.366	0	-1567.366	0.6090641
283000	-1545.075	0	-1545.075	0.6672907
283500	-1486.043	0	-1486.043	0.6878754
284000	-1400.053	0	-1400.053	0.758689
284500	-1569.702	0	-1569.702	0.6467219
285000	-1505.44	0	-1505.44	0.6827058
285500	-1358.185	0	-1358.185	0.8190786
286000	-1325.712	0	-1325.712	0.8594911
286500	-1366.014	0	-1366.014	0.8015261
287000	-1404.661	0	-1404.661	0.8189633
287500	-1386.581	0	-1386.581	0.8463218
288000	-1367.678	0	-1367.678	0.8481172
288500	-1422.015	0	-1422.015	0.8000518
289000	-1447.275	0	-1447.275	0.7360622
289500	-1457.368	0	-1457.368	0.7709788
290000	-1492.74	0	-1492.74	0.8077813
290500	-1488.987	0	-1488.987	0.7982247
291000	-1452.856	0	-1452.856	0.7770242
291500	-1515.554	0	-1515.554	0.844794
292000	-1414.128	0	-1414.128	0.899327
292500	-1386.885	0	-1386.885	0.8380151
293000	-1422.248	0	-1422.248	0.8383944
293500	-1398.724	0	-1398.724	0.8350424
294000	-1456.28	0	-1456.28	0.7886449
294500	-1476.662	0	-1476.662	0.8143301
295000	-1478.185	0	-1478.185	0.8077485
295500	-1530.932	0	-1530.932	0.7256615
296000	-1602.409	0	-1602.409	0.6520452
296500	-1539.468	0	-1539.468	0.7911813
297000	-1544.603	0	-1544.603	0.7380032
297500	-1600.107	0	-1600.107	0.6914742
298000	-1600.536	0	-1600.536	0.5486036
298500	-1576.386	0	-1576.386	0.5112021
299000	-1586.436	0	-1586.436	0.5451505
299500	-1547.437	0	-1547.437	0.677862
300000	-1503.979	0	-1503.979	0.7050869
300500	-1444.582	0	-1444.582	0.7573737
301000	-1469.348	0	-1469.348	0.7745652
301500	-1581.025	0	-1581.025	0.6535706
302000	-1571.534	0	-1571.534	0.7696186
302500	-1480.516	0	-1480.516	0.7646875
303000	-1494.494	0	-1494.494	0.7633204
303500	-1438.119	0	-1438.119	0.7642459
304000	-1525.313	0	-1525.313	0.7452939
304500	-1547.578	0	-1547.578	0.72577
305000	-1536.677	0	-1536.677	0.7286985
305500	-1604.358	0	-1604.358	0.7342028
306000	-1588.967	0	-1588.967	0.7597884
306500	-1494.663	0	-1494.663	0.7812246
307000	-1514.591	0	-1514.591	0.758614
307500	-1519.122	0	-1519.122	0.7786718
308000	-1486.697	0	-1486.697	0.7829935
308500	-1442.21	0	-1442.21	0.7447784
309000	-1463.537	0	-1463.537	0.7339599
309500	-1464.184	0	-1464.184	0.703133
310000	-1389.867	0	-1389.867	0.7720554
310500	-1547.32	0	-1547.32	0.6716985
311000	-1553.419	0	-1553.419	0.6815215
311500	-1528.991	0	-1528.991	0.6728513
312000	-1494.7	0	-1494.7	0.6947865
312500	-1532.559	0	-1532.559	0.6262369
313000	-1530.117	0	-1530.117	0.6855973
313500	-1454.754	0	-1454.754	0.7201856
314000	-1407.535	0	-1407.535	0.6646461
314500	-1546.429	0	-1546.429	0.7554165
315000	-1486.013	0	-1486.013	0.7207058
315500	-1527.72	0	-1527.72	0.5595507
316000	-1478.794	0	-1478.794	0.706917
316500	-1460.547	0	-1460.547	0.7060602
317000	-1441.44	0	-1441.44	0.7170728
317500	-1413.193	0	-1413.193	0.7458766
318000	-1460.386	0	-1460.386	0.7722419
318500	-1345.808	0	-1345.808	0.8185692
319000	-1353.67	0	-1353.67	0.8285757
319500	-1354.694	0	-1354.694	0.7882471
320000	-1361.267	0	-1361.267	0.8187914
320500	-1341.206	0	-1341.206	0.7840578
321000	-1401.964	0	-1401.964	0.7474355
321500	-1464.027	0	-1464.027	0.6629807
322000	-1513.223	0	-1513.223	0.6217081
322500	-1550.794	0	-1550.794	0.6823867
323000	-1558.932	0	-1558.932	0.6446032
323500	-1518.185	0	-1518.185	0.7818765
324000	-1483.582	0	-1483.582	0.7409383
324500	-1501.21	0	-1501.21	0.7650933
325000	-1535.241	0	-1535.241	0.7892063
325500	-1540.978	0	-1540.978	0.7681343
326000	-1502.571	0	-1502.571	0.799813
326500	-1447.395	0	-1447.395	0.8357613
327000	-1458.124	0	-1458.124	0.7993268
327500	-1416.145	0	-1416.145	0.7662372
328000	-1410.344	0	-1410.344	0.8134519
328500	-1363.268	0	-1363.268	0.8176951
329000	-1408.249	0	-1408.249	0.8114916
329500	-1472.539	0	-1472.539	0.7478937
330000	-1510.084	0	-1510.084	0.719023
330500	-1447.142	0	-1447.142	0.7859818
331000	-1457.024	0	-1457.024	0.7931444
331500	-1444.787	0	-1444.787	0.7654946
332000	-1451.374	0	-1451.374	0.7016181
332500	-1497.187	0	-1497.187	0.5844887
333000	-1465.206	0	-1465.206	0.5685653
333500	-1554.417	0	-1554.417	0.6315921
334000	-1407.558	0	-1407.558	0.7566641
334500	-1387.13	0	-1387.13	0.7644929
335000	-1421.521	0	-1421.521	0.7686575
335500	-1393.637	0	-1393.637	0.8198546
336000	-1340.368	0	-1340.368	0.8556217
336500	-1375.789	0	-1375.789	0.8294968
337000	-1442.369	0	-1442.369	0.8303679
337500	-1382.42	0	-1382.42	0.8093301
338000	-1405.891	0	-1405.891	0.8493273
338500	-1362.836	0	-1362.836	0.8721029
339000	-1344.028	0	-1344.028	0.8386053
339500	-1398.192	0	-1398.192	0.8472486
340000	-1435.979	0	-1435.979	0.8491959
340500	-1470.486	0	-1470.486	0.8101503
341000	-1433.944	0	-1433.944	0.8437711
341500	-1468.447	0	-1468.447	0.8245157
342000	-1438.655	0	-1438.655	0.8618511
342500	-1525.412	0	-1525.412	0.8183269
343000	-1482.654	0	-1482.654	0.8516402
343500	-1562.435	0	-1562.435	0.7636817
344000	-1538.567	0	-1538.567	0.7756615
344500	-1450.758	0	-1450.758	0.8843793
345000	-1415.968	0	-1415.968	0.885815
345500	-1470.231	0	-1470.231	0.8326321
346000	-1454.858	0	-1454.858	0.8619614
346500	-1511.884	0	-1511.884	0.7895423
347000	-1523.807	0	-1523.807	0.7030026
347500	-1488.422	0	-1488.422	0.8139611
348000	-1540.652	0	-1540.652	0.6751747
348500	-1530.062	0	-1530.062	0.7775133
349000	-1497.331	0	-1497.331	0.7005165
349500	-1525.81	0	-1525.81	0.7360259
350000	-1553.592	0	-1553.592	0.8119077
350500	-1520.56	0	-1520.56	0.7802976
351000	-1440.269	0	-1440.269	0.7082875
351500	-1593.515	0	-1593.515	0.5510938
352000	-1535.929	0	-1535.929	0.6707492
352500	-1581.752	0	-1581.752	0.6578233
353000	-1572.441	0	-1572.441	0.525859
353500	-1544.063	0	-1544.063	0.7012356
354000	-1548.043	0	-1548.043	0.6124968
354500	-1470.553	0	-1470.553	0.7706321
355000	-1430.774	0	-1430.774	0.7533663
355500	-1534.668	0	-1534.668	0.7018612
356000	-1465.561	0	-1465.561	0.6948729
356500	-1413.373	0	-1413.373	0.7694115
357000	-1324.626	0	-1324.626	0.8054608
357500	-1488.146	0	-1488.146	0.6956906
358000	-1387.1	0	-1387.1	0.679293
358500	-1320.112	0	-1320.112	0.7034714
359000	-1374.63	0	-1374.63	0.7457106
359500	-1383.703	0	-1383.703	0.7614688
360000	-1344.131	0	-1344.131	0.8242916
360500	-1321.011	0	-1321.011	0.8296235
361000	-1301.963	0	-1301.963	0.7902997
361500	-1368.298	0	-1368.298	0.7552407
362000	-1401.603	0	-1401.603	0.7576199
362500	-1297.363	0	-1297.363	0.736367
363000	-1365.367	0	-1365.367	0.6672775
363500	-1405.118	0	-1405.118	0.661999
364000	-1436.689	0	-1436.689	0.6411764
364500	-1518.164	0	-1518.164	0.6007875
365000	-1504.983	0	-1504.983	0.7182498
365500	-1566.494	0	-1566.494	0.7356506
366000	-1445.2	0	-1445.2	0.8565486
366500	-1543.296	0	-1543.296	0.7396771
367000	-1541.475	0	-1541.475	0.7840678
367500	-1553.925	0	-1553.925	0.6193898
368000	-1542.408	0	-1542.408	0.703785
368500	-1550.855	0	-1550.855	0.6921867
369000	-1591.035	0	-1591.035	0.5325421
369500	-1538.021	0	-1538.021	0.7144756
370000	-1520.758	0	-1520.758	0.7164381
370500	-1456.251	0	-1456.251	0.8449044
371000	-1565.729	0	-1565.729	0.7264416
371500	-1548.292	0	-1548.292	0.7559677
372000	-1490.726	0	-1490.726	0.8340518
372500	-1485.833	0	-1485.833	0.8370493
373000	-1456.462	0	-1456.462	0.7864682
373500	-1433.497	0	-1433.497	0.8265445
374000	-1501.462	0	-1501.462	0.6965217
374500	-1519.763	0	-1519.763	0.6420197
375000	-1541.915	0	-1541.915	0.5940328
375500	-1469.591	0	-1469.591	0.8035144
376000	-1497.978	0	-1497.978	0.7524269
376500	-1413.9	0	-1413.9	0.8255223
377000	-1472.705	0	-1472.705	0.7660036
377500	-1502.968	0	-1502.968	0.6758018
378000	-1549.863	0	-1549.863	0.5830341
378500	-1535.863	0	-1535.863	0.7087511
379000	-1541.906	0	-1541.906	0.6022966
379500	-1563.474	0	-1563.474	0.4780351
380000	-1510.86	0	-1510.86	0.6834992
380500	-1452.914	0	-1452.914	0.5275412
381000	-1472	0	-1472	0.6689067
381500	-1414.862	0	-1414.862	0.7071597
382000	-1556.312	0	-1556.312	0.5176875
382500	-1436.109	0	-1436.109	0.7312133
383000	-1433.434	0	-1433.434	0.76199
383500	-1406.381	0	-1406.381	0.6921482
384000	-1365.702	0	-1365.702	0.7711511
384500	-1342.809	0	-1342.809	0.754763
385000	-1351.872	0	-1351.872	0.820217
385500	-1398.171	0	-1398.171	0.8003989
386000	-1369.47	0	-1369.47	0.8112827
386500	-1453.44	0	-1453.44	0.8664301
387000	-1345.032	0	-1345.032	0.8639344
387500	-1360.387	0	-1360.387	0.8507133
388000	-1376.006	0	-1376.006	0.7899531
388500	-1414.808	0	-1414.808	0.8114326
389000	-1369.526	0	-1369.526	0.7867032
389500	-1396.794	0	-1396.794	0.7551372
390000	-1326.612	0	-1326.612	0.7996418
390500	-1356.035	0	-1356.035	0.8306982
391000	-1361.071	0	-1361.071	0.8103904
391500	-1421.561	0	-1421.561	0.7463019
392000	-1378.065	0	-1378.065	0.8130893
392500	-1395.475	0	-1395.475	0.8402522
393000	-1450.095	0	-1450.095	0.8082792
393500	-1314.573	0	-1314.573	0.796591
394000	-1340.858	0	-1340.858	0.7531882
394500	-1404.03	0	-1404.03	0.7337924
395000	-1337.365	0	-1337.365	0.689817
395500	-1433.436	0	-1433.436	0.7215222
396000	-1350.137	0	-1350.137	0.7515391
396500	-1417.055	0	-1417.055	0.7166222
397000	-1466.522	0	-1466.522	0.7519042
397500	-1425.642	0	-1425.642	0.663363
398000	-1504.958	0	-1504.958	0.5942713
398500	-1456.342	0	-1456.342	0.7993573
399000	-1497.636	0	-1497.636	0.7026032
399500	-1489.39	0	-1489.39	0.6741563
400000	-1489.143	0	-1489.143	0.7201842
400500	-1464.344	0	-1464.344	0.7947474
401000	-1394.29	0	-1394.29	0.8043045
401500	-1436.223	0	-1436.223	0.6759191
402000	-1412.41	0	-1412.41	0.6750542
402500	-1472.455	0	-1472.455	0.5878096
403000	-1483.522	0	-1483.522	0.6253959
403500	-1471.965	0	-1471.965	0.676775
404000	-1509.46	0	-1509.46	0.7236452
404500	-1527.253	0	-1527.253	0.5922142
405000	-1394.042	0	-1394.042	0.7934299
405500	-1520.153	0	-1520.153	0.7192578
406000	-1390.485	0	-1390.485	0.81329
406500	-1518.505	0	-1518.505	0.5624748
407000	-1492.706	0	-1492.706	0.7702585
407500	-1494.135	0	-1494.135	0.7945757
408000	-1513.763	0	-1513.763	0.7522112
408500	-1534.423	0	-1534.423	0.7490685
409000	-1531.894	0	-1531.894	0.6758618
409500	-1446.788	0	-1446.788	0.7870142
410000	-1501.235	0	-1501.235	0.7320288
410500	-1479.863	0	-1479.863	0.6785104
411000	-1458.158	0	-1458.158	0.7593041
411500	-1419.123	0	-1419.123	0.7464791
412000	-1502.834	0	-1502.834	0.6743445
412500	-1438.704	0	-1438.704	0.6631587
413000	-1398.991	0	-1398.991	0.7769853
413500	-1398.968	0	-1398.968	0.7987401
414000	-1359.813	0	-1359.813	0.8315791
414500	-1341.552	0	-1341.552	0.8278942
415000	-1393.858	0	-1393.858	0.8432683
415500	-1483.37	0	-1483.37	0.7533585
416000	-1487.297	0	-1487.297	0.7681816
416500	-1512.363	0	-1512.363	0.7396748
417000	-1427.463	0	-1427.463	0.7647568
417500	-1482.504	0	-1482.504	0.6817953
418000	-1479.271	0	-1479.271	0.6944314
418500	-1492.854	0	-1492.854	0.6748895
419000	-1460.754	0	-1460.754	0.7265871
419500	-1390.648	0	-1390.648	0.7608751
420000	-1406.655	0	-1406.655	0.7924653
420500	-1458.199	0	-1458.199	0.6759077
421000	-1415.621	0	-1415.621	0.7452363
421500	-1432.764	0	-1432.764	0.7060464
422000	-1458.174	0	-1458.174	0.7131984
422500	-1526.632	0	-1526.632	0.6725714
423000	-1504.369	0	-1504.369	0.7665472
423500	-1468.027	0	-1468.027	0.741535
424000	-1481.588	0	-1481.588	0.8055579
424500	-1439.906	0	-1439.906	0.7723293
425000	-1412.957	0	-1412.957	0.7513932
425500	-1415.2	0	-1415.2	0.7004412
426000	-1530.357	0	-1530.357	0.6775374
426500	-1470.076	0	-1470.076	0.703385
427000	-1523.683	0	-1523.683	0.7952826
427500	-1497.1	0	-1497.1	0.8326596
428000	-1393.448	0	-1393.448	0.8933938
428500	-1426.543	0	-1426.543	0.8189986
429000	-1415.107	0	-1415.107	0.8215319
429500	-1351.644	0	-1351.644	0.8317844
430000	-1454.7	0	-1454.7	0.7562661
430500	-1438.438	0	-1438.438	0.7936493
431000	-1383.493	0	-1383.493	0.8097679
431500	-1371.709	0	-1371.709	0.8418544
432000	-1391.26	0	-1391.26	0.8540614
432500	-1349.432	0	-1349.432	0.8288579
433000	-1395.416	0	-1395.416	0.8256876
433500	-1436.02	0	-1436.02	0.8340131
434000	-1468.052	0	-1468.052	0.7720959
434500	-1498.264	0	-1498.264	0.5635855
435000	-1457.821	0	-1457.821	0.6752313
435500	-1390.102	0	-1390.102	0.681035
436000	-1454.707	0	-1454.707	0.6753422
436500	-1482.837	0	-1482.837	0.7435858
437000	-1454.281	0	-1454.281	0.7756251
437500	-1397.003	0	-1397.003	0.7493537
438000	-1437.791	0	-1437.791	0.701998
438500	-1480.05	0	-1480.05	0.7355871
439000	-1527.555	0	-1527.555	0.6428097
439500	-1578.228	0	-1578.228	0.4126299
440000	-1566.078	0	-1566.078	0.5855173
440500	-1514.764	0	-1514.764	0.6618558
441000	-1426.519	0	-1426.519	0.5960708
441500	-1502.68	0	-1502.68	0.5976065
442000	-1441.77	0	-1441.77	0.6977882
442500	-1447.806	0	-1447.806	0.8025296
443000	-1447.202	0	-1447.202	0.677671
443500	-1449.504	0	-1449.504	0.7693103
444000	-1451.443	0	-1451.443	0.6264228
444500	-1417.284	0	-1417.284	0.7533444
445000	-1480.031	0	-1480.031	0.7556964
445500	-1561.673	0	-1561.673	0.6446774
446000	-1440.923	0	-1440.923	0.7458212
446500	-1505.832	0	-1505.832	0.6892607
447000	-1470.081	0	-1470.081	0.783796
447500	-1377.713	0	-1377.713	0.7686359
448000	-1451.836	0	-1451.836	0.6323356
448500	-1463.308	0	-1463.308	0.673216
449000	-1337.905	0	-1337.905	0.7845123
449500	-1365.325	0	-1365.325	0.6123961
450000	-1443.82	0	-1443.82	0.6269843
450500	-1416.138	0	-1416.138	0.650075
451000	-1441.537	0	-1441.537	0.6383778
451500	-1472.019	0	-1472.019	0.5659069
452000	-1447.475	0	-1447.475	0.6999855
452500	-1530.285	0	-1530.285	0.7079761
453000	-1448.446	0	-1448.446	0.7250934
453500	-1529.112	0	-1529.112	0.6123901
454000	-1563.173	0	-1563.173	0.5615534
454500	-1570.964	0	-1570.964	0.4792742
455000	-1553.415	0	-1553.415	0.5666
455500	-1592.315	0	-1592.315	0.4984739
456000	-1603.119	0	-1603.119	0.5829452
456500	-1435.679	0	-1435.679	0.7277401
457000	-1468.818	0	-1468.818	0.7995716
457500	-1526.179	0	-1526.179	0.686223
458000	-1484.037	0	-1484.037	0.7397113
458500	-1482.435	0	-1482.435	0.7709508
459000	-1432.805	0	-1432.805	0.7965457
459500	-1426.473	0	-1426.473	0.806436
460000	-1399.453	0	-1399.453	0.6993842
460500	-1476.586	0	-1476.586	0.6377705
461000	-1432.567	0	-1432.567	0.6369381
461500	-1457.82	0	-1457.82	0.6030336
462000	-1432.695	0	-1432.695	0.6682244
462500	-1445.509	0	-1445.509	0.7105137
463000	-1402.567	0	-1402.567	0.7578865
463500	-1496.634	0	-1496.634	0.6071504
464000	-1529.004	0	-1529.004	0.5203188
464500	-1521.078	0	-1521.078	0.7634196
465000	-1492.103	0	-1492.103	0.6516211
465500	-1437.304	0	-1437.304	0.7296241
466000	-1402.313	0	-1402.313	0.734241
466500	-1410.266	0	-1410.266	0.7180917
467000	-1498.384	0	-1498.384	0.6853403
467500	-1521.025	0	-1521.025	0.6090369
468000	-1346.994	0	-1346.994	0.6355353
468500	-1424.23	0	-1424.23	0.535708
469000	-1460.615	0	-1460.615	0.6285597
469500	-1475.71	0	-1475.71	0.6250554
470000	-1469.994	0	-1469.994	0.6872913
470500	-1476.831	0	-1476.831	0.6071692
471000	-1492.915	0	-1492.915	0.6941748
471500	-1560.079	0	-1560.079	0.5929144
472000	-1525.024	0	-1525.024	0.6242766
472500	-1547.311	0	-1547.311	0.6320579
473000	-1540.715	0	-1540.715	0.6936856
473500	-1478.414	0	-1478.414	0.602789
474000	-1456.037	0	-1456.037	0.6597259
474500	-1430.65	0	-1430.65	0.6937523
475000	-1395.138	0	-1395.138	0.7362524
475500	-1364.443	0	-1364.443	0.7580128
476000	-1361.422	0	-1361.422	0.8055272
476500	-1479.874	0	-1479.874	0.7955948
477000	-1454.885	0	-1454.885	0.7727087
477500	-1442.089	0	-1442.089	0.7672129
478000	-1356.75	0	-1356.75	0.7436055
478500	-1471.096	0	-1471.096	0.7489071
479000	-1451.554	0	-1451.554	0.7011978
479500	-1491.506	0	-1491.506	0.6579793
480000	-1466.824	0	-1466.824	0.5841873
480500	-1415.791	0	-1415.791	0.6611555
481000	-1508.145	0	-1508.145	0.6972146
481500	-1454.988	0	-1454.988	0.7536649
482000	-1521.037	0	-1521.037	0.6924335
482500	-1470.463	0	-1470.463	0.6415488
483000	-1530.748	0	-1530.748	0.4924038
483500	-1516.838	0	-1516.838	0.6819295
484000	-1534.063	0	-1534.063	0.5140566
484500	-1515.534	0	-1515.534	0.7089639
485000	-1542.409	0	-1542.409	0.771468
485500	-1542.998	0	-1542.998	0.7399758
486000	-1458.337	0	-1458.337	0.71096
486500	-1562.02	0	-1562.02	0.5403511
487000	-1507.386	0	-1507.386	0.7313801
487500	-1535.18	0	-1535.18	0.6569406
488000	-1444.379	0	-1444.379	0.7074795
488500	-1472.706	0	-1472.706	0.6837147
489000	-1440.486	0	-1440.486	0.5419159
489500	-1460.15	0	-1460.15	0.5842068
490000	-1439.931	0	-1439.931	0.6663594
490500	-1418.691	0	-1418.691	0.608948
491000	-1547.656	0	-1547.656	0.6045879
491500	-1524.149	0	-1524.149	0.5769734
492000	-1498.827	0	-1498.827	0.6637927
492500	-1500.775	0	-1500.775	0.7001748
493000	-1475.38	0	-1475.38	0.7483739
493500	-1488.084	0	-1488.084	0.566651
494000	-1524.639	0	-1524.639	0.7090703
494500	-1519.298	0	-1519.298	0.6663287
495000	-1562.883	0	-1562.883	0.5602199
495500	-1562.187	0	-1562.187	0.4595754
496000	-1527.62	0	-1527.62	0.4798688
496500	-1429.692	0	-1429.692	0.6194567
497000	-1547.92	0	-1547.92	0.4242203
497500	-1488.934	0	-1488.934	0.6645223
498000	-1555.744	0	-1555.744	0.5304041
498500	-1420.76	0	-1420.76	0.6387351
499000	-1434.568	0	-1434.568	0.7375846
499500	-1360.115	0	-1360.115	0.7731931
500000	-1502.294	0	-1502.294	0.6767071
500500	-1366.089	0	-1366.089	0.7874831
501000	-1409.833	0	-1409.833	0.711317
501500	-1472.861	0	-1472.861	0.6490174
502000	-1472.935	0	-1472.935	0.5180644
502500	-1504.132	0	-1504.132	0.6209285
503000	-1406.156	0	-1406.156	0.8010857
503500	-1474.978	0	-1474.978	0.7154884
504000	-1402.348	0	-1402.348	0.6192983
504500	-1420.381	0	-1420.381	0.6154223
505000	-1466.329	0	-1466.329	0.5178679
505500	-1571.564	0	-1571.564	0.453819
506000	-1490.806	0	-1490.806	0.6285508
506500	-1508.117	0	-1508.117	0.6816735
507000	-1500.637	0	-1500.637	0.6355873
507500	-1499.761	0	-1499.761	0.6017465
508000	-1458.377	0	-1458.377	0.7523237
508500	-1489.71	0	-1489.71	0.648837
509000	-1443.649	0	-1443.649	0.8016593
509500	-1453.837	0	-1453.837	0.8246147
510000	-1492.158	0	-1492.158	0.6597551
510500	-1515.585	0	-1515.585	0.6473361
511000	-1526.135	0	-1526.135	0.5484556
511500	-1442.801	0	-1442.801	0.699414
512000	-1499.382	0	-1499.382	0.6065118
512500	-1500.182	0	-1500.182	0.7794412
513000	-1542.371	0	-1542.371	0.661799
513500	-1522.448	0	-1522.448	0.7022335
514000	-1447.442	0	-1447.442	0.6755745
514500	-1423.474	0	-1423.474	0.7189239
515000	-1505.594	0	-1505.594	0.5341811
515500	-1463.995	0	-1463.995	0.6423158
516000	-1432.517	0	-1432.517	0.8015547
516500	-1404.688	0	-1404.688	0.6843463
517000	-1413.494	0	-1413.494	0.7397718
517500	-1423.213	0	-1423.213	0.6875282
518000	-1486.957	0	-1486.957	0.6205497
518500	-1484.49	0	-1484.49	0.7252556
519000	-1442.055	0	-1442.055	0.7757654
519500	-1416.228	0	-1416.228	0.8547554
520000	-1408.596	0	-1408.596	0.7647743
520500	-1410.365	0	-1410.365	0.7464375
521000	-1432.245	0	-1432.245	0.7301047
521500	-1450.242	0	-1450.242	0.7454881
522000	-1439.685	0	-1439.685	0.6972569
522500	-1435.256	0	-1435.256	0.783182
523000	-1464.514	0	-1464.514	0.718315
523500	-1427.856	0	-1427.856	0.6821183
524000	-1415.059	0	-1415.059	0.666213
524500	-1451.22	0	-1451.22	0.699461
525000	-1415.06	0	-1415.06	0.7903809
525500	-1511.692	0	-1511.692	0.6448129
526000	-1547.012	0	-1547.012	0.4426725
526500	-1467.39	0	-1467.39	0.7072794
527000	-1517.012	0	-1517.012	0.6498316
527500	-1370.247	0	-1370.247	0.8652249
528000	-1496.057	0	-1496.057	0.7590105
528500	-1558.744	0	-1558.744	0.6492809
529000	-1525.101	0	-1525.101	0.7077009
529500	-1543.285	0	-1543.285	0.6144137
530000	-1506.764	0	-1506.764	0.6107854
530500	-1558.194	0	-1558.194	0.6738617
531000	-1559.88	0	-1559.88	0.5382091
531500	-1576.661	0	-1576.661	0.5542047
532000	-1522.779	0	-1522.779	0.7780825
532500	-1455.94	0	-1455.94	0.7241926
533000	-1478.647	0	-1478.647	0.7781907
533500	-1501.499	0	-1501.499	0.7432726
534000	-1432.248	0	-1432.248	0.7834069
534500	-1438.507	0	-1438.507	0.6929363
535000	-1416	0	-1416	0.746835
535500	-1421.819	0	-1421.819	0.7649461
536000	-1507.791	0	-1507.791	0.7418545
536500	-1438.397	0	-1438.397	0.8100685
537000	-1497.018	0	-1497.018	0.767696
537500	-1442.156	0	-1442.156	0.7723086
538000	-1444.736	0	-1444.736	0.8174
538500	-1402.441	0	-1402.441	0.7951212
539000	-1441.4	0	-1441.4	0.8167417
539500	-1478.351	0	-1478.351	0.7516917
540000	-1491.763	0	-1491.763	0.7664546
540500	-1457.134	0	-1457.134	0.8294272
541000	-1439.147	0	-1439.147	0.7581117
541500	-1519.695	0	-1519.695	0.6867807
542000	-1445.804	0	-1445.804	0.729884
542500	-1415.305	0	-1415.305	0.7522612
543000	-1512.565	0	-1512.565	0.6735003
543500	-1543.893	0	-1543.893	0.6321949
544000	-1561.331	0	-1561.331	0.5251401
544500	-1450.683	0	-1450.683	0.6974208
545000	-1422.696	0	-1422.696	0.8454841
545500	-1357.17	0	-1357.17	0.8800988
546000	-1282.966	0	-1282.966	0.8998589
546500	-1253.433	0	-1253.433	0.8827265
547000	-1265.996	0	-1265.996	0.8475436
547500	-1366.909	0	-1366.909	0.7988017
548000	-1412.488	0	-1412.488	0.8323804
548500	-1390.488	0	-1390.488	0.8595711
549000	-1303.12	0	-1303.12	0.8518059
549500	-1232.618	0	-1232.618	0.8342197
550000	-1297.678	0	-1297.678	0.8256873
550500	-1311.7	0	-1311.7	0.7894388
551000	-1220.965	0	-1220.965	0.8112946
551500	-1271.303	0	-1271.303	0.8395929
552000	-1288.385	0	-1288.385	0.8200194
552500	-1300.52	0	-1300.52	0.8948691
553000	-1232.813	0	-1232.813	0.9171033
553500	-1258.903	0	-1258.903	0.916394
554000	-1365.284	0	-1365.284	0.7349753
554500	-1380.449	0	-1380.449	0.6876033
555000	-1360.146	0	-1360.146	0.769979
555500	-1335.206	0	-1335.206	0.808061
556000	-1477.184	0	-1477.184	0.591985
556500	-1509.407	0	-1509.407	0.5644324
557000	-1523.705	0	-1523.705	0.4167932
557500	-1500.475	0	-1500.475	0.6000401
558000	-1434.946	0	-1434.946	0.7484881
558500	-1454.411	0	-1454.411	0.8068943
559000	-1411.9	0	-1411.9	0.7955734
559500	-1461.72	0	-1461.72	0.778416
560000	-1472.942	0	-1472.942	0.8145866
560500	-1306.737	0	-1306.737	0.8344782
561000	-1394.501	0	-1394.501	0.8358036
561500	-1348.047	0	-1348.047	0.811673
562000	-1393.613	0	-1393.613	0.8401176
562500	-1371.779	0	-1371.779	0.8161072
563000	-1309.317	0	-1309.317	0.800388
563500	-1324.723	0	-1324.723	0.7496858
564000	-1359.657	0	-1359.657	0.7279574
564500	-1355.245	0	-1355.245	0.7751999
565000	-1410.768	0	-1410.768	0.790291
565500	-1429.56	0	-1429.56	0.7531636
566000	-1473.581	0	-1473.581	0.7074568
566500	-1491.847	0	-1491.847	0.5916696
567000	-1446.799	0	-1446.799	0.7396004
567500	-1453.541	0	-1453.541	0.6971666
568000	-1415.052	0	-1415.052	0.6778985
568500	-1387.667	0	-1387.667	0.6948567
569000	-1460.246	0	-1460.246	0.7229814
569500	-1479.21	0	-1479.21	0.6832346
570000	-1435.012	0	-1435.012	0.6253798
570500	-1487.922	0	-1487.922	0.6119396
571000	-1402.492	0	-1402.492	0.6936905
571500	-1403.718	0	-1403.718	0.6946586
572000	-1382.1	0	-1382.1	0.6355623
572500	-1404.602	0	-1404.602	0.6651907
573000	-1420.31	0	-1420.31	0.6682616
573500	-1415.983	0	-1415.983	0.7141848
574000	-1498.686	0	-1498.686	0.7267263
574500	-1481.813	0	-1481.813	0.6910432
575000	-1418.434	0	-1418.434	0.7069417
575500	-1428.562	0	-1428.562	0.714622
576000	-1394.473	0	-1394.473	0.7919372
576500	-1332.969	0	-1332.969	0.7887378
577000	-1429.384	0	-1429.384	0.8292842
577500	-1376.281	0	-1376.281	0.8044252
578000	-1375.6	0	-1375.6	0.8007326
578500	-1420.776	0	-1420.776	0.7969608
579000	-1416.022	0	-1416.022	0.7429139
579500	-1427.331	0	-1427.331	0.5845008
580000	-1410.823	0	-1410.823	0.7333024
580500	-1398.991	0	-1398.991	0.776918
581000	-1393.732	0	-1393.732	0.6545503
581500	-1402.996	0	-1402.996	0.6782878
582000	-1454.088	0	-1454.088	0.6445402
582500	-1383.371	0	-1383.371	0.5465459
583000	-1340.736	0	-1340.736	0.5065845
583500	-1466.592	0	-1466.592	0.5015978
584000	-1488.219	0	-1488.219	0.6093369
584500	-1458.528	0	-1458.528	0.6354417
585000	-1390.605	0	-1390.605	0.7733285
585500	-1360.768	0	-1360.768	0.7893676
586000	-1426.45	0	-1426.45	0.7661332
586500	-1452.489	0	-1452.489	0.6085645
587000	-1425.255	0	-1425.255	0.7544993
587500	-1554.271	0	-1554.271	0.6026423
588000	-1459.168	0	-1459.168	0.6391515
588500	-1402.149	0	-1402.149	0.6362098
589000	-1462.298	0	-1462.298	0.5943395
589500	-1420.697	0	-1420.697	0.6307682
590000	-1404.112	0	-1404.112	0.4731873
590500	-1394.559	0	-1394.559	0.6289679
591000	-1326.97	0	-1326.97	0.5203296
591500	-1358.083	0	-1358.083	0.533421
592000	-1350.08	0	-1350.08	0.57173
592500	-1315.719	0	-1315.719	0.6106164
593000	-1345.496	0	-1345.496	0.6006298
593500	-1412.167	0	-1412.167	0.4613782
594000	-1435.778	0	-1435.778	0.2892774
594500	-1422.794	0	-1422.794	0.5910268
595000	-1507.03	0	-1507.03	0.6654696
595500	-1424.536	0	-1424.536	0.6436049
596000	-1402.804	0	-1402.804	0.5901933
596500	-1454.754	0	-1454.754	0.4564379
597000	-1352.078	0	-1352.078	0.5755672
597500	-1362.706	0	-1362.706	0.6271592
598000	-1448.051	0	-1448.051	0.5814748
598500	-1405.452	0	-1405.452	0.7688832
599000	-1410.13	0	-1410.13	0.6882895
599500	-1314.734	0	-1314.734	0.744707
600000	-1322.551	0	-1322.551	0.6930311
600500	-1367.27	0	-1367.27	0.811507
601000	-1313.573	0	-1313.573	0.812964
601500	-1241.786	0	-1241.786	0.8661347
602000	-1330.215	0	-1330.215	0.8395692
602500	-1312.043	0	-1312.043	0.8289361
603000	-1336.94	0	-1336.94	0.7163937
603500	-1384.141	0	-1384.141	0.8264834
604000	-1449.537	0	-1449.537	0.8205971
604500	-1405.309	0	-1405.309	0.8409847
605000	-1388.13	0	-1388.13	0.8178803
605500	-1403.022	0	-1403.022	0.7731572
606000	-1386.269	0	-1386.269	0.8587004
606500	-1426.087	0	-1426.087	0.8267112
607000	-1414.595	0	-1414.595	0.8339146
607500	-1423.863	0	-1423.863	0.8461917
608000	-1421.551	0	-1421.551	0.7311577
608500	-1457.375	0	-1457.375	0.7975788
609000	-1364.049	0	-1364.049	0.8054589
609500	-1424.274	0	-1424.274	0.7505398
610000	-1449.623	0	-1449.623	0.7143409
610500	-1565.493	0	-1565.493	0.5789448
611000	-1578.994	0	-1578.994	0.5236245
611500	-1606.168	0	-1606.168	0.5641096
612000	-1521.735	0	-1521.735	0.5965951
612500	-1499.449	0	-1499.449	0.7548078
613000	-1443.513	0	-1443.513	0.7806502
613500	-1483.498	0	-1483.498	0.7566205
614000	-1476.689	0	-1476.689	0.6658181
614500	-1419.153	0	-1419.153	0.7441493
615000	-1391.964	0	-1391.964	0.8518211
615500	-1433.367	0	-1433.367	0.7790904
616000	-1448.42	0	-1448.42	0.7521871
616500	-1464.433	0	-1464.433	0.7086693
617000	-1466.706	0	-1466.706	0.7485334
617500	-1450.955	0	-1450.955	0.6874866
618000	-1433.455	0	-1433.455	0.741144
618500	-1418.132	0	-1418.132	0.7865794
619000	-1493.082	0	-1493.082	0.6841823
619500	-1501.235	0	-1501.235	0.7566428
620000	-1496.316	0	-1496.316	0.8057658
620500	-1392.685	0	-1392.685	0.8693802
621000	-1398.836	0	-1398.836	0.8423053
621500	-1400.687	0	-1400.687	0.8364996
622000	-1292.393	0	-1292.393	0.9203729
622500	-1290.188	0	-1290.188	0.8931338
623000	-1228.91	0	-1228.91	0.952313
623500	-1315.639	0	-1315.639	0.9156643
624000	-1304.356	0	-1304.356	0.9155204
624500	-1350.693	0	-1350.693	0.9047104
625000	-1336.332	0	-1336.332	0.902733
625500	-1387.87	0	-1387.87	0.8936345
626000	-1335.171	0	-1335.171	0.8441895
626500	-1377.467	0	-1377.467	0.8310711
627000	-1390.014	0	-1390.014	0.8648102
627500	-1293.84	0	-1293.84	0.8928473
628000	-1333.147	0	-1333.147	0.8912405
628500	-1305.877	0	-1305.877	0.8309559
629000	-1428.296	0	-1428.296	0.7993737
629500	-1406.717	0	-1406.717	0.7600144
630000	-1385.382	0	-1385.382	0.8213153
630500	-1454.633	0	-1454.633	0.8039046
631000	-1478.982	0	-1478.982	0.7789344
631500	-1404.215	0	-1404.215	0.8606058
632000	-1445.691	0	-1445.691	0.794935
632500	-1431.189	0	-1431.189	0.8682605
633000	-1481.661	0	-1481.661	0.804233
633500	-1470.4	0	-1470.4	0.8045315
634000	-1379.025	0	-1379.025	0.8254125
634500	-1370.589	0	-1370.589	0.7893721
635000	-1350.96	0	-1350.96	0.8519314
635500	-1452.074	0	-1452.074	0.7888726
636000	-1502.384	0	-1502.384	0.8363818
636500	-1489.288	0	-1489.288	0.7966345
637000	-1403.563	0	-1403.563	0.8327546
637500	-1408.976	0	-1408.976	0.8209986
638000	-1260.3	0	-1260.3	0.8544128
638500	-1375	0	-1375	0.8232463
639000	-1361.983	0	-1361.983	0.8438158
639500	-1388.05	0	-1388.05	0.7438769
640000	-1332.016	0	-1332.016	0.6966518
640500	-1407.764	0	-1407.764	0.6555784
641000	-1369.203	0	-1369.203	0.8005588
641500	-1388.869	0	-1388.869	0.7101294
642000	-1294.053	0	-1294.053	0.6986498
642500	-1325.769	0	-1325.769	0.6358982
643000	-1374.187	0	-1374.187	0.611492
643500	-1388.728	0	-1388.728	0.6225779
644000	-1430.288	0	-1430.288	0.7530985
644500	-1424.839	0	-1424.839	0.7519971
645000	-1380.771	0	-1380.771	0.7301967
645500	-1286.626	0	-1286.626	0.767573
646000	-1372.762	0	-1372.762	0.7943342
646500	-1413.231	0	-1413.231	0.7887613
647000	-1422.026	0	-1422.026	0.7840988
647500	-1459.961	0	-1459.961	0.7907765
648000	-1515.559	0	-1515.559	0.7789962
648500	-1477.828	0	-1477.828	0.7877791
649000	-1403.084	0	-1403.084	0.8571626
649500	-1514.195	0	-1514.195	0.7547946
650000	-1405.082	0	-1405.082	0.840591
650500	-1325.15	0	-1325.15	0.8937525
651000	-1267.152	0	-1267.152	0.9041317
651500	-1362.965	0	-1362.965	0.8728863
652000	-1304.878	0	-1304.878	0.8731903
652500	-1276.825	0	-1276.825	0.912026
653000	-1373.521	0	-1373.521	0.849515
653500	-1260.59	0	-1260.59	0.8980598
654000	-1337.144	0	-1337.144	0.8698543
654500	-1294.095	0	-1294.095	0.8991554
655000	-1327.713	0	-1327.713	0.8845718
655500	-1427.734	0	-1427.734	0.6839018
656000	-1333.164	0	-1333.164	0.7952322
656500	-1300.001	0	-1300.001	0.8345434
657000	-1289.031	0	-1289.031	0.7885729
657500	-1348.562	0	-1348.562	0.823574
658000	-1350.7	0	-1350.7	0.7486248
658500	-1290.104	0	-1290.104	0.8372774
659000	-1358.533	0	-1358.533	0.7225796
659500	-1383.459	0	-1383.459	0.7464324
660000	-1441.359	0	-1441.359	0.7597329
660500	-1425.736	0	-1425.736	0.7544238
661000	-1372.751	0	-1372.751	0.7378961
661500	-1366.502	0	-1366.502	0.7759801
662000	-1413.35	0	-1413.35	0.8155435
662500	-1434.287	0	-1434.287	0.8581232
663000	-1416.12	0	-1416.12	0.8028161
663500	-1446.968	0	-1446.968	0.8025243
664000	-1368.367	0	-1368.367	0.8060889
664500	-1400.962	0	-1400.962	0.7578376
665000	-1444.623	0	-1444.623	0.6320896
665500	-1431.558	0	-1431.558	0.6650706
666000	-1423.454	0	-1423.454	0.6840602
666500	-1414.742	0	-1414.742	0.6896965
667000	-1383.786	0	-1383.786	0.6621471
667500	-1427.757	0	-1427.757	0.6882926
668000	-1518.604	0	-1518.604	0.6364604
668500	-1493.506	0	-1493.506	0.6798971
669000	-1504.485	0	-1504.485	0.7099758
669500	-1462.501	0	-1462.501	0.6720885
670000	-1516.713	0	-1516.713	0.5961967
670500	-1333.34	0	-1333.34	0.688092
671000	-1362.418	0	-1362.418	0.6968171
671500	-1416.666	0	-1416.666	0.6896744
672000	-1532.864	0	-1532.864	0.5545468
672500	-1528.364	0	-1528.364	0.5850913
673000	-1417.13	0	-1417.13	0.6768971
673500	-1357.098	0	-1357.098	0.8197022
674000	-1359.002	0	-1359.002	0.7217341
674500	-1371.608	0	-1371.608	0.7393008
675000	-1414.19	0	-1414.19	0.8227366
675500	-1491.445	0	-1491.445	0.7983607
676000	-1369.002	0	-1369.002	0.8599205
676500	-1423.284	0	-1423.284	0.7617915
677000	-1471.741	0	-1471.741	0.5923622
677500	-1514.495	0	-1514.495	0.5479713
678000	-1491.849	0	-1491.849	0.6381353
678500	-1384.355	0	-1384.355	0.5757348
679000	-1408.021	0	-1408.021	0.5996869
679500	-1507.91	0	-1507.91	0.620185
680000	-1533.71	0	-1533.71	0.4875056
680500	-1539.604	0	-1539.604	0.6059526
681000	-1482.576	0	-1482.576	0.7219021
681500	-1516.776	0	-1516.776	0.6449434
682000	-1477.266	0	-1477.266	0.6637092
682500	-1433.73	0	-1433.73	0.7260337
683000	-1527.19	0	-1527.19	0.7018276
683500	-1509.384	0	-1509.384	0.6923274
684000	-1431.898	0	-1431.898	0.857192
684500	-1464.784	0	-1464.784	0.8001238
685000	-1406.433	0	-1406.433	0.763999
685500	-1363.044	0	-1363.044	0.7700553
686000	-1494.419	0	-1494.419	0.7609892
686500	-1475.735	0	-1475.735	0.7808329
687000	-1418.27	0	-1418.27	0.8560481
687500	-1433.578	0	-1433.578	0.8298149
688000	-1413.432	0	-1413.432	0.8327899
688500	-1459.74	0	-1459.74	0.6930297
689000	-1426.644	0	-1426.644	0.7355271
689500	-1488.574	0	-1488.574	0.7677678
690000	-1456.913	0	-1456.913	0.6538298
690500	-1487.816	0	-1487.816	0.8187453
691000	-1515.732	0	-1515.732	0.7897718
691500	-1559.297	0	-1559.297	0.687936
692000	-1595.846	0	-1595.846	0.7012984
692500	-1500.746	0	-1500.746	0.7820703
693000	-1584.001	0	-1584.001	0.6823248
693500	-1544.454	0	-1544.454	0.6290601
694000	-1543.18	0	-1543.18	0.694952
694500	-1553.815	0	-1553.815	0.740423
695000	-1444.716	0	-1444.716	0.8172933
695500	-1485.139	0	-1485.139	0.7821802
696000	-1565.296	0	-1565.296	0.7073193
696500	-1460.832	0	-1460.832	0.7716154
697000	-1459.539	0	-1459.539	0.707069
697500	-1502.638	0	-1502.638	0.7127242
698000	-1499.818	0	-1499.818	0.6545249
698500	-1552.924	0	-1552.924	0.5269204
699000	-1541.816	0	-1541.816	0.5826739
699500	-1593.984	0	-1593.984	0.586534
700000	-1473.026	0	-1473.026	0.733374
700500	-1459.028	0	-1459.028	0.7670533
701000	-1401.786	0	-1401.786	0.8190478
701500	-1414.222	0	-1414.222	0.8213733
702000	-1436.161	0	-1436.161	0.7484602
702500	-1383.996	0	-1383.996	0.8360154
703000	-1323.568	0	-1323.568	0.8933127
703500	-1336.439	0	-1336.439	0.8768676
704000	-1395.394	0	-1395.394	0.8422239
704500	-1409.203	0	-1409.203	0.8121978
705000	-1459.05	0	-1459.05	0.821278
705500	-1358.475	0	-1358.475	0.8433617
706000	-1473.901	0	-1473.901	0.8013837
706500	-1446.116	0	-1446.116	0.8269157
707000	-1453.863	0	-1453.863	0.8187791
707500	-1447.036	0	-1447.036	0.8319583
708000	-1407.585	0	-1407.585	0.8586279
708500	-1418.271	0	-1418.271	0.8295536
709000	-1391.27	0	-1391.27	0.8814189
709500	-1382.596	0	-1382.596	0.8949972
710000	-1379.373	0	-1379.373	0.8507463
710500	-1443.213	0	-1443.213	0.856422
711000	-1468.089	0	-1468.089	0.8339315
711500	-1440.349	0	-1440.349	0.7766218
712000	-1387.605	0	-1387.605	0.8152174
712500	-1377.487	0	-1377.487	0.840931
713000	-1422.261	0	-1422.261	0.8059179
713500	-1446.727	0	-1446.727	0.7673103
714000	-1411.643	0	-1411.643	0.8180325
714500	-1423.04	0	-1423.04	0.8298252
715000	-1492.863	0	-1492.863	0.7461384
715500	-1592.167	0	-1592.167	0.7605097
716000	-1466.262	0	-1466.262	0.8001773
716500	-1436.367	0	-1436.367	0.7103961
717000	-1434.776	0	-1434.776	0.7754946
717500	-1352.486	0	-1352.486	0.8499387
718000	-1409.644	0	-1409.644	0.8141656
718500	-1429.145	0	-1429.145	0.7566126
719000	-1544.634	0	-1544.634	0.6101132
719500	-1450.018	0	-1450.018	0.6611284
720000	-1444.62	0	-1444.62	0.6658698
720500	-1494.277	0	-1494.277	0.513296
721000	-1454.427	0	-1454.427	0.4423991
721500	-1448.788	0	-1448.788	0.7654777
722000	-1466.164	0	-1466.164	0.7395303
722500	-1511.329	0	-1511.329	0.7303319
723000	-1381.955	0	-1381.955	0.8638042
723500	-1401.612	0	-1401.612	0.712484
724000	-1567.332	0	-1567.332	0.6379153
724500	-1485.488	0	-1485.488	0.6202192
725000	-1511.518	0	-1511.518	0.6932483
725500	-1464.205	0	-1464.205	0.7201782
726000	-1513.411	0	-1513.411	0.7190858
726500	-1528.016	0	-1528.016	0.7424518
727000	-1536.952	0	-1536.952	0.6610525
727500	-1453.111	0	-1453.111	0.587788
728000	-1375.202	0	-1375.202	0.4942832
728500	-1477.525	0	-1477.525	0.5920276
729000	-1430.83	0	-1430.83	0.5072167
729500	-1364.992	0	-1364.992	0.7789895
730000	-1388.213	0	-1388.213	0.6570279
730500	-1461.338	0	-1461.338	0.6291172
731000	-1473.617	0	-1473.617	0.6663136
731500	-1434.492	0	-1434.492	0.6947775
732000	-1408.981	0	-1408.981	0.5998371
732500	-1426.361	0	-1426.361	0.6258345
733000	-1347.911	0	-1347.911	0.6932531
733500	-1487.876	0	-1487.876	0.6913438
734000	-1398.532	0	-1398.532	0.5929273
734500	-1465.615	0	-1465.615	0.5615944
735000	-1524.458	0	-1524.458	0.3928284
735500	-1526.825	0	-1526.825	0.496163
736000	-1526.534	0	-1526.534	0.5116748
736500	-1536.295	0	-1536.295	0.6343484
737000	-1532.478	0	-1532.478	0.5940598
737500	-1512.759	0	-1512.759	0.5852913
738000	-1473.651	0	-1473.651	0.4896779
738500	-1382.558	0	-1382.558	0.6050864
739000	-1376.71	0	-1376.71	0.7170229
739500	-1442.674	0	-1442.674	0.6590325
740000	-1387.663	0	-1387.663	0.6657526
740500	-1363.27	0	-1363.27	0.7375265
741000	-1384.824	0	-1384.824	0.6434531
741500	-1251.948	0	-1251.948	0.6765612
742000	-1281.755	0	-1281.755	0.6038723
742500	-1395.933	0	-1395.933	0.5932195
743000	-1576.676	0	-1576.676	0.4601041
743500	-1471.827	0	-1471.827	0.7304703
744000	-1434.689	0	-1434.689	0.7123964
744500	-1492.55	0	-1492.55	0.7108804
745000	-1427.138	0	-1427.138	0.7750332
745500	-1424.598	0	-1424.598	0.8846942
746000	-1471.028	0	-1471.028	0.8528725
746500	-1474.8	0	-1474.8	0.8133085
747000	-1387.703	0	-1387.703	0.8337885
747500	-1402.527	0	-1402.527	0.7407551
748000	-1277.984	0	-1277.984	0.9190124
748500	-1357.97	0	-1357.97	0.8421508
749000	-1388.373	0	-1388.373	0.7193004
749500	-1456.09	0	-1456.09	0.7131445
750000	-1475.806	0	-1475.806	0.7964409
750500	-1348.986	0	-1348.986	0.7988302
751000	-1303.078	0	-1303.078	0.845837
751500	-1379.447	0	-1379.447	0.7391131
752000	-1433.072	0	-1433.072	0.6753676
752500	-1365.223	0	-1365.223	0.6545217
753000	-1338.315	0	-1338.315	0.7583019
753500	-1355.432	0	-1355.432	0.7731039
754000	-1419.775	0	-1419.775	0.6997818
754500	-1315.265	0	-1315.265	0.7661456
755000	-1372.817	0	-1372.817	0.8436135
755500	-1364.498	0	-1364.498	0.8174662
756000	-1400.207	0	-1400.207	0.8470619
756500	-1433.963	0	-1433.963	0.8010713
757000	-1425.118	0	-1425.118	0.7997559
757500	-1364.8	0	-1364.8	0.8188519
758000	-1405.717	0	-1405.717	0.7608315
758500	-1381.555	0	-1381.555	0.8143378
759000	-1469.058	0	-1469.058	0.731859
759500	-1447.5	0	-1447.5	0.7422887
760000	-1381.465	0	-1381.465	0.7011738
760500	-1397.719	0	-1397.719	0.7138198
761000	-1482.513	0	-1482.513	0.6766659
761500	-1464.072	0	-1464.072	0.7008985
762000	-1464.737	0	-1464.737	0.7420553
762500	-1421.606	0	-1421.606	0.7582446
763000	-1479.132	0	-1479.132	0.6881971
763500	-1435.029	0	-1435.029	0.7800477
764000	-1374.42	0	-1374.42	0.8262608
764500	-1374.331	0	-1374.331	0.844152
765000	-1365.001	0	-1365.001	0.8660453
765500	-1366.122	0	-1366.122	0.7838011
766000	-1451.875	0	-1451.875	0.7655417
766500	-1489.819	0	-1489.819	0.6890389
767000	-1469.426	0	-1469.426	0.7229388
767500	-1497.193	0	-1497.193	0.6477566
768000	-1539.607	0	-1539.607	0.6448901
768500	-1507.057	0	-1507.057	0.7139896
769000	-1473.893	0	-1473.893	0.7728281
769500	-1445.009	0	-1445.009	0.7644635
770000	-1459.641	0	-1459.641	0.8070773
770500	-1373.44	0	-1373.44	0.8177321
771000	-1338.323	0	-1338.323	0.8418296
771500	-1321.53	0	-1321.53	0.8603271
772000	-1422.317	0	-1422.317	0.8560216
772500	-1409.198	0	-1409.198	0.7821983
773000	-1507.042	0	-1507.042	0.5247745
773500	-1468.651	0	-1468.651	0.7030478
774000	-1327.327	0	-1327.327	0.6997621
774500	-1484.193	0	-1484.193	0.7219454
775000	-1491.612	0	-1491.612	0.6082372
775500	-1496.825	0	-1496.825	0.6072635
776000	-1591.339	0	-1591.339	0.351376
776500	-1524.119	0	-1524.119	0.4751236
777000	-1503.592	0	-1503.592	0.6526786
777500	-1530.655	0	-1530.655	0.6929786
778000	-1431.725	0	-1431.725	0.7491595
778500	-1431.075	0	-1431.075	0.8217253
779000	-1344.389	0	-1344.389	0.84565
779500	-1465.322	0	-1465.322	0.8720016
780000	-1401.882	0	-1401.882	0.8075346
780500	-1342.619	0	-1342.619	0.8837367
781000	-1393.831	0	-1393.831	0.8526145
781500	-1409.395	0	-1409.395	0.866263
782000	-1321.54	0	-1321.54	0.9156252
782500	-1352.02	0	-1352.02	0.8613692
783000	-1425.817	0	-1425.817	0.7896578
783500	-1453.748	0	-1453.748	0.7862212
784000	-1470.211	0	-1470.211	0.7075117
784500	-1358.743	0	-1358.743	0.8574705
785000	-1305.892	0	-1305.892	0.8568503
785500	-1287.276	0	-1287.276	0.8859624
786000	-1272.787	0	-1272.787	0.8842425
786500	-1246.415	0	-1246.415	0.8827845
787000	-1263.577	0	-1263.577	0.8867511
787500	-1313.076	0	-1313.076	0.8577709
788000	-1302.226	0	-1302.226	0.8389003
788500	-1285.624	0	-1285.624	0.8221605
789000	-1293.141	0	-1293.141	0.8371305
789500	-1304.953	0	-1304.953	0.810798
790000	-1276.33	0	-1276.33	0.7888759
790500	-1292.124	0	-1292.124	0.7424639
791000	-1288.756	0	-1288.756	0.7561015
791500	-1308.707	0	-1308.707	0.7521129
792000	-1348.659	0	-1348.659	0.7699584
792500	-1297.188	0	-1297.188	0.7542191
793000	-1232.382	0	-1232.382	0.7702312
793500	-1165.577	0	-1165.577	0.767322
794000	-1371.518	0	-1371.518	0.7712607
794500	-1329.94	0	-1329.94	0.8022748
795000	-1324.351	0	-1324.351	0.7541467
795500	-1381.968	0	-1381.968	0.7949996
796000	-1438.354	0	-1438.354	0.647954
796500	-1350.722	0	-1350.722	0.8306584
797000	-1417.537	0	-1417.537	0.7825414
797500	-1352.637	0	-1352.637	0.8174598
798000	-1487.466	0	-1487.466	0.7206634
798500	-1441.371	0	-1441.371	0.6296177
799000	-1262.797	0	-1262.797	0.764898
799500	-1341.006	0	-1341.006	0.8157324
800000	-1282.678	0	-1282.678	0.8669627
800500	-1331.09	0	-1331.09	0.8497561
801000	-1300.413	0	-1300.413	0.8827113
801500	-1342.664	0	-1342.664	0.8314032
802000	-1327.79	0	-1327.79	0.7859313
802500	-1433.981	0	-1433.981	0.759472
803000	-1423.577	0	-1423.577	0.6781026
803500	-1517.683	0	-1517.683	0.6603132
804000	-1545.678	0	-1545.678	0.6985543
804500	-1535.129	0	-1535.129	0.7284784
805000	-1535.43	0	-1535.43	0.6848321
805500	-1533.743	0	-1533.743	0.7091621
806000	-1544.845	0	-1544.845	0.715582
806500	-1557.972	0	-1557.972	0.5956357
807000	-1565.908	0	-1565.908	0.6582542
807500	-1626.736	0	-1626.736	0.6827418
808000	-1541.997	0	-1541.997	0.6702448
808500	-1549.148	0	-1549.148	0.7509565
809000	-1517.26	0	-1517.26	0.6580156
809500	-1498.861	0	-1498.861	0.7375986
810000	-1484.423	0	-1484.423	0.6609455
810500	-1462.658	0	-1462.658	0.679302
811000	-1485.606	0	-1485.606	0.5296814
811500	-1397.317	0	-1397.317	0.5190968
812000	-1368.795	0	-1368.795	0.7118125
812500	-1400.868	0	-1400.868	0.6935788
813000	-1402.315	0	-1402.315	0.5956824
813500	-1404.826	0	-1404.826	0.6106395
814000	-1421.243	0	-1421.243	0.7749044
814500	-1403.09	0	-1403.09	0.8063864
815000	-1418.796	0	-1418.796	0.7805824
815500	-1450.736	0	-1450.736	0.7476025
816000	-1421.045	0	-1421.045	0.7790346
816500	-1432.951	0	-1432.951	0.7957698
817000	-1396.763	0	-1396.763	0.8126202
817500	-1457.422	0	-1457.422	0.7481689
818000	-1443.82	0	-1443.82	0.7534671
818500	-1437.435	0	-1437.435	0.7917889
819000	-1552.583	0	-1552.583	0.733713
819500	-1555.915	0	-1555.915	0.6738755
820000	-1497.806	0	-1497.806	0.7602539
820500	-1445.556	0	-1445.556	0.8203092
821000	-1468.864	0	-1468.864	0.8423605
821500	-1474.255	0	-1474.255	0.7494562
822000	-1435.971	0	-1435.971	0.7386324
822500	-1421.357	0	-1421.357	0.7879438
823000	-1492.619	0	-1492.619	0.7033216
823500	-1555.569	0	-1555.569	0.7007474
824000	-1524.719	0	-1524.719	0.6780087
824500	-1350.121	0	-1350.121	0.7502024
825000	-1415.517	0	-1415.517	0.6644805
825500	-1404.029	0	-1404.029	0.7627254
826000	-1495.528	0	-1495.528	0.6816785
826500	-1506.896	0	-1506.896	0.7754145
827000	-1421.377	0	-1421.377	0.7957038
827500	-1458.546	0	-1458.546	0.7262126
828000	-1386.183	0	-1386.183	0.8428819
828500	-1349.074	0	-1349.074	0.8443672
829000	-1469.567	0	-1469.567	0.8284489
829500	-1401.013	0	-1401.013	0.8533301
830000	-1404.568	0	-1404.568	0.8201751
830500	-1390.964	0	-1390.964	0.7806744
831000	-1452.214	0	-1452.214	0.795855
831500	-1479.893	0	-1479.893	0.790821
832000	-1423.168	0	-1423.168	0.8364238
832500	-1490.358	0	-1490.358	0.8404693
833000	-1541.172	0	-1541.172	0.7874309
833500	-1601.174	0	-1601.174	0.7561713
834000	-1486.165	0	-1486.165	0.8002593
834500	-1458.84	0	-1458.84	0.7930332
835000	-1519.483	0	-1519.483	0.7394307
835500	-1525.641	0	-1525.641	0.7281769
836000	-1511.827	0	-1511.827	0.6800472
836500	-1390.262	0	-1390.262	0.7275885
837000	-1374.841	0	-1374.841	0.7862896
837500	-1377.393	0	-1377.393	0.7584782
838000	-1351.271	0	-1351.271	0.8304929
838500	-1463.269	0	-1463.269	0.685653
839000	-1472.536	0	-1472.536	0.7579396
839500	-1422.365	0	-1422.365	0.7395088
840000	-1416.66	0	-1416.66	0.7913293
840500	-1399.398	0	-1399.398	0.8090076
841000	-1450.521	0	-1450.521	0.7419118
841500	-1498.085	0	-1498.085	0.7474806
842000	-1516.575	0	-1516.575	0.7826033
842500	-1482.885	0	-1482.885	0.7445887
843000	-1483.762	0	-1483.762	0.6829126
843500	-1461.453	0	-1461.453	0.65661
844000	-1429.661	0	-1429.661	0.6130911
844500	-1478.391	0	-1478.391	0.6746662
845000	-1459.056	0	-1459.056	0.6808296
845500	-1467.705	0	-1467.705	0.6295579
846000	-1526.892	0	-1526.892	0.5467135
846500	-1499.168	0	-1499.168	0.5244156
847000	-1456.157	0	-1456.157	0.5290392
847500	-1499.681	0	-1499.681	0.6329493
848000	-1573.004	0	-1573.004	0.6541215
848500	-1521.04	0	-1521.04	0.5405499
849000	-1500.82	0	-1500.82	0.607172
849500	-1512.303	0	-1512.303	0.7125124
850000	-1534.359	0	-1534.359	0.6493187
850500	-1562.189	0	-1562.189	0.697309
851000	-1525.812	0	-1525.812	0.7194418
851500	-1488.234	0	-1488.234	0.754174
852000	-1491.509	0	-1491.509	0.8238708
852500	-1409.522	0	-1409.522	0.7644187
853000	-1509.327	0	-1509.327	0.6739976
853500	-1477.773	0	-1477.773	0.7496873
854000	-1522.477	0	-1522.477	0.7145731
854500	-1484.313	0	-1484.313	0.659382
855000	-1417.56	0	-1417.56	0.7466333
855500	-1414.223	0	-1414.223	0.6917707
856000	-1418.645	0	-1418.645	0.7468116
856500	-1369.157	0	-1369.157	0.7664113
857000	-1464.348	0	-1464.348	0.7472851
857500	-1352.866	0	-1352.866	0.8354556
858000	-1448.107	0	-1448.107	0.7066708
858500	-1470.241	0	-1470.241	0.7503697
859000	-1450.527	0	-1450.527	0.7854438
859500	-1494.792	0	-1494.792	0.7001746
860000	-1503.345	0	-1503.345	0.6329263
860500	-1420.96	0	-1420.96	0.7032548
861000	-1396.723	0	-1396.723	0.7007538
861500	-1344.803	0	-1344.803	0.7733103
862000	-1378.875	0	-1378.875	0.7538353
862500	-1426.472	0	-1426.472	0.6525382
863000	-1421.378	0	-1421.378	0.7342667
863500	-1407.482	0	-1407.482	0.587992
864000	-1460.616	0	-1460.616	0.4568277
864500	-1352.331	0	-1352.331	0.5359183
865000	-1411.033	0	-1411.033	0.56631
865500	-1510.612	0	-1510.612	0.5889901
866000	-1384.582	0	-1384.582	0.6140575
866500	-1415.462	0	-1415.462	0.6461622
867000	-1482.639	0	-1482.639	0.6558563
867500	-1520.467	0	-1520.467	0.5163627
868000	-1478.399	0	-1478.399	0.5686328
868500	-1525.707	0	-1525.707	0.5974706
869000	-1482.95	0	-1482.95	0.6016508
869500	-1386.777	0	-1386.777	0.6371859
870000	-1397.704	0	-1397.704	0.7047114
870500	-1401.604	0	-1401.604	0.6940453
871000	-1426.234	0	-1426.234	0.6007445
871500	-1347.816	0	-1347.816	0.6625999
872000	-1450.342	0	-1450.342	0.621031
872500	-1427.166	0	-1427.166	0.7387366
873000	-1420.242	0	-1420.242	0.4923387
873500	-1447.589	0	-1447.589	0.5865564
874000	-1459.261	0	-1459.261	0.7110269
874500	-1516.079	0	-1516.079	0.6167464
875000	-1536.204	0	-1536.204	0.4984124
875500	-1497.311	0	-1497.311	0.5098058
876000	-1413.647	0	-1413.647	0.4228003
876500	-1450.506	0	-1450.506	0.4181971
877000	-1315.198	0	-1315.198	0.5323266
877500	-1402.438	0	-1402.438	0.6051367
878000	-1398.602	0	-1398.602	0.7878399
878500	-1400.951	0	-1400.951	0.6931064
879000	-1322.273	0	-1322.273	0.7067693
879500	-1339.349	0	-1339.349	0.7589803
880000	-1381.196	0	-1381.196	0.7358595
880500	-1320.292	0	-1320.292	0.7369642
881000	-1345.031	0	-1345.031	0.6665152
881500	-1315.622	0	-1315.622	0.7332048
882000	-1361.424	0	-1361.424	0.7774142
882500	-1397.339	0	-1397.339	0.7426306
883000	-1402.173	0	-1402.173	0.7049489
883500	-1495.976	0	-1495.976	0.6114718
884000	-1423.843	0	-1423.843	0.6655401
884500	-1343.394	0	-1343.394	0.7937526
885000	-1375.047	0	-1375.047	0.7637093
885500	-1436.636	0	-1436.636	0.6412598
886000	-1452.445	0	-1452.445	0.7062618
886500	-1444.574	0	-1444.574	0.594079
887000	-1462.119	0	-1462.119	0.7143318
887500	-1553.473	0	-1553.473	0.6020868
888000	-1431.219	0	-1431.219	0.7041197
888500	-1530.714	0	-1530.714	0.528441
889000	-1451.077	0	-1451.077	0.5611633
889500	-1417.26	0	-1417.26	0.6792018
890000	-1452.168	0	-1452.168	0.5581853
890500	-1414.771	0	-1414.771	0.708355
891000	-1368.702	0	-1368.702	0.7059875
891500	-1429.07	0	-1429.07	0.7237525
892000	-1545.016	0	-1545.016	0.6900611
892500	-1540.793	0	-1540.793	0.6413931
893000	-1508.937	0	-1508.937	0.6025645
893500	-1422.148	0	-1422.148	0.7839924
894000	-1439.874	0	-1439.874	0.6406644
894500	-1524.114	0	-1524.114	0.5614046
895000	-1497.512	0	-1497.512	0.5513344
895500	-1487.357	0	-1487.357	0.7042682
896000	-1458.995	0	-1458.995	0.6869652
896500	-1473.149	0	-1473.149	0.6732269
897000	-1498.151	0	-1498.151	0.5926355
897500	-1581.61	0	-1581.61	0.4092586
898000	-1581.758	0	-1581.758	0.6043769
898500	-1597.423	0	-1597.423	0.4240684
899000	-1566.013	0	-1566.013	0.6345852
899500	-1512.851	0	-1512.851	0.6478073
900000	-1524.741	0	-1524.741	0.5300711
900500	-1602.903	0	-1602.903	0.574595
901000	-1493.016	0	-1493.016	0.5611701
901500	-1552.761	0	-1552.761	0.4637919
902000	-1540.764	0	-1540.764	0.5823655
902500	-1542.152	0	-1542.152	0.6867472
903000	-1597.648	0	-1597.648	0.631225
903500	-1673.823	0	-1673.823	0.4951663
904000	-1605.208	0	-1605.208	0.4042831
904500	-1596.788	0	-1596.788	0.5958936
905000	-1521.023	0	-1521.023	0.7358237
905500	-1450.924	0	-1450.924	0.7959617
906000	-1468.345	0	-1468.345	0.7860025
906500	-1504.817	0	-1504.817	0.8595048
907000	-1454.358	0	-1454.358	0.8174688
907500	-1487.964	0	-1487.964	0.7951734
908000	-1476.631	0	-1476.631	0.7231213
908500	-1445.401	0	-1445.401	0.6619826
909000	-1498.532	0	-1498.532	0.6114984
909500	-1470.697	0	-1470.697	0.7820001
910000	-1521.716	0	-1521.716	0.70586
910500	-1587.485	0	-1587.485	0.612775
911000	-1505.293	0	-1505.293	0.6449671
911500	-1452.445	0	-1452.445	0.7373479
912000	-1443.857	0	-1443.857	0.7684887
912500	-1551.925	0	-1551.925	0.6982953
913000	-1440.457	0	-1440.457	0.7959567
913500	-1529.457	0	-1529.457	0.671912
914000	-1461.604	0	-1461.604	0.7062219
914500	-1382.764	0	-1382.764	0.7854487
915000	-1413.599	0	-1413.599	0.7143107
915500	-1397.693	0	-1397.693	0.7046513
916000	-1433.039	0	-1433.039	0.6570115
916500	-1388.734	0	-1388.734	0.757472
917000	-1424.597	0	-1424.597	0.7724188
917500	-1479.434	0	-1479.434	0.6560163
918000	-1515.975	0	-1515.975	0.6060238
918500	-1519.06	0	-1519.06	0.719063
919000	-1457.9	0	-1457.9	0.7632025
919500	-1525.581	0	-1525.581	0.7480022
920000	-1528.273	0	-1528.273	0.7648398
920500	-1476.913	0	-1476.913	0.7556955
921000	-1505.224	0	-1505.224	0.8080642
921500	-1496.888	0	-1496.888	0.822188
922000	-1446	0	-1446	0.8590929
922500	-1497.59	0	-1497.59	0.8234534
923000	-1446.812	0	-1446.812	0.8397178
923500	-1338.013	0	-1338.013	0.892748
924000	-1365.629	0	-1365.629	0.8667885
924500	-1424.473	0	-1424.473	0.827265
925000	-1353.844	0	-1353.844	0.8408722
925500	-1369.148	0	-1369.148	0.8019618
926000	-1383.916	0	-1383.916	0.7664362
926500	-1399.161	0	-1399.161	0.8261706
927000	-1351.421	0	-1351.421	0.8381701
927500	-1245.409	0	-1245.409	0.9024677
928000	-1268.295	0	-1268.295	0.8526715
928500	-1217.842	0	-1217.842	0.838924
929000	-1227.03	0	-1227.03	0.8836123
929500	-1246.365	0	-1246.365	0.8806433
930000	-1200.011	0	-1200.011	0.8839119
930500	-1184.752	0	-1184.752	0.8845858
931000	-1265.707	0	-1265.707	0.8895323
931500	-1389.713	0	-1389.713	0.819445
932000	-1284.498	0	-1284.498	0.9060116
932500	-1275.831	0	-1275.831	0.8451944
933000	-1321.432	0	-1321.432	0.8309135
933500	-1324.674	0	-1324.674	0.769078
934000	-1365.768	0	-1365.768	0.5850497
934500	-1365.06	0	-1365.06	0.6650188
935000	-1333.174	0	-1333.174	0.7379348
935500	-1426.223	0	-1426.223	0.6060892
936000	-1491.409	0	-1491.409	0.7022863
936500	-1434.613	0	-1434.613	0.736252
937000	-1592.696	0	-1592.696	0.5180348
937500	-1504.255	0	-1504.255	0.605322
938000	-1483.99	0	-1483.99	0.5585833
938500	-1408.284	0	-1408.284	0.5443475
939000	-1408.785	0	-1408.785	0.6649767
939500	-1429.871	0	-1429.871	0.7188163
940000	-1445.889	0	-1445.889	0.7367545
940500	-1457.108	0	-1457.108	0.7596652
941000	-1451.952	0	-1451.952	0.7326904
941500	-1437.373	0	-1437.373	0.7070039
942000	-1488.104	0	-1488.104	0.6553841
942500	-1475.634	0	-1475.634	0.6497266
943000	-1463.409	0	-1463.409	0.604514
943500	-1507.328	0	-1507.328	0.5289621
944000	-1456.474	0	-1456.474	0.6671862
944500	-1524.123	0	-1524.123	0.6508417
945000	-1550.911	0	-1550.911	0.5279518
945500	-1527.468	0	-1527.468	0.729445
946000	-1543.035	0	-1543.035	0.7679876
946500	-1557.916	0	-1557.916	0.7127035
947000	-1548.916	0	-1548.916	0.731228
947500	-1474.419	0	-1474.419	0.8292681
948000	-1489.422	0	-1489.422	0.794204
948500	-1501.272	0	-1501.272	0.8010001
949000	-1503.107	0	-1503.107	0.7335663
949500	-1438.593	0	-1438.593	0.7851247
950000	-1560.294	0	-1560.294	0.5575229
950500	-1533.107	0	-1533.107	0.774047
951000	-1528.277	0	-1528.277	0.715186
951500	-1534.847	0	-1534.847	0.7410208
952000	-1522.494	0	-1522.494	0.707212
952500	-1593.247	0	-1593.247	0.6023116
953000	-1583.94	0	-1583.94	0.5900756
953500	-1574.386	0	-1574.386	0.5862917
954000	-1473.883	0	-1473.883	0.7667043
954500	-1575.419	0	-1575.419	0.6087787
955000	-1568.344	0	-1568.344	0.682622
955500	-1598.18	0	-1598.18	0.5840277
956000	-1633.2	0	-1633.2	0.5266635
956500	-1640.749	0	-1640.749	0.2955586
957000	-1593.021	0	-1593.021	0.5954222
957500	-1556.217	0	-1556.217	0.6106135
958000	-1575.93	0	-1575.93	0.5438544
958500	-1498.161	0	-1498.161	0.7773265
959000	-1515.435	0	-1515.435	0.7591549
959500	-1489.073	0	-1489.073	0.7279351
960000	-1427.61	0	-1427.61	0.7807655
960500	-1426.582	0	-1426.582	0.8529977
961000	-1531.039	0	-1531.039	0.769168
961500	-1477.414	0	-1477.414	0.8034347
962000	-1459.521	0	-1459.521	0.833933
962500	-1456.874	0	-1456.874	0.7906439
963000	-1484.7	0	-1484.7	0.8006461
963500	-1366.573	0	-1366.573	0.8410872
964000	-1408.235	0	-1408.235	0.782007
964500	-1494.589	0	-1494.589	0.7103767
965000	-1458.331	0	-1458.331	0.6634971
965500	-1493.868	0	-1493.868	0.6596575
966000	-1559.084	0	-1559.084	0.6649227
966500	-1564.568	0	-1564.568	0.6142456
967000	-1469.465	0	-1469.465	0.6917201
967500	-1446.459	0	-1446.459	0.7551447
968000	-1431.874	0	-1431.874	0.7776931
968500	-1423.845	0	-1423.845	0.8374795
969000	-1474.891	0	-1474.891	0.7001622
969500	-1480.141	0	-1480.141	0.7295647
970000	-1429.765	0	-1429.765	0.717696
970500	-1554.742	0	-1554.742	0.7146069
971000	-1469.942	0	-1469.942	0.8064782
971500	-1436.133	0	-1436.133	0.8109787
972000	-1525.654	0	-1525.654	0.7189586
972500	-1479.283	0	-1479.283	0.6723499
973000	-1476.46	0	-1476.46	0.6838337
973500	-1475.697	0	-1475.697	0.8489022
974000	-1519.399	0	-1519.399	0.7698589
974500	-1535.959	0	-1535.959	0.7623255
975000	-1511.77	0	-1511.77	0.695574
975500	-1479.269	0	-1479.269	0.6306416
976000	-1518.945	0	-1518.945	0.564274
976500	-1522.206	0	-1522.206	0.6037299
977000	-1558.359	0	-1558.359	0.494407
977500	-1480.721	0	-1480.721	0.6273583
978000	-1528.946	0	-1528.946	0.5333449
978500	-1574.79	0	-1574.79	0.6078782
979000	-1498.423	0	-1498.423	0.5976607
979500	-1520.459	0	-1520.459	0.6366972
980000	-1466.903	0	-1466.903	0.6849432
980500	-1468.619	0	-1468.619	0.5316545
981000	-1486.089	0	-1486.089	0.5977659
981500	-1542.882	0	-1542.882	0.6097346
982000	-1410.131	0	-1410.131	0.7126615
982500	-1449.644	0	-1449.644	0.711715
983000	-1415.199	0	-1415.199	0.733983
983500	-1449.644	0	-1449.644	0.7746088
984000	-1518.418	0	-1518.418	0.7674928
984500	-1440.162	0	-1440.162	0.7689726
985000	-1452.683	0	-1452.683	0.708354
985500	-1476.574	0	-1476.574	0.6945325
986000	-1507.77	0	-1507.77	0.7150475
986500	-1490.885	0	-1490.885	0.6926018
987000	-1599.778	0	-1599.778	0.6742432
987500	-1584.938	0	-1584.938	0.5167043
988000	-1434.846	0	-1434.846	0.6291467
988500	-1473.563	0	-1473.563	0.5597666
989000	-1461.732	0	-1461.732	0.6058837
989500	-1447.722	0	-1447.722	0.7137229
990000	-1462.081	0	-1462.081	0.6090789
990500	-1500.33	0	-1500.33	0.6922549
991000	-1498.612	0	-1498.612	0.6386665
991500	-1535.699	0	-1535.699	0.7280086
992000	-1476.184	0	-1476.184	0.73001
992500	-1454.821	0	-1454.821	0.7112161
993000	-1377.132	0	-1377.132	0.7781403
993500	-1439.216	0	-1439.216	0.7667643
994000	-1511.056	0	-1511.056	0.6623695
994500	-1465.382	0	-1465.382	0.8139042
995000	-1382	0	-1382	0.8790417
995500	-1329.862	0	-1329.862	0.8322444
996000	-1292.605	0	-1292.605	0.7791896
996500	-1363.029	0	-1363.029	0.795174
997000	-1483.383	0	-1483.383	0.7551026
997500	-1483.642	0	-1483.642	0.6759822
998000	-1459.421	0	-1459.421	0.6553457
998500	-1470.617	0	-1470.617	0.7186606
999000	-1418.322	0	-1418.322	0.8150329
999500	-1387.591	0	-1387.591	0.8816965
1000000	-1338.67	0	-1338.67	0.8727464
