Iteration	Posterior	Likelihood	Prior	rho[1][2]
0	-6745.466	0	-6745.466	0.4690958
500	-1185.533	0	-1185.533	0.3079344
1000	-1216.797	0	-1216.797	0.1026938
1500	-1163.849	0	-1163.849	0.1209679
2000	-1138.38	0	-1138.38	0.1229007
2500	-1155.783	0	-1155.783	0.1664543
3000	-1172.92	0	-1172.92	0.2894859
3500	-1132.039	0	-1132.039	0.4847338
4000	-1128.967	0	-1128.967	0.5121418
4500	-1136.101	0	-1136.101	0.4872693
5000	-1139.731	0	-1139.731	0.4722565
5500	-1092.51	0	-1092.51	0.4582092
6000	-1169.09	0	-1169.09	0.5322731
6500	-1088.315	0	-1088.315	0.5772628
7000	-1083.653	0	-1083.653	0.6111033
7500	-1067.347	0	-1067.347	0.6994105
8000	-1094.446	0	-1094.446	0.6683736
8500	-1066.858	0	-1066.858	0.6820593
9000	-1045.527	0	-1045.527	0.581238
9500	-961.6165	0	-961.6165	0.7850417
10000	-1074.431	0	-1074.431	0.6700156
10500	-1082.994	0	-1082.994	0.68866
11000	-1032.749	0	-1032.749	0.6222997
11500	-958.273	0	-958.273	0.7019023
12000	-973.0777	0	-973.0777	0.690718
12500	-1015.582	0	-1015.582	0.7488834
13000	-965.4343	0	-965.4343	0.7801632
13500	-944.1389	0	-944.1389	0.8071538
14000	-896.4239	0	-896.4239	0.7852915
14500	-897.9202	0	-897.9202	0.7597644
15000	-804.0202	0	-804.0202	0.7642164
15500	-850.6665	0	-850.6665	0.7643869
16000	-869.6155	0	-869.6155	0.7618213
16500	-810.654	0	-810.654	0.7697406
17000	-852.7999	0	-852.7999	0.7670358
17500	-890.9402	0	-890.9402	0.7759646
18000	-990.1745	0	-990.1745	0.7525291
18500	-860.0064	0	-860.0064	0.7531722
19000	-956.1029	0	-956.1029	0.7597832
19500	-965.8109	0	-965.8109	0.7090306
20000	-979.7356	0	-979.7356	0.7030938
20500	-1046.56	0	-1046.56	0.6283322
21000	-1038.777	0	-1038.777	0.6316708
21500	-927.8782	0	-927.8782	0.6980008
22000	-962.7937	0	-962.7937	0.7256358
22500	-1022.452	0	-1022.452	0.7093332
23000	-956.8842	0	-956.8842	0.7140913
23500	-974.9478	0	-974.9478	0.7615448
24000	-883.5311	0	-883.5311	0.7597886
24500	-978.0493	0	-978.0493	0.7912224
25000	-965.0673	0	-965.0673	0.7358051
25500	-992.2978	0	-992.2978	0.709822
26000	-964.5376	0	-964.5376	0.6938881
26500	-995.6821	0	-995.6821	0.5724377
27000	-1016.627	0	-1016.627	0.4339788
27500	-1079.82	0	-1079.82	0.4336
28000	-1068.151	0	-1068.151	0.4889855
28500	-1034.211	0	-1034.211	0.4290389
29000	-1138.565	0	-1138.565	0.3707836
29500	-1156.931	0	-1156.931	0.3127154
30000	-1074.967	0	-1074.967	0.5592835
30500	-1091.418	0	-1091.418	0.515518
31000	-1127.784	0	-1127.784	0.5018051
31500	-1089.804	0	-1089.804	0.533545
32000	-1082.073	0	-1082.073	0.5633817
32500	-1078.689	0	-1078.689	0.6839636
33000	-988.6399	0	-988.6399	0.7203277
33500	-1008.612	0	-1008.612	0.7184652
34000	-1101.261	0	-1101.261	0.7100453
34500	-1169.263	0	-1169.263	0.6614915
35000	-1137.676	0	-1137.676	0.5819519
35500	-1164.916	0	-1164.916	0.5753222
36000	-1167.479	0	-1167.479	0.6038377
36500	-1112.28	0	-1112.28	0.764492
37000	-1158.522	0	-1158.522	0.671184
37500	-1169.576	0	-1169.576	0.7899876
38000	-1157.366	0	-1157.366	0.7801386
38500	-1169.779	0	-1169.779	0.7850874
39000	-1219.01	0	-1219.01	0.6927605
39500	-1130.516	0	-1130.516	0.6952253
40000	-1103.616	0	-1103.616	0.630056
40500	-1151.664	0	-1151.664	0.6875064
41000	-1155.979	0	-1155.979	0.6437569
41500	-1180.23	0	-1180.23	0.4881693
42000	-1166.521	0	-1166.521	0.5223253
42500	-1149.484	0	-1149.484	0.538
43000	-1103.486	0	-1103.486	0.5396085
43500	-1181.257	0	-1181.257	0.671576
44000	-1231.849	0	-1231.849	0.6565694
44500	-1156.893	0	-1156.893	0.6311376
45000	-1101.675	0	-1101.675	0.6272634
45500	-1094.8	0	-1094.8	0.693166
46000	-1110.579	0	-1110.579	0.6034131
46500	-1056.717	0	-1056.717	0.6209869
47000	-1040.56	0	-1040.56	0.735507
47500	-979.094	0	-979.094	0.7579377
48000	-1042.86	0	-1042.86	0.7306638
48500	-1110.949	0	-1110.949	0.4574423
49000	-1034.828	0	-1034.828	0.6932978
49500	-987.6217	0	-987.6217	0.8209656
50000	-1027.825	0	-1027.825	0.837774
50500	-1073.922	0	-1073.922	0.7871381
51000	-1121.539	0	-1121.539	0.6307682
51500	-1082.174	0	-1082.174	0.7200022
52000	-1081.142	0	-1081.142	0.6498746
52500	-1108.563	0	-1108.563	0.5708797
53000	-1137.906	0	-1137.906	0.493104
53500	-1035.065	0	-1035.065	0.657877
54000	-971.8506	0	-971.8506	0.6237076
54500	-950.461	0	-950.461	0.688412
55000	-1009.286	0	-1009.286	0.6511398
55500	-905.3449	0	-905.3449	0.7354208
56000	-980.225	0	-980.225	0.7107376
56500	-966.6051	0	-966.6051	0.6941992
57000	-853.9578	0	-853.9578	0.7018117
57500	-873.9882	0	-873.9882	0.6973747
58000	-849.2551	0	-849.2551	0.6950938
58500	-853.4794	0	-853.4794	0.6990937
59000	-1014.25	0	-1014.25	0.6797028
59500	-972.6147	0	-972.6147	0.6515328
60000	-980.7158	0	-980.7158	0.6518916
60500	-1072.881	0	-1072.881	0.6764102
61000	-1055.162	0	-1055.162	0.5338013
61500	-999.0041	0	-999.0041	0.6940948
62000	-980.0503	0	-980.0503	0.7506092
62500	-979.3376	0	-979.3376	0.7948694
63000	-905.5441	0	-905.5441	0.815403
63500	-886.4264	0	-886.4264	0.8778569
64000	-939.8137	0	-939.8137	0.8196222
64500	-934.2144	0	-934.2144	0.8520526
65000	-932.3087	0	-932.3087	0.8551227
65500	-939.5739	0	-939.5739	0.832068
66000	-957.8736	0	-957.8736	0.7879202
66500	-1011.045	0	-1011.045	0.7577717
67000	-1035.736	0	-1035.736	0.7242019
67500	-988.0071	0	-988.0071	0.7557391
68000	-950.422	0	-950.422	0.777763
68500	-1002.681	0	-1002.681	0.7336754
69000	-972.3115	0	-972.3115	0.7591778
69500	-1082.11	0	-1082.11	0.6664886
70000	-1008.55	0	-1008.55	0.6928541
70500	-1030.067	0	-1030.067	0.7366046
71000	-1071.212	0	-1071.212	0.7510581
71500	-955.7036	0	-955.7036	0.7541964
72000	-1035.046	0	-1035.046	0.7946581
72500	-1023.039	0	-1023.039	0.7039508
73000	-1025.635	0	-1025.635	0.6744577
73500	-1066.879	0	-1066.879	0.7004393
74000	-1162.256	0	-1162.256	0.5150454
74500	-1195.409	0	-1195.409	0.6904284
75000	-1129.753	0	-1129.753	0.6641547
75500	-1113.926	0	-1113.926	0.6612475
76000	-977.2596	0	-977.2596	0.7166966
76500	-998.1572	0	-998.1572	0.688335
77000	-1080.032	0	-1080.032	0.5275762
77500	-1046.377	0	-1046.377	0.5576955
78000	-1053.464	0	-1053.464	0.6006507
78500	-1038.64	0	-1038.64	0.5587046
79000	-1036.922	0	-1036.922	0.5730423
79500	-1091.654	0	-1091.654	0.6833762
80000	-1028.363	0	-1028.363	0.8524713
80500	-1016.282	0	-1016.282	0.8287699
81000	-1036.054	0	-1036.054	0.823292
81500	-1033.259	0	-1033.259	0.7886103
82000	-1027.046	0	-1027.046	0.7820284
82500	-1040.121	0	-1040.121	0.7789557
83000	-1026.411	0	-1026.411	0.7334139
83500	-1033.282	0	-1033.282	0.6878196
84000	-1036.205	0	-1036.205	0.7766201
84500	-1038.83	0	-1038.83	0.7476987
85000	-1067.697	0	-1067.697	0.7946922
85500	-1024.92	0	-1024.92	0.8042205
86000	-981.0621	0	-981.0621	0.7948534
86500	-1017.007	0	-1017.007	0.7666817
87000	-982.4461	0	-982.4461	0.7450945
87500	-1035.303	0	-1035.303	0.7990041
88000	-944.3265	0	-944.3265	0.8009511
88500	-1034.841	0	-1034.841	0.7740531
89000	-960.7877	0	-960.7877	0.8556361
89500	-962.4941	0	-962.4941	0.8556827
90000	-1033.293	0	-1033.293	0.8030992
90500	-1111.12	0	-1111.12	0.7456979
91000	-1121.876	0	-1121.876	0.7503812
91500	-1140.782	0	-1140.782	0.6191123
92000	-1128.877	0	-1128.877	0.5868199
92500	-1109.776	0	-1109.776	0.5287717
93000	-1081.157	0	-1081.157	0.7521852
93500	-1031.997	0	-1031.997	0.7179168
94000	-975.9452	0	-975.9452	0.7786336
94500	-987.7716	0	-987.7716	0.8076678
95000	-1014.996	0	-1014.996	0.7997158
95500	-1007.548	0	-1007.548	0.8291665
96000	-1029.437	0	-1029.437	0.7591351
96500	-988.0021	0	-988.0021	0.7790735
97000	-1016.969	0	-1016.969	0.8447659
97500	-1083.252	0	-1083.252	0.7995658
98000	-980.9976	0	-980.9976	0.7881847
98500	-953.3276	0	-953.3276	0.8449251
99000	-902.9388	0	-902.9388	0.8806998
99500	-970.3065	0	-970.3065	0.8291447
100000	-882.6017	0	-882.6017	0.8461454
100500	-1041.429	0	-1041.429	0.7571896
101000	-1030.851	0	-1030.851	0.7700113
101500	-1081.508	0	-1081.508	0.7720919
102000	-1066.778	0	-1066.778	0.8225153
102500	-1032.94	0	-1032.94	0.6705947
103000	-1032.087	0	-1032.087	0.8103289
103500	-1010.38	0	-1010.38	0.8161828
104000	-971.573	0	-971.573	0.8362335
104500	-1047.962	0	-1047.962	0.7966604
105000	-968.8826	0	-968.8826	0.7993985
105500	-897.7719	0	-897.7719	0.8135695
106000	-843.5792	0	-843.5792	0.8285248
106500	-802.1094	0	-802.1094	0.8254309
107000	-867.8437	0	-867.8437	0.8182813
107500	-849.3127	0	-849.3127	0.8141566
108000	-981.2126	0	-981.2126	0.8525241
108500	-910.9156	0	-910.9156	0.8380877
109000	-828.5822	0	-828.5822	0.8245832
109500	-814.5075	0	-814.5075	0.8234298
110000	-679.865	0	-679.865	0.8227003
110500	-708.9291	0	-708.9291	0.8227003
111000	-752.5611	0	-752.5611	0.8250887
111500	-737.1972	0	-737.1972	0.8265057
112000	-765.5859	0	-765.5859	0.8257924
112500	-846.3602	0	-846.3602	0.815272
113000	-799.4436	0	-799.4436	0.8051901
113500	-728.9797	0	-728.9797	0.8046243
114000	-708.9337	0	-708.9337	0.8046243
114500	-686.1867	0	-686.1867	0.8037307
115000	-689.1493	0	-689.1493	0.8028745
115500	-673.8807	0	-673.8807	0.8028745
116000	-750.9469	0	-750.9469	0.8057164
116500	-674.4085	0	-674.4085	0.8056923
117000	-629.0137	0	-629.0137	0.8056923
117500	-635.4064	0	-635.4064	0.8057001
118000	-675.9889	0	-675.9889	0.805875
118500	-665.7394	0	-665.7394	0.8059767
119000	-645.954	0	-645.954	0.8070501
119500	-720.3631	0	-720.3631	0.8068462
120000	-701.7012	0	-701.7012	0.8081223
120500	-735.8328	0	-735.8328	0.8081223
121000	-688.5852	0	-688.5852	0.8081223
121500	-728.2496	0	-728.2496	0.8066841
122000	-664.4156	0	-664.4156	0.8053835
122500	-669.4229	0	-669.4229	0.8058555
123000	-760.2117	0	-760.2117	0.806498
123500	-648.6307	0	-648.6307	0.8068166
124000	-670.8708	0	-670.8708	0.8068166
124500	-652.645	0	-652.645	0.8068166
125000	-732.7891	0	-732.7891	0.8068166
125500	-728.9129	0	-728.9129	0.8069962
126000	-746.503	0	-746.503	0.8069962
126500	-730.1362	0	-730.1362	0.8077178
127000	-745.3282	0	-745.3282	0.8057484
127500	-750.9718	0	-750.9718	0.8140062
128000	-781.2483	0	-781.2483	0.8161786
128500	-730.1357	0	-730.1357	0.8161786
129000	-729.535	0	-729.535	0.8156493
129500	-657.981	0	-657.981	0.8156493
130000	-682.2781	0	-682.2781	0.8157393
130500	-718.8947	0	-718.8947	0.8157054
131000	-728.2394	0	-728.2394	0.8157054
131500	-820.989	0	-820.989	0.8150149
132000	-823.0708	0	-823.0708	0.8145396
132500	-834.4051	0	-834.4051	0.8161048
133000	-837.7415	0	-837.7415	0.8150347
133500	-824.0135	0	-824.0135	0.810939
134000	-810.5637	0	-810.5637	0.8143277
134500	-773.5519	0	-773.5519	0.8167924
135000	-817.6508	0	-817.6508	0.815468
135500	-820.6932	0	-820.6932	0.7979934
136000	-804.6032	0	-804.6032	0.7872434
136500	-801.8917	0	-801.8917	0.7851453
137000	-835.8363	0	-835.8363	0.7859667
137500	-810.5758	0	-810.5758	0.7860806
138000	-806.0743	0	-806.0743	0.7920132
138500	-866.5889	0	-866.5889	0.7875588
139000	-941.9895	0	-941.9895	0.7858643
139500	-979.5258	0	-979.5258	0.7635738
140000	-980.0094	0	-980.0094	0.7441212
140500	-941.6195	0	-941.6195	0.7351492
141000	-892.9255	0	-892.9255	0.7602029
141500	-865.9176	0	-865.9176	0.7509722
142000	-873.8862	0	-873.8862	0.7534103
142500	-811.4513	0	-811.4513	0.7538621
143000	-829.345	0	-829.345	0.7528782
143500	-901.9337	0	-901.9337	0.7597358
144000	-869.2129	0	-869.2129	0.7564832
144500	-925.5514	0	-925.5514	0.7432599
145000	-953.7781	0	-953.7781	0.7682034
145500	-945.0164	0	-945.0164	0.758237
146000	-798.9209	0	-798.9209	0.8047123
146500	-831.0621	0	-831.0621	0.8067667
147000	-850.2527	0	-850.2527	0.8117132
147500	-933.7647	0	-933.7647	0.8048012
148000	-810.6792	0	-810.6792	0.8043941
148500	-872.9711	0	-872.9711	0.7816566
149000	-979.0949	0	-979.0949	0.711807
149500	-946.5598	0	-946.5598	0.6874766
150000	-867.5041	0	-867.5041	0.6522801
150500	-818.9442	0	-818.9442	0.6399392
151000	-827.5782	0	-827.5782	0.6376782
151500	-996.4355	0	-996.4355	0.6437553
152000	-909.6978	0	-909.6978	0.6852306
152500	-930.7465	0	-930.7465	0.7181668
153000	-846.6735	0	-846.6735	0.7183065
153500	-695.9397	0	-695.9397	0.7251967
154000	-757.4948	0	-757.4948	0.7251967
154500	-735.6123	0	-735.6123	0.7251967
155000	-795.9062	0	-795.9062	0.7217554
155500	-820.9845	0	-820.9845	0.7263106
156000	-830.4195	0	-830.4195	0.7263106
156500	-815.1825	0	-815.1825	0.7268344
157000	-897.6362	0	-897.6362	0.7310394
157500	-929.4802	0	-929.4802	0.7034863
158000	-932.5546	0	-932.5546	0.7188061
158500	-804.1967	0	-804.1967	0.718871
159000	-781.7064	0	-781.7064	0.718871
159500	-903.7377	0	-903.7377	0.7118036
160000	-922.8825	0	-922.8825	0.7273358
160500	-907.5748	0	-907.5748	0.7546357
161000	-978.0229	0	-978.0229	0.7512581
161500	-907.6211	0	-907.6211	0.7902225
162000	-965.8654	0	-965.8654	0.7486108
162500	-922.3974	0	-922.3974	0.7726677
163000	-956.5459	0	-956.5459	0.7698849
163500	-981.2783	0	-981.2783	0.7645352
164000	-1040.657	0	-1040.657	0.7713838
164500	-1007.612	0	-1007.612	0.855569
165000	-1026.235	0	-1026.235	0.8305642
165500	-1042.668	0	-1042.668	0.8345034
166000	-1034.407	0	-1034.407	0.8558585
166500	-1070.384	0	-1070.384	0.8234072
167000	-1073.638	0	-1073.638	0.7886877
167500	-1064.796	0	-1064.796	0.8686042
168000	-1018.45	0	-1018.45	0.8309936
168500	-980.9715	0	-980.9715	0.8667883
169000	-1061.762	0	-1061.762	0.8367318
169500	-980.205	0	-980.205	0.8868417
170000	-1018.927	0	-1018.927	0.7463063
170500	-1032.101	0	-1032.101	0.7933614
171000	-1026.245	0	-1026.245	0.7824433
171500	-964.2349	0	-964.2349	0.8314426
172000	-1016.749	0	-1016.749	0.7527997
172500	-942.5551	0	-942.5551	0.7455847
173000	-1018.551	0	-1018.551	0.6850457
173500	-871.5567	0	-871.5567	0.7132254
174000	-827.3392	0	-827.3392	0.6983149
174500	-976.3368	0	-976.3368	0.680926
175000	-1050.675	0	-1050.675	0.6007889
175500	-986.124	0	-986.124	0.6648043
176000	-1070.009	0	-1070.009	0.5331
176500	-958.3486	0	-958.3486	0.7156128
177000	-1025.72	0	-1025.72	0.5698497
177500	-1021.25	0	-1021.25	0.6739741
178000	-1030.689	0	-1030.689	0.7230884
178500	-1046.658	0	-1046.658	0.7157099
179000	-1055.626	0	-1055.626	0.6806861
179500	-1030.8	0	-1030.8	0.6293385
180000	-1056.282	0	-1056.282	0.7166242
180500	-998.0064	0	-998.0064	0.657378
181000	-977.4552	0	-977.4552	0.7424937
181500	-1093.968	0	-1093.968	0.6362499
182000	-1081.485	0	-1081.485	0.6430101
182500	-1024.25	0	-1024.25	0.7576462
183000	-1045.244	0	-1045.244	0.6423566
183500	-1043.952	0	-1043.952	0.7642317
184000	-1057.176	0	-1057.176	0.7014523
184500	-1072.973	0	-1072.973	0.7515575
185000	-1049.246	0	-1049.246	0.7364647
185500	-925.0633	0	-925.0633	0.8276039
186000	-938.1366	0	-938.1366	0.7889801
186500	-981.4562	0	-981.4562	0.7405201
187000	-1004.141	0	-1004.141	0.7514916
187500	-1040.194	0	-1040.194	0.710628
188000	-1021.212	0	-1021.212	0.6975619
188500	-968.515	0	-968.515	0.5987956
189000	-978.1742	0	-978.1742	0.6079802
189500	-1015.855	0	-1015.855	0.3550486
190000	-1011.883	0	-1011.883	0.3910099
190500	-975.9868	0	-975.9868	0.4495963
191000	-1018.258	0	-1018.258	0.3718012
191500	-1026.861	0	-1026.861	0.5646776
192000	-977.3671	0	-977.3671	0.5959804
192500	-924.0102	0	-924.0102	0.7019689
193000	-1008.485	0	-1008.485	0.7066643
193500	-1059.409	0	-1059.409	0.6629406
194000	-1033.685	0	-1033.685	0.6175011
194500	-1064.49	0	-1064.49	0.6727529
195000	-937.3533	0	-937.3533	0.7832288
195500	-983.6593	0	-983.6593	0.6640934
196000	-1000.23	0	-1000.23	0.7766634
196500	-949.0386	0	-949.0386	0.7806464
197000	-963.0091	0	-963.0091	0.7242882
197500	-940.6514	0	-940.6514	0.6785353
198000	-923.2312	0	-923.2312	0.7201206
198500	-966.2531	0	-966.2531	0.7674735
199000	-968.1359	0	-968.1359	0.7545027
199500	-933.15	0	-933.15	0.8715696
200000	-907.0311	0	-907.0311	0.8865059
200500	-986.9983	0	-986.9983	0.7881041
201000	-975.8593	0	-975.8593	0.6525664
201500	-957.1435	0	-957.1435	0.7697094
202000	-951.0463	0	-951.0463	0.6233719
202500	-974.9939	0	-974.9939	0.627044
203000	-1064.882	0	-1064.882	0.6685575
203500	-1063.809	0	-1063.809	0.8246026
204000	-1037.433	0	-1037.433	0.7569151
204500	-952.9561	0	-952.9561	0.6812573
205000	-1072.601	0	-1072.601	0.5748599
205500	-1070.205	0	-1070.205	0.6325984
206000	-1066.804	0	-1066.804	0.6721161
206500	-1049.632	0	-1049.632	0.7312327
207000	-1022.397	0	-1022.397	0.69445
207500	-935.5883	0	-935.5883	0.7158985
208000	-883.2033	0	-883.2033	0.7106438
208500	-906.1216	0	-906.1216	0.7069297
209000	-920.3582	0	-920.3582	0.7231383
209500	-975.3057	0	-975.3057	0.7764466
210000	-959.8723	0	-959.8723	0.8212681
210500	-997.6284	0	-997.6284	0.7821493
211000	-972.734	0	-972.734	0.7956141
211500	-899.581	0	-899.581	0.7912222
212000	-956.2941	0	-956.2941	0.8179425
212500	-932.7725	0	-932.7725	0.7735452
213000	-859.0642	0	-859.0642	0.7674021
213500	-852.4429	0	-852.4429	0.7589602
214000	-894.7626	0	-894.7626	0.7053936
214500	-1006.205	0	-1006.205	0.6137945
215000	-1000.209	0	-1000.209	0.6230588
215500	-1009.675	0	-1009.675	0.556558
216000	-1086.931	0	-1086.931	0.4806411
216500	-1052.499	0	-1052.499	0.636299
217000	-1071.465	0	-1071.465	0.6518666
217500	-1085.497	0	-1085.497	0.507871
218000	-1018.916	0	-1018.916	0.507291
218500	-1056.789	0	-1056.789	0.5666014
219000	-1092.675	0	-1092.675	0.430696
219500	-1082.714	0	-1082.714	0.350266
220000	-974.5822	0	-974.5822	0.600563
220500	-934.1781	0	-934.1781	0.7198919
221000	-928.6708	0	-928.6708	0.6364057
221500	-899.0843	0	-899.0843	0.5866457
222000	-1013.504	0	-1013.504	0.6530606
222500	-1032.803	0	-1032.803	0.6916377
223000	-1024.859	0	-1024.859	0.561078
223500	-1106.509	0	-1106.509	0.5965231
224000	-1078.525	0	-1078.525	0.6820668
224500	-1106.996	0	-1106.996	0.4390281
225000	-1161.07	0	-1161.07	0.5517252
225500	-1144.8	0	-1144.8	0.6139581
226000	-1154.309	0	-1154.309	0.5184167
226500	-1045.938	0	-1045.938	0.7514555
227000	-1054.591	0	-1054.591	0.7396485
227500	-996.5357	0	-996.5357	0.8137638
228000	-1075.399	0	-1075.399	0.6977521
228500	-1009.201	0	-1009.201	0.5581204
229000	-976.8805	0	-976.8805	0.527213
229500	-879.6785	0	-879.6785	0.5275038
230000	-902.2176	0	-902.2176	0.5068603
230500	-958.8316	0	-958.8316	0.5209876
231000	-944.9766	0	-944.9766	0.5302899
231500	-965.8213	0	-965.8213	0.6038336
232000	-1008.381	0	-1008.381	0.6438936
232500	-979.1434	0	-979.1434	0.672344
233000	-1026.023	0	-1026.023	0.6438301
233500	-1019.717	0	-1019.717	0.6617254
234000	-995.5344	0	-995.5344	0.7159377
234500	-940.2127	0	-940.2127	0.7083256
235000	-917.6817	0	-917.6817	0.705598
235500	-906.4461	0	-906.4461	0.6655359
236000	-905.7168	0	-905.7168	0.6299219
236500	-1021.25	0	-1021.25	0.5884549
237000	-1058.757	0	-1058.757	0.5750398
237500	-1022.685	0	-1022.685	0.7443466
238000	-1000.413	0	-1000.413	0.7074091
238500	-1017.231	0	-1017.231	0.6284635
239000	-1089.918	0	-1089.918	0.6632687
239500	-1095.81	0	-1095.81	0.4690684
240000	-1070.988	0	-1070.988	0.5414823
240500	-1042.261	0	-1042.261	0.511087
241000	-947.8149	0	-947.8149	0.564776
241500	-984.6321	0	-984.6321	0.5524715
242000	-981.6783	0	-981.6783	0.6424961
242500	-988.0676	0	-988.0676	0.6538577
243000	-950.9859	0	-950.9859	0.7715614
243500	-959.6053	0	-959.6053	0.8639836
244000	-1027.572	0	-1027.572	0.7723088
244500	-1049.267	0	-1049.267	0.780012
245000	-956.3494	0	-956.3494	0.7563022
245500	-919.5098	0	-919.5098	0.7709238
246000	-949.2705	0	-949.2705	0.7911004
246500	-1059.083	0	-1059.083	0.5931079
247000	-1047.457	0	-1047.457	0.6660475
247500	-1075.491	0	-1075.491	0.6458274
248000	-1036.933	0	-1036.933	0.5762851
248500	-1093.097	0	-1093.097	0.6892791
249000	-945.1896	0	-945.1896	0.7030914
249500	-985.3798	0	-985.3798	0.7165435
250000	-883.7025	0	-883.7025	0.8013177
250500	-923.9946	0	-923.9946	0.7270451
251000	-1022.152	0	-1022.152	0.6563585
251500	-1025.801	0	-1025.801	0.6345853
252000	-939.8155	0	-939.8155	0.7148786
252500	-1095.502	0	-1095.502	0.5984221
253000	-1034.187	0	-1034.187	0.6828783
253500	-1000.65	0	-1000.65	0.781352
254000	-1002.549	0	-1002.549	0.7056087
254500	-1020.016	0	-1020.016	0.5682192
255000	-1003.731	0	-1003.731	0.6570168
255500	-1053.022	0	-1053.022	0.4719817
256000	-1082.969	0	-1082.969	0.5556236
256500	-1041.009	0	-1041.009	0.6138176
257000	-1100.304	0	-1100.304	0.5991588
257500	-1143.148	0	-1143.148	0.5460529
258000	-1115.19	0	-1115.19	0.712827
258500	-1113.138	0	-1113.138	0.7263469
259000	-1108.179	0	-1108.179	0.6434928
259500	-1060.239	0	-1060.239	0.6464178
260000	-1050.575	0	-1050.575	0.7310644
260500	-1012.924	0	-1012.924	0.7601258
261000	-1000.092	0	-1000.092	0.7051324
261500	-1025.369	0	-1025.369	0.7401996
262000	-974.509	0	-974.509	0.8755639
262500	-951.1775	0	-951.1775	0.8467879
263000	-969.6519	0	-969.6519	0.7399265
263500	-1033.534	0	-1033.534	0.7173361
264000	-1024.681	0	-1024.681	0.6343997
264500	-1038.846	0	-1038.846	0.5585234
265000	-1063.036	0	-1063.036	0.5231449
265500	-1058.137	0	-1058.137	0.5061311
266000	-1057.718	0	-1057.718	0.5205714
266500	-1041.832	0	-1041.832	0.5200012
267000	-1067.547	0	-1067.547	0.5696467
267500	-1109.763	0	-1109.763	0.6367489
268000	-1090.754	0	-1090.754	0.6654371
268500	-1084.578	0	-1084.578	0.6578775
269000	-1080.259	0	-1080.259	0.6408358
269500	-1140.322	0	-1140.322	0.5896179
270000	-1159.641	0	-1159.641	0.7178322
270500	-1164.55	0	-1164.55	0.7019664
271000	-1144.995	0	-1144.995	0.7351166
271500	-1150.212	0	-1150.212	0.677042
272000	-1087.8	0	-1087.8	0.8122523
272500	-1141.118	0	-1141.118	0.7550259
273000	-1090.05	0	-1090.05	0.7162224
273500	-1158.923	0	-1158.923	0.7118624
274000	-1096.851	0	-1096.851	0.7070178
274500	-1093.206	0	-1093.206	0.7105432
275000	-1116.971	0	-1116.971	0.6786734
275500	-1069.652	0	-1069.652	0.5419511
276000	-1008.881	0	-1008.881	0.8034959
276500	-1008.464	0	-1008.464	0.8190892
277000	-1145.423	0	-1145.423	0.6714838
277500	-1043.885	0	-1043.885	0.7883617
278000	-960.3906	0	-960.3906	0.8751221
278500	-1094.221	0	-1094.221	0.7448435
279000	-1018.339	0	-1018.339	0.8652518
279500	-1062.221	0	-1062.221	0.792109
280000	-1071.751	0	-1071.751	0.7622946
280500	-988.8401	0	-988.8401	0.8000251
281000	-1062.068	0	-1062.068	0.7645483
281500	-1139.786	0	-1139.786	0.4281267
282000	-1111.332	0	-1111.332	0.5150681
282500	-1069.026	0	-1069.026	0.4433293
283000	-1092.502	0	-1092.502	0.6360026
283500	-1043.45	0	-1043.45	0.5672945
284000	-1069.584	0	-1069.584	0.6046357
284500	-988.1188	0	-988.1188	0.628946
285000	-1035.66	0	-1035.66	0.7029984
285500	-985.8386	0	-985.8386	0.8079346
286000	-1072.01	0	-1072.01	0.7510296
286500	-1139.281	0	-1139.281	0.7075495
287000	-1166.258	0	-1166.258	0.6019206
287500	-1102.707	0	-1102.707	0.6635643
288000	-1104.719	0	-1104.719	0.7184802
288500	-1116.741	0	-1116.741	0.7822205
289000	-1144.044	0	-1144.044	0.6942294
289500	-1077.619	0	-1077.619	0.7637313
290000	-1092.932	0	-1092.932	0.7782638
290500	-1116.964	0	-1116.964	0.6790339
291000	-1089.126	0	-1089.126	0.6958405
291500	-1070.183	0	-1070.183	0.656081
292000	-1089.238	0	-1089.238	0.6275159
292500	-1043.967	0	-1043.967	0.7231605
293000	-1077.749	0	-1077.749	0.7201049
293500	-1103.537	0	-1103.537	0.6899127
294000	-1057.367	0	-1057.367	0.8037575
294500	-999.514	0	-999.514	0.8863163
295000	-1014.574	0	-1014.574	0.8537141
295500	-1066.888	0	-1066.888	0.7410533
296000	-1047.227	0	-1047.227	0.7819019
296500	-1046.303	0	-1046.303	0.7457859
297000	-1061.85	0	-1061.85	0.7715853
297500	-1115.749	0	-1115.749	0.6825795
298000	-1070.391	0	-1070.391	0.7892053
298500	-1019.634	0	-1019.634	0.8494161
299000	-1093.836	0	-1093.836	0.7886718
299500	-1100.161	0	-1100.161	0.8234694
300000	-1078.062	0	-1078.062	0.8518082
300500	-1099.023	0	-1099.023	0.8031201
301000	-1162.651	0	-1162.651	0.7186903
301500	-1094.709	0	-1094.709	0.6194799
302000	-1015.128	0	-1015.128	0.8284985
302500	-1037.553	0	-1037.553	0.8268263
303000	-1064.085	0	-1064.085	0.7696653
303500	-994.075	0	-994.075	0.754158
304000	-1063.481	0	-1063.481	0.7793693
304500	-998.0069	0	-998.0069	0.7992859
305000	-1052.832	0	-1052.832	0.7987521
305500	-1117.359	0	-1117.359	0.724783
306000	-1131.58	0	-1131.58	0.6818367
306500	-1178.368	0	-1178.368	0.4873304
307000	-1118.316	0	-1118.316	0.6573146
307500	-1136.197	0	-1136.197	0.6232982
308000	-1089.586	0	-1089.586	0.6250429
308500	-1143.551	0	-1143.551	0.6710505
309000	-1137.208	0	-1137.208	0.5649175
309500	-1171.305	0	-1171.305	0.6259143
310000	-1216.397	0	-1216.397	0.5919211
310500	-1211.054	0	-1211.054	0.6424676
311000	-1186.479	0	-1186.479	0.6813773
311500	-1188.086	0	-1188.086	0.7734235
312000	-1262.521	0	-1262.521	0.6494172
312500	-1197.938	0	-1197.938	0.6402024
313000	-1159.264	0	-1159.264	0.7046108
313500	-1169.88	0	-1169.88	0.7139436
314000	-1131.402	0	-1131.402	0.7173282
314500	-1132.882	0	-1132.882	0.5509644
315000	-1140.153	0	-1140.153	0.7092421
315500	-1105.786	0	-1105.786	0.7742754
316000	-1040.592	0	-1040.592	0.7929523
316500	-1016.105	0	-1016.105	0.8177959
317000	-989.6512	0	-989.6512	0.8170295
317500	-1028.754	0	-1028.754	0.8135346
318000	-1056.312	0	-1056.312	0.7623672
318500	-1035.098	0	-1035.098	0.8025114
319000	-1004.045	0	-1004.045	0.7872059
319500	-1070.046	0	-1070.046	0.6361337
320000	-1154.204	0	-1154.204	0.6507523
320500	-1097.638	0	-1097.638	0.7800233
321000	-1095.467	0	-1095.467	0.7593103
321500	-1066.937	0	-1066.937	0.732988
322000	-1104.412	0	-1104.412	0.7491211
322500	-1083.72	0	-1083.72	0.640131
323000	-1143.266	0	-1143.266	0.5864492
323500	-1207.221	0	-1207.221	0.4757759
324000	-1159.647	0	-1159.647	0.5496655
324500	-1098.596	0	-1098.596	0.7362548
325000	-984.7122	0	-984.7122	0.8609248
325500	-1005.766	0	-1005.766	0.8310171
326000	-1052.58	0	-1052.58	0.8370065
326500	-1086.491	0	-1086.491	0.818038
327000	-1105.343	0	-1105.343	0.6567743
327500	-1098.288	0	-1098.288	0.7425165
328000	-1060.869	0	-1060.869	0.7405061
328500	-1091.868	0	-1091.868	0.8101687
329000	-1102.129	0	-1102.129	0.6699833
329500	-1090.223	0	-1090.223	0.7556754
330000	-914.3952	0	-914.3952	0.8808195
330500	-987.511	0	-987.511	0.738633
331000	-954.7432	0	-954.7432	0.7719848
331500	-981.2639	0	-981.2639	0.8877994
332000	-942.8315	0	-942.8315	0.8550773
332500	-1029.946	0	-1029.946	0.8221089
333000	-986.3549	0	-986.3549	0.7892541
333500	-1038.688	0	-1038.688	0.6645261
334000	-1101.271	0	-1101.271	0.7069013
334500	-1070.274	0	-1070.274	0.7904828
335000	-1018.515	0	-1018.515	0.77063
335500	-930.8133	0	-930.8133	0.762391
336000	-1039.762	0	-1039.762	0.6972067
336500	-975.043	0	-975.043	0.6658589
337000	-951.9082	0	-951.9082	0.6888909
337500	-1013.313	0	-1013.313	0.6622807
338000	-1058.337	0	-1058.337	0.7141255
338500	-1007.29	0	-1007.29	0.6946068
339000	-984.7393	0	-984.7393	0.7627457
339500	-982.9089	0	-982.9089	0.8173549
340000	-960.5585	0	-960.5585	0.8468746
340500	-930.1385	0	-930.1385	0.8251244
341000	-927.0414	0	-927.0414	0.78095
341500	-881.2109	0	-881.2109	0.8015394
342000	-1007.574	0	-1007.574	0.7944328
342500	-1012.289	0	-1012.289	0.8153852
343000	-922.9012	0	-922.9012	0.8694341
343500	-921.6098	0	-921.6098	0.8037392
344000	-1014.019	0	-1014.019	0.7944325
344500	-1010.537	0	-1010.537	0.8050303
345000	-992.7225	0	-992.7225	0.8347385
345500	-1041.159	0	-1041.159	0.8004853
346000	-1044.685	0	-1044.685	0.7650832
346500	-1027.876	0	-1027.876	0.634122
347000	-1046.708	0	-1046.708	0.6561418
347500	-1041.633	0	-1041.633	0.6754322
348000	-1028.071	0	-1028.071	0.598364
348500	-1014.378	0	-1014.378	0.5774817
349000	-938.3411	0	-938.3411	0.5116605
349500	-1074.749	0	-1074.749	0.4329687
350000	-1140.744	0	-1140.744	0.5380398
350500	-1102.52	0	-1102.52	0.5699706
351000	-1035.198	0	-1035.198	0.5903814
351500	-989.3226	0	-989.3226	0.6707026
352000	-1054.871	0	-1054.871	0.5876931
352500	-981.3099	0	-981.3099	0.6230945
353000	-1034.57	0	-1034.57	0.6590836
353500	-1031.459	0	-1031.459	0.6524228
354000	-1061.935	0	-1061.935	0.6376396
354500	-1007.923	0	-1007.923	0.7569668
355000	-1116.182	0	-1116.182	0.6970061
355500	-1106.224	0	-1106.224	0.7241503
356000	-1084.088	0	-1084.088	0.6682103
356500	-1083.661	0	-1083.661	0.6592875
357000	-1128.649	0	-1128.649	0.695078
357500	-1109.755	0	-1109.755	0.6877149
358000	-1119.761	0	-1119.761	0.5518772
358500	-1144.543	0	-1144.543	0.5918971
359000	-1115.967	0	-1115.967	0.3957101
359500	-1093.575	0	-1093.575	0.5529876
360000	-1065.698	0	-1065.698	0.6916045
360500	-1081.044	0	-1081.044	0.7866567
361000	-920.5954	0	-920.5954	0.811588
361500	-1129.041	0	-1129.041	0.7520123
362000	-1002.622	0	-1002.622	0.7502117
362500	-999.809	0	-999.809	0.7914237
363000	-982.954	0	-982.954	0.7429671
363500	-1018.359	0	-1018.359	0.7672938
364000	-1020.948	0	-1020.948	0.7759993
364500	-1046.624	0	-1046.624	0.8365244
365000	-1061.91	0	-1061.91	0.6726096
365500	-1059.097	0	-1059.097	0.7696597
366000	-1088.989	0	-1088.989	0.7438344
366500	-958.2699	0	-958.2699	0.8572783
367000	-986.2341	0	-986.2341	0.8433284
367500	-882.0161	0	-882.0161	0.8314709
368000	-929.4013	0	-929.4013	0.8125199
368500	-956.413	0	-956.413	0.7424907
369000	-969.3463	0	-969.3463	0.7935988
369500	-957.0097	0	-957.0097	0.7343453
370000	-1040.609	0	-1040.609	0.8041739
370500	-952.1451	0	-952.1451	0.8719879
371000	-937.7745	0	-937.7745	0.8740385
371500	-938.694	0	-938.694	0.7782547
372000	-934.0788	0	-934.0788	0.8414091
372500	-910.2677	0	-910.2677	0.8536496
373000	-971.9036	0	-971.9036	0.8266806
373500	-945.4068	0	-945.4068	0.7636297
374000	-1050.786	0	-1050.786	0.7712301
374500	-1086.857	0	-1086.857	0.7061672
375000	-1058.962	0	-1058.962	0.6320908
375500	-967.3913	0	-967.3913	0.8256305
376000	-961.3926	0	-961.3926	0.876388
376500	-1014.887	0	-1014.887	0.8542624
377000	-993.3857	0	-993.3857	0.7935426
377500	-930.9035	0	-930.9035	0.85387
378000	-890.7179	0	-890.7179	0.8420564
378500	-951.5163	0	-951.5163	0.8888019
379000	-1058.391	0	-1058.391	0.8435782
379500	-1022.167	0	-1022.167	0.8406078
380000	-1053.012	0	-1053.012	0.8582864
380500	-1045.163	0	-1045.163	0.8858991
381000	-963.4983	0	-963.4983	0.8618862
381500	-986.1938	0	-986.1938	0.8502959
382000	-931.9091	0	-931.9091	0.848764
382500	-991.0778	0	-991.0778	0.8727564
383000	-939.726	0	-939.726	0.8175974
383500	-1001.053	0	-1001.053	0.8125486
384000	-1100.967	0	-1100.967	0.8009059
384500	-1090.663	0	-1090.663	0.7472656
385000	-1098.237	0	-1098.237	0.6900757
385500	-1041.726	0	-1041.726	0.5890678
386000	-1072.825	0	-1072.825	0.7448801
386500	-1009.964	0	-1009.964	0.7729454
387000	-1013.028	0	-1013.028	0.8187669
387500	-1063.363	0	-1063.363	0.7708077
388000	-1026.303	0	-1026.303	0.794696
388500	-1103.444	0	-1103.444	0.6521004
389000	-1074.937	0	-1074.937	0.7633492
389500	-1003.417	0	-1003.417	0.8273467
390000	-993.8188	0	-993.8188	0.7993758
390500	-997.0253	0	-997.0253	0.7558244
391000	-895.5078	0	-895.5078	0.71991
391500	-888.3859	0	-888.3859	0.7166677
392000	-950.0676	0	-950.0676	0.7250956
392500	-918.0171	0	-918.0171	0.7174374
393000	-973.1188	0	-973.1188	0.8081932
393500	-987.4746	0	-987.4746	0.7670302
394000	-1015.107	0	-1015.107	0.8556759
394500	-1013.254	0	-1013.254	0.7947189
395000	-1040.987	0	-1040.987	0.7402313
395500	-1060.54	0	-1060.54	0.7110701
396000	-1112.075	0	-1112.075	0.5988467
396500	-1057.856	0	-1057.856	0.7654865
397000	-1046.65	0	-1046.65	0.8039839
397500	-1121.439	0	-1121.439	0.7720565
398000	-1064.778	0	-1064.778	0.7483794
398500	-1078.43	0	-1078.43	0.634659
399000	-1090.479	0	-1090.479	0.682949
399500	-1079.892	0	-1079.892	0.6354632
400000	-1006.3	0	-1006.3	0.6113988
400500	-936.7477	0	-936.7477	0.5303625
401000	-931.1056	0	-931.1056	0.5496215
401500	-937.9772	0	-937.9772	0.4721114
402000	-950.286	0	-950.286	0.4832599
402500	-965.1265	0	-965.1265	0.4168941
403000	-1016.874	0	-1016.874	0.5077417
403500	-1053.979	0	-1053.979	0.3565791
404000	-1055.164	0	-1055.164	0.3408304
404500	-1128.551	0	-1128.551	0.313501
405000	-1102.206	0	-1102.206	0.5382373
405500	-1127.146	0	-1127.146	0.4876442
406000	-1040.534	0	-1040.534	0.5836982
406500	-1053.382	0	-1053.382	0.5328043
407000	-1061.424	0	-1061.424	0.528564
407500	-1068.883	0	-1068.883	0.3898239
408000	-1084.541	0	-1084.541	0.372842
408500	-1013.265	0	-1013.265	0.5617402
409000	-964.2279	0	-964.2279	0.6858653
409500	-956.3693	0	-956.3693	0.6941227
410000	-925.2578	0	-925.2578	0.7644574
410500	-871.3	0	-871.3	0.7875582
411000	-785.133	0	-785.133	0.8027462
411500	-781.7969	0	-781.7969	0.8096538
412000	-825.1928	0	-825.1928	0.7984918
412500	-856.0731	0	-856.0731	0.8122359
413000	-845.2827	0	-845.2827	0.7369836
413500	-856.5571	0	-856.5571	0.7654164
414000	-835.2842	0	-835.2842	0.7261089
414500	-835.836	0	-835.836	0.7145918
415000	-890.8048	0	-890.8048	0.7044566
415500	-908.6283	0	-908.6283	0.6760266
416000	-892.8982	0	-892.8982	0.7020171
416500	-803.6473	0	-803.6473	0.6999181
417000	-818.7529	0	-818.7529	0.6991028
417500	-828.2612	0	-828.2612	0.7038246
418000	-784.6326	0	-784.6326	0.6958446
418500	-776.0325	0	-776.0325	0.6947672
419000	-887.1725	0	-887.1725	0.6969958
419500	-856.8992	0	-856.8992	0.7295204
420000	-893.7662	0	-893.7662	0.7271595
420500	-894.1232	0	-894.1232	0.7268786
421000	-940.6898	0	-940.6898	0.7125097
421500	-824.7027	0	-824.7027	0.7716036
422000	-922.3472	0	-922.3472	0.7283922
422500	-955.8851	0	-955.8851	0.7121206
423000	-834.1556	0	-834.1556	0.725989
423500	-897.4505	0	-897.4505	0.7325092
424000	-917.4793	0	-917.4793	0.7265355
424500	-846.987	0	-846.987	0.7427483
425000	-793.1715	0	-793.1715	0.7393683
425500	-886.0655	0	-886.0655	0.7380168
426000	-803.3482	0	-803.3482	0.728707
426500	-850.1133	0	-850.1133	0.7007294
427000	-929.8129	0	-929.8129	0.7223501
427500	-964.3457	0	-964.3457	0.7251524
428000	-932.9471	0	-932.9471	0.7232602
428500	-921.2471	0	-921.2471	0.645439
429000	-965.2636	0	-965.2636	0.6368753
429500	-1015.522	0	-1015.522	0.6826623
430000	-1084.546	0	-1084.546	0.6908909
430500	-1090.38	0	-1090.38	0.6200654
431000	-1115.679	0	-1115.679	0.5395031
431500	-1111.17	0	-1111.17	0.7891199
432000	-1160.909	0	-1160.909	0.5793157
432500	-1172.855	0	-1172.855	0.5310814
433000	-1157.092	0	-1157.092	0.5331806
433500	-1061.582	0	-1061.582	0.7960408
434000	-1130.748	0	-1130.748	0.7603349
434500	-1117.613	0	-1117.613	0.7310446
435000	-1044.873	0	-1044.873	0.8226781
435500	-1105.355	0	-1105.355	0.7878223
436000	-1050.568	0	-1050.568	0.7125406
436500	-1095.497	0	-1095.497	0.6266204
437000	-1186.132	0	-1186.132	0.5325709
437500	-1080.118	0	-1080.118	0.5949611
438000	-1107.979	0	-1107.979	0.5831278
438500	-1066.423	0	-1066.423	0.5743574
439000	-986.3641	0	-986.3641	0.6302015
439500	-1024.149	0	-1024.149	0.6704494
440000	-1002.816	0	-1002.816	0.7554112
440500	-989.4375	0	-989.4375	0.8104186
441000	-954.6124	0	-954.6124	0.8593595
441500	-887.0619	0	-887.0619	0.8889272
442000	-850.5093	0	-850.5093	0.8960988
442500	-877.8111	0	-877.8111	0.8978846
443000	-874.4856	0	-874.4856	0.8992773
443500	-898.3863	0	-898.3863	0.8797555
444000	-933.1119	0	-933.1119	0.835285
444500	-858.2975	0	-858.2975	0.8078995
445000	-1006.244	0	-1006.244	0.7767837
445500	-1047.923	0	-1047.923	0.7609559
446000	-968.6675	0	-968.6675	0.8632266
446500	-969.3855	0	-969.3855	0.860653
447000	-898.9887	0	-898.9887	0.8446903
447500	-953.8916	0	-953.8916	0.8532861
448000	-980.5875	0	-980.5875	0.80966
448500	-870.7787	0	-870.7787	0.8957235
449000	-920.2885	0	-920.2885	0.8738207
449500	-944.1848	0	-944.1848	0.8468129
450000	-963.9294	0	-963.9294	0.8900459
450500	-939.5432	0	-939.5432	0.8900375
451000	-974.313	0	-974.313	0.8803403
451500	-1014.852	0	-1014.852	0.8705573
452000	-1012.936	0	-1012.936	0.8833349
452500	-1014.205	0	-1014.205	0.8586618
453000	-1095.143	0	-1095.143	0.6188167
453500	-1150.491	0	-1150.491	0.4745169
454000	-1158.569	0	-1158.569	0.1798555
454500	-1206.527	0	-1206.527	0.1751116
455000	-1148.002	0	-1148.002	0.5418303
455500	-1151.629	0	-1151.629	0.5558433
456000	-1173.59	0	-1173.59	0.5295095
456500	-1041.832	0	-1041.832	0.4537608
457000	-1109.768	0	-1109.768	0.4184241
457500	-1090.536	0	-1090.536	0.6371616
458000	-1064.84	0	-1064.84	0.70054
458500	-1019.481	0	-1019.481	0.7195443
459000	-1038.988	0	-1038.988	0.7317884
459500	-1064.034	0	-1064.034	0.6966978
460000	-1095.903	0	-1095.903	0.7452154
460500	-1013.758	0	-1013.758	0.787106
461000	-996.2429	0	-996.2429	0.8164424
461500	-1079.994	0	-1079.994	0.7258383
462000	-1062.977	0	-1062.977	0.7875519
462500	-1090.74	0	-1090.74	0.6928746
463000	-1037.52	0	-1037.52	0.6965609
463500	-1171.649	0	-1171.649	0.7114988
464000	-1081.802	0	-1081.802	0.7706555
464500	-1105.929	0	-1105.929	0.7874614
465000	-1082.27	0	-1082.27	0.8300693
465500	-1107.124	0	-1107.124	0.8046564
466000	-1061.641	0	-1061.641	0.7752825
466500	-1090.759	0	-1090.759	0.6840078
467000	-1127.86	0	-1127.86	0.7430886
467500	-1109.097	0	-1109.097	0.6546716
468000	-1076.727	0	-1076.727	0.7084489
468500	-956.8068	0	-956.8068	0.7577615
469000	-956.6603	0	-956.6603	0.7680363
469500	-1066.33	0	-1066.33	0.8026336
470000	-1076.767	0	-1076.767	0.7705891
470500	-1088.272	0	-1088.272	0.7648824
471000	-1129.186	0	-1129.186	0.688778
471500	-1060.569	0	-1060.569	0.7530508
472000	-1021.754	0	-1021.754	0.6925448
472500	-1137.784	0	-1137.784	0.7011553
473000	-1045.682	0	-1045.682	0.843725
473500	-1085.046	0	-1085.046	0.8748267
474000	-1062.143	0	-1062.143	0.7653629
474500	-1125.14	0	-1125.14	0.6437394
475000	-1017.245	0	-1017.245	0.8259299
475500	-1045.025	0	-1045.025	0.7059764
476000	-1092.352	0	-1092.352	0.7653448
476500	-1086.637	0	-1086.637	0.6316564
477000	-1114.197	0	-1114.197	0.468415
477500	-1128.035	0	-1128.035	0.7413845
478000	-1138.123	0	-1138.123	0.5968423
478500	-1087.75	0	-1087.75	0.6864753
479000	-1112.249	0	-1112.249	0.6534588
479500	-1045.371	0	-1045.371	0.7917799
480000	-992.0564	0	-992.0564	0.8426955
480500	-1026.09	0	-1026.09	0.8068982
481000	-1020.455	0	-1020.455	0.7946428
481500	-1025.627	0	-1025.627	0.824452
482000	-970.3492	0	-970.3492	0.8697052
482500	-1034.969	0	-1034.969	0.8182895
483000	-1105.322	0	-1105.322	0.6498307
483500	-1135.127	0	-1135.127	0.5542926
484000	-1105.229	0	-1105.229	0.5276583
484500	-1025.554	0	-1025.554	0.6999832
485000	-1109.232	0	-1109.232	0.499404
485500	-1059.474	0	-1059.474	0.5097853
486000	-1048.414	0	-1048.414	0.5466866
486500	-1032.783	0	-1032.783	0.5768145
487000	-1058.937	0	-1058.937	0.5852503
487500	-1038.193	0	-1038.193	0.5960648
488000	-990.8808	0	-990.8808	0.4428184
488500	-1001.799	0	-1001.799	0.3552617
489000	-1024.02	0	-1024.02	0.3465813
489500	-1155.361	0	-1155.361	0.5678429
490000	-1091.924	0	-1091.924	0.5709182
490500	-1170.25	0	-1170.25	0.2816862
491000	-1187.695	0	-1187.695	0.3616442
491500	-1182.292	0	-1182.292	0.4949859
492000	-1128.299	0	-1128.299	0.6696747
492500	-1107.243	0	-1107.243	0.5210738
493000	-1145.546	0	-1145.546	0.6303957
493500	-1140.567	0	-1140.567	0.5449012
494000	-1135.023	0	-1135.023	0.6119043
494500	-1028.829	0	-1028.829	0.6644405
495000	-986.6899	0	-986.6899	0.7094179
495500	-1095.07	0	-1095.07	0.6056909
496000	-1137.066	0	-1137.066	0.5564709
496500	-1111.267	0	-1111.267	0.6710575
497000	-1070.094	0	-1070.094	0.7096718
497500	-1075.681	0	-1075.681	0.4987815
498000	-1118.692	0	-1118.692	0.5280699
498500	-1113.339	0	-1113.339	0.6805466
499000	-1081.732	0	-1081.732	0.7196231
499500	-1120.75	0	-1120.75	0.5977874
500000	-1074.425	0	-1074.425	0.6443841
500500	-1142.289	0	-1142.289	0.3582548
501000	-1110.102	0	-1110.102	0.4477728
501500	-1114.483	0	-1114.483	0.4941849
502000	-1045.993	0	-1045.993	0.4734961
502500	-1097.34	0	-1097.34	0.4052808
503000	-1153.577	0	-1153.577	0.3037585
503500	-1147.961	0	-1147.961	0.5221565
504000	-1118.912	0	-1118.912	0.4815384
504500	-1154.126	0	-1154.126	0.3841226
505000	-1145.546	0	-1145.546	0.3930554
505500	-1106.899	0	-1106.899	0.5743829
506000	-1035.058	0	-1035.058	0.6768858
506500	-1074.759	0	-1074.759	0.662693
507000	-1065.83	0	-1065.83	0.6903351
507500	-1127.431	0	-1127.431	0.5069496
508000	-1053.581	0	-1053.581	0.5922717
508500	-1119.803	0	-1119.803	0.2889349
509000	-1144.684	0	-1144.684	0.4092477
509500	-1158.859	0	-1158.859	0.5329668
510000	-1100.805	0	-1100.805	0.5725715
510500	-1054.479	0	-1054.479	0.6534901
511000	-1127.192	0	-1127.192	0.6429388
511500	-1112.032	0	-1112.032	0.5810825
512000	-1081.275	0	-1081.275	0.5562678
512500	-1063.639	0	-1063.639	0.6893745
513000	-1042.014	0	-1042.014	0.553821
513500	-1053.387	0	-1053.387	0.6239768
514000	-1025.873	0	-1025.873	0.6732841
514500	-1088.338	0	-1088.338	0.7173295
515000	-1047.579	0	-1047.579	0.6638463
515500	-1118.118	0	-1118.118	0.412149
516000	-997.136	0	-997.136	0.7448341
516500	-1081.11	0	-1081.11	0.6429049
517000	-1016.796	0	-1016.796	0.7554442
517500	-1011.131	0	-1011.131	0.7060755
518000	-1056.545	0	-1056.545	0.7759729
518500	-1044.203	0	-1044.203	0.7516194
519000	-1086.996	0	-1086.996	0.6858288
519500	-1051.524	0	-1051.524	0.504824
520000	-1075.665	0	-1075.665	0.6791162
520500	-1105.996	0	-1105.996	0.6105108
521000	-1096.779	0	-1096.779	0.6964714
521500	-1172.376	0	-1172.376	0.6752886
522000	-1018.861	0	-1018.861	0.8481742
522500	-1029.564	0	-1029.564	0.8272336
523000	-996.1762	0	-996.1762	0.8856868
523500	-957.1204	0	-957.1204	0.8589632
524000	-882.7137	0	-882.7137	0.8013119
524500	-922.0043	0	-922.0043	0.7935054
525000	-1065.402	0	-1065.402	0.730561
525500	-1040.688	0	-1040.688	0.8246184
526000	-1056.598	0	-1056.598	0.6777671
526500	-1130.53	0	-1130.53	0.6493549
527000	-1087.244	0	-1087.244	0.5882238
527500	-1112.945	0	-1112.945	0.5648651
528000	-1072.789	0	-1072.789	0.6489269
528500	-1123.527	0	-1123.527	0.6129905
529000	-1117.093	0	-1117.093	0.7073908
529500	-997.2825	0	-997.2825	0.8060578
530000	-978.28	0	-978.28	0.6726777
530500	-1027.77	0	-1027.77	0.6921074
531000	-986.1833	0	-986.1833	0.7375199
531500	-940.2467	0	-940.2467	0.8033076
532000	-1018.645	0	-1018.645	0.8100221
532500	-1033.206	0	-1033.206	0.7540992
533000	-1008.55	0	-1008.55	0.7073571
533500	-1038.347	0	-1038.347	0.8492722
534000	-1018.208	0	-1018.208	0.8582217
534500	-1005.255	0	-1005.255	0.7119827
535000	-984.645	0	-984.645	0.8870835
535500	-968.5318	0	-968.5318	0.8764128
536000	-892.4824	0	-892.4824	0.8469699
536500	-954.3954	0	-954.3954	0.8648719
537000	-967.5313	0	-967.5313	0.8566824
537500	-905.6601	0	-905.6601	0.8930538
538000	-939.8003	0	-939.8003	0.8693119
538500	-925.5347	0	-925.5347	0.8916012
539000	-894.1892	0	-894.1892	0.9101735
539500	-819.0234	0	-819.0234	0.9029894
540000	-847.5166	0	-847.5166	0.8736317
540500	-970.6711	0	-970.6711	0.8007017
541000	-1051.83	0	-1051.83	0.6674941
541500	-1025.303	0	-1025.303	0.6288978
542000	-1006.688	0	-1006.688	0.5774971
542500	-1015.855	0	-1015.855	0.6196923
543000	-997.8765	0	-997.8765	0.6484965
543500	-957.5649	0	-957.5649	0.8110557
544000	-954.9372	0	-954.9372	0.7411017
544500	-937.3031	0	-937.3031	0.8177648
545000	-909.9465	0	-909.9465	0.7525927
545500	-991.8917	0	-991.8917	0.8170981
546000	-928.1327	0	-928.1327	0.8326804
546500	-923.021	0	-923.021	0.8094789
547000	-948.8638	0	-948.8638	0.785877
547500	-945.3995	0	-945.3995	0.7320288
548000	-888.0233	0	-888.0233	0.7184217
548500	-858.1093	0	-858.1093	0.6241088
549000	-899.0955	0	-899.0955	0.612468
549500	-919.8628	0	-919.8628	0.5925678
550000	-980.1404	0	-980.1404	0.6969084
550500	-950.8443	0	-950.8443	0.7106245
551000	-1054.242	0	-1054.242	0.6788658
551500	-1146.177	0	-1146.177	0.4262004
552000	-1107.58	0	-1107.58	0.5958214
552500	-1125.867	0	-1125.867	0.5810552
553000	-1106.527	0	-1106.527	0.632102
553500	-1094.122	0	-1094.122	0.6869802
554000	-1046.336	0	-1046.336	0.7771124
554500	-1007.941	0	-1007.941	0.7340487
555000	-1001.516	0	-1001.516	0.7167226
555500	-1066.427	0	-1066.427	0.7624166
556000	-1070.142	0	-1070.142	0.6053775
556500	-1095.254	0	-1095.254	0.6198321
557000	-1142.598	0	-1142.598	0.5467789
557500	-1197.708	0	-1197.708	0.629895
558000	-1125.648	0	-1125.648	0.688381
558500	-1112.603	0	-1112.603	0.6897438
559000	-1118.061	0	-1118.061	0.5657082
559500	-1068.876	0	-1068.876	0.6352058
560000	-1076.649	0	-1076.649	0.6620436
560500	-1076.366	0	-1076.366	0.8054146
561000	-1074.221	0	-1074.221	0.7090701
561500	-1086.063	0	-1086.063	0.7186895
562000	-1051.27	0	-1051.27	0.7555104
562500	-1085.46	0	-1085.46	0.6695168
563000	-1017.295	0	-1017.295	0.6843712
563500	-1116.332	0	-1116.332	0.6809261
564000	-1155.234	0	-1155.234	0.7016636
564500	-1089.331	0	-1089.331	0.791129
565000	-1133.922	0	-1133.922	0.696384
565500	-1136.406	0	-1136.406	0.6731851
566000	-1112.695	0	-1112.695	0.7239152
566500	-1045.994	0	-1045.994	0.8435483
567000	-1090.44	0	-1090.44	0.7882799
567500	-1135.824	0	-1135.824	0.7272204
568000	-1117.156	0	-1117.156	0.7051122
568500	-1171.795	0	-1171.795	0.6767026
569000	-1177.687	0	-1177.687	0.7427297
569500	-1144.561	0	-1144.561	0.7510357
570000	-1114.341	0	-1114.341	0.8671917
570500	-1110.041	0	-1110.041	0.826886
571000	-1122.672	0	-1122.672	0.8538317
571500	-1120.585	0	-1120.585	0.8010906
572000	-1126.665	0	-1126.665	0.8021289
572500	-1115.509	0	-1115.509	0.8149362
573000	-1148.73	0	-1148.73	0.7580512
573500	-1110.863	0	-1110.863	0.749123
574000	-1196.468	0	-1196.468	0.4615902
574500	-1178.438	0	-1178.438	0.4808806
575000	-1164.503	0	-1164.503	0.6229113
575500	-1124.708	0	-1124.708	0.7540405
576000	-1060.683	0	-1060.683	0.7904422
576500	-1086.353	0	-1086.353	0.7310512
577000	-1097.573	0	-1097.573	0.7237251
577500	-1069.948	0	-1069.948	0.7499324
578000	-1093.384	0	-1093.384	0.6322803
578500	-1107.498	0	-1107.498	0.7261609
579000	-1109.264	0	-1109.264	0.7449154
579500	-1099.892	0	-1099.892	0.7932126
580000	-1037.366	0	-1037.366	0.7597723
580500	-1066.679	0	-1066.679	0.7188633
581000	-981.2145	0	-981.2145	0.7906624
581500	-999.1296	0	-999.1296	0.7746468
582000	-963.8251	0	-963.8251	0.7653507
582500	-1002.292	0	-1002.292	0.7161468
583000	-971.7149	0	-971.7149	0.7486357
583500	-1007.374	0	-1007.374	0.6722177
584000	-988.299	0	-988.299	0.8222744
584500	-973.6389	0	-973.6389	0.8114799
585000	-1003.082	0	-1003.082	0.8081186
585500	-1014.351	0	-1014.351	0.8519665
586000	-1002.153	0	-1002.153	0.872455
586500	-1004.16	0	-1004.16	0.8214294
587000	-989.4397	0	-989.4397	0.8342061
587500	-962.734	0	-962.734	0.8536461
588000	-987.6391	0	-987.6391	0.8338649
588500	-951.5035	0	-951.5035	0.7230266
589000	-1033.224	0	-1033.224	0.6279421
589500	-1091.474	0	-1091.474	0.6628663
590000	-990.3238	0	-990.3238	0.7592308
590500	-1066.403	0	-1066.403	0.7728482
591000	-1081.704	0	-1081.704	0.7880115
591500	-1176.471	0	-1176.471	0.6594007
592000	-1113.084	0	-1113.084	0.5593133
592500	-1037.065	0	-1037.065	0.7486411
593000	-1022.874	0	-1022.874	0.7984214
593500	-966.0383	0	-966.0383	0.6958097
594000	-1030.452	0	-1030.452	0.7020124
594500	-1039.449	0	-1039.449	0.7635318
595000	-1022.508	0	-1022.508	0.7869364
595500	-1027.235	0	-1027.235	0.6211931
596000	-981.1284	0	-981.1284	0.7280149
596500	-969.7419	0	-969.7419	0.73047
597000	-957.2683	0	-957.2683	0.8157189
597500	-975.5236	0	-975.5236	0.8478437
598000	-937.6953	0	-937.6953	0.879399
598500	-959.7254	0	-959.7254	0.8614603
599000	-1018.851	0	-1018.851	0.8238166
599500	-1061.814	0	-1061.814	0.7525142
600000	-1064.875	0	-1064.875	0.7439945
600500	-1098.212	0	-1098.212	0.5642832
601000	-1049.38	0	-1049.38	0.6726822
601500	-1067.821	0	-1067.821	0.7053959
602000	-1046.436	0	-1046.436	0.7338897
602500	-1087.674	0	-1087.674	0.6967095
603000	-1050.919	0	-1050.919	0.6518183
603500	-1077.501	0	-1077.501	0.6724177
604000	-1102.653	0	-1102.653	0.6851773
604500	-1028.485	0	-1028.485	0.7791453
605000	-1136.932	0	-1136.932	0.735996
605500	-1132.775	0	-1132.775	0.6438798
606000	-1170.054	0	-1170.054	0.5529532
606500	-1173.304	0	-1173.304	0.6489179
607000	-1217.398	0	-1217.398	0.5663437
607500	-1091.891	0	-1091.891	0.7991134
608000	-1092.491	0	-1092.491	0.8263186
608500	-1133.248	0	-1133.248	0.7689131
609000	-1164.062	0	-1164.062	0.5395226
609500	-1106.646	0	-1106.646	0.7504523
610000	-1075.067	0	-1075.067	0.6809602
610500	-1112.722	0	-1112.722	0.5450488
611000	-1128.943	0	-1128.943	0.4723545
611500	-1131.582	0	-1131.582	0.4296016
612000	-1022.363	0	-1022.363	0.6527792
612500	-1065.934	0	-1065.934	0.6480151
613000	-1024.285	0	-1024.285	0.7513562
613500	-1040.272	0	-1040.272	0.4697555
614000	-1094.326	0	-1094.326	0.5289204
614500	-1058.904	0	-1058.904	0.5718469
615000	-1077.76	0	-1077.76	0.5597582
615500	-1096.663	0	-1096.663	0.503532
616000	-1035.768	0	-1035.768	0.5176167
616500	-1074.944	0	-1074.944	0.5876455
617000	-1041.978	0	-1041.978	0.6019796
617500	-944.2629	0	-944.2629	0.6197394
618000	-1013.825	0	-1013.825	0.6541638
618500	-1018.147	0	-1018.147	0.7442683
619000	-1044.59	0	-1044.59	0.6671836
619500	-1114.09	0	-1114.09	0.6128088
620000	-1067.669	0	-1067.669	0.5883857
620500	-1034.888	0	-1034.888	0.6890205
621000	-1020.796	0	-1020.796	0.6825397
621500	-1039.15	0	-1039.15	0.7292692
622000	-923.1549	0	-923.1549	0.7014642
622500	-866.15	0	-866.15	0.6882569
623000	-857.0545	0	-857.0545	0.7168666
623500	-969.8099	0	-969.8099	0.6723743
624000	-983.315	0	-983.315	0.6924992
624500	-1031.758	0	-1031.758	0.6944098
625000	-982.7085	0	-982.7085	0.7179034
625500	-1033.738	0	-1033.738	0.8034275
626000	-1003.904	0	-1003.904	0.6960845
626500	-1064.867	0	-1064.867	0.6002261
627000	-1037.525	0	-1037.525	0.7522706
627500	-1012.248	0	-1012.248	0.7032329
628000	-1034.552	0	-1034.552	0.7421996
628500	-953.6873	0	-953.6873	0.7380163
629000	-1051.574	0	-1051.574	0.6631779
629500	-981.8557	0	-981.8557	0.7138945
630000	-1011.467	0	-1011.467	0.7083528
630500	-1080.15	0	-1080.15	0.5844785
631000	-1046.553	0	-1046.553	0.7110882
631500	-1055.28	0	-1055.28	0.6829203
632000	-1104.269	0	-1104.269	0.5431721
632500	-1149.343	0	-1149.343	0.3951393
633000	-1119.028	0	-1119.028	0.4295696
633500	-1075.589	0	-1075.589	0.4738134
634000	-1083.593	0	-1083.593	0.3935152
634500	-1122.861	0	-1122.861	0.4618547
635000	-1099.184	0	-1099.184	0.3731216
635500	-1034.674	0	-1034.674	0.5176228
636000	-949.8802	0	-949.8802	0.5503781
636500	-1000.073	0	-1000.073	0.7141702
637000	-935.9005	0	-935.9005	0.7085688
637500	-931.217	0	-931.217	0.5342022
638000	-1000.044	0	-1000.044	0.5882833
638500	-980.1124	0	-980.1124	0.6006218
639000	-984.5938	0	-984.5938	0.6038382
639500	-996.1093	0	-996.1093	0.7208909
640000	-935.0634	0	-935.0634	0.7961306
640500	-968.8641	0	-968.8641	0.8074956
641000	-921.2556	0	-921.2556	0.7718469
641500	-920.9634	0	-920.9634	0.8022495
642000	-899.59	0	-899.59	0.7647308
642500	-891.3182	0	-891.3182	0.7880409
643000	-881.4551	0	-881.4551	0.8052561
643500	-978.3758	0	-978.3758	0.7771577
644000	-894.0035	0	-894.0035	0.6764217
644500	-945.8361	0	-945.8361	0.6944041
645000	-1060.984	0	-1060.984	0.6345194
645500	-994.8234	0	-994.8234	0.4486119
646000	-1016.833	0	-1016.833	0.4792252
646500	-1098.419	0	-1098.419	0.4443318
647000	-1040.056	0	-1040.056	0.6656927
647500	-980.7948	0	-980.7948	0.7154099
648000	-921.8905	0	-921.8905	0.7555814
648500	-1005.353	0	-1005.353	0.6889481
649000	-1006.147	0	-1006.147	0.7668268
649500	-1003.335	0	-1003.335	0.6902241
650000	-1008.563	0	-1008.563	0.7167391
650500	-866.2608	0	-866.2608	0.8529566
651000	-914.7823	0	-914.7823	0.8312198
651500	-901.9039	0	-901.9039	0.7462891
652000	-871.6239	0	-871.6239	0.787615
652500	-941.9759	0	-941.9759	0.7885159
653000	-869.642	0	-869.642	0.7460447
653500	-852.9564	0	-852.9564	0.7731838
654000	-919.7401	0	-919.7401	0.809813
654500	-997.3936	0	-997.3936	0.8296169
655000	-953.0727	0	-953.0727	0.7625183
655500	-853.5366	0	-853.5366	0.7515686
656000	-951.2992	0	-951.2992	0.8386335
656500	-922.2761	0	-922.2761	0.7940597
657000	-890.0866	0	-890.0866	0.8298038
657500	-926.8908	0	-926.8908	0.7520409
658000	-934.8906	0	-934.8906	0.8123562
658500	-907.0835	0	-907.0835	0.8081573
659000	-942.3172	0	-942.3172	0.8609824
659500	-867.1386	0	-867.1386	0.8848013
660000	-857.1169	0	-857.1169	0.7903662
660500	-921.0056	0	-921.0056	0.7102057
661000	-916.8992	0	-916.8992	0.6871026
661500	-933.0152	0	-933.0152	0.6195564
662000	-966.2622	0	-966.2622	0.5222199
662500	-930.5627	0	-930.5627	0.3728481
663000	-994.7509	0	-994.7509	0.3929188
663500	-1012.616	0	-1012.616	0.4658177
664000	-1073.332	0	-1073.332	0.4826119
664500	-1080.7	0	-1080.7	0.6546513
665000	-845.1912	0	-845.1912	0.6176491
665500	-719.3835	0	-719.3835	0.6237597
666000	-862.3662	0	-862.3662	0.6504363
666500	-913.653	0	-913.653	0.7731594
667000	-940.5792	0	-940.5792	0.800811
667500	-875.9717	0	-875.9717	0.7948522
668000	-982.102	0	-982.102	0.7561257
668500	-931.9536	0	-931.9536	0.7365838
669000	-983.797	0	-983.797	0.7775115
669500	-1044.597	0	-1044.597	0.7712892
670000	-1034.681	0	-1034.681	0.7075308
670500	-1059.228	0	-1059.228	0.711158
671000	-1045.821	0	-1045.821	0.7041567
671500	-1025.649	0	-1025.649	0.7706934
672000	-1089.213	0	-1089.213	0.7502994
672500	-1131.007	0	-1131.007	0.7586139
673000	-1194.28	0	-1194.28	0.6268026
673500	-1132.716	0	-1132.716	0.8145776
674000	-1157.791	0	-1157.791	0.7894732
674500	-1130.278	0	-1130.278	0.78104
675000	-1037.568	0	-1037.568	0.8054557
675500	-1042.649	0	-1042.649	0.8544694
676000	-1134.167	0	-1134.167	0.6598302
676500	-1058.083	0	-1058.083	0.7999739
677000	-1057.377	0	-1057.377	0.7649101
677500	-1073.932	0	-1073.932	0.8307124
678000	-1089.267	0	-1089.267	0.796199
678500	-1035.25	0	-1035.25	0.7111394
679000	-1012.569	0	-1012.569	0.8063563
679500	-1053.265	0	-1053.265	0.7029624
680000	-963.1509	0	-963.1509	0.6490992
680500	-908.1839	0	-908.1839	0.6569652
681000	-983.0523	0	-983.0523	0.695362
681500	-839.9559	0	-839.9559	0.761
682000	-888.7291	0	-888.7291	0.7292139
682500	-945.9609	0	-945.9609	0.5363042
683000	-877.6213	0	-877.6213	0.5557332
683500	-847.4178	0	-847.4178	0.5447742
684000	-831.2008	0	-831.2008	0.5481469
684500	-814.0184	0	-814.0184	0.5243852
685000	-781.6696	0	-781.6696	0.5206858
685500	-812.0915	0	-812.0915	0.5220805
686000	-793.0241	0	-793.0241	0.5210821
686500	-844.5357	0	-844.5357	0.5290653
687000	-733.9662	0	-733.9662	0.520564
687500	-855.7116	0	-855.7116	0.5199474
688000	-987.8986	0	-987.8986	0.5188483
688500	-1004.794	0	-1004.794	0.5016819
689000	-924.6356	0	-924.6356	0.5450636
689500	-968.6558	0	-968.6558	0.5539113
690000	-998.8091	0	-998.8091	0.5839653
690500	-960.3259	0	-960.3259	0.6140267
691000	-940.1821	0	-940.1821	0.624186
691500	-857.7851	0	-857.7851	0.5920378
692000	-773.899	0	-773.899	0.5839605
692500	-891.6501	0	-891.6501	0.5951079
693000	-943.1885	0	-943.1885	0.6656372
693500	-872.1144	0	-872.1144	0.6384394
694000	-924.3976	0	-924.3976	0.5681697
694500	-973.0151	0	-973.0151	0.6519319
695000	-958.9236	0	-958.9236	0.7547243
695500	-971.6278	0	-971.6278	0.5577508
696000	-916.8739	0	-916.8739	0.704829
696500	-1028.659	0	-1028.659	0.6275965
697000	-1002.573	0	-1002.573	0.6988917
697500	-993.6629	0	-993.6629	0.7251293
698000	-1002.92	0	-1002.92	0.7641043
698500	-940.406	0	-940.406	0.8354605
699000	-872.9192	0	-872.9192	0.7745927
699500	-937.6581	0	-937.6581	0.7846945
700000	-895.7433	0	-895.7433	0.8793353
700500	-831.3722	0	-831.3722	0.8781027
701000	-877.7167	0	-877.7167	0.8091472
701500	-844.9346	0	-844.9346	0.7531657
702000	-946.3707	0	-946.3707	0.7779692
702500	-819.741	0	-819.741	0.8130541
703000	-786.8818	0	-786.8818	0.7761631
703500	-780.2122	0	-780.2122	0.7980125
704000	-913.0346	0	-913.0346	0.790846
704500	-1024.579	0	-1024.579	0.7810236
705000	-1042.172	0	-1042.172	0.7396322
705500	-1010.709	0	-1010.709	0.8018342
706000	-1006.856	0	-1006.856	0.7551901
706500	-939.743	0	-939.743	0.7165271
707000	-979.7132	0	-979.7132	0.6308142
707500	-996.3066	0	-996.3066	0.5420154
708000	-963.4812	0	-963.4812	0.5184445
708500	-971.2688	0	-971.2688	0.4971054
709000	-930.4484	0	-930.4484	0.5467751
709500	-910.951	0	-910.951	0.4749713
710000	-923.399	0	-923.399	0.4412432
710500	-987.22	0	-987.22	0.4893327
711000	-927.5737	0	-927.5737	0.4826416
711500	-953.5956	0	-953.5956	0.5092381
712000	-1037.208	0	-1037.208	0.5411779
712500	-1036.878	0	-1036.878	0.5346774
713000	-1074.166	0	-1074.166	0.6288171
713500	-1004.495	0	-1004.495	0.5564429
714000	-1055.339	0	-1055.339	0.612981
714500	-944.1967	0	-944.1967	0.7412492
715000	-1011.932	0	-1011.932	0.7399072
715500	-1020.544	0	-1020.544	0.6241404
716000	-1020.061	0	-1020.061	0.6848602
716500	-1083.095	0	-1083.095	0.5976313
717000	-1010.793	0	-1010.793	0.6498391
717500	-968.2753	0	-968.2753	0.6695981
718000	-967.2851	0	-967.2851	0.6077605
718500	-938.8615	0	-938.8615	0.5320373
719000	-880.7739	0	-880.7739	0.6056353
719500	-959.045	0	-959.045	0.7646611
720000	-932.0326	0	-932.0326	0.7443483
720500	-955.0623	0	-955.0623	0.8488316
721000	-882.4817	0	-882.4817	0.770112
721500	-975.6567	0	-975.6567	0.6632237
722000	-1009.752	0	-1009.752	0.5453985
722500	-1074.053	0	-1074.053	0.4770399
723000	-1049.269	0	-1049.269	0.5412463
723500	-1091.441	0	-1091.441	0.5340785
724000	-890.2879	0	-890.2879	0.6128867
724500	-901.3577	0	-901.3577	0.6093719
725000	-950.0013	0	-950.0013	0.6406833
725500	-1060.501	0	-1060.501	0.6974774
726000	-1072.821	0	-1072.821	0.5995315
726500	-1020.811	0	-1020.811	0.5869349
727000	-1042.545	0	-1042.545	0.6267327
727500	-1052.425	0	-1052.425	0.5201785
728000	-1087.731	0	-1087.731	0.4996972
728500	-1091.275	0	-1091.275	0.4863199
729000	-1033.833	0	-1033.833	0.484482
729500	-978.6	0	-978.6	0.6939858
730000	-1006.303	0	-1006.303	0.7302441
730500	-1012.529	0	-1012.529	0.6986078
731000	-1021.241	0	-1021.241	0.8074615
731500	-1009.487	0	-1009.487	0.7600719
732000	-1009.84	0	-1009.84	0.8065748
732500	-953.2948	0	-953.2948	0.8175164
733000	-1014.813	0	-1014.813	0.7606608
733500	-1106.875	0	-1106.875	0.6520728
734000	-1113.567	0	-1113.567	0.7217457
734500	-1095.787	0	-1095.787	0.664022
735000	-1156.465	0	-1156.465	0.6483579
735500	-1094.9	0	-1094.9	0.5754889
736000	-1077.768	0	-1077.768	0.5757322
736500	-1047.482	0	-1047.482	0.5489115
737000	-1099.885	0	-1099.885	0.5255017
737500	-979.6804	0	-979.6804	0.5005006
738000	-1082.476	0	-1082.476	0.5188013
738500	-1000.738	0	-1000.738	0.5792815
739000	-1004.78	0	-1004.78	0.5976468
739500	-998.7335	0	-998.7335	0.6343253
740000	-1044.574	0	-1044.574	0.4216778
740500	-1006.92	0	-1006.92	0.5359041
741000	-946.9919	0	-946.9919	0.5275535
741500	-1049.166	0	-1049.166	0.5046115
742000	-1061.366	0	-1061.366	0.5654456
742500	-1023.446	0	-1023.446	0.473233
743000	-1090.898	0	-1090.898	0.4341581
743500	-1025.268	0	-1025.268	0.3853175
744000	-1044.067	0	-1044.067	0.4246362
744500	-1031.655	0	-1031.655	0.4658875
745000	-1005.965	0	-1005.965	0.5743854
745500	-1006.002	0	-1006.002	0.5360662
746000	-1016.643	0	-1016.643	0.6796147
746500	-1031.751	0	-1031.751	0.5287927
747000	-1064.083	0	-1064.083	0.3879309
747500	-1029.885	0	-1029.885	0.4682592
748000	-1074.824	0	-1074.824	0.5547282
748500	-1073.894	0	-1073.894	0.5621743
749000	-1050.924	0	-1050.924	0.488387
749500	-1103.781	0	-1103.781	0.5805088
750000	-1049.728	0	-1049.728	0.6311332
750500	-1161.74	0	-1161.74	0.5676636
751000	-1100.848	0	-1100.848	0.4671578
751500	-1104.433	0	-1104.433	0.5851787
752000	-1030.22	0	-1030.22	0.6243677
752500	-1036.117	0	-1036.117	0.6070244
753000	-912.2556	0	-912.2556	0.6314668
753500	-1040.672	0	-1040.672	0.6996156
754000	-1053.396	0	-1053.396	0.6229815
754500	-1016.717	0	-1016.717	0.6449674
755000	-1012.97	0	-1012.97	0.6638061
755500	-1024.216	0	-1024.216	0.5010393
756000	-957.8572	0	-957.8572	0.4171189
756500	-1040.037	0	-1040.037	0.5003005
757000	-1042.346	0	-1042.346	0.6652005
757500	-1054.059	0	-1054.059	0.7020386
758000	-1055.59	0	-1055.59	0.7586534
758500	-1064.544	0	-1064.544	0.6668809
759000	-1031.366	0	-1031.366	0.6261741
759500	-1039.479	0	-1039.479	0.5798799
760000	-1061.624	0	-1061.624	0.6420511
760500	-1068.421	0	-1068.421	0.6967906
761000	-1031.898	0	-1031.898	0.7074618
761500	-1075.217	0	-1075.217	0.7734362
762000	-1141.642	0	-1141.642	0.690489
762500	-1020.06	0	-1020.06	0.7266026
763000	-1136.565	0	-1136.565	0.6776372
763500	-1020.079	0	-1020.079	0.639811
764000	-1011.883	0	-1011.883	0.6471243
764500	-1069.252	0	-1069.252	0.5183214
765000	-1111.263	0	-1111.263	0.5005192
765500	-1045.574	0	-1045.574	0.4339252
766000	-1042.101	0	-1042.101	0.4433208
766500	-1072.969	0	-1072.969	0.5174394
767000	-1076.156	0	-1076.156	0.5707511
767500	-1076.72	0	-1076.72	0.6946992
768000	-1074.227	0	-1074.227	0.6249629
768500	-1110.171	0	-1110.171	0.7309892
769000	-1064.966	0	-1064.966	0.6092978
769500	-1020.645	0	-1020.645	0.7556605
770000	-991.2907	0	-991.2907	0.798151
770500	-997.0771	0	-997.0771	0.801484
771000	-1035.768	0	-1035.768	0.778385
771500	-987.0902	0	-987.0902	0.8460632
772000	-942.6419	0	-942.6419	0.8120396
772500	-1009.777	0	-1009.777	0.7307521
773000	-1045.691	0	-1045.691	0.8085942
773500	-988.5939	0	-988.5939	0.7915665
774000	-961.1306	0	-961.1306	0.8071228
774500	-948.0397	0	-948.0397	0.7525674
775000	-931.4236	0	-931.4236	0.803497
775500	-984.0149	0	-984.0149	0.7923495
776000	-898.12	0	-898.12	0.7856942
776500	-946.1797	0	-946.1797	0.7287233
777000	-917.5762	0	-917.5762	0.7876468
777500	-961.7277	0	-961.7277	0.7564893
778000	-987.6919	0	-987.6919	0.8691151
778500	-989.3067	0	-989.3067	0.8448801
779000	-1000.607	0	-1000.607	0.7983861
779500	-1027.39	0	-1027.39	0.843468
780000	-1013.806	0	-1013.806	0.7976419
780500	-1026.374	0	-1026.374	0.7959588
781000	-946.5084	0	-946.5084	0.7973461
781500	-1050.093	0	-1050.093	0.7868076
782000	-967.2937	0	-967.2937	0.800429
782500	-969.7351	0	-969.7351	0.7866056
783000	-1015.452	0	-1015.452	0.8307481
783500	-987.3577	0	-987.3577	0.7794739
784000	-964.879	0	-964.879	0.7589032
784500	-993.6555	0	-993.6555	0.7974308
785000	-1065.53	0	-1065.53	0.8064879
785500	-1018.43	0	-1018.43	0.7930315
786000	-1029.471	0	-1029.471	0.7781033
786500	-1115.24	0	-1115.24	0.6781177
787000	-1169.364	0	-1169.364	0.6999067
787500	-1237.369	0	-1237.369	0.5692594
788000	-1220.838	0	-1220.838	0.4706374
788500	-1205.726	0	-1205.726	0.590607
789000	-1208.299	0	-1208.299	0.661744
789500	-1151.679	0	-1151.679	0.6097994
790000	-1107.625	0	-1107.625	0.7395738
790500	-1123.18	0	-1123.18	0.6763701
791000	-1145.208	0	-1145.208	0.715863
791500	-1071.8	0	-1071.8	0.7721703
792000	-1023.511	0	-1023.511	0.7799063
792500	-1046.387	0	-1046.387	0.7370914
793000	-951.5237	0	-951.5237	0.8049937
793500	-976.8489	0	-976.8489	0.7255193
794000	-885.4711	0	-885.4711	0.7083285
794500	-951.6744	0	-951.6744	0.6727087
795000	-980.4828	0	-980.4828	0.7722446
795500	-1014.648	0	-1014.648	0.7614635
796000	-1068.001	0	-1068.001	0.7269532
796500	-1107.862	0	-1107.862	0.8101684
797000	-1056.896	0	-1056.896	0.8459006
797500	-1106.184	0	-1106.184	0.8268742
798000	-1146.929	0	-1146.929	0.7255087
798500	-1072.535	0	-1072.535	0.8122645
799000	-1060.997	0	-1060.997	0.8367365
799500	-1072.927	0	-1072.927	0.7737694
800000	-1069.356	0	-1069.356	0.7869829
800500	-1109.384	0	-1109.384	0.7751616
801000	-1055.768	0	-1055.768	0.7275003
801500	-1157.402	0	-1157.402	0.5885304
802000	-1124.538	0	-1124.538	0.6058816
802500	-1075.456	0	-1075.456	0.7315804
803000	-1085.693	0	-1085.693	0.773177
803500	-1132.846	0	-1132.846	0.7331444
804000	-1074.069	0	-1074.069	0.764594
804500	-1084.532	0	-1084.532	0.8083913
805000	-1135.771	0	-1135.771	0.7148478
805500	-1150.815	0	-1150.815	0.6979824
806000	-1107.239	0	-1107.239	0.7259829
806500	-1216.645	0	-1216.645	0.6759292
807000	-1185.671	0	-1185.671	0.5529586
807500	-1229.752	0	-1229.752	0.6046914
808000	-1168.833	0	-1168.833	0.6890102
808500	-1091.902	0	-1091.902	0.8377761
809000	-1055.532	0	-1055.532	0.8729017
809500	-984.1286	0	-984.1286	0.8442463
810000	-984.2185	0	-984.2185	0.8390866
810500	-1091.586	0	-1091.586	0.79835
811000	-1114.253	0	-1114.253	0.6391483
811500	-1058.25	0	-1058.25	0.7901539
812000	-1052.096	0	-1052.096	0.816335
812500	-1110.498	0	-1110.498	0.7633728
813000	-1081.224	0	-1081.224	0.8050373
813500	-1150.527	0	-1150.527	0.7814368
814000	-1073.233	0	-1073.233	0.6475406
814500	-1066.6	0	-1066.6	0.725482
815000	-1074.357	0	-1074.357	0.7263541
815500	-1063.099	0	-1063.099	0.7607169
816000	-928.105	0	-928.105	0.8027566
816500	-996.8673	0	-996.8673	0.794261
817000	-928.8577	0	-928.8577	0.7745256
817500	-1052.335	0	-1052.335	0.7123152
818000	-1032.865	0	-1032.865	0.8224719
818500	-958.6924	0	-958.6924	0.8938634
819000	-944.2454	0	-944.2454	0.80779
819500	-1058.5	0	-1058.5	0.7532
820000	-1073.856	0	-1073.856	0.8148302
820500	-996.4403	0	-996.4403	0.8956329
821000	-1046.585	0	-1046.585	0.8350114
821500	-1165.137	0	-1165.137	0.7052925
822000	-1130.225	0	-1130.225	0.5913291
822500	-1214.599	0	-1214.599	0.5393284
823000	-1134.615	0	-1134.615	0.4107363
823500	-1174.731	0	-1174.731	0.4965383
824000	-1113.22	0	-1113.22	0.4794563
824500	-1096.698	0	-1096.698	0.458223
825000	-1109.38	0	-1109.38	0.5293576
825500	-1083.915	0	-1083.915	0.6904842
826000	-1117.95	0	-1117.95	0.7886351
826500	-1113.347	0	-1113.347	0.7250933
827000	-997.6889	0	-997.6889	0.7208518
827500	-946.1152	0	-946.1152	0.7431958
828000	-908.6432	0	-908.6432	0.7651002
828500	-978.4051	0	-978.4051	0.7653879
829000	-956.0016	0	-956.0016	0.8037425
829500	-936.3794	0	-936.3794	0.801981
830000	-1001.659	0	-1001.659	0.8008208
830500	-922.5742	0	-922.5742	0.7772004
831000	-913.5574	0	-913.5574	0.7427887
831500	-989.3598	0	-989.3598	0.7538975
832000	-1062.185	0	-1062.185	0.5899687
832500	-1019.048	0	-1019.048	0.777267
833000	-1035.58	0	-1035.58	0.7071627
833500	-1021.624	0	-1021.624	0.7145472
834000	-1004.35	0	-1004.35	0.5570806
834500	-1111.343	0	-1111.343	0.2848962
835000	-1088.962	0	-1088.962	0.3163966
835500	-1056.235	0	-1056.235	0.439676
836000	-937.3482	0	-937.3482	0.4304032
836500	-990.3942	0	-990.3942	0.5148705
837000	-939.7536	0	-939.7536	0.5392767
837500	-1035.412	0	-1035.412	0.6320108
838000	-1083.736	0	-1083.736	0.7031561
838500	-1081.723	0	-1081.723	0.6773259
839000	-1064.844	0	-1064.844	0.7470495
839500	-1061.087	0	-1061.087	0.7241767
840000	-1028.63	0	-1028.63	0.7933487
840500	-1003.488	0	-1003.488	0.7929922
841000	-1083.925	0	-1083.925	0.7684301
841500	-1067.983	0	-1067.983	0.7135151
842000	-1115.122	0	-1115.122	0.7141799
842500	-1117.398	0	-1117.398	0.7160342
843000	-1183.065	0	-1183.065	0.4873224
843500	-1155.232	0	-1155.232	0.6008101
844000	-1189.663	0	-1189.663	0.5613158
844500	-1249.094	0	-1249.094	0.4588842
845000	-1144.317	0	-1144.317	0.6754242
845500	-1151.4	0	-1151.4	0.7343244
846000	-1154.306	0	-1154.306	0.6550708
846500	-1072.272	0	-1072.272	0.5483173
847000	-1035.753	0	-1035.753	0.7134176
847500	-1123.978	0	-1123.978	0.7601991
848000	-1078.713	0	-1078.713	0.668933
848500	-1039.439	0	-1039.439	0.6078683
849000	-1068.284	0	-1068.284	0.6852087
849500	-1020.788	0	-1020.788	0.5787688
850000	-1049.7	0	-1049.7	0.6785025
850500	-1155.85	0	-1155.85	0.6535716
851000	-988.9681	0	-988.9681	0.7044347
851500	-1060.453	0	-1060.453	0.6647934
852000	-1028.423	0	-1028.423	0.6988813
852500	-1045.522	0	-1045.522	0.6272944
853000	-1024.251	0	-1024.251	0.6219731
853500	-933.2364	0	-933.2364	0.7192046
854000	-883.6252	0	-883.6252	0.7719111
854500	-886.0984	0	-886.0984	0.802023
855000	-926.988	0	-926.988	0.8269119
855500	-929.9753	0	-929.9753	0.8264226
856000	-948.416	0	-948.416	0.8308442
856500	-831.9235	0	-831.9235	0.8607797
857000	-791.2045	0	-791.2045	0.8429919
857500	-835.0144	0	-835.0144	0.8418583
858000	-872.3628	0	-872.3628	0.8347424
858500	-798.5712	0	-798.5712	0.8312302
859000	-854.7617	0	-854.7617	0.8161404
859500	-887.8832	0	-887.8832	0.8307883
860000	-935.5597	0	-935.5597	0.7907194
860500	-1015.884	0	-1015.884	0.8204317
861000	-1053.686	0	-1053.686	0.8697269
861500	-1047.574	0	-1047.574	0.8384969
862000	-1030.535	0	-1030.535	0.8208663
862500	-1028.913	0	-1028.913	0.7233056
863000	-973.4529	0	-973.4529	0.7609339
863500	-946.2876	0	-946.2876	0.810595
864000	-958.7093	0	-958.7093	0.798772
864500	-941.9514	0	-941.9514	0.8121264
865000	-986.3267	0	-986.3267	0.770353
865500	-994.7613	0	-994.7613	0.7590481
866000	-990.4122	0	-990.4122	0.7500167
866500	-1081.67	0	-1081.67	0.6930395
867000	-1121.023	0	-1121.023	0.7085722
867500	-1115.133	0	-1115.133	0.810779
868000	-1048.84	0	-1048.84	0.8748036
868500	-1072.992	0	-1072.992	0.8687132
869000	-1019.912	0	-1019.912	0.778942
869500	-1008.269	0	-1008.269	0.8224249
870000	-1058.129	0	-1058.129	0.7442321
870500	-1106.219	0	-1106.219	0.697522
871000	-1035.743	0	-1035.743	0.8652166
871500	-1103.224	0	-1103.224	0.8501715
872000	-1084.516	0	-1084.516	0.8479401
872500	-1080.44	0	-1080.44	0.7823806
873000	-1137.856	0	-1137.856	0.764161
873500	-1139.351	0	-1139.351	0.6856828
874000	-1138.715	0	-1138.715	0.7452927
874500	-1164.697	0	-1164.697	0.7459507
875000	-1162.698	0	-1162.698	0.5118881
875500	-1173.03	0	-1173.03	0.7042657
876000	-1182.223	0	-1182.223	0.5640288
876500	-1115.157	0	-1115.157	0.6066615
877000	-1101.418	0	-1101.418	0.6812194
877500	-1116.614	0	-1116.614	0.6086771
878000	-1091.138	0	-1091.138	0.6413686
878500	-1143.64	0	-1143.64	0.7224573
879000	-1146.003	0	-1146.003	0.620394
879500	-1102.058	0	-1102.058	0.6904523
880000	-955.845	0	-955.845	0.8370691
880500	-1032.626	0	-1032.626	0.8392447
881000	-1078.421	0	-1078.421	0.812442
881500	-1014.801	0	-1014.801	0.7955751
882000	-1033.377	0	-1033.377	0.8766531
882500	-1085.158	0	-1085.158	0.8232924
883000	-999.1343	0	-999.1343	0.8561418
883500	-1068.55	0	-1068.55	0.8222118
884000	-1006.118	0	-1006.118	0.724159
884500	-979.8074	0	-979.8074	0.8350888
885000	-1054.42	0	-1054.42	0.8289729
885500	-1142.638	0	-1142.638	0.7218242
886000	-1131.728	0	-1131.728	0.7396532
886500	-1161.904	0	-1161.904	0.5230257
887000	-1163.211	0	-1163.211	0.578662
887500	-1083.047	0	-1083.047	0.5882932
888000	-1104.853	0	-1104.853	0.6122946
888500	-1086.048	0	-1086.048	0.562744
889000	-1046.611	0	-1046.611	0.5316367
889500	-1123.619	0	-1123.619	0.2838412
890000	-1087.256	0	-1087.256	0.3507415
890500	-984.6637	0	-984.6637	0.6442737
891000	-991.256	0	-991.256	0.7006977
891500	-1036.188	0	-1036.188	0.6365586
892000	-1026.746	0	-1026.746	0.8113452
892500	-1090.54	0	-1090.54	0.7123814
893000	-1114.905	0	-1114.905	0.6714555
893500	-1068.478	0	-1068.478	0.5466447
894000	-1143.981	0	-1143.981	0.6615228
894500	-1202.036	0	-1202.036	0.4580563
895000	-1116.438	0	-1116.438	0.5277165
895500	-1112.081	0	-1112.081	0.6550278
896000	-1131.719	0	-1131.719	0.5526542
896500	-1123.677	0	-1123.677	0.6758307
897000	-1109.484	0	-1109.484	0.6869832
897500	-1203.456	0	-1203.456	0.6239496
898000	-1226.561	0	-1226.561	0.4957007
898500	-1226.874	0	-1226.874	0.6304808
899000	-1194.075	0	-1194.075	0.6001233
899500	-1096.084	0	-1096.084	0.7454146
900000	-1084.461	0	-1084.461	0.7731691
900500	-1116.332	0	-1116.332	0.6080654
901000	-1027.01	0	-1027.01	0.6849629
901500	-1089.937	0	-1089.937	0.6708537
902000	-1101.986	0	-1101.986	0.6937528
902500	-1051.396	0	-1051.396	0.5294016
903000	-1125.653	0	-1125.653	0.619316
903500	-1064.111	0	-1064.111	0.6851374
904000	-1093.673	0	-1093.673	0.7098627
904500	-1109.226	0	-1109.226	0.6146403
905000	-1070.437	0	-1070.437	0.5537845
905500	-1017.943	0	-1017.943	0.4299979
906000	-1080.278	0	-1080.278	0.3884185
906500	-1010.799	0	-1010.799	0.5859114
907000	-991.6671	0	-991.6671	0.5915153
907500	-1037.578	0	-1037.578	0.6403922
908000	-1023.857	0	-1023.857	0.5361307
908500	-1003.178	0	-1003.178	0.6061116
909000	-1134.349	0	-1134.349	0.5801637
909500	-1093.337	0	-1093.337	0.5926949
910000	-1104.503	0	-1104.503	0.6325041
910500	-1100.019	0	-1100.019	0.7041691
911000	-1132.835	0	-1132.835	0.6796454
911500	-1116.227	0	-1116.227	0.5791187
912000	-1111.872	0	-1111.872	0.6625025
912500	-1080.833	0	-1080.833	0.6053517
913000	-1118.061	0	-1118.061	0.7376123
913500	-1190.872	0	-1190.872	0.5188629
914000	-1180.981	0	-1180.981	0.6587431
914500	-1174.841	0	-1174.841	0.6411707
915000	-1087.542	0	-1087.542	0.7654966
915500	-978.4051	0	-978.4051	0.8859549
916000	-1087.395	0	-1087.395	0.8320767
916500	-1079.645	0	-1079.645	0.801873
917000	-1010.324	0	-1010.324	0.8340172
917500	-1057.809	0	-1057.809	0.7196658
918000	-1114.792	0	-1114.792	0.5956391
918500	-1151.558	0	-1151.558	0.5892288
919000	-1174.567	0	-1174.567	0.6515672
919500	-1168.87	0	-1168.87	0.6063132
920000	-1180.703	0	-1180.703	0.438194
920500	-1154.967	0	-1154.967	0.5081708
921000	-1168.09	0	-1168.09	0.5693887
921500	-1128.481	0	-1128.481	0.5604359
922000	-1131.493	0	-1131.493	0.4948518
922500	-1110.313	0	-1110.313	0.5915383
923000	-1093.902	0	-1093.902	0.6009386
923500	-1132.322	0	-1132.322	0.7749823
924000	-1093.179	0	-1093.179	0.7698938
924500	-1102.301	0	-1102.301	0.5547129
925000	-1147.506	0	-1147.506	0.5596536
925500	-1117.539	0	-1117.539	0.6119242
926000	-1088.2	0	-1088.2	0.63964
926500	-1107.776	0	-1107.776	0.7447655
927000	-1051.082	0	-1051.082	0.8418191
927500	-1048.013	0	-1048.013	0.7853182
928000	-1017.369	0	-1017.369	0.6755026
928500	-1067.623	0	-1067.623	0.7579281
929000	-946.6826	0	-946.6826	0.7895739
929500	-1032.365	0	-1032.365	0.7560621
930000	-1003.079	0	-1003.079	0.7303171
930500	-1024.646	0	-1024.646	0.7878352
931000	-1021.875	0	-1021.875	0.8269889
931500	-1143.309	0	-1143.309	0.7044249
932000	-1107.035	0	-1107.035	0.6837615
932500	-1087.9	0	-1087.9	0.6252923
933000	-994.9481	0	-994.9481	0.7309497
933500	-1008.644	0	-1008.644	0.6616267
934000	-1084.646	0	-1084.646	0.6865905
934500	-1139.039	0	-1139.039	0.4780913
935000	-1094.253	0	-1094.253	0.5129477
935500	-1050.285	0	-1050.285	0.7674704
936000	-1080.667	0	-1080.667	0.5714022
936500	-1008.21	0	-1008.21	0.6900878
937000	-985.1704	0	-985.1704	0.574785
937500	-999.4242	0	-999.4242	0.6582911
938000	-995.9529	0	-995.9529	0.7474526
938500	-1075.989	0	-1075.989	0.641563
939000	-1029.834	0	-1029.834	0.7216814
939500	-1048.802	0	-1048.802	0.7123759
940000	-1024.244	0	-1024.244	0.5882586
940500	-988.9056	0	-988.9056	0.6768713
941000	-1040.139	0	-1040.139	0.6850411
941500	-1033.113	0	-1033.113	0.7677648
942000	-961.9596	0	-961.9596	0.7477058
942500	-904.4075	0	-904.4075	0.7670516
943000	-952.6112	0	-952.6112	0.7655554
943500	-1008.954	0	-1008.954	0.6567432
944000	-1005.289	0	-1005.289	0.6648186
944500	-1006.37	0	-1006.37	0.6770897
945000	-984.4603	0	-984.4603	0.6516581
945500	-1087.589	0	-1087.589	0.6337894
946000	-1044.545	0	-1044.545	0.7629062
946500	-1048.887	0	-1048.887	0.8320475
947000	-1024.189	0	-1024.189	0.777116
947500	-1053.303	0	-1053.303	0.8137339
948000	-1005.88	0	-1005.88	0.7648953
948500	-929.209	0	-929.209	0.7643937
949000	-919.0284	0	-919.0284	0.8706962
949500	-914.6741	0	-914.6741	0.8610829
950000	-1002.769	0	-1002.769	0.7731108
950500	-1037.371	0	-1037.371	0.8007088
951000	-966.8888	0	-966.8888	0.835209
951500	-867.4186	0	-867.4186	0.8160657
952000	-1045.69	0	-1045.69	0.7382867
952500	-996.2184	0	-996.2184	0.7087189
953000	-986.4692	0	-986.4692	0.8079299
953500	-980.2188	0	-980.2188	0.7757456
954000	-1078.425	0	-1078.425	0.6684281
954500	-1028.029	0	-1028.029	0.7047578
955000	-1061.947	0	-1061.947	0.6073701
955500	-1000.126	0	-1000.126	0.8285472
956000	-961.6037	0	-961.6037	0.8111468
956500	-976.7263	0	-976.7263	0.754308
957000	-1026.038	0	-1026.038	0.6546923
957500	-1105.82	0	-1105.82	0.6671597
958000	-1062.629	0	-1062.629	0.7854984
958500	-1046.687	0	-1046.687	0.7958328
959000	-1034.511	0	-1034.511	0.8481972
959500	-1040.913	0	-1040.913	0.76865
960000	-1082.265	0	-1082.265	0.7181018
960500	-1129.198	0	-1129.198	0.5309624
961000	-1048.898	0	-1048.898	0.7912766
961500	-1117.63	0	-1117.63	0.7648813
962000	-1098.264	0	-1098.264	0.7816538
962500	-1069.966	0	-1069.966	0.8477638
963000	-999.4835	0	-999.4835	0.7786494
963500	-1026.317	0	-1026.317	0.6620244
964000	-1059.894	0	-1059.894	0.779321
964500	-969.6339	0	-969.6339	0.8432119
965000	-1002.233	0	-1002.233	0.7933485
965500	-925.599	0	-925.599	0.9184196
966000	-1002.636	0	-1002.636	0.8168411
966500	-1037.616	0	-1037.616	0.8274715
967000	-1004.984	0	-1004.984	0.8470831
967500	-886.9439	0	-886.9439	0.8702863
968000	-973.4046	0	-973.4046	0.7971963
968500	-989.8461	0	-989.8461	0.8334438
969000	-1031.183	0	-1031.183	0.8567913
969500	-980.4125	0	-980.4125	0.8187469
970000	-1084.744	0	-1084.744	0.8301278
970500	-1010.284	0	-1010.284	0.8675836
971000	-1038.009	0	-1038.009	0.8324412
971500	-1079.396	0	-1079.396	0.8426531
972000	-1077.266	0	-1077.266	0.7871457
972500	-1093.942	0	-1093.942	0.8065335
973000	-1092.021	0	-1092.021	0.7897668
973500	-1090.506	0	-1090.506	0.823211
974000	-1126.64	0	-1126.64	0.8024363
974500	-1123.759	0	-1123.759	0.7523198
975000	-1095.697	0	-1095.697	0.7185407
975500	-1063.77	0	-1063.77	0.5993144
976000	-1133.097	0	-1133.097	0.6802644
976500	-1026.164	0	-1026.164	0.8237172
977000	-1032.838	0	-1032.838	0.8379596
977500	-1083.089	0	-1083.089	0.8228242
978000	-1092.883	0	-1092.883	0.7912856
978500	-1024.609	0	-1024.609	0.7762756
979000	-1149.625	0	-1149.625	0.7182634
979500	-1171.254	0	-1171.254	0.7072393
980000	-1052.376	0	-1052.376	0.6842974
980500	-1125.364	0	-1125.364	0.7136564
981000	-1097.315	0	-1097.315	0.8057335
981500	-1109.381	0	-1109.381	0.6221985
982000	-1182.877	0	-1182.877	0.5895666
982500	-1186.926	0	-1186.926	0.6945593
983000	-1101.809	0	-1101.809	0.7558877
983500	-1122.629	0	-1122.629	0.7405752
984000	-1132.572	0	-1132.572	0.7003573
984500	-1101.098	0	-1101.098	0.6271603
985000	-1100.254	0	-1100.254	0.6724551
985500	-1135.886	0	-1135.886	0.6968625
986000	-1115.551	0	-1115.551	0.6461672
986500	-1095.224	0	-1095.224	0.7391642
987000	-1099.135	0	-1099.135	0.7510897
987500	-1137.556	0	-1137.556	0.6471183
988000	-1135.422	0	-1135.422	0.8155252
988500	-1153.191	0	-1153.191	0.7897959
989000	-1126.16	0	-1126.16	0.7355961
989500	-1137.7	0	-1137.7	0.6847051
990000	-1104.841	0	-1104.841	0.7794562
990500	-1057.179	0	-1057.179	0.7865402
991000	-1051.201	0	-1051.201	0.7600899
991500	-1028.42	0	-1028.42	0.8106861
992000	-1117.213	0	-1117.213	0.7801694
992500	-1072.897	0	-1072.897	0.6597283
993000	-1074.056	0	-1074.056	0.6178808
993500	-1186.203	0	-1186.203	0.5773323
994000	-1179.115	0	-1179.115	0.541271
994500	-1188.062	0	-1188.062	0.6017466
995000	-1151.946	0	-1151.946	0.505102
995500	-1201.877	0	-1201.877	0.469802
996000	-1199.868	0	-1199.868	0.3712032
996500	-1192.508	0	-1192.508	0.4746045
997000	-1115.793	0	-1115.793	0.6699168
997500	-1104.184	0	-1104.184	0.6594318
998000	-1022.427	0	-1022.427	0.5980924
998500	-1061.154	0	-1061.154	0.7261511
999000	-1110.146	0	-1110.146	0.5324006
999500	-1071.292	0	-1071.292	0.5029187
1000000	-977.6529	0	-977.6529	0.5127427
