Iteration	Posterior	Likelihood	Prior	rho[1][3]
0	-6745.466	0	-6745.466	-0.05486881
500	-1185.533	0	-1185.533	0.03235214
1000	-1216.797	0	-1216.797	-0.02671736
1500	-1163.849	0	-1163.849	-0.0873175
2000	-1138.38	0	-1138.38	-0.1671409
2500	-1155.783	0	-1155.783	0.02517094
3000	-1172.92	0	-1172.92	-0.3236622
3500	-1132.039	0	-1132.039	-0.03913785
4000	-1128.967	0	-1128.967	0.007732465
4500	-1136.101	0	-1136.101	-0.1808442
5000	-1139.731	0	-1139.731	-0.2052406
5500	-1092.51	0	-1092.51	-0.3453186
6000	-1169.09	0	-1169.09	-0.2788736
6500	-1088.315	0	-1088.315	-0.1172553
7000	-1083.653	0	-1083.653	-0.157994
7500	-1067.347	0	-1067.347	-0.1823739
8000	-1094.446	0	-1094.446	-0.2633505
8500	-1066.858	0	-1066.858	-0.1531616
9000	-1045.527	0	-1045.527	-0.1117305
9500	-961.6165	0	-961.6165	-0.3056933
10000	-1074.431	0	-1074.431	-0.2518447
10500	-1082.994	0	-1082.994	-0.1628311
11000	-1032.749	0	-1032.749	-0.1675348
11500	-958.273	0	-958.273	-0.1444904
12000	-973.0777	0	-973.0777	-0.1606795
12500	-1015.582	0	-1015.582	-0.1907438
13000	-965.4343	0	-965.4343	-0.03271278
13500	-944.1389	0	-944.1389	0.1047593
14000	-896.4239	0	-896.4239	-0.004694324
14500	-897.9202	0	-897.9202	-0.01349513
15000	-804.0202	0	-804.0202	-0.03411887
15500	-850.6665	0	-850.6665	-0.06257646
16000	-869.6155	0	-869.6155	0.04674493
16500	-810.654	0	-810.654	0.02267533
17000	-852.7999	0	-852.7999	-0.03628899
17500	-890.9402	0	-890.9402	-0.06807813
18000	-990.1745	0	-990.1745	-0.1815167
18500	-860.0064	0	-860.0064	-0.1537696
19000	-956.1029	0	-956.1029	-0.1807515
19500	-965.8109	0	-965.8109	-0.2025651
20000	-979.7356	0	-979.7356	-0.2183147
20500	-1046.56	0	-1046.56	-0.1662406
21000	-1038.777	0	-1038.777	-0.2233043
21500	-927.8782	0	-927.8782	0.03017547
22000	-962.7937	0	-962.7937	-0.04418103
22500	-1022.452	0	-1022.452	-0.00501998
23000	-956.8842	0	-956.8842	-0.06765127
23500	-974.9478	0	-974.9478	-0.1397694
24000	-883.5311	0	-883.5311	-0.1827738
24500	-978.0493	0	-978.0493	-0.1236214
25000	-965.0673	0	-965.0673	-0.3181603
25500	-992.2978	0	-992.2978	-0.2772979
26000	-964.5376	0	-964.5376	-0.3977141
26500	-995.6821	0	-995.6821	-0.4005234
27000	-1016.627	0	-1016.627	-0.35684
27500	-1079.82	0	-1079.82	-0.2777109
28000	-1068.151	0	-1068.151	-0.04872964
28500	-1034.211	0	-1034.211	-0.156398
29000	-1138.565	0	-1138.565	-0.129751
29500	-1156.931	0	-1156.931	-0.4077503
30000	-1074.967	0	-1074.967	-0.455533
30500	-1091.418	0	-1091.418	-0.4894219
31000	-1127.784	0	-1127.784	-0.3687997
31500	-1089.804	0	-1089.804	-0.3209232
32000	-1082.073	0	-1082.073	-0.3704659
32500	-1078.689	0	-1078.689	-0.3252905
33000	-988.6399	0	-988.6399	-0.4594481
33500	-1008.612	0	-1008.612	-0.2988249
34000	-1101.261	0	-1101.261	-0.2482211
34500	-1169.263	0	-1169.263	-0.2776857
35000	-1137.676	0	-1137.676	-0.1430622
35500	-1164.916	0	-1164.916	0.01092041
36000	-1167.479	0	-1167.479	-0.03453036
36500	-1112.28	0	-1112.28	-0.07168617
37000	-1158.522	0	-1158.522	-0.1719875
37500	-1169.576	0	-1169.576	-0.1252479
38000	-1157.366	0	-1157.366	-0.07581551
38500	-1169.779	0	-1169.779	0.07986768
39000	-1219.01	0	-1219.01	0.01574155
39500	-1130.516	0	-1130.516	-0.1452044
40000	-1103.616	0	-1103.616	-0.3255524
40500	-1151.664	0	-1151.664	-0.02002665
41000	-1155.979	0	-1155.979	-0.1759966
41500	-1180.23	0	-1180.23	-0.190283
42000	-1166.521	0	-1166.521	-0.1875584
42500	-1149.484	0	-1149.484	-0.09141149
43000	-1103.486	0	-1103.486	-0.02510308
43500	-1181.257	0	-1181.257	-0.02547971
44000	-1231.849	0	-1231.849	-0.144556
44500	-1156.893	0	-1156.893	-0.02261654
45000	-1101.675	0	-1101.675	0.06153033
45500	-1094.8	0	-1094.8	0.07689686
46000	-1110.579	0	-1110.579	-0.1175167
46500	-1056.717	0	-1056.717	-0.032836
47000	-1040.56	0	-1040.56	0.1151838
47500	-979.094	0	-979.094	-0.2871036
48000	-1042.86	0	-1042.86	-0.2239492
48500	-1110.949	0	-1110.949	-0.2453988
49000	-1034.828	0	-1034.828	-0.1052321
49500	-987.6217	0	-987.6217	-0.1333718
50000	-1027.825	0	-1027.825	-0.1744979
50500	-1073.922	0	-1073.922	0.007521311
51000	-1121.539	0	-1121.539	-0.1344872
51500	-1082.174	0	-1082.174	-0.2045558
52000	-1081.142	0	-1081.142	-0.1209566
52500	-1108.563	0	-1108.563	0.02718575
53000	-1137.906	0	-1137.906	-0.02239121
53500	-1035.065	0	-1035.065	0.1668891
54000	-971.8506	0	-971.8506	0.11602
54500	-950.461	0	-950.461	0.1707307
55000	-1009.286	0	-1009.286	0.1011298
55500	-905.3449	0	-905.3449	0.1162911
56000	-980.225	0	-980.225	-0.04429626
56500	-966.6051	0	-966.6051	0.06551767
57000	-853.9578	0	-853.9578	0.05666124
57500	-873.9882	0	-873.9882	0.07244613
58000	-849.2551	0	-849.2551	0.07647995
58500	-853.4794	0	-853.4794	0.02173111
59000	-1014.25	0	-1014.25	0.1041558
59500	-972.6147	0	-972.6147	0.07392571
60000	-980.7158	0	-980.7158	0.2023863
60500	-1072.881	0	-1072.881	0.05333806
61000	-1055.162	0	-1055.162	0.09473904
61500	-999.0041	0	-999.0041	0.206974
62000	-980.0503	0	-980.0503	0.2064138
62500	-979.3376	0	-979.3376	0.0597885
63000	-905.5441	0	-905.5441	0.1638143
63500	-886.4264	0	-886.4264	0.2197404
64000	-939.8137	0	-939.8137	0.1346128
64500	-934.2144	0	-934.2144	0.02935671
65000	-932.3087	0	-932.3087	0.06347913
65500	-939.5739	0	-939.5739	-0.07255188
66000	-957.8736	0	-957.8736	-0.05610698
66500	-1011.045	0	-1011.045	-0.05950526
67000	-1035.736	0	-1035.736	0.1350163
67500	-988.0071	0	-988.0071	0.1562286
68000	-950.422	0	-950.422	0.123005
68500	-1002.681	0	-1002.681	0.092637
69000	-972.3115	0	-972.3115	0.1262675
69500	-1082.11	0	-1082.11	0.1013031
70000	-1008.55	0	-1008.55	-0.1035419
70500	-1030.067	0	-1030.067	-0.04312033
71000	-1071.212	0	-1071.212	0.04608581
71500	-955.7036	0	-955.7036	0.1400109
72000	-1035.046	0	-1035.046	0.09574239
72500	-1023.039	0	-1023.039	0.02008615
73000	-1025.635	0	-1025.635	-0.05048321
73500	-1066.879	0	-1066.879	0.05382011
74000	-1162.256	0	-1162.256	0.2893319
74500	-1195.409	0	-1195.409	0.0931902
75000	-1129.753	0	-1129.753	0.1171419
75500	-1113.926	0	-1113.926	0.0361555
76000	-977.2596	0	-977.2596	0.1457865
76500	-998.1572	0	-998.1572	0.1991155
77000	-1080.032	0	-1080.032	0.2743609
77500	-1046.377	0	-1046.377	0.2333636
78000	-1053.464	0	-1053.464	-0.005709441
78500	-1038.64	0	-1038.64	0.06182853
79000	-1036.922	0	-1036.922	0.1178795
79500	-1091.654	0	-1091.654	0.2539014
80000	-1028.363	0	-1028.363	0.2418008
80500	-1016.282	0	-1016.282	0.092672
81000	-1036.054	0	-1036.054	0.09000093
81500	-1033.259	0	-1033.259	0.1164356
82000	-1027.046	0	-1027.046	0.07320488
82500	-1040.121	0	-1040.121	0.2208469
83000	-1026.411	0	-1026.411	-0.03998451
83500	-1033.282	0	-1033.282	0.09824747
84000	-1036.205	0	-1036.205	0.05035528
84500	-1038.83	0	-1038.83	0.06491786
85000	-1067.697	0	-1067.697	0.2191655
85500	-1024.92	0	-1024.92	0.1362349
86000	-981.0621	0	-981.0621	0.1876351
86500	-1017.007	0	-1017.007	0.08491265
87000	-982.4461	0	-982.4461	-0.04852798
87500	-1035.303	0	-1035.303	-0.122835
88000	-944.3265	0	-944.3265	-0.1384211
88500	-1034.841	0	-1034.841	-0.0610093
89000	-960.7877	0	-960.7877	-0.01083626
89500	-962.4941	0	-962.4941	-0.0518513
90000	-1033.293	0	-1033.293	-0.04207863
90500	-1111.12	0	-1111.12	-0.1425859
91000	-1121.876	0	-1121.876	-0.107562
91500	-1140.782	0	-1140.782	0.06116023
92000	-1128.877	0	-1128.877	0.01513191
92500	-1109.776	0	-1109.776	-0.1201316
93000	-1081.157	0	-1081.157	-0.02465007
93500	-1031.997	0	-1031.997	-0.1285699
94000	-975.9452	0	-975.9452	-0.3601823
94500	-987.7716	0	-987.7716	-0.2640345
95000	-1014.996	0	-1014.996	-0.155417
95500	-1007.548	0	-1007.548	-0.1646083
96000	-1029.437	0	-1029.437	-0.07627874
96500	-988.0021	0	-988.0021	0.04999493
97000	-1016.969	0	-1016.969	0.1595427
97500	-1083.252	0	-1083.252	0.3863484
98000	-980.9976	0	-980.9976	0.2529397
98500	-953.3276	0	-953.3276	0.130074
99000	-902.9388	0	-902.9388	0.1608604
99500	-970.3065	0	-970.3065	0.07460729
100000	-882.6017	0	-882.6017	0.1412545
100500	-1041.429	0	-1041.429	0.04907143
101000	-1030.851	0	-1030.851	0.115689
101500	-1081.508	0	-1081.508	-0.0240256
102000	-1066.778	0	-1066.778	0.1585576
102500	-1032.94	0	-1032.94	0.217753
103000	-1032.087	0	-1032.087	0.01703377
103500	-1010.38	0	-1010.38	0.1130617
104000	-971.573	0	-971.573	-0.05629271
104500	-1047.962	0	-1047.962	0.1005716
105000	-968.8826	0	-968.8826	0.3007831
105500	-897.7719	0	-897.7719	0.2587399
106000	-843.5792	0	-843.5792	0.2573889
106500	-802.1094	0	-802.1094	0.2540363
107000	-867.8437	0	-867.8437	0.2566864
107500	-849.3127	0	-849.3127	0.2569774
108000	-981.2126	0	-981.2126	0.2423428
108500	-910.9156	0	-910.9156	0.2317989
109000	-828.5822	0	-828.5822	0.2081048
109500	-814.5075	0	-814.5075	0.2084024
110000	-679.865	0	-679.865	0.2116518
110500	-708.9291	0	-708.9291	0.2124941
111000	-752.5611	0	-752.5611	0.2131553
111500	-737.1972	0	-737.1972	0.2130988
112000	-765.5859	0	-765.5859	0.2130613
112500	-846.3602	0	-846.3602	0.2100102
113000	-799.4436	0	-799.4436	0.2095871
113500	-728.9797	0	-728.9797	0.2116455
114000	-708.9337	0	-708.9337	0.2112939
114500	-686.1867	0	-686.1867	0.2099419
115000	-689.1493	0	-689.1493	0.2099419
115500	-673.8807	0	-673.8807	0.2091495
116000	-750.9469	0	-750.9469	0.2075797
116500	-674.4085	0	-674.4085	0.2075797
117000	-629.0137	0	-629.0137	0.2075829
117500	-635.4064	0	-635.4064	0.2074556
118000	-675.9889	0	-675.9889	0.2077682
118500	-665.7394	0	-665.7394	0.2077682
119000	-645.954	0	-645.954	0.2077682
119500	-720.3631	0	-720.3631	0.2081083
120000	-701.7012	0	-701.7012	0.2096309
120500	-735.8328	0	-735.8328	0.2089113
121000	-688.5852	0	-688.5852	0.2081937
121500	-728.2496	0	-728.2496	0.2081937
122000	-664.4156	0	-664.4156	0.2081937
122500	-669.4229	0	-669.4229	0.2081937
123000	-760.2117	0	-760.2117	0.2081937
123500	-648.6307	0	-648.6307	0.2096825
124000	-670.8708	0	-670.8708	0.2086464
124500	-652.645	0	-652.645	0.2086464
125000	-732.7891	0	-732.7891	0.2089753
125500	-728.9129	0	-728.9129	0.2078696
126000	-746.503	0	-746.503	0.2066856
126500	-730.1362	0	-730.1362	0.2030316
127000	-745.3282	0	-745.3282	0.2030316
127500	-750.9718	0	-750.9718	0.2004493
128000	-781.2483	0	-781.2483	0.201493
128500	-730.1357	0	-730.1357	0.2054052
129000	-729.535	0	-729.535	0.2054052
129500	-657.981	0	-657.981	0.2069246
130000	-682.2781	0	-682.2781	0.2069751
130500	-718.8947	0	-718.8947	0.2069751
131000	-728.2394	0	-728.2394	0.2073795
131500	-820.989	0	-820.989	0.2083283
132000	-823.0708	0	-823.0708	0.2070053
132500	-834.4051	0	-834.4051	0.2063632
133000	-837.7415	0	-837.7415	0.2116521
133500	-824.0135	0	-824.0135	0.2220713
134000	-810.5637	0	-810.5637	0.2206504
134500	-773.5519	0	-773.5519	0.2206949
135000	-817.6508	0	-817.6508	0.2195731
135500	-820.6932	0	-820.6932	0.2113648
136000	-804.6032	0	-804.6032	0.2112118
136500	-801.8917	0	-801.8917	0.2133744
137000	-835.8363	0	-835.8363	0.2106135
137500	-810.5758	0	-810.5758	0.2095364
138000	-806.0743	0	-806.0743	0.2114067
138500	-866.5889	0	-866.5889	0.2059804
139000	-941.9895	0	-941.9895	0.1964696
139500	-979.5258	0	-979.5258	0.1097726
140000	-980.0094	0	-980.0094	0.1192876
140500	-941.6195	0	-941.6195	0.2171577
141000	-892.9255	0	-892.9255	0.2315876
141500	-865.9176	0	-865.9176	0.2240061
142000	-873.8862	0	-873.8862	0.2216026
142500	-811.4513	0	-811.4513	0.2189723
143000	-829.345	0	-829.345	0.2173907
143500	-901.9337	0	-901.9337	0.2099264
144000	-869.2129	0	-869.2129	0.1928626
144500	-925.5514	0	-925.5514	0.1442958
145000	-953.7781	0	-953.7781	0.141908
145500	-945.0164	0	-945.0164	0.09395652
146000	-798.9209	0	-798.9209	0.1015777
146500	-831.0621	0	-831.0621	0.09942293
147000	-850.2527	0	-850.2527	0.09154456
147500	-933.7647	0	-933.7647	0.09309158
148000	-810.6792	0	-810.6792	0.1275858
148500	-872.9711	0	-872.9711	0.1325138
149000	-979.0949	0	-979.0949	0.1199232
149500	-946.5598	0	-946.5598	0.164577
150000	-867.5041	0	-867.5041	0.1371538
150500	-818.9442	0	-818.9442	0.1292582
151000	-827.5782	0	-827.5782	0.127964
151500	-996.4355	0	-996.4355	0.1283157
152000	-909.6978	0	-909.6978	0.1389041
152500	-930.7465	0	-930.7465	0.1167786
153000	-846.6735	0	-846.6735	0.1270068
153500	-695.9397	0	-695.9397	0.125807
154000	-757.4948	0	-757.4948	0.1256481
154500	-735.6123	0	-735.6123	0.1256481
155000	-795.9062	0	-795.9062	0.1264221
155500	-820.9845	0	-820.9845	0.1268468
156000	-830.4195	0	-830.4195	0.1303939
156500	-815.1825	0	-815.1825	0.1303939
157000	-897.6362	0	-897.6362	0.1317307
157500	-929.4802	0	-929.4802	0.1343018
158000	-932.5546	0	-932.5546	0.1102065
158500	-804.1967	0	-804.1967	0.115557
159000	-781.7064	0	-781.7064	0.115557
159500	-903.7377	0	-903.7377	0.114629
160000	-922.8825	0	-922.8825	0.1085617
160500	-907.5748	0	-907.5748	0.1285115
161000	-978.0229	0	-978.0229	0.119563
161500	-907.6211	0	-907.6211	0.1005767
162000	-965.8654	0	-965.8654	0.1387059
162500	-922.3974	0	-922.3974	0.09224556
163000	-956.5459	0	-956.5459	0.07059726
163500	-981.2783	0	-981.2783	0.06713202
164000	-1040.657	0	-1040.657	0.1014479
164500	-1007.612	0	-1007.612	0.07098684
165000	-1026.235	0	-1026.235	0.2191073
165500	-1042.668	0	-1042.668	0.1115608
166000	-1034.407	0	-1034.407	0.1260562
166500	-1070.384	0	-1070.384	-0.06223639
167000	-1073.638	0	-1073.638	-0.1014878
167500	-1064.796	0	-1064.796	-0.09203317
168000	-1018.45	0	-1018.45	-0.1983093
168500	-980.9715	0	-980.9715	-0.1104378
169000	-1061.762	0	-1061.762	-0.07056939
169500	-980.205	0	-980.205	-0.07796529
170000	-1018.927	0	-1018.927	-0.24184
170500	-1032.101	0	-1032.101	0.03735542
171000	-1026.245	0	-1026.245	0.0832001
171500	-964.2349	0	-964.2349	0.06672459
172000	-1016.749	0	-1016.749	0.2521871
172500	-942.5551	0	-942.5551	0.2556429
173000	-1018.551	0	-1018.551	0.2268167
173500	-871.5567	0	-871.5567	0.2056396
174000	-827.3392	0	-827.3392	0.2067468
174500	-976.3368	0	-976.3368	0.2153601
175000	-1050.675	0	-1050.675	0.1426673
175500	-986.124	0	-986.124	0.1720364
176000	-1070.009	0	-1070.009	0.0131711
176500	-958.3486	0	-958.3486	0.09123946
177000	-1025.72	0	-1025.72	0.1237333
177500	-1021.25	0	-1021.25	0.359645
178000	-1030.689	0	-1030.689	0.2700446
178500	-1046.658	0	-1046.658	0.2341019
179000	-1055.626	0	-1055.626	0.1689606
179500	-1030.8	0	-1030.8	0.09553393
180000	-1056.282	0	-1056.282	0.1949606
180500	-998.0064	0	-998.0064	0.121578
181000	-977.4552	0	-977.4552	0.2320457
181500	-1093.968	0	-1093.968	0.1095015
182000	-1081.485	0	-1081.485	0.08731028
182500	-1024.25	0	-1024.25	0.02855878
183000	-1045.244	0	-1045.244	-0.1494892
183500	-1043.952	0	-1043.952	-0.198225
184000	-1057.176	0	-1057.176	-0.1969213
184500	-1072.973	0	-1072.973	-0.09540972
185000	-1049.246	0	-1049.246	-0.1509257
185500	-925.0633	0	-925.0633	-0.217563
186000	-938.1366	0	-938.1366	-0.3250643
186500	-981.4562	0	-981.4562	0.01607146
187000	-1004.141	0	-1004.141	-0.05230816
187500	-1040.194	0	-1040.194	-0.0437629
188000	-1021.212	0	-1021.212	-0.08182603
188500	-968.515	0	-968.515	-0.2160336
189000	-978.1742	0	-978.1742	-0.07149504
189500	-1015.855	0	-1015.855	-0.2015826
190000	-1011.883	0	-1011.883	-0.1271997
190500	-975.9868	0	-975.9868	-0.04294578
191000	-1018.258	0	-1018.258	-0.04315255
191500	-1026.861	0	-1026.861	0.06746361
192000	-977.3671	0	-977.3671	-0.02067756
192500	-924.0102	0	-924.0102	-0.05656014
193000	-1008.485	0	-1008.485	0.08874459
193500	-1059.409	0	-1059.409	0.1423376
194000	-1033.685	0	-1033.685	0.110535
194500	-1064.49	0	-1064.49	0.2790729
195000	-937.3533	0	-937.3533	0.2963896
195500	-983.6593	0	-983.6593	0.2771524
196000	-1000.23	0	-1000.23	0.2384878
196500	-949.0386	0	-949.0386	0.2972511
197000	-963.0091	0	-963.0091	0.2593009
197500	-940.6514	0	-940.6514	0.2291891
198000	-923.2312	0	-923.2312	0.2378578
198500	-966.2531	0	-966.2531	0.2104887
199000	-968.1359	0	-968.1359	0.2488949
199500	-933.15	0	-933.15	0.2450575
200000	-907.0311	0	-907.0311	0.2391527
200500	-986.9983	0	-986.9983	0.1215688
201000	-975.8593	0	-975.8593	0.0486458
201500	-957.1435	0	-957.1435	0.160372
202000	-951.0463	0	-951.0463	0.09778791
202500	-974.9939	0	-974.9939	0.04300259
203000	-1064.882	0	-1064.882	0.002460576
203500	-1063.809	0	-1063.809	0.1820788
204000	-1037.433	0	-1037.433	0.1308482
204500	-952.9561	0	-952.9561	-0.2276238
205000	-1072.601	0	-1072.601	-0.1725915
205500	-1070.205	0	-1070.205	0.01246827
206000	-1066.804	0	-1066.804	0.06619135
206500	-1049.632	0	-1049.632	0.1452219
207000	-1022.397	0	-1022.397	0.06968007
207500	-935.5883	0	-935.5883	0.08745264
208000	-883.2033	0	-883.2033	0.1313008
208500	-906.1216	0	-906.1216	0.05122396
209000	-920.3582	0	-920.3582	0.06530355
209500	-975.3057	0	-975.3057	-0.02415737
210000	-959.8723	0	-959.8723	-0.08121061
210500	-997.6284	0	-997.6284	0.05541933
211000	-972.734	0	-972.734	0.02398651
211500	-899.581	0	-899.581	-0.01186306
212000	-956.2941	0	-956.2941	-0.001783771
212500	-932.7725	0	-932.7725	0.06944964
213000	-859.0642	0	-859.0642	0.06314097
213500	-852.4429	0	-852.4429	0.08012264
214000	-894.7626	0	-894.7626	0.0697941
214500	-1006.205	0	-1006.205	0.07221109
215000	-1000.209	0	-1000.209	0.08881985
215500	-1009.675	0	-1009.675	0.1393393
216000	-1086.931	0	-1086.931	0.2172005
216500	-1052.499	0	-1052.499	0.2020047
217000	-1071.465	0	-1071.465	0.2792138
217500	-1085.497	0	-1085.497	0.00647716
218000	-1018.916	0	-1018.916	0.09896031
218500	-1056.789	0	-1056.789	0.2441283
219000	-1092.675	0	-1092.675	0.1398505
219500	-1082.714	0	-1082.714	0.1308823
220000	-974.5822	0	-974.5822	0.1136498
220500	-934.1781	0	-934.1781	0.1320287
221000	-928.6708	0	-928.6708	0.205039
221500	-899.0843	0	-899.0843	0.1790023
222000	-1013.504	0	-1013.504	0.1602759
222500	-1032.803	0	-1032.803	0.2518879
223000	-1024.859	0	-1024.859	0.1449751
223500	-1106.509	0	-1106.509	0.1820986
224000	-1078.525	0	-1078.525	0.03056456
224500	-1106.996	0	-1106.996	-0.2227363
225000	-1161.07	0	-1161.07	0.006202851
225500	-1144.8	0	-1144.8	0.200104
226000	-1154.309	0	-1154.309	0.2441515
226500	-1045.938	0	-1045.938	0.08305235
227000	-1054.591	0	-1054.591	0.2038779
227500	-996.5357	0	-996.5357	0.1975848
228000	-1075.399	0	-1075.399	0.1529253
228500	-1009.201	0	-1009.201	0.2259918
229000	-976.8805	0	-976.8805	0.2447844
229500	-879.6785	0	-879.6785	0.2419321
230000	-902.2176	0	-902.2176	0.2536775
230500	-958.8316	0	-958.8316	0.2742606
231000	-944.9766	0	-944.9766	0.2691786
231500	-965.8213	0	-965.8213	0.1942064
232000	-1008.381	0	-1008.381	0.02449398
232500	-979.1434	0	-979.1434	0.1351399
233000	-1026.023	0	-1026.023	0.1518624
233500	-1019.717	0	-1019.717	0.1038216
234000	-995.5344	0	-995.5344	0.03167687
234500	-940.2127	0	-940.2127	0.01281235
235000	-917.6817	0	-917.6817	-0.0380368
235500	-906.4461	0	-906.4461	0.1147092
236000	-905.7168	0	-905.7168	0.05731579
236500	-1021.25	0	-1021.25	0.09189326
237000	-1058.757	0	-1058.757	0.1492715
237500	-1022.685	0	-1022.685	0.1347734
238000	-1000.413	0	-1000.413	0.1762413
238500	-1017.231	0	-1017.231	0.1983378
239000	-1089.918	0	-1089.918	0.1140269
239500	-1095.81	0	-1095.81	0.1097179
240000	-1070.988	0	-1070.988	0.09802859
240500	-1042.261	0	-1042.261	-0.1130562
241000	-947.8149	0	-947.8149	-0.06523272
241500	-984.6321	0	-984.6321	0.01928071
242000	-981.6783	0	-981.6783	0.1236938
242500	-988.0676	0	-988.0676	0.05579381
243000	-950.9859	0	-950.9859	0.05210905
243500	-959.6053	0	-959.6053	0.05484707
244000	-1027.572	0	-1027.572	0.1680663
244500	-1049.267	0	-1049.267	0.1604828
245000	-956.3494	0	-956.3494	0.1402096
245500	-919.5098	0	-919.5098	0.2173605
246000	-949.2705	0	-949.2705	0.2311645
246500	-1059.083	0	-1059.083	-0.09190369
247000	-1047.457	0	-1047.457	-0.1048455
247500	-1075.491	0	-1075.491	0.03174043
248000	-1036.933	0	-1036.933	0.2234831
248500	-1093.097	0	-1093.097	0.2834246
249000	-945.1896	0	-945.1896	0.242751
249500	-985.3798	0	-985.3798	0.2455951
250000	-883.7025	0	-883.7025	0.2163271
250500	-923.9946	0	-923.9946	0.1934795
251000	-1022.152	0	-1022.152	0.1092831
251500	-1025.801	0	-1025.801	0.2112842
252000	-939.8155	0	-939.8155	0.40505
252500	-1095.502	0	-1095.502	0.2569725
253000	-1034.187	0	-1034.187	0.2601256
253500	-1000.65	0	-1000.65	0.2895553
254000	-1002.549	0	-1002.549	0.2931765
254500	-1020.016	0	-1020.016	-0.0004380949
255000	-1003.731	0	-1003.731	0.2208198
255500	-1053.022	0	-1053.022	0.1894648
256000	-1082.969	0	-1082.969	0.1094742
256500	-1041.009	0	-1041.009	-0.05834493
257000	-1100.304	0	-1100.304	-0.04840011
257500	-1143.148	0	-1143.148	0.1337315
258000	-1115.19	0	-1115.19	0.2801035
258500	-1113.138	0	-1113.138	0.150288
259000	-1108.179	0	-1108.179	0.2897032
259500	-1060.239	0	-1060.239	0.4243632
260000	-1050.575	0	-1050.575	0.3474066
260500	-1012.924	0	-1012.924	0.2776198
261000	-1000.092	0	-1000.092	0.02831051
261500	-1025.369	0	-1025.369	0.07325894
262000	-974.509	0	-974.509	0.1982757
262500	-951.1775	0	-951.1775	0.2507551
263000	-969.6519	0	-969.6519	0.2092801
263500	-1033.534	0	-1033.534	0.1806403
264000	-1024.681	0	-1024.681	0.05468456
264500	-1038.846	0	-1038.846	0.09423855
265000	-1063.036	0	-1063.036	-0.09556116
265500	-1058.137	0	-1058.137	-0.07049215
266000	-1057.718	0	-1057.718	0.01187855
266500	-1041.832	0	-1041.832	0.08576006
267000	-1067.547	0	-1067.547	0.07938445
267500	-1109.763	0	-1109.763	0.0166153
268000	-1090.754	0	-1090.754	0.09883843
268500	-1084.578	0	-1084.578	-0.04305506
269000	-1080.259	0	-1080.259	-0.06486146
269500	-1140.322	0	-1140.322	0.02419201
270000	-1159.641	0	-1159.641	0.2215993
270500	-1164.55	0	-1164.55	-0.08673722
271000	-1144.995	0	-1144.995	0.06819976
271500	-1150.212	0	-1150.212	0.07303669
272000	-1087.8	0	-1087.8	0.1570269
272500	-1141.118	0	-1141.118	0.01307633
273000	-1090.05	0	-1090.05	-0.03070772
273500	-1158.923	0	-1158.923	-0.1098926
274000	-1096.851	0	-1096.851	0.1317711
274500	-1093.206	0	-1093.206	0.2087757
275000	-1116.971	0	-1116.971	0.2464973
275500	-1069.652	0	-1069.652	0.2171676
276000	-1008.881	0	-1008.881	0.3244071
276500	-1008.464	0	-1008.464	0.3581
277000	-1145.423	0	-1145.423	0.3069765
277500	-1043.885	0	-1043.885	0.2452054
278000	-960.3906	0	-960.3906	0.3245874
278500	-1094.221	0	-1094.221	-0.05053218
279000	-1018.339	0	-1018.339	0.1857441
279500	-1062.221	0	-1062.221	0.04449488
280000	-1071.751	0	-1071.751	0.1897127
280500	-988.8401	0	-988.8401	0.06844781
281000	-1062.068	0	-1062.068	0.06197092
281500	-1139.786	0	-1139.786	0.1236953
282000	-1111.332	0	-1111.332	0.1929357
282500	-1069.026	0	-1069.026	0.2169319
283000	-1092.502	0	-1092.502	0.1408599
283500	-1043.45	0	-1043.45	0.213804
284000	-1069.584	0	-1069.584	0.2003589
284500	-988.1188	0	-988.1188	0.2079077
285000	-1035.66	0	-1035.66	0.2138509
285500	-985.8386	0	-985.8386	0.04255411
286000	-1072.01	0	-1072.01	0.03906578
286500	-1139.281	0	-1139.281	0.005929657
287000	-1166.258	0	-1166.258	-0.04867171
287500	-1102.707	0	-1102.707	0.1867981
288000	-1104.719	0	-1104.719	0.09686242
288500	-1116.741	0	-1116.741	0.07573258
289000	-1144.044	0	-1144.044	0.1102659
289500	-1077.619	0	-1077.619	-0.1404538
290000	-1092.932	0	-1092.932	0.01707696
290500	-1116.964	0	-1116.964	0.06004954
291000	-1089.126	0	-1089.126	-0.05623815
291500	-1070.183	0	-1070.183	-0.3716478
292000	-1089.238	0	-1089.238	-0.2056159
292500	-1043.967	0	-1043.967	-0.08563609
293000	-1077.749	0	-1077.749	-0.1002021
293500	-1103.537	0	-1103.537	0.06253959
294000	-1057.367	0	-1057.367	-0.06392236
294500	-999.514	0	-999.514	-0.09389834
295000	-1014.574	0	-1014.574	0.05278556
295500	-1066.888	0	-1066.888	0.08542962
296000	-1047.227	0	-1047.227	-0.1311128
296500	-1046.303	0	-1046.303	-0.05354566
297000	-1061.85	0	-1061.85	0.1623168
297500	-1115.749	0	-1115.749	0.03770894
298000	-1070.391	0	-1070.391	-0.03593829
298500	-1019.634	0	-1019.634	0.05730978
299000	-1093.836	0	-1093.836	-0.03947979
299500	-1100.161	0	-1100.161	0.1391536
300000	-1078.062	0	-1078.062	0.06323973
300500	-1099.023	0	-1099.023	0.2715786
301000	-1162.651	0	-1162.651	0.2150766
301500	-1094.709	0	-1094.709	-0.04489889
302000	-1015.128	0	-1015.128	0.02068037
302500	-1037.553	0	-1037.553	0.2614076
303000	-1064.085	0	-1064.085	0.3501811
303500	-994.075	0	-994.075	0.1692025
304000	-1063.481	0	-1063.481	0.2677724
304500	-998.0069	0	-998.0069	0.4109173
305000	-1052.832	0	-1052.832	0.2594294
305500	-1117.359	0	-1117.359	0.1294358
306000	-1131.58	0	-1131.58	0.06034792
306500	-1178.368	0	-1178.368	0.146673
307000	-1118.316	0	-1118.316	-0.07860098
307500	-1136.197	0	-1136.197	0.113876
308000	-1089.586	0	-1089.586	0.1868609
308500	-1143.551	0	-1143.551	0.1638695
309000	-1137.208	0	-1137.208	0.253387
309500	-1171.305	0	-1171.305	0.3347002
310000	-1216.397	0	-1216.397	0.01968816
310500	-1211.054	0	-1211.054	-0.02615785
311000	-1186.479	0	-1186.479	0.02239421
311500	-1188.086	0	-1188.086	0.004603477
312000	-1262.521	0	-1262.521	0.1173066
312500	-1197.938	0	-1197.938	0.1644593
313000	-1159.264	0	-1159.264	0.1454191
313500	-1169.88	0	-1169.88	0.1629682
314000	-1131.402	0	-1131.402	0.1599204
314500	-1132.882	0	-1132.882	0.166286
315000	-1140.153	0	-1140.153	0.2520516
315500	-1105.786	0	-1105.786	0.09228763
316000	-1040.592	0	-1040.592	0.2186125
316500	-1016.105	0	-1016.105	0.1611811
317000	-989.6512	0	-989.6512	0.06170765
317500	-1028.754	0	-1028.754	0.07193246
318000	-1056.312	0	-1056.312	-0.04401935
318500	-1035.098	0	-1035.098	-0.0456714
319000	-1004.045	0	-1004.045	0.1378661
319500	-1070.046	0	-1070.046	0.05736112
320000	-1154.204	0	-1154.204	0.2597849
320500	-1097.638	0	-1097.638	0.4400181
321000	-1095.467	0	-1095.467	0.2107301
321500	-1066.937	0	-1066.937	0.3931793
322000	-1104.412	0	-1104.412	-0.04832188
322500	-1083.72	0	-1083.72	0.2534948
323000	-1143.266	0	-1143.266	0.05697909
323500	-1207.221	0	-1207.221	0.05729469
324000	-1159.647	0	-1159.647	0.1196063
324500	-1098.596	0	-1098.596	0.1973461
325000	-984.7122	0	-984.7122	0.1714273
325500	-1005.766	0	-1005.766	0.0467672
326000	-1052.58	0	-1052.58	0.09818455
326500	-1086.491	0	-1086.491	0.05640696
327000	-1105.343	0	-1105.343	0.06806402
327500	-1098.288	0	-1098.288	0.01640101
328000	-1060.869	0	-1060.869	-0.04843817
328500	-1091.868	0	-1091.868	-0.1965364
329000	-1102.129	0	-1102.129	0.4004697
329500	-1090.223	0	-1090.223	0.1283073
330000	-914.3952	0	-914.3952	0.01774536
330500	-987.511	0	-987.511	-0.1332877
331000	-954.7432	0	-954.7432	-0.07149247
331500	-981.2639	0	-981.2639	-0.1498898
332000	-942.8315	0	-942.8315	-0.2204911
332500	-1029.946	0	-1029.946	-0.2272399
333000	-986.3549	0	-986.3549	-0.2677139
333500	-1038.688	0	-1038.688	-0.07080875
334000	-1101.271	0	-1101.271	0.1244892
334500	-1070.274	0	-1070.274	-0.01824024
335000	-1018.515	0	-1018.515	0.163634
335500	-930.8133	0	-930.8133	0.1778113
336000	-1039.762	0	-1039.762	0.04275666
336500	-975.043	0	-975.043	0.01137626
337000	-951.9082	0	-951.9082	0.01696451
337500	-1013.313	0	-1013.313	0.02809407
338000	-1058.337	0	-1058.337	0.07109381
338500	-1007.29	0	-1007.29	0.17414
339000	-984.7393	0	-984.7393	0.1843496
339500	-982.9089	0	-982.9089	0.02959632
340000	-960.5585	0	-960.5585	0.08190426
340500	-930.1385	0	-930.1385	0.1743699
341000	-927.0414	0	-927.0414	0.1149228
341500	-881.2109	0	-881.2109	0.06245149
342000	-1007.574	0	-1007.574	0.03856172
342500	-1012.289	0	-1012.289	0.1242493
343000	-922.9012	0	-922.9012	0.3612544
343500	-921.6098	0	-921.6098	0.3186291
344000	-1014.019	0	-1014.019	0.2559145
344500	-1010.537	0	-1010.537	0.06618666
345000	-992.7225	0	-992.7225	0.3209083
345500	-1041.159	0	-1041.159	0.2781371
346000	-1044.685	0	-1044.685	0.154705
346500	-1027.876	0	-1027.876	0.1746855
347000	-1046.708	0	-1046.708	0.1383371
347500	-1041.633	0	-1041.633	0.2214231
348000	-1028.071	0	-1028.071	0.2747078
348500	-1014.378	0	-1014.378	0.281176
349000	-938.3411	0	-938.3411	0.1110276
349500	-1074.749	0	-1074.749	0.1261456
350000	-1140.744	0	-1140.744	-0.07650314
350500	-1102.52	0	-1102.52	0.1543887
351000	-1035.198	0	-1035.198	0.1884531
351500	-989.3226	0	-989.3226	0.04041137
352000	-1054.871	0	-1054.871	0.09116875
352500	-981.3099	0	-981.3099	0.01166454
353000	-1034.57	0	-1034.57	0.04798171
353500	-1031.459	0	-1031.459	0.168417
354000	-1061.935	0	-1061.935	0.5259963
354500	-1007.923	0	-1007.923	0.3756547
355000	-1116.182	0	-1116.182	0.1310712
355500	-1106.224	0	-1106.224	0.1859647
356000	-1084.088	0	-1084.088	0.3225048
356500	-1083.661	0	-1083.661	0.2394115
357000	-1128.649	0	-1128.649	0.2107891
357500	-1109.755	0	-1109.755	-0.03455719
358000	-1119.761	0	-1119.761	-0.07468637
358500	-1144.543	0	-1144.543	-0.1207614
359000	-1115.967	0	-1115.967	-0.02624826
359500	-1093.575	0	-1093.575	0.1438266
360000	-1065.698	0	-1065.698	-0.02606847
360500	-1081.044	0	-1081.044	0.05162694
361000	-920.5954	0	-920.5954	0.2221234
361500	-1129.041	0	-1129.041	0.1108221
362000	-1002.622	0	-1002.622	0.2061559
362500	-999.809	0	-999.809	0.1100255
363000	-982.954	0	-982.954	0.2214533
363500	-1018.359	0	-1018.359	0.3016123
364000	-1020.948	0	-1020.948	0.2946999
364500	-1046.624	0	-1046.624	0.22664
365000	-1061.91	0	-1061.91	-0.007621389
365500	-1059.097	0	-1059.097	0.1810179
366000	-1088.989	0	-1088.989	0.0999223
366500	-958.2699	0	-958.2699	0.04669262
367000	-986.2341	0	-986.2341	0.1647205
367500	-882.0161	0	-882.0161	0.3047486
368000	-929.4013	0	-929.4013	0.4174331
368500	-956.413	0	-956.413	0.4041675
369000	-969.3463	0	-969.3463	0.3846527
369500	-957.0097	0	-957.0097	0.2791574
370000	-1040.609	0	-1040.609	0.2036002
370500	-952.1451	0	-952.1451	0.2597139
371000	-937.7745	0	-937.7745	0.2419095
371500	-938.694	0	-938.694	0.2357809
372000	-934.0788	0	-934.0788	0.2399795
372500	-910.2677	0	-910.2677	0.1066272
373000	-971.9036	0	-971.9036	0.07675513
373500	-945.4068	0	-945.4068	0.08421096
374000	-1050.786	0	-1050.786	0.1749475
374500	-1086.857	0	-1086.857	0.04623908
375000	-1058.962	0	-1058.962	-0.04003811
375500	-967.3913	0	-967.3913	0.1479656
376000	-961.3926	0	-961.3926	0.1066825
376500	-1014.887	0	-1014.887	-0.09262091
377000	-993.3857	0	-993.3857	0.2468506
377500	-930.9035	0	-930.9035	0.1820777
378000	-890.7179	0	-890.7179	0.2258867
378500	-951.5163	0	-951.5163	0.3117909
379000	-1058.391	0	-1058.391	0.0248979
379500	-1022.167	0	-1022.167	0.1223595
380000	-1053.012	0	-1053.012	0.04723768
380500	-1045.163	0	-1045.163	0.1738705
381000	-963.4983	0	-963.4983	0.2027716
381500	-986.1938	0	-986.1938	0.1684972
382000	-931.9091	0	-931.9091	0.1327055
382500	-991.0778	0	-991.0778	0.1926567
383000	-939.726	0	-939.726	0.1927446
383500	-1001.053	0	-1001.053	0.2065881
384000	-1100.967	0	-1100.967	0.23405
384500	-1090.663	0	-1090.663	-0.04737939
385000	-1098.237	0	-1098.237	-0.0709161
385500	-1041.726	0	-1041.726	0.1309389
386000	-1072.825	0	-1072.825	-0.1190966
386500	-1009.964	0	-1009.964	0.2382798
387000	-1013.028	0	-1013.028	0.1250889
387500	-1063.363	0	-1063.363	0.2001035
388000	-1026.303	0	-1026.303	0.2031873
388500	-1103.444	0	-1103.444	0.2826259
389000	-1074.937	0	-1074.937	0.2398089
389500	-1003.417	0	-1003.417	0.08894065
390000	-993.8188	0	-993.8188	0.1578249
390500	-997.0253	0	-997.0253	0.1697214
391000	-895.5078	0	-895.5078	0.06514256
391500	-888.3859	0	-888.3859	0.07758692
392000	-950.0676	0	-950.0676	0.05661573
392500	-918.0171	0	-918.0171	0.01055171
393000	-973.1188	0	-973.1188	0.08173358
393500	-987.4746	0	-987.4746	0.03951526
394000	-1015.107	0	-1015.107	-0.0118942
394500	-1013.254	0	-1013.254	0.1043118
395000	-1040.987	0	-1040.987	0.2411772
395500	-1060.54	0	-1060.54	0.3856857
396000	-1112.075	0	-1112.075	0.4761002
396500	-1057.856	0	-1057.856	0.3270994
397000	-1046.65	0	-1046.65	0.3238826
397500	-1121.439	0	-1121.439	0.1287544
398000	-1064.778	0	-1064.778	0.1241891
398500	-1078.43	0	-1078.43	0.4560131
399000	-1090.479	0	-1090.479	0.3287378
399500	-1079.892	0	-1079.892	0.1956273
400000	-1006.3	0	-1006.3	0.1064274
400500	-936.7477	0	-936.7477	0.1474732
401000	-931.1056	0	-931.1056	0.2199785
401500	-937.9772	0	-937.9772	0.1479062
402000	-950.286	0	-950.286	0.1159234
402500	-965.1265	0	-965.1265	0.1749522
403000	-1016.874	0	-1016.874	0.202445
403500	-1053.979	0	-1053.979	0.1417821
404000	-1055.164	0	-1055.164	-0.006130726
404500	-1128.551	0	-1128.551	0.2322609
405000	-1102.206	0	-1102.206	0.07995836
405500	-1127.146	0	-1127.146	0.02722581
406000	-1040.534	0	-1040.534	0.1354135
406500	-1053.382	0	-1053.382	0.0216706
407000	-1061.424	0	-1061.424	0.1830769
407500	-1068.883	0	-1068.883	0.08909238
408000	-1084.541	0	-1084.541	0.3293775
408500	-1013.265	0	-1013.265	0.3763643
409000	-964.2279	0	-964.2279	0.4179084
409500	-956.3693	0	-956.3693	0.4516037
410000	-925.2578	0	-925.2578	0.4415258
410500	-871.3	0	-871.3	0.4189685
411000	-785.133	0	-785.133	0.4410137
411500	-781.7969	0	-781.7969	0.4502184
412000	-825.1928	0	-825.1928	0.4505777
412500	-856.0731	0	-856.0731	0.5063699
413000	-845.2827	0	-845.2827	0.5035937
413500	-856.5571	0	-856.5571	0.4736319
414000	-835.2842	0	-835.2842	0.5041913
414500	-835.836	0	-835.836	0.5026648
415000	-890.8048	0	-890.8048	0.4912565
415500	-908.6283	0	-908.6283	0.4652567
416000	-892.8982	0	-892.8982	0.3870385
416500	-803.6473	0	-803.6473	0.3491761
417000	-818.7529	0	-818.7529	0.35931
417500	-828.2612	0	-828.2612	0.3742727
418000	-784.6326	0	-784.6326	0.3575413
418500	-776.0325	0	-776.0325	0.3533528
419000	-887.1725	0	-887.1725	0.4182031
419500	-856.8992	0	-856.8992	0.4397453
420000	-893.7662	0	-893.7662	0.4643001
420500	-894.1232	0	-894.1232	0.5021631
421000	-940.6898	0	-940.6898	0.523432
421500	-824.7027	0	-824.7027	0.5170233
422000	-922.3472	0	-922.3472	0.4975257
422500	-955.8851	0	-955.8851	0.4199812
423000	-834.1556	0	-834.1556	0.3708453
423500	-897.4505	0	-897.4505	0.3551894
424000	-917.4793	0	-917.4793	0.2362221
424500	-846.987	0	-846.987	0.2998081
425000	-793.1715	0	-793.1715	0.3196107
425500	-886.0655	0	-886.0655	0.327852
426000	-803.3482	0	-803.3482	0.3514932
426500	-850.1133	0	-850.1133	0.3500809
427000	-929.8129	0	-929.8129	0.3578248
427500	-964.3457	0	-964.3457	0.4018148
428000	-932.9471	0	-932.9471	0.3023816
428500	-921.2471	0	-921.2471	0.2879744
429000	-965.2636	0	-965.2636	0.272669
429500	-1015.522	0	-1015.522	0.121753
430000	-1084.546	0	-1084.546	0.09317822
430500	-1090.38	0	-1090.38	0.0707192
431000	-1115.679	0	-1115.679	-0.08666044
431500	-1111.17	0	-1111.17	0.1697523
432000	-1160.909	0	-1160.909	0.1872792
432500	-1172.855	0	-1172.855	0.2248734
433000	-1157.092	0	-1157.092	0.1800726
433500	-1061.582	0	-1061.582	0.317421
434000	-1130.748	0	-1130.748	0.2504668
434500	-1117.613	0	-1117.613	0.2398807
435000	-1044.873	0	-1044.873	0.2749611
435500	-1105.355	0	-1105.355	-0.01265199
436000	-1050.568	0	-1050.568	0.2703993
436500	-1095.497	0	-1095.497	0.251408
437000	-1186.132	0	-1186.132	0.2333961
437500	-1080.118	0	-1080.118	0.2420365
438000	-1107.979	0	-1107.979	0.3008967
438500	-1066.423	0	-1066.423	0.1827487
439000	-986.3641	0	-986.3641	0.1814036
439500	-1024.149	0	-1024.149	-0.01325288
440000	-1002.816	0	-1002.816	0.1291729
440500	-989.4375	0	-989.4375	0.1390366
441000	-954.6124	0	-954.6124	0.2401319
441500	-887.0619	0	-887.0619	0.2365036
442000	-850.5093	0	-850.5093	0.2050877
442500	-877.8111	0	-877.8111	0.2622818
443000	-874.4856	0	-874.4856	0.1890611
443500	-898.3863	0	-898.3863	0.1331762
444000	-933.1119	0	-933.1119	0.1536799
444500	-858.2975	0	-858.2975	0.09852807
445000	-1006.244	0	-1006.244	0.02379631
445500	-1047.923	0	-1047.923	0.1925169
446000	-968.6675	0	-968.6675	0.2666257
446500	-969.3855	0	-969.3855	0.2212203
447000	-898.9887	0	-898.9887	0.1647738
447500	-953.8916	0	-953.8916	0.1339446
448000	-980.5875	0	-980.5875	0.1508619
448500	-870.7787	0	-870.7787	0.1414177
449000	-920.2885	0	-920.2885	0.1227856
449500	-944.1848	0	-944.1848	0.1743938
450000	-963.9294	0	-963.9294	0.0167914
450500	-939.5432	0	-939.5432	0.07989609
451000	-974.313	0	-974.313	0.2735586
451500	-1014.852	0	-1014.852	0.1784418
452000	-1012.936	0	-1012.936	0.01899965
452500	-1014.205	0	-1014.205	0.009454723
453000	-1095.143	0	-1095.143	0.04364149
453500	-1150.491	0	-1150.491	0.08455136
454000	-1158.569	0	-1158.569	-0.04735678
454500	-1206.527	0	-1206.527	-0.04858476
455000	-1148.002	0	-1148.002	0.1227527
455500	-1151.629	0	-1151.629	0.0933368
456000	-1173.59	0	-1173.59	0.05923727
456500	-1041.832	0	-1041.832	0.04222601
457000	-1109.768	0	-1109.768	0.2181553
457500	-1090.536	0	-1090.536	0.2680915
458000	-1064.84	0	-1064.84	0.189622
458500	-1019.481	0	-1019.481	0.1955872
459000	-1038.988	0	-1038.988	0.07263538
459500	-1064.034	0	-1064.034	0.255488
460000	-1095.903	0	-1095.903	0.1749812
460500	-1013.758	0	-1013.758	0.3246597
461000	-996.2429	0	-996.2429	0.06869407
461500	-1079.994	0	-1079.994	-0.03036058
462000	-1062.977	0	-1062.977	0.1287081
462500	-1090.74	0	-1090.74	0.2700072
463000	-1037.52	0	-1037.52	0.3575477
463500	-1171.649	0	-1171.649	0.3010236
464000	-1081.802	0	-1081.802	-0.05341741
464500	-1105.929	0	-1105.929	0.2129048
465000	-1082.27	0	-1082.27	0.004933926
465500	-1107.124	0	-1107.124	0.08331906
466000	-1061.641	0	-1061.641	0.03029462
466500	-1090.759	0	-1090.759	0.296406
467000	-1127.86	0	-1127.86	0.238804
467500	-1109.097	0	-1109.097	0.3687085
468000	-1076.727	0	-1076.727	0.5277092
468500	-956.8068	0	-956.8068	0.5682022
469000	-956.6603	0	-956.6603	0.551026
469500	-1066.33	0	-1066.33	0.6237848
470000	-1076.767	0	-1076.767	0.41582
470500	-1088.272	0	-1088.272	0.2412404
471000	-1129.186	0	-1129.186	0.1179049
471500	-1060.569	0	-1060.569	0.1787734
472000	-1021.754	0	-1021.754	0.2025639
472500	-1137.784	0	-1137.784	0.117455
473000	-1045.682	0	-1045.682	0.4176493
473500	-1085.046	0	-1085.046	0.03408292
474000	-1062.143	0	-1062.143	-0.02832331
474500	-1125.14	0	-1125.14	-0.2659573
475000	-1017.245	0	-1017.245	0.2038527
475500	-1045.025	0	-1045.025	0.1710604
476000	-1092.352	0	-1092.352	0.048532
476500	-1086.637	0	-1086.637	0.138007
477000	-1114.197	0	-1114.197	0.06581173
477500	-1128.035	0	-1128.035	0.2203294
478000	-1138.123	0	-1138.123	0.1839081
478500	-1087.75	0	-1087.75	0.09964101
479000	-1112.249	0	-1112.249	0.3394502
479500	-1045.371	0	-1045.371	0.3121485
480000	-992.0564	0	-992.0564	0.1830836
480500	-1026.09	0	-1026.09	-0.03331133
481000	-1020.455	0	-1020.455	0.0261013
481500	-1025.627	0	-1025.627	-0.1902159
482000	-970.3492	0	-970.3492	-0.01718434
482500	-1034.969	0	-1034.969	0.05708063
483000	-1105.322	0	-1105.322	0.09779978
483500	-1135.127	0	-1135.127	0.1273339
484000	-1105.229	0	-1105.229	0.03921369
484500	-1025.554	0	-1025.554	-0.1109095
485000	-1109.232	0	-1109.232	0.1899457
485500	-1059.474	0	-1059.474	0.1282016
486000	-1048.414	0	-1048.414	0.08212434
486500	-1032.783	0	-1032.783	-0.01483282
487000	-1058.937	0	-1058.937	-0.1011199
487500	-1038.193	0	-1038.193	0.08616242
488000	-990.8808	0	-990.8808	0.06415223
488500	-1001.799	0	-1001.799	0.1972581
489000	-1024.02	0	-1024.02	0.1720444
489500	-1155.361	0	-1155.361	0.2100627
490000	-1091.924	0	-1091.924	0.06406659
490500	-1170.25	0	-1170.25	-0.1804433
491000	-1187.695	0	-1187.695	0.1907725
491500	-1182.292	0	-1182.292	-0.01012339
492000	-1128.299	0	-1128.299	0.0796617
492500	-1107.243	0	-1107.243	0.06714378
493000	-1145.546	0	-1145.546	0.09712036
493500	-1140.567	0	-1140.567	0.03188344
494000	-1135.023	0	-1135.023	-0.04687258
494500	-1028.829	0	-1028.829	0.0913366
495000	-986.6899	0	-986.6899	0.0698063
495500	-1095.07	0	-1095.07	-0.06956831
496000	-1137.066	0	-1137.066	0.1938786
496500	-1111.267	0	-1111.267	0.04099888
497000	-1070.094	0	-1070.094	-0.08230892
497500	-1075.681	0	-1075.681	0.1018988
498000	-1118.692	0	-1118.692	0.1125199
498500	-1113.339	0	-1113.339	0.008322143
499000	-1081.732	0	-1081.732	0.08233831
499500	-1120.75	0	-1120.75	-0.1143398
500000	-1074.425	0	-1074.425	0.04465303
500500	-1142.289	0	-1142.289	-0.1373097
501000	-1110.102	0	-1110.102	-0.01494915
501500	-1114.483	0	-1114.483	0.25484
502000	-1045.993	0	-1045.993	0.2382246
502500	-1097.34	0	-1097.34	0.1335597
503000	-1153.577	0	-1153.577	-0.03454114
503500	-1147.961	0	-1147.961	0.2087293
504000	-1118.912	0	-1118.912	0.08509965
504500	-1154.126	0	-1154.126	0.06654561
505000	-1145.546	0	-1145.546	-0.06264101
505500	-1106.899	0	-1106.899	0.4002213
506000	-1035.058	0	-1035.058	0.3965575
506500	-1074.759	0	-1074.759	0.3607019
507000	-1065.83	0	-1065.83	0.2440828
507500	-1127.431	0	-1127.431	0.4869003
508000	-1053.581	0	-1053.581	0.2947612
508500	-1119.803	0	-1119.803	0.20951
509000	-1144.684	0	-1144.684	0.2708344
509500	-1158.859	0	-1158.859	0.2927249
510000	-1100.805	0	-1100.805	0.3293722
510500	-1054.479	0	-1054.479	0.4287099
511000	-1127.192	0	-1127.192	0.3501627
511500	-1112.032	0	-1112.032	0.1381332
512000	-1081.275	0	-1081.275	0.1468024
512500	-1063.639	0	-1063.639	-0.06926402
513000	-1042.014	0	-1042.014	0.07391718
513500	-1053.387	0	-1053.387	0.1428136
514000	-1025.873	0	-1025.873	0.1910917
514500	-1088.338	0	-1088.338	0.1237313
515000	-1047.579	0	-1047.579	-0.0812659
515500	-1118.118	0	-1118.118	0.02829003
516000	-997.136	0	-997.136	0.3014955
516500	-1081.11	0	-1081.11	0.09004491
517000	-1016.796	0	-1016.796	0.1424635
517500	-1011.131	0	-1011.131	0.2485363
518000	-1056.545	0	-1056.545	0.01540967
518500	-1044.203	0	-1044.203	0.2275131
519000	-1086.996	0	-1086.996	0.05049426
519500	-1051.524	0	-1051.524	0.01305838
520000	-1075.665	0	-1075.665	0.04228673
520500	-1105.996	0	-1105.996	0.08977008
521000	-1096.779	0	-1096.779	-0.02082047
521500	-1172.376	0	-1172.376	0.1013608
522000	-1018.861	0	-1018.861	0.0661531
522500	-1029.564	0	-1029.564	0.1398115
523000	-996.1762	0	-996.1762	0.2454074
523500	-957.1204	0	-957.1204	0.3673131
524000	-882.7137	0	-882.7137	0.415733
524500	-922.0043	0	-922.0043	0.3855091
525000	-1065.402	0	-1065.402	0.1865669
525500	-1040.688	0	-1040.688	0.1319746
526000	-1056.598	0	-1056.598	0.08608109
526500	-1130.53	0	-1130.53	0.04267953
527000	-1087.244	0	-1087.244	0.04064277
527500	-1112.945	0	-1112.945	-0.1100937
528000	-1072.789	0	-1072.789	-0.1182757
528500	-1123.527	0	-1123.527	0.1441013
529000	-1117.093	0	-1117.093	0.135801
529500	-997.2825	0	-997.2825	0.09352998
530000	-978.28	0	-978.28	-0.03995482
530500	-1027.77	0	-1027.77	-0.084915
531000	-986.1833	0	-986.1833	-0.08047627
531500	-940.2467	0	-940.2467	0.08286717
532000	-1018.645	0	-1018.645	0.09382516
532500	-1033.206	0	-1033.206	0.09715508
533000	-1008.55	0	-1008.55	0.1088713
533500	-1038.347	0	-1038.347	0.2241332
534000	-1018.208	0	-1018.208	0.1717645
534500	-1005.255	0	-1005.255	0.1521048
535000	-984.645	0	-984.645	-0.02205317
535500	-968.5318	0	-968.5318	-0.006544495
536000	-892.4824	0	-892.4824	0.01961312
536500	-954.3954	0	-954.3954	0.2844411
537000	-967.5313	0	-967.5313	0.452345
537500	-905.6601	0	-905.6601	0.4868525
538000	-939.8003	0	-939.8003	0.4206459
538500	-925.5347	0	-925.5347	0.3904354
539000	-894.1892	0	-894.1892	0.4398551
539500	-819.0234	0	-819.0234	0.4409104
540000	-847.5166	0	-847.5166	0.4727938
540500	-970.6711	0	-970.6711	0.5392298
541000	-1051.83	0	-1051.83	0.2300605
541500	-1025.303	0	-1025.303	0.1500155
542000	-1006.688	0	-1006.688	-0.03703278
542500	-1015.855	0	-1015.855	-0.1024405
543000	-997.8765	0	-997.8765	-0.1812751
543500	-957.5649	0	-957.5649	-0.1105217
544000	-954.9372	0	-954.9372	0.03426727
544500	-937.3031	0	-937.3031	0.1742314
545000	-909.9465	0	-909.9465	0.03774306
545500	-991.8917	0	-991.8917	0.1583414
546000	-928.1327	0	-928.1327	0.3519096
546500	-923.021	0	-923.021	0.3027409
547000	-948.8638	0	-948.8638	0.3598771
547500	-945.3995	0	-945.3995	0.3357716
548000	-888.0233	0	-888.0233	0.3168846
548500	-858.1093	0	-858.1093	0.2822847
549000	-899.0955	0	-899.0955	0.2468916
549500	-919.8628	0	-919.8628	0.1602853
550000	-980.1404	0	-980.1404	0.1167637
550500	-950.8443	0	-950.8443	0.1971141
551000	-1054.242	0	-1054.242	0.09205787
551500	-1146.177	0	-1146.177	0.2421163
552000	-1107.58	0	-1107.58	0.14109
552500	-1125.867	0	-1125.867	0.1344134
553000	-1106.527	0	-1106.527	0.2813069
553500	-1094.122	0	-1094.122	0.1760282
554000	-1046.336	0	-1046.336	0.1147379
554500	-1007.941	0	-1007.941	-0.1058097
555000	-1001.516	0	-1001.516	-0.01902856
555500	-1066.427	0	-1066.427	0.1853743
556000	-1070.142	0	-1070.142	0.3721974
556500	-1095.254	0	-1095.254	0.3200651
557000	-1142.598	0	-1142.598	0.3211052
557500	-1197.708	0	-1197.708	0.03399954
558000	-1125.648	0	-1125.648	0.2420782
558500	-1112.603	0	-1112.603	0.1639074
559000	-1118.061	0	-1118.061	0.07744852
559500	-1068.876	0	-1068.876	0.07208003
560000	-1076.649	0	-1076.649	0.3284421
560500	-1076.366	0	-1076.366	0.2890085
561000	-1074.221	0	-1074.221	0.207447
561500	-1086.063	0	-1086.063	0.1095321
562000	-1051.27	0	-1051.27	0.0890991
562500	-1085.46	0	-1085.46	0.3377548
563000	-1017.295	0	-1017.295	0.2704134
563500	-1116.332	0	-1116.332	0.1918555
564000	-1155.234	0	-1155.234	0.1107299
564500	-1089.331	0	-1089.331	0.009044799
565000	-1133.922	0	-1133.922	0.1280542
565500	-1136.406	0	-1136.406	0.06094372
566000	-1112.695	0	-1112.695	0.2175095
566500	-1045.994	0	-1045.994	0.2502727
567000	-1090.44	0	-1090.44	-0.2161096
567500	-1135.824	0	-1135.824	0.1763429
568000	-1117.156	0	-1117.156	0.1503191
568500	-1171.795	0	-1171.795	-0.07038195
569000	-1177.687	0	-1177.687	-0.1350294
569500	-1144.561	0	-1144.561	-0.2519472
570000	-1114.341	0	-1114.341	-0.007462186
570500	-1110.041	0	-1110.041	0.1145541
571000	-1122.672	0	-1122.672	-0.0480333
571500	-1120.585	0	-1120.585	0.09394396
572000	-1126.665	0	-1126.665	0.1268598
572500	-1115.509	0	-1115.509	0.1460183
573000	-1148.73	0	-1148.73	0.2991741
573500	-1110.863	0	-1110.863	0.0222127
574000	-1196.468	0	-1196.468	0.1119209
574500	-1178.438	0	-1178.438	0.3029643
575000	-1164.503	0	-1164.503	-0.1183279
575500	-1124.708	0	-1124.708	-0.09137635
576000	-1060.683	0	-1060.683	0.0790707
576500	-1086.353	0	-1086.353	0.1019474
577000	-1097.573	0	-1097.573	0.02626641
577500	-1069.948	0	-1069.948	0.2374635
578000	-1093.384	0	-1093.384	0.2786862
578500	-1107.498	0	-1107.498	0.2940044
579000	-1109.264	0	-1109.264	0.306169
579500	-1099.892	0	-1099.892	0.08914348
580000	-1037.366	0	-1037.366	0.2857609
580500	-1066.679	0	-1066.679	0.3875663
581000	-981.2145	0	-981.2145	0.3022148
581500	-999.1296	0	-999.1296	0.3153135
582000	-963.8251	0	-963.8251	0.343297
582500	-1002.292	0	-1002.292	0.3198891
583000	-971.7149	0	-971.7149	0.1491953
583500	-1007.374	0	-1007.374	0.2037041
584000	-988.299	0	-988.299	-0.02952621
584500	-973.6389	0	-973.6389	0.07947338
585000	-1003.082	0	-1003.082	0.2101102
585500	-1014.351	0	-1014.351	0.3272475
586000	-1002.153	0	-1002.153	0.1705175
586500	-1004.16	0	-1004.16	0.374119
587000	-989.4397	0	-989.4397	0.338258
587500	-962.734	0	-962.734	0.3733354
588000	-987.6391	0	-987.6391	0.4270946
588500	-951.5035	0	-951.5035	0.5472345
589000	-1033.224	0	-1033.224	0.5413604
589500	-1091.474	0	-1091.474	0.540024
590000	-990.3238	0	-990.3238	0.3256707
590500	-1066.403	0	-1066.403	0.4542514
591000	-1081.704	0	-1081.704	0.3064571
591500	-1176.471	0	-1176.471	0.1622921
592000	-1113.084	0	-1113.084	0.1905678
592500	-1037.065	0	-1037.065	0.2390108
593000	-1022.874	0	-1022.874	0.2328673
593500	-966.0383	0	-966.0383	0.2909312
594000	-1030.452	0	-1030.452	0.3040865
594500	-1039.449	0	-1039.449	0.2186672
595000	-1022.508	0	-1022.508	0.361473
595500	-1027.235	0	-1027.235	0.42506
596000	-981.1284	0	-981.1284	0.3316513
596500	-969.7419	0	-969.7419	0.2964344
597000	-957.2683	0	-957.2683	0.2638427
597500	-975.5236	0	-975.5236	0.2046432
598000	-937.6953	0	-937.6953	0.2389522
598500	-959.7254	0	-959.7254	0.260547
599000	-1018.851	0	-1018.851	0.2808526
599500	-1061.814	0	-1061.814	0.1684802
600000	-1064.875	0	-1064.875	0.008046489
600500	-1098.212	0	-1098.212	0.1876987
601000	-1049.38	0	-1049.38	0.1549901
601500	-1067.821	0	-1067.821	0.1114973
602000	-1046.436	0	-1046.436	0.09342851
602500	-1087.674	0	-1087.674	0.06117804
603000	-1050.919	0	-1050.919	0.1239422
603500	-1077.501	0	-1077.501	0.1560932
604000	-1102.653	0	-1102.653	0.3950618
604500	-1028.485	0	-1028.485	0.2486569
605000	-1136.932	0	-1136.932	0.144979
605500	-1132.775	0	-1132.775	-0.06342361
606000	-1170.054	0	-1170.054	-0.2146986
606500	-1173.304	0	-1173.304	0.1620554
607000	-1217.398	0	-1217.398	0.05325994
607500	-1091.891	0	-1091.891	-0.2180294
608000	-1092.491	0	-1092.491	0.02793829
608500	-1133.248	0	-1133.248	0.04469034
609000	-1164.062	0	-1164.062	-0.07702413
609500	-1106.646	0	-1106.646	-0.153323
610000	-1075.067	0	-1075.067	-0.001203404
610500	-1112.722	0	-1112.722	-0.1195141
611000	-1128.943	0	-1128.943	-0.00845518
611500	-1131.582	0	-1131.582	0.1659604
612000	-1022.363	0	-1022.363	0.2371267
612500	-1065.934	0	-1065.934	-0.1352166
613000	-1024.285	0	-1024.285	0.2139056
613500	-1040.272	0	-1040.272	0.214659
614000	-1094.326	0	-1094.326	0.2529467
614500	-1058.904	0	-1058.904	0.1452022
615000	-1077.76	0	-1077.76	0.1162901
615500	-1096.663	0	-1096.663	0.1357072
616000	-1035.768	0	-1035.768	0.1428056
616500	-1074.944	0	-1074.944	0.2063662
617000	-1041.978	0	-1041.978	0.2185801
617500	-944.2629	0	-944.2629	0.2564826
618000	-1013.825	0	-1013.825	0.1486216
618500	-1018.147	0	-1018.147	0.1317333
619000	-1044.59	0	-1044.59	0.3159764
619500	-1114.09	0	-1114.09	0.3053729
620000	-1067.669	0	-1067.669	0.254407
620500	-1034.888	0	-1034.888	0.3027247
621000	-1020.796	0	-1020.796	0.2711806
621500	-1039.15	0	-1039.15	0.1724748
622000	-923.1549	0	-923.1549	0.2416587
622500	-866.15	0	-866.15	0.2354769
623000	-857.0545	0	-857.0545	0.225703
623500	-969.8099	0	-969.8099	0.2255967
624000	-983.315	0	-983.315	0.2465295
624500	-1031.758	0	-1031.758	0.06023522
625000	-982.7085	0	-982.7085	0.2217583
625500	-1033.738	0	-1033.738	0.1488133
626000	-1003.904	0	-1003.904	0.2360868
626500	-1064.867	0	-1064.867	0.1450956
627000	-1037.525	0	-1037.525	0.07757437
627500	-1012.248	0	-1012.248	0.1946316
628000	-1034.552	0	-1034.552	0.2874833
628500	-953.6873	0	-953.6873	0.2375349
629000	-1051.574	0	-1051.574	0.2488983
629500	-981.8557	0	-981.8557	0.2789829
630000	-1011.467	0	-1011.467	0.2287131
630500	-1080.15	0	-1080.15	0.2490105
631000	-1046.553	0	-1046.553	0.4157667
631500	-1055.28	0	-1055.28	0.3871674
632000	-1104.269	0	-1104.269	0.38816
632500	-1149.343	0	-1149.343	0.3741953
633000	-1119.028	0	-1119.028	0.2915512
633500	-1075.589	0	-1075.589	0.3115136
634000	-1083.593	0	-1083.593	0.4211768
634500	-1122.861	0	-1122.861	0.3733823
635000	-1099.184	0	-1099.184	0.3676675
635500	-1034.674	0	-1034.674	0.5074327
636000	-949.8802	0	-949.8802	0.5184992
636500	-1000.073	0	-1000.073	0.5242377
637000	-935.9005	0	-935.9005	0.5133426
637500	-931.217	0	-931.217	0.4705123
638000	-1000.044	0	-1000.044	0.4771668
638500	-980.1124	0	-980.1124	0.351355
639000	-984.5938	0	-984.5938	0.3606479
639500	-996.1093	0	-996.1093	0.3346716
640000	-935.0634	0	-935.0634	0.3706662
640500	-968.8641	0	-968.8641	0.3141113
641000	-921.2556	0	-921.2556	0.2863843
641500	-920.9634	0	-920.9634	0.2499392
642000	-899.59	0	-899.59	0.2308393
642500	-891.3182	0	-891.3182	0.1815183
643000	-881.4551	0	-881.4551	0.246864
643500	-978.3758	0	-978.3758	0.1872977
644000	-894.0035	0	-894.0035	0.2655752
644500	-945.8361	0	-945.8361	0.1927581
645000	-1060.984	0	-1060.984	0.218079
645500	-994.8234	0	-994.8234	0.2951117
646000	-1016.833	0	-1016.833	0.2566323
646500	-1098.419	0	-1098.419	0.1071191
647000	-1040.056	0	-1040.056	-0.002920161
647500	-980.7948	0	-980.7948	0.110162
648000	-921.8905	0	-921.8905	0.0895401
648500	-1005.353	0	-1005.353	0.1269674
649000	-1006.147	0	-1006.147	0.1076877
649500	-1003.335	0	-1003.335	-0.09475981
650000	-1008.563	0	-1008.563	0.03251434
650500	-866.2608	0	-866.2608	-0.1083928
651000	-914.7823	0	-914.7823	0.02886176
651500	-901.9039	0	-901.9039	-0.0356951
652000	-871.6239	0	-871.6239	0.01473765
652500	-941.9759	0	-941.9759	0.03906432
653000	-869.642	0	-869.642	0.00723161
653500	-852.9564	0	-852.9564	0.01323171
654000	-919.7401	0	-919.7401	-0.02425898
654500	-997.3936	0	-997.3936	0.03409832
655000	-953.0727	0	-953.0727	0.1459132
655500	-853.5366	0	-853.5366	0.1435459
656000	-951.2992	0	-951.2992	0.1478382
656500	-922.2761	0	-922.2761	0.07577349
657000	-890.0866	0	-890.0866	-0.02955995
657500	-926.8908	0	-926.8908	0.004686109
658000	-934.8906	0	-934.8906	-0.1457209
658500	-907.0835	0	-907.0835	-0.1295489
659000	-942.3172	0	-942.3172	-0.1942741
659500	-867.1386	0	-867.1386	-0.1786684
660000	-857.1169	0	-857.1169	-0.2165856
660500	-921.0056	0	-921.0056	-0.2724132
661000	-916.8992	0	-916.8992	-0.1615839
661500	-933.0152	0	-933.0152	-0.2750282
662000	-966.2622	0	-966.2622	-0.2537889
662500	-930.5627	0	-930.5627	-0.006210982
663000	-994.7509	0	-994.7509	0.02322904
663500	-1012.616	0	-1012.616	0.1609483
664000	-1073.332	0	-1073.332	0.1098189
664500	-1080.7	0	-1080.7	0.1223197
665000	-845.1912	0	-845.1912	0.07246963
665500	-719.3835	0	-719.3835	0.2035545
666000	-862.3662	0	-862.3662	0.186967
666500	-913.653	0	-913.653	0.1978293
667000	-940.5792	0	-940.5792	0.09632758
667500	-875.9717	0	-875.9717	0.07606575
668000	-982.102	0	-982.102	0.1731409
668500	-931.9536	0	-931.9536	0.1409952
669000	-983.797	0	-983.797	0.1561757
669500	-1044.597	0	-1044.597	0.03762372
670000	-1034.681	0	-1034.681	0.1557997
670500	-1059.228	0	-1059.228	0.2442771
671000	-1045.821	0	-1045.821	0.1486261
671500	-1025.649	0	-1025.649	-0.04986622
672000	-1089.213	0	-1089.213	0.07755332
672500	-1131.007	0	-1131.007	0.009532821
673000	-1194.28	0	-1194.28	-0.01234626
673500	-1132.716	0	-1132.716	-0.1716863
674000	-1157.791	0	-1157.791	-0.189152
674500	-1130.278	0	-1130.278	-0.1906984
675000	-1037.568	0	-1037.568	-0.04493207
675500	-1042.649	0	-1042.649	-0.121825
676000	-1134.167	0	-1134.167	0.03247354
676500	-1058.083	0	-1058.083	0.1095996
677000	-1057.377	0	-1057.377	0.08238652
677500	-1073.932	0	-1073.932	0.1414306
678000	-1089.267	0	-1089.267	0.2230238
678500	-1035.25	0	-1035.25	0.4158654
679000	-1012.569	0	-1012.569	0.3353602
679500	-1053.265	0	-1053.265	0.2272107
680000	-963.1509	0	-963.1509	0.02737457
680500	-908.1839	0	-908.1839	-0.03489762
681000	-983.0523	0	-983.0523	-0.1398303
681500	-839.9559	0	-839.9559	-0.3805346
682000	-888.7291	0	-888.7291	-0.3288952
682500	-945.9609	0	-945.9609	-0.1868233
683000	-877.6213	0	-877.6213	-0.1085299
683500	-847.4178	0	-847.4178	-0.1482457
684000	-831.2008	0	-831.2008	-0.110397
684500	-814.0184	0	-814.0184	-0.1037777
685000	-781.6696	0	-781.6696	-0.1177989
685500	-812.0915	0	-812.0915	-0.1128587
686000	-793.0241	0	-793.0241	-0.1085941
686500	-844.5357	0	-844.5357	-0.1191708
687000	-733.9662	0	-733.9662	-0.1091512
687500	-855.7116	0	-855.7116	-0.08388223
688000	-987.8986	0	-987.8986	-0.07886236
688500	-1004.794	0	-1004.794	-0.03752208
689000	-924.6356	0	-924.6356	0.2131999
689500	-968.6558	0	-968.6558	0.173105
690000	-998.8091	0	-998.8091	-0.003258475
690500	-960.3259	0	-960.3259	0.02133248
691000	-940.1821	0	-940.1821	0.03411795
691500	-857.7851	0	-857.7851	-0.03931122
692000	-773.899	0	-773.899	-0.06691526
692500	-891.6501	0	-891.6501	-0.05895859
693000	-943.1885	0	-943.1885	-0.02133776
693500	-872.1144	0	-872.1144	-0.008312113
694000	-924.3976	0	-924.3976	-0.02713992
694500	-973.0151	0	-973.0151	0.01715815
695000	-958.9236	0	-958.9236	0.115654
695500	-971.6278	0	-971.6278	0.09205878
696000	-916.8739	0	-916.8739	0.0862245
696500	-1028.659	0	-1028.659	-0.002567141
697000	-1002.573	0	-1002.573	-0.07281431
697500	-993.6629	0	-993.6629	-0.05072383
698000	-1002.92	0	-1002.92	-0.1192511
698500	-940.406	0	-940.406	-0.0346008
699000	-872.9192	0	-872.9192	-0.005180575
699500	-937.6581	0	-937.6581	-0.1018701
700000	-895.7433	0	-895.7433	-0.003724505
700500	-831.3722	0	-831.3722	0.1525002
701000	-877.7167	0	-877.7167	0.06842276
701500	-844.9346	0	-844.9346	0.01939643
702000	-946.3707	0	-946.3707	-0.01719861
702500	-819.741	0	-819.741	0.02948879
703000	-786.8818	0	-786.8818	-0.01972236
703500	-780.2122	0	-780.2122	-0.03315207
704000	-913.0346	0	-913.0346	-0.04068813
704500	-1024.579	0	-1024.579	-0.1419053
705000	-1042.172	0	-1042.172	0.05893787
705500	-1010.709	0	-1010.709	-0.06101787
706000	-1006.856	0	-1006.856	0.09351126
706500	-939.743	0	-939.743	-0.04226602
707000	-979.7132	0	-979.7132	-0.09368884
707500	-996.3066	0	-996.3066	0.07486826
708000	-963.4812	0	-963.4812	0.09138024
708500	-971.2688	0	-971.2688	0.1545228
709000	-930.4484	0	-930.4484	0.003773214
709500	-910.951	0	-910.951	0.002828221
710000	-923.399	0	-923.399	0.03784409
710500	-987.22	0	-987.22	0.1572742
711000	-927.5737	0	-927.5737	0.1013692
711500	-953.5956	0	-953.5956	0.1502693
712000	-1037.208	0	-1037.208	0.05687222
712500	-1036.878	0	-1036.878	-0.08109434
713000	-1074.166	0	-1074.166	-0.1248521
713500	-1004.495	0	-1004.495	-0.1033075
714000	-1055.339	0	-1055.339	-0.02630654
714500	-944.1967	0	-944.1967	0.2709295
715000	-1011.932	0	-1011.932	0.09197136
715500	-1020.544	0	-1020.544	0.05979569
716000	-1020.061	0	-1020.061	0.2790658
716500	-1083.095	0	-1083.095	0.1403838
717000	-1010.793	0	-1010.793	0.001321188
717500	-968.2753	0	-968.2753	-0.04894781
718000	-967.2851	0	-967.2851	0.09064885
718500	-938.8615	0	-938.8615	0.1402716
719000	-880.7739	0	-880.7739	0.1387358
719500	-959.045	0	-959.045	0.07209583
720000	-932.0326	0	-932.0326	0.2859337
720500	-955.0623	0	-955.0623	0.1740483
721000	-882.4817	0	-882.4817	0.1738447
721500	-975.6567	0	-975.6567	-0.1358674
722000	-1009.752	0	-1009.752	-0.1447001
722500	-1074.053	0	-1074.053	0.04292388
723000	-1049.269	0	-1049.269	0.04977516
723500	-1091.441	0	-1091.441	0.06693904
724000	-890.2879	0	-890.2879	0.2733581
724500	-901.3577	0	-901.3577	0.2113287
725000	-950.0013	0	-950.0013	0.1155068
725500	-1060.501	0	-1060.501	0.09415546
726000	-1072.821	0	-1072.821	-0.04494063
726500	-1020.811	0	-1020.811	0.001515098
727000	-1042.545	0	-1042.545	0.04593526
727500	-1052.425	0	-1052.425	-0.03474637
728000	-1087.731	0	-1087.731	-0.03888128
728500	-1091.275	0	-1091.275	0.2062054
729000	-1033.833	0	-1033.833	0.2357608
729500	-978.6	0	-978.6	0.3021709
730000	-1006.303	0	-1006.303	0.2646898
730500	-1012.529	0	-1012.529	0.2789745
731000	-1021.241	0	-1021.241	0.2195085
731500	-1009.487	0	-1009.487	0.1469576
732000	-1009.84	0	-1009.84	0.01299006
732500	-953.2948	0	-953.2948	-0.08237841
733000	-1014.813	0	-1014.813	-0.02392521
733500	-1106.875	0	-1106.875	-0.0388968
734000	-1113.567	0	-1113.567	-0.1826036
734500	-1095.787	0	-1095.787	-0.1454333
735000	-1156.465	0	-1156.465	-0.001841646
735500	-1094.9	0	-1094.9	0.1649705
736000	-1077.768	0	-1077.768	0.3052667
736500	-1047.482	0	-1047.482	0.3817722
737000	-1099.885	0	-1099.885	0.2475364
737500	-979.6804	0	-979.6804	0.2215683
738000	-1082.476	0	-1082.476	0.2015603
738500	-1000.738	0	-1000.738	-0.05876066
739000	-1004.78	0	-1004.78	0.2857967
739500	-998.7335	0	-998.7335	0.4589166
740000	-1044.574	0	-1044.574	0.3635742
740500	-1006.92	0	-1006.92	0.1567655
741000	-946.9919	0	-946.9919	-0.03563641
741500	-1049.166	0	-1049.166	0.04771905
742000	-1061.366	0	-1061.366	0.1350742
742500	-1023.446	0	-1023.446	0.2237202
743000	-1090.898	0	-1090.898	0.1683565
743500	-1025.268	0	-1025.268	0.4205398
744000	-1044.067	0	-1044.067	0.4831527
744500	-1031.655	0	-1031.655	0.3609137
745000	-1005.965	0	-1005.965	0.4271146
745500	-1006.002	0	-1006.002	0.221845
746000	-1016.643	0	-1016.643	0.3161614
746500	-1031.751	0	-1031.751	0.1891478
747000	-1064.083	0	-1064.083	0.1777328
747500	-1029.885	0	-1029.885	0.002589125
748000	-1074.824	0	-1074.824	0.2670592
748500	-1073.894	0	-1073.894	0.1754417
749000	-1050.924	0	-1050.924	0.2731939
749500	-1103.781	0	-1103.781	0.2599617
750000	-1049.728	0	-1049.728	0.1901506
750500	-1161.74	0	-1161.74	0.3015737
751000	-1100.848	0	-1100.848	0.2988038
751500	-1104.433	0	-1104.433	0.3237647
752000	-1030.22	0	-1030.22	0.4229436
752500	-1036.117	0	-1036.117	0.5343288
753000	-912.2556	0	-912.2556	0.5171894
753500	-1040.672	0	-1040.672	0.4510339
754000	-1053.396	0	-1053.396	0.4625568
754500	-1016.717	0	-1016.717	0.4239955
755000	-1012.97	0	-1012.97	0.4616119
755500	-1024.216	0	-1024.216	0.5428929
756000	-957.8572	0	-957.8572	0.613952
756500	-1040.037	0	-1040.037	0.4640731
757000	-1042.346	0	-1042.346	0.2075242
757500	-1054.059	0	-1054.059	0.3199259
758000	-1055.59	0	-1055.59	0.3273943
758500	-1064.544	0	-1064.544	0.2766404
759000	-1031.366	0	-1031.366	0.2682694
759500	-1039.479	0	-1039.479	0.09029511
760000	-1061.624	0	-1061.624	-0.07467601
760500	-1068.421	0	-1068.421	-0.1304218
761000	-1031.898	0	-1031.898	0.06705715
761500	-1075.217	0	-1075.217	0.0176795
762000	-1141.642	0	-1141.642	0.2535071
762500	-1020.06	0	-1020.06	0.1720611
763000	-1136.565	0	-1136.565	0.3024115
763500	-1020.079	0	-1020.079	0.1346835
764000	-1011.883	0	-1011.883	0.1953736
764500	-1069.252	0	-1069.252	0.2943196
765000	-1111.263	0	-1111.263	0.1838431
765500	-1045.574	0	-1045.574	0.3676771
766000	-1042.101	0	-1042.101	0.2314673
766500	-1072.969	0	-1072.969	0.2376711
767000	-1076.156	0	-1076.156	0.1869596
767500	-1076.72	0	-1076.72	0.2164784
768000	-1074.227	0	-1074.227	0.1694338
768500	-1110.171	0	-1110.171	0.2414211
769000	-1064.966	0	-1064.966	0.4742178
769500	-1020.645	0	-1020.645	0.1576513
770000	-991.2907	0	-991.2907	0.5206598
770500	-997.0771	0	-997.0771	0.3349855
771000	-1035.768	0	-1035.768	0.4096085
771500	-987.0902	0	-987.0902	0.4012359
772000	-942.6419	0	-942.6419	0.4067492
772500	-1009.777	0	-1009.777	0.4475125
773000	-1045.691	0	-1045.691	0.3542934
773500	-988.5939	0	-988.5939	0.190309
774000	-961.1306	0	-961.1306	0.2601702
774500	-948.0397	0	-948.0397	0.1231634
775000	-931.4236	0	-931.4236	0.2749753
775500	-984.0149	0	-984.0149	0.2810576
776000	-898.12	0	-898.12	0.2473662
776500	-946.1797	0	-946.1797	0.2365446
777000	-917.5762	0	-917.5762	0.3626366
777500	-961.7277	0	-961.7277	0.3483126
778000	-987.6919	0	-987.6919	0.3231914
778500	-989.3067	0	-989.3067	0.3580276
779000	-1000.607	0	-1000.607	0.3482315
779500	-1027.39	0	-1027.39	0.35926
780000	-1013.806	0	-1013.806	0.2264265
780500	-1026.374	0	-1026.374	0.2006552
781000	-946.5084	0	-946.5084	0.2172634
781500	-1050.093	0	-1050.093	-0.1264199
782000	-967.2937	0	-967.2937	0.05895236
782500	-969.7351	0	-969.7351	0.1962531
783000	-1015.452	0	-1015.452	0.1103857
783500	-987.3577	0	-987.3577	0.249936
784000	-964.879	0	-964.879	0.1705111
784500	-993.6555	0	-993.6555	0.2016917
785000	-1065.53	0	-1065.53	0.04027263
785500	-1018.43	0	-1018.43	0.2605725
786000	-1029.471	0	-1029.471	0.3894429
786500	-1115.24	0	-1115.24	0.4487529
787000	-1169.364	0	-1169.364	0.3391687
787500	-1237.369	0	-1237.369	0.08052646
788000	-1220.838	0	-1220.838	0.2642388
788500	-1205.726	0	-1205.726	0.1603444
789000	-1208.299	0	-1208.299	0.2393734
789500	-1151.679	0	-1151.679	0.08750207
790000	-1107.625	0	-1107.625	0.1884405
790500	-1123.18	0	-1123.18	0.1199878
791000	-1145.208	0	-1145.208	0.105532
791500	-1071.8	0	-1071.8	0.3623125
792000	-1023.511	0	-1023.511	0.07441051
792500	-1046.387	0	-1046.387	0.03468386
793000	-951.5237	0	-951.5237	-0.03377333
793500	-976.8489	0	-976.8489	-0.1345659
794000	-885.4711	0	-885.4711	-0.1721514
794500	-951.6744	0	-951.6744	0.002101795
795000	-980.4828	0	-980.4828	0.05167398
795500	-1014.648	0	-1014.648	-0.01820757
796000	-1068.001	0	-1068.001	-0.02056169
796500	-1107.862	0	-1107.862	-0.1294729
797000	-1056.896	0	-1056.896	0.05041419
797500	-1106.184	0	-1106.184	0.3101585
798000	-1146.929	0	-1146.929	0.2337345
798500	-1072.535	0	-1072.535	0.1272278
799000	-1060.997	0	-1060.997	0.2549347
799500	-1072.927	0	-1072.927	0.3465729
800000	-1069.356	0	-1069.356	0.2858879
800500	-1109.384	0	-1109.384	0.2297448
801000	-1055.768	0	-1055.768	0.2151056
801500	-1157.402	0	-1157.402	0.4542272
802000	-1124.538	0	-1124.538	0.3975696
802500	-1075.456	0	-1075.456	0.2411157
803000	-1085.693	0	-1085.693	0.178224
803500	-1132.846	0	-1132.846	0.2778656
804000	-1074.069	0	-1074.069	0.3329368
804500	-1084.532	0	-1084.532	0.1736264
805000	-1135.771	0	-1135.771	0.1772804
805500	-1150.815	0	-1150.815	0.1620021
806000	-1107.239	0	-1107.239	0.05205092
806500	-1216.645	0	-1216.645	-0.1017823
807000	-1185.671	0	-1185.671	0.2989435
807500	-1229.752	0	-1229.752	0.1928789
808000	-1168.833	0	-1168.833	0.09571916
808500	-1091.902	0	-1091.902	0.05898571
809000	-1055.532	0	-1055.532	0.1327831
809500	-984.1286	0	-984.1286	0.1741359
810000	-984.2185	0	-984.2185	0.3518919
810500	-1091.586	0	-1091.586	0.02212126
811000	-1114.253	0	-1114.253	0.2566549
811500	-1058.25	0	-1058.25	0.1829003
812000	-1052.096	0	-1052.096	0.01204401
812500	-1110.498	0	-1110.498	0.05566041
813000	-1081.224	0	-1081.224	0.1473116
813500	-1150.527	0	-1150.527	0.108434
814000	-1073.233	0	-1073.233	0.001054198
814500	-1066.6	0	-1066.6	0.1195527
815000	-1074.357	0	-1074.357	0.1459775
815500	-1063.099	0	-1063.099	0.02509477
816000	-928.105	0	-928.105	0.09758665
816500	-996.8673	0	-996.8673	-0.06416522
817000	-928.8577	0	-928.8577	0.09756541
817500	-1052.335	0	-1052.335	-0.2576584
818000	-1032.865	0	-1032.865	-0.2903661
818500	-958.6924	0	-958.6924	-0.2319165
819000	-944.2454	0	-944.2454	-0.2427908
819500	-1058.5	0	-1058.5	-0.04420031
820000	-1073.856	0	-1073.856	0.1802047
820500	-996.4403	0	-996.4403	0.4159751
821000	-1046.585	0	-1046.585	0.3694714
821500	-1165.137	0	-1165.137	0.2920341
822000	-1130.225	0	-1130.225	0.2064205
822500	-1214.599	0	-1214.599	0.08339319
823000	-1134.615	0	-1134.615	-0.07283515
823500	-1174.731	0	-1174.731	-0.03785958
824000	-1113.22	0	-1113.22	0.02053465
824500	-1096.698	0	-1096.698	0.005085088
825000	-1109.38	0	-1109.38	0.04598716
825500	-1083.915	0	-1083.915	0.205881
826000	-1117.95	0	-1117.95	0.09368102
826500	-1113.347	0	-1113.347	0.1029663
827000	-997.6889	0	-997.6889	0.1314109
827500	-946.1152	0	-946.1152	0.09436173
828000	-908.6432	0	-908.6432	0.05739903
828500	-978.4051	0	-978.4051	0.1185901
829000	-956.0016	0	-956.0016	0.2400917
829500	-936.3794	0	-936.3794	0.2744322
830000	-1001.659	0	-1001.659	0.2260716
830500	-922.5742	0	-922.5742	0.1965487
831000	-913.5574	0	-913.5574	0.06697149
831500	-989.3598	0	-989.3598	0.08799275
832000	-1062.185	0	-1062.185	0.01756576
832500	-1019.048	0	-1019.048	-0.0006881618
833000	-1035.58	0	-1035.58	-0.01217576
833500	-1021.624	0	-1021.624	-0.002915109
834000	-1004.35	0	-1004.35	0.02927437
834500	-1111.343	0	-1111.343	0.2110818
835000	-1088.962	0	-1088.962	0.05945649
835500	-1056.235	0	-1056.235	0.1904585
836000	-937.3482	0	-937.3482	0.2272211
836500	-990.3942	0	-990.3942	0.01971668
837000	-939.7536	0	-939.7536	0.0298377
837500	-1035.412	0	-1035.412	0.1020018
838000	-1083.736	0	-1083.736	0.01906084
838500	-1081.723	0	-1081.723	-0.1567422
839000	-1064.844	0	-1064.844	-0.07850653
839500	-1061.087	0	-1061.087	0.1790647
840000	-1028.63	0	-1028.63	0.135583
840500	-1003.488	0	-1003.488	-0.1664605
841000	-1083.925	0	-1083.925	-0.222818
841500	-1067.983	0	-1067.983	-0.07465718
842000	-1115.122	0	-1115.122	0.2432908
842500	-1117.398	0	-1117.398	0.1541518
843000	-1183.065	0	-1183.065	-0.1628639
843500	-1155.232	0	-1155.232	-0.05345199
844000	-1189.663	0	-1189.663	-0.172077
844500	-1249.094	0	-1249.094	0.02050238
845000	-1144.317	0	-1144.317	-0.2398001
845500	-1151.4	0	-1151.4	0.06616712
846000	-1154.306	0	-1154.306	-0.1524048
846500	-1072.272	0	-1072.272	-0.2537548
847000	-1035.753	0	-1035.753	-0.09034599
847500	-1123.978	0	-1123.978	-0.2539926
848000	-1078.713	0	-1078.713	-0.01989984
848500	-1039.439	0	-1039.439	0.02752042
849000	-1068.284	0	-1068.284	0.03198023
849500	-1020.788	0	-1020.788	0.05877521
850000	-1049.7	0	-1049.7	0.2942667
850500	-1155.85	0	-1155.85	0.1771139
851000	-988.9681	0	-988.9681	0.2531473
851500	-1060.453	0	-1060.453	0.2627186
852000	-1028.423	0	-1028.423	0.3796037
852500	-1045.522	0	-1045.522	0.133519
853000	-1024.251	0	-1024.251	0.1688745
853500	-933.2364	0	-933.2364	-0.1475318
854000	-883.6252	0	-883.6252	-0.1636951
854500	-886.0984	0	-886.0984	-0.06011179
855000	-926.988	0	-926.988	0.04739226
855500	-929.9753	0	-929.9753	0.04991316
856000	-948.416	0	-948.416	0.16234
856500	-831.9235	0	-831.9235	0.09002718
857000	-791.2045	0	-791.2045	0.08908162
857500	-835.0144	0	-835.0144	0.08339162
858000	-872.3628	0	-872.3628	0.1981076
858500	-798.5712	0	-798.5712	0.1520236
859000	-854.7617	0	-854.7617	0.1500525
859500	-887.8832	0	-887.8832	0.1037593
860000	-935.5597	0	-935.5597	0.1962503
860500	-1015.884	0	-1015.884	0.0150275
861000	-1053.686	0	-1053.686	0.2221654
861500	-1047.574	0	-1047.574	0.2810614
862000	-1030.535	0	-1030.535	0.2867302
862500	-1028.913	0	-1028.913	0.1047199
863000	-973.4529	0	-973.4529	0.02458398
863500	-946.2876	0	-946.2876	0.1289847
864000	-958.7093	0	-958.7093	0.1133883
864500	-941.9514	0	-941.9514	0.1196674
865000	-986.3267	0	-986.3267	0.1036388
865500	-994.7613	0	-994.7613	0.1983356
866000	-990.4122	0	-990.4122	0.1701038
866500	-1081.67	0	-1081.67	0.004697764
867000	-1121.023	0	-1121.023	0.06328024
867500	-1115.133	0	-1115.133	0.07714639
868000	-1048.84	0	-1048.84	0.1064471
868500	-1072.992	0	-1072.992	0.1110733
869000	-1019.912	0	-1019.912	0.2432952
869500	-1008.269	0	-1008.269	0.244326
870000	-1058.129	0	-1058.129	0.09791649
870500	-1106.219	0	-1106.219	-0.03043729
871000	-1035.743	0	-1035.743	-0.05495107
871500	-1103.224	0	-1103.224	0.1145171
872000	-1084.516	0	-1084.516	0.1762066
872500	-1080.44	0	-1080.44	0.173608
873000	-1137.856	0	-1137.856	-0.009183262
873500	-1139.351	0	-1139.351	0.1384166
874000	-1138.715	0	-1138.715	-0.031367
874500	-1164.697	0	-1164.697	-0.0572541
875000	-1162.698	0	-1162.698	0.1424435
875500	-1173.03	0	-1173.03	0.1750727
876000	-1182.223	0	-1182.223	-0.1655857
876500	-1115.157	0	-1115.157	0.1906537
877000	-1101.418	0	-1101.418	0.03214362
877500	-1116.614	0	-1116.614	0.2375396
878000	-1091.138	0	-1091.138	-0.132428
878500	-1143.64	0	-1143.64	0.225575
879000	-1146.003	0	-1146.003	0.05765283
879500	-1102.058	0	-1102.058	0.01372059
880000	-955.845	0	-955.845	-0.03209891
880500	-1032.626	0	-1032.626	0.1800546
881000	-1078.421	0	-1078.421	-0.1127364
881500	-1014.801	0	-1014.801	0.002604803
882000	-1033.377	0	-1033.377	0.1391298
882500	-1085.158	0	-1085.158	0.0960592
883000	-999.1343	0	-999.1343	-0.08852793
883500	-1068.55	0	-1068.55	0.04891668
884000	-1006.118	0	-1006.118	0.1299688
884500	-979.8074	0	-979.8074	0.3783503
885000	-1054.42	0	-1054.42	0.2422416
885500	-1142.638	0	-1142.638	0.1369954
886000	-1131.728	0	-1131.728	0.1942668
886500	-1161.904	0	-1161.904	0.2513495
887000	-1163.211	0	-1163.211	0.2993
887500	-1083.047	0	-1083.047	0.2416102
888000	-1104.853	0	-1104.853	0.1662343
888500	-1086.048	0	-1086.048	0.1866194
889000	-1046.611	0	-1046.611	-0.05796056
889500	-1123.619	0	-1123.619	0.07060106
890000	-1087.256	0	-1087.256	0.1029635
890500	-984.6637	0	-984.6637	0.4482755
891000	-991.256	0	-991.256	0.4313055
891500	-1036.188	0	-1036.188	0.07591472
892000	-1026.746	0	-1026.746	0.2422843
892500	-1090.54	0	-1090.54	0.2765047
893000	-1114.905	0	-1114.905	0.08631519
893500	-1068.478	0	-1068.478	0.2441389
894000	-1143.981	0	-1143.981	0.4817522
894500	-1202.036	0	-1202.036	0.2100082
895000	-1116.438	0	-1116.438	0.1742594
895500	-1112.081	0	-1112.081	0.2998778
896000	-1131.719	0	-1131.719	0.2147471
896500	-1123.677	0	-1123.677	-0.1093116
897000	-1109.484	0	-1109.484	0.08604473
897500	-1203.456	0	-1203.456	0.02221236
898000	-1226.561	0	-1226.561	0.1151327
898500	-1226.874	0	-1226.874	-0.04652437
899000	-1194.075	0	-1194.075	0.0878913
899500	-1096.084	0	-1096.084	0.1416556
900000	-1084.461	0	-1084.461	-0.03780253
900500	-1116.332	0	-1116.332	0.02233081
901000	-1027.01	0	-1027.01	0.05750134
901500	-1089.937	0	-1089.937	-0.1746628
902000	-1101.986	0	-1101.986	0.02736014
902500	-1051.396	0	-1051.396	-0.06336862
903000	-1125.653	0	-1125.653	0.1070865
903500	-1064.111	0	-1064.111	0.009005384
904000	-1093.673	0	-1093.673	0.1044501
904500	-1109.226	0	-1109.226	0.1070247
905000	-1070.437	0	-1070.437	0.4681042
905500	-1017.943	0	-1017.943	0.3487189
906000	-1080.278	0	-1080.278	0.2991385
906500	-1010.799	0	-1010.799	0.1044521
907000	-991.6671	0	-991.6671	0.1642438
907500	-1037.578	0	-1037.578	0.158118
908000	-1023.857	0	-1023.857	0.143109
908500	-1003.178	0	-1003.178	-0.03784896
909000	-1134.349	0	-1134.349	0.02353454
909500	-1093.337	0	-1093.337	0.08674417
910000	-1104.503	0	-1104.503	0.2288762
910500	-1100.019	0	-1100.019	0.2965142
911000	-1132.835	0	-1132.835	0.01109923
911500	-1116.227	0	-1116.227	-0.01470638
912000	-1111.872	0	-1111.872	-0.07028853
912500	-1080.833	0	-1080.833	0.04445753
913000	-1118.061	0	-1118.061	0.1309247
913500	-1190.872	0	-1190.872	-0.1131747
914000	-1180.981	0	-1180.981	0.07701656
914500	-1174.841	0	-1174.841	0.1209105
915000	-1087.542	0	-1087.542	0.187908
915500	-978.4051	0	-978.4051	0.2613214
916000	-1087.395	0	-1087.395	0.03923307
916500	-1079.645	0	-1079.645	0.1595822
917000	-1010.324	0	-1010.324	0.009111914
917500	-1057.809	0	-1057.809	0.1259461
918000	-1114.792	0	-1114.792	0.1991759
918500	-1151.558	0	-1151.558	0.1961266
919000	-1174.567	0	-1174.567	0.1602664
919500	-1168.87	0	-1168.87	0.2976243
920000	-1180.703	0	-1180.703	-0.1427956
920500	-1154.967	0	-1154.967	0.01995954
921000	-1168.09	0	-1168.09	0.2603511
921500	-1128.481	0	-1128.481	0.08459734
922000	-1131.493	0	-1131.493	0.1479571
922500	-1110.313	0	-1110.313	0.0898531
923000	-1093.902	0	-1093.902	0.0817192
923500	-1132.322	0	-1132.322	0.1693069
924000	-1093.179	0	-1093.179	0.1509764
924500	-1102.301	0	-1102.301	0.09404909
925000	-1147.506	0	-1147.506	0.0002657067
925500	-1117.539	0	-1117.539	0.1212946
926000	-1088.2	0	-1088.2	-0.1079129
926500	-1107.776	0	-1107.776	0.04675635
927000	-1051.082	0	-1051.082	0.03999689
927500	-1048.013	0	-1048.013	-0.06583714
928000	-1017.369	0	-1017.369	-0.02519183
928500	-1067.623	0	-1067.623	-0.1046345
929000	-946.6826	0	-946.6826	0.2403641
929500	-1032.365	0	-1032.365	0.2650134
930000	-1003.079	0	-1003.079	-0.03017357
930500	-1024.646	0	-1024.646	-0.0003237651
931000	-1021.875	0	-1021.875	0.06650093
931500	-1143.309	0	-1143.309	0.02942305
932000	-1107.035	0	-1107.035	-0.001311652
932500	-1087.9	0	-1087.9	0.2334527
933000	-994.9481	0	-994.9481	0.233251
933500	-1008.644	0	-1008.644	0.1884401
934000	-1084.646	0	-1084.646	0.1672867
934500	-1139.039	0	-1139.039	0.2641518
935000	-1094.253	0	-1094.253	0.328499
935500	-1050.285	0	-1050.285	0.3111548
936000	-1080.667	0	-1080.667	0.1753269
936500	-1008.21	0	-1008.21	0.2420926
937000	-985.1704	0	-985.1704	0.2077645
937500	-999.4242	0	-999.4242	0.08519192
938000	-995.9529	0	-995.9529	0.07165831
938500	-1075.989	0	-1075.989	0.1013216
939000	-1029.834	0	-1029.834	-0.03150015
939500	-1048.802	0	-1048.802	0.06281138
940000	-1024.244	0	-1024.244	0.07519549
940500	-988.9056	0	-988.9056	-0.1195141
941000	-1040.139	0	-1040.139	-0.09435828
941500	-1033.113	0	-1033.113	-0.1577531
942000	-961.9596	0	-961.9596	-0.2278104
942500	-904.4075	0	-904.4075	-0.223557
943000	-952.6112	0	-952.6112	-0.2137723
943500	-1008.954	0	-1008.954	-0.2085101
944000	-1005.289	0	-1005.289	0.01396774
944500	-1006.37	0	-1006.37	0.2815419
945000	-984.4603	0	-984.4603	0.1596284
945500	-1087.589	0	-1087.589	-0.05917391
946000	-1044.545	0	-1044.545	-0.02886471
946500	-1048.887	0	-1048.887	0.05420291
947000	-1024.189	0	-1024.189	0.2338018
947500	-1053.303	0	-1053.303	0.470425
948000	-1005.88	0	-1005.88	0.4238091
948500	-929.209	0	-929.209	0.3650291
949000	-919.0284	0	-919.0284	0.2515345
949500	-914.6741	0	-914.6741	0.3044637
950000	-1002.769	0	-1002.769	0.2427453
950500	-1037.371	0	-1037.371	0.2070386
951000	-966.8888	0	-966.8888	0.4075227
951500	-867.4186	0	-867.4186	0.2912079
952000	-1045.69	0	-1045.69	0.2909324
952500	-996.2184	0	-996.2184	0.08818279
953000	-986.4692	0	-986.4692	0.002468121
953500	-980.2188	0	-980.2188	0.07393188
954000	-1078.425	0	-1078.425	0.1428107
954500	-1028.029	0	-1028.029	0.0656694
955000	-1061.947	0	-1061.947	0.09518451
955500	-1000.126	0	-1000.126	0.1010418
956000	-961.6037	0	-961.6037	0.02478222
956500	-976.7263	0	-976.7263	-0.07033444
957000	-1026.038	0	-1026.038	-0.2515773
957500	-1105.82	0	-1105.82	-0.169294
958000	-1062.629	0	-1062.629	-0.1337044
958500	-1046.687	0	-1046.687	-0.2901362
959000	-1034.511	0	-1034.511	-0.3467256
959500	-1040.913	0	-1040.913	-0.2481423
960000	-1082.265	0	-1082.265	0.1096382
960500	-1129.198	0	-1129.198	0.1100422
961000	-1048.898	0	-1048.898	0.1717045
961500	-1117.63	0	-1117.63	-0.0355522
962000	-1098.264	0	-1098.264	0.2022586
962500	-1069.966	0	-1069.966	0.3032695
963000	-999.4835	0	-999.4835	0.2651382
963500	-1026.317	0	-1026.317	0.2631453
964000	-1059.894	0	-1059.894	0.2942889
964500	-969.6339	0	-969.6339	0.1653496
965000	-1002.233	0	-1002.233	0.1953406
965500	-925.599	0	-925.599	0.151805
966000	-1002.636	0	-1002.636	0.06098326
966500	-1037.616	0	-1037.616	0.2796987
967000	-1004.984	0	-1004.984	0.1782191
967500	-886.9439	0	-886.9439	-0.159075
968000	-973.4046	0	-973.4046	-0.2090843
968500	-989.8461	0	-989.8461	0.1834229
969000	-1031.183	0	-1031.183	0.06592179
969500	-980.4125	0	-980.4125	-0.09968794
970000	-1084.744	0	-1084.744	0.1701678
970500	-1010.284	0	-1010.284	0.03477418
971000	-1038.009	0	-1038.009	0.09129226
971500	-1079.396	0	-1079.396	0.2374358
972000	-1077.266	0	-1077.266	0.2565472
972500	-1093.942	0	-1093.942	0.001662683
973000	-1092.021	0	-1092.021	0.3597984
973500	-1090.506	0	-1090.506	0.3399156
974000	-1126.64	0	-1126.64	0.05014843
974500	-1123.759	0	-1123.759	0.09107802
975000	-1095.697	0	-1095.697	-0.07346564
975500	-1063.77	0	-1063.77	0.0688243
976000	-1133.097	0	-1133.097	0.09682535
976500	-1026.164	0	-1026.164	0.3400488
977000	-1032.838	0	-1032.838	0.3814475
977500	-1083.089	0	-1083.089	0.02495127
978000	-1092.883	0	-1092.883	0.1696806
978500	-1024.609	0	-1024.609	0.0229123
979000	-1149.625	0	-1149.625	0.02982041
979500	-1171.254	0	-1171.254	0.09532069
980000	-1052.376	0	-1052.376	-0.06207498
980500	-1125.364	0	-1125.364	-0.01279338
981000	-1097.315	0	-1097.315	0.1107301
981500	-1109.381	0	-1109.381	0.2316317
982000	-1182.877	0	-1182.877	0.4541899
982500	-1186.926	0	-1186.926	0.2737543
983000	-1101.809	0	-1101.809	0.2510556
983500	-1122.629	0	-1122.629	0.3283558
984000	-1132.572	0	-1132.572	0.2233128
984500	-1101.098	0	-1101.098	0.1684474
985000	-1100.254	0	-1100.254	0.229782
985500	-1135.886	0	-1135.886	0.1182112
986000	-1115.551	0	-1115.551	0.1984087
986500	-1095.224	0	-1095.224	0.2317556
987000	-1099.135	0	-1099.135	0.3834655
987500	-1137.556	0	-1137.556	0.2634361
988000	-1135.422	0	-1135.422	0.1671221
988500	-1153.191	0	-1153.191	0.1859361
989000	-1126.16	0	-1126.16	0.1828063
989500	-1137.7	0	-1137.7	0.274922
990000	-1104.841	0	-1104.841	0.3110434
990500	-1057.179	0	-1057.179	0.4694615
991000	-1051.201	0	-1051.201	0.4580737
991500	-1028.42	0	-1028.42	0.3755653
992000	-1117.213	0	-1117.213	0.3829712
992500	-1072.897	0	-1072.897	0.01600333
993000	-1074.056	0	-1074.056	0.3396233
993500	-1186.203	0	-1186.203	0.0175229
994000	-1179.115	0	-1179.115	0.2883196
994500	-1188.062	0	-1188.062	0.2557732
995000	-1151.946	0	-1151.946	0.4051108
995500	-1201.877	0	-1201.877	0.1566552
996000	-1199.868	0	-1199.868	0.1640087
996500	-1192.508	0	-1192.508	0.1880917
997000	-1115.793	0	-1115.793	0.1626765
997500	-1104.184	0	-1104.184	0.1625645
998000	-1022.427	0	-1022.427	-0.0909399
998500	-1061.154	0	-1061.154	0.11502
999000	-1110.146	0	-1110.146	-0.03556301
999500	-1071.292	0	-1071.292	0.2023999
1000000	-977.6529	0	-977.6529	0.2139173
