Iteration	Posterior	Likelihood	Prior	rho[1][4]
0	-6745.466	0	-6745.466	-0.5419503
500	-1185.533	0	-1185.533	-0.4858495
1000	-1216.797	0	-1216.797	-0.6361973
1500	-1163.849	0	-1163.849	-0.7250308
2000	-1138.38	0	-1138.38	-0.7690557
2500	-1155.783	0	-1155.783	-0.7429808
3000	-1172.92	0	-1172.92	-0.7437004
3500	-1132.039	0	-1132.039	-0.7069355
4000	-1128.967	0	-1128.967	-0.7405065
4500	-1136.101	0	-1136.101	-0.7285311
5000	-1139.731	0	-1139.731	-0.7306666
5500	-1092.51	0	-1092.51	-0.7581418
6000	-1169.09	0	-1169.09	-0.7312385
6500	-1088.315	0	-1088.315	-0.7169975
7000	-1083.653	0	-1083.653	-0.7893423
7500	-1067.347	0	-1067.347	-0.7620731
8000	-1094.446	0	-1094.446	-0.7909826
8500	-1066.858	0	-1066.858	-0.8116756
9000	-1045.527	0	-1045.527	-0.8877852
9500	-961.6165	0	-961.6165	-0.9205787
10000	-1074.431	0	-1074.431	-0.8936675
10500	-1082.994	0	-1082.994	-0.8581575
11000	-1032.749	0	-1032.749	-0.8803563
11500	-958.273	0	-958.273	-0.9362844
12000	-973.0777	0	-973.0777	-0.933372
12500	-1015.582	0	-1015.582	-0.928288
13000	-965.4343	0	-965.4343	-0.9247939
13500	-944.1389	0	-944.1389	-0.929787
14000	-896.4239	0	-896.4239	-0.934707
14500	-897.9202	0	-897.9202	-0.9439742
15000	-804.0202	0	-804.0202	-0.9515079
15500	-850.6665	0	-850.6665	-0.9427393
16000	-869.6155	0	-869.6155	-0.9390832
16500	-810.654	0	-810.654	-0.9331027
17000	-852.7999	0	-852.7999	-0.9395535
17500	-890.9402	0	-890.9402	-0.9319573
18000	-990.1745	0	-990.1745	-0.8870466
18500	-860.0064	0	-860.0064	-0.8952358
19000	-956.1029	0	-956.1029	-0.8726183
19500	-965.8109	0	-965.8109	-0.9018275
20000	-979.7356	0	-979.7356	-0.889387
20500	-1046.56	0	-1046.56	-0.8551192
21000	-1038.777	0	-1038.777	-0.9013865
21500	-927.8782	0	-927.8782	-0.9119605
22000	-962.7937	0	-962.7937	-0.9264716
22500	-1022.452	0	-1022.452	-0.9167057
23000	-956.8842	0	-956.8842	-0.9390164
23500	-974.9478	0	-974.9478	-0.9297085
24000	-883.5311	0	-883.5311	-0.9405494
24500	-978.0493	0	-978.0493	-0.9168076
25000	-965.0673	0	-965.0673	-0.932011
25500	-992.2978	0	-992.2978	-0.935767
26000	-964.5376	0	-964.5376	-0.9441903
26500	-995.6821	0	-995.6821	-0.9395604
27000	-1016.627	0	-1016.627	-0.9421243
27500	-1079.82	0	-1079.82	-0.9223545
28000	-1068.151	0	-1068.151	-0.9317805
28500	-1034.211	0	-1034.211	-0.914796
29000	-1138.565	0	-1138.565	-0.9001561
29500	-1156.931	0	-1156.931	-0.8585894
30000	-1074.967	0	-1074.967	-0.8584464
30500	-1091.418	0	-1091.418	-0.87623
31000	-1127.784	0	-1127.784	-0.8531957
31500	-1089.804	0	-1089.804	-0.8653934
32000	-1082.073	0	-1082.073	-0.7781748
32500	-1078.689	0	-1078.689	-0.7311316
33000	-988.6399	0	-988.6399	-0.8179375
33500	-1008.612	0	-1008.612	-0.8401492
34000	-1101.261	0	-1101.261	-0.7771718
34500	-1169.263	0	-1169.263	-0.7108248
35000	-1137.676	0	-1137.676	-0.7759718
35500	-1164.916	0	-1164.916	-0.5428491
36000	-1167.479	0	-1167.479	-0.5730967
36500	-1112.28	0	-1112.28	-0.6705301
37000	-1158.522	0	-1158.522	-0.6504009
37500	-1169.576	0	-1169.576	-0.472203
38000	-1157.366	0	-1157.366	-0.3586423
38500	-1169.779	0	-1169.779	-0.5802176
39000	-1219.01	0	-1219.01	-0.603034
39500	-1130.516	0	-1130.516	-0.748951
40000	-1103.616	0	-1103.616	-0.794835
40500	-1151.664	0	-1151.664	-0.6571334
41000	-1155.979	0	-1155.979	-0.5557358
41500	-1180.23	0	-1180.23	-0.6987443
42000	-1166.521	0	-1166.521	-0.6916919
42500	-1149.484	0	-1149.484	-0.6402779
43000	-1103.486	0	-1103.486	-0.81893
43500	-1181.257	0	-1181.257	-0.6880963
44000	-1231.849	0	-1231.849	-0.5460823
44500	-1156.893	0	-1156.893	-0.7700332
45000	-1101.675	0	-1101.675	-0.7974948
45500	-1094.8	0	-1094.8	-0.7711347
46000	-1110.579	0	-1110.579	-0.7927575
46500	-1056.717	0	-1056.717	-0.8052889
47000	-1040.56	0	-1040.56	-0.8068628
47500	-979.094	0	-979.094	-0.8736777
48000	-1042.86	0	-1042.86	-0.8224428
48500	-1110.949	0	-1110.949	-0.660993
49000	-1034.828	0	-1034.828	-0.8144162
49500	-987.6217	0	-987.6217	-0.7983671
50000	-1027.825	0	-1027.825	-0.7976881
50500	-1073.922	0	-1073.922	-0.7793973
51000	-1121.539	0	-1121.539	-0.7928769
51500	-1082.174	0	-1082.174	-0.6939309
52000	-1081.142	0	-1081.142	-0.7696214
52500	-1108.563	0	-1108.563	-0.7697608
53000	-1137.906	0	-1137.906	-0.7410255
53500	-1035.065	0	-1035.065	-0.795437
54000	-971.8506	0	-971.8506	-0.8257894
54500	-950.461	0	-950.461	-0.834462
55000	-1009.286	0	-1009.286	-0.8236386
55500	-905.3449	0	-905.3449	-0.8379976
56000	-980.225	0	-980.225	-0.8062369
56500	-966.6051	0	-966.6051	-0.8183282
57000	-853.9578	0	-853.9578	-0.8207529
57500	-873.9882	0	-873.9882	-0.8257966
58000	-849.2551	0	-849.2551	-0.8254622
58500	-853.4794	0	-853.4794	-0.8295512
59000	-1014.25	0	-1014.25	-0.8206669
59500	-972.6147	0	-972.6147	-0.8291408
60000	-980.7158	0	-980.7158	-0.8486573
60500	-1072.881	0	-1072.881	-0.7516516
61000	-1055.162	0	-1055.162	-0.875758
61500	-999.0041	0	-999.0041	-0.9031032
62000	-980.0503	0	-980.0503	-0.9079286
62500	-979.3376	0	-979.3376	-0.9019772
63000	-905.5441	0	-905.5441	-0.9297389
63500	-886.4264	0	-886.4264	-0.8885919
64000	-939.8137	0	-939.8137	-0.8997942
64500	-934.2144	0	-934.2144	-0.8730858
65000	-932.3087	0	-932.3087	-0.8955512
65500	-939.5739	0	-939.5739	-0.9297862
66000	-957.8736	0	-957.8736	-0.92466
66500	-1011.045	0	-1011.045	-0.8551218
67000	-1035.736	0	-1035.736	-0.8860907
67500	-988.0071	0	-988.0071	-0.847292
68000	-950.422	0	-950.422	-0.8378655
68500	-1002.681	0	-1002.681	-0.7999336
69000	-972.3115	0	-972.3115	-0.8169252
69500	-1082.11	0	-1082.11	-0.786559
70000	-1008.55	0	-1008.55	-0.8292067
70500	-1030.067	0	-1030.067	-0.7998131
71000	-1071.212	0	-1071.212	-0.7356051
71500	-955.7036	0	-955.7036	-0.7419219
72000	-1035.046	0	-1035.046	-0.7534372
72500	-1023.039	0	-1023.039	-0.7959376
73000	-1025.635	0	-1025.635	-0.7902493
73500	-1066.879	0	-1066.879	-0.7447845
74000	-1162.256	0	-1162.256	-0.6028167
74500	-1195.409	0	-1195.409	-0.484856
75000	-1129.753	0	-1129.753	-0.6030316
75500	-1113.926	0	-1113.926	-0.7031161
76000	-977.2596	0	-977.2596	-0.7526981
76500	-998.1572	0	-998.1572	-0.7594778
77000	-1080.032	0	-1080.032	-0.8147554
77500	-1046.377	0	-1046.377	-0.7679664
78000	-1053.464	0	-1053.464	-0.7740501
78500	-1038.64	0	-1038.64	-0.8414196
79000	-1036.922	0	-1036.922	-0.7923212
79500	-1091.654	0	-1091.654	-0.653214
80000	-1028.363	0	-1028.363	-0.7500518
80500	-1016.282	0	-1016.282	-0.7788916
81000	-1036.054	0	-1036.054	-0.7154038
81500	-1033.259	0	-1033.259	-0.6495471
82000	-1027.046	0	-1027.046	-0.6645387
82500	-1040.121	0	-1040.121	-0.6075906
83000	-1026.411	0	-1026.411	-0.6049525
83500	-1033.282	0	-1033.282	-0.6632992
84000	-1036.205	0	-1036.205	-0.6407077
84500	-1038.83	0	-1038.83	-0.6713424
85000	-1067.697	0	-1067.697	-0.6879846
85500	-1024.92	0	-1024.92	-0.6336249
86000	-981.0621	0	-981.0621	-0.6351116
86500	-1017.007	0	-1017.007	-0.6470567
87000	-982.4461	0	-982.4461	-0.6716386
87500	-1035.303	0	-1035.303	-0.6232319
88000	-944.3265	0	-944.3265	-0.6975535
88500	-1034.841	0	-1034.841	-0.6948566
89000	-960.7877	0	-960.7877	-0.8080276
89500	-962.4941	0	-962.4941	-0.75417
90000	-1033.293	0	-1033.293	-0.6439303
90500	-1111.12	0	-1111.12	-0.609809
91000	-1121.876	0	-1121.876	-0.5958834
91500	-1140.782	0	-1140.782	-0.6896286
92000	-1128.877	0	-1128.877	-0.7046052
92500	-1109.776	0	-1109.776	-0.7484072
93000	-1081.157	0	-1081.157	-0.747839
93500	-1031.997	0	-1031.997	-0.7394481
94000	-975.9452	0	-975.9452	-0.8931588
94500	-987.7716	0	-987.7716	-0.9258629
95000	-1014.996	0	-1014.996	-0.8625248
95500	-1007.548	0	-1007.548	-0.8859829
96000	-1029.437	0	-1029.437	-0.9068313
96500	-988.0021	0	-988.0021	-0.8807151
97000	-1016.969	0	-1016.969	-0.8330331
97500	-1083.252	0	-1083.252	-0.7592311
98000	-980.9976	0	-980.9976	-0.7846612
98500	-953.3276	0	-953.3276	-0.8188974
99000	-902.9388	0	-902.9388	-0.8360649
99500	-970.3065	0	-970.3065	-0.834473
100000	-882.6017	0	-882.6017	-0.8044197
100500	-1041.429	0	-1041.429	-0.7539236
101000	-1030.851	0	-1030.851	-0.8257503
101500	-1081.508	0	-1081.508	-0.7121078
102000	-1066.778	0	-1066.778	-0.6953889
102500	-1032.94	0	-1032.94	-0.6937547
103000	-1032.087	0	-1032.087	-0.7263507
103500	-1010.38	0	-1010.38	-0.7559553
104000	-971.573	0	-971.573	-0.8489205
104500	-1047.962	0	-1047.962	-0.7133167
105000	-968.8826	0	-968.8826	-0.7961425
105500	-897.7719	0	-897.7719	-0.8115207
106000	-843.5792	0	-843.5792	-0.7925265
106500	-802.1094	0	-802.1094	-0.7911387
107000	-867.8437	0	-867.8437	-0.7895442
107500	-849.3127	0	-849.3127	-0.7885903
108000	-981.2126	0	-981.2126	-0.7548489
108500	-910.9156	0	-910.9156	-0.795465
109000	-828.5822	0	-828.5822	-0.814437
109500	-814.5075	0	-814.5075	-0.8193557
110000	-679.865	0	-679.865	-0.8189096
110500	-708.9291	0	-708.9291	-0.8190912
111000	-752.5611	0	-752.5611	-0.8180325
111500	-737.1972	0	-737.1972	-0.8167783
112000	-765.5859	0	-765.5859	-0.8173432
112500	-846.3602	0	-846.3602	-0.8150762
113000	-799.4436	0	-799.4436	-0.8162082
113500	-728.9797	0	-728.9797	-0.8177059
114000	-708.9337	0	-708.9337	-0.8186681
114500	-686.1867	0	-686.1867	-0.8189353
115000	-689.1493	0	-689.1493	-0.8193436
115500	-673.8807	0	-673.8807	-0.8193436
116000	-750.9469	0	-750.9469	-0.8182202
116500	-674.4085	0	-674.4085	-0.8175487
117000	-629.0137	0	-629.0137	-0.8186273
117500	-635.4064	0	-635.4064	-0.8181445
118000	-675.9889	0	-675.9889	-0.8181445
118500	-665.7394	0	-665.7394	-0.8178879
119000	-645.954	0	-645.954	-0.8183154
119500	-720.3631	0	-720.3631	-0.8174818
120000	-701.7012	0	-701.7012	-0.8177414
120500	-735.8328	0	-735.8328	-0.8175828
121000	-688.5852	0	-688.5852	-0.8189477
121500	-728.2496	0	-728.2496	-0.819015
122000	-664.4156	0	-664.4156	-0.8222958
122500	-669.4229	0	-669.4229	-0.8221863
123000	-760.2117	0	-760.2117	-0.8206385
123500	-648.6307	0	-648.6307	-0.82022
124000	-670.8708	0	-670.8708	-0.8206704
124500	-652.645	0	-652.645	-0.8208116
125000	-732.7891	0	-732.7891	-0.8194178
125500	-728.9129	0	-728.9129	-0.8190486
126000	-746.503	0	-746.503	-0.8200979
126500	-730.1362	0	-730.1362	-0.8217159
127000	-745.3282	0	-745.3282	-0.8218475
127500	-750.9718	0	-750.9718	-0.8191615
128000	-781.2483	0	-781.2483	-0.8148217
128500	-730.1357	0	-730.1357	-0.8148497
129000	-729.535	0	-729.535	-0.8165214
129500	-657.981	0	-657.981	-0.8172392
130000	-682.2781	0	-682.2781	-0.8172392
130500	-718.8947	0	-718.8947	-0.8169142
131000	-728.2394	0	-728.2394	-0.816144
131500	-820.989	0	-820.989	-0.816144
132000	-823.0708	0	-823.0708	-0.8158667
132500	-834.4051	0	-834.4051	-0.8164021
133000	-837.7415	0	-837.7415	-0.8149044
133500	-824.0135	0	-824.0135	-0.8115782
134000	-810.5637	0	-810.5637	-0.8095793
134500	-773.5519	0	-773.5519	-0.810196
135000	-817.6508	0	-817.6508	-0.8092485
135500	-820.6932	0	-820.6932	-0.8055525
136000	-804.6032	0	-804.6032	-0.8077803
136500	-801.8917	0	-801.8917	-0.8074522
137000	-835.8363	0	-835.8363	-0.8135127
137500	-810.5758	0	-810.5758	-0.8137599
138000	-806.0743	0	-806.0743	-0.812527
138500	-866.5889	0	-866.5889	-0.8040611
139000	-941.9895	0	-941.9895	-0.7951808
139500	-979.5258	0	-979.5258	-0.8123985
140000	-980.0094	0	-980.0094	-0.7977104
140500	-941.6195	0	-941.6195	-0.7566183
141000	-892.9255	0	-892.9255	-0.73482
141500	-865.9176	0	-865.9176	-0.7435734
142000	-873.8862	0	-873.8862	-0.7375979
142500	-811.4513	0	-811.4513	-0.7358684
143000	-829.345	0	-829.345	-0.7423016
143500	-901.9337	0	-901.9337	-0.7418952
144000	-869.2129	0	-869.2129	-0.7475381
144500	-925.5514	0	-925.5514	-0.76513
145000	-953.7781	0	-953.7781	-0.6846305
145500	-945.0164	0	-945.0164	-0.6936034
146000	-798.9209	0	-798.9209	-0.6852828
146500	-831.0621	0	-831.0621	-0.6852032
147000	-850.2527	0	-850.2527	-0.6976735
147500	-933.7647	0	-933.7647	-0.6902662
148000	-810.6792	0	-810.6792	-0.7084655
148500	-872.9711	0	-872.9711	-0.7102308
149000	-979.0949	0	-979.0949	-0.6912402
149500	-946.5598	0	-946.5598	-0.7230724
150000	-867.5041	0	-867.5041	-0.7356176
150500	-818.9442	0	-818.9442	-0.7371089
151000	-827.5782	0	-827.5782	-0.7495463
151500	-996.4355	0	-996.4355	-0.7428376
152000	-909.6978	0	-909.6978	-0.7513859
152500	-930.7465	0	-930.7465	-0.7321242
153000	-846.6735	0	-846.6735	-0.7363511
153500	-695.9397	0	-695.9397	-0.7412236
154000	-757.4948	0	-757.4948	-0.7408675
154500	-735.6123	0	-735.6123	-0.7415392
155000	-795.9062	0	-795.9062	-0.7420489
155500	-820.9845	0	-820.9845	-0.7381697
156000	-830.4195	0	-830.4195	-0.7365131
156500	-815.1825	0	-815.1825	-0.7390016
157000	-897.6362	0	-897.6362	-0.7282042
157500	-929.4802	0	-929.4802	-0.7309138
158000	-932.5546	0	-932.5546	-0.7282594
158500	-804.1967	0	-804.1967	-0.7461316
159000	-781.7064	0	-781.7064	-0.7430042
159500	-903.7377	0	-903.7377	-0.747055
160000	-922.8825	0	-922.8825	-0.7495227
160500	-907.5748	0	-907.5748	-0.7285109
161000	-978.0229	0	-978.0229	-0.6997609
161500	-907.6211	0	-907.6211	-0.7188774
162000	-965.8654	0	-965.8654	-0.7346571
162500	-922.3974	0	-922.3974	-0.759937
163000	-956.5459	0	-956.5459	-0.7730799
163500	-981.2783	0	-981.2783	-0.8292484
164000	-1040.657	0	-1040.657	-0.7169437
164500	-1007.612	0	-1007.612	-0.6656667
165000	-1026.235	0	-1026.235	-0.4717662
165500	-1042.668	0	-1042.668	-0.4872127
166000	-1034.407	0	-1034.407	-0.655651
166500	-1070.384	0	-1070.384	-0.533818
167000	-1073.638	0	-1073.638	-0.611058
167500	-1064.796	0	-1064.796	-0.6063822
168000	-1018.45	0	-1018.45	-0.8251314
168500	-980.9715	0	-980.9715	-0.7416572
169000	-1061.762	0	-1061.762	-0.8225304
169500	-980.205	0	-980.205	-0.8310362
170000	-1018.927	0	-1018.927	-0.8296945
170500	-1032.101	0	-1032.101	-0.7985671
171000	-1026.245	0	-1026.245	-0.7701479
171500	-964.2349	0	-964.2349	-0.7754908
172000	-1016.749	0	-1016.749	-0.7344481
172500	-942.5551	0	-942.5551	-0.7198595
173000	-1018.551	0	-1018.551	-0.7609864
173500	-871.5567	0	-871.5567	-0.772263
174000	-827.3392	0	-827.3392	-0.7704438
174500	-976.3368	0	-976.3368	-0.7555474
175000	-1050.675	0	-1050.675	-0.7175206
175500	-986.124	0	-986.124	-0.7378477
176000	-1070.009	0	-1070.009	-0.8581837
176500	-958.3486	0	-958.3486	-0.8690316
177000	-1025.72	0	-1025.72	-0.8492726
177500	-1021.25	0	-1021.25	-0.7599208
178000	-1030.689	0	-1030.689	-0.8332749
178500	-1046.658	0	-1046.658	-0.8170136
179000	-1055.626	0	-1055.626	-0.7558173
179500	-1030.8	0	-1030.8	-0.7855001
180000	-1056.282	0	-1056.282	-0.7890698
180500	-998.0064	0	-998.0064	-0.8339927
181000	-977.4552	0	-977.4552	-0.8082106
181500	-1093.968	0	-1093.968	-0.7930429
182000	-1081.485	0	-1081.485	-0.8387491
182500	-1024.25	0	-1024.25	-0.8743631
183000	-1045.244	0	-1045.244	-0.8490709
183500	-1043.952	0	-1043.952	-0.7945012
184000	-1057.176	0	-1057.176	-0.8039248
184500	-1072.973	0	-1072.973	-0.7089117
185000	-1049.246	0	-1049.246	-0.7935471
185500	-925.0633	0	-925.0633	-0.9095941
186000	-938.1366	0	-938.1366	-0.9109555
186500	-981.4562	0	-981.4562	-0.9014587
187000	-1004.141	0	-1004.141	-0.9082889
187500	-1040.194	0	-1040.194	-0.8742968
188000	-1021.212	0	-1021.212	-0.8910986
188500	-968.515	0	-968.515	-0.9342714
189000	-978.1742	0	-978.1742	-0.9371914
189500	-1015.855	0	-1015.855	-0.9308743
190000	-1011.883	0	-1011.883	-0.8823744
190500	-975.9868	0	-975.9868	-0.9060747
191000	-1018.258	0	-1018.258	-0.9109299
191500	-1026.861	0	-1026.861	-0.8953561
192000	-977.3671	0	-977.3671	-0.9165274
192500	-924.0102	0	-924.0102	-0.933162
193000	-1008.485	0	-1008.485	-0.8935436
193500	-1059.409	0	-1059.409	-0.819273
194000	-1033.685	0	-1033.685	-0.8553053
194500	-1064.49	0	-1064.49	-0.8105714
195000	-937.3533	0	-937.3533	-0.8438921
195500	-983.6593	0	-983.6593	-0.8926882
196000	-1000.23	0	-1000.23	-0.8709324
196500	-949.0386	0	-949.0386	-0.8424599
197000	-963.0091	0	-963.0091	-0.8653207
197500	-940.6514	0	-940.6514	-0.86908
198000	-923.2312	0	-923.2312	-0.8311199
198500	-966.2531	0	-966.2531	-0.7864869
199000	-968.1359	0	-968.1359	-0.8162958
199500	-933.15	0	-933.15	-0.8529379
200000	-907.0311	0	-907.0311	-0.8230991
200500	-986.9983	0	-986.9983	-0.8336298
201000	-975.8593	0	-975.8593	-0.8897404
201500	-957.1435	0	-957.1435	-0.8611111
202000	-951.0463	0	-951.0463	-0.8965709
202500	-974.9939	0	-974.9939	-0.9173774
203000	-1064.882	0	-1064.882	-0.883775
203500	-1063.809	0	-1063.809	-0.8168236
204000	-1037.433	0	-1037.433	-0.8587458
204500	-952.9561	0	-952.9561	-0.928251
205000	-1072.601	0	-1072.601	-0.9124173
205500	-1070.205	0	-1070.205	-0.8206154
206000	-1066.804	0	-1066.804	-0.8241983
206500	-1049.632	0	-1049.632	-0.8215498
207000	-1022.397	0	-1022.397	-0.8536832
207500	-935.5883	0	-935.5883	-0.8813895
208000	-883.2033	0	-883.2033	-0.8825372
208500	-906.1216	0	-906.1216	-0.8769649
209000	-920.3582	0	-920.3582	-0.8616039
209500	-975.3057	0	-975.3057	-0.8686269
210000	-959.8723	0	-959.8723	-0.8511313
210500	-997.6284	0	-997.6284	-0.7760859
211000	-972.734	0	-972.734	-0.7733831
211500	-899.581	0	-899.581	-0.8001688
212000	-956.2941	0	-956.2941	-0.7762921
212500	-932.7725	0	-932.7725	-0.7851471
213000	-859.0642	0	-859.0642	-0.8006547
213500	-852.4429	0	-852.4429	-0.7979674
214000	-894.7626	0	-894.7626	-0.8060156
214500	-1006.205	0	-1006.205	-0.7947749
215000	-1000.209	0	-1000.209	-0.8550687
215500	-1009.675	0	-1009.675	-0.8344672
216000	-1086.931	0	-1086.931	-0.7315878
216500	-1052.499	0	-1052.499	-0.7153789
217000	-1071.465	0	-1071.465	-0.6970232
217500	-1085.497	0	-1085.497	-0.8417156
218000	-1018.916	0	-1018.916	-0.7653019
218500	-1056.789	0	-1056.789	-0.7959809
219000	-1092.675	0	-1092.675	-0.8488381
219500	-1082.714	0	-1082.714	-0.8744047
220000	-974.5822	0	-974.5822	-0.8773391
220500	-934.1781	0	-934.1781	-0.8967165
221000	-928.6708	0	-928.6708	-0.8594964
221500	-899.0843	0	-899.0843	-0.8654537
222000	-1013.504	0	-1013.504	-0.7956698
222500	-1032.803	0	-1032.803	-0.6933644
223000	-1024.859	0	-1024.859	-0.8090624
223500	-1106.509	0	-1106.509	-0.8138357
224000	-1078.525	0	-1078.525	-0.8324066
224500	-1106.996	0	-1106.996	-0.7432399
225000	-1161.07	0	-1161.07	-0.6508269
225500	-1144.8	0	-1144.8	-0.71581
226000	-1154.309	0	-1154.309	-0.732668
226500	-1045.938	0	-1045.938	-0.8200067
227000	-1054.591	0	-1054.591	-0.7624253
227500	-996.5357	0	-996.5357	-0.791466
228000	-1075.399	0	-1075.399	-0.7684542
228500	-1009.201	0	-1009.201	-0.7975057
229000	-976.8805	0	-976.8805	-0.8653113
229500	-879.6785	0	-879.6785	-0.8677021
230000	-902.2176	0	-902.2176	-0.8665645
230500	-958.8316	0	-958.8316	-0.8609453
231000	-944.9766	0	-944.9766	-0.8505093
231500	-965.8213	0	-965.8213	-0.8441008
232000	-1008.381	0	-1008.381	-0.8234097
232500	-979.1434	0	-979.1434	-0.8840409
233000	-1026.023	0	-1026.023	-0.8570749
233500	-1019.717	0	-1019.717	-0.8837467
234000	-995.5344	0	-995.5344	-0.848
234500	-940.2127	0	-940.2127	-0.9083591
235000	-917.6817	0	-917.6817	-0.9074456
235500	-906.4461	0	-906.4461	-0.9081753
236000	-905.7168	0	-905.7168	-0.9237715
236500	-1021.25	0	-1021.25	-0.9116864
237000	-1058.757	0	-1058.757	-0.9295238
237500	-1022.685	0	-1022.685	-0.9150952
238000	-1000.413	0	-1000.413	-0.9273482
238500	-1017.231	0	-1017.231	-0.9045621
239000	-1089.918	0	-1089.918	-0.8773273
239500	-1095.81	0	-1095.81	-0.916759
240000	-1070.988	0	-1070.988	-0.9025419
240500	-1042.261	0	-1042.261	-0.9458054
241000	-947.8149	0	-947.8149	-0.9435328
241500	-984.6321	0	-984.6321	-0.9196984
242000	-981.6783	0	-981.6783	-0.9240961
242500	-988.0676	0	-988.0676	-0.9179894
243000	-950.9859	0	-950.9859	-0.8988848
243500	-959.6053	0	-959.6053	-0.8789071
244000	-1027.572	0	-1027.572	-0.8656677
244500	-1049.267	0	-1049.267	-0.7988552
245000	-956.3494	0	-956.3494	-0.8570174
245500	-919.5098	0	-919.5098	-0.8663735
246000	-949.2705	0	-949.2705	-0.8429345
246500	-1059.083	0	-1059.083	-0.7701829
247000	-1047.457	0	-1047.457	-0.8027308
247500	-1075.491	0	-1075.491	-0.792155
248000	-1036.933	0	-1036.933	-0.8369271
248500	-1093.097	0	-1093.097	-0.8224462
249000	-945.1896	0	-945.1896	-0.8773442
249500	-985.3798	0	-985.3798	-0.8125516
250000	-883.7025	0	-883.7025	-0.8742997
250500	-923.9946	0	-923.9946	-0.8902657
251000	-1022.152	0	-1022.152	-0.8620677
251500	-1025.801	0	-1025.801	-0.8398792
252000	-939.8155	0	-939.8155	-0.907175
252500	-1095.502	0	-1095.502	-0.8941261
253000	-1034.187	0	-1034.187	-0.8844382
253500	-1000.65	0	-1000.65	-0.8401732
254000	-1002.549	0	-1002.549	-0.8163702
254500	-1020.016	0	-1020.016	-0.8581568
255000	-1003.731	0	-1003.731	-0.8621476
255500	-1053.022	0	-1053.022	-0.7446896
256000	-1082.969	0	-1082.969	-0.7539698
256500	-1041.009	0	-1041.009	-0.8832288
257000	-1100.304	0	-1100.304	-0.8111462
257500	-1143.148	0	-1143.148	-0.7080066
258000	-1115.19	0	-1115.19	-0.5922459
258500	-1113.138	0	-1113.138	-0.7417092
259000	-1108.179	0	-1108.179	-0.6889046
259500	-1060.239	0	-1060.239	-0.726429
260000	-1050.575	0	-1050.575	-0.7347708
260500	-1012.924	0	-1012.924	-0.8873697
261000	-1000.092	0	-1000.092	-0.9019596
261500	-1025.369	0	-1025.369	-0.8922923
262000	-974.509	0	-974.509	-0.7436994
262500	-951.1775	0	-951.1775	-0.8338068
263000	-969.6519	0	-969.6519	-0.8637298
263500	-1033.534	0	-1033.534	-0.7686213
264000	-1024.681	0	-1024.681	-0.8259849
264500	-1038.846	0	-1038.846	-0.8291767
265000	-1063.036	0	-1063.036	-0.8634431
265500	-1058.137	0	-1058.137	-0.9066329
266000	-1057.718	0	-1057.718	-0.8276096
266500	-1041.832	0	-1041.832	-0.8453814
267000	-1067.547	0	-1067.547	-0.8498861
267500	-1109.763	0	-1109.763	-0.8255238
268000	-1090.754	0	-1090.754	-0.8178428
268500	-1084.578	0	-1084.578	-0.8659897
269000	-1080.259	0	-1080.259	-0.8900781
269500	-1140.322	0	-1140.322	-0.7659598
270000	-1159.641	0	-1159.641	-0.7294073
270500	-1164.55	0	-1164.55	-0.704071
271000	-1144.995	0	-1144.995	-0.7672277
271500	-1150.212	0	-1150.212	-0.7361342
272000	-1087.8	0	-1087.8	-0.6965876
272500	-1141.118	0	-1141.118	-0.4763395
273000	-1090.05	0	-1090.05	-0.5611009
273500	-1158.923	0	-1158.923	-0.7089606
274000	-1096.851	0	-1096.851	-0.7769687
274500	-1093.206	0	-1093.206	-0.7221972
275000	-1116.971	0	-1116.971	-0.691345
275500	-1069.652	0	-1069.652	-0.7460905
276000	-1008.881	0	-1008.881	-0.6891924
276500	-1008.464	0	-1008.464	-0.7123557
277000	-1145.423	0	-1145.423	-0.6356524
277500	-1043.885	0	-1043.885	-0.7797408
278000	-960.3906	0	-960.3906	-0.7533799
278500	-1094.221	0	-1094.221	-0.7457412
279000	-1018.339	0	-1018.339	-0.798265
279500	-1062.221	0	-1062.221	-0.7776729
280000	-1071.751	0	-1071.751	-0.8809334
280500	-988.8401	0	-988.8401	-0.8461418
281000	-1062.068	0	-1062.068	-0.7045472
281500	-1139.786	0	-1139.786	-0.6637189
282000	-1111.332	0	-1111.332	-0.7317925
282500	-1069.026	0	-1069.026	-0.8092344
283000	-1092.502	0	-1092.502	-0.7266225
283500	-1043.45	0	-1043.45	-0.7558236
284000	-1069.584	0	-1069.584	-0.8057797
284500	-988.1188	0	-988.1188	-0.8108389
285000	-1035.66	0	-1035.66	-0.7791546
285500	-985.8386	0	-985.8386	-0.7284069
286000	-1072.01	0	-1072.01	-0.7090354
286500	-1139.281	0	-1139.281	-0.592126
287000	-1166.258	0	-1166.258	-0.6588143
287500	-1102.707	0	-1102.707	-0.7105936
288000	-1104.719	0	-1104.719	-0.7685648
288500	-1116.741	0	-1116.741	-0.7229331
289000	-1144.044	0	-1144.044	-0.6715498
289500	-1077.619	0	-1077.619	-0.8508817
290000	-1092.932	0	-1092.932	-0.7758923
290500	-1116.964	0	-1116.964	-0.810998
291000	-1089.126	0	-1089.126	-0.8628931
291500	-1070.183	0	-1070.183	-0.8552461
292000	-1089.238	0	-1089.238	-0.8663419
292500	-1043.967	0	-1043.967	-0.8568646
293000	-1077.749	0	-1077.749	-0.8295884
293500	-1103.537	0	-1103.537	-0.8146911
294000	-1057.367	0	-1057.367	-0.8506316
294500	-999.514	0	-999.514	-0.8431491
295000	-1014.574	0	-1014.574	-0.8734501
295500	-1066.888	0	-1066.888	-0.8539823
296000	-1047.227	0	-1047.227	-0.8154507
296500	-1046.303	0	-1046.303	-0.7865397
297000	-1061.85	0	-1061.85	-0.8141389
297500	-1115.749	0	-1115.749	-0.8589675
298000	-1070.391	0	-1070.391	-0.7836177
298500	-1019.634	0	-1019.634	-0.8454137
299000	-1093.836	0	-1093.836	-0.7909552
299500	-1100.161	0	-1100.161	-0.7828338
300000	-1078.062	0	-1078.062	-0.8050567
300500	-1099.023	0	-1099.023	-0.7504848
301000	-1162.651	0	-1162.651	-0.6673826
301500	-1094.709	0	-1094.709	-0.7897669
302000	-1015.128	0	-1015.128	-0.8129544
302500	-1037.553	0	-1037.553	-0.6098717
303000	-1064.085	0	-1064.085	-0.6650963
303500	-994.075	0	-994.075	-0.8571863
304000	-1063.481	0	-1063.481	-0.7384525
304500	-998.0069	0	-998.0069	-0.7679619
305000	-1052.832	0	-1052.832	-0.6687984
305500	-1117.359	0	-1117.359	-0.6966954
306000	-1131.58	0	-1131.58	-0.7210246
306500	-1178.368	0	-1178.368	-0.7114395
307000	-1118.316	0	-1118.316	-0.7105826
307500	-1136.197	0	-1136.197	-0.7697829
308000	-1089.586	0	-1089.586	-0.7720361
308500	-1143.551	0	-1143.551	-0.759277
309000	-1137.208	0	-1137.208	-0.7424135
309500	-1171.305	0	-1171.305	-0.614172
310000	-1216.397	0	-1216.397	-0.3848399
310500	-1211.054	0	-1211.054	-0.5409748
311000	-1186.479	0	-1186.479	-0.5030438
311500	-1188.086	0	-1188.086	-0.340252
312000	-1262.521	0	-1262.521	-0.33423
312500	-1197.938	0	-1197.938	-0.5216783
313000	-1159.264	0	-1159.264	-0.486372
313500	-1169.88	0	-1169.88	-0.6639415
314000	-1131.402	0	-1131.402	-0.6586853
314500	-1132.882	0	-1132.882	-0.7565342
315000	-1140.153	0	-1140.153	-0.6759759
315500	-1105.786	0	-1105.786	-0.7439536
316000	-1040.592	0	-1040.592	-0.7445939
316500	-1016.105	0	-1016.105	-0.8917699
317000	-989.6512	0	-989.6512	-0.8846034
317500	-1028.754	0	-1028.754	-0.8713061
318000	-1056.312	0	-1056.312	-0.8325152
318500	-1035.098	0	-1035.098	-0.8191903
319000	-1004.045	0	-1004.045	-0.844849
319500	-1070.046	0	-1070.046	-0.819004
320000	-1154.204	0	-1154.204	-0.6363688
320500	-1097.638	0	-1097.638	-0.6174287
321000	-1095.467	0	-1095.467	-0.8066994
321500	-1066.937	0	-1066.937	-0.7789388
322000	-1104.412	0	-1104.412	-0.739113
322500	-1083.72	0	-1083.72	-0.7828821
323000	-1143.266	0	-1143.266	-0.7435838
323500	-1207.221	0	-1207.221	-0.5551308
324000	-1159.647	0	-1159.647	-0.6581636
324500	-1098.596	0	-1098.596	-0.7867933
325000	-984.7122	0	-984.7122	-0.8707625
325500	-1005.766	0	-1005.766	-0.8587129
326000	-1052.58	0	-1052.58	-0.8130909
326500	-1086.491	0	-1086.491	-0.6707912
327000	-1105.343	0	-1105.343	-0.8133636
327500	-1098.288	0	-1098.288	-0.800563
328000	-1060.869	0	-1060.869	-0.821959
328500	-1091.868	0	-1091.868	-0.8070644
329000	-1102.129	0	-1102.129	-0.8011341
329500	-1090.223	0	-1090.223	-0.806923
330000	-914.3952	0	-914.3952	-0.8806928
330500	-987.511	0	-987.511	-0.853028
331000	-954.7432	0	-954.7432	-0.8888793
331500	-981.2639	0	-981.2639	-0.855166
332000	-942.8315	0	-942.8315	-0.8998278
332500	-1029.946	0	-1029.946	-0.861023
333000	-986.3549	0	-986.3549	-0.8863659
333500	-1038.688	0	-1038.688	-0.8761671
334000	-1101.271	0	-1101.271	-0.7912094
334500	-1070.274	0	-1070.274	-0.8393236
335000	-1018.515	0	-1018.515	-0.9142235
335500	-930.8133	0	-930.8133	-0.8726551
336000	-1039.762	0	-1039.762	-0.8721712
336500	-975.043	0	-975.043	-0.9088884
337000	-951.9082	0	-951.9082	-0.903388
337500	-1013.313	0	-1013.313	-0.90357
338000	-1058.337	0	-1058.337	-0.8489764
338500	-1007.29	0	-1007.29	-0.886065
339000	-984.7393	0	-984.7393	-0.9239628
339500	-982.9089	0	-982.9089	-0.9213236
340000	-960.5585	0	-960.5585	-0.918107
340500	-930.1385	0	-930.1385	-0.9079267
341000	-927.0414	0	-927.0414	-0.9056506
341500	-881.2109	0	-881.2109	-0.9044423
342000	-1007.574	0	-1007.574	-0.8892978
342500	-1012.289	0	-1012.289	-0.872628
343000	-922.9012	0	-922.9012	-0.9301109
343500	-921.6098	0	-921.6098	-0.9170508
344000	-1014.019	0	-1014.019	-0.89621
344500	-1010.537	0	-1010.537	-0.8528542
345000	-992.7225	0	-992.7225	-0.8481339
345500	-1041.159	0	-1041.159	-0.859697
346000	-1044.685	0	-1044.685	-0.8703249
346500	-1027.876	0	-1027.876	-0.9042007
347000	-1046.708	0	-1046.708	-0.9073734
347500	-1041.633	0	-1041.633	-0.9038082
348000	-1028.071	0	-1028.071	-0.9542126
348500	-1014.378	0	-1014.378	-0.8975275
349000	-938.3411	0	-938.3411	-0.9260931
349500	-1074.749	0	-1074.749	-0.9037269
350000	-1140.744	0	-1140.744	-0.8546553
350500	-1102.52	0	-1102.52	-0.9231545
351000	-1035.198	0	-1035.198	-0.9371072
351500	-989.3226	0	-989.3226	-0.9312861
352000	-1054.871	0	-1054.871	-0.9108297
352500	-981.3099	0	-981.3099	-0.9560784
353000	-1034.57	0	-1034.57	-0.8803708
353500	-1031.459	0	-1031.459	-0.8226654
354000	-1061.935	0	-1061.935	-0.7534928
354500	-1007.923	0	-1007.923	-0.7422755
355000	-1116.182	0	-1116.182	-0.6240617
355500	-1106.224	0	-1106.224	-0.7307358
356000	-1084.088	0	-1084.088	-0.7881882
356500	-1083.661	0	-1083.661	-0.8086071
357000	-1128.649	0	-1128.649	-0.7898314
357500	-1109.755	0	-1109.755	-0.867836
358000	-1119.761	0	-1119.761	-0.8087632
358500	-1144.543	0	-1144.543	-0.7661299
359000	-1115.967	0	-1115.967	-0.7944938
359500	-1093.575	0	-1093.575	-0.8807827
360000	-1065.698	0	-1065.698	-0.8879517
360500	-1081.044	0	-1081.044	-0.859105
361000	-920.5954	0	-920.5954	-0.8863426
361500	-1129.041	0	-1129.041	-0.8242755
362000	-1002.622	0	-1002.622	-0.8978746
362500	-999.809	0	-999.809	-0.8067687
363000	-982.954	0	-982.954	-0.7617826
363500	-1018.359	0	-1018.359	-0.8050166
364000	-1020.948	0	-1020.948	-0.8022795
364500	-1046.624	0	-1046.624	-0.8432473
365000	-1061.91	0	-1061.91	-0.8390394
365500	-1059.097	0	-1059.097	-0.8779234
366000	-1088.989	0	-1088.989	-0.8575241
366500	-958.2699	0	-958.2699	-0.9122957
367000	-986.2341	0	-986.2341	-0.8785746
367500	-882.0161	0	-882.0161	-0.8876681
368000	-929.4013	0	-929.4013	-0.8564876
368500	-956.413	0	-956.413	-0.882622
369000	-969.3463	0	-969.3463	-0.8751062
369500	-957.0097	0	-957.0097	-0.8768303
370000	-1040.609	0	-1040.609	-0.8391384
370500	-952.1451	0	-952.1451	-0.8771816
371000	-937.7745	0	-937.7745	-0.9030119
371500	-938.694	0	-938.694	-0.9376942
372000	-934.0788	0	-934.0788	-0.9234408
372500	-910.2677	0	-910.2677	-0.9206143
373000	-971.9036	0	-971.9036	-0.9108248
373500	-945.4068	0	-945.4068	-0.9459448
374000	-1050.786	0	-1050.786	-0.8818273
374500	-1086.857	0	-1086.857	-0.8723871
375000	-1058.962	0	-1058.962	-0.9322867
375500	-967.3913	0	-967.3913	-0.928643
376000	-961.3926	0	-961.3926	-0.8520968
376500	-1014.887	0	-1014.887	-0.862076
377000	-993.3857	0	-993.3857	-0.9133035
377500	-930.9035	0	-930.9035	-0.937667
378000	-890.7179	0	-890.7179	-0.9368664
378500	-951.5163	0	-951.5163	-0.9223423
379000	-1058.391	0	-1058.391	-0.8018413
379500	-1022.167	0	-1022.167	-0.8184031
380000	-1053.012	0	-1053.012	-0.7501812
380500	-1045.163	0	-1045.163	-0.7152877
381000	-963.4983	0	-963.4983	-0.7954375
381500	-986.1938	0	-986.1938	-0.8000626
382000	-931.9091	0	-931.9091	-0.8120047
382500	-991.0778	0	-991.0778	-0.7459318
383000	-939.726	0	-939.726	-0.736944
383500	-1001.053	0	-1001.053	-0.7277942
384000	-1100.967	0	-1100.967	-0.7690678
384500	-1090.663	0	-1090.663	-0.8447806
385000	-1098.237	0	-1098.237	-0.9169512
385500	-1041.726	0	-1041.726	-0.9099878
386000	-1072.825	0	-1072.825	-0.8225773
386500	-1009.964	0	-1009.964	-0.8780083
387000	-1013.028	0	-1013.028	-0.8095964
387500	-1063.363	0	-1063.363	-0.7382726
388000	-1026.303	0	-1026.303	-0.701289
388500	-1103.444	0	-1103.444	-0.7637245
389000	-1074.937	0	-1074.937	-0.8615829
389500	-1003.417	0	-1003.417	-0.8954008
390000	-993.8188	0	-993.8188	-0.9182027
390500	-997.0253	0	-997.0253	-0.9069707
391000	-895.5078	0	-895.5078	-0.9723221
391500	-888.3859	0	-888.3859	-0.9674488
392000	-950.0676	0	-950.0676	-0.9264609
392500	-918.0171	0	-918.0171	-0.9331921
393000	-973.1188	0	-973.1188	-0.8865638
393500	-987.4746	0	-987.4746	-0.8660823
394000	-1015.107	0	-1015.107	-0.840362
394500	-1013.254	0	-1013.254	-0.8332808
395000	-1040.987	0	-1040.987	-0.8720625
395500	-1060.54	0	-1060.54	-0.8927314
396000	-1112.075	0	-1112.075	-0.8090471
396500	-1057.856	0	-1057.856	-0.8005475
397000	-1046.65	0	-1046.65	-0.7960458
397500	-1121.439	0	-1121.439	-0.6635624
398000	-1064.778	0	-1064.778	-0.7754043
398500	-1078.43	0	-1078.43	-0.8226056
399000	-1090.479	0	-1090.479	-0.8503333
399500	-1079.892	0	-1079.892	-0.8727778
400000	-1006.3	0	-1006.3	-0.9095043
400500	-936.7477	0	-936.7477	-0.955978
401000	-931.1056	0	-931.1056	-0.9673746
401500	-937.9772	0	-937.9772	-0.9647701
402000	-950.286	0	-950.286	-0.9637677
402500	-965.1265	0	-965.1265	-0.9730625
403000	-1016.874	0	-1016.874	-0.9642486
403500	-1053.979	0	-1053.979	-0.9290095
404000	-1055.164	0	-1055.164	-0.9013446
404500	-1128.551	0	-1128.551	-0.8694624
405000	-1102.206	0	-1102.206	-0.8672166
405500	-1127.146	0	-1127.146	-0.8590814
406000	-1040.534	0	-1040.534	-0.9153613
406500	-1053.382	0	-1053.382	-0.916069
407000	-1061.424	0	-1061.424	-0.929721
407500	-1068.883	0	-1068.883	-0.9360248
408000	-1084.541	0	-1084.541	-0.8883631
408500	-1013.265	0	-1013.265	-0.9364003
409000	-964.2279	0	-964.2279	-0.9313972
409500	-956.3693	0	-956.3693	-0.9256742
410000	-925.2578	0	-925.2578	-0.9298872
410500	-871.3	0	-871.3	-0.9286777
411000	-785.133	0	-785.133	-0.9340893
411500	-781.7969	0	-781.7969	-0.9319659
412000	-825.1928	0	-825.1928	-0.9277813
412500	-856.0731	0	-856.0731	-0.9075747
413000	-845.2827	0	-845.2827	-0.9207288
413500	-856.5571	0	-856.5571	-0.9215307
414000	-835.2842	0	-835.2842	-0.9455859
414500	-835.836	0	-835.836	-0.9378346
415000	-890.8048	0	-890.8048	-0.9338099
415500	-908.6283	0	-908.6283	-0.9271779
416000	-892.8982	0	-892.8982	-0.9448843
416500	-803.6473	0	-803.6473	-0.9579752
417000	-818.7529	0	-818.7529	-0.9569152
417500	-828.2612	0	-828.2612	-0.9526825
418000	-784.6326	0	-784.6326	-0.9573473
418500	-776.0325	0	-776.0325	-0.9589665
419000	-887.1725	0	-887.1725	-0.9565476
419500	-856.8992	0	-856.8992	-0.9366189
420000	-893.7662	0	-893.7662	-0.9254253
420500	-894.1232	0	-894.1232	-0.9339965
421000	-940.6898	0	-940.6898	-0.9088234
421500	-824.7027	0	-824.7027	-0.9166572
422000	-922.3472	0	-922.3472	-0.9472732
422500	-955.8851	0	-955.8851	-0.9362607
423000	-834.1556	0	-834.1556	-0.9595014
423500	-897.4505	0	-897.4505	-0.9315328
424000	-917.4793	0	-917.4793	-0.9322774
424500	-846.987	0	-846.987	-0.9360114
425000	-793.1715	0	-793.1715	-0.9426284
425500	-886.0655	0	-886.0655	-0.9242015
426000	-803.3482	0	-803.3482	-0.9288474
426500	-850.1133	0	-850.1133	-0.9333665
427000	-929.8129	0	-929.8129	-0.9126474
427500	-964.3457	0	-964.3457	-0.9070414
428000	-932.9471	0	-932.9471	-0.9410376
428500	-921.2471	0	-921.2471	-0.9498268
429000	-965.2636	0	-965.2636	-0.9422938
429500	-1015.522	0	-1015.522	-0.9099139
430000	-1084.546	0	-1084.546	-0.8272439
430500	-1090.38	0	-1090.38	-0.7930212
431000	-1115.679	0	-1115.679	-0.7358136
431500	-1111.17	0	-1111.17	-0.6856238
432000	-1160.909	0	-1160.909	-0.7674704
432500	-1172.855	0	-1172.855	-0.6764056
433000	-1157.092	0	-1157.092	-0.6182151
433500	-1061.582	0	-1061.582	-0.6799828
434000	-1130.748	0	-1130.748	-0.659653
434500	-1117.613	0	-1117.613	-0.7311379
435000	-1044.873	0	-1044.873	-0.7950325
435500	-1105.355	0	-1105.355	-0.8467342
436000	-1050.568	0	-1050.568	-0.7961202
436500	-1095.497	0	-1095.497	-0.8623586
437000	-1186.132	0	-1186.132	-0.856778
437500	-1080.118	0	-1080.118	-0.9047161
438000	-1107.979	0	-1107.979	-0.7858157
438500	-1066.423	0	-1066.423	-0.8993325
439000	-986.3641	0	-986.3641	-0.9614447
439500	-1024.149	0	-1024.149	-0.9227072
440000	-1002.816	0	-1002.816	-0.9156159
440500	-989.4375	0	-989.4375	-0.9366732
441000	-954.6124	0	-954.6124	-0.8917102
441500	-887.0619	0	-887.0619	-0.9362347
442000	-850.5093	0	-850.5093	-0.9315201
442500	-877.8111	0	-877.8111	-0.9284903
443000	-874.4856	0	-874.4856	-0.9496805
443500	-898.3863	0	-898.3863	-0.943499
444000	-933.1119	0	-933.1119	-0.9220179
444500	-858.2975	0	-858.2975	-0.9662375
445000	-1006.244	0	-1006.244	-0.9072212
445500	-1047.923	0	-1047.923	-0.8779988
446000	-968.6675	0	-968.6675	-0.9045716
446500	-969.3855	0	-969.3855	-0.9167855
447000	-898.9887	0	-898.9887	-0.9273339
447500	-953.8916	0	-953.8916	-0.8988983
448000	-980.5875	0	-980.5875	-0.9438377
448500	-870.7787	0	-870.7787	-0.9384184
449000	-920.2885	0	-920.2885	-0.9489919
449500	-944.1848	0	-944.1848	-0.9157191
450000	-963.9294	0	-963.9294	-0.8727879
450500	-939.5432	0	-939.5432	-0.9029847
451000	-974.313	0	-974.313	-0.8149409
451500	-1014.852	0	-1014.852	-0.8093258
452000	-1012.936	0	-1012.936	-0.8215392
452500	-1014.205	0	-1014.205	-0.8051469
453000	-1095.143	0	-1095.143	-0.8521319
453500	-1150.491	0	-1150.491	-0.8027453
454000	-1158.569	0	-1158.569	-0.7298424
454500	-1206.527	0	-1206.527	-0.7166091
455000	-1148.002	0	-1148.002	-0.719029
455500	-1151.629	0	-1151.629	-0.7224696
456000	-1173.59	0	-1173.59	-0.6819765
456500	-1041.832	0	-1041.832	-0.7133003
457000	-1109.768	0	-1109.768	-0.6570985
457500	-1090.536	0	-1090.536	-0.7185139
458000	-1064.84	0	-1064.84	-0.6399464
458500	-1019.481	0	-1019.481	-0.7155049
459000	-1038.988	0	-1038.988	-0.7261301
459500	-1064.034	0	-1064.034	-0.8008584
460000	-1095.903	0	-1095.903	-0.7379897
460500	-1013.758	0	-1013.758	-0.6928324
461000	-996.2429	0	-996.2429	-0.7997469
461500	-1079.994	0	-1079.994	-0.7855518
462000	-1062.977	0	-1062.977	-0.7741895
462500	-1090.74	0	-1090.74	-0.7840954
463000	-1037.52	0	-1037.52	-0.7754573
463500	-1171.649	0	-1171.649	-0.6133084
464000	-1081.802	0	-1081.802	-0.7341589
464500	-1105.929	0	-1105.929	-0.6583251
465000	-1082.27	0	-1082.27	-0.7704912
465500	-1107.124	0	-1107.124	-0.7662205
466000	-1061.641	0	-1061.641	-0.7794341
466500	-1090.759	0	-1090.759	-0.7206308
467000	-1127.86	0	-1127.86	-0.6865584
467500	-1109.097	0	-1109.097	-0.7532198
468000	-1076.727	0	-1076.727	-0.6846555
468500	-956.8068	0	-956.8068	-0.7008549
469000	-956.6603	0	-956.6603	-0.7704264
469500	-1066.33	0	-1066.33	-0.4739239
470000	-1076.767	0	-1076.767	-0.6948856
470500	-1088.272	0	-1088.272	-0.7450403
471000	-1129.186	0	-1129.186	-0.71593
471500	-1060.569	0	-1060.569	-0.8527923
472000	-1021.754	0	-1021.754	-0.8894615
472500	-1137.784	0	-1137.784	-0.6986921
473000	-1045.682	0	-1045.682	-0.6497408
473500	-1085.046	0	-1085.046	-0.6573098
474000	-1062.143	0	-1062.143	-0.7351592
474500	-1125.14	0	-1125.14	-0.6501997
475000	-1017.245	0	-1017.245	-0.8139477
475500	-1045.025	0	-1045.025	-0.8021912
476000	-1092.352	0	-1092.352	-0.7420891
476500	-1086.637	0	-1086.637	-0.8601423
477000	-1114.197	0	-1114.197	-0.8198345
477500	-1128.035	0	-1128.035	-0.6918811
478000	-1138.123	0	-1138.123	-0.6600296
478500	-1087.75	0	-1087.75	-0.8192745
479000	-1112.249	0	-1112.249	-0.8407168
479500	-1045.371	0	-1045.371	-0.8585003
480000	-992.0564	0	-992.0564	-0.885666
480500	-1026.09	0	-1026.09	-0.7900896
481000	-1020.455	0	-1020.455	-0.8766059
481500	-1025.627	0	-1025.627	-0.8504383
482000	-970.3492	0	-970.3492	-0.8829888
482500	-1034.969	0	-1034.969	-0.8356173
483000	-1105.322	0	-1105.322	-0.7986574
483500	-1135.127	0	-1135.127	-0.8059658
484000	-1105.229	0	-1105.229	-0.8398696
484500	-1025.554	0	-1025.554	-0.9155105
485000	-1109.232	0	-1109.232	-0.8437147
485500	-1059.474	0	-1059.474	-0.8982601
486000	-1048.414	0	-1048.414	-0.9238959
486500	-1032.783	0	-1032.783	-0.9113274
487000	-1058.937	0	-1058.937	-0.8934641
487500	-1038.193	0	-1038.193	-0.9454727
488000	-990.8808	0	-990.8808	-0.9542243
488500	-1001.799	0	-1001.799	-0.8993641
489000	-1024.02	0	-1024.02	-0.8887658
489500	-1155.361	0	-1155.361	-0.7690363
490000	-1091.924	0	-1091.924	-0.840721
490500	-1170.25	0	-1170.25	-0.7123855
491000	-1187.695	0	-1187.695	-0.6659595
491500	-1182.292	0	-1182.292	-0.7844685
492000	-1128.299	0	-1128.299	-0.7066242
492500	-1107.243	0	-1107.243	-0.7418823
493000	-1145.546	0	-1145.546	-0.6860338
493500	-1140.567	0	-1140.567	-0.7265381
494000	-1135.023	0	-1135.023	-0.8184734
494500	-1028.829	0	-1028.829	-0.8995493
495000	-986.6899	0	-986.6899	-0.9385878
495500	-1095.07	0	-1095.07	-0.8962021
496000	-1137.066	0	-1137.066	-0.7966592
496500	-1111.267	0	-1111.267	-0.7740155
497000	-1070.094	0	-1070.094	-0.8799195
497500	-1075.681	0	-1075.681	-0.8559939
498000	-1118.692	0	-1118.692	-0.7160743
498500	-1113.339	0	-1113.339	-0.7928081
499000	-1081.732	0	-1081.732	-0.7626491
499500	-1120.75	0	-1120.75	-0.8109424
500000	-1074.425	0	-1074.425	-0.851981
500500	-1142.289	0	-1142.289	-0.8021796
501000	-1110.102	0	-1110.102	-0.7793383
501500	-1114.483	0	-1114.483	-0.7992394
502000	-1045.993	0	-1045.993	-0.8503018
502500	-1097.34	0	-1097.34	-0.8483231
503000	-1153.577	0	-1153.577	-0.7888748
503500	-1147.961	0	-1147.961	-0.775806
504000	-1118.912	0	-1118.912	-0.821014
504500	-1154.126	0	-1154.126	-0.7168756
505000	-1145.546	0	-1145.546	-0.7888501
505500	-1106.899	0	-1106.899	-0.7694769
506000	-1035.058	0	-1035.058	-0.8102006
506500	-1074.759	0	-1074.759	-0.8149354
507000	-1065.83	0	-1065.83	-0.6973561
507500	-1127.431	0	-1127.431	-0.5835593
508000	-1053.581	0	-1053.581	-0.6634294
508500	-1119.803	0	-1119.803	-0.5959258
509000	-1144.684	0	-1144.684	-0.5836726
509500	-1158.859	0	-1158.859	-0.613228
510000	-1100.805	0	-1100.805	-0.6252824
510500	-1054.479	0	-1054.479	-0.5875174
511000	-1127.192	0	-1127.192	-0.6911992
511500	-1112.032	0	-1112.032	-0.7018574
512000	-1081.275	0	-1081.275	-0.807094
512500	-1063.639	0	-1063.639	-0.8879361
513000	-1042.014	0	-1042.014	-0.8023811
513500	-1053.387	0	-1053.387	-0.7798058
514000	-1025.873	0	-1025.873	-0.8000914
514500	-1088.338	0	-1088.338	-0.7826192
515000	-1047.579	0	-1047.579	-0.8687521
515500	-1118.118	0	-1118.118	-0.8398072
516000	-997.136	0	-997.136	-0.9036513
516500	-1081.11	0	-1081.11	-0.8454185
517000	-1016.796	0	-1016.796	-0.8700147
517500	-1011.131	0	-1011.131	-0.8746299
518000	-1056.545	0	-1056.545	-0.858715
518500	-1044.203	0	-1044.203	-0.8497117
519000	-1086.996	0	-1086.996	-0.7100771
519500	-1051.524	0	-1051.524	-0.9029625
520000	-1075.665	0	-1075.665	-0.9039421
520500	-1105.996	0	-1105.996	-0.7169179
521000	-1096.779	0	-1096.779	-0.8253567
521500	-1172.376	0	-1172.376	-0.7127906
522000	-1018.861	0	-1018.861	-0.834008
522500	-1029.564	0	-1029.564	-0.8423622
523000	-996.1762	0	-996.1762	-0.8369657
523500	-957.1204	0	-957.1204	-0.7931558
524000	-882.7137	0	-882.7137	-0.7537448
524500	-922.0043	0	-922.0043	-0.7200216
525000	-1065.402	0	-1065.402	-0.7514511
525500	-1040.688	0	-1040.688	-0.7446604
526000	-1056.598	0	-1056.598	-0.71168
526500	-1130.53	0	-1130.53	-0.6705435
527000	-1087.244	0	-1087.244	-0.6452661
527500	-1112.945	0	-1112.945	-0.7153785
528000	-1072.789	0	-1072.789	-0.7818305
528500	-1123.527	0	-1123.527	-0.6980169
529000	-1117.093	0	-1117.093	-0.7525195
529500	-997.2825	0	-997.2825	-0.8681593
530000	-978.28	0	-978.28	-0.918878
530500	-1027.77	0	-1027.77	-0.8376799
531000	-986.1833	0	-986.1833	-0.897758
531500	-940.2467	0	-940.2467	-0.8912201
532000	-1018.645	0	-1018.645	-0.8161943
532500	-1033.206	0	-1033.206	-0.8232626
533000	-1008.55	0	-1008.55	-0.8882429
533500	-1038.347	0	-1038.347	-0.8414481
534000	-1018.208	0	-1018.208	-0.8768092
534500	-1005.255	0	-1005.255	-0.8958282
535000	-984.645	0	-984.645	-0.8728756
535500	-968.5318	0	-968.5318	-0.8858375
536000	-892.4824	0	-892.4824	-0.9533522
536500	-954.3954	0	-954.3954	-0.8864309
537000	-967.5313	0	-967.5313	-0.852312
537500	-905.6601	0	-905.6601	-0.9131869
538000	-939.8003	0	-939.8003	-0.8862094
538500	-925.5347	0	-925.5347	-0.887052
539000	-894.1892	0	-894.1892	-0.8704845
539500	-819.0234	0	-819.0234	-0.8848217
540000	-847.5166	0	-847.5166	-0.8497677
540500	-970.6711	0	-970.6711	-0.7818657
541000	-1051.83	0	-1051.83	-0.8432545
541500	-1025.303	0	-1025.303	-0.9261342
542000	-1006.688	0	-1006.688	-0.9216417
542500	-1015.855	0	-1015.855	-0.9342104
543000	-997.8765	0	-997.8765	-0.9089481
543500	-957.5649	0	-957.5649	-0.9385713
544000	-954.9372	0	-954.9372	-0.9199115
544500	-937.3031	0	-937.3031	-0.9350232
545000	-909.9465	0	-909.9465	-0.9682393
545500	-991.8917	0	-991.8917	-0.8743385
546000	-928.1327	0	-928.1327	-0.962587
546500	-923.021	0	-923.021	-0.9332793
547000	-948.8638	0	-948.8638	-0.9359297
547500	-945.3995	0	-945.3995	-0.9432107
548000	-888.0233	0	-888.0233	-0.9462061
548500	-858.1093	0	-858.1093	-0.9585272
549000	-899.0955	0	-899.0955	-0.9703092
549500	-919.8628	0	-919.8628	-0.9602038
550000	-980.1404	0	-980.1404	-0.937175
550500	-950.8443	0	-950.8443	-0.9538555
551000	-1054.242	0	-1054.242	-0.924552
551500	-1146.177	0	-1146.177	-0.8468005
552000	-1107.58	0	-1107.58	-0.8816753
552500	-1125.867	0	-1125.867	-0.8715662
553000	-1106.527	0	-1106.527	-0.813948
553500	-1094.122	0	-1094.122	-0.838408
554000	-1046.336	0	-1046.336	-0.9009079
554500	-1007.941	0	-1007.941	-0.896219
555000	-1001.516	0	-1001.516	-0.9045212
555500	-1066.427	0	-1066.427	-0.7763761
556000	-1070.142	0	-1070.142	-0.747916
556500	-1095.254	0	-1095.254	-0.8041246
557000	-1142.598	0	-1142.598	-0.6992009
557500	-1197.708	0	-1197.708	-0.7222743
558000	-1125.648	0	-1125.648	-0.8210377
558500	-1112.603	0	-1112.603	-0.8393285
559000	-1118.061	0	-1118.061	-0.8785126
559500	-1068.876	0	-1068.876	-0.8746577
560000	-1076.649	0	-1076.649	-0.8826348
560500	-1076.366	0	-1076.366	-0.8055289
561000	-1074.221	0	-1074.221	-0.8691369
561500	-1086.063	0	-1086.063	-0.8262595
562000	-1051.27	0	-1051.27	-0.8288519
562500	-1085.46	0	-1085.46	-0.7715296
563000	-1017.295	0	-1017.295	-0.8438815
563500	-1116.332	0	-1116.332	-0.5127527
564000	-1155.234	0	-1155.234	-0.5198727
564500	-1089.331	0	-1089.331	-0.5675335
565000	-1133.922	0	-1133.922	-0.4957289
565500	-1136.406	0	-1136.406	-0.6093682
566000	-1112.695	0	-1112.695	-0.6131085
566500	-1045.994	0	-1045.994	-0.8108192
567000	-1090.44	0	-1090.44	-0.815086
567500	-1135.824	0	-1135.824	-0.5635915
568000	-1117.156	0	-1117.156	-0.6690036
568500	-1171.795	0	-1171.795	-0.6074241
569000	-1177.687	0	-1177.687	-0.4837419
569500	-1144.561	0	-1144.561	-0.3497567
570000	-1114.341	0	-1114.341	-0.3819629
570500	-1110.041	0	-1110.041	-0.4178133
571000	-1122.672	0	-1122.672	-0.4226649
571500	-1120.585	0	-1120.585	-0.4150212
572000	-1126.665	0	-1126.665	-0.6096718
572500	-1115.509	0	-1115.509	-0.5958241
573000	-1148.73	0	-1148.73	-0.5954219
573500	-1110.863	0	-1110.863	-0.7635687
574000	-1196.468	0	-1196.468	-0.652458
574500	-1178.438	0	-1178.438	-0.7086547
575000	-1164.503	0	-1164.503	-0.6399695
575500	-1124.708	0	-1124.708	-0.6580066
576000	-1060.683	0	-1060.683	-0.8099043
576500	-1086.353	0	-1086.353	-0.8148428
577000	-1097.573	0	-1097.573	-0.7362947
577500	-1069.948	0	-1069.948	-0.8056399
578000	-1093.384	0	-1093.384	-0.7734936
578500	-1107.498	0	-1107.498	-0.7366449
579000	-1109.264	0	-1109.264	-0.706725
579500	-1099.892	0	-1099.892	-0.7620039
580000	-1037.366	0	-1037.366	-0.8863689
580500	-1066.679	0	-1066.679	-0.8551856
581000	-981.2145	0	-981.2145	-0.9263276
581500	-999.1296	0	-999.1296	-0.9102328
582000	-963.8251	0	-963.8251	-0.9192934
582500	-1002.292	0	-1002.292	-0.8944935
583000	-971.7149	0	-971.7149	-0.9332613
583500	-1007.374	0	-1007.374	-0.9223395
584000	-988.299	0	-988.299	-0.8949446
584500	-973.6389	0	-973.6389	-0.890452
585000	-1003.082	0	-1003.082	-0.9101354
585500	-1014.351	0	-1014.351	-0.8019357
586000	-1002.153	0	-1002.153	-0.8440819
586500	-1004.16	0	-1004.16	-0.7971437
587000	-989.4397	0	-989.4397	-0.8030936
587500	-962.734	0	-962.734	-0.8169568
588000	-987.6391	0	-987.6391	-0.7877735
588500	-951.5035	0	-951.5035	-0.7973491
589000	-1033.224	0	-1033.224	-0.5739881
589500	-1091.474	0	-1091.474	-0.494495
590000	-990.3238	0	-990.3238	-0.7531847
590500	-1066.403	0	-1066.403	-0.688588
591000	-1081.704	0	-1081.704	-0.7569933
591500	-1176.471	0	-1176.471	-0.712721
592000	-1113.084	0	-1113.084	-0.7245511
592500	-1037.065	0	-1037.065	-0.6778722
593000	-1022.874	0	-1022.874	-0.623196
593500	-966.0383	0	-966.0383	-0.7232046
594000	-1030.452	0	-1030.452	-0.6924646
594500	-1039.449	0	-1039.449	-0.6118109
595000	-1022.508	0	-1022.508	-0.6799592
595500	-1027.235	0	-1027.235	-0.6831874
596000	-981.1284	0	-981.1284	-0.6958004
596500	-969.7419	0	-969.7419	-0.7000057
597000	-957.2683	0	-957.2683	-0.6912219
597500	-975.5236	0	-975.5236	-0.7489357
598000	-937.6953	0	-937.6953	-0.7121523
598500	-959.7254	0	-959.7254	-0.7754913
599000	-1018.851	0	-1018.851	-0.8164262
599500	-1061.814	0	-1061.814	-0.7431546
600000	-1064.875	0	-1064.875	-0.7632254
600500	-1098.212	0	-1098.212	-0.775528
601000	-1049.38	0	-1049.38	-0.8343025
601500	-1067.821	0	-1067.821	-0.7768941
602000	-1046.436	0	-1046.436	-0.8203831
602500	-1087.674	0	-1087.674	-0.852427
603000	-1050.919	0	-1050.919	-0.7742904
603500	-1077.501	0	-1077.501	-0.7139319
604000	-1102.653	0	-1102.653	-0.4777577
604500	-1028.485	0	-1028.485	-0.4971038
605000	-1136.932	0	-1136.932	-0.5104569
605500	-1132.775	0	-1132.775	-0.5969908
606000	-1170.054	0	-1170.054	-0.5598162
606500	-1173.304	0	-1173.304	-0.5586921
607000	-1217.398	0	-1217.398	-0.6174916
607500	-1091.891	0	-1091.891	-0.5676505
608000	-1092.491	0	-1092.491	-0.6554994
608500	-1133.248	0	-1133.248	-0.6883169
609000	-1164.062	0	-1164.062	-0.6881782
609500	-1106.646	0	-1106.646	-0.7422882
610000	-1075.067	0	-1075.067	-0.7323268
610500	-1112.722	0	-1112.722	-0.8791566
611000	-1128.943	0	-1128.943	-0.792244
611500	-1131.582	0	-1131.582	-0.7228999
612000	-1022.363	0	-1022.363	-0.6870375
612500	-1065.934	0	-1065.934	-0.8349063
613000	-1024.285	0	-1024.285	-0.6855818
613500	-1040.272	0	-1040.272	-0.8677171
614000	-1094.326	0	-1094.326	-0.843658
614500	-1058.904	0	-1058.904	-0.8424926
615000	-1077.76	0	-1077.76	-0.8560475
615500	-1096.663	0	-1096.663	-0.8480258
616000	-1035.768	0	-1035.768	-0.8289653
616500	-1074.944	0	-1074.944	-0.804483
617000	-1041.978	0	-1041.978	-0.8445143
617500	-944.2629	0	-944.2629	-0.8955589
618000	-1013.825	0	-1013.825	-0.8729903
618500	-1018.147	0	-1018.147	-0.8478839
619000	-1044.59	0	-1044.59	-0.8036352
619500	-1114.09	0	-1114.09	-0.8203638
620000	-1067.669	0	-1067.669	-0.805427
620500	-1034.888	0	-1034.888	-0.796644
621000	-1020.796	0	-1020.796	-0.8368058
621500	-1039.15	0	-1039.15	-0.8644765
622000	-923.1549	0	-923.1549	-0.8946032
622500	-866.15	0	-866.15	-0.9033047
623000	-857.0545	0	-857.0545	-0.9034456
623500	-969.8099	0	-969.8099	-0.8904376
624000	-983.315	0	-983.315	-0.8979914
624500	-1031.758	0	-1031.758	-0.8860765
625000	-982.7085	0	-982.7085	-0.8892059
625500	-1033.738	0	-1033.738	-0.8533977
626000	-1003.904	0	-1003.904	-0.81647
626500	-1064.867	0	-1064.867	-0.8152475
627000	-1037.525	0	-1037.525	-0.85786
627500	-1012.248	0	-1012.248	-0.8301235
628000	-1034.552	0	-1034.552	-0.7665799
628500	-953.6873	0	-953.6873	-0.8500192
629000	-1051.574	0	-1051.574	-0.8005805
629500	-981.8557	0	-981.8557	-0.7878333
630000	-1011.467	0	-1011.467	-0.7852044
630500	-1080.15	0	-1080.15	-0.7292397
631000	-1046.553	0	-1046.553	-0.6399837
631500	-1055.28	0	-1055.28	-0.7328902
632000	-1104.269	0	-1104.269	-0.756468
632500	-1149.343	0	-1149.343	-0.6840485
633000	-1119.028	0	-1119.028	-0.6383419
633500	-1075.589	0	-1075.589	-0.6826848
634000	-1083.593	0	-1083.593	-0.6436145
634500	-1122.861	0	-1122.861	-0.5644162
635000	-1099.184	0	-1099.184	-0.728408
635500	-1034.674	0	-1034.674	-0.7694028
636000	-949.8802	0	-949.8802	-0.810419
636500	-1000.073	0	-1000.073	-0.7872165
637000	-935.9005	0	-935.9005	-0.8180232
637500	-931.217	0	-931.217	-0.8265963
638000	-1000.044	0	-1000.044	-0.7855939
638500	-980.1124	0	-980.1124	-0.8414785
639000	-984.5938	0	-984.5938	-0.8351711
639500	-996.1093	0	-996.1093	-0.81232
640000	-935.0634	0	-935.0634	-0.7907545
640500	-968.8641	0	-968.8641	-0.7691774
641000	-921.2556	0	-921.2556	-0.8647207
641500	-920.9634	0	-920.9634	-0.8435205
642000	-899.59	0	-899.59	-0.8941987
642500	-891.3182	0	-891.3182	-0.8779629
643000	-881.4551	0	-881.4551	-0.8722022
643500	-978.3758	0	-978.3758	-0.8785389
644000	-894.0035	0	-894.0035	-0.8891
644500	-945.8361	0	-945.8361	-0.8747761
645000	-1060.984	0	-1060.984	-0.8625519
645500	-994.8234	0	-994.8234	-0.873122
646000	-1016.833	0	-1016.833	-0.8734598
646500	-1098.419	0	-1098.419	-0.8716749
647000	-1040.056	0	-1040.056	-0.9066616
647500	-980.7948	0	-980.7948	-0.9190008
648000	-921.8905	0	-921.8905	-0.9390161
648500	-1005.353	0	-1005.353	-0.9033002
649000	-1006.147	0	-1006.147	-0.8939898
649500	-1003.335	0	-1003.335	-0.8882692
650000	-1008.563	0	-1008.563	-0.869832
650500	-866.2608	0	-866.2608	-0.9349643
651000	-914.7823	0	-914.7823	-0.9131518
651500	-901.9039	0	-901.9039	-0.9350354
652000	-871.6239	0	-871.6239	-0.9160695
652500	-941.9759	0	-941.9759	-0.9060869
653000	-869.642	0	-869.642	-0.9290474
653500	-852.9564	0	-852.9564	-0.9440838
654000	-919.7401	0	-919.7401	-0.9445296
654500	-997.3936	0	-997.3936	-0.9300917
655000	-953.0727	0	-953.0727	-0.9381974
655500	-853.5366	0	-853.5366	-0.9200511
656000	-951.2992	0	-951.2992	-0.893169
656500	-922.2761	0	-922.2761	-0.8976314
657000	-890.0866	0	-890.0866	-0.9155886
657500	-926.8908	0	-926.8908	-0.902025
658000	-934.8906	0	-934.8906	-0.9006003
658500	-907.0835	0	-907.0835	-0.9390389
659000	-942.3172	0	-942.3172	-0.9211939
659500	-867.1386	0	-867.1386	-0.9488772
660000	-857.1169	0	-857.1169	-0.9496703
660500	-921.0056	0	-921.0056	-0.9346458
661000	-916.8992	0	-916.8992	-0.9550341
661500	-933.0152	0	-933.0152	-0.8959238
662000	-966.2622	0	-966.2622	-0.8610012
662500	-930.5627	0	-930.5627	-0.7727728
663000	-994.7509	0	-994.7509	-0.7746651
663500	-1012.616	0	-1012.616	-0.7486543
664000	-1073.332	0	-1073.332	-0.7529663
664500	-1080.7	0	-1080.7	-0.7721153
665000	-845.1912	0	-845.1912	-0.8678751
665500	-719.3835	0	-719.3835	-0.8789498
666000	-862.3662	0	-862.3662	-0.8741046
666500	-913.653	0	-913.653	-0.8859342
667000	-940.5792	0	-940.5792	-0.9149323
667500	-875.9717	0	-875.9717	-0.9200107
668000	-982.102	0	-982.102	-0.89079
668500	-931.9536	0	-931.9536	-0.9403021
669000	-983.797	0	-983.797	-0.8872655
669500	-1044.597	0	-1044.597	-0.8095206
670000	-1034.681	0	-1034.681	-0.8123063
670500	-1059.228	0	-1059.228	-0.7203834
671000	-1045.821	0	-1045.821	-0.6642776
671500	-1025.649	0	-1025.649	-0.7526267
672000	-1089.213	0	-1089.213	-0.6237631
672500	-1131.007	0	-1131.007	-0.5565848
673000	-1194.28	0	-1194.28	-0.6772082
673500	-1132.716	0	-1132.716	-0.6271494
674000	-1157.791	0	-1157.791	-0.5738064
674500	-1130.278	0	-1130.278	-0.7978257
675000	-1037.568	0	-1037.568	-0.8095328
675500	-1042.649	0	-1042.649	-0.8038091
676000	-1134.167	0	-1134.167	-0.7992304
676500	-1058.083	0	-1058.083	-0.8401492
677000	-1057.377	0	-1057.377	-0.7550548
677500	-1073.932	0	-1073.932	-0.8095979
678000	-1089.267	0	-1089.267	-0.7035037
678500	-1035.25	0	-1035.25	-0.8710456
679000	-1012.569	0	-1012.569	-0.8505433
679500	-1053.265	0	-1053.265	-0.9098588
680000	-963.1509	0	-963.1509	-0.9225529
680500	-908.1839	0	-908.1839	-0.9259743
681000	-983.0523	0	-983.0523	-0.8962821
681500	-839.9559	0	-839.9559	-0.9703254
682000	-888.7291	0	-888.7291	-0.9408664
682500	-945.9609	0	-945.9609	-0.9436194
683000	-877.6213	0	-877.6213	-0.9697475
683500	-847.4178	0	-847.4178	-0.9656265
684000	-831.2008	0	-831.2008	-0.9544515
684500	-814.0184	0	-814.0184	-0.9476278
685000	-781.6696	0	-781.6696	-0.9539379
685500	-812.0915	0	-812.0915	-0.9383743
686000	-793.0241	0	-793.0241	-0.9565334
686500	-844.5357	0	-844.5357	-0.9611487
687000	-733.9662	0	-733.9662	-0.9645591
687500	-855.7116	0	-855.7116	-0.9606312
688000	-987.8986	0	-987.8986	-0.9538173
688500	-1004.794	0	-1004.794	-0.9526707
689000	-924.6356	0	-924.6356	-0.9685853
689500	-968.6558	0	-968.6558	-0.970333
690000	-998.8091	0	-998.8091	-0.9609112
690500	-960.3259	0	-960.3259	-0.9657853
691000	-940.1821	0	-940.1821	-0.9741215
691500	-857.7851	0	-857.7851	-0.9797981
692000	-773.899	0	-773.899	-0.9810245
692500	-891.6501	0	-891.6501	-0.9737695
693000	-943.1885	0	-943.1885	-0.9661261
693500	-872.1144	0	-872.1144	-0.9738585
694000	-924.3976	0	-924.3976	-0.9731138
694500	-973.0151	0	-973.0151	-0.955092
695000	-958.9236	0	-958.9236	-0.9599839
695500	-971.6278	0	-971.6278	-0.9604457
696000	-916.8739	0	-916.8739	-0.9494702
696500	-1028.659	0	-1028.659	-0.9040621
697000	-1002.573	0	-1002.573	-0.9213904
697500	-993.6629	0	-993.6629	-0.9124061
698000	-1002.92	0	-1002.92	-0.9134009
698500	-940.406	0	-940.406	-0.8875456
699000	-872.9192	0	-872.9192	-0.9074845
699500	-937.6581	0	-937.6581	-0.8871185
700000	-895.7433	0	-895.7433	-0.9466847
700500	-831.3722	0	-831.3722	-0.9655884
701000	-877.7167	0	-877.7167	-0.9517738
701500	-844.9346	0	-844.9346	-0.9577693
702000	-946.3707	0	-946.3707	-0.9524911
702500	-819.741	0	-819.741	-0.9816351
703000	-786.8818	0	-786.8818	-0.9859917
703500	-780.2122	0	-780.2122	-0.984596
704000	-913.0346	0	-913.0346	-0.9505648
704500	-1024.579	0	-1024.579	-0.8784199
705000	-1042.172	0	-1042.172	-0.7488942
705500	-1010.709	0	-1010.709	-0.8814274
706000	-1006.856	0	-1006.856	-0.907193
706500	-939.743	0	-939.743	-0.9266114
707000	-979.7132	0	-979.7132	-0.9091176
707500	-996.3066	0	-996.3066	-0.9480879
708000	-963.4812	0	-963.4812	-0.906528
708500	-971.2688	0	-971.2688	-0.8830591
709000	-930.4484	0	-930.4484	-0.9135638
709500	-910.951	0	-910.951	-0.914152
710000	-923.399	0	-923.399	-0.9089331
710500	-987.22	0	-987.22	-0.8969904
711000	-927.5737	0	-927.5737	-0.8508895
711500	-953.5956	0	-953.5956	-0.8567065
712000	-1037.208	0	-1037.208	-0.8719792
712500	-1036.878	0	-1036.878	-0.8887016
713000	-1074.166	0	-1074.166	-0.9216952
713500	-1004.495	0	-1004.495	-0.9381791
714000	-1055.339	0	-1055.339	-0.8944498
714500	-944.1967	0	-944.1967	-0.9403584
715000	-1011.932	0	-1011.932	-0.9128908
715500	-1020.544	0	-1020.544	-0.9057465
716000	-1020.061	0	-1020.061	-0.8932991
716500	-1083.095	0	-1083.095	-0.8474655
717000	-1010.793	0	-1010.793	-0.852084
717500	-968.2753	0	-968.2753	-0.8320639
718000	-967.2851	0	-967.2851	-0.8995825
718500	-938.8615	0	-938.8615	-0.9264997
719000	-880.7739	0	-880.7739	-0.9297136
719500	-959.045	0	-959.045	-0.9068883
720000	-932.0326	0	-932.0326	-0.908592
720500	-955.0623	0	-955.0623	-0.9186256
721000	-882.4817	0	-882.4817	-0.8781565
721500	-975.6567	0	-975.6567	-0.8778013
722000	-1009.752	0	-1009.752	-0.8741003
722500	-1074.053	0	-1074.053	-0.7704784
723000	-1049.269	0	-1049.269	-0.8023346
723500	-1091.441	0	-1091.441	-0.7463622
724000	-890.2879	0	-890.2879	-0.8293539
724500	-901.3577	0	-901.3577	-0.8570299
725000	-950.0013	0	-950.0013	-0.8665864
725500	-1060.501	0	-1060.501	-0.8547805
726000	-1072.821	0	-1072.821	-0.8131822
726500	-1020.811	0	-1020.811	-0.9324187
727000	-1042.545	0	-1042.545	-0.9002137
727500	-1052.425	0	-1052.425	-0.9228038
728000	-1087.731	0	-1087.731	-0.8967366
728500	-1091.275	0	-1091.275	-0.8930306
729000	-1033.833	0	-1033.833	-0.9170933
729500	-978.6	0	-978.6	-0.927374
730000	-1006.303	0	-1006.303	-0.9057581
730500	-1012.529	0	-1012.529	-0.8770951
731000	-1021.241	0	-1021.241	-0.7905043
731500	-1009.487	0	-1009.487	-0.8674449
732000	-1009.84	0	-1009.84	-0.8183149
732500	-953.2948	0	-953.2948	-0.907061
733000	-1014.813	0	-1014.813	-0.8734555
733500	-1106.875	0	-1106.875	-0.8326088
734000	-1113.567	0	-1113.567	-0.6391453
734500	-1095.787	0	-1095.787	-0.8042405
735000	-1156.465	0	-1156.465	-0.7624269
735500	-1094.9	0	-1094.9	-0.8524515
736000	-1077.768	0	-1077.768	-0.7975593
736500	-1047.482	0	-1047.482	-0.8123622
737000	-1099.885	0	-1099.885	-0.7350174
737500	-979.6804	0	-979.6804	-0.8115528
738000	-1082.476	0	-1082.476	-0.7856946
738500	-1000.738	0	-1000.738	-0.8807538
739000	-1004.78	0	-1004.78	-0.9091916
739500	-998.7335	0	-998.7335	-0.8628106
740000	-1044.574	0	-1044.574	-0.8204014
740500	-1006.92	0	-1006.92	-0.8888173
741000	-946.9919	0	-946.9919	-0.8762878
741500	-1049.166	0	-1049.166	-0.859449
742000	-1061.366	0	-1061.366	-0.8322307
742500	-1023.446	0	-1023.446	-0.8174285
743000	-1090.898	0	-1090.898	-0.7838152
743500	-1025.268	0	-1025.268	-0.8251577
744000	-1044.067	0	-1044.067	-0.7557829
744500	-1031.655	0	-1031.655	-0.8380009
745000	-1005.965	0	-1005.965	-0.8600719
745500	-1006.002	0	-1006.002	-0.9016109
746000	-1016.643	0	-1016.643	-0.845225
746500	-1031.751	0	-1031.751	-0.8564762
747000	-1064.083	0	-1064.083	-0.7951471
747500	-1029.885	0	-1029.885	-0.820363
748000	-1074.824	0	-1074.824	-0.776864
748500	-1073.894	0	-1073.894	-0.839362
749000	-1050.924	0	-1050.924	-0.7951421
749500	-1103.781	0	-1103.781	-0.8554532
750000	-1049.728	0	-1049.728	-0.8735994
750500	-1161.74	0	-1161.74	-0.5874117
751000	-1100.848	0	-1100.848	-0.7805256
751500	-1104.433	0	-1104.433	-0.7568673
752000	-1030.22	0	-1030.22	-0.8441439
752500	-1036.117	0	-1036.117	-0.8266437
753000	-912.2556	0	-912.2556	-0.8451173
753500	-1040.672	0	-1040.672	-0.8126915
754000	-1053.396	0	-1053.396	-0.7898738
754500	-1016.717	0	-1016.717	-0.813221
755000	-1012.97	0	-1012.97	-0.8712775
755500	-1024.216	0	-1024.216	-0.8731999
756000	-957.8572	0	-957.8572	-0.8617023
756500	-1040.037	0	-1040.037	-0.8953234
757000	-1042.346	0	-1042.346	-0.8952212
757500	-1054.059	0	-1054.059	-0.8044387
758000	-1055.59	0	-1055.59	-0.807745
758500	-1064.544	0	-1064.544	-0.8423441
759000	-1031.366	0	-1031.366	-0.888761
759500	-1039.479	0	-1039.479	-0.9074486
760000	-1061.624	0	-1061.624	-0.8979736
760500	-1068.421	0	-1068.421	-0.8960092
761000	-1031.898	0	-1031.898	-0.8349446
761500	-1075.217	0	-1075.217	-0.781137
762000	-1141.642	0	-1141.642	-0.660728
762500	-1020.06	0	-1020.06	-0.8173081
763000	-1136.565	0	-1136.565	-0.726471
763500	-1020.079	0	-1020.079	-0.7925405
764000	-1011.883	0	-1011.883	-0.749068
764500	-1069.252	0	-1069.252	-0.70992
765000	-1111.263	0	-1111.263	-0.7053631
765500	-1045.574	0	-1045.574	-0.7946695
766000	-1042.101	0	-1042.101	-0.8579138
766500	-1072.969	0	-1072.969	-0.7838165
767000	-1076.156	0	-1076.156	-0.7775809
767500	-1076.72	0	-1076.72	-0.8789938
768000	-1074.227	0	-1074.227	-0.833211
768500	-1110.171	0	-1110.171	-0.6750264
769000	-1064.966	0	-1064.966	-0.7148234
769500	-1020.645	0	-1020.645	-0.8535065
770000	-991.2907	0	-991.2907	-0.834684
770500	-997.0771	0	-997.0771	-0.8409725
771000	-1035.768	0	-1035.768	-0.838451
771500	-987.0902	0	-987.0902	-0.8319209
772000	-942.6419	0	-942.6419	-0.8526093
772500	-1009.777	0	-1009.777	-0.8594571
773000	-1045.691	0	-1045.691	-0.7992371
773500	-988.5939	0	-988.5939	-0.810513
774000	-961.1306	0	-961.1306	-0.7970907
774500	-948.0397	0	-948.0397	-0.847033
775000	-931.4236	0	-931.4236	-0.8029028
775500	-984.0149	0	-984.0149	-0.8468428
776000	-898.12	0	-898.12	-0.8803136
776500	-946.1797	0	-946.1797	-0.9009239
777000	-917.5762	0	-917.5762	-0.8826433
777500	-961.7277	0	-961.7277	-0.8195455
778000	-987.6919	0	-987.6919	-0.8009036
778500	-989.3067	0	-989.3067	-0.7776865
779000	-1000.607	0	-1000.607	-0.7784721
779500	-1027.39	0	-1027.39	-0.7900646
780000	-1013.806	0	-1013.806	-0.8367468
780500	-1026.374	0	-1026.374	-0.8311704
781000	-946.5084	0	-946.5084	-0.8747933
781500	-1050.093	0	-1050.093	-0.8519111
782000	-967.2937	0	-967.2937	-0.8769485
782500	-969.7351	0	-969.7351	-0.8276164
783000	-1015.452	0	-1015.452	-0.8019474
783500	-987.3577	0	-987.3577	-0.801206
784000	-964.879	0	-964.879	-0.8664454
784500	-993.6555	0	-993.6555	-0.8001134
785000	-1065.53	0	-1065.53	-0.7780495
785500	-1018.43	0	-1018.43	-0.7769277
786000	-1029.471	0	-1029.471	-0.7992941
786500	-1115.24	0	-1115.24	-0.7114941
787000	-1169.364	0	-1169.364	-0.4563795
787500	-1237.369	0	-1237.369	-0.2573477
788000	-1220.838	0	-1220.838	-0.5646969
788500	-1205.726	0	-1205.726	-0.4635283
789000	-1208.299	0	-1208.299	-0.5032079
789500	-1151.679	0	-1151.679	-0.3559051
790000	-1107.625	0	-1107.625	-0.627105
790500	-1123.18	0	-1123.18	-0.5200818
791000	-1145.208	0	-1145.208	-0.5678053
791500	-1071.8	0	-1071.8	-0.6126304
792000	-1023.511	0	-1023.511	-0.7680861
792500	-1046.387	0	-1046.387	-0.8321181
793000	-951.5237	0	-951.5237	-0.856577
793500	-976.8489	0	-976.8489	-0.9000277
794000	-885.4711	0	-885.4711	-0.9227937
794500	-951.6744	0	-951.6744	-0.889248
795000	-980.4828	0	-980.4828	-0.8572225
795500	-1014.648	0	-1014.648	-0.865433
796000	-1068.001	0	-1068.001	-0.8344749
796500	-1107.862	0	-1107.862	-0.7577147
797000	-1056.896	0	-1056.896	-0.6972225
797500	-1106.184	0	-1106.184	-0.6393862
798000	-1146.929	0	-1146.929	-0.6436129
798500	-1072.535	0	-1072.535	-0.6205323
799000	-1060.997	0	-1060.997	-0.6974935
799500	-1072.927	0	-1072.927	-0.8166743
800000	-1069.356	0	-1069.356	-0.8047674
800500	-1109.384	0	-1109.384	-0.7427794
801000	-1055.768	0	-1055.768	-0.835255
801500	-1157.402	0	-1157.402	-0.7287854
802000	-1124.538	0	-1124.538	-0.6618138
802500	-1075.456	0	-1075.456	-0.7584816
803000	-1085.693	0	-1085.693	-0.7133088
803500	-1132.846	0	-1132.846	-0.6251289
804000	-1074.069	0	-1074.069	-0.6939957
804500	-1084.532	0	-1084.532	-0.6376694
805000	-1135.771	0	-1135.771	-0.5817633
805500	-1150.815	0	-1150.815	-0.6111488
806000	-1107.239	0	-1107.239	-0.647833
806500	-1216.645	0	-1216.645	-0.5525815
807000	-1185.671	0	-1185.671	-0.5051116
807500	-1229.752	0	-1229.752	-0.4742282
808000	-1168.833	0	-1168.833	-0.7342297
808500	-1091.902	0	-1091.902	-0.6881657
809000	-1055.532	0	-1055.532	-0.7278945
809500	-984.1286	0	-984.1286	-0.8243932
810000	-984.2185	0	-984.2185	-0.8221293
810500	-1091.586	0	-1091.586	-0.7861058
811000	-1114.253	0	-1114.253	-0.6073505
811500	-1058.25	0	-1058.25	-0.7885117
812000	-1052.096	0	-1052.096	-0.7933152
812500	-1110.498	0	-1110.498	-0.7237318
813000	-1081.224	0	-1081.224	-0.7382667
813500	-1150.527	0	-1150.527	-0.5845069
814000	-1073.233	0	-1073.233	-0.7605949
814500	-1066.6	0	-1066.6	-0.7700133
815000	-1074.357	0	-1074.357	-0.7542349
815500	-1063.099	0	-1063.099	-0.7626098
816000	-928.105	0	-928.105	-0.8402423
816500	-996.8673	0	-996.8673	-0.8560553
817000	-928.8577	0	-928.8577	-0.8473765
817500	-1052.335	0	-1052.335	-0.8037858
818000	-1032.865	0	-1032.865	-0.7929725
818500	-958.6924	0	-958.6924	-0.8192786
819000	-944.2454	0	-944.2454	-0.8395562
819500	-1058.5	0	-1058.5	-0.7627374
820000	-1073.856	0	-1073.856	-0.6188949
820500	-996.4403	0	-996.4403	-0.6283874
821000	-1046.585	0	-1046.585	-0.7281912
821500	-1165.137	0	-1165.137	-0.682193
822000	-1130.225	0	-1130.225	-0.7847358
822500	-1214.599	0	-1214.599	-0.6900374
823000	-1134.615	0	-1134.615	-0.7923652
823500	-1174.731	0	-1174.731	-0.6018031
824000	-1113.22	0	-1113.22	-0.7315252
824500	-1096.698	0	-1096.698	-0.7591391
825000	-1109.38	0	-1109.38	-0.7296577
825500	-1083.915	0	-1083.915	-0.6208096
826000	-1117.95	0	-1117.95	-0.5545551
826500	-1113.347	0	-1113.347	-0.813121
827000	-997.6889	0	-997.6889	-0.9047847
827500	-946.1152	0	-946.1152	-0.9331851
828000	-908.6432	0	-908.6432	-0.9256914
828500	-978.4051	0	-978.4051	-0.919781
829000	-956.0016	0	-956.0016	-0.8922723
829500	-936.3794	0	-936.3794	-0.8838744
830000	-1001.659	0	-1001.659	-0.8699044
830500	-922.5742	0	-922.5742	-0.905117
831000	-913.5574	0	-913.5574	-0.9172131
831500	-989.3598	0	-989.3598	-0.9112203
832000	-1062.185	0	-1062.185	-0.8917976
832500	-1019.048	0	-1019.048	-0.8837928
833000	-1035.58	0	-1035.58	-0.9239439
833500	-1021.624	0	-1021.624	-0.8853823
834000	-1004.35	0	-1004.35	-0.8264101
834500	-1111.343	0	-1111.343	-0.7377807
835000	-1088.962	0	-1088.962	-0.7408551
835500	-1056.235	0	-1056.235	-0.7926068
836000	-937.3482	0	-937.3482	-0.9050512
836500	-990.3942	0	-990.3942	-0.9500529
837000	-939.7536	0	-939.7536	-0.9308437
837500	-1035.412	0	-1035.412	-0.8791726
838000	-1083.736	0	-1083.736	-0.8304573
838500	-1081.723	0	-1081.723	-0.7464673
839000	-1064.844	0	-1064.844	-0.8498975
839500	-1061.087	0	-1061.087	-0.8222744
840000	-1028.63	0	-1028.63	-0.854057
840500	-1003.488	0	-1003.488	-0.9182901
841000	-1083.925	0	-1083.925	-0.8490664
841500	-1067.983	0	-1067.983	-0.8153579
842000	-1115.122	0	-1115.122	-0.7667761
842500	-1117.398	0	-1117.398	-0.661161
843000	-1183.065	0	-1183.065	-0.7932282
843500	-1155.232	0	-1155.232	-0.7706095
844000	-1189.663	0	-1189.663	-0.5080281
844500	-1249.094	0	-1249.094	-0.3976394
845000	-1144.317	0	-1144.317	-0.5160086
845500	-1151.4	0	-1151.4	-0.6661917
846000	-1154.306	0	-1154.306	-0.7138067
846500	-1072.272	0	-1072.272	-0.8382257
847000	-1035.753	0	-1035.753	-0.8859234
847500	-1123.978	0	-1123.978	-0.7790971
848000	-1078.713	0	-1078.713	-0.8421675
848500	-1039.439	0	-1039.439	-0.8791702
849000	-1068.284	0	-1068.284	-0.8714748
849500	-1020.788	0	-1020.788	-0.8696651
850000	-1049.7	0	-1049.7	-0.8918858
850500	-1155.85	0	-1155.85	-0.830342
851000	-988.9681	0	-988.9681	-0.8625637
851500	-1060.453	0	-1060.453	-0.8084836
852000	-1028.423	0	-1028.423	-0.8078765
852500	-1045.522	0	-1045.522	-0.8388321
853000	-1024.251	0	-1024.251	-0.8866655
853500	-933.2364	0	-933.2364	-0.9085616
854000	-883.6252	0	-883.6252	-0.9064031
854500	-886.0984	0	-886.0984	-0.9108114
855000	-926.988	0	-926.988	-0.8948511
855500	-929.9753	0	-929.9753	-0.8668146
856000	-948.416	0	-948.416	-0.8981375
856500	-831.9235	0	-831.9235	-0.9205871
857000	-791.2045	0	-791.2045	-0.9391201
857500	-835.0144	0	-835.0144	-0.9368152
858000	-872.3628	0	-872.3628	-0.9307965
858500	-798.5712	0	-798.5712	-0.9369077
859000	-854.7617	0	-854.7617	-0.9398351
859500	-887.8832	0	-887.8832	-0.9432428
860000	-935.5597	0	-935.5597	-0.9321091
860500	-1015.884	0	-1015.884	-0.8415978
861000	-1053.686	0	-1053.686	-0.7732846
861500	-1047.574	0	-1047.574	-0.7360313
862000	-1030.535	0	-1030.535	-0.8083525
862500	-1028.913	0	-1028.913	-0.835097
863000	-973.4529	0	-973.4529	-0.8045964
863500	-946.2876	0	-946.2876	-0.8125199
864000	-958.7093	0	-958.7093	-0.7826076
864500	-941.9514	0	-941.9514	-0.8404056
865000	-986.3267	0	-986.3267	-0.8448455
865500	-994.7613	0	-994.7613	-0.8098886
866000	-990.4122	0	-990.4122	-0.8139207
866500	-1081.67	0	-1081.67	-0.665304
867000	-1121.023	0	-1121.023	-0.6644691
867500	-1115.133	0	-1115.133	-0.5704276
868000	-1048.84	0	-1048.84	-0.4761189
868500	-1072.992	0	-1072.992	-0.6725614
869000	-1019.912	0	-1019.912	-0.8190008
869500	-1008.269	0	-1008.269	-0.6168617
870000	-1058.129	0	-1058.129	-0.6656544
870500	-1106.219	0	-1106.219	-0.6806616
871000	-1035.743	0	-1035.743	-0.7333684
871500	-1103.224	0	-1103.224	-0.5244922
872000	-1084.516	0	-1084.516	-0.3361197
872500	-1080.44	0	-1080.44	-0.3797902
873000	-1137.856	0	-1137.856	-0.4671712
873500	-1139.351	0	-1139.351	-0.4935886
874000	-1138.715	0	-1138.715	-0.3721974
874500	-1164.697	0	-1164.697	-0.37308
875000	-1162.698	0	-1162.698	-0.2943279
875500	-1173.03	0	-1173.03	-0.2126911
876000	-1182.223	0	-1182.223	-0.4304899
876500	-1115.157	0	-1115.157	-0.614472
877000	-1101.418	0	-1101.418	-0.6398058
877500	-1116.614	0	-1116.614	-0.4773824
878000	-1091.138	0	-1091.138	-0.5143799
878500	-1143.64	0	-1143.64	-0.3073807
879000	-1146.003	0	-1146.003	-0.6518197
879500	-1102.058	0	-1102.058	-0.7803706
880000	-955.845	0	-955.845	-0.8674316
880500	-1032.626	0	-1032.626	-0.7197414
881000	-1078.421	0	-1078.421	-0.6454124
881500	-1014.801	0	-1014.801	-0.654462
882000	-1033.377	0	-1033.377	-0.6793736
882500	-1085.158	0	-1085.158	-0.651746
883000	-999.1343	0	-999.1343	-0.7602852
883500	-1068.55	0	-1068.55	-0.7205236
884000	-1006.118	0	-1006.118	-0.6514171
884500	-979.8074	0	-979.8074	-0.698795
885000	-1054.42	0	-1054.42	-0.7150456
885500	-1142.638	0	-1142.638	-0.4950762
886000	-1131.728	0	-1131.728	-0.6709145
886500	-1161.904	0	-1161.904	-0.7134448
887000	-1163.211	0	-1163.211	-0.592951
887500	-1083.047	0	-1083.047	-0.6102152
888000	-1104.853	0	-1104.853	-0.7012849
888500	-1086.048	0	-1086.048	-0.7182006
889000	-1046.611	0	-1046.611	-0.7359129
889500	-1123.619	0	-1123.619	-0.5127447
890000	-1087.256	0	-1087.256	-0.5845942
890500	-984.6637	0	-984.6637	-0.6080745
891000	-991.256	0	-991.256	-0.55183
891500	-1036.188	0	-1036.188	-0.6245276
892000	-1026.746	0	-1026.746	-0.5313173
892500	-1090.54	0	-1090.54	-0.4551716
893000	-1114.905	0	-1114.905	-0.6386815
893500	-1068.478	0	-1068.478	-0.5815985
894000	-1143.981	0	-1143.981	-0.5417655
894500	-1202.036	0	-1202.036	-0.4466769
895000	-1116.438	0	-1116.438	-0.7729349
895500	-1112.081	0	-1112.081	-0.7470269
896000	-1131.719	0	-1131.719	-0.7359305
896500	-1123.677	0	-1123.677	-0.6059772
897000	-1109.484	0	-1109.484	-0.7401311
897500	-1203.456	0	-1203.456	-0.5474752
898000	-1226.561	0	-1226.561	-0.5611774
898500	-1226.874	0	-1226.874	-0.411302
899000	-1194.075	0	-1194.075	-0.4967454
899500	-1096.084	0	-1096.084	-0.859722
900000	-1084.461	0	-1084.461	-0.8523362
900500	-1116.332	0	-1116.332	-0.793373
901000	-1027.01	0	-1027.01	-0.8957662
901500	-1089.937	0	-1089.937	-0.8353351
902000	-1101.986	0	-1101.986	-0.7941212
902500	-1051.396	0	-1051.396	-0.8794009
903000	-1125.653	0	-1125.653	-0.8046379
903500	-1064.111	0	-1064.111	-0.7969556
904000	-1093.673	0	-1093.673	-0.8773368
904500	-1109.226	0	-1109.226	-0.8074951
905000	-1070.437	0	-1070.437	-0.8424553
905500	-1017.943	0	-1017.943	-0.9004643
906000	-1080.278	0	-1080.278	-0.8560073
906500	-1010.799	0	-1010.799	-0.9038279
907000	-991.6671	0	-991.6671	-0.9575942
907500	-1037.578	0	-1037.578	-0.8704134
908000	-1023.857	0	-1023.857	-0.9155987
908500	-1003.178	0	-1003.178	-0.8991823
909000	-1134.349	0	-1134.349	-0.8705858
909500	-1093.337	0	-1093.337	-0.7718446
910000	-1104.503	0	-1104.503	-0.7670114
910500	-1100.019	0	-1100.019	-0.7756525
911000	-1132.835	0	-1132.835	-0.652637
911500	-1116.227	0	-1116.227	-0.6948904
912000	-1111.872	0	-1111.872	-0.7486269
912500	-1080.833	0	-1080.833	-0.6909563
913000	-1118.061	0	-1118.061	-0.6620625
913500	-1190.872	0	-1190.872	-0.6152562
914000	-1180.981	0	-1180.981	-0.5470042
914500	-1174.841	0	-1174.841	-0.6181224
915000	-1087.542	0	-1087.542	-0.7853873
915500	-978.4051	0	-978.4051	-0.8427664
916000	-1087.395	0	-1087.395	-0.7908389
916500	-1079.645	0	-1079.645	-0.7983342
917000	-1010.324	0	-1010.324	-0.7929217
917500	-1057.809	0	-1057.809	-0.7353489
918000	-1114.792	0	-1114.792	-0.840563
918500	-1151.558	0	-1151.558	-0.6925998
919000	-1174.567	0	-1174.567	-0.6441478
919500	-1168.87	0	-1168.87	-0.5950708
920000	-1180.703	0	-1180.703	-0.6154413
920500	-1154.967	0	-1154.967	-0.751945
921000	-1168.09	0	-1168.09	-0.7075352
921500	-1128.481	0	-1128.481	-0.8054607
922000	-1131.493	0	-1131.493	-0.7440307
922500	-1110.313	0	-1110.313	-0.7371155
923000	-1093.902	0	-1093.902	-0.6272078
923500	-1132.322	0	-1132.322	-0.6012674
924000	-1093.179	0	-1093.179	-0.7645021
924500	-1102.301	0	-1102.301	-0.7821987
925000	-1147.506	0	-1147.506	-0.7026466
925500	-1117.539	0	-1117.539	-0.743471
926000	-1088.2	0	-1088.2	-0.6587993
926500	-1107.776	0	-1107.776	-0.6706389
927000	-1051.082	0	-1051.082	-0.752493
927500	-1048.013	0	-1048.013	-0.7666428
928000	-1017.369	0	-1017.369	-0.8642686
928500	-1067.623	0	-1067.623	-0.7972894
929000	-946.6826	0	-946.6826	-0.9251484
929500	-1032.365	0	-1032.365	-0.8225073
930000	-1003.079	0	-1003.079	-0.9060466
930500	-1024.646	0	-1024.646	-0.8944879
931000	-1021.875	0	-1021.875	-0.8235411
931500	-1143.309	0	-1143.309	-0.798039
932000	-1107.035	0	-1107.035	-0.8326247
932500	-1087.9	0	-1087.9	-0.8465752
933000	-994.9481	0	-994.9481	-0.8927956
933500	-1008.644	0	-1008.644	-0.8527286
934000	-1084.646	0	-1084.646	-0.8096623
934500	-1139.039	0	-1139.039	-0.7359186
935000	-1094.253	0	-1094.253	-0.6693058
935500	-1050.285	0	-1050.285	-0.8337116
936000	-1080.667	0	-1080.667	-0.8277394
936500	-1008.21	0	-1008.21	-0.8897579
937000	-985.1704	0	-985.1704	-0.8680179
937500	-999.4242	0	-999.4242	-0.8731693
938000	-995.9529	0	-995.9529	-0.8371164
938500	-1075.989	0	-1075.989	-0.8234291
939000	-1029.834	0	-1029.834	-0.8324649
939500	-1048.802	0	-1048.802	-0.8202844
940000	-1024.244	0	-1024.244	-0.8656159
940500	-988.9056	0	-988.9056	-0.8540002
941000	-1040.139	0	-1040.139	-0.8029077
941500	-1033.113	0	-1033.113	-0.8295671
942000	-961.9596	0	-961.9596	-0.8813706
942500	-904.4075	0	-904.4075	-0.8920636
943000	-952.6112	0	-952.6112	-0.8893271
943500	-1008.954	0	-1008.954	-0.933938
944000	-1005.289	0	-1005.289	-0.9418085
944500	-1006.37	0	-1006.37	-0.9079773
945000	-984.4603	0	-984.4603	-0.9048745
945500	-1087.589	0	-1087.589	-0.8510746
946000	-1044.545	0	-1044.545	-0.8587563
946500	-1048.887	0	-1048.887	-0.7512444
947000	-1024.189	0	-1024.189	-0.6760817
947500	-1053.303	0	-1053.303	-0.6593722
948000	-1005.88	0	-1005.88	-0.6599805
948500	-929.209	0	-929.209	-0.7610093
949000	-919.0284	0	-919.0284	-0.8579261
949500	-914.6741	0	-914.6741	-0.7841308
950000	-1002.769	0	-1002.769	-0.7800298
950500	-1037.371	0	-1037.371	-0.8114158
951000	-966.8888	0	-966.8888	-0.8426085
951500	-867.4186	0	-867.4186	-0.9577872
952000	-1045.69	0	-1045.69	-0.9214209
952500	-996.2184	0	-996.2184	-0.9334867
953000	-986.4692	0	-986.4692	-0.9493942
953500	-980.2188	0	-980.2188	-0.9227229
954000	-1078.425	0	-1078.425	-0.8483376
954500	-1028.029	0	-1028.029	-0.8443477
955000	-1061.947	0	-1061.947	-0.8853555
955500	-1000.126	0	-1000.126	-0.900203
956000	-961.6037	0	-961.6037	-0.9312253
956500	-976.7263	0	-976.7263	-0.9066511
957000	-1026.038	0	-1026.038	-0.8989703
957500	-1105.82	0	-1105.82	-0.8203884
958000	-1062.629	0	-1062.629	-0.8684269
958500	-1046.687	0	-1046.687	-0.7679811
959000	-1034.511	0	-1034.511	-0.7732752
959500	-1040.913	0	-1040.913	-0.8669254
960000	-1082.265	0	-1082.265	-0.7977553
960500	-1129.198	0	-1129.198	-0.7901034
961000	-1048.898	0	-1048.898	-0.7852391
961500	-1117.63	0	-1117.63	-0.6693245
962000	-1098.264	0	-1098.264	-0.6980733
962500	-1069.966	0	-1069.966	-0.771003
963000	-999.4835	0	-999.4835	-0.8249865
963500	-1026.317	0	-1026.317	-0.8299535
964000	-1059.894	0	-1059.894	-0.7673408
964500	-969.6339	0	-969.6339	-0.8900018
965000	-1002.233	0	-1002.233	-0.8641276
965500	-925.599	0	-925.599	-0.8897097
966000	-1002.636	0	-1002.636	-0.7661651
966500	-1037.616	0	-1037.616	-0.7471719
967000	-1004.984	0	-1004.984	-0.7481895
967500	-886.9439	0	-886.9439	-0.864342
968000	-973.4046	0	-973.4046	-0.7947163
968500	-989.8461	0	-989.8461	-0.8852986
969000	-1031.183	0	-1031.183	-0.8841395
969500	-980.4125	0	-980.4125	-0.8257569
970000	-1084.744	0	-1084.744	-0.6484552
970500	-1010.284	0	-1010.284	-0.8052493
971000	-1038.009	0	-1038.009	-0.7329768
971500	-1079.396	0	-1079.396	-0.7009732
972000	-1077.266	0	-1077.266	-0.638196
972500	-1093.942	0	-1093.942	-0.5373743
973000	-1092.021	0	-1092.021	-0.6319159
973500	-1090.506	0	-1090.506	-0.4886462
974000	-1126.64	0	-1126.64	-0.6150922
974500	-1123.759	0	-1123.759	-0.4195508
975000	-1095.697	0	-1095.697	-0.7017897
975500	-1063.77	0	-1063.77	-0.7260462
976000	-1133.097	0	-1133.097	-0.6598049
976500	-1026.164	0	-1026.164	-0.7283749
977000	-1032.838	0	-1032.838	-0.6884639
977500	-1083.089	0	-1083.089	-0.5126616
978000	-1092.883	0	-1092.883	-0.591706
978500	-1024.609	0	-1024.609	-0.6112067
979000	-1149.625	0	-1149.625	-0.7609098
979500	-1171.254	0	-1171.254	-0.6554834
980000	-1052.376	0	-1052.376	-0.6958168
980500	-1125.364	0	-1125.364	-0.6807028
981000	-1097.315	0	-1097.315	-0.4773834
981500	-1109.381	0	-1109.381	-0.4806572
982000	-1182.877	0	-1182.877	-0.4279586
982500	-1186.926	0	-1186.926	-0.5333328
983000	-1101.809	0	-1101.809	-0.3888783
983500	-1122.629	0	-1122.629	-0.287412
984000	-1132.572	0	-1132.572	-0.5170401
984500	-1101.098	0	-1101.098	-0.6251717
985000	-1100.254	0	-1100.254	-0.6406193
985500	-1135.886	0	-1135.886	-0.6534835
986000	-1115.551	0	-1115.551	-0.6033915
986500	-1095.224	0	-1095.224	-0.6142297
987000	-1099.135	0	-1099.135	-0.5337641
987500	-1137.556	0	-1137.556	-0.6104727
988000	-1135.422	0	-1135.422	-0.5817024
988500	-1153.191	0	-1153.191	-0.5242815
989000	-1126.16	0	-1126.16	-0.6858075
989500	-1137.7	0	-1137.7	-0.5899912
990000	-1104.841	0	-1104.841	-0.5515753
990500	-1057.179	0	-1057.179	-0.564318
991000	-1051.201	0	-1051.201	-0.6404194
991500	-1028.42	0	-1028.42	-0.7349202
992000	-1117.213	0	-1117.213	-0.5979356
992500	-1072.897	0	-1072.897	-0.7093689
993000	-1074.056	0	-1074.056	-0.7756058
993500	-1186.203	0	-1186.203	-0.6933004
994000	-1179.115	0	-1179.115	-0.6252204
994500	-1188.062	0	-1188.062	-0.491525
995000	-1151.946	0	-1151.946	-0.4731575
995500	-1201.877	0	-1201.877	-0.4361997
996000	-1199.868	0	-1199.868	-0.4140548
996500	-1192.508	0	-1192.508	-0.3561405
997000	-1115.793	0	-1115.793	-0.5652667
997500	-1104.184	0	-1104.184	-0.7779979
998000	-1022.427	0	-1022.427	-0.6032384
998500	-1061.154	0	-1061.154	-0.6477164
999000	-1110.146	0	-1110.146	-0.8232946
999500	-1071.292	0	-1071.292	-0.7834677
1000000	-977.6529	0	-977.6529	-0.7801157
