Iteration	Posterior	Likelihood	Prior	rho[2][4]
0	-6745.466	0	-6745.466	0.1324324
500	-1185.533	0	-1185.533	0.5027069
1000	-1216.797	0	-1216.797	0.4990392
1500	-1163.849	0	-1163.849	0.4629383
2000	-1138.38	0	-1138.38	0.4249067
2500	-1155.783	0	-1155.783	0.2284186
3000	-1172.92	0	-1172.92	0.1558442
3500	-1132.039	0	-1132.039	0.03661147
4000	-1128.967	0	-1128.967	-0.072938
4500	-1136.101	0	-1136.101	0.03140457
5000	-1139.731	0	-1139.731	0.1147833
5500	-1092.51	0	-1092.51	0.1224985
6000	-1169.09	0	-1169.09	-0.02813332
6500	-1088.315	0	-1088.315	0.03670653
7000	-1083.653	0	-1083.653	-0.1261809
7500	-1067.347	0	-1067.347	-0.2514743
8000	-1094.446	0	-1094.446	-0.2409086
8500	-1066.858	0	-1066.858	-0.3052731
9000	-1045.527	0	-1045.527	-0.3012443
9500	-961.6165	0	-961.6165	-0.6042971
10000	-1074.431	0	-1074.431	-0.5315515
10500	-1082.994	0	-1082.994	-0.4507782
11000	-1032.749	0	-1032.749	-0.3102901
11500	-958.273	0	-958.273	-0.4811712
12000	-973.0777	0	-973.0777	-0.482298
12500	-1015.582	0	-1015.582	-0.6215876
13000	-965.4343	0	-965.4343	-0.5715148
13500	-944.1389	0	-944.1389	-0.6013761
14000	-896.4239	0	-896.4239	-0.5550415
14500	-897.9202	0	-897.9202	-0.5524619
15000	-804.0202	0	-804.0202	-0.5474668
15500	-850.6665	0	-850.6665	-0.5303183
16000	-869.6155	0	-869.6155	-0.52894
16500	-810.654	0	-810.654	-0.5140377
17000	-852.7999	0	-852.7999	-0.5306579
17500	-890.9402	0	-890.9402	-0.5503764
18000	-990.1745	0	-990.1745	-0.461117
18500	-860.0064	0	-860.0064	-0.4054672
19000	-956.1029	0	-956.1029	-0.4005557
19500	-965.8109	0	-965.8109	-0.4776108
20000	-979.7356	0	-979.7356	-0.4147768
20500	-1046.56	0	-1046.56	-0.3821094
21000	-1038.777	0	-1038.777	-0.4817772
21500	-927.8782	0	-927.8782	-0.5957529
22000	-962.7937	0	-962.7937	-0.5763079
22500	-1022.452	0	-1022.452	-0.5108271
23000	-956.8842	0	-956.8842	-0.5731799
23500	-974.9478	0	-974.9478	-0.5863335
24000	-883.5311	0	-883.5311	-0.5827629
24500	-978.0493	0	-978.0493	-0.6432694
25000	-965.0673	0	-965.0673	-0.5717913
25500	-992.2978	0	-992.2978	-0.5177231
26000	-964.5376	0	-964.5376	-0.53283
26500	-995.6821	0	-995.6821	-0.3608426
27000	-1016.627	0	-1016.627	-0.3218397
27500	-1079.82	0	-1079.82	-0.2313952
28000	-1068.151	0	-1068.151	-0.2970759
28500	-1034.211	0	-1034.211	-0.1224329
29000	-1138.565	0	-1138.565	-0.1299374
29500	-1156.931	0	-1156.931	-0.1504482
30000	-1074.967	0	-1074.967	-0.3602094
30500	-1091.418	0	-1091.418	-0.3134467
31000	-1127.784	0	-1127.784	-0.2552601
31500	-1089.804	0	-1089.804	-0.2182557
32000	-1082.073	0	-1082.073	-0.1809716
32500	-1078.689	0	-1078.689	-0.2116925
33000	-988.6399	0	-988.6399	-0.2665885
33500	-1008.612	0	-1008.612	-0.4006712
34000	-1101.261	0	-1101.261	-0.3577284
34500	-1169.263	0	-1169.263	-0.3377924
35000	-1137.676	0	-1137.676	-0.2850854
35500	-1164.916	0	-1164.916	-0.1157496
36000	-1167.479	0	-1167.479	-0.1320309
36500	-1112.28	0	-1112.28	-0.3253004
37000	-1158.522	0	-1158.522	-0.2626275
37500	-1169.576	0	-1169.576	-0.4088139
38000	-1157.366	0	-1157.366	-0.3569412
38500	-1169.779	0	-1169.779	-0.4552767
39000	-1219.01	0	-1219.01	-0.5076741
39500	-1130.516	0	-1130.516	-0.4382612
40000	-1103.616	0	-1103.616	-0.4597809
40500	-1151.664	0	-1151.664	-0.3917168
41000	-1155.979	0	-1155.979	-0.09137697
41500	-1180.23	0	-1180.23	-0.1957175
42000	-1166.521	0	-1166.521	-0.4696978
42500	-1149.484	0	-1149.484	-0.4655084
43000	-1103.486	0	-1103.486	-0.4102739
43500	-1181.257	0	-1181.257	-0.5158444
44000	-1231.849	0	-1231.849	-0.4708023
44500	-1156.893	0	-1156.893	-0.5753656
45000	-1101.675	0	-1101.675	-0.6276182
45500	-1094.8	0	-1094.8	-0.6320628
46000	-1110.579	0	-1110.579	-0.501832
46500	-1056.717	0	-1056.717	-0.3249749
47000	-1040.56	0	-1040.56	-0.4724731
47500	-979.094	0	-979.094	-0.4460142
48000	-1042.86	0	-1042.86	-0.5000391
48500	-1110.949	0	-1110.949	-0.2790557
49000	-1034.828	0	-1034.828	-0.460538
49500	-987.6217	0	-987.6217	-0.4993438
50000	-1027.825	0	-1027.825	-0.5269553
50500	-1073.922	0	-1073.922	-0.5702512
51000	-1121.539	0	-1121.539	-0.4401836
51500	-1082.174	0	-1082.174	-0.2143292
52000	-1081.142	0	-1081.142	-0.3991124
52500	-1108.563	0	-1108.563	-0.4457131
53000	-1137.906	0	-1137.906	-0.3148726
53500	-1035.065	0	-1035.065	-0.3175288
54000	-971.8506	0	-971.8506	-0.2198068
54500	-950.461	0	-950.461	-0.3353057
55000	-1009.286	0	-1009.286	-0.2733859
55500	-905.3449	0	-905.3449	-0.380841
56000	-980.225	0	-980.225	-0.2352818
56500	-966.6051	0	-966.6051	-0.21011
57000	-853.9578	0	-853.9578	-0.199108
57500	-873.9882	0	-873.9882	-0.2007355
58000	-849.2551	0	-849.2551	-0.2028614
58500	-853.4794	0	-853.4794	-0.2210884
59000	-1014.25	0	-1014.25	-0.2165994
59500	-972.6147	0	-972.6147	-0.1776619
60000	-980.7158	0	-980.7158	-0.2437458
60500	-1072.881	0	-1072.881	-0.2362059
61000	-1055.162	0	-1055.162	-0.2953611
61500	-999.0041	0	-999.0041	-0.4548102
62000	-980.0503	0	-980.0503	-0.5386737
62500	-979.3376	0	-979.3376	-0.5909177
63000	-905.5441	0	-905.5441	-0.6640976
63500	-886.4264	0	-886.4264	-0.6673462
64000	-939.8137	0	-939.8137	-0.6072456
64500	-934.2144	0	-934.2144	-0.5659372
65000	-932.3087	0	-932.3087	-0.6289364
65500	-939.5739	0	-939.5739	-0.714269
66000	-957.8736	0	-957.8736	-0.6694054
66500	-1011.045	0	-1011.045	-0.4923092
67000	-1035.736	0	-1035.736	-0.5531222
67500	-988.0071	0	-988.0071	-0.4349637
68000	-950.422	0	-950.422	-0.4105265
68500	-1002.681	0	-1002.681	-0.3839278
69000	-972.3115	0	-972.3115	-0.3828321
69500	-1082.11	0	-1082.11	-0.2544846
70000	-1008.55	0	-1008.55	-0.2810675
70500	-1030.067	0	-1030.067	-0.3380782
71000	-1071.212	0	-1071.212	-0.5804953
71500	-955.7036	0	-955.7036	-0.4597474
72000	-1035.046	0	-1035.046	-0.4217285
72500	-1023.039	0	-1023.039	-0.2931277
73000	-1025.635	0	-1025.635	-0.2515251
73500	-1066.879	0	-1066.879	-0.1826173
74000	-1162.256	0	-1162.256	-0.02913959
74500	-1195.409	0	-1195.409	0.03577499
75000	-1129.753	0	-1129.753	-0.06479913
75500	-1113.926	0	-1113.926	-0.2148941
76000	-977.2596	0	-977.2596	-0.2379902
76500	-998.1572	0	-998.1572	-0.2656021
77000	-1080.032	0	-1080.032	-0.2233764
77500	-1046.377	0	-1046.377	-0.1359179
78000	-1053.464	0	-1053.464	-0.1529986
78500	-1038.64	0	-1038.64	-0.226731
79000	-1036.922	0	-1036.922	-0.2262984
79500	-1091.654	0	-1091.654	-0.2701183
80000	-1028.363	0	-1028.363	-0.5479174
80500	-1016.282	0	-1016.282	-0.4905721
81000	-1036.054	0	-1036.054	-0.4431081
81500	-1033.259	0	-1033.259	-0.2988326
82000	-1027.046	0	-1027.046	-0.3998592
82500	-1040.121	0	-1040.121	-0.2378539
83000	-1026.411	0	-1026.411	-0.03327759
83500	-1033.282	0	-1033.282	-0.03808748
84000	-1036.205	0	-1036.205	-0.112897
84500	-1038.83	0	-1038.83	-0.09481514
85000	-1067.697	0	-1067.697	-0.2964346
85500	-1024.92	0	-1024.92	-0.1553977
86000	-981.0621	0	-981.0621	-0.1218742
86500	-1017.007	0	-1017.007	-0.106339
87000	-982.4461	0	-982.4461	-0.08877812
87500	-1035.303	0	-1035.303	-0.155809
88000	-944.3265	0	-944.3265	-0.2565937
88500	-1034.841	0	-1034.841	-0.2399319
89000	-960.7877	0	-960.7877	-0.5488156
89500	-962.4941	0	-962.4941	-0.4420965
90000	-1033.293	0	-1033.293	-0.3706832
90500	-1111.12	0	-1111.12	-0.3371312
91000	-1121.876	0	-1121.876	-0.2186622
91500	-1140.782	0	-1140.782	-0.3172098
92000	-1128.877	0	-1128.877	-0.1122145
92500	-1109.776	0	-1109.776	-0.5617911
93000	-1081.157	0	-1081.157	-0.6626346
93500	-1031.997	0	-1031.997	-0.4644538
94000	-975.9452	0	-975.9452	-0.631843
94500	-987.7716	0	-987.7716	-0.7619483
95000	-1014.996	0	-1014.996	-0.6564564
95500	-1007.548	0	-1007.548	-0.690937
96000	-1029.437	0	-1029.437	-0.6205953
96500	-988.0021	0	-988.0021	-0.5721973
97000	-1016.969	0	-1016.969	-0.6528033
97500	-1083.252	0	-1083.252	-0.6613891
98000	-980.9976	0	-980.9976	-0.6682132
98500	-953.3276	0	-953.3276	-0.6684009
99000	-902.9388	0	-902.9388	-0.7020149
99500	-970.3065	0	-970.3065	-0.7045263
100000	-882.6017	0	-882.6017	-0.7807606
100500	-1041.429	0	-1041.429	-0.5809722
101000	-1030.851	0	-1030.851	-0.7312493
101500	-1081.508	0	-1081.508	-0.6378576
102000	-1066.778	0	-1066.778	-0.528945
102500	-1032.94	0	-1032.94	-0.7513134
103000	-1032.087	0	-1032.087	-0.7406884
103500	-1010.38	0	-1010.38	-0.8110287
104000	-971.573	0	-971.573	-0.8130678
104500	-1047.962	0	-1047.962	-0.7989052
105000	-968.8826	0	-968.8826	-0.779682
105500	-897.7719	0	-897.7719	-0.6447294
106000	-843.5792	0	-843.5792	-0.5996277
106500	-802.1094	0	-802.1094	-0.5916536
107000	-867.8437	0	-867.8437	-0.5738775
107500	-849.3127	0	-849.3127	-0.5698361
108000	-981.2126	0	-981.2126	-0.5528422
108500	-910.9156	0	-910.9156	-0.496116
109000	-828.5822	0	-828.5822	-0.4896143
109500	-814.5075	0	-814.5075	-0.4873502
110000	-679.865	0	-679.865	-0.4849131
110500	-708.9291	0	-708.9291	-0.4849829
111000	-752.5611	0	-752.5611	-0.4899461
111500	-737.1972	0	-737.1972	-0.4864346
112000	-765.5859	0	-765.5859	-0.4892065
112500	-846.3602	0	-846.3602	-0.5056446
113000	-799.4436	0	-799.4436	-0.4877362
113500	-728.9797	0	-728.9797	-0.483176
114000	-708.9337	0	-708.9337	-0.4842546
114500	-686.1867	0	-686.1867	-0.4832685
115000	-689.1493	0	-689.1493	-0.4856186
115500	-673.8807	0	-673.8807	-0.4843803
116000	-750.9469	0	-750.9469	-0.4833925
116500	-674.4085	0	-674.4085	-0.4801174
117000	-629.0137	0	-629.0137	-0.4796266
117500	-635.4064	0	-635.4064	-0.4779834
118000	-675.9889	0	-675.9889	-0.4805293
118500	-665.7394	0	-665.7394	-0.4802325
119000	-645.954	0	-645.954	-0.4829591
119500	-720.3631	0	-720.3631	-0.4843259
120000	-701.7012	0	-701.7012	-0.4845681
120500	-735.8328	0	-735.8328	-0.4833558
121000	-688.5852	0	-688.5852	-0.4833558
121500	-728.2496	0	-728.2496	-0.4852944
122000	-664.4156	0	-664.4156	-0.4861533
122500	-669.4229	0	-669.4229	-0.4861752
123000	-760.2117	0	-760.2117	-0.4874202
123500	-648.6307	0	-648.6307	-0.4869326
124000	-670.8708	0	-670.8708	-0.487665
124500	-652.645	0	-652.645	-0.487665
125000	-732.7891	0	-732.7891	-0.4864096
125500	-728.9129	0	-728.9129	-0.4865907
126000	-746.503	0	-746.503	-0.4839464
126500	-730.1362	0	-730.1362	-0.4849805
127000	-745.3282	0	-745.3282	-0.4827191
127500	-750.9718	0	-750.9718	-0.4803991
128000	-781.2483	0	-781.2483	-0.474442
128500	-730.1357	0	-730.1357	-0.472137
129000	-729.535	0	-729.535	-0.4731951
129500	-657.981	0	-657.981	-0.4716699
130000	-682.2781	0	-682.2781	-0.4723003
130500	-718.8947	0	-718.8947	-0.472965
131000	-728.2394	0	-728.2394	-0.4696076
131500	-820.989	0	-820.989	-0.4787011
132000	-823.0708	0	-823.0708	-0.4785565
132500	-834.4051	0	-834.4051	-0.4724903
133000	-837.7415	0	-837.7415	-0.4685502
133500	-824.0135	0	-824.0135	-0.4697066
134000	-810.5637	0	-810.5637	-0.464157
134500	-773.5519	0	-773.5519	-0.4730616
135000	-817.6508	0	-817.6508	-0.4676276
135500	-820.6932	0	-820.6932	-0.4269173
136000	-804.6032	0	-804.6032	-0.419141
136500	-801.8917	0	-801.8917	-0.4177337
137000	-835.8363	0	-835.8363	-0.4217775
137500	-810.5758	0	-810.5758	-0.4204246
138000	-806.0743	0	-806.0743	-0.4211011
138500	-866.5889	0	-866.5889	-0.4263157
139000	-941.9895	0	-941.9895	-0.4313145
139500	-979.5258	0	-979.5258	-0.4914202
140000	-980.0094	0	-980.0094	-0.4330247
140500	-941.6195	0	-941.6195	-0.3845908
141000	-892.9255	0	-892.9255	-0.3586444
141500	-865.9176	0	-865.9176	-0.3756309
142000	-873.8862	0	-873.8862	-0.3706404
142500	-811.4513	0	-811.4513	-0.3637056
143000	-829.345	0	-829.345	-0.3448865
143500	-901.9337	0	-901.9337	-0.3751252
144000	-869.2129	0	-869.2129	-0.3891983
144500	-925.5514	0	-925.5514	-0.3518272
145000	-953.7781	0	-953.7781	-0.3467405
145500	-945.0164	0	-945.0164	-0.3721038
146000	-798.9209	0	-798.9209	-0.3658546
146500	-831.0621	0	-831.0621	-0.3732662
147000	-850.2527	0	-850.2527	-0.3739023
147500	-933.7647	0	-933.7647	-0.3740515
148000	-810.6792	0	-810.6792	-0.3507224
148500	-872.9711	0	-872.9711	-0.3530012
149000	-979.0949	0	-979.0949	-0.3171375
149500	-946.5598	0	-946.5598	-0.400064
150000	-867.5041	0	-867.5041	-0.3545472
150500	-818.9442	0	-818.9442	-0.3425807
151000	-827.5782	0	-827.5782	-0.3813417
151500	-996.4355	0	-996.4355	-0.3725676
152000	-909.6978	0	-909.6978	-0.4013157
152500	-930.7465	0	-930.7465	-0.3923921
153000	-846.6735	0	-846.6735	-0.3943237
153500	-695.9397	0	-695.9397	-0.3934119
154000	-757.4948	0	-757.4948	-0.3952008
154500	-735.6123	0	-735.6123	-0.3946305
155000	-795.9062	0	-795.9062	-0.3997184
155500	-820.9845	0	-820.9845	-0.3963619
156000	-830.4195	0	-830.4195	-0.3948306
156500	-815.1825	0	-815.1825	-0.391379
157000	-897.6362	0	-897.6362	-0.3794407
157500	-929.4802	0	-929.4802	-0.3980363
158000	-932.5546	0	-932.5546	-0.4143419
158500	-804.1967	0	-804.1967	-0.4320214
159000	-781.7064	0	-781.7064	-0.4313115
159500	-903.7377	0	-903.7377	-0.4210728
160000	-922.8825	0	-922.8825	-0.4360825
160500	-907.5748	0	-907.5748	-0.4189455
161000	-978.0229	0	-978.0229	-0.3788007
161500	-907.6211	0	-907.6211	-0.3703771
162000	-965.8654	0	-965.8654	-0.4440242
162500	-922.3974	0	-922.3974	-0.4380173
163000	-956.5459	0	-956.5459	-0.3935482
163500	-981.2783	0	-981.2783	-0.4158433
164000	-1040.657	0	-1040.657	-0.4552171
164500	-1007.612	0	-1007.612	-0.3862187
165000	-1026.235	0	-1026.235	-0.3272709
165500	-1042.668	0	-1042.668	-0.1472376
166000	-1034.407	0	-1034.407	-0.3744579
166500	-1070.384	0	-1070.384	-0.3657776
167000	-1073.638	0	-1073.638	-0.291259
167500	-1064.796	0	-1064.796	-0.4719436
168000	-1018.45	0	-1018.45	-0.5965453
168500	-980.9715	0	-980.9715	-0.4820953
169000	-1061.762	0	-1061.762	-0.7286947
169500	-980.205	0	-980.205	-0.6677564
170000	-1018.927	0	-1018.927	-0.4525533
170500	-1032.101	0	-1032.101	-0.5669281
171000	-1026.245	0	-1026.245	-0.5856283
171500	-964.2349	0	-964.2349	-0.5909449
172000	-1016.749	0	-1016.749	-0.5341649
172500	-942.5551	0	-942.5551	-0.5323102
173000	-1018.551	0	-1018.551	-0.5723322
173500	-871.5567	0	-871.5567	-0.6005522
174000	-827.3392	0	-827.3392	-0.5743146
174500	-976.3368	0	-976.3368	-0.5849722
175000	-1050.675	0	-1050.675	-0.5728022
175500	-986.124	0	-986.124	-0.5391689
176000	-1070.009	0	-1070.009	-0.4620597
176500	-958.3486	0	-958.3486	-0.4336587
177000	-1025.72	0	-1025.72	-0.3885669
177500	-1021.25	0	-1021.25	-0.2069885
178000	-1030.689	0	-1030.689	-0.4113065
178500	-1046.658	0	-1046.658	-0.4159893
179000	-1055.626	0	-1055.626	-0.3431418
179500	-1030.8	0	-1030.8	-0.3001774
180000	-1056.282	0	-1056.282	-0.3497045
180500	-998.0064	0	-998.0064	-0.3029728
181000	-977.4552	0	-977.4552	-0.3331339
181500	-1093.968	0	-1093.968	-0.2163148
182000	-1081.485	0	-1081.485	-0.3592416
182500	-1024.25	0	-1024.25	-0.5841582
183000	-1045.244	0	-1045.244	-0.5855824
183500	-1043.952	0	-1043.952	-0.49944
184000	-1057.176	0	-1057.176	-0.3900389
184500	-1072.973	0	-1072.973	-0.5004636
185000	-1049.246	0	-1049.246	-0.5509854
185500	-925.0633	0	-925.0633	-0.8326862
186000	-938.1366	0	-938.1366	-0.7962846
186500	-981.4562	0	-981.4562	-0.6623189
187000	-1004.141	0	-1004.141	-0.7262697
187500	-1040.194	0	-1040.194	-0.6091539
188000	-1021.212	0	-1021.212	-0.6141017
188500	-968.515	0	-968.515	-0.550899
189000	-978.1742	0	-978.1742	-0.5400677
189500	-1015.855	0	-1015.855	-0.4885238
190000	-1011.883	0	-1011.883	-0.449541
190500	-975.9868	0	-975.9868	-0.4401304
191000	-1018.258	0	-1018.258	-0.3686363
191500	-1026.861	0	-1026.861	-0.4069962
192000	-977.3671	0	-977.3671	-0.5211182
192500	-924.0102	0	-924.0102	-0.6378016
193000	-1008.485	0	-1008.485	-0.6230558
193500	-1059.409	0	-1059.409	-0.6142533
194000	-1033.685	0	-1033.685	-0.6057736
194500	-1064.49	0	-1064.49	-0.5786756
195000	-937.3533	0	-937.3533	-0.6347759
195500	-983.6593	0	-983.6593	-0.6276671
196000	-1000.23	0	-1000.23	-0.7243088
196500	-949.0386	0	-949.0386	-0.6591838
197000	-963.0091	0	-963.0091	-0.6452003
197500	-940.6514	0	-940.6514	-0.670236
198000	-923.2312	0	-923.2312	-0.6679263
198500	-966.2531	0	-966.2531	-0.7297391
199000	-968.1359	0	-968.1359	-0.6845881
199500	-933.15	0	-933.15	-0.7322378
200000	-907.0311	0	-907.0311	-0.770016
200500	-986.9983	0	-986.9983	-0.7683334
201000	-975.8593	0	-975.8593	-0.6099081
201500	-957.1435	0	-957.1435	-0.6581627
202000	-951.0463	0	-951.0463	-0.4932644
202500	-974.9939	0	-974.9939	-0.5028075
203000	-1064.882	0	-1064.882	-0.5468937
203500	-1063.809	0	-1063.809	-0.5690089
204000	-1037.433	0	-1037.433	-0.4965644
204500	-952.9561	0	-952.9561	-0.4801475
205000	-1072.601	0	-1072.601	-0.3858582
205500	-1070.205	0	-1070.205	-0.2689816
206000	-1066.804	0	-1066.804	-0.3640324
206500	-1049.632	0	-1049.632	-0.4451267
207000	-1022.397	0	-1022.397	-0.5537125
207500	-935.5883	0	-935.5883	-0.5830886
208000	-883.2033	0	-883.2033	-0.5644722
208500	-906.1216	0	-906.1216	-0.5075306
209000	-920.3582	0	-920.3582	-0.5778121
209500	-975.3057	0	-975.3057	-0.518996
210000	-959.8723	0	-959.8723	-0.5912543
210500	-997.6284	0	-997.6284	-0.5193585
211000	-972.734	0	-972.734	-0.520103
211500	-899.581	0	-899.581	-0.5040986
212000	-956.2941	0	-956.2941	-0.5391568
212500	-932.7725	0	-932.7725	-0.4838758
213000	-859.0642	0	-859.0642	-0.4950225
213500	-852.4429	0	-852.4429	-0.4994502
214000	-894.7626	0	-894.7626	-0.5400225
214500	-1006.205	0	-1006.205	-0.5051057
215000	-1000.209	0	-1000.209	-0.5395364
215500	-1009.675	0	-1009.675	-0.406254
216000	-1086.931	0	-1086.931	-0.4932481
216500	-1052.499	0	-1052.499	-0.3901953
217000	-1071.465	0	-1071.465	-0.3665416
217500	-1085.497	0	-1085.497	-0.5326835
218000	-1018.916	0	-1018.916	-0.7229735
218500	-1056.789	0	-1056.789	-0.4664144
219000	-1092.675	0	-1092.675	-0.4707617
219500	-1082.714	0	-1082.714	-0.5144361
220000	-974.5822	0	-974.5822	-0.6938539
220500	-934.1781	0	-934.1781	-0.7709281
221000	-928.6708	0	-928.6708	-0.6582425
221500	-899.0843	0	-899.0843	-0.6178234
222000	-1013.504	0	-1013.504	-0.5738846
222500	-1032.803	0	-1032.803	-0.5445176
223000	-1024.859	0	-1024.859	-0.6831374
223500	-1106.509	0	-1106.509	-0.6601774
224000	-1078.525	0	-1078.525	-0.6346899
224500	-1106.996	0	-1106.996	-0.7028364
225000	-1161.07	0	-1161.07	-0.6594872
225500	-1144.8	0	-1144.8	-0.512361
226000	-1154.309	0	-1154.309	-0.2973883
226500	-1045.938	0	-1045.938	-0.583257
227000	-1054.591	0	-1054.591	-0.5720058
227500	-996.5357	0	-996.5357	-0.4720357
228000	-1075.399	0	-1075.399	-0.4171201
228500	-1009.201	0	-1009.201	-0.1577568
229000	-976.8805	0	-976.8805	-0.2724934
229500	-879.6785	0	-879.6785	-0.3005798
230000	-902.2176	0	-902.2176	-0.2865888
230500	-958.8316	0	-958.8316	-0.3715785
231000	-944.9766	0	-944.9766	-0.3351693
231500	-965.8213	0	-965.8213	-0.4368259
232000	-1008.381	0	-1008.381	-0.4599527
232500	-979.1434	0	-979.1434	-0.484538
233000	-1026.023	0	-1026.023	-0.4301401
233500	-1019.717	0	-1019.717	-0.4911223
234000	-995.5344	0	-995.5344	-0.5562005
234500	-940.2127	0	-940.2127	-0.5036831
235000	-917.6817	0	-917.6817	-0.4736356
235500	-906.4461	0	-906.4461	-0.394705
236000	-905.7168	0	-905.7168	-0.393831
236500	-1021.25	0	-1021.25	-0.3841442
237000	-1058.757	0	-1058.757	-0.5091228
237500	-1022.685	0	-1022.685	-0.6177971
238000	-1000.413	0	-1000.413	-0.5029537
238500	-1017.231	0	-1017.231	-0.4096958
239000	-1089.918	0	-1089.918	-0.4846527
239500	-1095.81	0	-1095.81	-0.4683883
240000	-1070.988	0	-1070.988	-0.6067532
240500	-1042.261	0	-1042.261	-0.4434325
241000	-947.8149	0	-947.8149	-0.3236261
241500	-984.6321	0	-984.6321	-0.3345168
242000	-981.6783	0	-981.6783	-0.4368476
242500	-988.0676	0	-988.0676	-0.4544642
243000	-950.9859	0	-950.9859	-0.576526
243500	-959.6053	0	-959.6053	-0.7172573
244000	-1027.572	0	-1027.572	-0.6810824
244500	-1049.267	0	-1049.267	-0.6942737
245000	-956.3494	0	-956.3494	-0.7261308
245500	-919.5098	0	-919.5098	-0.7180874
246000	-949.2705	0	-949.2705	-0.6669797
246500	-1059.083	0	-1059.083	-0.6108423
247000	-1047.457	0	-1047.457	-0.373821
247500	-1075.491	0	-1075.491	-0.4413924
248000	-1036.933	0	-1036.933	-0.4331199
248500	-1093.097	0	-1093.097	-0.4340646
249000	-945.1896	0	-945.1896	-0.4661229
249500	-985.3798	0	-985.3798	-0.4855208
250000	-883.7025	0	-883.7025	-0.5165229
250500	-923.9946	0	-923.9946	-0.5549581
251000	-1022.152	0	-1022.152	-0.4285187
251500	-1025.801	0	-1025.801	-0.332624
252000	-939.8155	0	-939.8155	-0.549881
252500	-1095.502	0	-1095.502	-0.4719493
253000	-1034.187	0	-1034.187	-0.5745731
253500	-1000.65	0	-1000.65	-0.5877656
254000	-1002.549	0	-1002.549	-0.5537985
254500	-1020.016	0	-1020.016	-0.3154925
255000	-1003.731	0	-1003.731	-0.5744979
255500	-1053.022	0	-1053.022	-0.4946315
256000	-1082.969	0	-1082.969	-0.5445905
256500	-1041.009	0	-1041.009	-0.5841783
257000	-1100.304	0	-1100.304	-0.5267369
257500	-1143.148	0	-1143.148	-0.3455834
258000	-1115.19	0	-1115.19	-0.4488229
258500	-1113.138	0	-1113.138	-0.5858202
259000	-1108.179	0	-1108.179	-0.5514446
259500	-1060.239	0	-1060.239	-0.6989426
260000	-1050.575	0	-1050.575	-0.6885398
260500	-1012.924	0	-1012.924	-0.6862982
261000	-1000.092	0	-1000.092	-0.6979933
261500	-1025.369	0	-1025.369	-0.6886514
262000	-974.509	0	-974.509	-0.547939
262500	-951.1775	0	-951.1775	-0.6271987
263000	-969.6519	0	-969.6519	-0.5799105
263500	-1033.534	0	-1033.534	-0.4133002
264000	-1024.681	0	-1024.681	-0.2857168
264500	-1038.846	0	-1038.846	-0.2436204
265000	-1063.036	0	-1063.036	-0.4719055
265500	-1058.137	0	-1058.137	-0.3214911
266000	-1057.718	0	-1057.718	-0.4499255
266500	-1041.832	0	-1041.832	-0.2470664
267000	-1067.547	0	-1067.547	-0.2515362
267500	-1109.763	0	-1109.763	-0.3364122
268000	-1090.754	0	-1090.754	-0.3016717
268500	-1084.578	0	-1084.578	-0.5348423
269000	-1080.259	0	-1080.259	-0.6137734
269500	-1140.322	0	-1140.322	-0.2989776
270000	-1159.641	0	-1159.641	-0.3699802
270500	-1164.55	0	-1164.55	-0.3331916
271000	-1144.995	0	-1144.995	-0.5954542
271500	-1150.212	0	-1150.212	-0.5033642
272000	-1087.8	0	-1087.8	-0.4924047
272500	-1141.118	0	-1141.118	-0.3170407
273000	-1090.05	0	-1090.05	-0.2194051
273500	-1158.923	0	-1158.923	-0.3145993
274000	-1096.851	0	-1096.851	-0.447112
274500	-1093.206	0	-1093.206	-0.3608639
275000	-1116.971	0	-1116.971	-0.5140241
275500	-1069.652	0	-1069.652	-0.4412733
276000	-1008.881	0	-1008.881	-0.672867
276500	-1008.464	0	-1008.464	-0.5653371
277000	-1145.423	0	-1145.423	-0.5478516
277500	-1043.885	0	-1043.885	-0.7220261
278000	-960.3906	0	-960.3906	-0.6588514
278500	-1094.221	0	-1094.221	-0.5990277
279000	-1018.339	0	-1018.339	-0.6875796
279500	-1062.221	0	-1062.221	-0.5239275
280000	-1071.751	0	-1071.751	-0.5665056
280500	-988.8401	0	-988.8401	-0.5906146
281000	-1062.068	0	-1062.068	-0.5313532
281500	-1139.786	0	-1139.786	-0.5068196
282000	-1111.332	0	-1111.332	-0.4791663
282500	-1069.026	0	-1069.026	-0.331357
283000	-1092.502	0	-1092.502	-0.3922697
283500	-1043.45	0	-1043.45	-0.3111356
284000	-1069.584	0	-1069.584	-0.2894553
284500	-988.1188	0	-988.1188	-0.2809674
285000	-1035.66	0	-1035.66	-0.4864428
285500	-985.8386	0	-985.8386	-0.4975369
286000	-1072.01	0	-1072.01	-0.3831426
286500	-1139.281	0	-1139.281	-0.2065182
287000	-1166.258	0	-1166.258	-0.2653295
287500	-1102.707	0	-1102.707	-0.4560316
288000	-1104.719	0	-1104.719	-0.6946265
288500	-1116.741	0	-1116.741	-0.7030928
289000	-1144.044	0	-1144.044	-0.4674509
289500	-1077.619	0	-1077.619	-0.6419118
290000	-1092.932	0	-1092.932	-0.4358863
290500	-1116.964	0	-1116.964	-0.3994106
291000	-1089.126	0	-1089.126	-0.5454041
291500	-1070.183	0	-1070.183	-0.5687968
292000	-1089.238	0	-1089.238	-0.5796839
292500	-1043.967	0	-1043.967	-0.7047458
293000	-1077.749	0	-1077.749	-0.5027294
293500	-1103.537	0	-1103.537	-0.6503691
294000	-1057.367	0	-1057.367	-0.7075019
294500	-999.514	0	-999.514	-0.7582867
295000	-1014.574	0	-1014.574	-0.7385992
295500	-1066.888	0	-1066.888	-0.5216368
296000	-1047.227	0	-1047.227	-0.5283484
296500	-1046.303	0	-1046.303	-0.4031928
297000	-1061.85	0	-1061.85	-0.5485705
297500	-1115.749	0	-1115.749	-0.5274715
298000	-1070.391	0	-1070.391	-0.5057754
298500	-1019.634	0	-1019.634	-0.8021273
299000	-1093.836	0	-1093.836	-0.7646061
299500	-1100.161	0	-1100.161	-0.7699234
300000	-1078.062	0	-1078.062	-0.7183067
300500	-1099.023	0	-1099.023	-0.7469024
301000	-1162.651	0	-1162.651	-0.4887021
301500	-1094.709	0	-1094.709	-0.3844941
302000	-1015.128	0	-1015.128	-0.5188468
302500	-1037.553	0	-1037.553	-0.5954344
303000	-1064.085	0	-1064.085	-0.4424078
303500	-994.075	0	-994.075	-0.5117313
304000	-1063.481	0	-1063.481	-0.5158335
304500	-998.0069	0	-998.0069	-0.6305091
305000	-1052.832	0	-1052.832	-0.5652976
305500	-1117.359	0	-1117.359	-0.5990407
306000	-1131.58	0	-1131.58	-0.4069371
306500	-1178.368	0	-1178.368	-0.1789892
307000	-1118.316	0	-1118.316	-0.2023083
307500	-1136.197	0	-1136.197	-0.3507517
308000	-1089.586	0	-1089.586	-0.2769409
308500	-1143.551	0	-1143.551	-0.335883
309000	-1137.208	0	-1137.208	-0.2905205
309500	-1171.305	0	-1171.305	-0.2642445
310000	-1216.397	0	-1216.397	-0.371275
310500	-1211.054	0	-1211.054	-0.5152825
311000	-1186.479	0	-1186.479	-0.514629
311500	-1188.086	0	-1188.086	-0.2977587
312000	-1262.521	0	-1262.521	-0.3908286
312500	-1197.938	0	-1197.938	-0.5907096
313000	-1159.264	0	-1159.264	-0.5267456
313500	-1169.88	0	-1169.88	-0.3964962
314000	-1131.402	0	-1131.402	-0.4634125
314500	-1132.882	0	-1132.882	-0.2863218
315000	-1140.153	0	-1140.153	-0.2201852
315500	-1105.786	0	-1105.786	-0.3768813
316000	-1040.592	0	-1040.592	-0.4670379
316500	-1016.105	0	-1016.105	-0.6311831
317000	-989.6512	0	-989.6512	-0.8028571
317500	-1028.754	0	-1028.754	-0.6105411
318000	-1056.312	0	-1056.312	-0.4978127
318500	-1035.098	0	-1035.098	-0.6373729
319000	-1004.045	0	-1004.045	-0.5408327
319500	-1070.046	0	-1070.046	-0.4110341
320000	-1154.204	0	-1154.204	-0.6235232
320500	-1097.638	0	-1097.638	-0.4229124
321000	-1095.467	0	-1095.467	-0.6354166
321500	-1066.937	0	-1066.937	-0.728387
322000	-1104.412	0	-1104.412	-0.7089963
322500	-1083.72	0	-1083.72	-0.7472034
323000	-1143.266	0	-1143.266	-0.6485241
323500	-1207.221	0	-1207.221	-0.3682907
324000	-1159.647	0	-1159.647	-0.4766422
324500	-1098.596	0	-1098.596	-0.6207515
325000	-984.7122	0	-984.7122	-0.7438557
325500	-1005.766	0	-1005.766	-0.7740731
326000	-1052.58	0	-1052.58	-0.7574803
326500	-1086.491	0	-1086.491	-0.5299915
327000	-1105.343	0	-1105.343	-0.6104728
327500	-1098.288	0	-1098.288	-0.6795803
328000	-1060.869	0	-1060.869	-0.6720295
328500	-1091.868	0	-1091.868	-0.7556481
329000	-1102.129	0	-1102.129	-0.6474645
329500	-1090.223	0	-1090.223	-0.6013896
330000	-914.3952	0	-914.3952	-0.7168329
330500	-987.511	0	-987.511	-0.7653259
331000	-954.7432	0	-954.7432	-0.661397
331500	-981.2639	0	-981.2639	-0.7382749
332000	-942.8315	0	-942.8315	-0.6930521
332500	-1029.946	0	-1029.946	-0.6048386
333000	-986.3549	0	-986.3549	-0.6521982
333500	-1038.688	0	-1038.688	-0.5229638
334000	-1101.271	0	-1101.271	-0.5325168
334500	-1070.274	0	-1070.274	-0.5206194
335000	-1018.515	0	-1018.515	-0.6680099
335500	-930.8133	0	-930.8133	-0.6097551
336000	-1039.762	0	-1039.762	-0.5418108
336500	-975.043	0	-975.043	-0.4897492
337000	-951.9082	0	-951.9082	-0.4648647
337500	-1013.313	0	-1013.313	-0.4342685
338000	-1058.337	0	-1058.337	-0.4258004
338500	-1007.29	0	-1007.29	-0.4324373
339000	-984.7393	0	-984.7393	-0.6572115
339500	-982.9089	0	-982.9089	-0.6946666
340000	-960.5585	0	-960.5585	-0.7113411
340500	-930.1385	0	-930.1385	-0.5890282
341000	-927.0414	0	-927.0414	-0.542391
341500	-881.2109	0	-881.2109	-0.5925632
342000	-1007.574	0	-1007.574	-0.582367
342500	-1012.289	0	-1012.289	-0.7298981
343000	-922.9012	0	-922.9012	-0.7403102
343500	-921.6098	0	-921.6098	-0.7585168
344000	-1014.019	0	-1014.019	-0.6726833
344500	-1010.537	0	-1010.537	-0.7654549
345000	-992.7225	0	-992.7225	-0.6421463
345500	-1041.159	0	-1041.159	-0.6093796
346000	-1044.685	0	-1044.685	-0.5598771
346500	-1027.876	0	-1027.876	-0.4488616
347000	-1046.708	0	-1046.708	-0.4985561
347500	-1041.633	0	-1041.633	-0.5342836
348000	-1028.071	0	-1028.071	-0.5146058
348500	-1014.378	0	-1014.378	-0.5929673
349000	-938.3411	0	-938.3411	-0.5721135
349500	-1074.749	0	-1074.749	-0.4784672
350000	-1140.744	0	-1140.744	-0.3089029
350500	-1102.52	0	-1102.52	-0.5746178
351000	-1035.198	0	-1035.198	-0.564156
351500	-989.3226	0	-989.3226	-0.5841055
352000	-1054.871	0	-1054.871	-0.5693363
352500	-981.3099	0	-981.3099	-0.6437921
353000	-1034.57	0	-1034.57	-0.7981075
353500	-1031.459	0	-1031.459	-0.7762515
354000	-1061.935	0	-1061.935	-0.7916956
354500	-1007.923	0	-1007.923	-0.8208524
355000	-1116.182	0	-1116.182	-0.775355
355500	-1106.224	0	-1106.224	-0.7559752
356000	-1084.088	0	-1084.088	-0.7561456
356500	-1083.661	0	-1083.661	-0.7399183
357000	-1128.649	0	-1128.649	-0.753076
357500	-1109.755	0	-1109.755	-0.7409044
358000	-1119.761	0	-1119.761	-0.7023116
358500	-1144.543	0	-1144.543	-0.7172046
359000	-1115.967	0	-1115.967	-0.6464415
359500	-1093.575	0	-1093.575	-0.6560418
360000	-1065.698	0	-1065.698	-0.787701
360500	-1081.044	0	-1081.044	-0.8377212
361000	-920.5954	0	-920.5954	-0.8052969
361500	-1129.041	0	-1129.041	-0.6723791
362000	-1002.622	0	-1002.622	-0.8051243
362500	-999.809	0	-999.809	-0.8831766
363000	-982.954	0	-982.954	-0.8525276
363500	-1018.359	0	-1018.359	-0.8214065
364000	-1020.948	0	-1020.948	-0.8653123
364500	-1046.624	0	-1046.624	-0.821209
365000	-1061.91	0	-1061.91	-0.7989831
365500	-1059.097	0	-1059.097	-0.7948754
366000	-1088.989	0	-1088.989	-0.6873991
366500	-958.2699	0	-958.2699	-0.7129428
367000	-986.2341	0	-986.2341	-0.6545469
367500	-882.0161	0	-882.0161	-0.552809
368000	-929.4013	0	-929.4013	-0.6038401
368500	-956.413	0	-956.413	-0.5674623
369000	-969.3463	0	-969.3463	-0.6645992
369500	-957.0097	0	-957.0097	-0.5660806
370000	-1040.609	0	-1040.609	-0.6371342
370500	-952.1451	0	-952.1451	-0.6908178
371000	-937.7745	0	-937.7745	-0.7226727
371500	-938.694	0	-938.694	-0.6591065
372000	-934.0788	0	-934.0788	-0.7375682
372500	-910.2677	0	-910.2677	-0.6999137
373000	-971.9036	0	-971.9036	-0.6523528
373500	-945.4068	0	-945.4068	-0.6510108
374000	-1050.786	0	-1050.786	-0.7347084
374500	-1086.857	0	-1086.857	-0.5989464
375000	-1058.962	0	-1058.962	-0.6949052
375500	-967.3913	0	-967.3913	-0.7487196
376000	-961.3926	0	-961.3926	-0.7889319
376500	-1014.887	0	-1014.887	-0.761355
377000	-993.3857	0	-993.3857	-0.7253962
377500	-930.9035	0	-930.9035	-0.8037765
378000	-890.7179	0	-890.7179	-0.8103804
378500	-951.5163	0	-951.5163	-0.8460327
379000	-1058.391	0	-1058.391	-0.6973385
379500	-1022.167	0	-1022.167	-0.5674081
380000	-1053.012	0	-1053.012	-0.6340843
380500	-1045.163	0	-1045.163	-0.5663439
381000	-963.4983	0	-963.4983	-0.481436
381500	-986.1938	0	-986.1938	-0.5122642
382000	-931.9091	0	-931.9091	-0.5121088
382500	-991.0778	0	-991.0778	-0.5293112
383000	-939.726	0	-939.726	-0.4988199
383500	-1001.053	0	-1001.053	-0.6216747
384000	-1100.967	0	-1100.967	-0.4952787
384500	-1090.663	0	-1090.663	-0.537839
385000	-1098.237	0	-1098.237	-0.6216078
385500	-1041.726	0	-1041.726	-0.5442026
386000	-1072.825	0	-1072.825	-0.4460639
386500	-1009.964	0	-1009.964	-0.5558869
387000	-1013.028	0	-1013.028	-0.4841486
387500	-1063.363	0	-1063.363	-0.3778935
388000	-1026.303	0	-1026.303	-0.2669497
388500	-1103.444	0	-1103.444	-0.4478416
389000	-1074.937	0	-1074.937	-0.6110302
389500	-1003.417	0	-1003.417	-0.7038931
390000	-993.8188	0	-993.8188	-0.7028041
390500	-997.0253	0	-997.0253	-0.7607272
391000	-895.5078	0	-895.5078	-0.6883888
391500	-888.3859	0	-888.3859	-0.6687057
392000	-950.0676	0	-950.0676	-0.5564801
392500	-918.0171	0	-918.0171	-0.5336225
393000	-973.1188	0	-973.1188	-0.6513422
393500	-987.4746	0	-987.4746	-0.6656858
394000	-1015.107	0	-1015.107	-0.7676511
394500	-1013.254	0	-1013.254	-0.7161138
395000	-1040.987	0	-1040.987	-0.7247162
395500	-1060.54	0	-1060.54	-0.7145935
396000	-1112.075	0	-1112.075	-0.7429472
396500	-1057.856	0	-1057.856	-0.676666
397000	-1046.65	0	-1046.65	-0.7874509
397500	-1121.439	0	-1121.439	-0.7162886
398000	-1064.778	0	-1064.778	-0.7875543
398500	-1078.43	0	-1078.43	-0.7037233
399000	-1090.479	0	-1090.479	-0.6731386
399500	-1079.892	0	-1079.892	-0.4289342
400000	-1006.3	0	-1006.3	-0.5556083
400500	-936.7477	0	-936.7477	-0.6569498
401000	-931.1056	0	-931.1056	-0.5631046
401500	-937.9772	0	-937.9772	-0.3971228
402000	-950.286	0	-950.286	-0.4884186
402500	-965.1265	0	-965.1265	-0.3800645
403000	-1016.874	0	-1016.874	-0.5053365
403500	-1053.979	0	-1053.979	-0.4922948
404000	-1055.164	0	-1055.164	-0.5230445
404500	-1128.551	0	-1128.551	-0.349751
405000	-1102.206	0	-1102.206	-0.3966989
405500	-1127.146	0	-1127.146	-0.2981929
406000	-1040.534	0	-1040.534	-0.439516
406500	-1053.382	0	-1053.382	-0.4183882
407000	-1061.424	0	-1061.424	-0.3739776
407500	-1068.883	0	-1068.883	-0.1713404
408000	-1084.541	0	-1084.541	-0.1368242
408500	-1013.265	0	-1013.265	-0.3978452
409000	-964.2279	0	-964.2279	-0.4994573
409500	-956.3693	0	-956.3693	-0.528902
410000	-925.2578	0	-925.2578	-0.5603438
410500	-871.3	0	-871.3	-0.5579884
411000	-785.133	0	-785.133	-0.5589853
411500	-781.7969	0	-781.7969	-0.5624384
412000	-825.1928	0	-825.1928	-0.5580236
412500	-856.0731	0	-856.0731	-0.5537417
413000	-845.2827	0	-845.2827	-0.5502362
413500	-856.5571	0	-856.5571	-0.545997
414000	-835.2842	0	-835.2842	-0.5408036
414500	-835.836	0	-835.836	-0.5244436
415000	-890.8048	0	-890.8048	-0.4782655
415500	-908.6283	0	-908.6283	-0.4940117
416000	-892.8982	0	-892.8982	-0.4847314
416500	-803.6473	0	-803.6473	-0.4841851
417000	-818.7529	0	-818.7529	-0.4822222
417500	-828.2612	0	-828.2612	-0.4915767
418000	-784.6326	0	-784.6326	-0.4923938
418500	-776.0325	0	-776.0325	-0.4832748
419000	-887.1725	0	-887.1725	-0.5226718
419500	-856.8992	0	-856.8992	-0.5018264
420000	-893.7662	0	-893.7662	-0.4784428
420500	-894.1232	0	-894.1232	-0.4933653
421000	-940.6898	0	-940.6898	-0.5070729
421500	-824.7027	0	-824.7027	-0.5007726
422000	-922.3472	0	-922.3472	-0.5655932
422500	-955.8851	0	-955.8851	-0.533883
423000	-834.1556	0	-834.1556	-0.5360514
423500	-897.4505	0	-897.4505	-0.4866513
424000	-917.4793	0	-917.4793	-0.5211085
424500	-846.987	0	-846.987	-0.503907
425000	-793.1715	0	-793.1715	-0.5295533
425500	-886.0655	0	-886.0655	-0.5104204
426000	-803.3482	0	-803.3482	-0.5109375
426500	-850.1133	0	-850.1133	-0.4948348
427000	-929.8129	0	-929.8129	-0.5155782
427500	-964.3457	0	-964.3457	-0.5263125
428000	-932.9471	0	-932.9471	-0.5806972
428500	-921.2471	0	-921.2471	-0.4670987
429000	-965.2636	0	-965.2636	-0.4587948
429500	-1015.522	0	-1015.522	-0.4826067
430000	-1084.546	0	-1084.546	-0.4849256
430500	-1090.38	0	-1090.38	-0.4137771
431000	-1115.679	0	-1115.679	-0.5362349
431500	-1111.17	0	-1111.17	-0.6248426
432000	-1160.909	0	-1160.909	-0.4436094
432500	-1172.855	0	-1172.855	-0.5407647
433000	-1157.092	0	-1157.092	-0.6289902
433500	-1061.582	0	-1061.582	-0.4898393
434000	-1130.748	0	-1130.748	-0.391419
434500	-1117.613	0	-1117.613	-0.5580864
435000	-1044.873	0	-1044.873	-0.7377225
435500	-1105.355	0	-1105.355	-0.6803151
436000	-1050.568	0	-1050.568	-0.6584392
436500	-1095.497	0	-1095.497	-0.4950069
437000	-1186.132	0	-1186.132	-0.5566829
437500	-1080.118	0	-1080.118	-0.5430183
438000	-1107.979	0	-1107.979	-0.5451083
438500	-1066.423	0	-1066.423	-0.5599989
439000	-986.3641	0	-986.3641	-0.5947672
439500	-1024.149	0	-1024.149	-0.5944998
440000	-1002.816	0	-1002.816	-0.6907179
440500	-989.4375	0	-989.4375	-0.7095278
441000	-954.6124	0	-954.6124	-0.7149947
441500	-887.0619	0	-887.0619	-0.7846052
442000	-850.5093	0	-850.5093	-0.7455281
442500	-877.8111	0	-877.8111	-0.7403373
443000	-874.4856	0	-874.4856	-0.7841292
443500	-898.3863	0	-898.3863	-0.7802544
444000	-933.1119	0	-933.1119	-0.7285988
444500	-858.2975	0	-858.2975	-0.774533
445000	-1006.244	0	-1006.244	-0.6263811
445500	-1047.923	0	-1047.923	-0.5648431
446000	-968.6675	0	-968.6675	-0.8021757
446500	-969.3855	0	-969.3855	-0.7484378
447000	-898.9887	0	-898.9887	-0.7479974
447500	-953.8916	0	-953.8916	-0.6878841
448000	-980.5875	0	-980.5875	-0.7657904
448500	-870.7787	0	-870.7787	-0.7394295
449000	-920.2885	0	-920.2885	-0.757024
449500	-944.1848	0	-944.1848	-0.6659271
450000	-963.9294	0	-963.9294	-0.6615243
450500	-939.5432	0	-939.5432	-0.6675406
451000	-974.313	0	-974.313	-0.5708539
451500	-1014.852	0	-1014.852	-0.6931087
452000	-1012.936	0	-1012.936	-0.6497557
452500	-1014.205	0	-1014.205	-0.5863266
453000	-1095.143	0	-1095.143	-0.4909089
453500	-1150.491	0	-1150.491	-0.4669082
454000	-1158.569	0	-1158.569	-0.4760135
454500	-1206.527	0	-1206.527	-0.432075
455000	-1148.002	0	-1148.002	-0.6856654
455500	-1151.629	0	-1151.629	-0.7470981
456000	-1173.59	0	-1173.59	-0.6623888
456500	-1041.832	0	-1041.832	-0.8077837
457000	-1109.768	0	-1109.768	-0.7849058
457500	-1090.536	0	-1090.536	-0.7846315
458000	-1064.84	0	-1064.84	-0.8846783
458500	-1019.481	0	-1019.481	-0.8454298
459000	-1038.988	0	-1038.988	-0.8744208
459500	-1064.034	0	-1064.034	-0.8567528
460000	-1095.903	0	-1095.903	-0.8167377
460500	-1013.758	0	-1013.758	-0.8766486
461000	-996.2429	0	-996.2429	-0.8491603
461500	-1079.994	0	-1079.994	-0.7593356
462000	-1062.977	0	-1062.977	-0.8026967
462500	-1090.74	0	-1090.74	-0.7172541
463000	-1037.52	0	-1037.52	-0.7485653
463500	-1171.649	0	-1171.649	-0.5338007
464000	-1081.802	0	-1081.802	-0.7519573
464500	-1105.929	0	-1105.929	-0.7583882
465000	-1082.27	0	-1082.27	-0.7910136
465500	-1107.124	0	-1107.124	-0.7774621
466000	-1061.641	0	-1061.641	-0.7756666
466500	-1090.759	0	-1090.759	-0.7027371
467000	-1127.86	0	-1127.86	-0.71747
467500	-1109.097	0	-1109.097	-0.70294
468000	-1076.727	0	-1076.727	-0.6453214
468500	-956.8068	0	-956.8068	-0.6867902
469000	-956.6603	0	-956.6603	-0.6721265
469500	-1066.33	0	-1066.33	-0.4431941
470000	-1076.767	0	-1076.767	-0.6133878
470500	-1088.272	0	-1088.272	-0.5859258
471000	-1129.186	0	-1129.186	-0.6801335
471500	-1060.569	0	-1060.569	-0.5924386
472000	-1021.754	0	-1021.754	-0.6116854
472500	-1137.784	0	-1137.784	-0.5223712
473000	-1045.682	0	-1045.682	-0.60186
473500	-1085.046	0	-1085.046	-0.718053
474000	-1062.143	0	-1062.143	-0.7584044
474500	-1125.14	0	-1125.14	-0.6809944
475000	-1017.245	0	-1017.245	-0.7630695
475500	-1045.025	0	-1045.025	-0.5358195
476000	-1092.352	0	-1092.352	-0.6886201
476500	-1086.637	0	-1086.637	-0.492196
477000	-1114.197	0	-1114.197	-0.4262134
477500	-1128.035	0	-1128.035	-0.5759358
478000	-1138.123	0	-1138.123	-0.5273972
478500	-1087.75	0	-1087.75	-0.6305542
479000	-1112.249	0	-1112.249	-0.6912201
479500	-1045.371	0	-1045.371	-0.7592898
480000	-992.0564	0	-992.0564	-0.7919336
480500	-1026.09	0	-1026.09	-0.6775131
481000	-1020.455	0	-1020.455	-0.7601015
481500	-1025.627	0	-1025.627	-0.8178871
482000	-970.3492	0	-970.3492	-0.8486293
482500	-1034.969	0	-1034.969	-0.716877
483000	-1105.322	0	-1105.322	-0.4517912
483500	-1135.127	0	-1135.127	-0.4842357
484000	-1105.229	0	-1105.229	-0.5231098
484500	-1025.554	0	-1025.554	-0.6804426
485000	-1109.232	0	-1109.232	-0.2227159
485500	-1059.474	0	-1059.474	-0.3189225
486000	-1048.414	0	-1048.414	-0.4377988
486500	-1032.783	0	-1032.783	-0.5192265
487000	-1058.937	0	-1058.937	-0.4939459
487500	-1038.193	0	-1038.193	-0.5774666
488000	-990.8808	0	-990.8808	-0.4304801
488500	-1001.799	0	-1001.799	-0.5087203
489000	-1024.02	0	-1024.02	-0.5977774
489500	-1155.361	0	-1155.361	-0.5707445
490000	-1091.924	0	-1091.924	-0.6249931
490500	-1170.25	0	-1170.25	-0.3541423
491000	-1187.695	0	-1187.695	-0.5676301
491500	-1182.292	0	-1182.292	-0.6344929
492000	-1128.299	0	-1128.299	-0.6969957
492500	-1107.243	0	-1107.243	-0.7408596
493000	-1145.546	0	-1145.546	-0.7690424
493500	-1140.567	0	-1140.567	-0.7212883
494000	-1135.023	0	-1135.023	-0.5688352
494500	-1028.829	0	-1028.829	-0.6000762
495000	-986.6899	0	-986.6899	-0.5958809
495500	-1095.07	0	-1095.07	-0.5591413
496000	-1137.066	0	-1137.066	-0.4922816
496500	-1111.267	0	-1111.267	-0.674377
497000	-1070.094	0	-1070.094	-0.6787198
497500	-1075.681	0	-1075.681	-0.5692573
498000	-1118.692	0	-1118.692	-0.4239936
498500	-1113.339	0	-1113.339	-0.5409768
499000	-1081.732	0	-1081.732	-0.504395
499500	-1120.75	0	-1120.75	-0.4446105
500000	-1074.425	0	-1074.425	-0.3485421
500500	-1142.289	0	-1142.289	-0.1008218
501000	-1110.102	0	-1110.102	-0.1783863
501500	-1114.483	0	-1114.483	-0.06762407
502000	-1045.993	0	-1045.993	-0.07137999
502500	-1097.34	0	-1097.34	-0.09881297
503000	-1153.577	0	-1153.577	0.1143645
503500	-1147.961	0	-1147.961	-0.01579063
504000	-1118.912	0	-1118.912	-0.1182736
504500	-1154.126	0	-1154.126	0.08001631
505000	-1145.546	0	-1145.546	0.0003629934
505500	-1106.899	0	-1106.899	-0.1607111
506000	-1035.058	0	-1035.058	-0.4272228
506500	-1074.759	0	-1074.759	-0.3514507
507000	-1065.83	0	-1065.83	-0.3143203
507500	-1127.431	0	-1127.431	-0.1254466
508000	-1053.581	0	-1053.581	-0.5701314
508500	-1119.803	0	-1119.803	-0.2681229
509000	-1144.684	0	-1144.684	-0.4526332
509500	-1158.859	0	-1158.859	-0.4100884
510000	-1100.805	0	-1100.805	-0.5202302
510500	-1054.479	0	-1054.479	-0.5800476
511000	-1127.192	0	-1127.192	-0.5004901
511500	-1112.032	0	-1112.032	-0.419976
512000	-1081.275	0	-1081.275	-0.4561691
512500	-1063.639	0	-1063.639	-0.6666018
513000	-1042.014	0	-1042.014	-0.7063457
513500	-1053.387	0	-1053.387	-0.6714362
514000	-1025.873	0	-1025.873	-0.6813721
514500	-1088.338	0	-1088.338	-0.679678
515000	-1047.579	0	-1047.579	-0.7853702
515500	-1118.118	0	-1118.118	-0.5940901
516000	-997.136	0	-997.136	-0.7775724
516500	-1081.11	0	-1081.11	-0.5943627
517000	-1016.796	0	-1016.796	-0.7216712
517500	-1011.131	0	-1011.131	-0.759251
518000	-1056.545	0	-1056.545	-0.7131165
518500	-1044.203	0	-1044.203	-0.6859174
519000	-1086.996	0	-1086.996	-0.7659996
519500	-1051.524	0	-1051.524	-0.5461056
520000	-1075.665	0	-1075.665	-0.5571563
520500	-1105.996	0	-1105.996	-0.6795242
521000	-1096.779	0	-1096.779	-0.6935731
521500	-1172.376	0	-1172.376	-0.6830222
522000	-1018.861	0	-1018.861	-0.8236883
522500	-1029.564	0	-1029.564	-0.7525106
523000	-996.1762	0	-996.1762	-0.838
523500	-957.1204	0	-957.1204	-0.8676877
524000	-882.7137	0	-882.7137	-0.8600879
524500	-922.0043	0	-922.0043	-0.8832902
525000	-1065.402	0	-1065.402	-0.8320207
525500	-1040.688	0	-1040.688	-0.8578005
526000	-1056.598	0	-1056.598	-0.8998157
526500	-1130.53	0	-1130.53	-0.814146
527000	-1087.244	0	-1087.244	-0.8285388
527500	-1112.945	0	-1112.945	-0.7927941
528000	-1072.789	0	-1072.789	-0.8087023
528500	-1123.527	0	-1123.527	-0.7757974
529000	-1117.093	0	-1117.093	-0.7996326
529500	-997.2825	0	-997.2825	-0.8068269
530000	-978.28	0	-978.28	-0.7847282
530500	-1027.77	0	-1027.77	-0.8783256
531000	-986.1833	0	-986.1833	-0.8637409
531500	-940.2467	0	-940.2467	-0.9044191
532000	-1018.645	0	-1018.645	-0.8943309
532500	-1033.206	0	-1033.206	-0.8299159
533000	-1008.55	0	-1008.55	-0.8282957
533500	-1038.347	0	-1038.347	-0.8531324
534000	-1018.208	0	-1018.208	-0.8270024
534500	-1005.255	0	-1005.255	-0.7405401
535000	-984.645	0	-984.645	-0.7995763
535500	-968.5318	0	-968.5318	-0.7459083
536000	-892.4824	0	-892.4824	-0.740305
536500	-954.3954	0	-954.3954	-0.8125522
537000	-967.5313	0	-967.5313	-0.7538509
537500	-905.6601	0	-905.6601	-0.7730386
538000	-939.8003	0	-939.8003	-0.8447919
538500	-925.5347	0	-925.5347	-0.7704359
539000	-894.1892	0	-894.1892	-0.77387
539500	-819.0234	0	-819.0234	-0.7814185
540000	-847.5166	0	-847.5166	-0.7774536
540500	-970.6711	0	-970.6711	-0.823251
541000	-1051.83	0	-1051.83	-0.6704648
541500	-1025.303	0	-1025.303	-0.5767122
542000	-1006.688	0	-1006.688	-0.4407942
542500	-1015.855	0	-1015.855	-0.6556746
543000	-997.8765	0	-997.8765	-0.5700232
543500	-957.5649	0	-957.5649	-0.6470425
544000	-954.9372	0	-954.9372	-0.7822454
544500	-937.3031	0	-937.3031	-0.7329824
545000	-909.9465	0	-909.9465	-0.7653752
545500	-991.8917	0	-991.8917	-0.8297166
546000	-928.1327	0	-928.1327	-0.7788586
546500	-923.021	0	-923.021	-0.6651919
547000	-948.8638	0	-948.8638	-0.7142702
547500	-945.3995	0	-945.3995	-0.7035223
548000	-888.0233	0	-888.0233	-0.697198
548500	-858.1093	0	-858.1093	-0.669212
549000	-899.0955	0	-899.0955	-0.6109188
549500	-919.8628	0	-919.8628	-0.6707539
550000	-980.1404	0	-980.1404	-0.7135397
550500	-950.8443	0	-950.8443	-0.6493032
551000	-1054.242	0	-1054.242	-0.6960183
551500	-1146.177	0	-1146.177	-0.477548
552000	-1107.58	0	-1107.58	-0.5030164
552500	-1125.867	0	-1125.867	-0.5142773
553000	-1106.527	0	-1106.527	-0.7369608
553500	-1094.122	0	-1094.122	-0.6991498
554000	-1046.336	0	-1046.336	-0.675386
554500	-1007.941	0	-1007.941	-0.7267155
555000	-1001.516	0	-1001.516	-0.7698831
555500	-1066.427	0	-1066.427	-0.7640764
556000	-1070.142	0	-1070.142	-0.6590162
556500	-1095.254	0	-1095.254	-0.6274504
557000	-1142.598	0	-1142.598	-0.3557216
557500	-1197.708	0	-1197.708	-0.4006107
558000	-1125.648	0	-1125.648	-0.5008001
558500	-1112.603	0	-1112.603	-0.6393711
559000	-1118.061	0	-1118.061	-0.6089491
559500	-1068.876	0	-1068.876	-0.6430681
560000	-1076.649	0	-1076.649	-0.6226623
560500	-1076.366	0	-1076.366	-0.6371598
561000	-1074.221	0	-1074.221	-0.6660905
561500	-1086.063	0	-1086.063	-0.6213761
562000	-1051.27	0	-1051.27	-0.7465631
562500	-1085.46	0	-1085.46	-0.8143271
563000	-1017.295	0	-1017.295	-0.7678014
563500	-1116.332	0	-1116.332	-0.784484
564000	-1155.234	0	-1155.234	-0.7058348
564500	-1089.331	0	-1089.331	-0.7043442
565000	-1133.922	0	-1133.922	-0.7694601
565500	-1136.406	0	-1136.406	-0.7491521
566000	-1112.695	0	-1112.695	-0.7173833
566500	-1045.994	0	-1045.994	-0.7736076
567000	-1090.44	0	-1090.44	-0.8628805
567500	-1135.824	0	-1135.824	-0.7175644
568000	-1117.156	0	-1117.156	-0.7455242
568500	-1171.795	0	-1171.795	-0.4928691
569000	-1177.687	0	-1177.687	-0.595114
569500	-1144.561	0	-1144.561	-0.573058
570000	-1114.341	0	-1114.341	-0.5391562
570500	-1110.041	0	-1110.041	-0.5916447
571000	-1122.672	0	-1122.672	-0.5434096
571500	-1120.585	0	-1120.585	-0.5735771
572000	-1126.665	0	-1126.665	-0.5936156
572500	-1115.509	0	-1115.509	-0.3304239
573000	-1148.73	0	-1148.73	-0.4376825
573500	-1110.863	0	-1110.863	-0.6133963
574000	-1196.468	0	-1196.468	-0.2643764
574500	-1178.438	0	-1178.438	-0.629582
575000	-1164.503	0	-1164.503	-0.6175759
575500	-1124.708	0	-1124.708	-0.6225044
576000	-1060.683	0	-1060.683	-0.6963099
576500	-1086.353	0	-1086.353	-0.7445595
577000	-1097.573	0	-1097.573	-0.584931
577500	-1069.948	0	-1069.948	-0.795361
578000	-1093.384	0	-1093.384	-0.7860266
578500	-1107.498	0	-1107.498	-0.725796
579000	-1109.264	0	-1109.264	-0.7591997
579500	-1099.892	0	-1099.892	-0.6584443
580000	-1037.366	0	-1037.366	-0.8064506
580500	-1066.679	0	-1066.679	-0.7313377
581000	-981.2145	0	-981.2145	-0.8030421
581500	-999.1296	0	-999.1296	-0.7646947
582000	-963.8251	0	-963.8251	-0.7784089
582500	-1002.292	0	-1002.292	-0.7713485
583000	-971.7149	0	-971.7149	-0.6825577
583500	-1007.374	0	-1007.374	-0.626404
584000	-988.299	0	-988.299	-0.7658583
584500	-973.6389	0	-973.6389	-0.6929808
585000	-1003.082	0	-1003.082	-0.7481927
585500	-1014.351	0	-1014.351	-0.7940533
586000	-1002.153	0	-1002.153	-0.7533179
586500	-1004.16	0	-1004.16	-0.5916936
587000	-989.4397	0	-989.4397	-0.5591738
587500	-962.734	0	-962.734	-0.6346606
588000	-987.6391	0	-987.6391	-0.6299979
588500	-951.5035	0	-951.5035	-0.8151428
589000	-1033.224	0	-1033.224	-0.7874209
589500	-1091.474	0	-1091.474	-0.5736903
590000	-990.3238	0	-990.3238	-0.6449749
590500	-1066.403	0	-1066.403	-0.5952847
591000	-1081.704	0	-1081.704	-0.5746882
591500	-1176.471	0	-1176.471	-0.3280997
592000	-1113.084	0	-1113.084	-0.2668367
592500	-1037.065	0	-1037.065	-0.2536896
593000	-1022.874	0	-1022.874	-0.2196835
593500	-966.0383	0	-966.0383	-0.1247811
594000	-1030.452	0	-1030.452	-0.08153498
594500	-1039.449	0	-1039.449	-0.05417124
595000	-1022.508	0	-1022.508	-0.2365317
595500	-1027.235	0	-1027.235	-0.1567062
596000	-981.1284	0	-981.1284	-0.2484144
596500	-969.7419	0	-969.7419	-0.2534186
597000	-957.2683	0	-957.2683	-0.2953121
597500	-975.5236	0	-975.5236	-0.3934421
598000	-937.6953	0	-937.6953	-0.3909812
598500	-959.7254	0	-959.7254	-0.4613551
599000	-1018.851	0	-1018.851	-0.4912249
599500	-1061.814	0	-1061.814	-0.4697859
600000	-1064.875	0	-1064.875	-0.5205628
600500	-1098.212	0	-1098.212	-0.2760193
601000	-1049.38	0	-1049.38	-0.5000775
601500	-1067.821	0	-1067.821	-0.4126571
602000	-1046.436	0	-1046.436	-0.5069066
602500	-1087.674	0	-1087.674	-0.5662966
603000	-1050.919	0	-1050.919	-0.5717214
603500	-1077.501	0	-1077.501	-0.7125522
604000	-1102.653	0	-1102.653	-0.6129679
604500	-1028.485	0	-1028.485	-0.7292821
605000	-1136.932	0	-1136.932	-0.4703885
605500	-1132.775	0	-1132.775	-0.1565725
606000	-1170.054	0	-1170.054	-0.4401365
606500	-1173.304	0	-1173.304	-0.2486716
607000	-1217.398	0	-1217.398	-0.3720844
607500	-1091.891	0	-1091.891	-0.419402
608000	-1092.491	0	-1092.491	-0.6518439
608500	-1133.248	0	-1133.248	-0.5610643
609000	-1164.062	0	-1164.062	-0.4333914
609500	-1106.646	0	-1106.646	-0.7143906
610000	-1075.067	0	-1075.067	-0.8111465
610500	-1112.722	0	-1112.722	-0.5893454
611000	-1128.943	0	-1128.943	-0.4950308
611500	-1131.582	0	-1131.582	-0.5864532
612000	-1022.363	0	-1022.363	-0.7581025
612500	-1065.934	0	-1065.934	-0.7357825
613000	-1024.285	0	-1024.285	-0.6223896
613500	-1040.272	0	-1040.272	-0.4143908
614000	-1094.326	0	-1094.326	-0.3788232
614500	-1058.904	0	-1058.904	-0.2921931
615000	-1077.76	0	-1077.76	-0.2907484
615500	-1096.663	0	-1096.663	-0.3954716
616000	-1035.768	0	-1035.768	-0.4311281
616500	-1074.944	0	-1074.944	-0.3725276
617000	-1041.978	0	-1041.978	-0.3467542
617500	-944.2629	0	-944.2629	-0.4174238
618000	-1013.825	0	-1013.825	-0.3283266
618500	-1018.147	0	-1018.147	-0.4944784
619000	-1044.59	0	-1044.59	-0.3438
619500	-1114.09	0	-1114.09	-0.415095
620000	-1067.669	0	-1067.669	-0.2830257
620500	-1034.888	0	-1034.888	-0.264811
621000	-1020.796	0	-1020.796	-0.3088421
621500	-1039.15	0	-1039.15	-0.4930944
622000	-923.1549	0	-923.1549	-0.4814704
622500	-866.15	0	-866.15	-0.5229471
623000	-857.0545	0	-857.0545	-0.5279895
623500	-969.8099	0	-969.8099	-0.4890503
624000	-983.315	0	-983.315	-0.5195883
624500	-1031.758	0	-1031.758	-0.585238
625000	-982.7085	0	-982.7085	-0.5533901
625500	-1033.738	0	-1033.738	-0.5491066
626000	-1003.904	0	-1003.904	-0.4480211
626500	-1064.867	0	-1064.867	-0.447656
627000	-1037.525	0	-1037.525	-0.7183857
627500	-1012.248	0	-1012.248	-0.6488777
628000	-1034.552	0	-1034.552	-0.6252157
628500	-953.6873	0	-953.6873	-0.6812548
629000	-1051.574	0	-1051.574	-0.4493027
629500	-981.8557	0	-981.8557	-0.4474037
630000	-1011.467	0	-1011.467	-0.4945565
630500	-1080.15	0	-1080.15	-0.5985342
631000	-1046.553	0	-1046.553	-0.4876133
631500	-1055.28	0	-1055.28	-0.4571716
632000	-1104.269	0	-1104.269	-0.4903097
632500	-1149.343	0	-1149.343	-0.2949687
633000	-1119.028	0	-1119.028	-0.4755804
633500	-1075.589	0	-1075.589	-0.3038277
634000	-1083.593	0	-1083.593	-0.3921572
634500	-1122.861	0	-1122.861	-0.2795879
635000	-1099.184	0	-1099.184	-0.1886271
635500	-1034.674	0	-1034.674	-0.5203246
636000	-949.8802	0	-949.8802	-0.6504539
636500	-1000.073	0	-1000.073	-0.659579
637000	-935.9005	0	-935.9005	-0.6632814
637500	-931.217	0	-931.217	-0.4452386
638000	-1000.044	0	-1000.044	-0.5154112
638500	-980.1124	0	-980.1124	-0.5650824
639000	-984.5938	0	-984.5938	-0.4309162
639500	-996.1093	0	-996.1093	-0.5333269
640000	-935.0634	0	-935.0634	-0.5412536
640500	-968.8641	0	-968.8641	-0.5546413
641000	-921.2556	0	-921.2556	-0.6191488
641500	-920.9634	0	-920.9634	-0.7003217
642000	-899.59	0	-899.59	-0.7741153
642500	-891.3182	0	-891.3182	-0.7366681
643000	-881.4551	0	-881.4551	-0.7578073
643500	-978.3758	0	-978.3758	-0.7592653
644000	-894.0035	0	-894.0035	-0.6352811
644500	-945.8361	0	-945.8361	-0.7298684
645000	-1060.984	0	-1060.984	-0.6262578
645500	-994.8234	0	-994.8234	-0.5231038
646000	-1016.833	0	-1016.833	-0.5154781
646500	-1098.419	0	-1098.419	-0.6266497
647000	-1040.056	0	-1040.056	-0.7286321
647500	-980.7948	0	-980.7948	-0.807433
648000	-921.8905	0	-921.8905	-0.6910278
648500	-1005.353	0	-1005.353	-0.7405594
649000	-1006.147	0	-1006.147	-0.8350111
649500	-1003.335	0	-1003.335	-0.8100395
650000	-1008.563	0	-1008.563	-0.7482899
650500	-866.2608	0	-866.2608	-0.8590862
651000	-914.7823	0	-914.7823	-0.8017102
651500	-901.9039	0	-901.9039	-0.7597763
652000	-871.6239	0	-871.6239	-0.8202151
652500	-941.9759	0	-941.9759	-0.7995436
653000	-869.642	0	-869.642	-0.7881711
653500	-852.9564	0	-852.9564	-0.7847349
654000	-919.7401	0	-919.7401	-0.8071879
654500	-997.3936	0	-997.3936	-0.7946954
655000	-953.0727	0	-953.0727	-0.7721326
655500	-853.5366	0	-853.5366	-0.8365248
656000	-951.2992	0	-951.2992	-0.8586842
656500	-922.2761	0	-922.2761	-0.8969857
657000	-890.0866	0	-890.0866	-0.8800093
657500	-926.8908	0	-926.8908	-0.8151906
658000	-934.8906	0	-934.8906	-0.8300059
658500	-907.0835	0	-907.0835	-0.8323353
659000	-942.3172	0	-942.3172	-0.892264
659500	-867.1386	0	-867.1386	-0.8812193
660000	-857.1169	0	-857.1169	-0.8006005
660500	-921.0056	0	-921.0056	-0.812643
661000	-916.8992	0	-916.8992	-0.7224041
661500	-933.0152	0	-933.0152	-0.800497
662000	-966.2622	0	-966.2622	-0.7802849
662500	-930.5627	0	-930.5627	-0.7845201
663000	-994.7509	0	-994.7509	-0.7886763
663500	-1012.616	0	-1012.616	-0.7726324
664000	-1073.332	0	-1073.332	-0.7079554
664500	-1080.7	0	-1080.7	-0.785946
665000	-845.1912	0	-845.1912	-0.8784638
665500	-719.3835	0	-719.3835	-0.8788372
666000	-862.3662	0	-862.3662	-0.8755409
666500	-913.653	0	-913.653	-0.8797182
667000	-940.5792	0	-940.5792	-0.8414803
667500	-875.9717	0	-875.9717	-0.8258878
668000	-982.102	0	-982.102	-0.7846279
668500	-931.9536	0	-931.9536	-0.7397783
669000	-983.797	0	-983.797	-0.7868822
669500	-1044.597	0	-1044.597	-0.6382278
670000	-1034.681	0	-1034.681	-0.7369841
670500	-1059.228	0	-1059.228	-0.7549414
671000	-1045.821	0	-1045.821	-0.7904645
671500	-1025.649	0	-1025.649	-0.8741537
672000	-1089.213	0	-1089.213	-0.6513068
672500	-1131.007	0	-1131.007	-0.6394756
673000	-1194.28	0	-1194.28	-0.6122284
673500	-1132.716	0	-1132.716	-0.6163545
674000	-1157.791	0	-1157.791	-0.4026975
674500	-1130.278	0	-1130.278	-0.6010815
675000	-1037.568	0	-1037.568	-0.6113805
675500	-1042.649	0	-1042.649	-0.7663957
676000	-1134.167	0	-1134.167	-0.5622963
676500	-1058.083	0	-1058.083	-0.7668315
677000	-1057.377	0	-1057.377	-0.6903501
677500	-1073.932	0	-1073.932	-0.719596
678000	-1089.267	0	-1089.267	-0.7233871
678500	-1035.25	0	-1035.25	-0.7252369
679000	-1012.569	0	-1012.569	-0.7175397
679500	-1053.265	0	-1053.265	-0.7004694
680000	-963.1509	0	-963.1509	-0.7272537
680500	-908.1839	0	-908.1839	-0.7707119
681000	-983.0523	0	-983.0523	-0.7526907
681500	-839.9559	0	-839.9559	-0.7490486
682000	-888.7291	0	-888.7291	-0.7418488
682500	-945.9609	0	-945.9609	-0.6215292
683000	-877.6213	0	-877.6213	-0.6146131
683500	-847.4178	0	-847.4178	-0.6218544
684000	-831.2008	0	-831.2008	-0.6449209
684500	-814.0184	0	-814.0184	-0.6408426
685000	-781.6696	0	-781.6696	-0.6518579
685500	-812.0915	0	-812.0915	-0.6580241
686000	-793.0241	0	-793.0241	-0.6516176
686500	-844.5357	0	-844.5357	-0.6499266
687000	-733.9662	0	-733.9662	-0.6477148
687500	-855.7116	0	-855.7116	-0.6408727
688000	-987.8986	0	-987.8986	-0.6168619
688500	-1004.794	0	-1004.794	-0.535615
689000	-924.6356	0	-924.6356	-0.4355244
689500	-968.6558	0	-968.6558	-0.4857546
690000	-998.8091	0	-998.8091	-0.5339953
690500	-960.3259	0	-960.3259	-0.5798204
691000	-940.1821	0	-940.1821	-0.652183
691500	-857.7851	0	-857.7851	-0.6566323
692000	-773.899	0	-773.899	-0.666682
692500	-891.6501	0	-891.6501	-0.6318307
693000	-943.1885	0	-943.1885	-0.6986078
693500	-872.1144	0	-872.1144	-0.6971874
694000	-924.3976	0	-924.3976	-0.6647068
694500	-973.0151	0	-973.0151	-0.6191197
695000	-958.9236	0	-958.9236	-0.753903
695500	-971.6278	0	-971.6278	-0.6597632
696000	-916.8739	0	-916.8739	-0.6288861
696500	-1028.659	0	-1028.659	-0.7000225
697000	-1002.573	0	-1002.573	-0.7710567
697500	-993.6629	0	-993.6629	-0.7883949
698000	-1002.92	0	-1002.92	-0.7737965
698500	-940.406	0	-940.406	-0.9366304
699000	-872.9192	0	-872.9192	-0.9321822
699500	-937.6581	0	-937.6581	-0.9219083
700000	-895.7433	0	-895.7433	-0.902395
700500	-831.3722	0	-831.3722	-0.8869579
701000	-877.7167	0	-877.7167	-0.9048802
701500	-844.9346	0	-844.9346	-0.8776826
702000	-946.3707	0	-946.3707	-0.8112741
702500	-819.741	0	-819.741	-0.7936988
703000	-786.8818	0	-786.8818	-0.7986309
703500	-780.2122	0	-780.2122	-0.7814553
704000	-913.0346	0	-913.0346	-0.7858381
704500	-1024.579	0	-1024.579	-0.8122611
705000	-1042.172	0	-1042.172	-0.8102759
705500	-1010.709	0	-1010.709	-0.8093834
706000	-1006.856	0	-1006.856	-0.7589275
706500	-939.743	0	-939.743	-0.6931549
707000	-979.7132	0	-979.7132	-0.7530189
707500	-996.3066	0	-996.3066	-0.6652007
708000	-963.4812	0	-963.4812	-0.7190141
708500	-971.2688	0	-971.2688	-0.7545018
709000	-930.4484	0	-930.4484	-0.7508728
709500	-910.951	0	-910.951	-0.7467014
710000	-923.399	0	-923.399	-0.7397819
710500	-987.22	0	-987.22	-0.7456816
711000	-927.5737	0	-927.5737	-0.8344844
711500	-953.5956	0	-953.5956	-0.8305912
712000	-1037.208	0	-1037.208	-0.7625757
712500	-1036.878	0	-1036.878	-0.6915242
713000	-1074.166	0	-1074.166	-0.6025524
713500	-1004.495	0	-1004.495	-0.5553497
714000	-1055.339	0	-1055.339	-0.7060415
714500	-944.1967	0	-944.1967	-0.8088092
715000	-1011.932	0	-1011.932	-0.8180073
715500	-1020.544	0	-1020.544	-0.6861903
716000	-1020.061	0	-1020.061	-0.7881878
716500	-1083.095	0	-1083.095	-0.7605948
717000	-1010.793	0	-1010.793	-0.822049
717500	-968.2753	0	-968.2753	-0.8346384
718000	-967.2851	0	-967.2851	-0.7127256
718500	-938.8615	0	-938.8615	-0.5908094
719000	-880.7739	0	-880.7739	-0.5815486
719500	-959.045	0	-959.045	-0.7639728
720000	-932.0326	0	-932.0326	-0.7557525
720500	-955.0623	0	-955.0623	-0.7649269
721000	-882.4817	0	-882.4817	-0.7528991
721500	-975.6567	0	-975.6567	-0.790566
722000	-1009.752	0	-1009.752	-0.7438181
722500	-1074.053	0	-1074.053	-0.8020881
723000	-1049.269	0	-1049.269	-0.8024836
723500	-1091.441	0	-1091.441	-0.8490812
724000	-890.2879	0	-890.2879	-0.9069774
724500	-901.3577	0	-901.3577	-0.9003268
725000	-950.0013	0	-950.0013	-0.9020235
725500	-1060.501	0	-1060.501	-0.7769831
726000	-1072.821	0	-1072.821	-0.7091344
726500	-1020.811	0	-1020.811	-0.6198809
727000	-1042.545	0	-1042.545	-0.6158505
727500	-1052.425	0	-1052.425	-0.5485164
728000	-1087.731	0	-1087.731	-0.3782252
728500	-1091.275	0	-1091.275	-0.5027049
729000	-1033.833	0	-1033.833	-0.5263328
729500	-978.6	0	-978.6	-0.6096261
730000	-1006.303	0	-1006.303	-0.5495229
730500	-1012.529	0	-1012.529	-0.6198201
731000	-1021.241	0	-1021.241	-0.638598
731500	-1009.487	0	-1009.487	-0.6730893
732000	-1009.84	0	-1009.84	-0.6735157
732500	-953.2948	0	-953.2948	-0.7316088
733000	-1014.813	0	-1014.813	-0.7570274
733500	-1106.875	0	-1106.875	-0.6111283
734000	-1113.567	0	-1113.567	-0.5941765
734500	-1095.787	0	-1095.787	-0.6393378
735000	-1156.465	0	-1156.465	-0.6196983
735500	-1094.9	0	-1094.9	-0.594653
736000	-1077.768	0	-1077.768	-0.6362283
736500	-1047.482	0	-1047.482	-0.456247
737000	-1099.885	0	-1099.885	-0.6692798
737500	-979.6804	0	-979.6804	-0.6723517
738000	-1082.476	0	-1082.476	-0.6989478
738500	-1000.738	0	-1000.738	-0.7631222
739000	-1004.78	0	-1004.78	-0.7038271
739500	-998.7335	0	-998.7335	-0.8225438
740000	-1044.574	0	-1044.574	-0.6731761
740500	-1006.92	0	-1006.92	-0.7075162
741000	-946.9919	0	-946.9919	-0.799917
741500	-1049.166	0	-1049.166	-0.6589214
742000	-1061.366	0	-1061.366	-0.7968325
742500	-1023.446	0	-1023.446	-0.7017725
743000	-1090.898	0	-1090.898	-0.5456151
743500	-1025.268	0	-1025.268	-0.6641459
744000	-1044.067	0	-1044.067	-0.6748989
744500	-1031.655	0	-1031.655	-0.735334
745000	-1005.965	0	-1005.965	-0.7372093
745500	-1006.002	0	-1006.002	-0.651817
746000	-1016.643	0	-1016.643	-0.7684832
746500	-1031.751	0	-1031.751	-0.7819278
747000	-1064.083	0	-1064.083	-0.7619953
747500	-1029.885	0	-1029.885	-0.7926883
748000	-1074.824	0	-1074.824	-0.8150203
748500	-1073.894	0	-1073.894	-0.7537341
749000	-1050.924	0	-1050.924	-0.7580105
749500	-1103.781	0	-1103.781	-0.6600045
750000	-1049.728	0	-1049.728	-0.7322061
750500	-1161.74	0	-1161.74	-0.6685859
751000	-1100.848	0	-1100.848	-0.5860164
751500	-1104.433	0	-1104.433	-0.7114446
752000	-1030.22	0	-1030.22	-0.7747319
752500	-1036.117	0	-1036.117	-0.7756699
753000	-912.2556	0	-912.2556	-0.7629143
753500	-1040.672	0	-1040.672	-0.7262841
754000	-1053.396	0	-1053.396	-0.6879816
754500	-1016.717	0	-1016.717	-0.7193158
755000	-1012.97	0	-1012.97	-0.6756502
755500	-1024.216	0	-1024.216	-0.6291376
756000	-957.8572	0	-957.8572	-0.6689384
756500	-1040.037	0	-1040.037	-0.6933126
757000	-1042.346	0	-1042.346	-0.7103593
757500	-1054.059	0	-1054.059	-0.6574415
758000	-1055.59	0	-1055.59	-0.6753818
758500	-1064.544	0	-1064.544	-0.6890505
759000	-1031.366	0	-1031.366	-0.6600979
759500	-1039.479	0	-1039.479	-0.6566746
760000	-1061.624	0	-1061.624	-0.6899393
760500	-1068.421	0	-1068.421	-0.6268405
761000	-1031.898	0	-1031.898	-0.5834066
761500	-1075.217	0	-1075.217	-0.7198393
762000	-1141.642	0	-1141.642	-0.7018501
762500	-1020.06	0	-1020.06	-0.5103178
763000	-1136.565	0	-1136.565	-0.4356706
763500	-1020.079	0	-1020.079	-0.5096914
764000	-1011.883	0	-1011.883	-0.6352244
764500	-1069.252	0	-1069.252	-0.5981416
765000	-1111.263	0	-1111.263	-0.6691014
765500	-1045.574	0	-1045.574	-0.6610555
766000	-1042.101	0	-1042.101	-0.5575506
766500	-1072.969	0	-1072.969	-0.3707789
767000	-1076.156	0	-1076.156	-0.6045181
767500	-1076.72	0	-1076.72	-0.6738097
768000	-1074.227	0	-1074.227	-0.605801
768500	-1110.171	0	-1110.171	-0.4343295
769000	-1064.966	0	-1064.966	-0.7095976
769500	-1020.645	0	-1020.645	-0.7894241
770000	-991.2907	0	-991.2907	-0.9119586
770500	-997.0771	0	-997.0771	-0.8756576
771000	-1035.768	0	-1035.768	-0.7629356
771500	-987.0902	0	-987.0902	-0.7737453
772000	-942.6419	0	-942.6419	-0.8755375
772500	-1009.777	0	-1009.777	-0.7599715
773000	-1045.691	0	-1045.691	-0.7956786
773500	-988.5939	0	-988.5939	-0.8623758
774000	-961.1306	0	-961.1306	-0.8936492
774500	-948.0397	0	-948.0397	-0.8507703
775000	-931.4236	0	-931.4236	-0.9013533
775500	-984.0149	0	-984.0149	-0.9021463
776000	-898.12	0	-898.12	-0.8981107
776500	-946.1797	0	-946.1797	-0.8157549
777000	-917.5762	0	-917.5762	-0.8452826
777500	-961.7277	0	-961.7277	-0.8556584
778000	-987.6919	0	-987.6919	-0.8550212
778500	-989.3067	0	-989.3067	-0.8966356
779000	-1000.607	0	-1000.607	-0.8959229
779500	-1027.39	0	-1027.39	-0.8464052
780000	-1013.806	0	-1013.806	-0.8044176
780500	-1026.374	0	-1026.374	-0.8956519
781000	-946.5084	0	-946.5084	-0.8509057
781500	-1050.093	0	-1050.093	-0.6890842
782000	-967.2937	0	-967.2937	-0.7447779
782500	-969.7351	0	-969.7351	-0.6367691
783000	-1015.452	0	-1015.452	-0.6306723
783500	-987.3577	0	-987.3577	-0.7038403
784000	-964.879	0	-964.879	-0.8036144
784500	-993.6555	0	-993.6555	-0.7108768
785000	-1065.53	0	-1065.53	-0.7878445
785500	-1018.43	0	-1018.43	-0.7479255
786000	-1029.471	0	-1029.471	-0.8145232
786500	-1115.24	0	-1115.24	-0.6259006
787000	-1169.364	0	-1169.364	-0.3359473
787500	-1237.369	0	-1237.369	-0.310042
788000	-1220.838	0	-1220.838	-0.5229118
788500	-1205.726	0	-1205.726	-0.5024009
789000	-1208.299	0	-1208.299	-0.5664266
789500	-1151.679	0	-1151.679	-0.45759
790000	-1107.625	0	-1107.625	-0.2715169
790500	-1123.18	0	-1123.18	-0.5121064
791000	-1145.208	0	-1145.208	-0.413297
791500	-1071.8	0	-1071.8	-0.5531669
792000	-1023.511	0	-1023.511	-0.4925005
792500	-1046.387	0	-1046.387	-0.5885339
793000	-951.5237	0	-951.5237	-0.6755793
793500	-976.8489	0	-976.8489	-0.6177235
794000	-885.4711	0	-885.4711	-0.6820148
794500	-951.6744	0	-951.6744	-0.698066
795000	-980.4828	0	-980.4828	-0.7216169
795500	-1014.648	0	-1014.648	-0.6959888
796000	-1068.001	0	-1068.001	-0.6709097
796500	-1107.862	0	-1107.862	-0.7113775
797000	-1056.896	0	-1056.896	-0.7973233
797500	-1106.184	0	-1106.184	-0.7168041
798000	-1146.929	0	-1146.929	-0.7728939
798500	-1072.535	0	-1072.535	-0.8034819
799000	-1060.997	0	-1060.997	-0.8406759
799500	-1072.927	0	-1072.927	-0.7499441
800000	-1069.356	0	-1069.356	-0.5959959
800500	-1109.384	0	-1109.384	-0.6032951
801000	-1055.768	0	-1055.768	-0.5775012
801500	-1157.402	0	-1157.402	-0.6407563
802000	-1124.538	0	-1124.538	-0.7124157
802500	-1075.456	0	-1075.456	-0.7302002
803000	-1085.693	0	-1085.693	-0.6114439
803500	-1132.846	0	-1132.846	-0.6864345
804000	-1074.069	0	-1074.069	-0.6292208
804500	-1084.532	0	-1084.532	-0.4910187
805000	-1135.771	0	-1135.771	-0.4770635
805500	-1150.815	0	-1150.815	-0.5007163
806000	-1107.239	0	-1107.239	-0.5946502
806500	-1216.645	0	-1216.645	-0.3932545
807000	-1185.671	0	-1185.671	-0.4373513
807500	-1229.752	0	-1229.752	-0.3859579
808000	-1168.833	0	-1168.833	-0.6129144
808500	-1091.902	0	-1091.902	-0.7638565
809000	-1055.532	0	-1055.532	-0.7041306
809500	-984.1286	0	-984.1286	-0.7724675
810000	-984.2185	0	-984.2185	-0.8896074
810500	-1091.586	0	-1091.586	-0.7088975
811000	-1114.253	0	-1114.253	-0.7465304
811500	-1058.25	0	-1058.25	-0.6910979
812000	-1052.096	0	-1052.096	-0.64268
812500	-1110.498	0	-1110.498	-0.4069065
813000	-1081.224	0	-1081.224	-0.4373042
813500	-1150.527	0	-1150.527	-0.3554716
814000	-1073.233	0	-1073.233	-0.2396804
814500	-1066.6	0	-1066.6	-0.4634725
815000	-1074.357	0	-1074.357	-0.332527
815500	-1063.099	0	-1063.099	-0.5925783
816000	-928.105	0	-928.105	-0.5702577
816500	-996.8673	0	-996.8673	-0.5045786
817000	-928.8577	0	-928.8577	-0.429034
817500	-1052.335	0	-1052.335	-0.3393957
818000	-1032.865	0	-1032.865	-0.5785914
818500	-958.6924	0	-958.6924	-0.7790236
819000	-944.2454	0	-944.2454	-0.7049227
819500	-1058.5	0	-1058.5	-0.3995751
820000	-1073.856	0	-1073.856	-0.4605692
820500	-996.4403	0	-996.4403	-0.5333649
821000	-1046.585	0	-1046.585	-0.5386167
821500	-1165.137	0	-1165.137	-0.4076466
822000	-1130.225	0	-1130.225	-0.3290026
822500	-1214.599	0	-1214.599	-0.4553134
823000	-1134.615	0	-1134.615	-0.6362032
823500	-1174.731	0	-1174.731	-0.737984
824000	-1113.22	0	-1113.22	-0.6110967
824500	-1096.698	0	-1096.698	-0.7432749
825000	-1109.38	0	-1109.38	-0.8274196
825500	-1083.915	0	-1083.915	-0.8092002
826000	-1117.95	0	-1117.95	-0.6959696
826500	-1113.347	0	-1113.347	-0.5300334
827000	-997.6889	0	-997.6889	-0.5106267
827500	-946.1152	0	-946.1152	-0.5630569
828000	-908.6432	0	-908.6432	-0.5496412
828500	-978.4051	0	-978.4051	-0.5630423
829000	-956.0016	0	-956.0016	-0.5493065
829500	-936.3794	0	-936.3794	-0.591572
830000	-1001.659	0	-1001.659	-0.5032561
830500	-922.5742	0	-922.5742	-0.5160081
831000	-913.5574	0	-913.5574	-0.5049724
831500	-989.3598	0	-989.3598	-0.5729993
832000	-1062.185	0	-1062.185	-0.4887279
832500	-1019.048	0	-1019.048	-0.6779194
833000	-1035.58	0	-1035.58	-0.7050043
833500	-1021.624	0	-1021.624	-0.7432941
834000	-1004.35	0	-1004.35	-0.7849902
834500	-1111.343	0	-1111.343	-0.6137413
835000	-1088.962	0	-1088.962	-0.7497642
835500	-1056.235	0	-1056.235	-0.7618451
836000	-937.3482	0	-937.3482	-0.7018352
836500	-990.3942	0	-990.3942	-0.6395383
837000	-939.7536	0	-939.7536	-0.7394852
837500	-1035.412	0	-1035.412	-0.7504351
838000	-1083.736	0	-1083.736	-0.6368571
838500	-1081.723	0	-1081.723	-0.7267729
839000	-1064.844	0	-1064.844	-0.6503881
839500	-1061.087	0	-1061.087	-0.7173038
840000	-1028.63	0	-1028.63	-0.6769784
840500	-1003.488	0	-1003.488	-0.7052041
841000	-1083.925	0	-1083.925	-0.5893274
841500	-1067.983	0	-1067.983	-0.7068914
842000	-1115.122	0	-1115.122	-0.7503964
842500	-1117.398	0	-1117.398	-0.3004458
843000	-1183.065	0	-1183.065	-0.3757746
843500	-1155.232	0	-1155.232	-0.6119167
844000	-1189.663	0	-1189.663	-0.5053687
844500	-1249.094	0	-1249.094	-0.5703767
845000	-1144.317	0	-1144.317	-0.5857707
845500	-1151.4	0	-1151.4	-0.4488633
846000	-1154.306	0	-1154.306	-0.4656381
846500	-1072.272	0	-1072.272	-0.343104
847000	-1035.753	0	-1035.753	-0.4717745
847500	-1123.978	0	-1123.978	-0.4893075
848000	-1078.713	0	-1078.713	-0.5783474
848500	-1039.439	0	-1039.439	-0.565303
849000	-1068.284	0	-1068.284	-0.5751213
849500	-1020.788	0	-1020.788	-0.3755277
850000	-1049.7	0	-1049.7	-0.4956721
850500	-1155.85	0	-1155.85	-0.526085
851000	-988.9681	0	-988.9681	-0.3841841
851500	-1060.453	0	-1060.453	-0.2611844
852000	-1028.423	0	-1028.423	-0.4311188
852500	-1045.522	0	-1045.522	-0.2712371
853000	-1024.251	0	-1024.251	-0.299348
853500	-933.2364	0	-933.2364	-0.471516
854000	-883.6252	0	-883.6252	-0.5095686
854500	-886.0984	0	-886.0984	-0.565975
855000	-926.988	0	-926.988	-0.5814674
855500	-929.9753	0	-929.9753	-0.5289575
856000	-948.416	0	-948.416	-0.6365425
856500	-831.9235	0	-831.9235	-0.6261794
857000	-791.2045	0	-791.2045	-0.6339858
857500	-835.0144	0	-835.0144	-0.6357816
858000	-872.3628	0	-872.3628	-0.6239221
858500	-798.5712	0	-798.5712	-0.6481234
859000	-854.7617	0	-854.7617	-0.6939629
859500	-887.8832	0	-887.8832	-0.6683319
860000	-935.5597	0	-935.5597	-0.6066465
860500	-1015.884	0	-1015.884	-0.6538916
861000	-1053.686	0	-1053.686	-0.6333712
861500	-1047.574	0	-1047.574	-0.621424
862000	-1030.535	0	-1030.535	-0.4990464
862500	-1028.913	0	-1028.913	-0.5144144
863000	-973.4529	0	-973.4529	-0.4467386
863500	-946.2876	0	-946.2876	-0.4731608
864000	-958.7093	0	-958.7093	-0.4128719
864500	-941.9514	0	-941.9514	-0.489254
865000	-986.3267	0	-986.3267	-0.4882845
865500	-994.7613	0	-994.7613	-0.3757926
866000	-990.4122	0	-990.4122	-0.3549082
866500	-1081.67	0	-1081.67	-0.2770861
867000	-1121.023	0	-1121.023	-0.3880359
867500	-1115.133	0	-1115.133	-0.3634908
868000	-1048.84	0	-1048.84	-0.3216417
868500	-1072.992	0	-1072.992	-0.5020082
869000	-1019.912	0	-1019.912	-0.7534968
869500	-1008.269	0	-1008.269	-0.770577
870000	-1058.129	0	-1058.129	-0.6439213
870500	-1106.219	0	-1106.219	-0.6154242
871000	-1035.743	0	-1035.743	-0.6551439
871500	-1103.224	0	-1103.224	-0.3387442
872000	-1084.516	0	-1084.516	-0.5216771
872500	-1080.44	0	-1080.44	-0.6419851
873000	-1137.856	0	-1137.856	-0.6359908
873500	-1139.351	0	-1139.351	-0.6585445
874000	-1138.715	0	-1138.715	-0.5138449
874500	-1164.697	0	-1164.697	-0.6167167
875000	-1162.698	0	-1162.698	-0.7799848
875500	-1173.03	0	-1173.03	-0.503664
876000	-1182.223	0	-1182.223	-0.6878039
876500	-1115.157	0	-1115.157	-0.6193085
877000	-1101.418	0	-1101.418	-0.6590923
877500	-1116.614	0	-1116.614	-0.6488821
878000	-1091.138	0	-1091.138	-0.6291415
878500	-1143.64	0	-1143.64	-0.5323487
879000	-1146.003	0	-1146.003	-0.6854649
879500	-1102.058	0	-1102.058	-0.571033
880000	-955.845	0	-955.845	-0.841616
880500	-1032.626	0	-1032.626	-0.6853492
881000	-1078.421	0	-1078.421	-0.7450689
881500	-1014.801	0	-1014.801	-0.745926
882000	-1033.377	0	-1033.377	-0.6968142
882500	-1085.158	0	-1085.158	-0.7301154
883000	-999.1343	0	-999.1343	-0.7648449
883500	-1068.55	0	-1068.55	-0.8442049
884000	-1006.118	0	-1006.118	-0.8883214
884500	-979.8074	0	-979.8074	-0.8378044
885000	-1054.42	0	-1054.42	-0.8028548
885500	-1142.638	0	-1142.638	-0.6692712
886000	-1131.728	0	-1131.728	-0.5438611
886500	-1161.904	0	-1161.904	-0.5471285
887000	-1163.211	0	-1163.211	-0.659663
887500	-1083.047	0	-1083.047	-0.7074958
888000	-1104.853	0	-1104.853	-0.7549469
888500	-1086.048	0	-1086.048	-0.6688422
889000	-1046.611	0	-1046.611	-0.750415
889500	-1123.619	0	-1123.619	-0.6969917
890000	-1087.256	0	-1087.256	-0.7159972
890500	-984.6637	0	-984.6637	-0.8602735
891000	-991.256	0	-991.256	-0.8700652
891500	-1036.188	0	-1036.188	-0.784127
892000	-1026.746	0	-1026.746	-0.7625455
892500	-1090.54	0	-1090.54	-0.7167809
893000	-1114.905	0	-1114.905	-0.617547
893500	-1068.478	0	-1068.478	-0.6917101
894000	-1143.981	0	-1143.981	-0.6334625
894500	-1202.036	0	-1202.036	-0.3690602
895000	-1116.438	0	-1116.438	-0.4879894
895500	-1112.081	0	-1112.081	-0.5898415
896000	-1131.719	0	-1131.719	-0.3975599
896500	-1123.677	0	-1123.677	-0.6215414
897000	-1109.484	0	-1109.484	-0.5281864
897500	-1203.456	0	-1203.456	-0.4599589
898000	-1226.561	0	-1226.561	-0.4885013
898500	-1226.874	0	-1226.874	-0.469237
899000	-1194.075	0	-1194.075	-0.6734097
899500	-1096.084	0	-1096.084	-0.7932
900000	-1084.461	0	-1084.461	-0.8086145
900500	-1116.332	0	-1116.332	-0.7956757
901000	-1027.01	0	-1027.01	-0.8018626
901500	-1089.937	0	-1089.937	-0.5184247
902000	-1101.986	0	-1101.986	-0.6089892
902500	-1051.396	0	-1051.396	-0.4420456
903000	-1125.653	0	-1125.653	-0.433755
903500	-1064.111	0	-1064.111	-0.4466353
904000	-1093.673	0	-1093.673	-0.5835731
904500	-1109.226	0	-1109.226	-0.5749141
905000	-1070.437	0	-1070.437	-0.4938273
905500	-1017.943	0	-1017.943	-0.5563357
906000	-1080.278	0	-1080.278	-0.5992646
906500	-1010.799	0	-1010.799	-0.6454235
907000	-991.6671	0	-991.6671	-0.5542692
907500	-1037.578	0	-1037.578	-0.7689938
908000	-1023.857	0	-1023.857	-0.6907339
908500	-1003.178	0	-1003.178	-0.6467574
909000	-1134.349	0	-1134.349	-0.5481318
909500	-1093.337	0	-1093.337	-0.8200211
910000	-1104.503	0	-1104.503	-0.7730585
910500	-1100.019	0	-1100.019	-0.6970876
911000	-1132.835	0	-1132.835	-0.6678864
911500	-1116.227	0	-1116.227	-0.7598092
912000	-1111.872	0	-1111.872	-0.7749419
912500	-1080.833	0	-1080.833	-0.8986322
913000	-1118.061	0	-1118.061	-0.8511245
913500	-1190.872	0	-1190.872	-0.7005708
914000	-1180.981	0	-1180.981	-0.533187
914500	-1174.841	0	-1174.841	-0.5659088
915000	-1087.542	0	-1087.542	-0.7123126
915500	-978.4051	0	-978.4051	-0.7321024
916000	-1087.395	0	-1087.395	-0.640018
916500	-1079.645	0	-1079.645	-0.5873143
917000	-1010.324	0	-1010.324	-0.666732
917500	-1057.809	0	-1057.809	-0.6034874
918000	-1114.792	0	-1114.792	-0.6647809
918500	-1151.558	0	-1151.558	-0.705951
919000	-1174.567	0	-1174.567	-0.6274934
919500	-1168.87	0	-1168.87	-0.7242381
920000	-1180.703	0	-1180.703	-0.556029
920500	-1154.967	0	-1154.967	-0.4974567
921000	-1168.09	0	-1168.09	-0.6202284
921500	-1128.481	0	-1128.481	-0.4255538
922000	-1131.493	0	-1131.493	-0.6841829
922500	-1110.313	0	-1110.313	-0.7068903
923000	-1093.902	0	-1093.902	-0.6224986
923500	-1132.322	0	-1132.322	-0.626516
924000	-1093.179	0	-1093.179	-0.6735925
924500	-1102.301	0	-1102.301	-0.6091324
925000	-1147.506	0	-1147.506	-0.7151441
925500	-1117.539	0	-1117.539	-0.7705888
926000	-1088.2	0	-1088.2	-0.8396003
926500	-1107.776	0	-1107.776	-0.7947873
927000	-1051.082	0	-1051.082	-0.8084753
927500	-1048.013	0	-1048.013	-0.8123871
928000	-1017.369	0	-1017.369	-0.7275432
928500	-1067.623	0	-1067.623	-0.681517
929000	-946.6826	0	-946.6826	-0.8147891
929500	-1032.365	0	-1032.365	-0.8283709
930000	-1003.079	0	-1003.079	-0.8098157
930500	-1024.646	0	-1024.646	-0.7450535
931000	-1021.875	0	-1021.875	-0.6726137
931500	-1143.309	0	-1143.309	-0.5995894
932000	-1107.035	0	-1107.035	-0.5853844
932500	-1087.9	0	-1087.9	-0.6864757
933000	-994.9481	0	-994.9481	-0.6332195
933500	-1008.644	0	-1008.644	-0.6314173
934000	-1084.646	0	-1084.646	-0.5637301
934500	-1139.039	0	-1139.039	-0.4386384
935000	-1094.253	0	-1094.253	-0.4820386
935500	-1050.285	0	-1050.285	-0.6684771
936000	-1080.667	0	-1080.667	-0.6093457
936500	-1008.21	0	-1008.21	-0.5909471
937000	-985.1704	0	-985.1704	-0.6665132
937500	-999.4242	0	-999.4242	-0.4434589
938000	-995.9529	0	-995.9529	-0.4654524
938500	-1075.989	0	-1075.989	-0.4771857
939000	-1029.834	0	-1029.834	-0.4292549
939500	-1048.802	0	-1048.802	-0.4531156
940000	-1024.244	0	-1024.244	-0.4123981
940500	-988.9056	0	-988.9056	-0.4989978
941000	-1040.139	0	-1040.139	-0.3552035
941500	-1033.113	0	-1033.113	-0.5218392
942000	-961.9596	0	-961.9596	-0.4464207
942500	-904.4075	0	-904.4075	-0.4570623
943000	-952.6112	0	-952.6112	-0.468003
943500	-1008.954	0	-1008.954	-0.5524251
944000	-1005.289	0	-1005.289	-0.5463653
944500	-1006.37	0	-1006.37	-0.5671584
945000	-984.4603	0	-984.4603	-0.486844
945500	-1087.589	0	-1087.589	-0.5417752
946000	-1044.545	0	-1044.545	-0.6899592
946500	-1048.887	0	-1048.887	-0.7537695
947000	-1024.189	0	-1024.189	-0.7357046
947500	-1053.303	0	-1053.303	-0.6136499
948000	-1005.88	0	-1005.88	-0.7718145
948500	-929.209	0	-929.209	-0.694337
949000	-919.0284	0	-919.0284	-0.6887769
949500	-914.6741	0	-914.6741	-0.7518253
950000	-1002.769	0	-1002.769	-0.6749536
950500	-1037.371	0	-1037.371	-0.8466939
951000	-966.8888	0	-966.8888	-0.8054995
951500	-867.4186	0	-867.4186	-0.7726701
952000	-1045.69	0	-1045.69	-0.7274143
952500	-996.2184	0	-996.2184	-0.7162479
953000	-986.4692	0	-986.4692	-0.7798604
953500	-980.2188	0	-980.2188	-0.6771737
954000	-1078.425	0	-1078.425	-0.719316
954500	-1028.029	0	-1028.029	-0.7319864
955000	-1061.947	0	-1061.947	-0.662671
955500	-1000.126	0	-1000.126	-0.7759257
956000	-961.6037	0	-961.6037	-0.7879523
956500	-976.7263	0	-976.7263	-0.7756035
957000	-1026.038	0	-1026.038	-0.6813179
957500	-1105.82	0	-1105.82	-0.4849461
958000	-1062.629	0	-1062.629	-0.6291459
958500	-1046.687	0	-1046.687	-0.4830194
959000	-1034.511	0	-1034.511	-0.6328119
959500	-1040.913	0	-1040.913	-0.7434398
960000	-1082.265	0	-1082.265	-0.6190319
960500	-1129.198	0	-1129.198	-0.6537658
961000	-1048.898	0	-1048.898	-0.8251398
961500	-1117.63	0	-1117.63	-0.7390592
962000	-1098.264	0	-1098.264	-0.7061349
962500	-1069.966	0	-1069.966	-0.5926472
963000	-999.4835	0	-999.4835	-0.6025181
963500	-1026.317	0	-1026.317	-0.6099988
964000	-1059.894	0	-1059.894	-0.5995537
964500	-969.6339	0	-969.6339	-0.7183581
965000	-1002.233	0	-1002.233	-0.8429708
965500	-925.599	0	-925.599	-0.8927024
966000	-1002.636	0	-1002.636	-0.8788401
966500	-1037.616	0	-1037.616	-0.7444824
967000	-1004.984	0	-1004.984	-0.7209275
967500	-886.9439	0	-886.9439	-0.9057106
968000	-973.4046	0	-973.4046	-0.7911643
968500	-989.8461	0	-989.8461	-0.8282786
969000	-1031.183	0	-1031.183	-0.7726798
969500	-980.4125	0	-980.4125	-0.7205821
970000	-1084.744	0	-1084.744	-0.4785164
970500	-1010.284	0	-1010.284	-0.7672237
971000	-1038.009	0	-1038.009	-0.7344213
971500	-1079.396	0	-1079.396	-0.7018923
972000	-1077.266	0	-1077.266	-0.53883
972500	-1093.942	0	-1093.942	-0.3222609
973000	-1092.021	0	-1092.021	-0.5053803
973500	-1090.506	0	-1090.506	-0.5636256
974000	-1126.64	0	-1126.64	-0.4571681
974500	-1123.759	0	-1123.759	-0.0453344
975000	-1095.697	0	-1095.697	-0.2261897
975500	-1063.77	0	-1063.77	-0.1782064
976000	-1133.097	0	-1133.097	-0.3749508
976500	-1026.164	0	-1026.164	-0.7463033
977000	-1032.838	0	-1032.838	-0.5785788
977500	-1083.089	0	-1083.089	-0.5054949
978000	-1092.883	0	-1092.883	-0.4317124
978500	-1024.609	0	-1024.609	-0.4954038
979000	-1149.625	0	-1149.625	-0.618097
979500	-1171.254	0	-1171.254	-0.547022
980000	-1052.376	0	-1052.376	-0.6007687
980500	-1125.364	0	-1125.364	-0.4670336
981000	-1097.315	0	-1097.315	-0.3035682
981500	-1109.381	0	-1109.381	-0.5145223
982000	-1182.877	0	-1182.877	-0.1487097
982500	-1186.926	0	-1186.926	-0.3298058
983000	-1101.809	0	-1101.809	0.03970191
983500	-1122.629	0	-1122.629	-0.06628057
984000	-1132.572	0	-1132.572	-0.2167712
984500	-1101.098	0	-1101.098	-0.307556
985000	-1100.254	0	-1100.254	-0.3461659
985500	-1135.886	0	-1135.886	-0.5067013
986000	-1115.551	0	-1115.551	-0.2865125
986500	-1095.224	0	-1095.224	-0.3830488
987000	-1099.135	0	-1099.135	-0.4324102
987500	-1137.556	0	-1137.556	-0.5148908
988000	-1135.422	0	-1135.422	-0.5486995
988500	-1153.191	0	-1153.191	-0.5717823
989000	-1126.16	0	-1126.16	-0.4774448
989500	-1137.7	0	-1137.7	-0.3417851
990000	-1104.841	0	-1104.841	-0.4406288
990500	-1057.179	0	-1057.179	-0.3708738
991000	-1051.201	0	-1051.201	-0.5314333
991500	-1028.42	0	-1028.42	-0.5877569
992000	-1117.213	0	-1117.213	-0.362485
992500	-1072.897	0	-1072.897	-0.3909606
993000	-1074.056	0	-1074.056	-0.5109916
993500	-1186.203	0	-1186.203	-0.3945827
994000	-1179.115	0	-1179.115	-0.4589018
994500	-1188.062	0	-1188.062	-0.5930039
995000	-1151.946	0	-1151.946	-0.6862324
995500	-1201.877	0	-1201.877	-0.5944173
996000	-1199.868	0	-1199.868	-0.7076051
996500	-1192.508	0	-1192.508	-0.6488171
997000	-1115.793	0	-1115.793	-0.7572762
997500	-1104.184	0	-1104.184	-0.6889552
998000	-1022.427	0	-1022.427	-0.9096095
998500	-1061.154	0	-1061.154	-0.7968187
999000	-1110.146	0	-1110.146	-0.7030603
999500	-1071.292	0	-1071.292	-0.7171615
1000000	-977.6529	0	-977.6529	-0.7025718
