Iteration	Posterior	Likelihood	Prior	rho[2][3]
0	-6745.466	0	-6745.466	0.7074229
500	-1185.533	0	-1185.533	-0.3743312
1000	-1216.797	0	-1216.797	-0.4541805
1500	-1163.849	0	-1163.849	-0.4541107
2000	-1138.38	0	-1138.38	-0.2908936
2500	-1155.783	0	-1155.783	-0.3387735
3000	-1172.92	0	-1172.92	-0.3627135
3500	-1132.039	0	-1132.039	-0.2445281
4000	-1128.967	0	-1128.967	-0.1720132
4500	-1136.101	0	-1136.101	-0.1749268
5000	-1139.731	0	-1139.731	-0.2388561
5500	-1092.51	0	-1092.51	-0.08880786
6000	-1169.09	0	-1169.09	-0.05199482
6500	-1088.315	0	-1088.315	0.0789145
7000	-1083.653	0	-1083.653	-0.04779763
7500	-1067.347	0	-1067.347	-0.1021812
8000	-1094.446	0	-1094.446	-0.07713149
8500	-1066.858	0	-1066.858	-0.1111557
9000	-1045.527	0	-1045.527	-0.2924774
9500	-961.6165	0	-961.6165	-0.1258302
10000	-1074.431	0	-1074.431	-0.08068515
10500	-1082.994	0	-1082.994	0.1964207
11000	-1032.749	0	-1032.749	0.248433
11500	-958.273	0	-958.273	0.08977048
12000	-973.0777	0	-973.0777	0.1162394
12500	-1015.582	0	-1015.582	0.1476589
13000	-965.4343	0	-965.4343	0.1134042
13500	-944.1389	0	-944.1389	0.1574567
14000	-896.4239	0	-896.4239	0.001253274
14500	-897.9202	0	-897.9202	0.09529917
15000	-804.0202	0	-804.0202	0.1049205
15500	-850.6665	0	-850.6665	0.1386258
16000	-869.6155	0	-869.6155	0.1574628
16500	-810.654	0	-810.654	0.2858263
17000	-852.7999	0	-852.7999	0.1966
17500	-890.9402	0	-890.9402	0.09416059
18000	-990.1745	0	-990.1745	-0.03025289
18500	-860.0064	0	-860.0064	0.08724096
19000	-956.1029	0	-956.1029	0.02850456
19500	-965.8109	0	-965.8109	0.1330371
20000	-979.7356	0	-979.7356	-0.06841767
20500	-1046.56	0	-1046.56	0.05544465
21000	-1038.777	0	-1038.777	0.2079097
21500	-927.8782	0	-927.8782	0.07996245
22000	-962.7937	0	-962.7937	0.01580561
22500	-1022.452	0	-1022.452	0.2900697
23000	-956.8842	0	-956.8842	0.1728228
23500	-974.9478	0	-974.9478	-0.04020215
24000	-883.5311	0	-883.5311	0.04919796
24500	-978.0493	0	-978.0493	0.1629305
25000	-965.0673	0	-965.0673	0.1121445
25500	-992.2978	0	-992.2978	-0.1125621
26000	-964.5376	0	-964.5376	-0.06211244
26500	-995.6821	0	-995.6821	-0.2326922
27000	-1016.627	0	-1016.627	-0.4414677
27500	-1079.82	0	-1079.82	-0.2203972
28000	-1068.151	0	-1068.151	0.02656904
28500	-1034.211	0	-1034.211	-0.161903
29000	-1138.565	0	-1138.565	0.06125933
29500	-1156.931	0	-1156.931	0.0889593
30000	-1074.967	0	-1074.967	-0.137827
30500	-1091.418	0	-1091.418	-0.1178371
31000	-1127.784	0	-1127.784	-0.1801536
31500	-1089.804	0	-1089.804	-0.2334256
32000	-1082.073	0	-1082.073	-0.1445694
32500	-1078.689	0	-1078.689	-0.2713407
33000	-988.6399	0	-988.6399	-0.2415416
33500	-1008.612	0	-1008.612	0.1201632
34000	-1101.261	0	-1101.261	0.1339303
34500	-1169.263	0	-1169.263	-0.03060732
35000	-1137.676	0	-1137.676	-0.1347798
35500	-1164.916	0	-1164.916	-0.1193744
36000	-1167.479	0	-1167.479	0.1472448
36500	-1112.28	0	-1112.28	0.07625825
37000	-1158.522	0	-1158.522	0.2349744
37500	-1169.576	0	-1169.576	0.009975247
38000	-1157.366	0	-1157.366	0.0408629
38500	-1169.779	0	-1169.779	0.1813156
39000	-1219.01	0	-1219.01	-0.02005203
39500	-1130.516	0	-1130.516	-0.1494193
40000	-1103.616	0	-1103.616	-0.3374424
40500	-1151.664	0	-1151.664	-0.01797053
41000	-1155.979	0	-1155.979	0.04768501
41500	-1180.23	0	-1180.23	-0.3916871
42000	-1166.521	0	-1166.521	-0.2463149
42500	-1149.484	0	-1149.484	-0.252018
43000	-1103.486	0	-1103.486	-0.3022339
43500	-1181.257	0	-1181.257	-0.05404001
44000	-1231.849	0	-1231.849	-0.1300207
44500	-1156.893	0	-1156.893	0.1087572
45000	-1101.675	0	-1101.675	-0.1412437
45500	-1094.8	0	-1094.8	0.01832493
46000	-1110.579	0	-1110.579	-0.05088326
46500	-1056.717	0	-1056.717	-0.02573476
47000	-1040.56	0	-1040.56	0.1533994
47500	-979.094	0	-979.094	0.01532272
48000	-1042.86	0	-1042.86	0.01022888
48500	-1110.949	0	-1110.949	0.1546533
49000	-1034.828	0	-1034.828	0.2535467
49500	-987.6217	0	-987.6217	0.1759208
50000	-1027.825	0	-1027.825	0.0647485
50500	-1073.922	0	-1073.922	0.1890989
51000	-1121.539	0	-1121.539	0.1206862
51500	-1082.174	0	-1082.174	0.09867837
52000	-1081.142	0	-1081.142	0.1763568
52500	-1108.563	0	-1108.563	-0.02157939
53000	-1137.906	0	-1137.906	0.2429806
53500	-1035.065	0	-1035.065	0.3452636
54000	-971.8506	0	-971.8506	0.3576285
54500	-950.461	0	-950.461	0.1789906
55000	-1009.286	0	-1009.286	0.1860978
55500	-905.3449	0	-905.3449	0.1144481
56000	-980.225	0	-980.225	-0.1694645
56500	-966.6051	0	-966.6051	-0.2345502
57000	-853.9578	0	-853.9578	-0.0457772
57500	-873.9882	0	-873.9882	-0.1003176
58000	-849.2551	0	-849.2551	-0.1927972
58500	-853.4794	0	-853.4794	-0.238611
59000	-1014.25	0	-1014.25	-0.1026652
59500	-972.6147	0	-972.6147	0.1301071
60000	-980.7158	0	-980.7158	0.3444264
60500	-1072.881	0	-1072.881	0.2047308
61000	-1055.162	0	-1055.162	0.39097
61500	-999.0041	0	-999.0041	0.3862462
62000	-980.0503	0	-980.0503	0.4183773
62500	-979.3376	0	-979.3376	0.4142821
63000	-905.5441	0	-905.5441	0.3442616
63500	-886.4264	0	-886.4264	0.415394
64000	-939.8137	0	-939.8137	0.3078217
64500	-934.2144	0	-934.2144	0.2778833
65000	-932.3087	0	-932.3087	0.1137324
65500	-939.5739	0	-939.5739	-0.00892197
66000	-957.8736	0	-957.8736	-0.04870484
66500	-1011.045	0	-1011.045	-0.02545068
67000	-1035.736	0	-1035.736	-0.007394831
67500	-988.0071	0	-988.0071	0.05036694
68000	-950.422	0	-950.422	0.1135945
68500	-1002.681	0	-1002.681	0.094064
69000	-972.3115	0	-972.3115	-0.07144016
69500	-1082.11	0	-1082.11	0.01179032
70000	-1008.55	0	-1008.55	-0.03982711
70500	-1030.067	0	-1030.067	0.2232248
71000	-1071.212	0	-1071.212	-0.1096792
71500	-955.7036	0	-955.7036	0.01979262
72000	-1035.046	0	-1035.046	0.1683951
72500	-1023.039	0	-1023.039	0.3783447
73000	-1025.635	0	-1025.635	0.2887063
73500	-1066.879	0	-1066.879	0.3090176
74000	-1162.256	0	-1162.256	0.4935783
74500	-1195.409	0	-1195.409	0.1445485
75000	-1129.753	0	-1129.753	0.2490511
75500	-1113.926	0	-1113.926	0.03384508
76000	-977.2596	0	-977.2596	0.168382
76500	-998.1572	0	-998.1572	0.212413
77000	-1080.032	0	-1080.032	0.1961304
77500	-1046.377	0	-1046.377	0.4073001
78000	-1053.464	0	-1053.464	0.1213583
78500	-1038.64	0	-1038.64	0.1592778
79000	-1036.922	0	-1036.922	0.3740702
79500	-1091.654	0	-1091.654	0.3850253
80000	-1028.363	0	-1028.363	0.1550113
80500	-1016.282	0	-1016.282	0.2812055
81000	-1036.054	0	-1036.054	0.09830571
81500	-1033.259	0	-1033.259	-0.11574
82000	-1027.046	0	-1027.046	-0.2450903
82500	-1040.121	0	-1040.121	0.008592133
83000	-1026.411	0	-1026.411	-0.1724374
83500	-1033.282	0	-1033.282	-0.07626234
84000	-1036.205	0	-1036.205	-0.0004211279
84500	-1038.83	0	-1038.83	0.1174766
85000	-1067.697	0	-1067.697	0.2771151
85500	-1024.92	0	-1024.92	0.06096243
86000	-981.0621	0	-981.0621	-0.08149604
86500	-1017.007	0	-1017.007	-0.01960853
87000	-982.4461	0	-982.4461	-0.247269
87500	-1035.303	0	-1035.303	-0.3019173
88000	-944.3265	0	-944.3265	-0.3429879
88500	-1034.841	0	-1034.841	-0.2415294
89000	-960.7877	0	-960.7877	-0.2121303
89500	-962.4941	0	-962.4941	-0.09908324
90000	-1033.293	0	-1033.293	-0.2226265
90500	-1111.12	0	-1111.12	-0.247256
91000	-1121.876	0	-1121.876	0.009007457
91500	-1140.782	0	-1140.782	0.05558031
92000	-1128.877	0	-1128.877	-0.04725291
92500	-1109.776	0	-1109.776	-0.4557401
93000	-1081.157	0	-1081.157	-0.2657883
93500	-1031.997	0	-1031.997	-0.2503433
94000	-975.9452	0	-975.9452	-0.5280164
94500	-987.7716	0	-987.7716	-0.3284198
95000	-1014.996	0	-1014.996	-0.1356356
95500	-1007.548	0	-1007.548	-0.2743878
96000	-1029.437	0	-1029.437	-0.1523816
96500	-988.0021	0	-988.0021	-0.171026
97000	-1016.969	0	-1016.969	-0.03185591
97500	-1083.252	0	-1083.252	0.1486254
98000	-980.9976	0	-980.9976	0.006017566
98500	-953.3276	0	-953.3276	0.02693108
99000	-902.9388	0	-902.9388	-0.008312989
99500	-970.3065	0	-970.3065	-0.09452965
100000	-882.6017	0	-882.6017	-0.1838185
100500	-1041.429	0	-1041.429	-0.08291124
101000	-1030.851	0	-1030.851	-0.0613716
101500	-1081.508	0	-1081.508	-0.0228445
102000	-1066.778	0	-1066.778	0.1594909
102500	-1032.94	0	-1032.94	-0.1210775
103000	-1032.087	0	-1032.087	-0.2630209
103500	-1010.38	0	-1010.38	-0.186954
104000	-971.573	0	-971.573	-0.2122446
104500	-1047.962	0	-1047.962	-0.1499364
105000	-968.8826	0	-968.8826	-0.04747078
105500	-897.7719	0	-897.7719	0.1141128
106000	-843.5792	0	-843.5792	0.1357336
106500	-802.1094	0	-802.1094	0.1003175
107000	-867.8437	0	-867.8437	0.1062404
107500	-849.3127	0	-849.3127	0.1070759
108000	-981.2126	0	-981.2126	0.1460985
108500	-910.9156	0	-910.9156	0.2910325
109000	-828.5822	0	-828.5822	0.195294
109500	-814.5075	0	-814.5075	0.2025328
110000	-679.865	0	-679.865	0.1896981
110500	-708.9291	0	-708.9291	0.1871285
111000	-752.5611	0	-752.5611	0.1860269
111500	-737.1972	0	-737.1972	0.1774143
112000	-765.5859	0	-765.5859	0.1823356
112500	-846.3602	0	-846.3602	0.1448858
113000	-799.4436	0	-799.4436	0.1472818
113500	-728.9797	0	-728.9797	0.1405598
114000	-708.9337	0	-708.9337	0.1419596
114500	-686.1867	0	-686.1867	0.1419596
115000	-689.1493	0	-689.1493	0.1375975
115500	-673.8807	0	-673.8807	0.1319318
116000	-750.9469	0	-750.9469	0.1378645
116500	-674.4085	0	-674.4085	0.1397845
117000	-629.0137	0	-629.0137	0.139487
117500	-635.4064	0	-635.4064	0.139487
118000	-675.9889	0	-675.9889	0.1378521
118500	-665.7394	0	-665.7394	0.1378521
119000	-645.954	0	-645.954	0.1358516
119500	-720.3631	0	-720.3631	0.1366691
120000	-701.7012	0	-701.7012	0.1409226
120500	-735.8328	0	-735.8328	0.1443966
121000	-688.5852	0	-688.5852	0.14816
121500	-728.2496	0	-728.2496	0.14816
122000	-664.4156	0	-664.4156	0.1519317
122500	-669.4229	0	-669.4229	0.1522205
123000	-760.2117	0	-760.2117	0.152652
123500	-648.6307	0	-648.6307	0.1402156
124000	-670.8708	0	-670.8708	0.1379114
124500	-652.645	0	-652.645	0.13837
125000	-732.7891	0	-732.7891	0.1383525
125500	-728.9129	0	-728.9129	0.1398815
126000	-746.503	0	-746.503	0.1446072
126500	-730.1362	0	-730.1362	0.1383621
127000	-745.3282	0	-745.3282	0.1398289
127500	-750.9718	0	-750.9718	0.1422833
128000	-781.2483	0	-781.2483	0.1574357
128500	-730.1357	0	-730.1357	0.1593182
129000	-729.535	0	-729.535	0.1603651
129500	-657.981	0	-657.981	0.1616073
130000	-682.2781	0	-682.2781	0.1613472
130500	-718.8947	0	-718.8947	0.1636483
131000	-728.2394	0	-728.2394	0.1650614
131500	-820.989	0	-820.989	0.1677272
132000	-823.0708	0	-823.0708	0.1615449
132500	-834.4051	0	-834.4051	0.1830288
133000	-837.7415	0	-837.7415	0.2069961
133500	-824.0135	0	-824.0135	0.1911818
134000	-810.5637	0	-810.5637	0.1873812
134500	-773.5519	0	-773.5519	0.1745157
135000	-817.6508	0	-817.6508	0.1730255
135500	-820.6932	0	-820.6932	0.1760431
136000	-804.6032	0	-804.6032	0.164176
136500	-801.8917	0	-801.8917	0.1625761
137000	-835.8363	0	-835.8363	0.193463
137500	-810.5758	0	-810.5758	0.1935404
138000	-806.0743	0	-806.0743	0.2068971
138500	-866.5889	0	-866.5889	0.1896708
139000	-941.9895	0	-941.9895	0.2153453
139500	-979.5258	0	-979.5258	0.04616
140000	-980.0094	0	-980.0094	0.1378616
140500	-941.6195	0	-941.6195	0.1803043
141000	-892.9255	0	-892.9255	0.1997139
141500	-865.9176	0	-865.9176	0.1673202
142000	-873.8862	0	-873.8862	0.1520542
142500	-811.4513	0	-811.4513	0.1319308
143000	-829.345	0	-829.345	0.193782
143500	-901.9337	0	-901.9337	0.1708518
144000	-869.2129	0	-869.2129	0.1500874
144500	-925.5514	0	-925.5514	0.2093691
145000	-953.7781	0	-953.7781	0.1085709
145500	-945.0164	0	-945.0164	0.06570909
146000	-798.9209	0	-798.9209	0.03086023
146500	-831.0621	0	-831.0621	0.02166018
147000	-850.2527	0	-850.2527	0.05297679
147500	-933.7647	0	-933.7647	0.05755995
148000	-810.6792	0	-810.6792	0.1145089
148500	-872.9711	0	-872.9711	0.1007244
149000	-979.0949	0	-979.0949	0.06647488
149500	-946.5598	0	-946.5598	0.04124417
150000	-867.5041	0	-867.5041	-0.06196538
150500	-818.9442	0	-818.9442	-0.09458532
151000	-827.5782	0	-827.5782	-0.09965368
151500	-996.4355	0	-996.4355	-0.05039845
152000	-909.6978	0	-909.6978	-0.04259303
152500	-930.7465	0	-930.7465	-0.07104938
153000	-846.6735	0	-846.6735	-0.06333353
153500	-695.9397	0	-695.9397	-0.06587953
154000	-757.4948	0	-757.4948	-0.06577956
154500	-735.6123	0	-735.6123	-0.06243248
155000	-795.9062	0	-795.9062	-0.06340216
155500	-820.9845	0	-820.9845	-0.05372655
156000	-830.4195	0	-830.4195	-0.04598822
156500	-815.1825	0	-815.1825	-0.04182545
157000	-897.6362	0	-897.6362	-0.04280166
157500	-929.4802	0	-929.4802	-0.08035015
158000	-932.5546	0	-932.5546	-0.122626
158500	-804.1967	0	-804.1967	-0.1495477
159000	-781.7064	0	-781.7064	-0.1524563
159500	-903.7377	0	-903.7377	-0.1257845
160000	-922.8825	0	-922.8825	-0.09122928
160500	-907.5748	0	-907.5748	-0.04217374
161000	-978.0229	0	-978.0229	-0.008771481
161500	-907.6211	0	-907.6211	0.07408067
162000	-965.8654	0	-965.8654	-0.07518556
162500	-922.3974	0	-922.3974	-0.007203042
163000	-956.5459	0	-956.5459	0.02229315
163500	-981.2783	0	-981.2783	0.1244171
164000	-1040.657	0	-1040.657	0.1646532
164500	-1007.612	0	-1007.612	0.2146725
165000	-1026.235	0	-1026.235	0.3450082
165500	-1042.668	0	-1042.668	0.4075341
166000	-1034.407	0	-1034.407	0.3189557
166500	-1070.384	0	-1070.384	0.1288623
167000	-1073.638	0	-1073.638	0.01601407
167500	-1064.796	0	-1064.796	-0.08612558
168000	-1018.45	0	-1018.45	0.02079565
168500	-980.9715	0	-980.9715	-0.1114901
169000	-1061.762	0	-1061.762	-0.01180755
169500	-980.205	0	-980.205	0.001440094
170000	-1018.927	0	-1018.927	0.06575005
170500	-1032.101	0	-1032.101	0.1673198
171000	-1026.245	0	-1026.245	0.0206833
171500	-964.2349	0	-964.2349	0.2319746
172000	-1016.749	0	-1016.749	0.2278903
172500	-942.5551	0	-942.5551	0.1796438
173000	-1018.551	0	-1018.551	0.1747383
173500	-871.5567	0	-871.5567	0.2501988
174000	-827.3392	0	-827.3392	0.2370827
174500	-976.3368	0	-976.3368	0.2369465
175000	-1050.675	0	-1050.675	0.06243353
175500	-986.124	0	-986.124	0.07578482
176000	-1070.009	0	-1070.009	-0.06344161
176500	-958.3486	0	-958.3486	0.1924323
177000	-1025.72	0	-1025.72	0.1702952
177500	-1021.25	0	-1021.25	0.3476487
178000	-1030.689	0	-1030.689	0.3575321
178500	-1046.658	0	-1046.658	0.3610748
179000	-1055.626	0	-1055.626	0.3229404
179500	-1030.8	0	-1030.8	0.1792951
180000	-1056.282	0	-1056.282	0.4189649
180500	-998.0064	0	-998.0064	0.3487246
181000	-977.4552	0	-977.4552	0.4178123
181500	-1093.968	0	-1093.968	0.2793619
182000	-1081.485	0	-1081.485	0.4587936
182500	-1024.25	0	-1024.25	0.5365525
183000	-1045.244	0	-1045.244	0.4245308
183500	-1043.952	0	-1043.952	0.278661
184000	-1057.176	0	-1057.176	0.2536061
184500	-1072.973	0	-1072.973	0.2759729
185000	-1049.246	0	-1049.246	0.2425217
185500	-925.0633	0	-925.0633	0.05619024
186000	-938.1366	0	-938.1366	-0.0146932
186500	-981.4562	0	-981.4562	0.1638777
187000	-1004.141	0	-1004.141	0.09545088
187500	-1040.194	0	-1040.194	0.09941989
188000	-1021.212	0	-1021.212	0.2126705
188500	-968.515	0	-968.515	0.1094734
189000	-978.1742	0	-978.1742	0.2545994
189500	-1015.855	0	-1015.855	0.3344116
190000	-1011.883	0	-1011.883	0.3586119
190500	-975.9868	0	-975.9868	0.343902
191000	-1018.258	0	-1018.258	0.2625131
191500	-1026.861	0	-1026.861	0.4063052
192000	-977.3671	0	-977.3671	0.4286293
192500	-924.0102	0	-924.0102	0.3838167
193000	-1008.485	0	-1008.485	0.514049
193500	-1059.409	0	-1059.409	0.2755749
194000	-1033.685	0	-1033.685	0.2629697
194500	-1064.49	0	-1064.49	0.2800576
195000	-937.3533	0	-937.3533	0.3711045
195500	-983.6593	0	-983.6593	0.1393406
196000	-1000.23	0	-1000.23	0.2588935
196500	-949.0386	0	-949.0386	0.3596406
197000	-963.0091	0	-963.0091	0.2010162
197500	-940.6514	0	-940.6514	0.2902458
198000	-923.2312	0	-923.2312	0.2152469
198500	-966.2531	0	-966.2531	0.2333075
199000	-968.1359	0	-968.1359	0.3281172
199500	-933.15	0	-933.15	0.2787862
200000	-907.0311	0	-907.0311	0.2270691
200500	-986.9983	0	-986.9983	0.1227503
201000	-975.8593	0	-975.8593	0.0610029
201500	-957.1435	0	-957.1435	0.1036194
202000	-951.0463	0	-951.0463	0.2222824
202500	-974.9939	0	-974.9939	0.2769442
203000	-1064.882	0	-1064.882	0.2698558
203500	-1063.809	0	-1063.809	0.3391068
204000	-1037.433	0	-1037.433	0.2172099
204500	-952.9561	0	-952.9561	-0.2925121
205000	-1072.601	0	-1072.601	-0.1114636
205500	-1070.205	0	-1070.205	0.1373993
206000	-1066.804	0	-1066.804	0.02335912
206500	-1049.632	0	-1049.632	-0.0758944
207000	-1022.397	0	-1022.397	-0.2671937
207500	-935.5883	0	-935.5883	-0.2783557
208000	-883.2033	0	-883.2033	-0.2434255
208500	-906.1216	0	-906.1216	-0.1925927
209000	-920.3582	0	-920.3582	-0.136341
209500	-975.3057	0	-975.3057	-0.001397624
210000	-959.8723	0	-959.8723	-0.06377678
210500	-997.6284	0	-997.6284	-0.06896289
211000	-972.734	0	-972.734	-0.009411888
211500	-899.581	0	-899.581	-0.07558
212000	-956.2941	0	-956.2941	0.03548328
212500	-932.7725	0	-932.7725	0.05949875
213000	-859.0642	0	-859.0642	0.08284422
213500	-852.4429	0	-852.4429	0.07314092
214000	-894.7626	0	-894.7626	0.007472654
214500	-1006.205	0	-1006.205	0.07981041
215000	-1000.209	0	-1000.209	-0.08729711
215500	-1009.675	0	-1009.675	0.02967135
216000	-1086.931	0	-1086.931	-0.04976443
216500	-1052.499	0	-1052.499	0.04255825
217000	-1071.465	0	-1071.465	0.2389433
217500	-1085.497	0	-1085.497	0.00976741
218000	-1018.916	0	-1018.916	-0.143006
218500	-1056.789	0	-1056.789	-0.04853276
219000	-1092.675	0	-1092.675	0.1560245
219500	-1082.714	0	-1082.714	-0.1079601
220000	-974.5822	0	-974.5822	-0.07607823
220500	-934.1781	0	-934.1781	-0.04624786
221000	-928.6708	0	-928.6708	0.07797543
221500	-899.0843	0	-899.0843	0.106909
222000	-1013.504	0	-1013.504	0.1810749
222500	-1032.803	0	-1032.803	0.2000451
223000	-1024.859	0	-1024.859	0.1040192
223500	-1106.509	0	-1106.509	0.194314
224000	-1078.525	0	-1078.525	0.2149747
224500	-1106.996	0	-1106.996	-0.09483957
225000	-1161.07	0	-1161.07	0.02176833
225500	-1144.8	0	-1144.8	0.2740044
226000	-1154.309	0	-1154.309	0.1368521
226500	-1045.938	0	-1045.938	0.09098222
227000	-1054.591	0	-1054.591	0.1615398
227500	-996.5357	0	-996.5357	0.2288564
228000	-1075.399	0	-1075.399	0.07633
228500	-1009.201	0	-1009.201	-0.01152694
229000	-976.8805	0	-976.8805	-0.02846257
229500	-879.6785	0	-879.6785	-0.05349376
230000	-902.2176	0	-902.2176	0.008450313
230500	-958.8316	0	-958.8316	0.02825961
231000	-944.9766	0	-944.9766	-0.01072747
231500	-965.8213	0	-965.8213	0.001907574
232000	-1008.381	0	-1008.381	-0.356473
232500	-979.1434	0	-979.1434	-0.1433449
233000	-1026.023	0	-1026.023	-0.098571
233500	-1019.717	0	-1019.717	-0.1453478
234000	-995.5344	0	-995.5344	-0.3199628
234500	-940.2127	0	-940.2127	-0.2109886
235000	-917.6817	0	-917.6817	-0.3529292
235500	-906.4461	0	-906.4461	-0.3436527
236000	-905.7168	0	-905.7168	-0.2814449
236500	-1021.25	0	-1021.25	-0.1241333
237000	-1058.757	0	-1058.757	-0.1391067
237500	-1022.685	0	-1022.685	0.04142113
238000	-1000.413	0	-1000.413	0.04453733
238500	-1017.231	0	-1017.231	-0.07564038
239000	-1089.918	0	-1089.918	0.1052284
239500	-1095.81	0	-1095.81	-0.2144807
240000	-1070.988	0	-1070.988	-0.1249702
240500	-1042.261	0	-1042.261	-0.07832027
241000	-947.8149	0	-947.8149	-0.1000404
241500	-984.6321	0	-984.6321	0.09548704
242000	-981.6783	0	-981.6783	0.1461568
242500	-988.0676	0	-988.0676	0.1544174
243000	-950.9859	0	-950.9859	0.08914201
243500	-959.6053	0	-959.6053	0.1330171
244000	-1027.572	0	-1027.572	0.09713934
244500	-1049.267	0	-1049.267	0.05667579
245000	-956.3494	0	-956.3494	-0.006453451
245500	-919.5098	0	-919.5098	0.1559621
246000	-949.2705	0	-949.2705	0.3073052
246500	-1059.083	0	-1059.083	0.314913
247000	-1047.457	0	-1047.457	0.3718738
247500	-1075.491	0	-1075.491	0.07662227
248000	-1036.933	0	-1036.933	0.1125066
248500	-1093.097	0	-1093.097	0.1954638
249000	-945.1896	0	-945.1896	0.2625561
249500	-985.3798	0	-985.3798	0.4291103
250000	-883.7025	0	-883.7025	0.3992885
250500	-923.9946	0	-923.9946	0.3475041
251000	-1022.152	0	-1022.152	0.3196548
251500	-1025.801	0	-1025.801	0.1952302
252000	-939.8155	0	-939.8155	0.3122932
252500	-1095.502	0	-1095.502	0.1297244
253000	-1034.187	0	-1034.187	0.5439033
253500	-1000.65	0	-1000.65	0.3982499
254000	-1002.549	0	-1002.549	0.5194422
254500	-1020.016	0	-1020.016	0.427667
255000	-1003.731	0	-1003.731	0.5247171
255500	-1053.022	0	-1053.022	0.5609488
256000	-1082.969	0	-1082.969	0.445569
256500	-1041.009	0	-1041.009	0.4616409
257000	-1100.304	0	-1100.304	0.338464
257500	-1143.148	0	-1143.148	0.3794296
258000	-1115.19	0	-1115.19	0.4009902
258500	-1113.138	0	-1113.138	0.2012168
259000	-1108.179	0	-1108.179	0.2790567
259500	-1060.239	0	-1060.239	0.350611
260000	-1050.575	0	-1050.575	0.4429473
260500	-1012.924	0	-1012.924	0.2843707
261000	-1000.092	0	-1000.092	0.2678037
261500	-1025.369	0	-1025.369	0.375441
262000	-974.509	0	-974.509	0.4043084
262500	-951.1775	0	-951.1775	0.5502675
263000	-969.6519	0	-969.6519	0.5871522
263500	-1033.534	0	-1033.534	0.4815336
264000	-1024.681	0	-1024.681	0.4587272
264500	-1038.846	0	-1038.846	0.4015781
265000	-1063.036	0	-1063.036	0.3230614
265500	-1058.137	0	-1058.137	0.08872577
266000	-1057.718	0	-1057.718	0.1819489
266500	-1041.832	0	-1041.832	0.412142
267000	-1067.547	0	-1067.547	0.2991252
267500	-1109.763	0	-1109.763	0.134285
268000	-1090.754	0	-1090.754	0.2566574
268500	-1084.578	0	-1084.578	0.174986
269000	-1080.259	0	-1080.259	0.2044549
269500	-1140.322	0	-1140.322	0.1686988
270000	-1159.641	0	-1159.641	0.05605895
270500	-1164.55	0	-1164.55	-0.03177073
271000	-1144.995	0	-1144.995	0.09770155
271500	-1150.212	0	-1150.212	0.1504871
272000	-1087.8	0	-1087.8	0.09752272
272500	-1141.118	0	-1141.118	-0.05917922
273000	-1090.05	0	-1090.05	-0.2492333
273500	-1158.923	0	-1158.923	-0.1423849
274000	-1096.851	0	-1096.851	0.1853699
274500	-1093.206	0	-1093.206	0.1607118
275000	-1116.971	0	-1116.971	0.177344
275500	-1069.652	0	-1069.652	0.1635355
276000	-1008.881	0	-1008.881	0.1860651
276500	-1008.464	0	-1008.464	0.2649803
277000	-1145.423	0	-1145.423	0.02858112
277500	-1043.885	0	-1043.885	0.2361926
278000	-960.3906	0	-960.3906	0.336273
278500	-1094.221	0	-1094.221	0.1982796
279000	-1018.339	0	-1018.339	0.3348693
279500	-1062.221	0	-1062.221	0.2532187
280000	-1071.751	0	-1071.751	0.1574875
280500	-988.8401	0	-988.8401	0.3410579
281000	-1062.068	0	-1062.068	0.2035723
281500	-1139.786	0	-1139.786	-0.03548971
282000	-1111.332	0	-1111.332	0.1104935
282500	-1069.026	0	-1069.026	0.1817056
283000	-1092.502	0	-1092.502	0.1473265
283500	-1043.45	0	-1043.45	-0.007011752
284000	-1069.584	0	-1069.584	0.01389411
284500	-988.1188	0	-988.1188	-0.07956898
285000	-1035.66	0	-1035.66	-0.1493631
285500	-985.8386	0	-985.8386	-0.1795125
286000	-1072.01	0	-1072.01	-0.07225874
286500	-1139.281	0	-1139.281	0.01440525
287000	-1166.258	0	-1166.258	-0.2819914
287500	-1102.707	0	-1102.707	-0.01295785
288000	-1104.719	0	-1104.719	0.1194911
288500	-1116.741	0	-1116.741	-0.03089238
289000	-1144.044	0	-1144.044	0.07392172
289500	-1077.619	0	-1077.619	0.05784315
290000	-1092.932	0	-1092.932	-0.09648909
290500	-1116.964	0	-1116.964	-0.005703055
291000	-1089.126	0	-1089.126	-0.05463866
291500	-1070.183	0	-1070.183	-0.3670294
292000	-1089.238	0	-1089.238	-0.3618739
292500	-1043.967	0	-1043.967	-0.3175705
293000	-1077.749	0	-1077.749	-0.2549502
293500	-1103.537	0	-1103.537	-0.04367249
294000	-1057.367	0	-1057.367	-0.0002281447
294500	-999.514	0	-999.514	-0.1477687
295000	-1014.574	0	-1014.574	0.1589326
295500	-1066.888	0	-1066.888	0.2903022
296000	-1047.227	0	-1047.227	0.183163
296500	-1046.303	0	-1046.303	0.1901008
297000	-1061.85	0	-1061.85	0.4680019
297500	-1115.749	0	-1115.749	0.1075274
298000	-1070.391	0	-1070.391	-0.1204326
298500	-1019.634	0	-1019.634	-0.07328107
299000	-1093.836	0	-1093.836	-0.01908281
299500	-1100.161	0	-1100.161	0.2150591
300000	-1078.062	0	-1078.062	0.2585307
300500	-1099.023	0	-1099.023	0.1842706
301000	-1162.651	0	-1162.651	0.355901
301500	-1094.709	0	-1094.709	0.08248804
302000	-1015.128	0	-1015.128	0.2421917
302500	-1037.553	0	-1037.553	0.07878797
303000	-1064.085	0	-1064.085	0.243234
303500	-994.075	0	-994.075	0.2729224
304000	-1063.481	0	-1063.481	0.4154173
304500	-998.0069	0	-998.0069	0.3123772
305000	-1052.832	0	-1052.832	0.2860814
305500	-1117.359	0	-1117.359	0.02595377
306000	-1131.58	0	-1131.58	0.2925318
306500	-1178.368	0	-1178.368	0.3840894
307000	-1118.316	0	-1118.316	0.01397812
307500	-1136.197	0	-1136.197	0.05930479
308000	-1089.586	0	-1089.586	0.2402411
308500	-1143.551	0	-1143.551	0.04075093
309000	-1137.208	0	-1137.208	-0.04038232
309500	-1171.305	0	-1171.305	0.2050328
310000	-1216.397	0	-1216.397	-0.09125428
310500	-1211.054	0	-1211.054	-0.1035944
311000	-1186.479	0	-1186.479	-0.07166969
311500	-1188.086	0	-1188.086	-0.0007622134
312000	-1262.521	0	-1262.521	-0.02932606
312500	-1197.938	0	-1197.938	-0.06884422
313000	-1159.264	0	-1159.264	0.03053725
313500	-1169.88	0	-1169.88	0.03370488
314000	-1131.402	0	-1131.402	-0.09207509
314500	-1132.882	0	-1132.882	-0.2055544
315000	-1140.153	0	-1140.153	0.08879444
315500	-1105.786	0	-1105.786	0.1208068
316000	-1040.592	0	-1040.592	0.1594151
316500	-1016.105	0	-1016.105	0.2296359
317000	-989.6512	0	-989.6512	-0.09161332
317500	-1028.754	0	-1028.754	0.1997682
318000	-1056.312	0	-1056.312	0.2241135
318500	-1035.098	0	-1035.098	0.2221418
319000	-1004.045	0	-1004.045	0.3421271
319500	-1070.046	0	-1070.046	0.4737659
320000	-1154.204	0	-1154.204	0.08384015
320500	-1097.638	0	-1097.638	0.2192274
321000	-1095.467	0	-1095.467	0.2628261
321500	-1066.937	0	-1066.937	0.2045191
322000	-1104.412	0	-1104.412	-0.2108628
322500	-1083.72	0	-1083.72	0.09829689
323000	-1143.266	0	-1143.266	0.1235015
323500	-1207.221	0	-1207.221	0.0262903
324000	-1159.647	0	-1159.647	0.257245
324500	-1098.596	0	-1098.596	0.2627627
325000	-984.7122	0	-984.7122	0.1964707
325500	-1005.766	0	-1005.766	0.1243847
326000	-1052.58	0	-1052.58	0.1616641
326500	-1086.491	0	-1086.491	0.0301845
327000	-1105.343	0	-1105.343	-0.1326442
327500	-1098.288	0	-1098.288	-0.1401159
328000	-1060.869	0	-1060.869	-0.05263179
328500	-1091.868	0	-1091.868	0.008284801
329000	-1102.129	0	-1102.129	0.2396045
329500	-1090.223	0	-1090.223	0.1173185
330000	-914.3952	0	-914.3952	0.05183843
330500	-987.511	0	-987.511	-0.3413454
331000	-954.7432	0	-954.7432	-0.05777241
331500	-981.2639	0	-981.2639	-0.1063546
332000	-942.8315	0	-942.8315	-0.08324809
332500	-1029.946	0	-1029.946	0.02050579
333000	-986.3549	0	-986.3549	-0.08099558
333500	-1038.688	0	-1038.688	0.01178064
334000	-1101.271	0	-1101.271	0.124811
334500	-1070.274	0	-1070.274	0.139207
335000	-1018.515	0	-1018.515	0.05187655
335500	-930.8133	0	-930.8133	0.1343696
336000	-1039.762	0	-1039.762	-0.1387171
336500	-975.043	0	-975.043	0.03147867
337000	-951.9082	0	-951.9082	0.06670942
337500	-1013.313	0	-1013.313	0.1124563
338000	-1058.337	0	-1058.337	0.07481703
338500	-1007.29	0	-1007.29	-0.01192225
339000	-984.7393	0	-984.7393	0.06318731
339500	-982.9089	0	-982.9089	0.09254624
340000	-960.5585	0	-960.5585	0.117206
340500	-930.1385	0	-930.1385	0.2174799
341000	-927.0414	0	-927.0414	0.1657841
341500	-881.2109	0	-881.2109	0.13248
342000	-1007.574	0	-1007.574	0.1358196
342500	-1012.289	0	-1012.289	0.06190059
343000	-922.9012	0	-922.9012	0.3711406
343500	-921.6098	0	-921.6098	0.194179
344000	-1014.019	0	-1014.019	0.2016252
344500	-1010.537	0	-1010.537	0.2537532
345000	-992.7225	0	-992.7225	0.3846439
345500	-1041.159	0	-1041.159	0.3607259
346000	-1044.685	0	-1044.685	0.2202799
346500	-1027.876	0	-1027.876	0.02028267
347000	-1046.708	0	-1046.708	0.1382153
347500	-1041.633	0	-1041.633	0.06919488
348000	-1028.071	0	-1028.071	0.4304141
348500	-1014.378	0	-1014.378	0.4125522
349000	-938.3411	0	-938.3411	0.5387758
349500	-1074.749	0	-1074.749	0.3889802
350000	-1140.744	0	-1140.744	0.1282282
350500	-1102.52	0	-1102.52	0.2758139
351000	-1035.198	0	-1035.198	0.3897458
351500	-989.3226	0	-989.3226	0.3211068
352000	-1054.871	0	-1054.871	0.2208203
352500	-981.3099	0	-981.3099	0.2279276
353000	-1034.57	0	-1034.57	0.2520931
353500	-1031.459	0	-1031.459	0.1139072
354000	-1061.935	0	-1061.935	0.3533327
354500	-1007.923	0	-1007.923	0.4198822
355000	-1116.182	0	-1116.182	0.322376
355500	-1106.224	0	-1106.224	0.211258
356000	-1084.088	0	-1084.088	0.5246778
356500	-1083.661	0	-1083.661	0.3162115
357000	-1128.649	0	-1128.649	0.07673777
357500	-1109.755	0	-1109.755	-0.02979289
358000	-1119.761	0	-1119.761	0.02326145
358500	-1144.543	0	-1144.543	0.1039221
359000	-1115.967	0	-1115.967	0.2319293
359500	-1093.575	0	-1093.575	0.1815121
360000	-1065.698	0	-1065.698	0.03012374
360500	-1081.044	0	-1081.044	0.0816346
361000	-920.5954	0	-920.5954	0.3546519
361500	-1129.041	0	-1129.041	0.2737533
362000	-1002.622	0	-1002.622	0.2102777
362500	-999.809	0	-999.809	0.1951144
363000	-982.954	0	-982.954	-0.04976234
363500	-1018.359	0	-1018.359	-0.05129097
364000	-1020.948	0	-1020.948	-0.00313959
364500	-1046.624	0	-1046.624	0.1442141
365000	-1061.91	0	-1061.91	-0.07512167
365500	-1059.097	0	-1059.097	0.2433126
366000	-1088.989	0	-1088.989	0.1483974
366500	-958.2699	0	-958.2699	0.1654784
367000	-986.2341	0	-986.2341	0.2949847
367500	-882.0161	0	-882.0161	0.5044773
368000	-929.4013	0	-929.4013	0.4595555
368500	-956.413	0	-956.413	0.4953249
369000	-969.3463	0	-969.3463	0.4110282
369500	-957.0097	0	-957.0097	0.4342208
370000	-1040.609	0	-1040.609	0.2677564
370500	-952.1451	0	-952.1451	0.2807982
371000	-937.7745	0	-937.7745	0.1561184
371500	-938.694	0	-938.694	0.2758773
372000	-934.0788	0	-934.0788	0.3640584
372500	-910.2677	0	-910.2677	0.2786548
373000	-971.9036	0	-971.9036	0.2345297
373500	-945.4068	0	-945.4068	0.404836
374000	-1050.786	0	-1050.786	0.2927272
374500	-1086.857	0	-1086.857	0.1515849
375000	-1058.962	0	-1058.962	-0.07110149
375500	-967.3913	0	-967.3913	0.1495003
376000	-961.3926	0	-961.3926	0.1443828
376500	-1014.887	0	-1014.887	-0.1085129
377000	-993.3857	0	-993.3857	0.1632816
377500	-930.9035	0	-930.9035	0.2328516
378000	-890.7179	0	-890.7179	0.1239703
378500	-951.5163	0	-951.5163	0.2326266
379000	-1058.391	0	-1058.391	-0.05604606
379500	-1022.167	0	-1022.167	-0.0277169
380000	-1053.012	0	-1053.012	-0.1037941
380500	-1045.163	0	-1045.163	0.1693059
381000	-963.4983	0	-963.4983	0.3253505
381500	-986.1938	0	-986.1938	0.1537563
382000	-931.9091	0	-931.9091	0.01369558
382500	-991.0778	0	-991.0778	0.01145249
383000	-939.726	0	-939.726	-0.1839523
383500	-1001.053	0	-1001.053	-0.244789
384000	-1100.967	0	-1100.967	0.03819472
384500	-1090.663	0	-1090.663	-0.1437156
385000	-1098.237	0	-1098.237	-0.2665732
385500	-1041.726	0	-1041.726	-0.2155408
386000	-1072.825	0	-1072.825	-0.2561771
386500	-1009.964	0	-1009.964	0.08484891
387000	-1013.028	0	-1013.028	0.07828894
387500	-1063.363	0	-1063.363	-0.003693965
388000	-1026.303	0	-1026.303	-0.01208299
388500	-1103.444	0	-1103.444	-0.1232136
389000	-1074.937	0	-1074.937	0.1572461
389500	-1003.417	0	-1003.417	0.1971349
390000	-993.8188	0	-993.8188	0.07709888
390500	-997.0253	0	-997.0253	0.1985316
391000	-895.5078	0	-895.5078	0.1749224
391500	-888.3859	0	-888.3859	0.108026
392000	-950.0676	0	-950.0676	0.2280255
392500	-918.0171	0	-918.0171	0.2835437
393000	-973.1188	0	-973.1188	0.1097574
393500	-987.4746	0	-987.4746	0.03858543
394000	-1015.107	0	-1015.107	-0.08755436
394500	-1013.254	0	-1013.254	0.1096921
395000	-1040.987	0	-1040.987	0.1676873
395500	-1060.54	0	-1060.54	0.3210503
396000	-1112.075	0	-1112.075	0.3900982
396500	-1057.856	0	-1057.856	0.4608941
397000	-1046.65	0	-1046.65	0.3541519
397500	-1121.439	0	-1121.439	0.3686083
398000	-1064.778	0	-1064.778	0.3784045
398500	-1078.43	0	-1078.43	0.2255725
399000	-1090.479	0	-1090.479	0.1194392
399500	-1079.892	0	-1079.892	0.2839696
400000	-1006.3	0	-1006.3	0.5208639
400500	-936.7477	0	-936.7477	0.6571631
401000	-931.1056	0	-931.1056	0.4686357
401500	-937.9772	0	-937.9772	0.2333808
402000	-950.286	0	-950.286	0.1110586
402500	-965.1265	0	-965.1265	0.05344681
403000	-1016.874	0	-1016.874	0.168189
403500	-1053.979	0	-1053.979	0.2462415
404000	-1055.164	0	-1055.164	0.3883652
404500	-1128.551	0	-1128.551	0.175477
405000	-1102.206	0	-1102.206	0.4604584
405500	-1127.146	0	-1127.146	0.2676259
406000	-1040.534	0	-1040.534	0.1543693
406500	-1053.382	0	-1053.382	0.04923887
407000	-1061.424	0	-1061.424	0.2340949
407500	-1068.883	0	-1068.883	0.1598646
408000	-1084.541	0	-1084.541	0.09570461
408500	-1013.265	0	-1013.265	0.169798
409000	-964.2279	0	-964.2279	0.6004893
409500	-956.3693	0	-956.3693	0.482912
410000	-925.2578	0	-925.2578	0.5119557
410500	-871.3	0	-871.3	0.574484
411000	-785.133	0	-785.133	0.6009037
411500	-781.7969	0	-781.7969	0.5989466
412000	-825.1928	0	-825.1928	0.6205182
412500	-856.0731	0	-856.0731	0.5692802
413000	-845.2827	0	-845.2827	0.338043
413500	-856.5571	0	-856.5571	0.3664724
414000	-835.2842	0	-835.2842	0.260164
414500	-835.836	0	-835.836	0.380252
415000	-890.8048	0	-890.8048	0.4206012
415500	-908.6283	0	-908.6283	0.1054136
416000	-892.8982	0	-892.8982	0.1942309
416500	-803.6473	0	-803.6473	0.2049067
417000	-818.7529	0	-818.7529	0.2315875
417500	-828.2612	0	-828.2612	0.2114427
418000	-784.6326	0	-784.6326	0.1904735
418500	-776.0325	0	-776.0325	0.2535289
419000	-887.1725	0	-887.1725	0.4329061
419500	-856.8992	0	-856.8992	0.5061584
420000	-893.7662	0	-893.7662	0.3775515
420500	-894.1232	0	-894.1232	0.3864266
421000	-940.6898	0	-940.6898	0.5998721
421500	-824.7027	0	-824.7027	0.6115779
422000	-922.3472	0	-922.3472	0.4675833
422500	-955.8851	0	-955.8851	0.2308192
423000	-834.1556	0	-834.1556	0.1075258
423500	-897.4505	0	-897.4505	0.2433788
424000	-917.4793	0	-917.4793	0.2290295
424500	-846.987	0	-846.987	0.2809707
425000	-793.1715	0	-793.1715	0.3081592
425500	-886.0655	0	-886.0655	0.2455153
426000	-803.3482	0	-803.3482	0.4415409
426500	-850.1133	0	-850.1133	0.4811722
427000	-929.8129	0	-929.8129	0.5244735
427500	-964.3457	0	-964.3457	0.4843924
428000	-932.9471	0	-932.9471	0.2892331
428500	-921.2471	0	-921.2471	0.3206369
429000	-965.2636	0	-965.2636	0.118832
429500	-1015.522	0	-1015.522	0.2679738
430000	-1084.546	0	-1084.546	0.4038241
430500	-1090.38	0	-1090.38	0.3918817
431000	-1115.679	0	-1115.679	0.4496326
431500	-1111.17	0	-1111.17	0.3807623
432000	-1160.909	0	-1160.909	0.3771416
432500	-1172.855	0	-1172.855	0.3356061
433000	-1157.092	0	-1157.092	0.4401865
433500	-1061.582	0	-1061.582	0.5678147
434000	-1130.748	0	-1130.748	0.4663842
434500	-1117.613	0	-1117.613	0.3985207
435000	-1044.873	0	-1044.873	0.2725254
435500	-1105.355	0	-1105.355	0.07166355
436000	-1050.568	0	-1050.568	0.3663913
436500	-1095.497	0	-1095.497	0.06251051
437000	-1186.132	0	-1186.132	-0.04266592
437500	-1080.118	0	-1080.118	-0.241257
438000	-1107.979	0	-1107.979	-0.08762418
438500	-1066.423	0	-1066.423	-0.1941952
439000	-986.3641	0	-986.3641	-0.04867653
439500	-1024.149	0	-1024.149	-0.1802921
440000	-1002.816	0	-1002.816	0.1325446
440500	-989.4375	0	-989.4375	0.1174705
441000	-954.6124	0	-954.6124	0.1994951
441500	-887.0619	0	-887.0619	0.2533413
442000	-850.5093	0	-850.5093	0.1644441
442500	-877.8111	0	-877.8111	0.167588
443000	-874.4856	0	-874.4856	0.1945099
443500	-898.3863	0	-898.3863	0.2109673
444000	-933.1119	0	-933.1119	0.35109
444500	-858.2975	0	-858.2975	0.3838235
445000	-1006.244	0	-1006.244	0.1670073
445500	-1047.923	0	-1047.923	0.2119152
446000	-968.6675	0	-968.6675	0.251836
446500	-969.3855	0	-969.3855	0.2182847
447000	-898.9887	0	-898.9887	0.3523363
447500	-953.8916	0	-953.8916	0.1931143
448000	-980.5875	0	-980.5875	0.2552389
448500	-870.7787	0	-870.7787	0.2037615
449000	-920.2885	0	-920.2885	0.1540873
449500	-944.1848	0	-944.1848	0.2114344
450000	-963.9294	0	-963.9294	0.1045118
450500	-939.5432	0	-939.5432	0.08726819
451000	-974.313	0	-974.313	0.1231383
451500	-1014.852	0	-1014.852	0.2448873
452000	-1012.936	0	-1012.936	0.05840481
452500	-1014.205	0	-1014.205	0.237639
453000	-1095.143	0	-1095.143	0.2314218
453500	-1150.491	0	-1150.491	0.362038
454000	-1158.569	0	-1158.569	0.2798329
454500	-1206.527	0	-1206.527	0.1553705
455000	-1148.002	0	-1148.002	0.0002807566
455500	-1151.629	0	-1151.629	-0.04925283
456000	-1173.59	0	-1173.59	-0.05171927
456500	-1041.832	0	-1041.832	-0.1729078
457000	-1109.768	0	-1109.768	0.03361858
457500	-1090.536	0	-1090.536	0.2176022
458000	-1064.84	0	-1064.84	0.1354054
458500	-1019.481	0	-1019.481	-0.07235151
459000	-1038.988	0	-1038.988	-0.2131233
459500	-1064.034	0	-1064.034	0.2327554
460000	-1095.903	0	-1095.903	0.08932436
460500	-1013.758	0	-1013.758	0.1645904
461000	-996.2429	0	-996.2429	0.04510559
461500	-1079.994	0	-1079.994	-0.2750846
462000	-1062.977	0	-1062.977	-0.1069383
462500	-1090.74	0	-1090.74	0.1900733
463000	-1037.52	0	-1037.52	0.24987
463500	-1171.649	0	-1171.649	0.2565986
464000	-1081.802	0	-1081.802	0.03841919
464500	-1105.929	0	-1105.929	0.09352352
465000	-1082.27	0	-1082.27	0.1361829
465500	-1107.124	0	-1107.124	0.1996141
466000	-1061.641	0	-1061.641	0.1168603
466500	-1090.759	0	-1090.759	0.2809965
467000	-1127.86	0	-1127.86	0.3220678
467500	-1109.097	0	-1109.097	0.3989179
468000	-1076.727	0	-1076.727	0.2448086
468500	-956.8068	0	-956.8068	0.3257767
469000	-956.6603	0	-956.6603	0.2973167
469500	-1066.33	0	-1066.33	0.3522518
470000	-1076.767	0	-1076.767	0.07381759
470500	-1088.272	0	-1088.272	0.1289159
471000	-1129.186	0	-1129.186	0.03733871
471500	-1060.569	0	-1060.569	0.2239977
472000	-1021.754	0	-1021.754	0.2522439
472500	-1137.784	0	-1137.784	0.2488603
473000	-1045.682	0	-1045.682	0.4207067
473500	-1085.046	0	-1085.046	0.08608184
474000	-1062.143	0	-1062.143	0.05938304
474500	-1125.14	0	-1125.14	-0.2417101
475000	-1017.245	0	-1017.245	0.08348309
475500	-1045.025	0	-1045.025	0.04512585
476000	-1092.352	0	-1092.352	-0.06552872
476500	-1086.637	0	-1086.637	-0.03793051
477000	-1114.197	0	-1114.197	0.029657
477500	-1128.035	0	-1128.035	0.2657876
478000	-1138.123	0	-1138.123	0.453036
478500	-1087.75	0	-1087.75	0.4533057
479000	-1112.249	0	-1112.249	0.438945
479500	-1045.371	0	-1045.371	0.3494969
480000	-992.0564	0	-992.0564	0.1893217
480500	-1026.09	0	-1026.09	0.3062968
481000	-1020.455	0	-1020.455	0.3175297
481500	-1025.627	0	-1025.627	0.07910423
482000	-970.3492	0	-970.3492	0.1792432
482500	-1034.969	0	-1034.969	0.1613205
483000	-1105.322	0	-1105.322	0.1215701
483500	-1135.127	0	-1135.127	0.2037958
484000	-1105.229	0	-1105.229	0.1074916
484500	-1025.554	0	-1025.554	-0.02676114
485000	-1109.232	0	-1109.232	0.2459543
485500	-1059.474	0	-1059.474	0.0769547
486000	-1048.414	0	-1048.414	0.1303005
486500	-1032.783	0	-1032.783	0.1005116
487000	-1058.937	0	-1058.937	0.2219059
487500	-1038.193	0	-1038.193	0.2616266
488000	-990.8808	0	-990.8808	0.07356938
488500	-1001.799	0	-1001.799	0.005332917
489000	-1024.02	0	-1024.02	-0.2018175
489500	-1155.361	0	-1155.361	0.2307189
490000	-1091.924	0	-1091.924	0.01333334
490500	-1170.25	0	-1170.25	0.1585872
491000	-1187.695	0	-1187.695	0.09600472
491500	-1182.292	0	-1182.292	0.1995105
492000	-1128.299	0	-1128.299	0.1155339
492500	-1107.243	0	-1107.243	0.3370521
493000	-1145.546	0	-1145.546	-0.03064252
493500	-1140.567	0	-1140.567	0.2138396
494000	-1135.023	0	-1135.023	0.02742821
494500	-1028.829	0	-1028.829	0.3176455
495000	-986.6899	0	-986.6899	0.1940527
495500	-1095.07	0	-1095.07	-0.01750161
496000	-1137.066	0	-1137.066	0.3175328
496500	-1111.267	0	-1111.267	0.183779
497000	-1070.094	0	-1070.094	0.1160219
497500	-1075.681	0	-1075.681	0.2073094
498000	-1118.692	0	-1118.692	0.2849173
498500	-1113.339	0	-1113.339	0.1836641
499000	-1081.732	0	-1081.732	0.361449
499500	-1120.75	0	-1120.75	0.2613942
500000	-1074.425	0	-1074.425	0.3232085
500500	-1142.289	0	-1142.289	0.4171081
501000	-1110.102	0	-1110.102	0.5342263
501500	-1114.483	0	-1114.483	0.4069952
502000	-1045.993	0	-1045.993	0.2704109
502500	-1097.34	0	-1097.34	0.3049259
503000	-1153.577	0	-1153.577	0.2784883
503500	-1147.961	0	-1147.961	0.08275614
504000	-1118.912	0	-1118.912	0.1069522
504500	-1154.126	0	-1154.126	0.01149342
505000	-1145.546	0	-1145.546	0.1737976
505500	-1106.899	0	-1106.899	0.06908118
506000	-1035.058	0	-1035.058	0.2103176
506500	-1074.759	0	-1074.759	0.2468013
507000	-1065.83	0	-1065.83	0.2264319
507500	-1127.431	0	-1127.431	0.2242927
508000	-1053.581	0	-1053.581	0.07483359
508500	-1119.803	0	-1119.803	-0.1017658
509000	-1144.684	0	-1144.684	-0.1715127
509500	-1158.859	0	-1158.859	-0.06353903
510000	-1100.805	0	-1100.805	-0.106795
510500	-1054.479	0	-1054.479	0.06454445
511000	-1127.192	0	-1127.192	0.0523561
511500	-1112.032	0	-1112.032	0.01318379
512000	-1081.275	0	-1081.275	0.01887732
512500	-1063.639	0	-1063.639	-0.03640555
513000	-1042.014	0	-1042.014	-0.002489181
513500	-1053.387	0	-1053.387	-0.06137945
514000	-1025.873	0	-1025.873	-0.02146977
514500	-1088.338	0	-1088.338	0.2562035
515000	-1047.579	0	-1047.579	0.05008667
515500	-1118.118	0	-1118.118	0.1593007
516000	-997.136	0	-997.136	0.2697659
516500	-1081.11	0	-1081.11	0.1430327
517000	-1016.796	0	-1016.796	0.02541835
517500	-1011.131	0	-1011.131	0.10742
518000	-1056.545	0	-1056.545	-0.02312012
518500	-1044.203	0	-1044.203	0.1691033
519000	-1086.996	0	-1086.996	0.1149046
519500	-1051.524	0	-1051.524	-0.02859506
520000	-1075.665	0	-1075.665	-0.01425919
520500	-1105.996	0	-1105.996	0.02094446
521000	-1096.779	0	-1096.779	-0.01240624
521500	-1172.376	0	-1172.376	-0.1016024
522000	-1018.861	0	-1018.861	0.1858749
522500	-1029.564	0	-1029.564	0.1452186
523000	-996.1762	0	-996.1762	0.2290379
523500	-957.1204	0	-957.1204	0.2149489
524000	-882.7137	0	-882.7137	0.148263
524500	-922.0043	0	-922.0043	0.1411553
525000	-1065.402	0	-1065.402	0.1969034
525500	-1040.688	0	-1040.688	0.0732994
526000	-1056.598	0	-1056.598	0.250928
526500	-1130.53	0	-1130.53	0.1092274
527000	-1087.244	0	-1087.244	-0.03019713
527500	-1112.945	0	-1112.945	-0.01943193
528000	-1072.789	0	-1072.789	-0.1134217
528500	-1123.527	0	-1123.527	0.09859211
529000	-1117.093	0	-1117.093	0.1797112
529500	-997.2825	0	-997.2825	0.1065278
530000	-978.28	0	-978.28	0.046651
530500	-1027.77	0	-1027.77	0.0653618
531000	-986.1833	0	-986.1833	0.09077237
531500	-940.2467	0	-940.2467	0.004750812
532000	-1018.645	0	-1018.645	0.1080488
532500	-1033.206	0	-1033.206	0.2261333
533000	-1008.55	0	-1008.55	0.2781374
533500	-1038.347	0	-1038.347	0.2412227
534000	-1018.208	0	-1018.208	0.09631344
534500	-1005.255	0	-1005.255	0.2858844
535000	-984.645	0	-984.645	-0.06799392
535500	-968.5318	0	-968.5318	-0.03161024
536000	-892.4824	0	-892.4824	0.1889312
536500	-954.3954	0	-954.3954	0.2914455
537000	-967.5313	0	-967.5313	0.217342
537500	-905.6601	0	-905.6601	0.4123709
538000	-939.8003	0	-939.8003	0.2710999
538500	-925.5347	0	-925.5347	0.2570706
539000	-894.1892	0	-894.1892	0.2474115
539500	-819.0234	0	-819.0234	0.2290663
540000	-847.5166	0	-847.5166	0.2755878
540500	-970.6711	0	-970.6711	0.182634
541000	-1051.83	0	-1051.83	0.09147099
541500	-1025.303	0	-1025.303	0.244698
542000	-1006.688	0	-1006.688	0.1231075
542500	-1015.855	0	-1015.855	0.1017045
543000	-997.8765	0	-997.8765	-0.007266832
543500	-957.5649	0	-957.5649	-0.06247842
544000	-954.9372	0	-954.9372	-0.1852919
544500	-937.3031	0	-937.3031	0.3413367
545000	-909.9465	0	-909.9465	0.2735865
545500	-991.8917	0	-991.8917	0.3983173
546000	-928.1327	0	-928.1327	0.3682272
546500	-923.021	0	-923.021	0.2622386
547000	-948.8638	0	-948.8638	0.1463296
547500	-945.3995	0	-945.3995	0.02150465
548000	-888.0233	0	-888.0233	-0.1103063
548500	-858.1093	0	-858.1093	-0.1205911
549000	-899.0955	0	-899.0955	-0.0817622
549500	-919.8628	0	-919.8628	-0.1961214
550000	-980.1404	0	-980.1404	-0.05403808
550500	-950.8443	0	-950.8443	-0.1204276
551000	-1054.242	0	-1054.242	0.06550798
551500	-1146.177	0	-1146.177	0.02459783
552000	-1107.58	0	-1107.58	0.1260116
552500	-1125.867	0	-1125.867	0.1753319
553000	-1106.527	0	-1106.527	0.1220423
553500	-1094.122	0	-1094.122	0.1006922
554000	-1046.336	0	-1046.336	0.03431503
554500	-1007.941	0	-1007.941	-0.3291748
555000	-1001.516	0	-1001.516	-0.2317071
555500	-1066.427	0	-1066.427	-0.1858449
556000	-1070.142	0	-1070.142	-0.2743017
556500	-1095.254	0	-1095.254	-0.1112449
557000	-1142.598	0	-1142.598	-0.2086528
557500	-1197.708	0	-1197.708	-0.03866771
558000	-1125.648	0	-1125.648	0.1404355
558500	-1112.603	0	-1112.603	-0.04970757
559000	-1118.061	0	-1118.061	0.02644934
559500	-1068.876	0	-1068.876	0.07859107
560000	-1076.649	0	-1076.649	-0.01452189
560500	-1076.366	0	-1076.366	0.04837871
561000	-1074.221	0	-1074.221	0.1656404
561500	-1086.063	0	-1086.063	0.0385459
562000	-1051.27	0	-1051.27	0.1378642
562500	-1085.46	0	-1085.46	0.2687365
563000	-1017.295	0	-1017.295	0.436624
563500	-1116.332	0	-1116.332	0.2678773
564000	-1155.234	0	-1155.234	0.2663179
564500	-1089.331	0	-1089.331	0.1256407
565000	-1133.922	0	-1133.922	0.1358316
565500	-1136.406	0	-1136.406	0.03671
566000	-1112.695	0	-1112.695	0.3395844
566500	-1045.994	0	-1045.994	0.1904747
567000	-1090.44	0	-1090.44	-0.1054077
567500	-1135.824	0	-1135.824	0.1449173
568000	-1117.156	0	-1117.156	0.1218975
568500	-1171.795	0	-1171.795	0.01597667
569000	-1177.687	0	-1177.687	-0.08846183
569500	-1144.561	0	-1144.561	-0.1011324
570000	-1114.341	0	-1114.341	-0.1578077
570500	-1110.041	0	-1110.041	-0.2291503
571000	-1122.672	0	-1122.672	-0.2108423
571500	-1120.585	0	-1120.585	0.06145778
572000	-1126.665	0	-1126.665	0.06007337
572500	-1115.509	0	-1115.509	0.028346
573000	-1148.73	0	-1148.73	0.07730875
573500	-1110.863	0	-1110.863	-0.1455451
574000	-1196.468	0	-1196.468	-0.127525
574500	-1178.438	0	-1178.438	0.1099704
575000	-1164.503	0	-1164.503	0.004126752
575500	-1124.708	0	-1124.708	-0.1241281
576000	-1060.683	0	-1060.683	0.1475328
576500	-1086.353	0	-1086.353	0.1264145
577000	-1097.573	0	-1097.573	-0.07287047
577500	-1069.948	0	-1069.948	0.1692287
578000	-1093.384	0	-1093.384	0.3506041
578500	-1107.498	0	-1107.498	0.3145708
579000	-1109.264	0	-1109.264	0.149521
579500	-1099.892	0	-1099.892	0.1761222
580000	-1037.366	0	-1037.366	0.1407413
580500	-1066.679	0	-1066.679	0.3552541
581000	-981.2145	0	-981.2145	0.2501172
581500	-999.1296	0	-999.1296	0.1791004
582000	-963.8251	0	-963.8251	0.1542945
582500	-1002.292	0	-1002.292	0.01616792
583000	-971.7149	0	-971.7149	0.1230536
583500	-1007.374	0	-1007.374	0.3493374
584000	-988.299	0	-988.299	0.2288767
584500	-973.6389	0	-973.6389	0.08399047
585000	-1003.082	0	-1003.082	0.1836965
585500	-1014.351	0	-1014.351	0.1850873
586000	-1002.153	0	-1002.153	-0.0110452
586500	-1004.16	0	-1004.16	0.292273
587000	-989.4397	0	-989.4397	0.295535
587500	-962.734	0	-962.734	0.2396214
588000	-987.6391	0	-987.6391	0.2242651
588500	-951.5035	0	-951.5035	0.1880979
589000	-1033.224	0	-1033.224	0.0613923
589500	-1091.474	0	-1091.474	0.1249222
590000	-990.3238	0	-990.3238	0.04465994
590500	-1066.403	0	-1066.403	0.08582246
591000	-1081.704	0	-1081.704	0.112266
591500	-1176.471	0	-1176.471	0.06895681
592000	-1113.084	0	-1113.084	0.07930885
592500	-1037.065	0	-1037.065	0.2706866
593000	-1022.874	0	-1022.874	0.4201558
593500	-966.0383	0	-966.0383	0.6634351
594000	-1030.452	0	-1030.452	0.3810054
594500	-1039.449	0	-1039.449	0.5242133
595000	-1022.508	0	-1022.508	0.41182
595500	-1027.235	0	-1027.235	0.2181793
596000	-981.1284	0	-981.1284	0.1587545
596500	-969.7419	0	-969.7419	0.2090372
597000	-957.2683	0	-957.2683	0.2113029
597500	-975.5236	0	-975.5236	0.1938199
598000	-937.6953	0	-937.6953	0.3167445
598500	-959.7254	0	-959.7254	0.2834293
599000	-1018.851	0	-1018.851	0.1842753
599500	-1061.814	0	-1061.814	0.417207
600000	-1064.875	0	-1064.875	0.3367253
600500	-1098.212	0	-1098.212	0.3539692
601000	-1049.38	0	-1049.38	0.2623821
601500	-1067.821	0	-1067.821	0.1625715
602000	-1046.436	0	-1046.436	0.1472817
602500	-1087.674	0	-1087.674	0.3303376
603000	-1050.919	0	-1050.919	0.3312436
603500	-1077.501	0	-1077.501	0.1299968
604000	-1102.653	0	-1102.653	0.1133402
604500	-1028.485	0	-1028.485	-0.07908604
605000	-1136.932	0	-1136.932	0.2289688
605500	-1132.775	0	-1132.775	0.3489931
606000	-1170.054	0	-1170.054	0.2394275
606500	-1173.304	0	-1173.304	0.261575
607000	-1217.398	0	-1217.398	0.03965917
607500	-1091.891	0	-1091.891	-0.3617803
608000	-1092.491	0	-1092.491	-0.02807073
608500	-1133.248	0	-1133.248	-0.06485766
609000	-1164.062	0	-1164.062	-0.1977803
609500	-1106.646	0	-1106.646	-0.1001293
610000	-1075.067	0	-1075.067	0.04355648
610500	-1112.722	0	-1112.722	0.2532664
611000	-1128.943	0	-1128.943	0.1306202
611500	-1131.582	0	-1131.582	-0.0971874
612000	-1022.363	0	-1022.363	0.1371699
612500	-1065.934	0	-1065.934	-0.1366782
613000	-1024.285	0	-1024.285	0.1197046
613500	-1040.272	0	-1040.272	0.1817834
614000	-1094.326	0	-1094.326	0.23871
614500	-1058.904	0	-1058.904	0.282374
615000	-1077.76	0	-1077.76	0.3299627
615500	-1096.663	0	-1096.663	0.1623491
616000	-1035.768	0	-1035.768	0.1734098
616500	-1074.944	0	-1074.944	0.2145177
617000	-1041.978	0	-1041.978	0.3810721
617500	-944.2629	0	-944.2629	0.4591798
618000	-1013.825	0	-1013.825	0.2436551
618500	-1018.147	0	-1018.147	0.3761362
619000	-1044.59	0	-1044.59	0.3381834
619500	-1114.09	0	-1114.09	0.153122
620000	-1067.669	0	-1067.669	0.2636042
620500	-1034.888	0	-1034.888	0.3947781
621000	-1020.796	0	-1020.796	0.3315185
621500	-1039.15	0	-1039.15	0.242278
622000	-923.1549	0	-923.1549	0.3178438
622500	-866.15	0	-866.15	0.1910276
623000	-857.0545	0	-857.0545	0.2528375
623500	-969.8099	0	-969.8099	0.1875973
624000	-983.315	0	-983.315	0.2311694
624500	-1031.758	0	-1031.758	0.07861075
625000	-982.7085	0	-982.7085	0.1703881
625500	-1033.738	0	-1033.738	0.1401261
626000	-1003.904	0	-1003.904	0.4399769
626500	-1064.867	0	-1064.867	0.1296911
627000	-1037.525	0	-1037.525	0.05016614
627500	-1012.248	0	-1012.248	0.1204478
628000	-1034.552	0	-1034.552	0.1534898
628500	-953.6873	0	-953.6873	0.1405395
629000	-1051.574	0	-1051.574	0.1790517
629500	-981.8557	0	-981.8557	0.3034881
630000	-1011.467	0	-1011.467	0.1336446
630500	-1080.15	0	-1080.15	-0.1233099
631000	-1046.553	0	-1046.553	0.1812757
631500	-1055.28	0	-1055.28	0.3523631
632000	-1104.269	0	-1104.269	0.2510804
632500	-1149.343	0	-1149.343	0.2998734
633000	-1119.028	0	-1119.028	0.008709824
633500	-1075.589	0	-1075.589	-0.01048337
634000	-1083.593	0	-1083.593	-0.0794549
634500	-1122.861	0	-1122.861	0.2066947
635000	-1099.184	0	-1099.184	0.1613978
635500	-1034.674	0	-1034.674	0.2073296
636000	-949.8802	0	-949.8802	0.0345824
636500	-1000.073	0	-1000.073	0.2325376
637000	-935.9005	0	-935.9005	0.2214368
637500	-931.217	0	-931.217	0.1787705
638000	-1000.044	0	-1000.044	0.2356767
638500	-980.1124	0	-980.1124	0.344609
639000	-984.5938	0	-984.5938	0.5529021
639500	-996.1093	0	-996.1093	0.368431
640000	-935.0634	0	-935.0634	0.3369354
640500	-968.8641	0	-968.8641	0.3938142
641000	-921.2556	0	-921.2556	0.3934415
641500	-920.9634	0	-920.9634	0.3051892
642000	-899.59	0	-899.59	0.04659871
642500	-891.3182	0	-891.3182	0.2336638
643000	-881.4551	0	-881.4551	0.3272635
643500	-978.3758	0	-978.3758	0.2963423
644000	-894.0035	0	-894.0035	0.3632567
644500	-945.8361	0	-945.8361	0.2584159
645000	-1060.984	0	-1060.984	-0.08573339
645500	-994.8234	0	-994.8234	0.09005115
646000	-1016.833	0	-1016.833	0.2148477
646500	-1098.419	0	-1098.419	0.1457988
647000	-1040.056	0	-1040.056	0.009526415
647500	-980.7948	0	-980.7948	0.236607
648000	-921.8905	0	-921.8905	0.3999829
648500	-1005.353	0	-1005.353	0.1564926
649000	-1006.147	0	-1006.147	0.03057818
649500	-1003.335	0	-1003.335	-0.3248469
650000	-1008.563	0	-1008.563	0.1208247
650500	-866.2608	0	-866.2608	0.0533428
651000	-914.7823	0	-914.7823	0.1199763
651500	-901.9039	0	-901.9039	0.2391864
652000	-871.6239	0	-871.6239	0.1139271
652500	-941.9759	0	-941.9759	0.1100829
653000	-869.642	0	-869.642	0.1507726
653500	-852.9564	0	-852.9564	0.2342311
654000	-919.7401	0	-919.7401	0.1400575
654500	-997.3936	0	-997.3936	0.1954149
655000	-953.0727	0	-953.0727	0.1242289
655500	-853.5366	0	-853.5366	0.04083189
656000	-951.2992	0	-951.2992	0.03621257
656500	-922.2761	0	-922.2761	0.04732606
657000	-890.0866	0	-890.0866	0.1065695
657500	-926.8908	0	-926.8908	0.1006009
658000	-934.8906	0	-934.8906	0.07514541
658500	-907.0835	0	-907.0835	-0.06754751
659000	-942.3172	0	-942.3172	-0.1437909
659500	-867.1386	0	-867.1386	-0.1242423
660000	-857.1169	0	-857.1169	-0.0133431
660500	-921.0056	0	-921.0056	0.08040798
661000	-916.8992	0	-916.8992	0.1314167
661500	-933.0152	0	-933.0152	0.05936663
662000	-966.2622	0	-966.2622	0.1260255
662500	-930.5627	0	-930.5627	0.008623852
663000	-994.7509	0	-994.7509	-0.01267564
663500	-1012.616	0	-1012.616	0.04679715
664000	-1073.332	0	-1073.332	-0.04716987
664500	-1080.7	0	-1080.7	0.01862275
665000	-845.1912	0	-845.1912	0.004602727
665500	-719.3835	0	-719.3835	-0.1278828
666000	-862.3662	0	-862.3662	-0.0317965
666500	-913.653	0	-913.653	0.01592533
667000	-940.5792	0	-940.5792	0.2473827
667500	-875.9717	0	-875.9717	0.3213582
668000	-982.102	0	-982.102	0.3640129
668500	-931.9536	0	-931.9536	0.3756327
669000	-983.797	0	-983.797	0.276203
669500	-1044.597	0	-1044.597	0.09335045
670000	-1034.681	0	-1034.681	0.06296491
670500	-1059.228	0	-1059.228	0.03930415
671000	-1045.821	0	-1045.821	0.171267
671500	-1025.649	0	-1025.649	0.03402048
672000	-1089.213	0	-1089.213	-0.07218749
672500	-1131.007	0	-1131.007	-0.2437365
673000	-1194.28	0	-1194.28	-0.233289
673500	-1132.716	0	-1132.716	-0.04721687
674000	-1157.791	0	-1157.791	0.05283542
674500	-1130.278	0	-1130.278	-0.05918793
675000	-1037.568	0	-1037.568	0.1988638
675500	-1042.649	0	-1042.649	0.09105653
676000	-1134.167	0	-1134.167	0.35233
676500	-1058.083	0	-1058.083	0.3233926
677000	-1057.377	0	-1057.377	0.2624432
677500	-1073.932	0	-1073.932	0.2976687
678000	-1089.267	0	-1089.267	0.2184886
678500	-1035.25	0	-1035.25	0.0677338
679000	-1012.569	0	-1012.569	0.2146203
679500	-1053.265	0	-1053.265	0.1172867
680000	-963.1509	0	-963.1509	0.2849649
680500	-908.1839	0	-908.1839	0.1045355
681000	-983.0523	0	-983.0523	0.1007162
681500	-839.9559	0	-839.9559	-4.354265e-05
682000	-888.7291	0	-888.7291	0.05678827
682500	-945.9609	0	-945.9609	0.08769356
683000	-877.6213	0	-877.6213	0.2098161
683500	-847.4178	0	-847.4178	0.4031863
684000	-831.2008	0	-831.2008	0.4588606
684500	-814.0184	0	-814.0184	0.4654819
685000	-781.6696	0	-781.6696	0.4745809
685500	-812.0915	0	-812.0915	0.4735816
686000	-793.0241	0	-793.0241	0.4516645
686500	-844.5357	0	-844.5357	0.4311666
687000	-733.9662	0	-733.9662	0.4271328
687500	-855.7116	0	-855.7116	0.3899419
688000	-987.8986	0	-987.8986	0.3344882
688500	-1004.794	0	-1004.794	0.3177425
689000	-924.6356	0	-924.6356	0.322413
689500	-968.6558	0	-968.6558	0.1543841
690000	-998.8091	0	-998.8091	0.01696382
690500	-960.3259	0	-960.3259	-0.06474278
691000	-940.1821	0	-940.1821	0.1011643
691500	-857.7851	0	-857.7851	0.0150569
692000	-773.899	0	-773.899	-0.1559676
692500	-891.6501	0	-891.6501	-0.03982818
693000	-943.1885	0	-943.1885	-0.08991397
693500	-872.1144	0	-872.1144	-0.07252466
694000	-924.3976	0	-924.3976	0.01049986
694500	-973.0151	0	-973.0151	-0.0250787
695000	-958.9236	0	-958.9236	-0.02493919
695500	-971.6278	0	-971.6278	0.08676064
696000	-916.8739	0	-916.8739	0.3876305
696500	-1028.659	0	-1028.659	0.3288133
697000	-1002.573	0	-1002.573	0.1360337
697500	-993.6629	0	-993.6629	0.2027118
698000	-1002.92	0	-1002.92	-0.1148487
698500	-940.406	0	-940.406	0.0249486
699000	-872.9192	0	-872.9192	-0.05961566
699500	-937.6581	0	-937.6581	-0.0888063
700000	-895.7433	0	-895.7433	0.02888376
700500	-831.3722	0	-831.3722	0.1788992
701000	-877.7167	0	-877.7167	0.05657104
701500	-844.9346	0	-844.9346	-0.1432861
702000	-946.3707	0	-946.3707	-0.01142267
702500	-819.741	0	-819.741	0.03132108
703000	-786.8818	0	-786.8818	-0.206704
703500	-780.2122	0	-780.2122	-0.04998897
704000	-913.0346	0	-913.0346	-0.2763993
704500	-1024.579	0	-1024.579	-0.3486301
705000	-1042.172	0	-1042.172	-0.3057227
705500	-1010.709	0	-1010.709	-0.02703775
706000	-1006.856	0	-1006.856	-0.0620883
706500	-939.743	0	-939.743	0.08905391
707000	-979.7132	0	-979.7132	-0.007606371
707500	-996.3066	0	-996.3066	-0.1204153
708000	-963.4812	0	-963.4812	0.03234647
708500	-971.2688	0	-971.2688	0.09689752
709000	-930.4484	0	-930.4484	0.08326887
709500	-910.951	0	-910.951	0.01267394
710000	-923.399	0	-923.399	-0.02270108
710500	-987.22	0	-987.22	-0.169947
711000	-927.5737	0	-927.5737	-0.2417542
711500	-953.5956	0	-953.5956	-0.1754087
712000	-1037.208	0	-1037.208	-0.3080493
712500	-1036.878	0	-1036.878	-0.2816116
713000	-1074.166	0	-1074.166	0.05062301
713500	-1004.495	0	-1004.495	0.1798772
714000	-1055.339	0	-1055.339	0.05665878
714500	-944.1967	0	-944.1967	0.2203854
715000	-1011.932	0	-1011.932	0.08875559
715500	-1020.544	0	-1020.544	0.1345378
716000	-1020.061	0	-1020.061	0.1160999
716500	-1083.095	0	-1083.095	0.2261751
717000	-1010.793	0	-1010.793	-0.05175216
717500	-968.2753	0	-968.2753	0.1898241
718000	-967.2851	0	-967.2851	0.2922291
718500	-938.8615	0	-938.8615	0.2868635
719000	-880.7739	0	-880.7739	0.3739672
719500	-959.045	0	-959.045	0.2384734
720000	-932.0326	0	-932.0326	0.2835741
720500	-955.0623	0	-955.0623	0.2048199
721000	-882.4817	0	-882.4817	0.1792342
721500	-975.6567	0	-975.6567	-0.09676552
722000	-1009.752	0	-1009.752	-0.1586748
722500	-1074.053	0	-1074.053	-0.03408418
723000	-1049.269	0	-1049.269	0.1969847
723500	-1091.441	0	-1091.441	0.1350841
724000	-890.2879	0	-890.2879	0.3103159
724500	-901.3577	0	-901.3577	0.2497766
725000	-950.0013	0	-950.0013	0.2307987
725500	-1060.501	0	-1060.501	0.201934
726000	-1072.821	0	-1072.821	0.1089811
726500	-1020.811	0	-1020.811	0.300794
727000	-1042.545	0	-1042.545	0.1523438
727500	-1052.425	0	-1052.425	0.286073
728000	-1087.731	0	-1087.731	0.2474549
728500	-1091.275	0	-1091.275	0.3101372
729000	-1033.833	0	-1033.833	0.1467208
729500	-978.6	0	-978.6	0.2461419
730000	-1006.303	0	-1006.303	0.1343273
730500	-1012.529	0	-1012.529	0.0278189
731000	-1021.241	0	-1021.241	0.1329666
731500	-1009.487	0	-1009.487	0.003375201
732000	-1009.84	0	-1009.84	-0.08505342
732500	-953.2948	0	-953.2948	-0.1345932
733000	-1014.813	0	-1014.813	-0.07425776
733500	-1106.875	0	-1106.875	0.06358298
734000	-1113.567	0	-1113.567	-0.03966054
734500	-1095.787	0	-1095.787	-0.1466838
735000	-1156.465	0	-1156.465	0.05272981
735500	-1094.9	0	-1094.9	0.17729
736000	-1077.768	0	-1077.768	0.1962151
736500	-1047.482	0	-1047.482	0.1291447
737000	-1099.885	0	-1099.885	0.1601649
737500	-979.6804	0	-979.6804	0.3512523
738000	-1082.476	0	-1082.476	0.2312852
738500	-1000.738	0	-1000.738	0.0968165
739000	-1004.78	0	-1004.78	0.09182667
739500	-998.7335	0	-998.7335	0.3223337
740000	-1044.574	0	-1044.574	0.13926
740500	-1006.92	0	-1006.92	0.1015492
741000	-946.9919	0	-946.9919	-0.008863629
741500	-1049.166	0	-1049.166	0.01028288
742000	-1061.366	0	-1061.366	-0.09956641
742500	-1023.446	0	-1023.446	0.06663863
743000	-1090.898	0	-1090.898	-0.03229688
743500	-1025.268	0	-1025.268	-0.02975164
744000	-1044.067	0	-1044.067	0.1568664
744500	-1031.655	0	-1031.655	0.2678135
745000	-1005.965	0	-1005.965	0.3096439
745500	-1006.002	0	-1006.002	0.3051214
746000	-1016.643	0	-1016.643	0.2559608
746500	-1031.751	0	-1031.751	0.103524
747000	-1064.083	0	-1064.083	0.09813968
747500	-1029.885	0	-1029.885	-0.1214068
748000	-1074.824	0	-1074.824	0.113677
748500	-1073.894	0	-1073.894	0.1704218
749000	-1050.924	0	-1050.924	-0.0395944
749500	-1103.781	0	-1103.781	-0.03522292
750000	-1049.728	0	-1049.728	0.08259905
750500	-1161.74	0	-1161.74	-0.07885023
751000	-1100.848	0	-1100.848	0.1490401
751500	-1104.433	0	-1104.433	0.2018952
752000	-1030.22	0	-1030.22	0.1802989
752500	-1036.117	0	-1036.117	0.139934
753000	-912.2556	0	-912.2556	0.08101496
753500	-1040.672	0	-1040.672	0.2745908
754000	-1053.396	0	-1053.396	0.1134535
754500	-1016.717	0	-1016.717	0.08531371
755000	-1012.97	0	-1012.97	0.1732815
755500	-1024.216	0	-1024.216	0.1715306
756000	-957.8572	0	-957.8572	0.09532308
756500	-1040.037	0	-1040.037	0.08420654
757000	-1042.346	0	-1042.346	0.1352166
757500	-1054.059	0	-1054.059	0.03598259
758000	-1055.59	0	-1055.59	0.1569171
758500	-1064.544	0	-1064.544	0.02013819
759000	-1031.366	0	-1031.366	0.0233352
759500	-1039.479	0	-1039.479	0.02113603
760000	-1061.624	0	-1061.624	-0.05333844
760500	-1068.421	0	-1068.421	-0.1376059
761000	-1031.898	0	-1031.898	-0.06114732
761500	-1075.217	0	-1075.217	-0.09597106
762000	-1141.642	0	-1141.642	0.06287657
762500	-1020.06	0	-1020.06	0.1897808
763000	-1136.565	0	-1136.565	0.2245947
763500	-1020.079	0	-1020.079	0.1241998
764000	-1011.883	0	-1011.883	0.1201007
764500	-1069.252	0	-1069.252	0.1186766
765000	-1111.263	0	-1111.263	-0.1237793
765500	-1045.574	0	-1045.574	0.1451983
766000	-1042.101	0	-1042.101	0.1302513
766500	-1072.969	0	-1072.969	0.158689
767000	-1076.156	0	-1076.156	-0.07586511
767500	-1076.72	0	-1076.72	0.1166718
768000	-1074.227	0	-1074.227	0.05220981
768500	-1110.171	0	-1110.171	0.1486025
769000	-1064.966	0	-1064.966	-0.01256681
769500	-1020.645	0	-1020.645	-0.04872239
770000	-991.2907	0	-991.2907	0.301582
770500	-997.0771	0	-997.0771	0.2564895
771000	-1035.768	0	-1035.768	0.2885894
771500	-987.0902	0	-987.0902	0.3640203
772000	-942.6419	0	-942.6419	0.3195181
772500	-1009.777	0	-1009.777	0.3856986
773000	-1045.691	0	-1045.691	0.3396916
773500	-988.5939	0	-988.5939	0.3139505
774000	-961.1306	0	-961.1306	0.202304
774500	-948.0397	0	-948.0397	0.1820437
775000	-931.4236	0	-931.4236	0.1925686
775500	-984.0149	0	-984.0149	0.2373935
776000	-898.12	0	-898.12	0.3698718
776500	-946.1797	0	-946.1797	0.3163713
777000	-917.5762	0	-917.5762	0.359472
777500	-961.7277	0	-961.7277	0.3418762
778000	-987.6919	0	-987.6919	0.3038239
778500	-989.3067	0	-989.3067	0.1559032
779000	-1000.607	0	-1000.607	0.1786377
779500	-1027.39	0	-1027.39	0.26371
780000	-1013.806	0	-1013.806	0.2838628
780500	-1026.374	0	-1026.374	0.1521776
781000	-946.5084	0	-946.5084	0.3030305
781500	-1050.093	0	-1050.093	-0.03817888
782000	-967.2937	0	-967.2937	0.02636878
782500	-969.7351	0	-969.7351	0.2561442
783000	-1015.452	0	-1015.452	0.1809243
783500	-987.3577	0	-987.3577	0.1661056
784000	-964.879	0	-964.879	0.1200709
784500	-993.6555	0	-993.6555	0.4007224
785000	-1065.53	0	-1065.53	0.2073706
785500	-1018.43	0	-1018.43	0.383089
786000	-1029.471	0	-1029.471	0.231922
786500	-1115.24	0	-1115.24	0.03719302
787000	-1169.364	0	-1169.364	0.1967863
787500	-1237.369	0	-1237.369	0.07484694
788000	-1220.838	0	-1220.838	0.01462193
788500	-1205.726	0	-1205.726	0.1087077
789000	-1208.299	0	-1208.299	0.1665255
789500	-1151.679	0	-1151.679	0.2710803
790000	-1107.625	0	-1107.625	0.4515003
790500	-1123.18	0	-1123.18	-0.08161922
791000	-1145.208	0	-1145.208	0.2649303
791500	-1071.8	0	-1071.8	0.3647239
792000	-1023.511	0	-1023.511	0.2024868
792500	-1046.387	0	-1046.387	0.04052991
793000	-951.5237	0	-951.5237	0.2530641
793500	-976.8489	0	-976.8489	0.1837448
794000	-885.4711	0	-885.4711	0.07196562
794500	-951.6744	0	-951.6744	0.09358469
795000	-980.4828	0	-980.4828	0.1786793
795500	-1014.648	0	-1014.648	0.17715
796000	-1068.001	0	-1068.001	0.03361218
796500	-1107.862	0	-1107.862	-0.04007224
797000	-1056.896	0	-1056.896	0.1059514
797500	-1106.184	0	-1106.184	0.1440023
798000	-1146.929	0	-1146.929	0.04775637
798500	-1072.535	0	-1072.535	-0.09125754
799000	-1060.997	0	-1060.997	0.0506118
799500	-1072.927	0	-1072.927	0.07974907
800000	-1069.356	0	-1069.356	0.1081952
800500	-1109.384	0	-1109.384	0.1681974
801000	-1055.768	0	-1055.768	0.3112409
801500	-1157.402	0	-1157.402	0.330593
802000	-1124.538	0	-1124.538	0.2319231
802500	-1075.456	0	-1075.456	0.0832164
803000	-1085.693	0	-1085.693	-0.02864236
803500	-1132.846	0	-1132.846	0.05928961
804000	-1074.069	0	-1074.069	0.1881306
804500	-1084.532	0	-1084.532	0.4626588
805000	-1135.771	0	-1135.771	0.42341
805500	-1150.815	0	-1150.815	0.1248178
806000	-1107.239	0	-1107.239	0.04826953
806500	-1216.645	0	-1216.645	-0.01298969
807000	-1185.671	0	-1185.671	0.1903701
807500	-1229.752	0	-1229.752	0.1569962
808000	-1168.833	0	-1168.833	0.05821074
808500	-1091.902	0	-1091.902	0.1617179
809000	-1055.532	0	-1055.532	0.1316325
809500	-984.1286	0	-984.1286	0.4343491
810000	-984.2185	0	-984.2185	0.4254879
810500	-1091.586	0	-1091.586	0.1950361
811000	-1114.253	0	-1114.253	-0.04164467
811500	-1058.25	0	-1058.25	-0.02462489
812000	-1052.096	0	-1052.096	0.0605127
812500	-1110.498	0	-1110.498	0.04226898
813000	-1081.224	0	-1081.224	0.07036388
813500	-1150.527	0	-1150.527	0.1543725
814000	-1073.233	0	-1073.233	0.03464122
814500	-1066.6	0	-1066.6	0.1239834
815000	-1074.357	0	-1074.357	0.3065864
815500	-1063.099	0	-1063.099	0.06631731
816000	-928.105	0	-928.105	-0.03442623
816500	-996.8673	0	-996.8673	-0.08856273
817000	-928.8577	0	-928.8577	0.2535961
817500	-1052.335	0	-1052.335	-0.006938731
818000	-1032.865	0	-1032.865	-0.07227064
818500	-958.6924	0	-958.6924	-0.03539253
819000	-944.2454	0	-944.2454	0.12624
819500	-1058.5	0	-1058.5	0.352379
820000	-1073.856	0	-1073.856	0.180421
820500	-996.4403	0	-996.4403	0.3077624
821000	-1046.585	0	-1046.585	0.2171399
821500	-1165.137	0	-1165.137	0.2090214
822000	-1130.225	0	-1130.225	0.06345568
822500	-1214.599	0	-1214.599	0.01573753
823000	-1134.615	0	-1134.615	0.123869
823500	-1174.731	0	-1174.731	-0.09094229
824000	-1113.22	0	-1113.22	0.2521963
824500	-1096.698	0	-1096.698	0.07920489
825000	-1109.38	0	-1109.38	0.006812385
825500	-1083.915	0	-1083.915	0.3900998
826000	-1117.95	0	-1117.95	0.1732395
826500	-1113.347	0	-1113.347	0.1847045
827000	-997.6889	0	-997.6889	0.2928878
827500	-946.1152	0	-946.1152	0.1513573
828000	-908.6432	0	-908.6432	0.1152366
828500	-978.4051	0	-978.4051	-0.08617529
829000	-956.0016	0	-956.0016	0.3059799
829500	-936.3794	0	-936.3794	0.1637774
830000	-1001.659	0	-1001.659	0.2547246
830500	-922.5742	0	-922.5742	0.204847
831000	-913.5574	0	-913.5574	-0.07536124
831500	-989.3598	0	-989.3598	0.1324437
832000	-1062.185	0	-1062.185	0.102516
832500	-1019.048	0	-1019.048	-0.03839257
833000	-1035.58	0	-1035.58	-0.03156288
833500	-1021.624	0	-1021.624	-0.3570132
834000	-1004.35	0	-1004.35	-0.3249432
834500	-1111.343	0	-1111.343	-0.3132899
835000	-1088.962	0	-1088.962	-0.2134496
835500	-1056.235	0	-1056.235	-0.3397772
836000	-937.3482	0	-937.3482	-0.2637002
836500	-990.3942	0	-990.3942	-0.2767687
837000	-939.7536	0	-939.7536	-0.2167066
837500	-1035.412	0	-1035.412	-0.3003359
838000	-1083.736	0	-1083.736	-0.228202
838500	-1081.723	0	-1081.723	-0.05997123
839000	-1064.844	0	-1064.844	-0.1358613
839500	-1061.087	0	-1061.087	-0.06491473
840000	-1028.63	0	-1028.63	-0.1214506
840500	-1003.488	0	-1003.488	-0.1319746
841000	-1083.925	0	-1083.925	-0.181832
841500	-1067.983	0	-1067.983	-0.1234005
842000	-1115.122	0	-1115.122	0.04978819
842500	-1117.398	0	-1117.398	-0.03987537
843000	-1183.065	0	-1183.065	-0.1428239
843500	-1155.232	0	-1155.232	0.03431789
844000	-1189.663	0	-1189.663	-0.02084628
844500	-1249.094	0	-1249.094	0.1012285
845000	-1144.317	0	-1144.317	0.07824076
845500	-1151.4	0	-1151.4	-0.1020632
846000	-1154.306	0	-1154.306	0.1541306
846500	-1072.272	0	-1072.272	0.2105
847000	-1035.753	0	-1035.753	0.0880409
847500	-1123.978	0	-1123.978	-0.1001294
848000	-1078.713	0	-1078.713	0.3134256
848500	-1039.439	0	-1039.439	0.3007168
849000	-1068.284	0	-1068.284	0.1924969
849500	-1020.788	0	-1020.788	0.3393055
850000	-1049.7	0	-1049.7	0.2096243
850500	-1155.85	0	-1155.85	0.1949507
851000	-988.9681	0	-988.9681	0.2606559
851500	-1060.453	0	-1060.453	0.1501765
852000	-1028.423	0	-1028.423	0.4008767
852500	-1045.522	0	-1045.522	0.2385309
853000	-1024.251	0	-1024.251	0.3388136
853500	-933.2364	0	-933.2364	0.3386975
854000	-883.6252	0	-883.6252	0.3127947
854500	-886.0984	0	-886.0984	0.2923053
855000	-926.988	0	-926.988	0.3392466
855500	-929.9753	0	-929.9753	0.1161232
856000	-948.416	0	-948.416	0.2926196
856500	-831.9235	0	-831.9235	0.2611801
857000	-791.2045	0	-791.2045	0.3134995
857500	-835.0144	0	-835.0144	0.3275877
858000	-872.3628	0	-872.3628	0.3469665
858500	-798.5712	0	-798.5712	0.168644
859000	-854.7617	0	-854.7617	0.1113828
859500	-887.8832	0	-887.8832	0.1109282
860000	-935.5597	0	-935.5597	0.2964098
860500	-1015.884	0	-1015.884	0.3282875
861000	-1053.686	0	-1053.686	0.3107763
861500	-1047.574	0	-1047.574	0.171697
862000	-1030.535	0	-1030.535	0.3717051
862500	-1028.913	0	-1028.913	0.347305
863000	-973.4529	0	-973.4529	0.4913017
863500	-946.2876	0	-946.2876	0.5856515
864000	-958.7093	0	-958.7093	0.5247721
864500	-941.9514	0	-941.9514	0.5225566
865000	-986.3267	0	-986.3267	0.5500829
865500	-994.7613	0	-994.7613	0.4675303
866000	-990.4122	0	-990.4122	0.536501
866500	-1081.67	0	-1081.67	0.2335942
867000	-1121.023	0	-1121.023	0.2942635
867500	-1115.133	0	-1115.133	0.2533736
868000	-1048.84	0	-1048.84	0.343296
868500	-1072.992	0	-1072.992	0.3200115
869000	-1019.912	0	-1019.912	0.2525514
869500	-1008.269	0	-1008.269	0.2544046
870000	-1058.129	0	-1058.129	0.2213004
870500	-1106.219	0	-1106.219	0.2986929
871000	-1035.743	0	-1035.743	0.2361787
871500	-1103.224	0	-1103.224	0.2805944
872000	-1084.516	0	-1084.516	0.1842653
872500	-1080.44	0	-1080.44	0.3620535
873000	-1137.856	0	-1137.856	0.3001489
873500	-1139.351	0	-1139.351	0.3926852
874000	-1138.715	0	-1138.715	0.3470827
874500	-1164.697	0	-1164.697	0.0776577
875000	-1162.698	0	-1162.698	0.1963974
875500	-1173.03	0	-1173.03	0.3042527
876000	-1182.223	0	-1182.223	0.171036
876500	-1115.157	0	-1115.157	0.1796775
877000	-1101.418	0	-1101.418	0.3124138
877500	-1116.614	0	-1116.614	0.3132986
878000	-1091.138	0	-1091.138	0.2403494
878500	-1143.64	0	-1143.64	0.4480498
879000	-1146.003	0	-1146.003	0.0003251439
879500	-1102.058	0	-1102.058	-0.02886493
880000	-955.845	0	-955.845	0.119701
880500	-1032.626	0	-1032.626	0.2958865
881000	-1078.421	0	-1078.421	0.1181524
881500	-1014.801	0	-1014.801	0.1848694
882000	-1033.377	0	-1033.377	0.3601604
882500	-1085.158	0	-1085.158	0.1758134
883000	-999.1343	0	-999.1343	0.04550353
883500	-1068.55	0	-1068.55	0.1419905
884000	-1006.118	0	-1006.118	0.1204365
884500	-979.8074	0	-979.8074	0.3336958
885000	-1054.42	0	-1054.42	0.2323411
885500	-1142.638	0	-1142.638	0.1900444
886000	-1131.728	0	-1131.728	0.1964446
886500	-1161.904	0	-1161.904	0.2208074
887000	-1163.211	0	-1163.211	0.1060268
887500	-1083.047	0	-1083.047	0.1245228
888000	-1104.853	0	-1104.853	0.1405644
888500	-1086.048	0	-1086.048	0.3097443
889000	-1046.611	0	-1046.611	0.2995591
889500	-1123.619	0	-1123.619	0.1295545
890000	-1087.256	0	-1087.256	0.258121
890500	-984.6637	0	-984.6637	0.2225701
891000	-991.256	0	-991.256	0.2408642
891500	-1036.188	0	-1036.188	0.2957587
892000	-1026.746	0	-1026.746	0.1553302
892500	-1090.54	0	-1090.54	0.2316605
893000	-1114.905	0	-1114.905	0.3099276
893500	-1068.478	0	-1068.478	0.3161971
894000	-1143.981	0	-1143.981	0.3683377
894500	-1202.036	0	-1202.036	0.3209268
895000	-1116.438	0	-1116.438	0.4190184
895500	-1112.081	0	-1112.081	0.4668885
896000	-1131.719	0	-1131.719	0.5598712
896500	-1123.677	0	-1123.677	0.2247997
897000	-1109.484	0	-1109.484	0.2434114
897500	-1203.456	0	-1203.456	0.2207459
898000	-1226.561	0	-1226.561	0.1868551
898500	-1226.874	0	-1226.874	0.115721
899000	-1194.075	0	-1194.075	0.3245113
899500	-1096.084	0	-1096.084	0.201262
900000	-1084.461	0	-1084.461	0.1063074
900500	-1116.332	0	-1116.332	0.05544261
901000	-1027.01	0	-1027.01	0.1551885
901500	-1089.937	0	-1089.937	0.1092349
902000	-1101.986	0	-1101.986	0.2146049
902500	-1051.396	0	-1051.396	0.3011552
903000	-1125.653	0	-1125.653	0.2346155
903500	-1064.111	0	-1064.111	0.3333849
904000	-1093.673	0	-1093.673	0.1697149
904500	-1109.226	0	-1109.226	0.2793871
905000	-1070.437	0	-1070.437	0.5137765
905500	-1017.943	0	-1017.943	0.3075083
906000	-1080.278	0	-1080.278	0.2142697
906500	-1010.799	0	-1010.799	0.4746076
907000	-991.6671	0	-991.6671	0.3267265
907500	-1037.578	0	-1037.578	0.3090018
908000	-1023.857	0	-1023.857	-0.09920941
908500	-1003.178	0	-1003.178	0.1619343
909000	-1134.349	0	-1134.349	0.08909331
909500	-1093.337	0	-1093.337	-0.154731
910000	-1104.503	0	-1104.503	0.07755551
910500	-1100.019	0	-1100.019	0.1106696
911000	-1132.835	0	-1132.835	-0.03543826
911500	-1116.227	0	-1116.227	0.1475207
912000	-1111.872	0	-1111.872	0.0471816
912500	-1080.833	0	-1080.833	0.26766
913000	-1118.061	0	-1118.061	0.2011165
913500	-1190.872	0	-1190.872	0.08421563
914000	-1180.981	0	-1180.981	0.2638947
914500	-1174.841	0	-1174.841	0.1596086
915000	-1087.542	0	-1087.542	0.2923549
915500	-978.4051	0	-978.4051	0.4840769
916000	-1087.395	0	-1087.395	0.23224
916500	-1079.645	0	-1079.645	0.3491485
917000	-1010.324	0	-1010.324	0.2409601
917500	-1057.809	0	-1057.809	0.3128554
918000	-1114.792	0	-1114.792	-0.1174572
918500	-1151.558	0	-1151.558	0.058025
919000	-1174.567	0	-1174.567	-0.02163237
919500	-1168.87	0	-1168.87	0.1632401
920000	-1180.703	0	-1180.703	-0.01955235
920500	-1154.967	0	-1154.967	0.2975433
921000	-1168.09	0	-1168.09	0.165746
921500	-1128.481	0	-1128.481	0.06786513
922000	-1131.493	0	-1131.493	-0.1799419
922500	-1110.313	0	-1110.313	0.02750673
923000	-1093.902	0	-1093.902	0.09294101
923500	-1132.322	0	-1132.322	0.09634463
924000	-1093.179	0	-1093.179	-0.06595267
924500	-1102.301	0	-1102.301	-0.09335717
925000	-1147.506	0	-1147.506	-0.2338259
925500	-1117.539	0	-1117.539	0.09580099
926000	-1088.2	0	-1088.2	-0.1975588
926500	-1107.776	0	-1107.776	0.01480548
927000	-1051.082	0	-1051.082	-0.04430951
927500	-1048.013	0	-1048.013	-0.3005424
928000	-1017.369	0	-1017.369	-0.03732955
928500	-1067.623	0	-1067.623	-0.007576852
929000	-946.6826	0	-946.6826	0.2221408
929500	-1032.365	0	-1032.365	-0.002827422
930000	-1003.079	0	-1003.079	-0.2747836
930500	-1024.646	0	-1024.646	-0.03380223
931000	-1021.875	0	-1021.875	0.1162694
931500	-1143.309	0	-1143.309	-0.009578674
932000	-1107.035	0	-1107.035	-0.02866364
932500	-1087.9	0	-1087.9	0.06802886
933000	-994.9481	0	-994.9481	0.3286968
933500	-1008.644	0	-1008.644	0.3089798
934000	-1084.646	0	-1084.646	0.173361
934500	-1139.039	0	-1139.039	0.3314662
935000	-1094.253	0	-1094.253	0.3992097
935500	-1050.285	0	-1050.285	0.3793185
936000	-1080.667	0	-1080.667	0.613657
936500	-1008.21	0	-1008.21	0.5513001
937000	-985.1704	0	-985.1704	0.3677715
937500	-999.4242	0	-999.4242	0.2824624
938000	-995.9529	0	-995.9529	0.3605376
938500	-1075.989	0	-1075.989	0.2301565
939000	-1029.834	0	-1029.834	0.08259576
939500	-1048.802	0	-1048.802	0.2955
940000	-1024.244	0	-1024.244	0.1892986
940500	-988.9056	0	-988.9056	-0.1461451
941000	-1040.139	0	-1040.139	0.03725806
941500	-1033.113	0	-1033.113	-0.02747408
942000	-961.9596	0	-961.9596	-0.09712191
942500	-904.4075	0	-904.4075	-0.07245453
943000	-952.6112	0	-952.6112	-0.232769
943500	-1008.954	0	-1008.954	-0.09039422
944000	-1005.289	0	-1005.289	0.2234283
944500	-1006.37	0	-1006.37	0.4779425
945000	-984.4603	0	-984.4603	0.5051293
945500	-1087.589	0	-1087.589	-0.1331325
946000	-1044.545	0	-1044.545	-0.001329588
946500	-1048.887	0	-1048.887	0.2182913
947000	-1024.189	0	-1024.189	0.1647098
947500	-1053.303	0	-1053.303	0.3673254
948000	-1005.88	0	-1005.88	0.2987562
948500	-929.209	0	-929.209	0.3606555
949000	-919.0284	0	-919.0284	0.3799382
949500	-914.6741	0	-914.6741	0.3916702
950000	-1002.769	0	-1002.769	0.4773886
950500	-1037.371	0	-1037.371	0.3433828
951000	-966.8888	0	-966.8888	0.4467387
951500	-867.4186	0	-867.4186	0.43409
952000	-1045.69	0	-1045.69	0.3334705
952500	-996.2184	0	-996.2184	0.01076139
953000	-986.4692	0	-986.4692	0.2323422
953500	-980.2188	0	-980.2188	0.3512509
954000	-1078.425	0	-1078.425	0.3233755
954500	-1028.029	0	-1028.029	0.298255
955000	-1061.947	0	-1061.947	0.3159131
955500	-1000.126	0	-1000.126	0.204887
956000	-961.6037	0	-961.6037	0.120866
956500	-976.7263	0	-976.7263	0.08428028
957000	-1026.038	0	-1026.038	0.1465678
957500	-1105.82	0	-1105.82	0.02581418
958000	-1062.629	0	-1062.629	-0.1782333
958500	-1046.687	0	-1046.687	-0.0193276
959000	-1034.511	0	-1034.511	-0.07431586
959500	-1040.913	0	-1040.913	-0.14981
960000	-1082.265	0	-1082.265	0.2408039
960500	-1129.198	0	-1129.198	0.185082
961000	-1048.898	0	-1048.898	0.2203006
961500	-1117.63	0	-1117.63	-0.06569534
962000	-1098.264	0	-1098.264	0.1084469
962500	-1069.966	0	-1069.966	0.2531089
963000	-999.4835	0	-999.4835	0.3087422
963500	-1026.317	0	-1026.317	0.2985198
964000	-1059.894	0	-1059.894	0.35462
964500	-969.6339	0	-969.6339	0.2936801
965000	-1002.233	0	-1002.233	0.2842888
965500	-925.599	0	-925.599	0.2234123
966000	-1002.636	0	-1002.636	0.2623
966500	-1037.616	0	-1037.616	0.350902
967000	-1004.984	0	-1004.984	0.2982487
967500	-886.9439	0	-886.9439	-0.1856151
968000	-973.4046	0	-973.4046	-0.11742
968500	-989.8461	0	-989.8461	-0.03386235
969000	-1031.183	0	-1031.183	0.1102006
969500	-980.4125	0	-980.4125	0.07702659
970000	-1084.744	0	-1084.744	0.1717496
970500	-1010.284	0	-1010.284	0.1881629
971000	-1038.009	0	-1038.009	0.2417635
971500	-1079.396	0	-1079.396	0.3480925
972000	-1077.266	0	-1077.266	0.3560302
972500	-1093.942	0	-1093.942	0.3266367
973000	-1092.021	0	-1092.021	0.4313064
973500	-1090.506	0	-1090.506	0.404078
974000	-1126.64	0	-1126.64	0.2393709
974500	-1123.759	0	-1123.759	0.1391289
975000	-1095.697	0	-1095.697	0.3248303
975500	-1063.77	0	-1063.77	0.2297836
976000	-1133.097	0	-1133.097	0.07871989
976500	-1026.164	0	-1026.164	0.07151424
977000	-1032.838	0	-1032.838	0.150698
977500	-1083.089	0	-1083.089	-0.07088412
978000	-1092.883	0	-1092.883	0.04175617
978500	-1024.609	0	-1024.609	-0.3367018
979000	-1149.625	0	-1149.625	-0.3110482
979500	-1171.254	0	-1171.254	0.07358047
980000	-1052.376	0	-1052.376	-0.04797321
980500	-1125.364	0	-1125.364	0.1347886
981000	-1097.315	0	-1097.315	0.03243009
981500	-1109.381	0	-1109.381	-0.2465982
982000	-1182.877	0	-1182.877	0.1451796
982500	-1186.926	0	-1186.926	0.05520128
983000	-1101.809	0	-1101.809	0.06520016
983500	-1122.629	0	-1122.629	0.1106166
984000	-1132.572	0	-1132.572	0.3549065
984500	-1101.098	0	-1101.098	0.1294616
985000	-1100.254	0	-1100.254	0.3623718
985500	-1135.886	0	-1135.886	0.1989048
986000	-1115.551	0	-1115.551	0.2887259
986500	-1095.224	0	-1095.224	0.1190912
987000	-1099.135	0	-1099.135	0.2559834
987500	-1137.556	0	-1137.556	0.161897
988000	-1135.422	0	-1135.422	0.01700243
988500	-1153.191	0	-1153.191	0.07123399
989000	-1126.16	0	-1126.16	0.1328415
989500	-1137.7	0	-1137.7	0.04427646
990000	-1104.841	0	-1104.841	0.2149602
990500	-1057.179	0	-1057.179	0.3299363
991000	-1051.201	0	-1051.201	0.3128728
991500	-1028.42	0	-1028.42	0.3880822
992000	-1117.213	0	-1117.213	0.2755931
992500	-1072.897	0	-1072.897	0.2561455
993000	-1074.056	0	-1074.056	0.2202374
993500	-1186.203	0	-1186.203	0.1636859
994000	-1179.115	0	-1179.115	0.1833458
994500	-1188.062	0	-1188.062	0.2848907
995000	-1151.946	0	-1151.946	0.09110153
995500	-1201.877	0	-1201.877	-0.1281071
996000	-1199.868	0	-1199.868	0.00853855
996500	-1192.508	0	-1192.508	-0.03284376
997000	-1115.793	0	-1115.793	0.09855386
997500	-1104.184	0	-1104.184	-0.05999951
998000	-1022.427	0	-1022.427	-0.2045743
998500	-1061.154	0	-1061.154	-0.204042
999000	-1110.146	0	-1110.146	-0.05532012
999500	-1071.292	0	-1071.292	-0.0211934
1000000	-977.6529	0	-977.6529	0.02576587
