Iteration	Posterior	Likelihood	Prior	rho[3][4]
0	-6745.466	0	-6745.466	0.6340945
500	-1185.533	0	-1185.533	0.06501415
1000	-1216.797	0	-1216.797	0.005348511
1500	-1163.849	0	-1163.849	-0.06820564
2000	-1138.38	0	-1138.38	-0.05345585
2500	-1155.783	0	-1155.783	0.09830804
3000	-1172.92	0	-1172.92	0.2148618
3500	-1132.039	0	-1132.039	0.2506196
4000	-1128.967	0	-1128.967	0.1143973
4500	-1136.101	0	-1136.101	0.3447402
5000	-1139.731	0	-1139.731	0.1405039
5500	-1092.51	0	-1092.51	0.4089469
6000	-1169.09	0	-1169.09	0.2484288
6500	-1088.315	0	-1088.315	0.2302768
7000	-1083.653	0	-1083.653	0.1488611
7500	-1067.347	0	-1067.347	0.3449796
8000	-1094.446	0	-1094.446	0.2741792
8500	-1066.858	0	-1066.858	0.3092292
9000	-1045.527	0	-1045.527	0.0147553
9500	-961.6165	0	-961.6165	0.3434725
10000	-1074.431	0	-1074.431	0.1819692
10500	-1082.994	0	-1082.994	0.1497191
11000	-1032.749	0	-1032.749	0.2094691
11500	-958.273	0	-958.273	0.1727781
12000	-973.0777	0	-973.0777	0.1020647
12500	-1015.582	0	-1015.582	0.1507085
13000	-965.4343	0	-965.4343	0.08316024
13500	-944.1389	0	-944.1389	-0.03325373
14000	-896.4239	0	-896.4239	0.1049773
14500	-897.9202	0	-897.9202	0.0534401
15000	-804.0202	0	-804.0202	0.09215475
15500	-850.6665	0	-850.6665	0.1640371
16000	-869.6155	0	-869.6155	0.07821758
16500	-810.654	0	-810.654	0.06945368
17000	-852.7999	0	-852.7999	0.1229838
17500	-890.9402	0	-890.9402	0.2314669
18000	-990.1745	0	-990.1745	0.3204848
18500	-860.0064	0	-860.0064	0.3167272
19000	-956.1029	0	-956.1029	0.2322293
19500	-965.8109	0	-965.8109	0.4301145
20000	-979.7356	0	-979.7356	0.4373429
20500	-1046.56	0	-1046.56	0.4850309
21000	-1038.777	0	-1038.777	0.4327176
21500	-927.8782	0	-927.8782	0.3256091
22000	-962.7937	0	-962.7937	0.2768977
22500	-1022.452	0	-1022.452	0.1545048
23000	-956.8842	0	-956.8842	0.2852506
23500	-974.9478	0	-974.9478	0.312628
24000	-883.5311	0	-883.5311	0.3873785
24500	-978.0493	0	-978.0493	0.240466
25000	-965.0673	0	-965.0673	0.4973676
25500	-992.2978	0	-992.2978	0.4147451
26000	-964.5376	0	-964.5376	0.404571
26500	-995.6821	0	-995.6821	0.4445995
27000	-1016.627	0	-1016.627	0.4421896
27500	-1079.82	0	-1079.82	0.2018483
28000	-1068.151	0	-1068.151	0.1008839
28500	-1034.211	0	-1034.211	0.1271716
29000	-1138.565	0	-1138.565	0.1070953
29500	-1156.931	0	-1156.931	0.3549584
30000	-1074.967	0	-1074.967	0.2592349
30500	-1091.418	0	-1091.418	0.4396189
31000	-1127.784	0	-1127.784	0.2598743
31500	-1089.804	0	-1089.804	0.2111782
32000	-1082.073	0	-1082.073	0.2875127
32500	-1078.689	0	-1078.689	0.4274349
33000	-988.6399	0	-988.6399	0.4011584
33500	-1008.612	0	-1008.612	0.2649112
34000	-1101.261	0	-1101.261	0.2321567
34500	-1169.263	0	-1169.263	0.4615637
35000	-1137.676	0	-1137.676	0.330249
35500	-1164.916	0	-1164.916	0.2140943
36000	-1167.479	0	-1167.479	0.1820652
36500	-1112.28	0	-1112.28	0.4007376
37000	-1158.522	0	-1158.522	0.3503038
37500	-1169.576	0	-1169.576	0.3923892
38000	-1157.366	0	-1157.366	0.4669066
38500	-1169.779	0	-1169.779	0.279836
39000	-1219.01	0	-1219.01	0.3065551
39500	-1130.516	0	-1130.516	0.4705844
40000	-1103.616	0	-1103.616	0.5585208
40500	-1151.664	0	-1151.664	0.4068698
41000	-1155.979	0	-1155.979	0.5039715
41500	-1180.23	0	-1180.23	0.342145
42000	-1166.521	0	-1166.521	0.4074357
42500	-1149.484	0	-1149.484	0.5295988
43000	-1103.486	0	-1103.486	0.2394509
43500	-1181.257	0	-1181.257	0.2952381
44000	-1231.849	0	-1231.849	0.2502014
44500	-1156.893	0	-1156.893	0.1676007
45000	-1101.675	0	-1101.675	0.2963305
45500	-1094.8	0	-1094.8	0.3012372
46000	-1110.579	0	-1110.579	0.4525097
46500	-1056.717	0	-1056.717	0.4276114
47000	-1040.56	0	-1040.56	0.3364725
47500	-979.094	0	-979.094	0.5601171
48000	-1042.86	0	-1042.86	0.5006218
48500	-1110.949	0	-1110.949	0.586368
49000	-1034.828	0	-1034.828	0.474043
49500	-987.6217	0	-987.6217	0.5246246
50000	-1027.825	0	-1027.825	0.5302048
50500	-1073.922	0	-1073.922	0.2379116
51000	-1121.539	0	-1121.539	0.20535
51500	-1082.174	0	-1082.174	0.3621107
52000	-1081.142	0	-1081.142	0.3586535
52500	-1108.563	0	-1108.563	0.4040714
53000	-1137.906	0	-1137.906	0.3678449
53500	-1035.065	0	-1035.065	0.3420338
54000	-971.8506	0	-971.8506	0.3174454
54500	-950.461	0	-950.461	0.2559243
55000	-1009.286	0	-1009.286	0.2324424
55500	-905.3449	0	-905.3449	0.2490797
56000	-980.225	0	-980.225	0.08273709
56500	-966.6051	0	-966.6051	-0.2130101
57000	-853.9578	0	-853.9578	0.004095186
57500	-873.9882	0	-873.9882	-0.07352973
58000	-849.2551	0	-849.2551	-0.08214276
58500	-853.4794	0	-853.4794	-0.06400356
59000	-1014.25	0	-1014.25	-0.06619765
59500	-972.6147	0	-972.6147	0.06387598
60000	-980.7158	0	-980.7158	-0.03554057
60500	-1072.881	0	-1072.881	0.286563
61000	-1055.162	0	-1055.162	0.2221909
61500	-999.0041	0	-999.0041	0.08458593
62000	-980.0503	0	-980.0503	0.06059367
62500	-979.3376	0	-979.3376	0.1673444
63000	-905.5441	0	-905.5441	0.1016437
63500	-886.4264	0	-886.4264	0.1004056
64000	-939.8137	0	-939.8137	0.1554236
64500	-934.2144	0	-934.2144	0.0998547
65000	-932.3087	0	-932.3087	0.1029792
65500	-939.5739	0	-939.5739	0.1852407
66000	-957.8736	0	-957.8736	0.2145579
66500	-1011.045	0	-1011.045	0.2382928
67000	-1035.736	0	-1035.736	0.08524572
67500	-988.0071	0	-988.0071	0.00173211
68000	-950.422	0	-950.422	0.1556195
68500	-1002.681	0	-1002.681	0.2912011
69000	-972.3115	0	-972.3115	0.08771679
69500	-1082.11	0	-1082.11	0.1183118
70000	-1008.55	0	-1008.55	0.2454129
70500	-1030.067	0	-1030.067	0.3874152
71000	-1071.212	0	-1071.212	0.4536083
71500	-955.7036	0	-955.7036	0.4313554
72000	-1035.046	0	-1035.046	0.3615958
72500	-1023.039	0	-1023.039	0.3977595
73000	-1025.635	0	-1025.635	0.4462476
73500	-1066.879	0	-1066.879	0.2554252
74000	-1162.256	0	-1162.256	0.1248627
74500	-1195.409	0	-1195.409	0.2352658
75000	-1129.753	0	-1129.753	0.3072169
75500	-1113.926	0	-1113.926	0.3216092
76000	-977.2596	0	-977.2596	0.3323486
76500	-998.1572	0	-998.1572	0.2999998
77000	-1080.032	0	-1080.032	0.08400872
77500	-1046.377	0	-1046.377	0.2790321
78000	-1053.464	0	-1053.464	0.3821842
78500	-1038.64	0	-1038.64	0.3264235
79000	-1036.922	0	-1036.922	0.3838451
79500	-1091.654	0	-1091.654	0.2657254
80000	-1028.363	0	-1028.363	0.117955
80500	-1016.282	0	-1016.282	0.2715531
81000	-1036.054	0	-1036.054	0.2914751
81500	-1033.259	0	-1033.259	0.232783
82000	-1027.046	0	-1027.046	0.3195131
82500	-1040.121	0	-1040.121	0.2190673
83000	-1026.411	0	-1026.411	0.2049298
83500	-1033.282	0	-1033.282	0.131167
84000	-1036.205	0	-1036.205	0.001099512
84500	-1038.83	0	-1038.83	-0.117943
85000	-1067.697	0	-1067.697	-0.02780874
85500	-1024.92	0	-1024.92	0.0009852286
86000	-981.0621	0	-981.0621	-0.1542662
86500	-1017.007	0	-1017.007	0.04045894
87000	-982.4461	0	-982.4461	0.01216292
87500	-1035.303	0	-1035.303	0.0247047
88000	-944.3265	0	-944.3265	0.2418499
88500	-1034.841	0	-1034.841	0.1783738
89000	-960.7877	0	-960.7877	0.1832284
89500	-962.4941	0	-962.4941	0.339871
90000	-1033.293	0	-1033.293	0.4053783
90500	-1111.12	0	-1111.12	0.4531954
91000	-1121.876	0	-1121.876	0.4203598
91500	-1140.782	0	-1140.782	0.2456274
92000	-1128.877	0	-1128.877	0.2840374
92500	-1109.776	0	-1109.776	0.4741473
93000	-1081.157	0	-1081.157	0.3209865
93500	-1031.997	0	-1031.997	0.4874177
94000	-975.9452	0	-975.9452	0.4679174
94500	-987.7716	0	-987.7716	0.4220775
95000	-1014.996	0	-1014.996	0.4747521
95500	-1007.548	0	-1007.548	0.2926708
96000	-1029.437	0	-1029.437	0.08650182
96500	-988.0021	0	-988.0021	0.1148335
97000	-1016.969	0	-1016.969	0.1150496
97500	-1083.252	0	-1083.252	-0.1235667
98000	-980.9976	0	-980.9976	0.2711054
98500	-953.3276	0	-953.3276	0.3418806
99000	-902.9388	0	-902.9388	0.2644997
99500	-970.3065	0	-970.3065	0.253543
100000	-882.6017	0	-882.6017	0.3730467
100500	-1041.429	0	-1041.429	0.411343
101000	-1030.851	0	-1030.851	0.3158657
101500	-1081.508	0	-1081.508	0.3958663
102000	-1066.778	0	-1066.778	0.3755735
102500	-1032.94	0	-1032.94	0.3628694
103000	-1032.087	0	-1032.087	0.4873757
103500	-1010.38	0	-1010.38	0.3754547
104000	-971.573	0	-971.573	0.3512155
104500	-1047.962	0	-1047.962	0.2988988
105000	-968.8826	0	-968.8826	0.140521
105500	-897.7719	0	-897.7719	0.286484
106000	-843.5792	0	-843.5792	0.3250651
106500	-802.1094	0	-802.1094	0.3304195
107000	-867.8437	0	-867.8437	0.3194658
107500	-849.3127	0	-849.3127	0.3212468
108000	-981.2126	0	-981.2126	0.278234
108500	-910.9156	0	-910.9156	0.2890673
109000	-828.5822	0	-828.5822	0.2862674
109500	-814.5075	0	-814.5075	0.284252
110000	-679.865	0	-679.865	0.2842933
110500	-708.9291	0	-708.9291	0.2803008
111000	-752.5611	0	-752.5611	0.2803008
111500	-737.1972	0	-737.1972	0.2742542
112000	-765.5859	0	-765.5859	0.2712717
112500	-846.3602	0	-846.3602	0.2758247
113000	-799.4436	0	-799.4436	0.2895764
113500	-728.9797	0	-728.9797	0.2868589
114000	-708.9337	0	-708.9337	0.2868589
114500	-686.1867	0	-686.1867	0.2868589
115000	-689.1493	0	-689.1493	0.2880426
115500	-673.8807	0	-673.8807	0.286568
116000	-750.9469	0	-750.9469	0.2859268
116500	-674.4085	0	-674.4085	0.2891789
117000	-629.0137	0	-629.0137	0.288117
117500	-635.4064	0	-635.4064	0.2880231
118000	-675.9889	0	-675.9889	0.2880231
118500	-665.7394	0	-665.7394	0.2884111
119000	-645.954	0	-645.954	0.2882202
119500	-720.3631	0	-720.3631	0.2879418
120000	-701.7012	0	-701.7012	0.2885568
120500	-735.8328	0	-735.8328	0.2885568
121000	-688.5852	0	-688.5852	0.289363
121500	-728.2496	0	-728.2496	0.2906045
122000	-664.4156	0	-664.4156	0.2906131
122500	-669.4229	0	-669.4229	0.2909449
123000	-760.2117	0	-760.2117	0.2863982
123500	-648.6307	0	-648.6307	0.2866318
124000	-670.8708	0	-670.8708	0.2866318
124500	-652.645	0	-652.645	0.2866318
125000	-732.7891	0	-732.7891	0.285636
125500	-728.9129	0	-728.9129	0.285636
126000	-746.503	0	-746.503	0.2833943
126500	-730.1362	0	-730.1362	0.2818725
127000	-745.3282	0	-745.3282	0.2803615
127500	-750.9718	0	-750.9718	0.2774266
128000	-781.2483	0	-781.2483	0.2809073
128500	-730.1357	0	-730.1357	0.2807351
129000	-729.535	0	-729.535	0.2777063
129500	-657.981	0	-657.981	0.2777063
130000	-682.2781	0	-682.2781	0.2773607
130500	-718.8947	0	-718.8947	0.2765275
131000	-728.2394	0	-728.2394	0.2765275
131500	-820.989	0	-820.989	0.2763927
132000	-823.0708	0	-823.0708	0.2768795
132500	-834.4051	0	-834.4051	0.2733245
133000	-837.7415	0	-837.7415	0.2774123
133500	-824.0135	0	-824.0135	0.2769376
134000	-810.5637	0	-810.5637	0.2768184
134500	-773.5519	0	-773.5519	0.2758096
135000	-817.6508	0	-817.6508	0.2700335
135500	-820.6932	0	-820.6932	0.2736229
136000	-804.6032	0	-804.6032	0.2660191
136500	-801.8917	0	-801.8917	0.2650539
137000	-835.8363	0	-835.8363	0.2655503
137500	-810.5758	0	-810.5758	0.2695112
138000	-806.0743	0	-806.0743	0.2755788
138500	-866.5889	0	-866.5889	0.2944231
139000	-941.9895	0	-941.9895	0.2961692
139500	-979.5258	0	-979.5258	0.3289368
140000	-980.0094	0	-980.0094	0.3522163
140500	-941.6195	0	-941.6195	0.3566866
141000	-892.9255	0	-892.9255	0.3813072
141500	-865.9176	0	-865.9176	0.4027393
142000	-873.8862	0	-873.8862	0.4023529
142500	-811.4513	0	-811.4513	0.4065162
143000	-829.345	0	-829.345	0.4034069
143500	-901.9337	0	-901.9337	0.3942133
144000	-869.2129	0	-869.2129	0.4209228
144500	-925.5514	0	-925.5514	0.4250701
145000	-953.7781	0	-953.7781	0.5138866
145500	-945.0164	0	-945.0164	0.5571723
146000	-798.9209	0	-798.9209	0.542413
146500	-831.0621	0	-831.0621	0.5369689
147000	-850.2527	0	-850.2527	0.5228565
147500	-933.7647	0	-933.7647	0.5205181
148000	-810.6792	0	-810.6792	0.4904627
148500	-872.9711	0	-872.9711	0.4824893
149000	-979.0949	0	-979.0949	0.4864323
149500	-946.5598	0	-946.5598	0.4874871
150000	-867.5041	0	-867.5041	0.4736565
150500	-818.9442	0	-818.9442	0.482081
151000	-827.5782	0	-827.5782	0.4854253
151500	-996.4355	0	-996.4355	0.4422954
152000	-909.6978	0	-909.6978	0.4532759
152500	-930.7465	0	-930.7465	0.461193
153000	-846.6735	0	-846.6735	0.4718386
153500	-695.9397	0	-695.9397	0.4693807
154000	-757.4948	0	-757.4948	0.4689963
154500	-735.6123	0	-735.6123	0.4702408
155000	-795.9062	0	-795.9062	0.4690712
155500	-820.9845	0	-820.9845	0.4660852
156000	-830.4195	0	-830.4195	0.4675574
156500	-815.1825	0	-815.1825	0.4672923
157000	-897.6362	0	-897.6362	0.4570162
157500	-929.4802	0	-929.4802	0.4604674
158000	-932.5546	0	-932.5546	0.4661
158500	-804.1967	0	-804.1967	0.4606295
159000	-781.7064	0	-781.7064	0.462259
159500	-903.7377	0	-903.7377	0.4486776
160000	-922.8825	0	-922.8825	0.4461637
160500	-907.5748	0	-907.5748	0.4597544
161000	-978.0229	0	-978.0229	0.481508
161500	-907.6211	0	-907.6211	0.4956811
162000	-965.8654	0	-965.8654	0.3775054
162500	-922.3974	0	-922.3974	0.4439952
163000	-956.5459	0	-956.5459	0.3894598
163500	-981.2783	0	-981.2783	0.2695802
164000	-1040.657	0	-1040.657	0.4777149
164500	-1007.612	0	-1007.612	0.4557941
165000	-1026.235	0	-1026.235	0.5464311
165500	-1042.668	0	-1042.668	0.5819869
166000	-1034.407	0	-1034.407	0.3834268
166500	-1070.384	0	-1070.384	0.6475851
167000	-1073.638	0	-1073.638	0.4919801
167500	-1064.796	0	-1064.796	0.4496174
168000	-1018.45	0	-1018.45	0.3808859
168500	-980.9715	0	-980.9715	0.4764354
169000	-1061.762	0	-1061.762	0.2502644
169500	-980.205	0	-980.205	0.2775712
170000	-1018.927	0	-1018.927	0.4285275
170500	-1032.101	0	-1032.101	0.3246431
171000	-1026.245	0	-1026.245	0.4199753
171500	-964.2349	0	-964.2349	0.4310379
172000	-1016.749	0	-1016.749	0.3237718
172500	-942.5551	0	-942.5551	0.4381501
173000	-1018.551	0	-1018.551	0.3604846
173500	-871.5567	0	-871.5567	0.4114969
174000	-827.3392	0	-827.3392	0.4354189
174500	-976.3368	0	-976.3368	0.4049902
175000	-1050.675	0	-1050.675	0.4331858
175500	-986.124	0	-986.124	0.4302556
176000	-1070.009	0	-1070.009	0.2431796
176500	-958.3486	0	-958.3486	0.2692056
177000	-1025.72	0	-1025.72	0.2683181
177500	-1021.25	0	-1021.25	0.05262811
178000	-1030.689	0	-1030.689	0.09969881
178500	-1046.658	0	-1046.658	0.08839009
179000	-1055.626	0	-1055.626	0.3426595
179500	-1030.8	0	-1030.8	0.4161643
180000	-1056.282	0	-1056.282	0.3119067
180500	-998.0064	0	-998.0064	0.2539403
181000	-977.4552	0	-977.4552	0.1830414
181500	-1093.968	0	-1093.968	-4.048192e-05
182000	-1081.485	0	-1081.485	0.1517453
182500	-1024.25	0	-1024.25	0.007770969
183000	-1045.244	0	-1045.244	0.1426982
183500	-1043.952	0	-1043.952	0.1644103
184000	-1057.176	0	-1057.176	0.4574473
184500	-1072.973	0	-1072.973	0.2090144
185000	-1049.246	0	-1049.246	-0.08782113
185500	-925.0633	0	-925.0633	0.09114086
186000	-938.1366	0	-938.1366	0.283849
186500	-981.4562	0	-981.4562	0.2637373
187000	-1004.141	0	-1004.141	0.2713763
187500	-1040.194	0	-1040.194	0.2864679
188000	-1021.212	0	-1021.212	0.2957663
188500	-968.515	0	-968.515	0.3867765
189000	-978.1742	0	-978.1742	0.2948164
189500	-1015.855	0	-1015.855	0.2862428
190000	-1011.883	0	-1011.883	0.3528586
190500	-975.9868	0	-975.9868	0.3508103
191000	-1018.258	0	-1018.258	0.3291463
191500	-1026.861	0	-1026.861	0.1275723
192000	-977.3671	0	-977.3671	0.2143583
192500	-924.0102	0	-924.0102	0.2476594
193000	-1008.485	0	-1008.485	0.1305323
193500	-1059.409	0	-1059.409	0.1893215
194000	-1033.685	0	-1033.685	0.09719631
194500	-1064.49	0	-1064.49	0.1535767
195000	-937.3533	0	-937.3533	0.183363
195500	-983.6593	0	-983.6593	0.08881923
196000	-1000.23	0	-1000.23	0.100216
196500	-949.0386	0	-949.0386	0.171326
197000	-963.0091	0	-963.0091	0.1885732
197500	-940.6514	0	-940.6514	0.1882253
198000	-923.2312	0	-923.2312	0.2588327
198500	-966.2531	0	-966.2531	0.2806129
199000	-968.1359	0	-968.1359	0.2320025
199500	-933.15	0	-933.15	0.1816616
200000	-907.0311	0	-907.0311	0.2269031
200500	-986.9983	0	-986.9983	0.2600794
201000	-975.8593	0	-975.8593	0.3201299
201500	-957.1435	0	-957.1435	0.2754803
202000	-951.0463	0	-951.0463	0.2877114
202500	-974.9939	0	-974.9939	0.2281406
203000	-1064.882	0	-1064.882	0.2851646
203500	-1063.809	0	-1063.809	0.01542428
204000	-1037.433	0	-1037.433	0.04538125
204500	-952.9561	0	-952.9561	0.1753642
205000	-1072.601	0	-1072.601	0.1498509
205500	-1070.205	0	-1070.205	0.1838844
206000	-1066.804	0	-1066.804	0.2310763
206500	-1049.632	0	-1049.632	0.1053402
207000	-1022.397	0	-1022.397	0.2386569
207500	-935.5883	0	-935.5883	0.1932989
208000	-883.2033	0	-883.2033	0.1795624
208500	-906.1216	0	-906.1216	0.2704234
209000	-920.3582	0	-920.3582	0.3461757
209500	-975.3057	0	-975.3057	0.3238958
210000	-959.8723	0	-959.8723	0.4292614
210500	-997.6284	0	-997.6284	0.4288935
211000	-972.734	0	-972.734	0.471869
211500	-899.581	0	-899.581	0.4797745
212000	-956.2941	0	-956.2941	0.5528399
212500	-932.7725	0	-932.7725	0.4977426
213000	-859.0642	0	-859.0642	0.4995145
213500	-852.4429	0	-852.4429	0.4938156
214000	-894.7626	0	-894.7626	0.4939358
214500	-1006.205	0	-1006.205	0.4643172
215000	-1000.209	0	-1000.209	0.3432326
215500	-1009.675	0	-1009.675	0.3487672
216000	-1086.931	0	-1086.931	0.3654455
216500	-1052.499	0	-1052.499	0.3972089
217000	-1071.465	0	-1071.465	0.276651
217500	-1085.497	0	-1085.497	0.3476484
218000	-1018.916	0	-1018.916	0.3917889
218500	-1056.789	0	-1056.789	0.1434106
219000	-1092.675	0	-1092.675	0.1399381
219500	-1082.714	0	-1082.714	0.1707258
220000	-974.5822	0	-974.5822	0.2434262
220500	-934.1781	0	-934.1781	0.224429
221000	-928.6708	0	-928.6708	0.2677027
221500	-899.0843	0	-899.0843	0.2739808
222000	-1013.504	0	-1013.504	0.3491002
222500	-1032.803	0	-1032.803	0.4092334
223000	-1024.859	0	-1024.859	0.2650337
223500	-1106.509	0	-1106.509	0.1165124
224000	-1078.525	0	-1078.525	0.2041521
224500	-1106.996	0	-1106.996	0.268608
225000	-1161.07	0	-1161.07	0.2925645
225500	-1144.8	0	-1144.8	0.1480174
226000	-1154.309	0	-1154.309	0.102081
226500	-1045.938	0	-1045.938	0.256932
227000	-1054.591	0	-1054.591	0.2913931
227500	-996.5357	0	-996.5357	0.2887818
228000	-1075.399	0	-1075.399	0.2934506
228500	-1009.201	0	-1009.201	0.1480775
229000	-976.8805	0	-976.8805	0.1213434
229500	-879.6785	0	-879.6785	0.1575723
230000	-902.2176	0	-902.2176	0.1784748
230500	-958.8316	0	-958.8316	0.1955902
231000	-944.9766	0	-944.9766	0.1798927
231500	-965.8213	0	-965.8213	0.2767603
232000	-1008.381	0	-1008.381	0.3361931
232500	-979.1434	0	-979.1434	0.152458
233000	-1026.023	0	-1026.023	0.1522492
233500	-1019.717	0	-1019.717	0.07310209
234000	-995.5344	0	-995.5344	0.2347609
234500	-940.2127	0	-940.2127	0.1874969
235000	-917.6817	0	-917.6817	0.1448512
235500	-906.4461	0	-906.4461	-0.05559542
236000	-905.7168	0	-905.7168	0.04138136
236500	-1021.25	0	-1021.25	-0.07980248
237000	-1058.757	0	-1058.757	-0.02311454
237500	-1022.685	0	-1022.685	-0.05647354
238000	-1000.413	0	-1000.413	-0.1048874
238500	-1017.231	0	-1017.231	-0.09636423
239000	-1089.918	0	-1089.918	-0.09305745
239500	-1095.81	0	-1095.81	-0.1086607
240000	-1070.988	0	-1070.988	0.1190522
240500	-1042.261	0	-1042.261	0.08093638
241000	-947.8149	0	-947.8149	0.03639574
241500	-984.6321	0	-984.6321	0.1431137
242000	-981.6783	0	-981.6783	0.07197396
242500	-988.0676	0	-988.0676	0.1914525
243000	-950.9859	0	-950.9859	0.1739296
243500	-959.6053	0	-959.6053	0.2202227
244000	-1027.572	0	-1027.572	0.1566657
244500	-1049.267	0	-1049.267	0.1856095
245000	-956.3494	0	-956.3494	0.2938017
245500	-919.5098	0	-919.5098	0.229827
246000	-949.2705	0	-949.2705	0.2010759
246500	-1059.083	0	-1059.083	0.3220576
247000	-1047.457	0	-1047.457	0.4921177
247500	-1075.491	0	-1075.491	0.288374
248000	-1036.933	0	-1036.933	0.1623413
248500	-1093.097	0	-1093.097	-0.05924058
249000	-945.1896	0	-945.1896	0.1532629
249500	-985.3798	0	-985.3798	0.2110845
250000	-883.7025	0	-883.7025	0.1736086
250500	-923.9946	0	-923.9946	0.1881791
251000	-1022.152	0	-1022.152	0.1472394
251500	-1025.801	0	-1025.801	0.02978158
252000	-939.8155	0	-939.8155	-0.1264808
252500	-1095.502	0	-1095.502	-0.03970309
253000	-1034.187	0	-1034.187	-0.02386636
253500	-1000.65	0	-1000.65	0.05428949
254000	-1002.549	0	-1002.549	0.1206488
254500	-1020.016	0	-1020.016	0.2326652
255000	-1003.731	0	-1003.731	0.02544943
255500	-1053.022	0	-1053.022	0.1589763
256000	-1082.969	0	-1082.969	0.1941735
256500	-1041.009	0	-1041.009	0.1860808
257000	-1100.304	0	-1100.304	0.05814275
257500	-1143.148	0	-1143.148	0.2550868
258000	-1115.19	0	-1115.19	0.2603168
258500	-1113.138	0	-1113.138	0.2654797
259000	-1108.179	0	-1108.179	0.2484318
259500	-1060.239	0	-1060.239	-0.02322207
260000	-1050.575	0	-1050.575	-0.05820727
260500	-1012.924	0	-1012.924	-0.08483436
261000	-1000.092	0	-1000.092	0.1269102
261500	-1025.369	0	-1025.369	-0.0713021
262000	-974.509	0	-974.509	0.182042
262500	-951.1775	0	-951.1775	0.01149446
263000	-969.6519	0	-969.6519	0.08269508
263500	-1033.534	0	-1033.534	0.2371552
264000	-1024.681	0	-1024.681	0.2418757
264500	-1038.846	0	-1038.846	0.1735185
265000	-1063.036	0	-1063.036	0.2162093
265500	-1058.137	0	-1058.137	0.3297763
266000	-1057.718	0	-1057.718	0.3271759
266500	-1041.832	0	-1041.832	0.245929
267000	-1067.547	0	-1067.547	-0.006251753
267500	-1109.763	0	-1109.763	-0.01584014
268000	-1090.754	0	-1090.754	0.01295362
268500	-1084.578	0	-1084.578	0.1840181
269000	-1080.259	0	-1080.259	0.1102671
269500	-1140.322	0	-1140.322	0.1273762
270000	-1159.641	0	-1159.641	-0.2022105
270500	-1164.55	0	-1164.55	0.09931488
271000	-1144.995	0	-1144.995	-0.05965126
271500	-1150.212	0	-1150.212	0.2710691
272000	-1087.8	0	-1087.8	0.1648563
272500	-1141.118	0	-1141.118	0.3860408
273000	-1090.05	0	-1090.05	0.2972626
273500	-1158.923	0	-1158.923	0.2330823
274000	-1096.851	0	-1096.851	0.2416293
274500	-1093.206	0	-1093.206	0.2637524
275000	-1116.971	0	-1116.971	0.3677819
275500	-1069.652	0	-1069.652	0.3288493
276000	-1008.881	0	-1008.881	0.3122438
276500	-1008.464	0	-1008.464	0.2616366
277000	-1145.423	0	-1145.423	0.2476745
277500	-1043.885	0	-1043.885	0.1609723
278000	-960.3906	0	-960.3906	0.2400145
278500	-1094.221	0	-1094.221	0.3318074
279000	-1018.339	0	-1018.339	0.09965217
279500	-1062.221	0	-1062.221	0.3355449
280000	-1071.751	0	-1071.751	-0.1352543
280500	-988.8401	0	-988.8401	0.1350853
281000	-1062.068	0	-1062.068	0.4427267
281500	-1139.786	0	-1139.786	0.4608474
282000	-1111.332	0	-1111.332	0.3572622
282500	-1069.026	0	-1069.026	0.2490738
283000	-1092.502	0	-1092.502	0.334422
283500	-1043.45	0	-1043.45	0.2829347
284000	-1069.584	0	-1069.584	0.06502375
284500	-988.1188	0	-988.1188	0.1352011
285000	-1035.66	0	-1035.66	0.2168379
285500	-985.8386	0	-985.8386	0.4008148
286000	-1072.01	0	-1072.01	0.3915468
286500	-1139.281	0	-1139.281	0.3250689
287000	-1166.258	0	-1166.258	0.1982251
287500	-1102.707	0	-1102.707	0.3031138
288000	-1104.719	0	-1104.719	0.07997402
288500	-1116.741	0	-1116.741	0.2698865
289000	-1144.044	0	-1144.044	0.3536893
289500	-1077.619	0	-1077.619	0.1977515
290000	-1092.932	0	-1092.932	-0.1483644
290500	-1116.964	0	-1116.964	0.04771322
291000	-1089.126	0	-1089.126	0.2442921
291500	-1070.183	0	-1070.183	0.2301808
292000	-1089.238	0	-1089.238	0.3977476
292500	-1043.967	0	-1043.967	0.2096862
293000	-1077.749	0	-1077.749	0.1258411
293500	-1103.537	0	-1103.537	-0.07795309
294000	-1057.367	0	-1057.367	0.08911905
294500	-999.514	0	-999.514	0.1662976
295000	-1014.574	0	-1014.574	0.08814341
295500	-1066.888	0	-1066.888	-0.01439932
296000	-1047.227	0	-1047.227	0.1125412
296500	-1046.303	0	-1046.303	-0.06420598
297000	-1061.85	0	-1061.85	-0.2298679
297500	-1115.749	0	-1115.749	0.06550164
298000	-1070.391	0	-1070.391	0.02670316
298500	-1019.634	0	-1019.634	0.04289296
299000	-1093.836	0	-1093.836	-0.05102003
299500	-1100.161	0	-1100.161	-0.0638484
300000	-1078.062	0	-1078.062	0.01351076
300500	-1099.023	0	-1099.023	-0.01595962
301000	-1162.651	0	-1162.651	0.1492947
301500	-1094.709	0	-1094.709	0.1160637
302000	-1015.128	0	-1015.128	0.3093944
302500	-1037.553	0	-1037.553	0.2899927
303000	-1064.085	0	-1064.085	0.1895804
303500	-994.075	0	-994.075	0.2074856
304000	-1063.481	0	-1063.481	0.2062597
304500	-998.0069	0	-998.0069	0.1270811
305000	-1052.832	0	-1052.832	0.3510636
305500	-1117.359	0	-1117.359	0.2853732
306000	-1131.58	0	-1131.58	0.1785765
306500	-1178.368	0	-1178.368	0.2418578
307000	-1118.316	0	-1118.316	0.4067244
307500	-1136.197	0	-1136.197	0.2294059
308000	-1089.586	0	-1089.586	0.02713075
308500	-1143.551	0	-1143.551	-0.1494968
309000	-1137.208	0	-1137.208	-0.1642458
309500	-1171.305	0	-1171.305	-0.1914173
310000	-1216.397	0	-1216.397	0.05769434
310500	-1211.054	0	-1211.054	0.08898014
311000	-1186.479	0	-1186.479	-0.1063427
311500	-1188.086	0	-1188.086	0.1853622
312000	-1262.521	0	-1262.521	-0.1221208
312500	-1197.938	0	-1197.938	-0.2443136
313000	-1159.264	0	-1159.264	-0.1450657
313500	-1169.88	0	-1169.88	-0.1013023
314000	-1131.402	0	-1131.402	-0.1778057
314500	-1132.882	0	-1132.882	-0.1008596
315000	-1140.153	0	-1140.153	-0.09839908
315500	-1105.786	0	-1105.786	0.09867879
316000	-1040.592	0	-1040.592	0.1415113
316500	-1016.105	0	-1016.105	0.02180832
317000	-989.6512	0	-989.6512	0.1099653
317500	-1028.754	0	-1028.754	-0.04698936
318000	-1056.312	0	-1056.312	0.14542
318500	-1035.098	0	-1035.098	0.1078541
319000	-1004.045	0	-1004.045	-0.004477681
319500	-1070.046	0	-1070.046	0.1126073
320000	-1154.204	0	-1154.204	0.0482831
320500	-1097.638	0	-1097.638	-0.1156274
321000	-1095.467	0	-1095.467	-0.1232074
321500	-1066.937	0	-1066.937	-0.2314436
322000	-1104.412	0	-1104.412	0.1406519
322500	-1083.72	0	-1083.72	-0.1752968
323000	-1143.266	0	-1143.266	-0.1019175
323500	-1207.221	0	-1207.221	0.04832888
324000	-1159.647	0	-1159.647	0.1326388
324500	-1098.596	0	-1098.596	0.04442492
325000	-984.7122	0	-984.7122	0.06282422
325500	-1005.766	0	-1005.766	0.0885539
326000	-1052.58	0	-1052.58	0.06474744
326500	-1086.491	0	-1086.491	0.2572555
327000	-1105.343	0	-1105.343	0.2713531
327500	-1098.288	0	-1098.288	0.1380811
328000	-1060.869	0	-1060.869	0.2177271
328500	-1091.868	0	-1091.868	0.1106401
329000	-1102.129	0	-1102.129	-0.1940414
329500	-1090.223	0	-1090.223	0.1330241
330000	-914.3952	0	-914.3952	0.2876629
330500	-987.511	0	-987.511	0.4317227
331000	-954.7432	0	-954.7432	0.3891405
331500	-981.2639	0	-981.2639	0.3811802
332000	-942.8315	0	-942.8315	0.4828852
332500	-1029.946	0	-1029.946	0.5117338
333000	-986.3549	0	-986.3549	0.5792844
333500	-1038.688	0	-1038.688	0.3551394
334000	-1101.271	0	-1101.271	0.2718528
334500	-1070.274	0	-1070.274	0.1931553
335000	-1018.515	0	-1018.515	-0.00414159
335500	-930.8133	0	-930.8133	0.2291687
336000	-1039.762	0	-1039.762	0.2257945
336500	-975.043	0	-975.043	0.2564285
337000	-951.9082	0	-951.9082	0.2642581
337500	-1013.313	0	-1013.313	0.2248785
338000	-1058.337	0	-1058.337	0.2203936
338500	-1007.29	0	-1007.29	0.01015022
339000	-984.7393	0	-984.7393	0.02360329
339500	-982.9089	0	-982.9089	0.01290408
340000	-960.5585	0	-960.5585	0.08812523
340500	-930.1385	0	-930.1385	0.01441316
341000	-927.0414	0	-927.0414	0.1278662
341500	-881.2109	0	-881.2109	0.252112
342000	-1007.574	0	-1007.574	-0.004457331
342500	-1012.289	0	-1012.289	-0.06983583
343000	-922.9012	0	-922.9012	-0.2108241
343500	-921.6098	0	-921.6098	-0.04892151
344000	-1014.019	0	-1014.019	-0.05730339
344500	-1010.537	0	-1010.537	0.1252861
345000	-992.7225	0	-992.7225	0.04877036
345500	-1041.159	0	-1041.159	-0.160463
346000	-1044.685	0	-1044.685	-0.06630567
346500	-1027.876	0	-1027.876	-0.1818904
347000	-1046.708	0	-1046.708	-0.02389242
347500	-1041.633	0	-1041.633	-0.1385314
348000	-1028.071	0	-1028.071	-0.1676183
348500	-1014.378	0	-1014.378	-0.04852596
349000	-938.3411	0	-938.3411	0.02911602
349500	-1074.749	0	-1074.749	-0.08705381
350000	-1140.744	0	-1140.744	-0.1156476
350500	-1102.52	0	-1102.52	-0.1749154
351000	-1035.198	0	-1035.198	-0.09518841
351500	-989.3226	0	-989.3226	-0.0302666
352000	-1054.871	0	-1054.871	-0.1387086
352500	-981.3099	0	-981.3099	-0.05726386
353000	-1034.57	0	-1034.57	-0.1519282
353500	-1031.459	0	-1031.459	0.08698163
354000	-1061.935	0	-1061.935	-0.2233079
354500	-1007.923	0	-1007.923	-0.046971
355000	-1116.182	0	-1116.182	-0.03199752
355500	-1106.224	0	-1106.224	-0.1933995
356000	-1084.088	0	-1084.088	-0.3530149
356500	-1083.661	0	-1083.661	-0.122506
357000	-1128.649	0	-1128.649	-0.1057316
357500	-1109.755	0	-1109.755	0.08598033
358000	-1119.761	0	-1119.761	0.07549561
358500	-1144.543	0	-1144.543	-0.001302575
359000	-1115.967	0	-1115.967	0.04198116
359500	-1093.575	0	-1093.575	-0.14508
360000	-1065.698	0	-1065.698	-0.08178325
360500	-1081.044	0	-1081.044	0.003171744
361000	-920.5954	0	-920.5954	0.06906886
361500	-1129.041	0	-1129.041	-0.02523419
362000	-1002.622	0	-1002.622	-0.03335958
362500	-999.809	0	-999.809	0.04246052
363000	-982.954	0	-982.954	0.2501044
363500	-1018.359	0	-1018.359	0.05575309
364000	-1020.948	0	-1020.948	0.07342079
364500	-1046.624	0	-1046.624	-0.01173813
365000	-1061.91	0	-1061.91	0.1078579
365500	-1059.097	0	-1059.097	-0.2884861
366000	-1088.989	0	-1088.989	-0.009627934
366500	-958.2699	0	-958.2699	0.1094593
367000	-986.2341	0	-986.2341	-0.01367212
367500	-882.0161	0	-882.0161	0.02862398
368000	-929.4013	0	-929.4013	0.02458192
368500	-956.413	0	-956.413	-0.02567718
369000	-969.3463	0	-969.3463	-0.008078081
369500	-957.0097	0	-957.0097	0.06010667
370000	-1040.609	0	-1040.609	0.01348072
370500	-952.1451	0	-952.1451	-0.03431339
371000	-937.7745	0	-937.7745	-0.335687
371500	-938.694	0	-938.694	-0.07499109
372000	-934.0788	0	-934.0788	-0.1067115
372500	-910.2677	0	-910.2677	-0.1168531
373000	-971.9036	0	-971.9036	0.1006075
373500	-945.4068	0	-945.4068	0.0809862
374000	-1050.786	0	-1050.786	-0.05665027
374500	-1086.857	0	-1086.857	-0.01116787
375000	-1058.962	0	-1058.962	0.007807979
375500	-967.3913	0	-967.3913	-0.06147494
376000	-961.3926	0	-961.3926	-0.108919
376500	-1014.887	0	-1014.887	-0.127262
377000	-993.3857	0	-993.3857	-0.2727764
377500	-930.9035	0	-930.9035	-0.1786842
378000	-890.7179	0	-890.7179	-0.09710001
378500	-951.5163	0	-951.5163	-0.3345828
379000	-1058.391	0	-1058.391	-0.03437264
379500	-1022.167	0	-1022.167	-0.2280704
380000	-1053.012	0	-1053.012	0.2011881
380500	-1045.163	0	-1045.163	-0.060414
381000	-963.4983	0	-963.4983	-0.07906583
381500	-986.1938	0	-986.1938	0.2269549
382000	-931.9091	0	-931.9091	0.1738801
382500	-991.0778	0	-991.0778	0.1723
383000	-939.726	0	-939.726	0.1727832
383500	-1001.053	0	-1001.053	0.2068349
384000	-1100.967	0	-1100.967	-0.02989857
384500	-1090.663	0	-1090.663	-0.1681782
385000	-1098.237	0	-1098.237	0.05874332
385500	-1041.726	0	-1041.726	-0.08227112
386000	-1072.825	0	-1072.825	-0.1576489
386500	-1009.964	0	-1009.964	-0.2999656
387000	-1013.028	0	-1013.028	-0.196099
387500	-1063.363	0	-1063.363	0.03494861
388000	-1026.303	0	-1026.303	-0.1836328
388500	-1103.444	0	-1103.444	-0.3540544
389000	-1074.937	0	-1074.937	-0.2600551
389500	-1003.417	0	-1003.417	-0.03084685
390000	-993.8188	0	-993.8188	-0.08435008
390500	-997.0253	0	-997.0253	0.06818174
391000	-895.5078	0	-895.5078	0.06451228
391500	-888.3859	0	-888.3859	0.09520064
392000	-950.0676	0	-950.0676	0.1825552
392500	-918.0171	0	-918.0171	0.2382028
393000	-973.1188	0	-973.1188	0.2758453
393500	-987.4746	0	-987.4746	0.3201784
394000	-1015.107	0	-1015.107	0.3341386
394500	-1013.254	0	-1013.254	0.2599736
395000	-1040.987	0	-1040.987	0.009973355
395500	-1060.54	0	-1060.54	-0.3703099
396000	-1112.075	0	-1112.075	-0.273871
396500	-1057.856	0	-1057.856	-0.1334109
397000	-1046.65	0	-1046.65	-0.1553703
397500	-1121.439	0	-1121.439	-0.04131086
398000	-1064.778	0	-1064.778	-0.3121046
398500	-1078.43	0	-1078.43	-0.1802449
399000	-1090.479	0	-1090.479	-0.09933225
399500	-1079.892	0	-1079.892	-0.01409738
400000	-1006.3	0	-1006.3	-0.02601432
400500	-936.7477	0	-936.7477	-0.2412705
401000	-931.1056	0	-931.1056	-0.146891
401500	-937.9772	0	-937.9772	-0.03427226
402000	-950.286	0	-950.286	-0.0009364146
402500	-965.1265	0	-965.1265	-0.1385251
403000	-1016.874	0	-1016.874	-0.1564487
403500	-1053.979	0	-1053.979	-0.1371186
404000	-1055.164	0	-1055.164	-0.1206763
404500	-1128.551	0	-1128.551	-0.1671382
405000	-1102.206	0	-1102.206	-0.05193757
405500	-1127.146	0	-1127.146	-0.02349537
406000	-1040.534	0	-1040.534	-0.2030966
406500	-1053.382	0	-1053.382	0.1530655
407000	-1061.424	0	-1061.424	-0.1835462
407500	-1068.883	0	-1068.883	-0.04013178
408000	-1084.541	0	-1084.541	-0.2105749
408500	-1013.265	0	-1013.265	-0.3927543
409000	-964.2279	0	-964.2279	-0.2632984
409500	-956.3693	0	-956.3693	-0.1898216
410000	-925.2578	0	-925.2578	-0.216053
410500	-871.3	0	-871.3	-0.234793
411000	-785.133	0	-785.133	-0.248542
411500	-781.7969	0	-781.7969	-0.2668553
412000	-825.1928	0	-825.1928	-0.2638833
412500	-856.0731	0	-856.0731	-0.2714559
413000	-845.2827	0	-845.2827	-0.2291964
413500	-856.5571	0	-856.5571	-0.2242767
414000	-835.2842	0	-835.2842	-0.3511406
414500	-835.836	0	-835.836	-0.2905017
415000	-890.8048	0	-890.8048	-0.312592
415500	-908.6283	0	-908.6283	-0.3084307
416000	-892.8982	0	-892.8982	-0.3452123
416500	-803.6473	0	-803.6473	-0.3404874
417000	-818.7529	0	-818.7529	-0.3011204
417500	-828.2612	0	-828.2612	-0.2894827
418000	-784.6326	0	-784.6326	-0.2533677
418500	-776.0325	0	-776.0325	-0.2934143
419000	-887.1725	0	-887.1725	-0.3722516
419500	-856.8992	0	-856.8992	-0.4709871
420000	-893.7662	0	-893.7662	-0.5203781
420500	-894.1232	0	-894.1232	-0.5274654
421000	-940.6898	0	-940.6898	-0.5453828
421500	-824.7027	0	-824.7027	-0.4339967
422000	-922.3472	0	-922.3472	-0.4666479
422500	-955.8851	0	-955.8851	-0.3949694
423000	-834.1556	0	-834.1556	-0.3875606
423500	-897.4505	0	-897.4505	-0.3028539
424000	-917.4793	0	-917.4793	-0.2875912
424500	-846.987	0	-846.987	-0.1330966
425000	-793.1715	0	-793.1715	-0.1267778
425500	-886.0655	0	-886.0655	-0.1150617
426000	-803.3482	0	-803.3482	-0.0505509
426500	-850.1133	0	-850.1133	-0.05471795
427000	-929.8129	0	-929.8129	-0.06836119
427500	-964.3457	0	-964.3457	-0.1984437
428000	-932.9471	0	-932.9471	-0.1672087
428500	-921.2471	0	-921.2471	-0.3072891
429000	-965.2636	0	-965.2636	-0.1954442
429500	-1015.522	0	-1015.522	0.03620503
430000	-1084.546	0	-1084.546	-0.09901731
430500	-1090.38	0	-1090.38	-0.2939577
431000	-1115.679	0	-1115.679	-0.08752148
431500	-1111.17	0	-1111.17	-0.06772975
432000	-1160.909	0	-1160.909	-0.03482667
432500	-1172.855	0	-1172.855	0.04468833
433000	-1157.092	0	-1157.092	-0.04097103
433500	-1061.582	0	-1061.582	0.1549583
434000	-1130.748	0	-1130.748	0.06754849
434500	-1117.613	0	-1117.613	0.09794305
435000	-1044.873	0	-1044.873	0.001608375
435500	-1105.355	0	-1105.355	0.08079074
436000	-1050.568	0	-1050.568	-0.04496521
436500	-1095.497	0	-1095.497	-0.1508432
437000	-1186.132	0	-1186.132	-0.152995
437500	-1080.118	0	-1080.118	-0.1157261
438000	-1107.979	0	-1107.979	-0.170258
438500	-1066.423	0	-1066.423	-0.08907632
439000	-986.3641	0	-986.3641	-0.1953014
439500	-1024.149	0	-1024.149	0.1180775
440000	-1002.816	0	-1002.816	-0.05553452
440500	-989.4375	0	-989.4375	-0.03234828
441000	-954.6124	0	-954.6124	-0.029084
441500	-887.0619	0	-887.0619	-0.02705701
442000	-850.5093	0	-850.5093	-0.0005936254
442500	-877.8111	0	-877.8111	-0.1590889
443000	-874.4856	0	-874.4856	-0.06553675
443500	-898.3863	0	-898.3863	-0.01936754
444000	-933.1119	0	-933.1119	-0.08833739
444500	-858.2975	0	-858.2975	-0.1937553
445000	-1006.244	0	-1006.244	-0.1101395
445500	-1047.923	0	-1047.923	-0.3390217
446000	-968.6675	0	-968.6675	-0.1795333
446500	-969.3855	0	-969.3855	-0.2414322
447000	-898.9887	0	-898.9887	-0.33559
447500	-953.8916	0	-953.8916	-0.2948414
448000	-980.5875	0	-980.5875	-0.221484
448500	-870.7787	0	-870.7787	-0.1813413
449000	-920.2885	0	-920.2885	-0.01291338
449500	-944.1848	0	-944.1848	-0.04253045
450000	-963.9294	0	-963.9294	-0.09754548
450500	-939.5432	0	-939.5432	-0.042317
451000	-974.313	0	-974.313	-0.08075776
451500	-1014.852	0	-1014.852	-0.137366
452000	-1012.936	0	-1012.936	-0.1824847
452500	-1014.205	0	-1014.205	0.135565
453000	-1095.143	0	-1095.143	-0.05105087
453500	-1150.491	0	-1150.491	0.09782035
454000	-1158.569	0	-1158.569	0.1299564
454500	-1206.527	0	-1206.527	0.01242533
455000	-1148.002	0	-1148.002	0.06672768
455500	-1151.629	0	-1151.629	0.02806904
456000	-1173.59	0	-1173.59	0.1188911
456500	-1041.832	0	-1041.832	0.3385238
457000	-1109.768	0	-1109.768	0.1180231
457500	-1090.536	0	-1090.536	0.09717326
458000	-1064.84	0	-1064.84	0.08878449
458500	-1019.481	0	-1019.481	0.2731445
459000	-1038.988	0	-1038.988	0.2958292
459500	-1064.034	0	-1064.034	-0.08239618
460000	-1095.903	0	-1095.903	-0.03473735
460500	-1013.758	0	-1013.758	-0.1023383
461000	-996.2429	0	-996.2429	0.2243654
461500	-1079.994	0	-1079.994	0.3472374
462000	-1062.977	0	-1062.977	0.1647452
462500	-1090.74	0	-1090.74	-0.03293812
463000	-1037.52	0	-1037.52	-0.02339938
463500	-1171.649	0	-1171.649	0.1587173
464000	-1081.802	0	-1081.802	0.2349419
464500	-1105.929	0	-1105.929	-0.007307999
465000	-1082.27	0	-1082.27	-0.08298324
465500	-1107.124	0	-1107.124	-0.1753603
466000	-1061.641	0	-1061.641	0.1523199
466500	-1090.759	0	-1090.759	0.04263865
467000	-1127.86	0	-1127.86	-0.0797777
467500	-1109.097	0	-1109.097	-0.2512433
468000	-1076.727	0	-1076.727	-0.001615335
468500	-956.8068	0	-956.8068	0.06469856
469000	-956.6603	0	-956.6603	-0.01313516
469500	-1066.33	0	-1066.33	0.1183908
470000	-1076.767	0	-1076.767	-0.04664435
470500	-1088.272	0	-1088.272	-0.008578
471000	-1129.186	0	-1129.186	0.04453218
471500	-1060.569	0	-1060.569	0.07737479
472000	-1021.754	0	-1021.754	-0.0006532939
472500	-1137.784	0	-1137.784	0.1310557
473000	-1045.682	0	-1045.682	0.1323419
473500	-1085.046	0	-1085.046	0.2479085
474000	-1062.143	0	-1062.143	0.310528
474500	-1125.14	0	-1125.14	0.397714
475000	-1017.245	0	-1017.245	0.1217724
475500	-1045.025	0	-1045.025	0.2229165
476000	-1092.352	0	-1092.352	0.240159
476500	-1086.637	0	-1086.637	0.05849317
477000	-1114.197	0	-1114.197	0.06686926
477500	-1128.035	0	-1128.035	0.04111939
478000	-1138.123	0	-1138.123	-0.04427823
478500	-1087.75	0	-1087.75	-0.07346007
479000	-1112.249	0	-1112.249	-0.2514369
479500	-1045.371	0	-1045.371	-0.2855975
480000	-992.0564	0	-992.0564	-0.252787
480500	-1026.09	0	-1026.09	-0.07230407
481000	-1020.455	0	-1020.455	-0.07719199
481500	-1025.627	0	-1025.627	0.05562385
482000	-970.3492	0	-970.3492	-0.1929533
482500	-1034.969	0	-1034.969	-0.2312241
483000	-1105.322	0	-1105.322	-0.1950354
483500	-1135.127	0	-1135.127	-0.3333141
484000	-1105.229	0	-1105.229	-0.196347
484500	-1025.554	0	-1025.554	0.1412458
485000	-1109.232	0	-1109.232	-0.05835621
485500	-1059.474	0	-1059.474	-0.1898821
486000	-1048.414	0	-1048.414	-0.1630058
486500	-1032.783	0	-1032.783	0.06289851
487000	-1058.937	0	-1058.937	0.1338066
487500	-1038.193	0	-1038.193	-0.08991718
488000	-990.8808	0	-990.8808	0.06581942
488500	-1001.799	0	-1001.799	0.01893638
489000	-1024.02	0	-1024.02	0.09690868
489500	-1155.361	0	-1155.361	-0.01288735
490000	-1091.924	0	-1091.924	0.1188759
490500	-1170.25	0	-1170.25	0.172476
491000	-1187.695	0	-1187.695	-0.02445518
491500	-1182.292	0	-1182.292	-0.2135038
492000	-1128.299	0	-1128.299	-0.2710339
492500	-1107.243	0	-1107.243	-0.08277137
493000	-1145.546	0	-1145.546	0.08828099
493500	-1140.567	0	-1140.567	0.0002675437
494000	-1135.023	0	-1135.023	0.1210874
494500	-1028.829	0	-1028.829	0.07777769
495000	-986.6899	0	-986.6899	-0.0810884
495500	-1095.07	0	-1095.07	0.09276547
496000	-1137.066	0	-1137.066	-0.07216193
496500	-1111.267	0	-1111.267	0.1009006
497000	-1070.094	0	-1070.094	0.2403904
497500	-1075.681	0	-1075.681	0.02339621
498000	-1118.692	0	-1118.692	0.2672456
498500	-1113.339	0	-1113.339	0.2618178
499000	-1081.732	0	-1081.732	0.1526435
499500	-1120.75	0	-1120.75	0.2270252
500000	-1074.425	0	-1074.425	-0.03417051
500500	-1142.289	0	-1142.289	0.1450306
501000	-1110.102	0	-1110.102	0.1204259
501500	-1114.483	0	-1114.483	-0.2097177
502000	-1045.993	0	-1045.993	-0.1447407
502500	-1097.34	0	-1097.34	-0.06319398
503000	-1153.577	0	-1153.577	0.1856509
503500	-1147.961	0	-1147.961	-0.1257643
504000	-1118.912	0	-1118.912	0.04121202
504500	-1154.126	0	-1154.126	0.04797294
505000	-1145.546	0	-1145.546	0.157975
505500	-1106.899	0	-1106.899	-0.1555847
506000	-1035.058	0	-1035.058	-0.01305542
506500	-1074.759	0	-1074.759	-0.03230229
507000	-1065.83	0	-1065.83	0.3427157
507500	-1127.431	0	-1127.431	0.1401429
508000	-1053.581	0	-1053.581	0.3317802
508500	-1119.803	0	-1119.803	0.4950706
509000	-1144.684	0	-1144.684	0.4155209
509500	-1158.859	0	-1158.859	0.354342
510000	-1100.805	0	-1100.805	0.3137198
510500	-1054.479	0	-1054.479	0.2601348
511000	-1127.192	0	-1127.192	0.2190308
511500	-1112.032	0	-1112.032	0.3535032
512000	-1081.275	0	-1081.275	0.2982419
512500	-1063.639	0	-1063.639	0.163616
513000	-1042.014	0	-1042.014	0.3098793
513500	-1053.387	0	-1053.387	0.3579689
514000	-1025.873	0	-1025.873	0.2955134
514500	-1088.338	0	-1088.338	0.1454618
515000	-1047.579	0	-1047.579	0.1258924
515500	-1118.118	0	-1118.118	-0.03084569
516000	-997.136	0	-997.136	-0.1274516
516500	-1081.11	0	-1081.11	-0.0470233
517000	-1016.796	0	-1016.796	0.03793102
517500	-1011.131	0	-1011.131	0.07289549
518000	-1056.545	0	-1056.545	0.1480576
518500	-1044.203	0	-1044.203	-0.134086
519000	-1086.996	0	-1086.996	-0.3045669
519500	-1051.524	0	-1051.524	-0.086822
520000	-1075.665	0	-1075.665	-0.1123025
520500	-1105.996	0	-1105.996	0.03025443
521000	-1096.779	0	-1096.779	0.02284275
521500	-1172.376	0	-1172.376	0.1761817
522000	-1018.861	0	-1018.861	0.04262081
522500	-1029.564	0	-1029.564	-0.00557256
523000	-996.1762	0	-996.1762	-0.03308106
523500	-957.1204	0	-957.1204	-0.05697393
524000	-882.7137	0	-882.7137	0.1587892
524500	-922.0043	0	-922.0043	0.1865849
525000	-1065.402	0	-1065.402	0.1523769
525500	-1040.688	0	-1040.688	0.05490722
526000	-1056.598	0	-1056.598	-0.0006518601
526500	-1130.53	0	-1130.53	0.206656
527000	-1087.244	0	-1087.244	0.3294306
527500	-1112.945	0	-1112.945	0.2864834
528000	-1072.789	0	-1072.789	0.3859663
528500	-1123.527	0	-1123.527	0.1324228
529000	-1117.093	0	-1117.093	-0.1545264
529500	-997.2825	0	-997.2825	0.1056778
530000	-978.28	0	-978.28	0.1386788
530500	-1027.77	0	-1027.77	0.1449139
531000	-986.1833	0	-986.1833	0.1555486
531500	-940.2467	0	-940.2467	0.145684
532000	-1018.645	0	-1018.645	0.06039271
532500	-1033.206	0	-1033.206	-0.0170533
533000	-1008.55	0	-1008.55	-0.1188499
533500	-1038.347	0	-1038.347	-0.1663522
534000	-1018.208	0	-1018.208	-0.1354929
534500	-1005.255	0	-1005.255	-0.01408886
535000	-984.645	0	-984.645	0.2210525
535500	-968.5318	0	-968.5318	0.2573705
536000	-892.4824	0	-892.4824	0.1578348
536500	-954.3954	0	-954.3954	-0.08370465
537000	-967.5313	0	-967.5313	-0.1033656
537500	-905.6601	0	-905.6601	-0.2940911
538000	-939.8003	0	-939.8003	-0.1542869
538500	-925.5347	0	-925.5347	-0.1357633
539000	-894.1892	0	-894.1892	-0.1007519
539500	-819.0234	0	-819.0234	-0.09178172
540000	-847.5166	0	-847.5166	-0.01961635
540500	-970.6711	0	-970.6711	-0.05711349
541000	-1051.83	0	-1051.83	0.09124454
541500	-1025.303	0	-1025.303	0.07519836
542000	-1006.688	0	-1006.688	0.2539601
542500	-1015.855	0	-1015.855	0.1781462
543000	-997.8765	0	-997.8765	-0.01487806
543500	-957.5649	0	-957.5649	0.1358191
544000	-954.9372	0	-954.9372	0.1708789
544500	-937.3031	0	-937.3031	-0.03553841
545000	-909.9465	0	-909.9465	-0.02499534
545500	-991.8917	0	-991.8917	-0.2361374
546000	-928.1327	0	-928.1327	-0.2525497
546500	-923.021	0	-923.021	-0.123623
547000	-948.8638	0	-948.8638	-0.1540478
547500	-945.3995	0	-945.3995	-0.1433803
548000	-888.0233	0	-888.0233	-0.08291057
548500	-858.1093	0	-858.1093	-0.04470337
549000	-899.0955	0	-899.0955	-0.09257833
549500	-919.8628	0	-919.8628	0.02366598
550000	-980.1404	0	-980.1404	0.03029823
550500	-950.8443	0	-950.8443	-0.09566333
551000	-1054.242	0	-1054.242	0.0143668
551500	-1146.177	0	-1146.177	-0.1850606
552000	-1107.58	0	-1107.58	-0.3621927
552500	-1125.867	0	-1125.867	-0.3564741
553000	-1106.527	0	-1106.527	-0.1606188
553500	-1094.122	0	-1094.122	-0.1099115
554000	-1046.336	0	-1046.336	0.06037428
554500	-1007.941	0	-1007.941	0.3059428
555000	-1001.516	0	-1001.516	0.07410348
555500	-1066.427	0	-1066.427	0.04528298
556000	-1070.142	0	-1070.142	0.007766146
556500	-1095.254	0	-1095.254	-0.2735278
557000	-1142.598	0	-1142.598	-0.2935809
557500	-1197.708	0	-1197.708	-0.1936114
558000	-1125.648	0	-1125.648	-0.2247802
558500	-1112.603	0	-1112.603	-0.3408125
559000	-1118.061	0	-1118.061	-0.2427432
559500	-1068.876	0	-1068.876	-0.06492603
560000	-1076.649	0	-1076.649	-0.2716976
560500	-1076.366	0	-1076.366	-0.3305601
561000	-1074.221	0	-1074.221	-0.1716699
561500	-1086.063	0	-1086.063	0.04999429
562000	-1051.27	0	-1051.27	-0.06589413
562500	-1085.46	0	-1085.46	-0.2571141
563000	-1017.295	0	-1017.295	-0.1357842
563500	-1116.332	0	-1116.332	0.05826798
564000	-1155.234	0	-1155.234	-0.05813551
564500	-1089.331	0	-1089.331	0.1275413
565000	-1133.922	0	-1133.922	-0.01744079
565500	-1136.406	0	-1136.406	-0.01969221
566000	-1112.695	0	-1112.695	-0.1636799
566500	-1045.994	0	-1045.994	-0.164095
567000	-1090.44	0	-1090.44	0.07789815
567500	-1135.824	0	-1135.824	0.01121482
568000	-1117.156	0	-1117.156	-0.03833572
568500	-1171.795	0	-1171.795	0.2209008
569000	-1177.687	0	-1177.687	0.1451483
569500	-1144.561	0	-1144.561	-0.1753752
570000	-1114.341	0	-1114.341	0.1304986
570500	-1110.041	0	-1110.041	0.2052294
571000	-1122.672	0	-1122.672	0.1602818
571500	-1120.585	0	-1120.585	0.08779063
572000	-1126.665	0	-1126.665	0.02402065
572500	-1115.509	0	-1115.509	-0.02683536
573000	-1148.73	0	-1148.73	0.08567637
573500	-1110.863	0	-1110.863	0.08919955
574000	-1196.468	0	-1196.468	0.1377035
574500	-1178.438	0	-1178.438	-0.09752323
575000	-1164.503	0	-1164.503	0.1204749
575500	-1124.708	0	-1124.708	-0.2232139
576000	-1060.683	0	-1060.683	-0.223323
576500	-1086.353	0	-1086.353	-0.1737212
577000	-1097.573	0	-1097.573	-0.02641789
577500	-1069.948	0	-1069.948	-0.3727831
578000	-1093.384	0	-1093.384	-0.489977
578500	-1107.498	0	-1107.498	-0.4171066
579000	-1109.264	0	-1109.264	-0.2784077
579500	-1099.892	0	-1099.892	-0.2048309
580000	-1037.366	0	-1037.366	-0.2404655
580500	-1066.679	0	-1066.679	-0.3246541
581000	-981.2145	0	-981.2145	-0.2505036
581500	-999.1296	0	-999.1296	-0.2632792
582000	-963.8251	0	-963.8251	-0.2100037
582500	-1002.292	0	-1002.292	-0.1975396
583000	-971.7149	0	-971.7149	-0.285593
583500	-1007.374	0	-1007.374	-0.2394776
584000	-988.299	0	-988.299	0.06024466
584500	-973.6389	0	-973.6389	0.1470202
585000	-1003.082	0	-1003.082	-0.1358481
585500	-1014.351	0	-1014.351	-0.1636306
586000	-1002.153	0	-1002.153	-0.00501342
586500	-1004.16	0	-1004.16	-0.00144027
587000	-989.4397	0	-989.4397	-0.004476703
587500	-962.734	0	-962.734	-0.06147716
588000	-987.6391	0	-987.6391	0.0253152
588500	-951.5035	0	-951.5035	-0.05218295
589000	-1033.224	0	-1033.224	0.01133226
589500	-1091.474	0	-1091.474	0.2147575
590000	-990.3238	0	-990.3238	0.2288739
590500	-1066.403	0	-1066.403	-0.1054463
591000	-1081.704	0	-1081.704	-0.1179958
591500	-1176.471	0	-1176.471	0.08585666
592000	-1113.084	0	-1113.084	0.2870667
592500	-1037.065	0	-1037.065	0.2168777
593000	-1022.874	0	-1022.874	0.4190457
593500	-966.0383	0	-966.0383	0.2716587
594000	-1030.452	0	-1030.452	0.07330623
594500	-1039.449	0	-1039.449	0.3627317
595000	-1022.508	0	-1022.508	0.143694
595500	-1027.235	0	-1027.235	0.135709
596000	-981.1284	0	-981.1284	0.2016731
596500	-969.7419	0	-969.7419	0.256189
597000	-957.2683	0	-957.2683	0.1936643
597500	-975.5236	0	-975.5236	0.1863919
598000	-937.6953	0	-937.6953	0.2645308
598500	-959.7254	0	-959.7254	0.120616
599000	-1018.851	0	-1018.851	-0.05810135
599500	-1061.814	0	-1061.814	0.1862723
600000	-1064.875	0	-1064.875	0.2328531
600500	-1098.212	0	-1098.212	0.2426213
601000	-1049.38	0	-1049.38	0.08625823
601500	-1067.821	0	-1067.821	0.2655779
602000	-1046.436	0	-1046.436	0.2241581
602500	-1087.674	0	-1087.674	0.03899143
603000	-1050.919	0	-1050.919	0.3202812
603500	-1077.501	0	-1077.501	0.1985133
604000	-1102.653	0	-1102.653	0.3328302
604500	-1028.485	0	-1028.485	0.4948215
605000	-1136.932	0	-1136.932	0.4142432
605500	-1132.775	0	-1132.775	0.4355979
606000	-1170.054	0	-1170.054	0.2420834
606500	-1173.304	0	-1173.304	0.2736405
607000	-1217.398	0	-1217.398	0.04816247
607500	-1091.891	0	-1091.891	0.1612358
608000	-1092.491	0	-1092.491	-0.06045981
608500	-1133.248	0	-1133.248	0.02109772
609000	-1164.062	0	-1164.062	0.213141
609500	-1106.646	0	-1106.646	0.4164376
610000	-1075.067	0	-1075.067	0.3416777
610500	-1112.722	0	-1112.722	0.2457836
611000	-1128.943	0	-1128.943	0.3472915
611500	-1131.582	0	-1131.582	0.3432808
612000	-1022.363	0	-1022.363	0.3403522
612500	-1065.934	0	-1065.934	0.4111919
613000	-1024.285	0	-1024.285	0.4167232
613500	-1040.272	0	-1040.272	0.1322795
614000	-1094.326	0	-1094.326	0.1580221
614500	-1058.904	0	-1058.904	0.2162572
615000	-1077.76	0	-1077.76	0.201982
615500	-1096.663	0	-1096.663	0.2047277
616000	-1035.768	0	-1035.768	0.3086572
616500	-1074.944	0	-1074.944	0.278654
617000	-1041.978	0	-1041.978	0.181258
617500	-944.2629	0	-944.2629	0.1349739
618000	-1013.825	0	-1013.825	0.1880767
618500	-1018.147	0	-1018.147	0.1443636
619000	-1044.59	0	-1044.59	0.1350604
619500	-1114.09	0	-1114.09	0.05123809
620000	-1067.669	0	-1067.669	0.1189715
620500	-1034.888	0	-1034.888	0.06192864
621000	-1020.796	0	-1020.796	0.06279298
621500	-1039.15	0	-1039.15	0.1598037
622000	-923.1549	0	-923.1549	0.1476915
622500	-866.15	0	-866.15	0.156548
623000	-857.0545	0	-857.0545	0.1536878
623500	-969.8099	0	-969.8099	0.1355042
624000	-983.315	0	-983.315	0.07528831
624500	-1031.758	0	-1031.758	0.2041922
625000	-982.7085	0	-982.7085	0.07352227
625500	-1033.738	0	-1033.738	0.09430495
626000	-1003.904	0	-1003.904	0.1644146
626500	-1064.867	0	-1064.867	0.2824202
627000	-1037.525	0	-1037.525	0.2416902
627500	-1012.248	0	-1012.248	0.2268029
628000	-1034.552	0	-1034.552	0.2287019
628500	-953.6873	0	-953.6873	0.2224896
629000	-1051.574	0	-1051.574	0.2502147
629500	-981.8557	0	-981.8557	0.305487
630000	-1011.467	0	-1011.467	0.2896286
630500	-1080.15	0	-1080.15	0.278174
631000	-1046.553	0	-1046.553	0.2696889
631500	-1055.28	0	-1055.28	0.226877
632000	-1104.269	0	-1104.269	0.1133359
632500	-1149.343	0	-1149.343	0.1979375
633000	-1119.028	0	-1119.028	0.3425961
633500	-1075.589	0	-1075.589	0.3516946
634000	-1083.593	0	-1083.593	0.298195
634500	-1122.861	0	-1122.861	0.2837955
635000	-1099.184	0	-1099.184	0.2039637
635500	-1034.674	0	-1034.674	0.04053426
636000	-949.8802	0	-949.8802	0.03463069
636500	-1000.073	0	-1000.073	0.01589754
637000	-935.9005	0	-935.9005	0.01637423
637500	-931.217	0	-931.217	0.05844471
638000	-1000.044	0	-1000.044	0.09351051
638500	-980.1124	0	-980.1124	0.1055425
639000	-984.5938	0	-984.5938	0.09045797
639500	-996.1093	0	-996.1093	0.1240881
640000	-935.0634	0	-935.0634	0.180462
640500	-968.8641	0	-968.8641	0.2258622
641000	-921.2556	0	-921.2556	0.1662354
641500	-920.9634	0	-920.9634	0.193816
642000	-899.59	0	-899.59	0.1484085
642500	-891.3182	0	-891.3182	0.2283865
643000	-881.4551	0	-881.4551	0.1766796
643500	-978.3758	0	-978.3758	0.1194455
644000	-894.0035	0	-894.0035	0.1130346
644500	-945.8361	0	-945.8361	0.1468681
645000	-1060.984	0	-1060.984	0.1061136
645500	-994.8234	0	-994.8234	0.105904
646000	-1016.833	0	-1016.833	0.1105483
646500	-1098.419	0	-1098.419	0.1086499
647000	-1040.056	0	-1040.056	0.1839999
647500	-980.7948	0	-980.7948	0.02425026
648000	-921.8905	0	-921.8905	0.1270025
648500	-1005.353	0	-1005.353	0.03804462
649000	-1006.147	0	-1006.147	0.06335735
649500	-1003.335	0	-1003.335	0.2737799
650000	-1008.563	0	-1008.563	0.2306798
650500	-866.2608	0	-866.2608	0.291973
651000	-914.7823	0	-914.7823	0.248046
651500	-901.9039	0	-901.9039	0.2326507
652000	-871.6239	0	-871.6239	0.271151
652500	-941.9759	0	-941.9759	0.2420259
653000	-869.642	0	-869.642	0.2373138
653500	-852.9564	0	-852.9564	0.2105824
654000	-919.7401	0	-919.7401	0.2444637
654500	-997.3936	0	-997.3936	0.07642659
655000	-953.0727	0	-953.0727	0.0738299
655500	-853.5366	0	-853.5366	0.1511292
656000	-951.2992	0	-951.2992	0.1776031
656500	-922.2761	0	-922.2761	0.1849645
657000	-890.0866	0	-890.0866	0.2195901
657500	-926.8908	0	-926.8908	0.2477685
658000	-934.8906	0	-934.8906	0.3314421
658500	-907.0835	0	-907.0835	0.3174933
659000	-942.3172	0	-942.3172	0.3239217
659500	-867.1386	0	-867.1386	0.3441752
660000	-857.1169	0	-857.1169	0.3911788
660500	-921.0056	0	-921.0056	0.268405
661000	-916.8992	0	-916.8992	0.2899437
661500	-933.0152	0	-933.0152	0.3671306
662000	-966.2622	0	-966.2622	0.3340226
662500	-930.5627	0	-930.5627	0.2983327
663000	-994.7509	0	-994.7509	0.252039
663500	-1012.616	0	-1012.616	0.2700083
664000	-1073.332	0	-1073.332	0.2943011
664500	-1080.7	0	-1080.7	0.1712934
665000	-845.1912	0	-845.1912	0.1486973
665500	-719.3835	0	-719.3835	0.1456006
666000	-862.3662	0	-862.3662	0.1335589
666500	-913.653	0	-913.653	0.1239565
667000	-940.5792	0	-940.5792	0.1121735
667500	-875.9717	0	-875.9717	0.1017286
668000	-982.102	0	-982.102	0.01011537
668500	-931.9536	0	-931.9536	0.04240887
669000	-983.797	0	-983.797	0.0989582
669500	-1044.597	0	-1044.597	0.2902688
670000	-1034.681	0	-1034.681	0.2890882
670500	-1059.228	0	-1059.228	0.2666348
671000	-1045.821	0	-1045.821	0.2920899
671500	-1025.649	0	-1025.649	0.1681461
672000	-1089.213	0	-1089.213	0.3324173
672500	-1131.007	0	-1131.007	0.1454874
673000	-1194.28	0	-1194.28	0.116549
673500	-1132.716	0	-1132.716	0.1913661
674000	-1157.791	0	-1157.791	0.09970937
674500	-1130.278	0	-1130.278	0.1103078
675000	-1037.568	0	-1037.568	0.1554107
675500	-1042.649	0	-1042.649	0.105048
676000	-1134.167	0	-1134.167	0.1694515
676500	-1058.083	0	-1058.083	0.006959539
677000	-1057.377	0	-1057.377	0.1203476
677500	-1073.932	0	-1073.932	-0.0379373
678000	-1089.267	0	-1089.267	0.06025377
678500	-1035.25	0	-1035.25	-0.1362944
679000	-1012.569	0	-1012.569	-0.01940409
679500	-1053.265	0	-1053.265	-0.06632886
680000	-963.1509	0	-963.1509	0.03562164
680500	-908.1839	0	-908.1839	0.2002151
681000	-983.0523	0	-983.0523	0.2955453
681500	-839.9559	0	-839.9559	0.4901225
682000	-888.7291	0	-888.7291	0.4731572
682500	-945.9609	0	-945.9609	0.2714629
683000	-877.6213	0	-877.6213	0.2173028
683500	-847.4178	0	-847.4178	0.2030787
684000	-831.2008	0	-831.2008	0.1833904
684500	-814.0184	0	-814.0184	0.1813826
685000	-781.6696	0	-781.6696	0.1593908
685500	-812.0915	0	-812.0915	0.164347
686000	-793.0241	0	-793.0241	0.1574344
686500	-844.5357	0	-844.5357	0.1627222
687000	-733.9662	0	-733.9662	0.1554
687500	-855.7116	0	-855.7116	0.1427635
688000	-987.8986	0	-987.8986	0.08012034
688500	-1004.794	0	-1004.794	0.09117631
689000	-924.6356	0	-924.6356	-0.05937992
689500	-968.6558	0	-968.6558	-0.1389673
690000	-998.8091	0	-998.8091	0.008204569
690500	-960.3259	0	-960.3259	0.09078359
691000	-940.1821	0	-940.1821	0.04024478
691500	-857.7851	0	-857.7851	0.1426488
692000	-773.899	0	-773.899	0.1976935
692500	-891.6501	0	-891.6501	0.2061659
693000	-943.1885	0	-943.1885	0.1621307
693500	-872.1144	0	-872.1144	0.1683495
694000	-924.3976	0	-924.3976	0.1098392
694500	-973.0151	0	-973.0151	0.03835654
695000	-958.9236	0	-958.9236	-0.04590973
695500	-971.6278	0	-971.6278	-0.05594849
696000	-916.8739	0	-916.8739	-0.2071811
696500	-1028.659	0	-1028.659	-0.2134932
697000	-1002.573	0	-1002.573	-0.108268
697500	-993.6629	0	-993.6629	0.01441262
698000	-1002.92	0	-1002.92	0.1552724
698500	-940.406	0	-940.406	0.08706886
699000	-872.9192	0	-872.9192	0.1231385
699500	-937.6581	0	-937.6581	0.08275693
700000	-895.7433	0	-895.7433	-0.05330198
700500	-831.3722	0	-831.3722	-0.07688228
701000	-877.7167	0	-877.7167	-0.06362846
701500	-844.9346	0	-844.9346	0.03661411
702000	-946.3707	0	-946.3707	0.06325598
702500	-819.741	0	-819.741	0.06515787
703000	-786.8818	0	-786.8818	0.1232895
703500	-780.2122	0	-780.2122	0.142527
704000	-913.0346	0	-913.0346	0.1449651
704500	-1024.579	0	-1024.579	0.2329243
705000	-1042.172	0	-1042.172	0.231644
705500	-1010.709	0	-1010.709	0.1413139
706000	-1006.856	0	-1006.856	0.0674015
706500	-939.743	0	-939.743	0.3093595
707000	-979.7132	0	-979.7132	0.246437
707500	-996.3066	0	-996.3066	0.008445402
708000	-963.4812	0	-963.4812	0.09079706
708500	-971.2688	0	-971.2688	0.02259805
709000	-930.4484	0	-930.4484	0.1379139
709500	-910.951	0	-910.951	0.07769653
710000	-923.399	0	-923.399	-0.0004681575
710500	-987.22	0	-987.22	-0.06567195
711000	-927.5737	0	-927.5737	0.01470146
711500	-953.5956	0	-953.5956	-0.0132079
712000	-1037.208	0	-1037.208	0.118568
712500	-1036.878	0	-1036.878	0.2592154
713000	-1074.166	0	-1074.166	0.2353689
713500	-1004.495	0	-1004.495	0.1757226
714000	-1055.339	0	-1055.339	-0.08266228
714500	-944.1967	0	-944.1967	-0.1678116
715000	-1011.932	0	-1011.932	-0.06240085
715500	-1020.544	0	-1020.544	-0.1942097
716000	-1020.061	0	-1020.061	-0.2402034
716500	-1083.095	0	-1083.095	-0.0246816
717000	-1010.793	0	-1010.793	0.2429793
717500	-968.2753	0	-968.2753	0.1776314
718000	-967.2851	0	-967.2851	0.1114544
718500	-938.8615	0	-938.8615	0.1026601
719000	-880.7739	0	-880.7739	0.1477471
719500	-959.045	0	-959.045	0.0549827
720000	-932.0326	0	-932.0326	0.02035236
720500	-955.0623	0	-955.0623	0.04574446
721000	-882.4817	0	-882.4817	0.2345817
721500	-975.6567	0	-975.6567	0.3676552
722000	-1009.752	0	-1009.752	0.398873
722500	-1074.053	0	-1074.053	0.06944532
723000	-1049.269	0	-1049.269	0.0003068781
723500	-1091.441	0	-1091.441	0.02038567
724000	-890.2879	0	-890.2879	-0.244689
724500	-901.3577	0	-901.3577	-0.1780597
725000	-950.0013	0	-950.0013	-0.150251
725500	-1060.501	0	-1060.501	-0.1799699
726000	-1072.821	0	-1072.821	-0.1516641
726500	-1020.811	0	-1020.811	-0.02703323
727000	-1042.545	0	-1042.545	-0.002119007
727500	-1052.425	0	-1052.425	0.05285057
728000	-1087.731	0	-1087.731	0.1694045
728500	-1091.275	0	-1091.275	-0.03951194
729000	-1033.833	0	-1033.833	-0.07838234
729500	-978.6	0	-978.6	-0.1080435
730000	-1006.303	0	-1006.303	-0.04284409
730500	-1012.529	0	-1012.529	0.08404225
731000	-1021.241	0	-1021.241	0.2579949
731500	-1009.487	0	-1009.487	0.1501674
732000	-1009.84	0	-1009.84	0.3011369
732500	-953.2948	0	-953.2948	0.3591804
733000	-1014.813	0	-1014.813	0.3009242
733500	-1106.875	0	-1106.875	0.2533858
734000	-1113.567	0	-1113.567	0.4121234
734500	-1095.787	0	-1095.787	0.2599077
735000	-1156.465	0	-1156.465	0.02459629
735500	-1094.9	0	-1094.9	0.004283541
736000	-1077.768	0	-1077.768	0.09286546
736500	-1047.482	0	-1047.482	0.09067718
737000	-1099.885	0	-1099.885	0.176753
737500	-979.6804	0	-979.6804	0.1233569
738000	-1082.476	0	-1082.476	0.01665809
738500	-1000.738	0	-1000.738	-0.009350256
739000	-1004.78	0	-1004.78	-0.08506029
739500	-998.7335	0	-998.7335	-0.2186043
740000	-1044.574	0	-1044.574	-0.1316556
740500	-1006.92	0	-1006.92	0.07707337
741000	-946.9919	0	-946.9919	0.164077
741500	-1049.166	0	-1049.166	0.264378
742000	-1061.366	0	-1061.366	0.2202667
742500	-1023.446	0	-1023.446	0.1670624
743000	-1090.898	0	-1090.898	0.2961435
743500	-1025.268	0	-1025.268	-0.01493554
744000	-1044.067	0	-1044.067	-0.003109174
744500	-1031.655	0	-1031.655	-0.1286083
745000	-1005.965	0	-1005.965	-0.1397167
745500	-1006.002	0	-1006.002	-0.01699281
746000	-1016.643	0	-1016.643	-0.01454454
746500	-1031.751	0	-1031.751	0.01875831
747000	-1064.083	0	-1064.083	-0.1370148
747500	-1029.885	0	-1029.885	0.06483874
748000	-1074.824	0	-1074.824	-0.03075581
748500	-1073.894	0	-1073.894	0.01143513
749000	-1050.924	0	-1050.924	0.08489692
749500	-1103.781	0	-1103.781	-0.04177615
750000	-1049.728	0	-1049.728	0.01915731
750500	-1161.74	0	-1161.74	0.1828271
751000	-1100.848	0	-1100.848	0.0849754
751500	-1104.433	0	-1104.433	0.07189719
752000	-1030.22	0	-1030.22	-0.1121644
752500	-1036.117	0	-1036.117	-0.1401131
753000	-912.2556	0	-912.2556	-0.04879215
753500	-1040.672	0	-1040.672	-0.07994287
754000	-1053.396	0	-1053.396	0.03046578
754500	-1016.717	0	-1016.717	0.05083183
755000	-1012.97	0	-1012.97	-0.09364074
755500	-1024.216	0	-1024.216	-0.2102485
756000	-957.8572	0	-957.8572	-0.280207
756500	-1040.037	0	-1040.037	-0.2988516
757000	-1042.346	0	-1042.346	-0.006324583
757500	-1054.059	0	-1054.059	0.06876865
758000	-1055.59	0	-1055.59	0.176553
758500	-1064.544	0	-1064.544	0.06170406
759000	-1031.366	0	-1031.366	0.001612961
759500	-1039.479	0	-1039.479	0.1336736
760000	-1061.624	0	-1061.624	0.1975472
760500	-1068.421	0	-1068.421	0.351543
761000	-1031.898	0	-1031.898	0.3213266
761500	-1075.217	0	-1075.217	0.3126295
762000	-1141.642	0	-1141.642	0.2410323
762500	-1020.06	0	-1020.06	0.2882129
763000	-1136.565	0	-1136.565	0.1455642
763500	-1020.079	0	-1020.079	0.3701084
764000	-1011.883	0	-1011.883	0.3826057
764500	-1069.252	0	-1069.252	0.3130741
765000	-1111.263	0	-1111.263	0.3346772
765500	-1045.574	0	-1045.574	0.06348938
766000	-1042.101	0	-1042.101	0.1618465
766500	-1072.969	0	-1072.969	0.2753165
767000	-1076.156	0	-1076.156	0.2755718
767500	-1076.72	0	-1076.72	0.03728834
768000	-1074.227	0	-1074.227	0.2001735
768500	-1110.171	0	-1110.171	0.1333471
769000	-1064.966	0	-1064.966	-0.02894994
769500	-1020.645	0	-1020.645	0.11077
770000	-991.2907	0	-991.2907	-0.3072299
770500	-997.0771	0	-997.0771	-0.1324451
771000	-1035.768	0	-1035.768	-0.1104724
771500	-987.0902	0	-987.0902	-0.1101057
772000	-942.6419	0	-942.6419	-0.06914092
772500	-1009.777	0	-1009.777	-0.1411876
773000	-1045.691	0	-1045.691	-0.09385102
773500	-988.5939	0	-988.5939	-0.02114842
774000	-961.1306	0	-961.1306	0.09375567
774500	-948.0397	0	-948.0397	0.1451656
775000	-931.4236	0	-931.4236	0.0764747
775500	-984.0149	0	-984.0149	-0.07286067
776000	-898.12	0	-898.12	-0.06677709
776500	-946.1797	0	-946.1797	0.003143643
777000	-917.5762	0	-917.5762	-0.04594217
777500	-961.7277	0	-961.7277	-0.01579028
778000	-987.6919	0	-987.6919	-0.1050692
778500	-989.3067	0	-989.3067	-0.02661722
779000	-1000.607	0	-1000.607	-0.04324367
779500	-1027.39	0	-1027.39	-0.0787609
780000	-1013.806	0	-1013.806	0.03535393
780500	-1026.374	0	-1026.374	0.04282752
781000	-946.5084	0	-946.5084	0.01124842
781500	-1050.093	0	-1050.093	0.2836042
782000	-967.2937	0	-967.2937	0.2457977
782500	-969.7351	0	-969.7351	0.2690913
783000	-1015.452	0	-1015.452	0.2369934
783500	-987.3577	0	-987.3577	0.1488673
784000	-964.879	0	-964.879	0.1294062
784500	-993.6555	0	-993.6555	0.1154013
785000	-1065.53	0	-1065.53	0.1482513
785500	-1018.43	0	-1018.43	0.1009498
786000	-1029.471	0	-1029.471	-0.05768003
786500	-1115.24	0	-1115.24	-0.03416336
787000	-1169.364	0	-1169.364	0.2309091
787500	-1237.369	0	-1237.369	0.2698909
788000	-1220.838	0	-1220.838	0.05400779
788500	-1205.726	0	-1205.726	0.09601607
789000	-1208.299	0	-1208.299	0.003027142
789500	-1151.679	0	-1151.679	0.2461618
790000	-1107.625	0	-1107.625	0.07200614
790500	-1123.18	0	-1123.18	0.3831513
791000	-1145.208	0	-1145.208	0.4072549
791500	-1071.8	0	-1071.8	0.2161531
792000	-1023.511	0	-1023.511	0.4171193
792500	-1046.387	0	-1046.387	0.3657609
793000	-951.5237	0	-951.5237	0.3904259
793500	-976.8489	0	-976.8489	0.4173262
794000	-885.4711	0	-885.4711	0.4388458
794500	-951.6744	0	-951.6744	0.3543145
795000	-980.4828	0	-980.4828	0.328
795500	-1014.648	0	-1014.648	0.2897947
796000	-1068.001	0	-1068.001	0.2220449
796500	-1107.862	0	-1107.862	0.1884306
797000	-1056.896	0	-1056.896	-0.0505046
797500	-1106.184	0	-1106.184	0.07937692
798000	-1146.929	0	-1146.929	0.1535984
798500	-1072.535	0	-1072.535	0.1756869
799000	-1060.997	0	-1060.997	0.004815252
799500	-1072.927	0	-1072.927	-0.261978
800000	-1069.356	0	-1069.356	-0.09695867
800500	-1109.384	0	-1109.384	-0.03713856
801000	-1055.768	0	-1055.768	-0.2104794
801500	-1157.402	0	-1157.402	-0.1721995
802000	-1124.538	0	-1124.538	-0.01560016
802500	-1075.456	0	-1075.456	0.1529839
803000	-1085.693	0	-1085.693	0.2978964
803500	-1132.846	0	-1132.846	0.1393365
804000	-1074.069	0	-1074.069	0.1889897
804500	-1084.532	0	-1084.532	0.1238128
805000	-1135.771	0	-1135.771	0.2860803
805500	-1150.815	0	-1150.815	0.2771946
806000	-1107.239	0	-1107.239	0.3592456
806500	-1216.645	0	-1216.645	0.4191245
807000	-1185.671	0	-1185.671	0.1708429
807500	-1229.752	0	-1229.752	0.2840419
808000	-1168.833	0	-1168.833	0.1304675
808500	-1091.902	0	-1091.902	-0.1226469
809000	-1055.532	0	-1055.532	-0.1093321
809500	-984.1286	0	-984.1286	-0.3432084
810000	-984.2185	0	-984.2185	-0.3397553
810500	-1091.586	0	-1091.586	0.1457397
811000	-1114.253	0	-1114.253	0.2660164
811500	-1058.25	0	-1058.25	0.2524902
812000	-1052.096	0	-1052.096	0.246823
812500	-1110.498	0	-1110.498	0.1203517
813000	-1081.224	0	-1081.224	0.1423342
813500	-1150.527	0	-1150.527	0.235191
814000	-1073.233	0	-1073.233	0.3265275
814500	-1066.6	0	-1066.6	0.2833496
815000	-1074.357	0	-1074.357	0.2689863
815500	-1063.099	0	-1063.099	0.3196118
816000	-928.105	0	-928.105	0.2943784
816500	-996.8673	0	-996.8673	0.2917571
817000	-928.8577	0	-928.8577	0.2820584
817500	-1052.335	0	-1052.335	0.4848541
818000	-1032.865	0	-1032.865	0.5141614
818500	-958.6924	0	-958.6924	0.4069214
819000	-944.2454	0	-944.2454	0.4822465
819500	-1058.5	0	-1058.5	0.4462528
820000	-1073.856	0	-1073.856	0.4142966
820500	-996.4403	0	-996.4403	0.1834492
821000	-1046.585	0	-1046.585	0.01680836
821500	-1165.137	0	-1165.137	0.1081108
822000	-1130.225	0	-1130.225	0.06094245
822500	-1214.599	0	-1214.599	-0.006328349
823000	-1134.615	0	-1134.615	0.06201686
823500	-1174.731	0	-1174.731	0.06199332
824000	-1113.22	0	-1113.22	0.06159789
824500	-1096.698	0	-1096.698	0.1194307
825000	-1109.38	0	-1109.38	0.03731098
825500	-1083.915	0	-1083.915	-0.2969554
826000	-1117.95	0	-1117.95	-0.2130734
826500	-1113.347	0	-1113.347	-0.1029692
827000	-997.6889	0	-997.6889	0.0615893
827500	-946.1152	0	-946.1152	0.04937069
828000	-908.6432	0	-908.6432	0.1474592
828500	-978.4051	0	-978.4051	-0.05386918
829000	-956.0016	0	-956.0016	-0.01430341
829500	-936.3794	0	-936.3794	-0.004153242
830000	-1001.659	0	-1001.659	-0.07134784
830500	-922.5742	0	-922.5742	-0.115241
831000	-913.5574	0	-913.5574	0.01382474
831500	-989.3598	0	-989.3598	0.08981097
832000	-1062.185	0	-1062.185	0.1576018
832500	-1019.048	0	-1019.048	0.2234451
833000	-1035.58	0	-1035.58	0.09464226
833500	-1021.624	0	-1021.624	0.2865659
834000	-1004.35	0	-1004.35	0.3659575
834500	-1111.343	0	-1111.343	0.2931351
835000	-1088.962	0	-1088.962	0.2346141
835500	-1056.235	0	-1056.235	0.1282098
836000	-937.3482	0	-937.3482	-0.01281297
836500	-990.3942	0	-990.3942	0.1458608
837000	-939.7536	0	-939.7536	0.1109239
837500	-1035.412	0	-1035.412	0.05067716
838000	-1083.736	0	-1083.736	0.04220334
838500	-1081.723	0	-1081.723	0.07263359
839000	-1064.844	0	-1064.844	0.121755
839500	-1061.087	0	-1061.087	-0.008795835
840000	-1028.63	0	-1028.63	-0.1320994
840500	-1003.488	0	-1003.488	0.229639
841000	-1083.925	0	-1083.925	0.32752
841500	-1067.983	0	-1067.983	0.1021584
842000	-1115.122	0	-1115.122	-0.135012
842500	-1117.398	0	-1117.398	0.1196781
843000	-1183.065	0	-1183.065	0.2358532
843500	-1155.232	0	-1155.232	0.2160501
844000	-1189.663	0	-1189.663	0.08668058
844500	-1249.094	0	-1249.094	-0.09979958
845000	-1144.317	0	-1144.317	-0.1701885
845500	-1151.4	0	-1151.4	-0.23695
846000	-1154.306	0	-1154.306	0.003959286
846500	-1072.272	0	-1072.272	0.02311439
847000	-1035.753	0	-1035.753	-0.02462388
847500	-1123.978	0	-1123.978	0.1129565
848000	-1078.713	0	-1078.713	-0.1467425
848500	-1039.439	0	-1039.439	-0.3205522
849000	-1068.284	0	-1068.284	-0.1871115
849500	-1020.788	0	-1020.788	-0.2950581
850000	-1049.7	0	-1049.7	-0.2987795
850500	-1155.85	0	-1155.85	-0.2075019
851000	-988.9681	0	-988.9681	-0.008945465
851500	-1060.453	0	-1060.453	-0.05374623
852000	-1028.423	0	-1028.423	0.03110393
852500	-1045.522	0	-1045.522	0.07701251
853000	-1024.251	0	-1024.251	-0.02815443
853500	-933.2364	0	-933.2364	0.313137
854000	-883.6252	0	-883.6252	0.2866731
854500	-886.0984	0	-886.0984	0.1466972
855000	-926.988	0	-926.988	0.1530407
855500	-929.9753	0	-929.9753	0.2147907
856000	-948.416	0	-948.416	0.08130088
856500	-831.9235	0	-831.9235	0.09768996
857000	-791.2045	0	-791.2045	0.03609587
857500	-835.0144	0	-835.0144	0.05626264
858000	-872.3628	0	-872.3628	0.004035893
858500	-798.5712	0	-798.5712	0.05495123
859000	-854.7617	0	-854.7617	0.09118613
859500	-887.8832	0	-887.8832	-0.0340355
860000	-935.5597	0	-935.5597	0.00884419
860500	-1015.884	0	-1015.884	0.09362573
861000	-1053.686	0	-1053.686	-0.1514875
861500	-1047.574	0	-1047.574	0.04178177
862000	-1030.535	0	-1030.535	0.09744175
862500	-1028.913	0	-1028.913	0.09993316
863000	-973.4529	0	-973.4529	0.1506608
863500	-946.2876	0	-946.2876	0.1697161
864000	-958.7093	0	-958.7093	0.1183695
864500	-941.9514	0	-941.9514	0.1595992
865000	-986.3267	0	-986.3267	0.1586313
865500	-994.7613	0	-994.7613	0.2543953
866000	-990.4122	0	-990.4122	0.1804173
866500	-1081.67	0	-1081.67	0.4624549
867000	-1121.023	0	-1121.023	0.272052
867500	-1115.133	0	-1115.133	0.2361659
868000	-1048.84	0	-1048.84	0.2415283
868500	-1072.992	0	-1072.992	0.1918584
869000	-1019.912	0	-1019.912	0.03121159
869500	-1008.269	0	-1008.269	0.1599352
870000	-1058.129	0	-1058.129	0.285751
870500	-1106.219	0	-1106.219	0.1041544
871000	-1035.743	0	-1035.743	0.01514472
871500	-1103.224	0	-1103.224	0.1162978
872000	-1084.516	0	-1084.516	0.2993671
872500	-1080.44	0	-1080.44	0.06288949
873000	-1137.856	0	-1137.856	-0.03917705
873500	-1139.351	0	-1139.351	0.05027388
874000	-1138.715	0	-1138.715	0.1603104
874500	-1164.697	0	-1164.697	0.1943992
875000	-1162.698	0	-1162.698	0.1700207
875500	-1173.03	0	-1173.03	0.1294516
876000	-1182.223	0	-1182.223	0.05441241
876500	-1115.157	0	-1115.157	0.2673587
877000	-1101.418	0	-1101.418	0.3336554
877500	-1116.614	0	-1116.614	0.3316469
878000	-1091.138	0	-1091.138	0.4334529
878500	-1143.64	0	-1143.64	0.1594714
879000	-1146.003	0	-1146.003	0.2629944
879500	-1102.058	0	-1102.058	0.1956746
880000	-955.845	0	-955.845	0.2045058
880500	-1032.626	0	-1032.626	0.2489194
881000	-1078.421	0	-1078.421	0.2174307
881500	-1014.801	0	-1014.801	0.2727265
882000	-1033.377	0	-1033.377	0.07597654
882500	-1085.158	0	-1085.158	0.08911805
883000	-999.1343	0	-999.1343	0.2509231
883500	-1068.55	0	-1068.55	0.005013241
884000	-1006.118	0	-1006.118	0.1815017
884500	-979.8074	0	-979.8074	-0.02477289
885000	-1054.42	0	-1054.42	0.06266442
885500	-1142.638	0	-1142.638	0.1161849
886000	-1131.728	0	-1131.728	0.1960637
886500	-1161.904	0	-1161.904	0.04134193
887000	-1163.211	0	-1163.211	0.07199719
887500	-1083.047	0	-1083.047	0.290647
888000	-1104.853	0	-1104.853	0.09783618
888500	-1086.048	0	-1086.048	0.1889398
889000	-1046.611	0	-1046.611	0.1927978
889500	-1123.619	0	-1123.619	0.2703422
890000	-1087.256	0	-1087.256	0.1958725
890500	-984.6637	0	-984.6637	0.1457901
891000	-991.256	0	-991.256	0.1284723
891500	-1036.188	0	-1036.188	0.236963
892000	-1026.746	0	-1026.746	0.2950159
892500	-1090.54	0	-1090.54	0.191644
893000	-1114.905	0	-1114.905	0.2986433
893500	-1068.478	0	-1068.478	0.2577875
894000	-1143.981	0	-1143.981	0.03029989
894500	-1202.036	0	-1202.036	0.01178558
895000	-1116.438	0	-1116.438	0.08726785
895500	-1112.081	0	-1112.081	-0.01488325
896000	-1131.719	0	-1131.719	0.08708949
896500	-1123.677	0	-1123.677	0.1946333
897000	-1109.484	0	-1109.484	0.03426771
897500	-1203.456	0	-1203.456	-0.2317622
898000	-1226.561	0	-1226.561	-0.3379119
898500	-1226.874	0	-1226.874	-0.155548
899000	-1194.075	0	-1194.075	-0.1749914
899500	-1096.084	0	-1096.084	-0.1629527
900000	-1084.461	0	-1084.461	-0.026565
900500	-1116.332	0	-1116.332	-0.03019811
901000	-1027.01	0	-1027.01	-0.1362713
901500	-1089.937	0	-1089.937	0.1261558
902000	-1101.986	0	-1101.986	-0.05858874
902500	-1051.396	0	-1051.396	-0.02022017
903000	-1125.653	0	-1125.653	-0.1224447
903500	-1064.111	0	-1064.111	0.04382056
904000	-1093.673	0	-1093.673	-0.1149062
904500	-1109.226	0	-1109.226	0.01812152
905000	-1070.437	0	-1070.437	-0.1906129
905500	-1017.943	0	-1017.943	-0.2459191
906000	-1080.278	0	-1080.278	-0.3366658
906500	-1010.799	0	-1010.799	-0.1531143
907000	-991.6671	0	-991.6671	-0.1482173
907500	-1037.578	0	-1037.578	-0.09611452
908000	-1023.857	0	-1023.857	-0.08246189
908500	-1003.178	0	-1003.178	0.1749814
909000	-1134.349	0	-1134.349	0.03662349
909500	-1093.337	0	-1093.337	0.09976784
910000	-1104.503	0	-1104.503	-0.05857065
910500	-1100.019	0	-1100.019	-0.03793758
911000	-1132.835	0	-1132.835	-0.1796602
911500	-1116.227	0	-1116.227	-0.06300554
912000	-1111.872	0	-1111.872	0.1002064
912500	-1080.833	0	-1080.833	-0.08284107
913000	-1118.061	0	-1118.061	-0.1913498
913500	-1190.872	0	-1190.872	0.09875756
914000	-1180.981	0	-1180.981	0.0005970981
914500	-1174.841	0	-1174.841	-0.3672608
915000	-1087.542	0	-1087.542	-0.01445542
915500	-978.4051	0	-978.4051	-0.1464452
916000	-1087.395	0	-1087.395	0.09459597
916500	-1079.645	0	-1079.645	-0.1459983
917000	-1010.324	0	-1010.324	0.2381623
917500	-1057.809	0	-1057.809	0.2070668
918000	-1114.792	0	-1114.792	0.03909994
918500	-1151.558	0	-1151.558	0.1065447
919000	-1174.567	0	-1174.567	0.1457124
919500	-1168.87	0	-1168.87	-0.001433006
920000	-1180.703	0	-1180.703	0.3244095
920500	-1154.967	0	-1154.967	0.2428273
921000	-1168.09	0	-1168.09	0.02582145
921500	-1128.481	0	-1128.481	0.106278
922000	-1131.493	0	-1131.493	0.1036911
922500	-1110.313	0	-1110.313	0.2583767
923000	-1093.902	0	-1093.902	0.2366502
923500	-1132.322	0	-1132.322	0.2956301
924000	-1093.179	0	-1093.179	0.151804
924500	-1102.301	0	-1102.301	0.3505494
925000	-1147.506	0	-1147.506	0.3199274
925500	-1117.539	0	-1117.539	0.1150702
926000	-1088.2	0	-1088.2	0.3041192
926500	-1107.776	0	-1107.776	0.2333189
927000	-1051.082	0	-1051.082	0.03994086
927500	-1048.013	0	-1048.013	0.2578052
928000	-1017.369	0	-1017.369	0.2137845
928500	-1067.623	0	-1067.623	0.01492628
929000	-946.6826	0	-946.6826	-0.08246469
929500	-1032.365	0	-1032.365	-0.04667662
930000	-1003.079	0	-1003.079	0.1414335
930500	-1024.646	0	-1024.646	-0.08736246
931000	-1021.875	0	-1021.875	-0.1618795
931500	-1143.309	0	-1143.309	-0.06466978
932000	-1107.035	0	-1107.035	0.09472157
932500	-1087.9	0	-1087.9	0.03381766
933000	-994.9481	0	-994.9481	0.07113103
933500	-1008.644	0	-1008.644	0.1956975
934000	-1084.646	0	-1084.646	0.2665096
934500	-1139.039	0	-1139.039	0.1967938
935000	-1094.253	0	-1094.253	0.1275773
935500	-1050.285	0	-1050.285	-0.09798774
936000	-1080.667	0	-1080.667	-0.2088149
936500	-1008.21	0	-1008.21	-0.03317428
937000	-985.1704	0	-985.1704	0.06909781
937500	-999.4242	0	-999.4242	0.2475238
938000	-995.9529	0	-995.9529	0.2971549
938500	-1075.989	0	-1075.989	0.2855717
939000	-1029.834	0	-1029.834	0.4069721
939500	-1048.802	0	-1048.802	0.3552157
940000	-1024.244	0	-1024.244	0.2830629
940500	-988.9056	0	-988.9056	0.5083116
941000	-1040.139	0	-1040.139	0.4473658
941500	-1033.113	0	-1033.113	0.3446056
942000	-961.9596	0	-961.9596	0.05837498
942500	-904.4075	0	-904.4075	0.1164974
943000	-952.6112	0	-952.6112	0.09585287
943500	-1008.954	0	-1008.954	0.1522298
944000	-1005.289	0	-1005.289	-0.01617298
944500	-1006.37	0	-1006.37	-0.1798413
945000	-984.4603	0	-984.4603	0.03857727
945500	-1087.589	0	-1087.589	0.1234168
946000	-1044.545	0	-1044.545	0.06878835
946500	-1048.887	0	-1048.887	-0.06970159
947000	-1024.189	0	-1024.189	0.2590216
947500	-1053.303	0	-1053.303	0.1319703
948000	-1005.88	0	-1005.88	0.1870218
948500	-929.209	0	-929.209	0.1861122
949000	-919.0284	0	-919.0284	0.1562285
949500	-914.6741	0	-914.6741	0.1618836
950000	-1002.769	0	-1002.769	0.09563358
950500	-1037.371	0	-1037.371	-0.1237484
951000	-966.8888	0	-966.8888	-0.1773874
951500	-867.4186	0	-867.4186	-0.382349
952000	-1045.69	0	-1045.69	-0.2818694
952500	-996.2184	0	-996.2184	-0.02427476
953000	-986.4692	0	-986.4692	-0.03976867
953500	-980.2188	0	-980.2188	-0.07169799
954000	-1078.425	0	-1078.425	0.04420413
954500	-1028.029	0	-1028.029	0.1199868
955000	-1061.947	0	-1061.947	-0.06736316
955500	-1000.126	0	-1000.126	0.1136511
956000	-961.6037	0	-961.6037	0.0993689
956500	-976.7263	0	-976.7263	0.2085933
957000	-1026.038	0	-1026.038	0.2692258
957500	-1105.82	0	-1105.82	0.3278628
958000	-1062.629	0	-1062.629	0.2008498
958500	-1046.687	0	-1046.687	0.08688813
959000	-1034.511	0	-1034.511	0.1288944
959500	-1040.913	0	-1040.913	0.008483561
960000	-1082.265	0	-1082.265	-0.3604353
960500	-1129.198	0	-1129.198	-0.2016515
961000	-1048.898	0	-1048.898	-0.2437426
961500	-1117.63	0	-1117.63	0.08864844
962000	-1098.264	0	-1098.264	-0.05985997
962500	-1069.966	0	-1069.966	-0.2650914
963000	-999.4835	0	-999.4835	0.07181575
963500	-1026.317	0	-1026.317	0.08207847
964000	-1059.894	0	-1059.894	0.1414106
964500	-969.6339	0	-969.6339	0.04939924
965000	-1002.233	0	-1002.233	-0.06510946
965500	-925.599	0	-925.599	0.01588164
966000	-1002.636	0	-1002.636	-0.08679468
966500	-1037.616	0	-1037.616	-0.08677138
967000	-1004.984	0	-1004.984	0.1608671
967500	-886.9439	0	-886.9439	0.4182267
968000	-973.4046	0	-973.4046	0.4816935
968500	-989.8461	0	-989.8461	-0.06768408
969000	-1031.183	0	-1031.183	0.02796696
969500	-980.4125	0	-980.4125	0.1743389
970000	-1084.744	0	-1084.744	-0.03276384
970500	-1010.284	0	-1010.284	0.003544532
971000	-1038.009	0	-1038.009	0.1959535
971500	-1079.396	0	-1079.396	0.1012549
972000	-1077.266	0	-1077.266	0.2563552
972500	-1093.942	0	-1093.942	0.2635707
973000	-1092.021	0	-1092.021	-0.2782211
973500	-1090.506	0	-1090.506	-0.008682796
974000	-1126.64	0	-1126.64	0.003277774
974500	-1123.759	0	-1123.759	0.2375358
975000	-1095.697	0	-1095.697	0.2277083
975500	-1063.77	0	-1063.77	0.351076
976000	-1133.097	0	-1133.097	0.2944741
976500	-1026.164	0	-1026.164	0.1615768
977000	-1032.838	0	-1032.838	0.1178018
977500	-1083.089	0	-1083.089	0.4558369
978000	-1092.883	0	-1092.883	0.2915524
978500	-1024.609	0	-1024.609	0.4505304
979000	-1149.625	0	-1149.625	0.2139363
979500	-1171.254	0	-1171.254	0.2580299
980000	-1052.376	0	-1052.376	0.5118209
980500	-1125.364	0	-1125.364	0.3700451
981000	-1097.315	0	-1097.315	0.3664406
981500	-1109.381	0	-1109.381	0.4468246
982000	-1182.877	0	-1182.877	0.1148081
982500	-1186.926	0	-1186.926	0.2392624
983000	-1101.809	0	-1101.809	0.2432629
983500	-1122.629	0	-1122.629	0.4242979
984000	-1132.572	0	-1132.572	0.3776207
984500	-1101.098	0	-1101.098	0.4036701
985000	-1100.254	0	-1100.254	0.3812364
985500	-1135.886	0	-1135.886	0.3381584
986000	-1115.551	0	-1115.551	0.4445198
986500	-1095.224	0	-1095.224	0.3703989
987000	-1099.135	0	-1099.135	0.3503773
987500	-1137.556	0	-1137.556	0.245724
988000	-1135.422	0	-1135.422	0.2176355
988500	-1153.191	0	-1153.191	0.1979046
989000	-1126.16	0	-1126.16	0.1905148
989500	-1137.7	0	-1137.7	0.1748611
990000	-1104.841	0	-1104.841	0.2307391
990500	-1057.179	0	-1057.179	0.2042736
991000	-1051.201	0	-1051.201	0.1559585
991500	-1028.42	0	-1028.42	-0.04852795
992000	-1117.213	0	-1117.213	0.1354186
992500	-1072.897	0	-1072.897	0.3153807
993000	-1074.056	0	-1074.056	0.04810891
993500	-1186.203	0	-1186.203	0.1077661
994000	-1179.115	0	-1179.115	-0.04258501
994500	-1188.062	0	-1188.062	0.03653249
995000	-1151.946	0	-1151.946	0.2044752
995500	-1201.877	0	-1201.877	0.2835469
996000	-1199.868	0	-1199.868	0.1689129
996500	-1192.508	0	-1192.508	0.1359327
997000	-1115.793	0	-1115.793	-0.2044934
997500	-1104.184	0	-1104.184	-0.04016868
998000	-1022.427	0	-1022.427	0.02423032
998500	-1061.154	0	-1061.154	-0.05792583
999000	-1110.146	0	-1110.146	-0.01177218
999500	-1071.292	0	-1071.292	0.2090978
1000000	-977.6529	0	-977.6529	0.2933384
