Iteration	Posterior	Likelihood	Prior	rho[1][2]
0	-8970.168	0	-8970.168	0.2026358
500	-1808.775	0	-1808.775	0.3810723
1000	-1740.946	0	-1740.946	0.4630646
1500	-1643.105	0	-1643.105	0.5100489
2000	-1550.207	0	-1550.207	0.5879182
2500	-1546.959	0	-1546.959	0.4801441
3000	-1585.54	0	-1585.54	0.4293149
3500	-1556.264	0	-1556.264	0.3594909
4000	-1582.158	0	-1582.158	0.4399464
4500	-1564.021	0	-1564.021	0.4642807
5000	-1640.023	0	-1640.023	0.5088212
5500	-1632.329	0	-1632.329	0.3740322
6000	-1618.508	0	-1618.508	0.3808304
6500	-1578.183	0	-1578.183	0.5150972
7000	-1602.245	0	-1602.245	0.4909149
7500	-1639.756	0	-1639.756	0.4142418
8000	-1620.841	0	-1620.841	0.418558
8500	-1576.081	0	-1576.081	0.4106949
9000	-1611.178	0	-1611.178	0.3752433
9500	-1630.709	0	-1630.709	0.2917811
10000	-1602.402	0	-1602.402	0.4373491
10500	-1529.157	0	-1529.157	0.4434179
11000	-1546.89	0	-1546.89	0.5397737
11500	-1573.337	0	-1573.337	0.4381081
12000	-1514.767	0	-1514.767	0.4744918
12500	-1578.12	0	-1578.12	0.5852436
13000	-1599.135	0	-1599.135	0.5621652
13500	-1606.29	0	-1606.29	0.644198
14000	-1611.055	0	-1611.055	0.5878772
14500	-1623.345	0	-1623.345	0.4896678
15000	-1646.889	0	-1646.889	0.4373079
15500	-1573.651	0	-1573.651	0.5116285
16000	-1518.827	0	-1518.827	0.4491818
16500	-1607.764	0	-1607.764	0.5117249
17000	-1596.119	0	-1596.119	0.4638121
17500	-1588.254	0	-1588.254	0.4313202
18000	-1580.294	0	-1580.294	0.4269241
18500	-1621.172	0	-1621.172	0.5181191
19000	-1621.057	0	-1621.057	0.1941852
19500	-1604.094	0	-1604.094	0.2437389
20000	-1620.381	0	-1620.381	0.3608123
20500	-1675.906	0	-1675.906	0.3847053
21000	-1646.051	0	-1646.051	0.3730346
21500	-1554.761	0	-1554.761	0.6951844
22000	-1507.099	0	-1507.099	0.7724883
22500	-1546.96	0	-1546.96	0.6198905
23000	-1509.1	0	-1509.1	0.675228
23500	-1464.259	0	-1464.259	0.608111
24000	-1473.921	0	-1473.921	0.6313619
24500	-1491.183	0	-1491.183	0.5906621
25000	-1569.234	0	-1569.234	0.4895427
25500	-1533.928	0	-1533.928	0.6104882
26000	-1553.306	0	-1553.306	0.5401573
26500	-1576.887	0	-1576.887	0.4765532
27000	-1578.989	0	-1578.989	0.4923632
27500	-1630.115	0	-1630.115	0.5649956
28000	-1607.41	0	-1607.41	0.4435009
28500	-1575.744	0	-1575.744	0.5898478
29000	-1580.833	0	-1580.833	0.6336638
29500	-1607.698	0	-1607.698	0.4252845
30000	-1583.456	0	-1583.456	0.4643249
30500	-1654.712	0	-1654.712	0.5132792
31000	-1568.805	0	-1568.805	0.2608902
31500	-1539.819	0	-1539.819	0.4594983
32000	-1607.303	0	-1607.303	0.5065621
32500	-1517.301	0	-1517.301	0.4483234
33000	-1575.741	0	-1575.741	0.5525791
33500	-1579.85	0	-1579.85	0.5158314
34000	-1555.25	0	-1555.25	0.3800058
34500	-1513.215	0	-1513.215	0.2713003
35000	-1584.855	0	-1584.855	0.381517
35500	-1570.425	0	-1570.425	0.3794928
36000	-1544.934	0	-1544.934	0.5780693
36500	-1482.396	0	-1482.396	0.6467497
37000	-1541.212	0	-1541.212	0.5388671
37500	-1482.042	0	-1482.042	0.4906351
38000	-1514.111	0	-1514.111	0.5614234
38500	-1562.595	0	-1562.595	0.2788436
39000	-1616.445	0	-1616.445	0.5443034
39500	-1622.335	0	-1622.335	0.4231174
40000	-1592.374	0	-1592.374	0.374683
40500	-1502.145	0	-1502.145	0.4612239
41000	-1542.148	0	-1542.148	0.5069419
41500	-1524.316	0	-1524.316	0.5250782
42000	-1512.207	0	-1512.207	0.5644539
42500	-1515.692	0	-1515.692	0.5128835
43000	-1540.497	0	-1540.497	0.6187886
43500	-1566.263	0	-1566.263	0.421889
44000	-1546.54	0	-1546.54	0.4581683
44500	-1574.69	0	-1574.69	0.4892665
45000	-1495.015	0	-1495.015	0.4474198
45500	-1512.429	0	-1512.429	0.5175211
46000	-1540.762	0	-1540.762	0.5142672
46500	-1571.514	0	-1571.514	0.2918268
47000	-1502.568	0	-1502.568	0.3174234
47500	-1447.866	0	-1447.866	0.5160738
48000	-1473.477	0	-1473.477	0.485314
48500	-1558.693	0	-1558.693	0.4609151
49000	-1553.918	0	-1553.918	0.3962323
49500	-1530.289	0	-1530.289	0.5893261
50000	-1537.822	0	-1537.822	0.5905985
50500	-1521.551	0	-1521.551	0.5302361
51000	-1491.109	0	-1491.109	0.5253449
51500	-1485.021	0	-1485.021	0.4682632
52000	-1519.542	0	-1519.542	0.3343239
52500	-1554.136	0	-1554.136	0.4864883
53000	-1490.441	0	-1490.441	0.5505054
53500	-1538.845	0	-1538.845	0.6147982
54000	-1453.591	0	-1453.591	0.6532543
54500	-1557.397	0	-1557.397	0.5560938
55000	-1479.521	0	-1479.521	0.5921596
55500	-1401.674	0	-1401.674	0.7244835
56000	-1402.963	0	-1402.963	0.7062666
56500	-1424.778	0	-1424.778	0.6854911
57000	-1480.257	0	-1480.257	0.6123904
57500	-1464.244	0	-1464.244	0.462492
58000	-1543.866	0	-1543.866	0.44318
58500	-1579.859	0	-1579.859	0.4288886
59000	-1554.101	0	-1554.101	0.6181844
59500	-1524.284	0	-1524.284	0.6065189
60000	-1481.882	0	-1481.882	0.6871051
60500	-1407.516	0	-1407.516	0.5255671
61000	-1397.823	0	-1397.823	0.5625528
61500	-1469.749	0	-1469.749	0.6882223
62000	-1425.324	0	-1425.324	0.7059712
62500	-1429.248	0	-1429.248	0.8158675
63000	-1543.044	0	-1543.044	0.6745984
63500	-1495.214	0	-1495.214	0.6803377
64000	-1534.853	0	-1534.853	0.7355998
64500	-1558.211	0	-1558.211	0.5930707
65000	-1511.209	0	-1511.209	0.7767231
65500	-1530.176	0	-1530.176	0.5939206
66000	-1497.371	0	-1497.371	0.6432238
66500	-1517.893	0	-1517.893	0.6151321
67000	-1516.066	0	-1516.066	0.6708212
67500	-1481.509	0	-1481.509	0.5100812
68000	-1531.174	0	-1531.174	0.4387258
68500	-1489.105	0	-1489.105	0.4680348
69000	-1543.978	0	-1543.978	0.3993027
69500	-1556.481	0	-1556.481	0.3371931
70000	-1516.631	0	-1516.631	0.3352447
70500	-1481.429	0	-1481.429	0.4647527
71000	-1567.784	0	-1567.784	0.3931771
71500	-1530.962	0	-1530.962	0.5672993
72000	-1471.09	0	-1471.09	0.4489114
72500	-1502.035	0	-1502.035	0.3909442
73000	-1556.133	0	-1556.133	0.2445072
73500	-1582.246	0	-1582.246	0.2310123
74000	-1588.631	0	-1588.631	0.2004258
74500	-1499.152	0	-1499.152	0.09729558
75000	-1565.123	0	-1565.123	0.3236452
75500	-1604.285	0	-1604.285	0.386616
76000	-1629.767	0	-1629.767	0.3051948
76500	-1528.512	0	-1528.512	0.315137
77000	-1516.467	0	-1516.467	0.4761128
77500	-1461.356	0	-1461.356	0.488975
78000	-1540.237	0	-1540.237	0.5657689
78500	-1470.534	0	-1470.534	0.5652798
79000	-1458.149	0	-1458.149	0.5680036
79500	-1531.32	0	-1531.32	0.5257682
80000	-1517.518	0	-1517.518	0.5373764
80500	-1500.605	0	-1500.605	0.5392752
81000	-1527.185	0	-1527.185	0.5558565
81500	-1456.439	0	-1456.439	0.6097082
82000	-1497.164	0	-1497.164	0.5527763
82500	-1550.643	0	-1550.643	0.6902254
83000	-1526.902	0	-1526.902	0.6435201
83500	-1570.351	0	-1570.351	0.7459173
84000	-1502.921	0	-1502.921	0.5584245
84500	-1519.063	0	-1519.063	0.4731837
85000	-1530.128	0	-1530.128	0.6434558
85500	-1492.574	0	-1492.574	0.7423909
86000	-1461.693	0	-1461.693	0.7014764
86500	-1452.54	0	-1452.54	0.6928568
87000	-1445.659	0	-1445.659	0.6833177
87500	-1539.995	0	-1539.995	0.6308704
88000	-1458.062	0	-1458.062	0.7902723
88500	-1517.796	0	-1517.796	0.7593566
89000	-1470.328	0	-1470.328	0.6163475
89500	-1523.004	0	-1523.004	0.5144579
90000	-1543.8	0	-1543.8	0.3063888
90500	-1527.097	0	-1527.097	0.3754108
91000	-1491.481	0	-1491.481	0.5815203
91500	-1508.162	0	-1508.162	0.6535324
92000	-1590.483	0	-1590.483	0.2979312
92500	-1593.344	0	-1593.344	0.4489186
93000	-1516.529	0	-1516.529	0.4635655
93500	-1452.985	0	-1452.985	0.4326246
94000	-1525.306	0	-1525.306	0.3562776
94500	-1429.929	0	-1429.929	0.4346193
95000	-1455.528	0	-1455.528	0.5756418
95500	-1549.13	0	-1549.13	0.4159211
96000	-1566.681	0	-1566.681	0.4219734
96500	-1550.996	0	-1550.996	0.6297054
97000	-1522.901	0	-1522.901	0.6384521
97500	-1516.768	0	-1516.768	0.6215292
98000	-1505.233	0	-1505.233	0.6864362
98500	-1566.376	0	-1566.376	0.6492281
99000	-1590.498	0	-1590.498	0.4576233
99500	-1537.954	0	-1537.954	0.4849801
100000	-1559.457	0	-1559.457	0.649061
100500	-1463.982	0	-1463.982	0.6640558
101000	-1457.901	0	-1457.901	0.5216963
101500	-1541.271	0	-1541.271	0.5580184
102000	-1569.716	0	-1569.716	0.6930543
102500	-1543.509	0	-1543.509	0.6733257
103000	-1489.275	0	-1489.275	0.7605633
103500	-1504.615	0	-1504.615	0.5682296
104000	-1576.85	0	-1576.85	0.6179528
104500	-1576.741	0	-1576.741	0.4822407
105000	-1551.638	0	-1551.638	0.6934274
105500	-1619.849	0	-1619.849	0.5116977
106000	-1601.521	0	-1601.521	0.4422436
106500	-1611.184	0	-1611.184	0.510105
107000	-1563.73	0	-1563.73	0.4993422
107500	-1602.285	0	-1602.285	0.5475584
108000	-1544.538	0	-1544.538	0.712617
108500	-1560.51	0	-1560.51	0.6094679
109000	-1595.452	0	-1595.452	0.4489928
109500	-1511.033	0	-1511.033	0.5159372
110000	-1475.533	0	-1475.533	0.5396473
110500	-1561.27	0	-1561.27	0.601671
111000	-1508.893	0	-1508.893	0.6243009
111500	-1517.094	0	-1517.094	0.4961308
112000	-1514.041	0	-1514.041	0.6047977
112500	-1593.547	0	-1593.547	0.601754
113000	-1511.587	0	-1511.587	0.5642922
113500	-1488.28	0	-1488.28	0.6938237
114000	-1440.013	0	-1440.013	0.6213732
114500	-1569.871	0	-1569.871	0.5142798
115000	-1574.825	0	-1574.825	0.4835303
115500	-1539.539	0	-1539.539	0.6295864
116000	-1640.946	0	-1640.946	0.3939964
116500	-1556.928	0	-1556.928	0.5238686
117000	-1528.289	0	-1528.289	0.4363109
117500	-1493.75	0	-1493.75	0.4410377
118000	-1467.914	0	-1467.914	0.5316092
118500	-1485.394	0	-1485.394	0.6369857
119000	-1489.479	0	-1489.479	0.7749791
119500	-1497.298	0	-1497.298	0.7649335
120000	-1548.717	0	-1548.717	0.5619608
120500	-1395.852	0	-1395.852	0.6119184
121000	-1390.445	0	-1390.445	0.6436274
121500	-1481.737	0	-1481.737	0.6132273
122000	-1455.606	0	-1455.606	0.4695418
122500	-1366.683	0	-1366.683	0.6271234
123000	-1405.107	0	-1405.107	0.5528778
123500	-1422.214	0	-1422.214	0.6240667
124000	-1447.26	0	-1447.26	0.6135966
124500	-1432.627	0	-1432.627	0.5374467
125000	-1448.319	0	-1448.319	0.6406848
125500	-1507.144	0	-1507.144	0.4837135
126000	-1384.744	0	-1384.744	0.5051643
126500	-1391.216	0	-1391.216	0.5425404
127000	-1398.695	0	-1398.695	0.5372804
127500	-1412.566	0	-1412.566	0.6544265
128000	-1295.339	0	-1295.339	0.7387664
128500	-1409.631	0	-1409.631	0.666212
129000	-1425.98	0	-1425.98	0.5910768
129500	-1414.032	0	-1414.032	0.5211716
130000	-1493.03	0	-1493.03	0.4720055
130500	-1422.477	0	-1422.477	0.5597035
131000	-1478.935	0	-1478.935	0.2950771
131500	-1462.686	0	-1462.686	0.430523
132000	-1469.021	0	-1469.021	0.3594052
132500	-1451.146	0	-1451.146	0.498046
133000	-1474.151	0	-1474.151	0.456877
133500	-1442.409	0	-1442.409	0.5773856
134000	-1415.211	0	-1415.211	0.6523369
134500	-1436.808	0	-1436.808	0.6614305
135000	-1424.613	0	-1424.613	0.6481735
135500	-1418.769	0	-1418.769	0.6547486
136000	-1450.732	0	-1450.732	0.6592079
136500	-1456.501	0	-1456.501	0.6595547
137000	-1568.043	0	-1568.043	0.4338187
137500	-1443.802	0	-1443.802	0.7468598
138000	-1506.826	0	-1506.826	0.6978564
138500	-1541.607	0	-1541.607	0.554222
139000	-1471.688	0	-1471.688	0.6205585
139500	-1467.17	0	-1467.17	0.5841035
140000	-1472.656	0	-1472.656	0.5784738
140500	-1545.261	0	-1545.261	0.5194893
141000	-1549.811	0	-1549.811	0.4249322
141500	-1509.135	0	-1509.135	0.5030634
142000	-1498.059	0	-1498.059	0.4972886
142500	-1479.173	0	-1479.173	0.4481965
143000	-1459.391	0	-1459.391	0.5069774
143500	-1487.923	0	-1487.923	0.4763602
144000	-1492.4	0	-1492.4	0.5571855
144500	-1506.536	0	-1506.536	0.5485044
145000	-1521.406	0	-1521.406	0.5662432
145500	-1474.392	0	-1474.392	0.7422887
146000	-1458.839	0	-1458.839	0.6773235
146500	-1531.41	0	-1531.41	0.7176552
147000	-1507.296	0	-1507.296	0.7599347
147500	-1435.67	0	-1435.67	0.740425
148000	-1445.782	0	-1445.782	0.7350702
148500	-1526.198	0	-1526.198	0.5402084
149000	-1503.391	0	-1503.391	0.4892363
149500	-1451.398	0	-1451.398	0.5779723
150000	-1423.714	0	-1423.714	0.514752
150500	-1384.359	0	-1384.359	0.7448427
151000	-1420.628	0	-1420.628	0.7405563
151500	-1383.15	0	-1383.15	0.7169812
152000	-1346.213	0	-1346.213	0.6969862
152500	-1440.886	0	-1440.886	0.7500003
153000	-1533.163	0	-1533.163	0.580371
153500	-1545.738	0	-1545.738	0.3773086
154000	-1593.079	0	-1593.079	0.4730509
154500	-1614.393	0	-1614.393	0.5026993
155000	-1527.663	0	-1527.663	0.6410366
155500	-1587.929	0	-1587.929	0.5357614
156000	-1562.773	0	-1562.773	0.635817
156500	-1497.197	0	-1497.197	0.6749482
157000	-1473.372	0	-1473.372	0.5039595
157500	-1573.613	0	-1573.613	0.5948408
158000	-1451.81	0	-1451.81	0.5472454
158500	-1459.765	0	-1459.765	0.5744917
159000	-1500.47	0	-1500.47	0.4013939
159500	-1501.999	0	-1501.999	0.3596538
160000	-1512.683	0	-1512.683	0.5469512
160500	-1471.205	0	-1471.205	0.5683992
161000	-1484.067	0	-1484.067	0.590401
161500	-1510.531	0	-1510.531	0.5576403
162000	-1460.475	0	-1460.475	0.6329435
162500	-1424.193	0	-1424.193	0.6749876
163000	-1486.41	0	-1486.41	0.6039203
163500	-1521.075	0	-1521.075	0.6677333
164000	-1402.795	0	-1402.795	0.65249
164500	-1435.203	0	-1435.203	0.7485805
165000	-1406.262	0	-1406.262	0.6981681
165500	-1449.943	0	-1449.943	0.7173832
166000	-1488.739	0	-1488.739	0.5983523
166500	-1495.662	0	-1495.662	0.4854502
167000	-1511.319	0	-1511.319	0.6540396
167500	-1373.815	0	-1373.815	0.7056442
168000	-1548.168	0	-1548.168	0.71864
168500	-1542.912	0	-1542.912	0.6995424
169000	-1536.075	0	-1536.075	0.7395441
169500	-1492.999	0	-1492.999	0.7079244
170000	-1476.96	0	-1476.96	0.5101681
170500	-1422.962	0	-1422.962	0.4995161
171000	-1494.189	0	-1494.189	0.4795436
171500	-1492.932	0	-1492.932	0.618473
172000	-1570.383	0	-1570.383	0.4622136
172500	-1503.647	0	-1503.647	0.5026465
173000	-1459.401	0	-1459.401	0.3100795
173500	-1491.693	0	-1491.693	0.4879572
174000	-1492.605	0	-1492.605	0.4927579
174500	-1527.937	0	-1527.937	0.5113887
175000	-1552.525	0	-1552.525	0.5812082
175500	-1547.616	0	-1547.616	0.5334362
176000	-1469.72	0	-1469.72	0.724546
176500	-1441.899	0	-1441.899	0.7526304
177000	-1413.475	0	-1413.475	0.7275058
177500	-1512.491	0	-1512.491	0.6520737
178000	-1492.278	0	-1492.278	0.7486356
178500	-1386.043	0	-1386.043	0.8114267
179000	-1359.362	0	-1359.362	0.7697212
179500	-1377.098	0	-1377.098	0.7544476
180000	-1421.715	0	-1421.715	0.7302003
180500	-1498.399	0	-1498.399	0.6422155
181000	-1528.164	0	-1528.164	0.5015226
181500	-1488.437	0	-1488.437	0.5254749
182000	-1499.39	0	-1499.39	0.5491088
182500	-1447.913	0	-1447.913	0.6369004
183000	-1426.349	0	-1426.349	0.4661355
183500	-1451.646	0	-1451.646	0.5288391
184000	-1383.241	0	-1383.241	0.5331973
184500	-1453.271	0	-1453.271	0.5030261
185000	-1392.813	0	-1392.813	0.3770196
185500	-1446.649	0	-1446.649	0.73935
186000	-1502.057	0	-1502.057	0.606352
186500	-1536.393	0	-1536.393	0.4917851
187000	-1482.552	0	-1482.552	0.4653575
187500	-1517.207	0	-1517.207	0.3190785
188000	-1478.524	0	-1478.524	0.556222
188500	-1390.2	0	-1390.2	0.6042815
189000	-1480.064	0	-1480.064	0.6292398
189500	-1527.454	0	-1527.454	0.7419903
190000	-1535.577	0	-1535.577	0.6339541
190500	-1428.397	0	-1428.397	0.6330226
191000	-1408.484	0	-1408.484	0.6216777
191500	-1422.46	0	-1422.46	0.5789415
192000	-1508.181	0	-1508.181	0.5565381
192500	-1490.089	0	-1490.089	0.6673346
193000	-1410.909	0	-1410.909	0.7736554
193500	-1464.961	0	-1464.961	0.765943
194000	-1480.06	0	-1480.06	0.5622032
194500	-1457.01	0	-1457.01	0.415052
195000	-1454.175	0	-1454.175	0.4557962
195500	-1435.613	0	-1435.613	0.6084433
196000	-1429.371	0	-1429.371	0.5042768
196500	-1506.37	0	-1506.37	0.5660562
197000	-1466.617	0	-1466.617	0.7138932
197500	-1428.647	0	-1428.647	0.5898243
198000	-1383.708	0	-1383.708	0.5623828
198500	-1490.759	0	-1490.759	0.5329345
199000	-1431.272	0	-1431.272	0.5485177
199500	-1522.354	0	-1522.354	0.3842373
200000	-1498.876	0	-1498.876	0.5369701
200500	-1427.436	0	-1427.436	0.4922728
201000	-1507.225	0	-1507.225	0.6351659
201500	-1427.354	0	-1427.354	0.599904
202000	-1444.38	0	-1444.38	0.5449227
202500	-1485.64	0	-1485.64	0.5198276
203000	-1484.116	0	-1484.116	0.6217738
203500	-1451.875	0	-1451.875	0.6406571
204000	-1403.665	0	-1403.665	0.7389666
204500	-1418.522	0	-1418.522	0.6481394
205000	-1466.54	0	-1466.54	0.6612407
205500	-1519.9	0	-1519.9	0.658485
206000	-1481.281	0	-1481.281	0.6850575
206500	-1416.506	0	-1416.506	0.7100359
207000	-1407.05	0	-1407.05	0.7862209
207500	-1413.759	0	-1413.759	0.7102031
208000	-1464.331	0	-1464.331	0.7024137
208500	-1510.247	0	-1510.247	0.5918141
209000	-1552.411	0	-1552.411	0.5461746
209500	-1564.768	0	-1564.768	0.6412129
210000	-1474.674	0	-1474.674	0.5992512
210500	-1407.293	0	-1407.293	0.6283317
211000	-1337.653	0	-1337.653	0.6782428
211500	-1400.904	0	-1400.904	0.7713253
212000	-1372.451	0	-1372.451	0.7282211
212500	-1476.994	0	-1476.994	0.555099
213000	-1490.404	0	-1490.404	0.5151376
213500	-1405.01	0	-1405.01	0.5669721
214000	-1439.839	0	-1439.839	0.5044453
214500	-1442.403	0	-1442.403	0.7855597
215000	-1489.988	0	-1489.988	0.6124223
215500	-1488.259	0	-1488.259	0.7769787
216000	-1532.362	0	-1532.362	0.6611071
216500	-1493.438	0	-1493.438	0.6130899
217000	-1495.958	0	-1495.958	0.6376407
217500	-1495.816	0	-1495.816	0.6099369
218000	-1410.898	0	-1410.898	0.6170222
218500	-1427.1	0	-1427.1	0.7610235
219000	-1454.575	0	-1454.575	0.7391122
219500	-1345.033	0	-1345.033	0.7958402
220000	-1335.035	0	-1335.035	0.7418522
220500	-1490.332	0	-1490.332	0.7031667
221000	-1379.204	0	-1379.204	0.729179
221500	-1394.383	0	-1394.383	0.7123369
222000	-1426.971	0	-1426.971	0.744351
222500	-1445.593	0	-1445.593	0.676275
223000	-1354.946	0	-1354.946	0.7379018
223500	-1362.459	0	-1362.459	0.6891243
224000	-1364.714	0	-1364.714	0.6738477
224500	-1367.411	0	-1367.411	0.6679225
225000	-1486.003	0	-1486.003	0.5857251
225500	-1334.238	0	-1334.238	0.6434168
226000	-1447.11	0	-1447.11	0.6001492
226500	-1494.64	0	-1494.64	0.630172
227000	-1386.166	0	-1386.166	0.6455169
227500	-1348.543	0	-1348.543	0.7131134
228000	-1384.457	0	-1384.457	0.6824149
228500	-1449.253	0	-1449.253	0.7159653
229000	-1394.627	0	-1394.627	0.7886186
229500	-1411.85	0	-1411.85	0.7561464
230000	-1339.322	0	-1339.322	0.7074154
230500	-1381.879	0	-1381.879	0.6471048
231000	-1377.256	0	-1377.256	0.6632204
231500	-1455.661	0	-1455.661	0.7208287
232000	-1457.656	0	-1457.656	0.6674911
232500	-1356.736	0	-1356.736	0.6989621
233000	-1392.578	0	-1392.578	0.6405127
233500	-1447.345	0	-1447.345	0.710766
234000	-1348.445	0	-1348.445	0.7250798
234500	-1387.066	0	-1387.066	0.7641591
235000	-1398.383	0	-1398.383	0.6860427
235500	-1363.864	0	-1363.864	0.6879885
236000	-1403.57	0	-1403.57	0.7618903
236500	-1445.821	0	-1445.821	0.737443
237000	-1439.632	0	-1439.632	0.7317823
237500	-1427.989	0	-1427.989	0.7137545
238000	-1346.729	0	-1346.729	0.7591982
238500	-1377.552	0	-1377.552	0.7800199
239000	-1398.749	0	-1398.749	0.7347542
239500	-1430.274	0	-1430.274	0.7084295
240000	-1376.226	0	-1376.226	0.7463188
240500	-1473.516	0	-1473.516	0.7399425
241000	-1360.93	0	-1360.93	0.8114878
241500	-1426.852	0	-1426.852	0.7457935
242000	-1496.762	0	-1496.762	0.6725373
242500	-1386.676	0	-1386.676	0.6845305
243000	-1508.664	0	-1508.664	0.4931743
243500	-1581.82	0	-1581.82	0.4143308
244000	-1547.6	0	-1547.6	0.3927708
244500	-1535.083	0	-1535.083	0.5471988
245000	-1482.224	0	-1482.224	0.7147378
245500	-1485.596	0	-1485.596	0.6728533
246000	-1540.977	0	-1540.977	0.6055791
246500	-1377.119	0	-1377.119	0.6462419
247000	-1456.941	0	-1456.941	0.5820126
247500	-1526.072	0	-1526.072	0.534142
248000	-1484.168	0	-1484.168	0.5156399
248500	-1413.897	0	-1413.897	0.6409799
249000	-1448.471	0	-1448.471	0.5261174
249500	-1478.377	0	-1478.377	0.3941041
250000	-1470.081	0	-1470.081	0.4236541
250500	-1514.606	0	-1514.606	0.3790196
251000	-1489.313	0	-1489.313	0.4390367
251500	-1492.796	0	-1492.796	0.3911873
252000	-1480.119	0	-1480.119	0.4968805
252500	-1438.765	0	-1438.765	0.4466734
253000	-1346.779	0	-1346.779	0.534123
253500	-1429.572	0	-1429.572	0.3992266
254000	-1483.356	0	-1483.356	0.3204278
254500	-1590.068	0	-1590.068	0.3917415
255000	-1497.329	0	-1497.329	0.3597249
255500	-1567.47	0	-1567.47	0.5738586
256000	-1425.687	0	-1425.687	0.5192531
256500	-1501.871	0	-1501.871	0.6890227
257000	-1453.338	0	-1453.338	0.2836022
257500	-1502.748	0	-1502.748	0.4336956
258000	-1480.763	0	-1480.763	0.4695016
258500	-1493.729	0	-1493.729	0.5809896
259000	-1496.935	0	-1496.935	0.5541784
259500	-1430.38	0	-1430.38	0.7013793
260000	-1444.551	0	-1444.551	0.6732098
260500	-1480.436	0	-1480.436	0.7003346
261000	-1435.612	0	-1435.612	0.8005261
261500	-1352.497	0	-1352.497	0.8178718
262000	-1418.044	0	-1418.044	0.766588
262500	-1394.389	0	-1394.389	0.8223275
263000	-1321.603	0	-1321.603	0.790189
263500	-1359.904	0	-1359.904	0.8268432
264000	-1497.095	0	-1497.095	0.7278033
264500	-1519.492	0	-1519.492	0.7352591
265000	-1493.869	0	-1493.869	0.6435174
265500	-1473.179	0	-1473.179	0.5127433
266000	-1497.065	0	-1497.065	0.5881571
266500	-1459.473	0	-1459.473	0.6243522
267000	-1501.138	0	-1501.138	0.3245765
267500	-1494.144	0	-1494.144	0.3706099
268000	-1539.035	0	-1539.035	0.5790976
268500	-1541.708	0	-1541.708	0.4580479
269000	-1488.777	0	-1488.777	0.551363
269500	-1482.855	0	-1482.855	0.5024486
270000	-1519.448	0	-1519.448	0.6631939
270500	-1494.877	0	-1494.877	0.6853024
271000	-1443.421	0	-1443.421	0.7311858
271500	-1496.746	0	-1496.746	0.6529587
272000	-1425.313	0	-1425.313	0.6625648
272500	-1530.36	0	-1530.36	0.5558366
273000	-1509.367	0	-1509.367	0.5749344
273500	-1626.686	0	-1626.686	0.5310696
274000	-1508.154	0	-1508.154	0.4853825
274500	-1437.166	0	-1437.166	0.5920955
275000	-1433.495	0	-1433.495	0.4910624
275500	-1456.243	0	-1456.243	0.2861568
276000	-1572.477	0	-1572.477	0.2000857
276500	-1565.54	0	-1565.54	0.4795601
277000	-1549.968	0	-1549.968	0.3571809
277500	-1555.182	0	-1555.182	0.2942929
278000	-1541.054	0	-1541.054	0.2473042
278500	-1472.891	0	-1472.891	0.3998884
279000	-1505.059	0	-1505.059	0.3955339
279500	-1547.783	0	-1547.783	0.3937363
280000	-1502.869	0	-1502.869	0.4776293
280500	-1405.267	0	-1405.267	0.5748743
281000	-1419.176	0	-1419.176	0.6157649
281500	-1426.525	0	-1426.525	0.6079671
282000	-1483.499	0	-1483.499	0.5250196
282500	-1404.2	0	-1404.2	0.6252657
283000	-1381.196	0	-1381.196	0.5310209
283500	-1460.094	0	-1460.094	0.52961
284000	-1512.365	0	-1512.365	0.4846421
284500	-1444.106	0	-1444.106	0.6473557
285000	-1467.392	0	-1467.392	0.6489087
285500	-1470.218	0	-1470.218	0.523864
286000	-1485.208	0	-1485.208	0.5946496
286500	-1455.652	0	-1455.652	0.6218912
287000	-1449.642	0	-1449.642	0.609395
287500	-1376.544	0	-1376.544	0.543529
288000	-1402.517	0	-1402.517	0.564515
288500	-1458.24	0	-1458.24	0.5053363
289000	-1509.06	0	-1509.06	0.5864775
289500	-1595.043	0	-1595.043	0.6525635
290000	-1520.245	0	-1520.245	0.4459811
290500	-1513.237	0	-1513.237	0.5615581
291000	-1553.831	0	-1553.831	0.5778787
291500	-1563.91	0	-1563.91	0.6437541
292000	-1549.396	0	-1549.396	0.6059402
292500	-1564.408	0	-1564.408	0.5651712
293000	-1598.005	0	-1598.005	0.5406055
293500	-1563.025	0	-1563.025	0.5065919
294000	-1598.781	0	-1598.781	0.4779825
294500	-1616.096	0	-1616.096	0.599275
295000	-1577.225	0	-1577.225	0.5030989
295500	-1617.12	0	-1617.12	0.4581124
296000	-1554.64	0	-1554.64	0.410649
296500	-1560.157	0	-1560.157	0.4736787
297000	-1556.74	0	-1556.74	0.3582502
297500	-1564.647	0	-1564.647	0.3654379
298000	-1627.687	0	-1627.687	0.491069
298500	-1588.256	0	-1588.256	0.4788273
299000	-1567.72	0	-1567.72	0.4522559
299500	-1593.851	0	-1593.851	0.459761
300000	-1547.3	0	-1547.3	0.639236
300500	-1545.792	0	-1545.792	0.5300272
301000	-1564.956	0	-1564.956	0.5057935
301500	-1515.502	0	-1515.502	0.5699445
302000	-1519.19	0	-1519.19	0.5152951
302500	-1496.038	0	-1496.038	0.4968167
303000	-1473.217	0	-1473.217	0.543878
303500	-1492.818	0	-1492.818	0.5598173
304000	-1499.371	0	-1499.371	0.6143055
304500	-1489.925	0	-1489.925	0.5079159
305000	-1502.63	0	-1502.63	0.3932665
305500	-1452.985	0	-1452.985	0.420976
306000	-1480.337	0	-1480.337	0.7108636
306500	-1400.26	0	-1400.26	0.6751228
307000	-1458.939	0	-1458.939	0.6383876
307500	-1447.316	0	-1447.316	0.7462283
308000	-1390.765	0	-1390.765	0.7605072
308500	-1404.764	0	-1404.764	0.7718187
309000	-1487.75	0	-1487.75	0.6673183
309500	-1410.109	0	-1410.109	0.6969892
310000	-1508.597	0	-1508.597	0.5647817
310500	-1473.296	0	-1473.296	0.6969107
311000	-1447.658	0	-1447.658	0.7347946
311500	-1460.406	0	-1460.406	0.7220567
312000	-1504.838	0	-1504.838	0.6193033
312500	-1522.43	0	-1522.43	0.5659743
313000	-1533.654	0	-1533.654	0.4622366
313500	-1539.138	0	-1539.138	0.6291338
314000	-1600.557	0	-1600.557	0.390558
314500	-1545.017	0	-1545.017	0.603015
315000	-1473.9	0	-1473.9	0.7067114
315500	-1497.893	0	-1497.893	0.6619323
316000	-1380.687	0	-1380.687	0.853442
316500	-1405.067	0	-1405.067	0.8372861
317000	-1409.077	0	-1409.077	0.8158258
317500	-1302.671	0	-1302.671	0.7723155
318000	-1382.73	0	-1382.73	0.6973546
318500	-1529.607	0	-1529.607	0.6323158
319000	-1543.247	0	-1543.247	0.5679983
319500	-1485.671	0	-1485.671	0.6137662
320000	-1497.573	0	-1497.573	0.578721
320500	-1449.553	0	-1449.553	0.5650216
321000	-1441.987	0	-1441.987	0.4516875
321500	-1447.455	0	-1447.455	0.305298
322000	-1561.318	0	-1561.318	0.3094355
322500	-1503.008	0	-1503.008	0.2934624
323000	-1557.582	0	-1557.582	0.2619951
323500	-1541.034	0	-1541.034	0.4972326
324000	-1534.403	0	-1534.403	0.6247425
324500	-1573.884	0	-1573.884	0.5348582
325000	-1532.884	0	-1532.884	0.6221037
325500	-1519.138	0	-1519.138	0.5196601
326000	-1500.196	0	-1500.196	0.5361743
326500	-1471.594	0	-1471.594	0.6487401
327000	-1511.31	0	-1511.31	0.4390655
327500	-1506.344	0	-1506.344	0.5907348
328000	-1524.753	0	-1524.753	0.4970886
328500	-1480.78	0	-1480.78	0.3000626
329000	-1465.987	0	-1465.987	0.4880422
329500	-1483.38	0	-1483.38	0.6206558
330000	-1475.908	0	-1475.908	0.6576859
330500	-1368.536	0	-1368.536	0.6971931
331000	-1452.098	0	-1452.098	0.6543792
331500	-1573.039	0	-1573.039	0.4092977
332000	-1529.61	0	-1529.61	0.4919425
332500	-1464.395	0	-1464.395	0.6213694
333000	-1519.108	0	-1519.108	0.5388866
333500	-1450.781	0	-1450.781	0.7503502
334000	-1559.29	0	-1559.29	0.5032897
334500	-1542.474	0	-1542.474	0.547367
335000	-1547.513	0	-1547.513	0.6266517
335500	-1424.545	0	-1424.545	0.6305185
336000	-1468.613	0	-1468.613	0.359984
336500	-1520.219	0	-1520.219	0.4470174
337000	-1454.265	0	-1454.265	0.4230952
337500	-1529.346	0	-1529.346	0.4112
338000	-1516.206	0	-1516.206	0.5661501
338500	-1412.8	0	-1412.8	0.7611831
339000	-1473.276	0	-1473.276	0.7180042
339500	-1424.952	0	-1424.952	0.6934706
340000	-1397.822	0	-1397.822	0.5630535
340500	-1321.924	0	-1321.924	0.6982228
341000	-1382.43	0	-1382.43	0.6356319
341500	-1395.592	0	-1395.592	0.6389057
342000	-1392.959	0	-1392.959	0.5880964
342500	-1358.056	0	-1358.056	0.4437271
343000	-1380.965	0	-1380.965	0.6093205
343500	-1365.816	0	-1365.816	0.6241322
344000	-1411.503	0	-1411.503	0.3409544
344500	-1550.935	0	-1550.935	0.2867646
345000	-1514.696	0	-1514.696	0.5088156
345500	-1428.442	0	-1428.442	0.5767452
346000	-1346.126	0	-1346.126	0.5327921
346500	-1352.201	0	-1352.201	0.3577736
347000	-1376.141	0	-1376.141	0.5826693
347500	-1478.082	0	-1478.082	0.5282752
348000	-1396.031	0	-1396.031	0.4623865
348500	-1387.654	0	-1387.654	0.3070808
349000	-1375.837	0	-1375.837	0.4276377
349500	-1379.962	0	-1379.962	0.4356491
350000	-1517.632	0	-1517.632	0.3777046
350500	-1418.388	0	-1418.388	0.3105674
351000	-1389.936	0	-1389.936	0.3198951
351500	-1402.03	0	-1402.03	0.577484
352000	-1483.999	0	-1483.999	0.4567312
352500	-1465.07	0	-1465.07	0.5160516
353000	-1445.935	0	-1445.935	0.4864009
353500	-1490.583	0	-1490.583	0.3916
354000	-1525.976	0	-1525.976	0.3203954
354500	-1490.878	0	-1490.878	0.2957226
355000	-1524.436	0	-1524.436	0.3517473
355500	-1405.964	0	-1405.964	0.6535555
356000	-1403.913	0	-1403.913	0.6736506
356500	-1459.999	0	-1459.999	0.6597863
357000	-1346.633	0	-1346.633	0.6195279
357500	-1428.54	0	-1428.54	0.6624515
358000	-1444.413	0	-1444.413	0.4448543
358500	-1434.355	0	-1434.355	0.5403473
359000	-1406.63	0	-1406.63	0.5650037
359500	-1371.876	0	-1371.876	0.5331724
360000	-1345.21	0	-1345.21	0.4995869
360500	-1417.269	0	-1417.269	0.4409348
361000	-1493.301	0	-1493.301	0.4460974
361500	-1481.185	0	-1481.185	0.5135849
362000	-1443.132	0	-1443.132	0.5386826
362500	-1442.92	0	-1442.92	0.389295
363000	-1516.818	0	-1516.818	0.3593414
363500	-1452.713	0	-1452.713	0.4633354
364000	-1557.044	0	-1557.044	0.4163032
364500	-1567.234	0	-1567.234	0.2163525
365000	-1593.855	0	-1593.855	0.2780117
365500	-1587.966	0	-1587.966	0.4090184
366000	-1542.675	0	-1542.675	0.5129576
366500	-1572.8	0	-1572.8	0.4953858
367000	-1507.794	0	-1507.794	0.5493173
367500	-1567.123	0	-1567.123	0.5799351
368000	-1561.976	0	-1561.976	0.5293677
368500	-1570.121	0	-1570.121	0.6071283
369000	-1454.915	0	-1454.915	0.5396446
369500	-1488.935	0	-1488.935	0.4806244
370000	-1481.729	0	-1481.729	0.5465317
370500	-1504.546	0	-1504.546	0.4889041
371000	-1447.945	0	-1447.945	0.5776088
371500	-1394.148	0	-1394.148	0.561954
372000	-1467.546	0	-1467.546	0.5761825
372500	-1484.886	0	-1484.886	0.6722582
373000	-1465.741	0	-1465.741	0.5535215
373500	-1469.91	0	-1469.91	0.5453065
374000	-1452.108	0	-1452.108	0.5505605
374500	-1473.811	0	-1473.811	0.5981768
375000	-1475.589	0	-1475.589	0.5745182
375500	-1462.17	0	-1462.17	0.7101717
376000	-1483.027	0	-1483.027	0.5524311
376500	-1439.007	0	-1439.007	0.6226209
377000	-1549.672	0	-1549.672	0.3479244
377500	-1445.452	0	-1445.452	0.4732022
378000	-1389.344	0	-1389.344	0.4452502
378500	-1469.991	0	-1469.991	0.5482494
379000	-1484.187	0	-1484.187	0.4312471
379500	-1451.761	0	-1451.761	0.3043136
380000	-1486.956	0	-1486.956	0.4274144
380500	-1565.517	0	-1565.517	0.3859241
381000	-1469.187	0	-1469.187	0.3110003
381500	-1473.387	0	-1473.387	0.4097493
382000	-1449.656	0	-1449.656	0.3250372
382500	-1429.244	0	-1429.244	0.4357037
383000	-1541.186	0	-1541.186	0.428077
383500	-1515.743	0	-1515.743	0.1642238
384000	-1521.284	0	-1521.284	0.5723356
384500	-1534.343	0	-1534.343	0.4430564
385000	-1474.32	0	-1474.32	0.6602193
385500	-1477.466	0	-1477.466	0.6645151
386000	-1549.43	0	-1549.43	0.4968362
386500	-1557.825	0	-1557.825	0.5322903
387000	-1522.785	0	-1522.785	0.4487611
387500	-1520.748	0	-1520.748	0.6623548
388000	-1529.525	0	-1529.525	0.5479136
388500	-1574.017	0	-1574.017	0.3587218
389000	-1483.14	0	-1483.14	0.5657136
389500	-1476.165	0	-1476.165	0.6575951
390000	-1464.029	0	-1464.029	0.776917
390500	-1471.163	0	-1471.163	0.6521507
391000	-1510.681	0	-1510.681	0.5390151
391500	-1509.26	0	-1509.26	0.551972
392000	-1441.831	0	-1441.831	0.3645747
392500	-1517.129	0	-1517.129	0.272771
393000	-1470.801	0	-1470.801	0.404584
393500	-1496.553	0	-1496.553	0.4694786
394000	-1500.733	0	-1500.733	0.542258
394500	-1527.354	0	-1527.354	0.6514101
395000	-1550.563	0	-1550.563	0.5743108
395500	-1455.193	0	-1455.193	0.546264
396000	-1441.7	0	-1441.7	0.495873
396500	-1397.601	0	-1397.601	0.6459304
397000	-1373.713	0	-1373.713	0.5955663
397500	-1417.33	0	-1417.33	0.5906808
398000	-1395.618	0	-1395.618	0.6802607
398500	-1394.059	0	-1394.059	0.57571
399000	-1444.837	0	-1444.837	0.4753812
399500	-1439.734	0	-1439.734	0.4859818
400000	-1497.927	0	-1497.927	0.4727503
400500	-1374.176	0	-1374.176	0.4580773
401000	-1457.204	0	-1457.204	0.5640002
401500	-1351.322	0	-1351.322	0.6576947
402000	-1413.01	0	-1413.01	0.6973485
402500	-1424.364	0	-1424.364	0.5673893
403000	-1473.677	0	-1473.677	0.5558401
403500	-1387.928	0	-1387.928	0.6391784
404000	-1464.98	0	-1464.98	0.5560122
404500	-1562.6	0	-1562.6	0.5418472
405000	-1526.732	0	-1526.732	0.4082221
405500	-1536.316	0	-1536.316	0.3382912
406000	-1575.901	0	-1575.901	0.2766939
406500	-1529.968	0	-1529.968	0.5062848
407000	-1541.936	0	-1541.936	0.5864949
407500	-1538.243	0	-1538.243	0.5502535
408000	-1453.024	0	-1453.024	0.6960525
408500	-1405.686	0	-1405.686	0.6501485
409000	-1510.992	0	-1510.992	0.689497
409500	-1540.947	0	-1540.947	0.4912371
410000	-1535.252	0	-1535.252	0.3808351
410500	-1433.367	0	-1433.367	0.5707183
411000	-1435.534	0	-1435.534	0.6431883
411500	-1540.047	0	-1540.047	0.6437772
412000	-1488.005	0	-1488.005	0.6567592
412500	-1438.652	0	-1438.652	0.6940496
413000	-1429.793	0	-1429.793	0.7253957
413500	-1429.972	0	-1429.972	0.7883041
414000	-1420.574	0	-1420.574	0.8027751
414500	-1422.78	0	-1422.78	0.8051328
415000	-1412.076	0	-1412.076	0.7997852
415500	-1443.433	0	-1443.433	0.7891412
416000	-1441.947	0	-1441.947	0.8320304
416500	-1372.498	0	-1372.498	0.8621213
417000	-1356.459	0	-1356.459	0.8721868
417500	-1451.577	0	-1451.577	0.8215662
418000	-1373.699	0	-1373.699	0.86261
418500	-1386.996	0	-1386.996	0.8699656
419000	-1352.238	0	-1352.238	0.8694427
419500	-1388.637	0	-1388.637	0.9004195
420000	-1412.187	0	-1412.187	0.8066872
420500	-1413.802	0	-1413.802	0.8127331
421000	-1385.973	0	-1385.973	0.8273658
421500	-1415.613	0	-1415.613	0.8445711
422000	-1418.828	0	-1418.828	0.789044
422500	-1429.872	0	-1429.872	0.7488947
423000	-1385.01	0	-1385.01	0.8069089
423500	-1350.346	0	-1350.346	0.8598837
424000	-1470.021	0	-1470.021	0.8324585
424500	-1459.324	0	-1459.324	0.7744685
425000	-1466.177	0	-1466.177	0.7053091
425500	-1441.74	0	-1441.74	0.7880216
426000	-1437.861	0	-1437.861	0.7710523
426500	-1449.464	0	-1449.464	0.7048945
427000	-1524.737	0	-1524.737	0.6497631
427500	-1473.501	0	-1473.501	0.7062003
428000	-1541.803	0	-1541.803	0.6407101
428500	-1535.347	0	-1535.347	0.6740432
429000	-1549.191	0	-1549.191	0.6287718
429500	-1483.677	0	-1483.677	0.5297217
430000	-1480.282	0	-1480.282	0.6690033
430500	-1459.475	0	-1459.475	0.7211383
431000	-1514.653	0	-1514.653	0.6466258
431500	-1556.338	0	-1556.338	0.6868378
432000	-1508.652	0	-1508.652	0.581145
432500	-1429.484	0	-1429.484	0.7824747
433000	-1445.857	0	-1445.857	0.6839813
433500	-1429.622	0	-1429.622	0.5034194
434000	-1404.35	0	-1404.35	0.6886519
434500	-1366.707	0	-1366.707	0.6949578
435000	-1451.861	0	-1451.861	0.6373574
435500	-1425.777	0	-1425.777	0.6541477
436000	-1329.117	0	-1329.117	0.7339257
436500	-1416.301	0	-1416.301	0.7411225
437000	-1373.922	0	-1373.922	0.7270085
437500	-1341.802	0	-1341.802	0.7336099
438000	-1453.619	0	-1453.619	0.6652827
438500	-1408.817	0	-1408.817	0.7922133
439000	-1403.46	0	-1403.46	0.7249762
439500	-1445.012	0	-1445.012	0.7859085
440000	-1471.221	0	-1471.221	0.768737
440500	-1487.242	0	-1487.242	0.6558867
441000	-1479.883	0	-1479.883	0.6774199
441500	-1468.38	0	-1468.38	0.6512932
442000	-1390.052	0	-1390.052	0.8292467
442500	-1383.38	0	-1383.38	0.8282764
443000	-1494.96	0	-1494.96	0.7658385
443500	-1480.169	0	-1480.169	0.7073631
444000	-1538.775	0	-1538.775	0.5452336
444500	-1469.688	0	-1469.688	0.5974813
445000	-1418.479	0	-1418.479	0.6523651
445500	-1478.156	0	-1478.156	0.7123969
446000	-1424.709	0	-1424.709	0.4626938
446500	-1484.943	0	-1484.943	0.599008
447000	-1501.748	0	-1501.748	0.5738644
447500	-1504.799	0	-1504.799	0.7191395
448000	-1559.505	0	-1559.505	0.6654832
448500	-1545.706	0	-1545.706	0.6911003
449000	-1457.149	0	-1457.149	0.8418265
449500	-1362.365	0	-1362.365	0.844962
450000	-1372.12	0	-1372.12	0.862794
450500	-1350.703	0	-1350.703	0.8648718
451000	-1416.655	0	-1416.655	0.8487365
451500	-1459.082	0	-1459.082	0.8210754
452000	-1304.826	0	-1304.826	0.8240806
452500	-1308.596	0	-1308.596	0.8217467
453000	-1249.251	0	-1249.251	0.7835697
453500	-1243.19	0	-1243.19	0.7387952
454000	-1299.336	0	-1299.336	0.7415209
454500	-1445.274	0	-1445.274	0.6904288
455000	-1392.566	0	-1392.566	0.5172537
455500	-1487.817	0	-1487.817	0.4760202
456000	-1481.406	0	-1481.406	0.4353098
456500	-1467.194	0	-1467.194	0.4799285
457000	-1421.116	0	-1421.116	0.6028094
457500	-1421.93	0	-1421.93	0.5944605
458000	-1372.732	0	-1372.732	0.5897348
458500	-1430.455	0	-1430.455	0.6084346
459000	-1383.538	0	-1383.538	0.6709735
459500	-1395.743	0	-1395.743	0.7472391
460000	-1519.166	0	-1519.166	0.7145794
460500	-1444.401	0	-1444.401	0.747484
461000	-1384.258	0	-1384.258	0.796352
461500	-1358.153	0	-1358.153	0.7976492
462000	-1319.177	0	-1319.177	0.9074226
462500	-1306.289	0	-1306.289	0.9130855
463000	-1206.979	0	-1206.979	0.9091474
463500	-1229	0	-1229	0.8895467
464000	-1255.135	0	-1255.135	0.8761195
464500	-1283.935	0	-1283.935	0.8809049
465000	-1369.544	0	-1369.544	0.8734526
465500	-1263.398	0	-1263.398	0.9048295
466000	-1302.19	0	-1302.19	0.9153558
466500	-1266.407	0	-1266.407	0.8913561
467000	-1141.722	0	-1141.722	0.888547
467500	-1144.359	0	-1144.359	0.8982376
468000	-1199.009	0	-1199.009	0.9045366
468500	-1227.298	0	-1227.298	0.9092102
469000	-1326.524	0	-1326.524	0.9000372
469500	-1237.908	0	-1237.908	0.90353
470000	-1313.394	0	-1313.394	0.8741975
470500	-1290.429	0	-1290.429	0.8740482
471000	-1308.38	0	-1308.38	0.8528672
471500	-1296.619	0	-1296.619	0.8209308
472000	-1406.531	0	-1406.531	0.7139855
472500	-1392.056	0	-1392.056	0.7245525
473000	-1291.654	0	-1291.654	0.8185941
473500	-1290.289	0	-1290.289	0.8329049
474000	-1377.575	0	-1377.575	0.8424468
474500	-1368.634	0	-1368.634	0.760262
475000	-1466.107	0	-1466.107	0.7782032
475500	-1411.526	0	-1411.526	0.7982019
476000	-1365.127	0	-1365.127	0.7675266
476500	-1322.994	0	-1322.994	0.7780354
477000	-1345.478	0	-1345.478	0.8047906
477500	-1326.412	0	-1326.412	0.7814565
478000	-1353.652	0	-1353.652	0.7862248
478500	-1324.072	0	-1324.072	0.8593014
479000	-1346.524	0	-1346.524	0.8946915
479500	-1487.445	0	-1487.445	0.7879677
480000	-1326.309	0	-1326.309	0.8640801
480500	-1312.863	0	-1312.863	0.8407736
481000	-1344.13	0	-1344.13	0.7952927
481500	-1394.193	0	-1394.193	0.7529963
482000	-1468.104	0	-1468.104	0.5916361
482500	-1510.343	0	-1510.343	0.6572809
483000	-1458.32	0	-1458.32	0.5672143
483500	-1436.874	0	-1436.874	0.5473371
484000	-1494.55	0	-1494.55	0.4812599
484500	-1479.046	0	-1479.046	0.5443706
485000	-1444.797	0	-1444.797	0.5864886
485500	-1474.618	0	-1474.618	0.5249536
486000	-1442.822	0	-1442.822	0.7441942
486500	-1383.484	0	-1383.484	0.7605337
487000	-1428.533	0	-1428.533	0.7804572
487500	-1498.766	0	-1498.766	0.6570268
488000	-1491.808	0	-1491.808	0.6648661
488500	-1489.604	0	-1489.604	0.6333739
489000	-1471.7	0	-1471.7	0.649717
489500	-1461.788	0	-1461.788	0.7093631
490000	-1407.516	0	-1407.516	0.6608706
490500	-1480.696	0	-1480.696	0.7015094
491000	-1446.55	0	-1446.55	0.7489642
491500	-1429.322	0	-1429.322	0.8049066
492000	-1480.305	0	-1480.305	0.8388686
492500	-1453.232	0	-1453.232	0.7859648
493000	-1435.105	0	-1435.105	0.6887846
493500	-1536.133	0	-1536.133	0.5829121
494000	-1569.147	0	-1569.147	0.6046176
494500	-1508.328	0	-1508.328	0.5609288
495000	-1447.885	0	-1447.885	0.5695125
495500	-1412.029	0	-1412.029	0.5795381
496000	-1394.099	0	-1394.099	0.5444422
496500	-1463.116	0	-1463.116	0.6486734
497000	-1455.629	0	-1455.629	0.6550427
497500	-1416.416	0	-1416.416	0.5850189
498000	-1543.841	0	-1543.841	0.494413
498500	-1484.347	0	-1484.347	0.5456714
499000	-1457.955	0	-1457.955	0.55205
499500	-1460.67	0	-1460.67	0.6400068
500000	-1387.144	0	-1387.144	0.7444373
500500	-1365.048	0	-1365.048	0.8092251
501000	-1391.917	0	-1391.917	0.8019507
501500	-1373.144	0	-1373.144	0.8455183
502000	-1447.385	0	-1447.385	0.6815008
502500	-1455.573	0	-1455.573	0.7022308
503000	-1394.883	0	-1394.883	0.6703118
503500	-1404.253	0	-1404.253	0.5659927
504000	-1424.604	0	-1424.604	0.538497
504500	-1349.773	0	-1349.773	0.4159157
505000	-1399.08	0	-1399.08	0.4887348
505500	-1395.038	0	-1395.038	0.6200357
506000	-1374.947	0	-1374.947	0.4794582
506500	-1383.645	0	-1383.645	0.548568
507000	-1330.995	0	-1330.995	0.5466671
507500	-1393.305	0	-1393.305	0.5095034
508000	-1255.511	0	-1255.511	0.5334557
508500	-1333.968	0	-1333.968	0.5471613
509000	-1426.576	0	-1426.576	0.6054263
509500	-1488.752	0	-1488.752	0.4076796
510000	-1455.951	0	-1455.951	0.228451
510500	-1475.382	0	-1475.382	0.3949765
511000	-1473.986	0	-1473.986	0.5533601
511500	-1461.519	0	-1461.519	0.6133704
512000	-1474.813	0	-1474.813	0.6317462
512500	-1461.225	0	-1461.225	0.5858855
513000	-1339.428	0	-1339.428	0.64778
513500	-1378.407	0	-1378.407	0.7202168
514000	-1292.374	0	-1292.374	0.7240131
514500	-1394.928	0	-1394.928	0.6000166
515000	-1370.045	0	-1370.045	0.6520286
515500	-1367.541	0	-1367.541	0.6777059
516000	-1411.394	0	-1411.394	0.5572379
516500	-1393.19	0	-1393.19	0.6009923
517000	-1428.993	0	-1428.993	0.5394825
517500	-1332.331	0	-1332.331	0.5171095
518000	-1315.421	0	-1315.421	0.6057958
518500	-1272.422	0	-1272.422	0.6144805
519000	-1331.255	0	-1331.255	0.6670609
519500	-1344.668	0	-1344.668	0.5814486
520000	-1417.982	0	-1417.982	0.434871
520500	-1407.3	0	-1407.3	0.5565826
521000	-1508.014	0	-1508.014	0.3828982
521500	-1492.922	0	-1492.922	0.3837424
522000	-1514.275	0	-1514.275	0.4182838
522500	-1567.618	0	-1567.618	0.4093962
523000	-1509.589	0	-1509.589	0.4881492
523500	-1442.741	0	-1442.741	0.598832
524000	-1505.531	0	-1505.531	0.3221796
524500	-1574.678	0	-1574.678	0.4381611
525000	-1552.19	0	-1552.19	0.5109937
525500	-1563.157	0	-1563.157	0.5507984
526000	-1468.443	0	-1468.443	0.712141
526500	-1455.44	0	-1455.44	0.5631191
527000	-1473.661	0	-1473.661	0.5753676
527500	-1436.658	0	-1436.658	0.6831944
528000	-1459.082	0	-1459.082	0.6656668
528500	-1477.105	0	-1477.105	0.6601214
529000	-1376.663	0	-1376.663	0.664283
529500	-1417.491	0	-1417.491	0.4070963
530000	-1394.236	0	-1394.236	0.6286119
530500	-1461.708	0	-1461.708	0.5959897
531000	-1522.243	0	-1522.243	0.5553483
531500	-1479.887	0	-1479.887	0.5022132
532000	-1482.798	0	-1482.798	0.4511336
532500	-1514.452	0	-1514.452	0.6203255
533000	-1557.189	0	-1557.189	0.3998267
533500	-1583.677	0	-1583.677	0.445857
534000	-1529.42	0	-1529.42	0.3768124
534500	-1486.813	0	-1486.813	0.3731387
535000	-1514.286	0	-1514.286	0.3909387
535500	-1497.035	0	-1497.035	0.5604375
536000	-1476.207	0	-1476.207	0.6603757
536500	-1484.761	0	-1484.761	0.5879532
537000	-1499.571	0	-1499.571	0.5895981
537500	-1553.965	0	-1553.965	0.4970645
538000	-1487.702	0	-1487.702	0.6047994
538500	-1522.655	0	-1522.655	0.6550703
539000	-1425.978	0	-1425.978	0.6098867
539500	-1439.435	0	-1439.435	0.6203876
540000	-1326.673	0	-1326.673	0.7493131
540500	-1378.817	0	-1378.817	0.7071737
541000	-1527.602	0	-1527.602	0.615111
541500	-1391.873	0	-1391.873	0.7865239
542000	-1346.372	0	-1346.372	0.7316842
542500	-1366.127	0	-1366.127	0.7460472
543000	-1340.424	0	-1340.424	0.6786118
543500	-1348.952	0	-1348.952	0.6699906
544000	-1405.559	0	-1405.559	0.5922856
544500	-1410.013	0	-1410.013	0.5793052
545000	-1470.4	0	-1470.4	0.6455314
545500	-1435.914	0	-1435.914	0.8114563
546000	-1499.398	0	-1499.398	0.6774072
546500	-1404.409	0	-1404.409	0.7613111
547000	-1423.14	0	-1423.14	0.8170723
547500	-1407.353	0	-1407.353	0.756899
548000	-1378.313	0	-1378.313	0.680102
548500	-1371.125	0	-1371.125	0.7264064
549000	-1399.347	0	-1399.347	0.6096611
549500	-1502.98	0	-1502.98	0.6263726
550000	-1420.402	0	-1420.402	0.6914369
550500	-1449.549	0	-1449.549	0.7809192
551000	-1461.892	0	-1461.892	0.6699404
551500	-1422.205	0	-1422.205	0.6267245
552000	-1451.749	0	-1451.749	0.6250379
552500	-1333.87	0	-1333.87	0.7291145
553000	-1407.465	0	-1407.465	0.6952907
553500	-1489.353	0	-1489.353	0.641883
554000	-1405.278	0	-1405.278	0.6406417
554500	-1361.859	0	-1361.859	0.5770829
555000	-1451.249	0	-1451.249	0.5954646
555500	-1477.539	0	-1477.539	0.4672717
556000	-1442.912	0	-1442.912	0.6212843
556500	-1433.156	0	-1433.156	0.6526517
557000	-1383.097	0	-1383.097	0.6865044
557500	-1346.001	0	-1346.001	0.7585858
558000	-1393.341	0	-1393.341	0.7956236
558500	-1348.132	0	-1348.132	0.7890138
559000	-1248.363	0	-1248.363	0.802509
559500	-1332.52	0	-1332.52	0.7580801
560000	-1353.952	0	-1353.952	0.7305881
560500	-1366.195	0	-1366.195	0.7686498
561000	-1456.669	0	-1456.669	0.6894011
561500	-1387.494	0	-1387.494	0.7277009
562000	-1360.568	0	-1360.568	0.7268814
562500	-1432.624	0	-1432.624	0.6264957
563000	-1458.822	0	-1458.822	0.5041271
563500	-1389.915	0	-1389.915	0.5831306
564000	-1407.04	0	-1407.04	0.7022841
564500	-1427.937	0	-1427.937	0.6998813
565000	-1383	0	-1383	0.7958211
565500	-1325.302	0	-1325.302	0.7614225
566000	-1357.132	0	-1357.132	0.7756968
566500	-1325.206	0	-1325.206	0.7723501
567000	-1306.295	0	-1306.295	0.8577048
567500	-1274.965	0	-1274.965	0.8942086
568000	-1350.03	0	-1350.03	0.8486993
568500	-1283.07	0	-1283.07	0.8423905
569000	-1222.641	0	-1222.641	0.8096314
569500	-1297.563	0	-1297.563	0.7699272
570000	-1340.186	0	-1340.186	0.7681853
570500	-1422.348	0	-1422.348	0.7991382
571000	-1425.429	0	-1425.429	0.7723417
571500	-1358.783	0	-1358.783	0.8098525
572000	-1268.786	0	-1268.786	0.7951636
572500	-1342.445	0	-1342.445	0.7560318
573000	-1395.593	0	-1395.593	0.7610967
573500	-1487.532	0	-1487.532	0.675956
574000	-1549.789	0	-1549.789	0.7193053
574500	-1522.056	0	-1522.056	0.6653457
575000	-1466.133	0	-1466.133	0.7627378
575500	-1449.858	0	-1449.858	0.6312984
576000	-1399.529	0	-1399.529	0.6266344
576500	-1334.577	0	-1334.577	0.6666642
577000	-1476.226	0	-1476.226	0.6518845
577500	-1438.372	0	-1438.372	0.695287
578000	-1447.395	0	-1447.395	0.6545925
578500	-1393.378	0	-1393.378	0.5275249
579000	-1391.143	0	-1391.143	0.6911201
579500	-1395.484	0	-1395.484	0.6660582
580000	-1422.998	0	-1422.998	0.6672195
580500	-1429.03	0	-1429.03	0.726726
581000	-1455.147	0	-1455.147	0.5833731
581500	-1491.409	0	-1491.409	0.6548529
582000	-1507.464	0	-1507.464	0.5840642
582500	-1484.38	0	-1484.38	0.6009333
583000	-1558.23	0	-1558.23	0.5304213
583500	-1548.385	0	-1548.385	0.544228
584000	-1591.142	0	-1591.142	0.5340582
584500	-1505.686	0	-1505.686	0.7037483
585000	-1554.755	0	-1554.755	0.489793
585500	-1471.594	0	-1471.594	0.6360669
586000	-1500.161	0	-1500.161	0.6081869
586500	-1429.389	0	-1429.389	0.7423937
587000	-1467.398	0	-1467.398	0.7936135
587500	-1434.863	0	-1434.863	0.718758
588000	-1509.924	0	-1509.924	0.578232
588500	-1495.188	0	-1495.188	0.4317079
589000	-1514.506	0	-1514.506	0.4035745
589500	-1455.666	0	-1455.666	0.5002226
590000	-1493.17	0	-1493.17	0.5192455
590500	-1495.682	0	-1495.682	0.6674131
591000	-1613.024	0	-1613.024	0.612635
591500	-1492.793	0	-1492.793	0.686177
592000	-1542.146	0	-1542.146	0.7550439
592500	-1582.875	0	-1582.875	0.6645053
593000	-1448.865	0	-1448.865	0.774086
593500	-1511.653	0	-1511.653	0.6871409
594000	-1537.157	0	-1537.157	0.7228432
594500	-1471.621	0	-1471.621	0.779813
595000	-1581.275	0	-1581.275	0.6472488
595500	-1643.2	0	-1643.2	0.6615662
596000	-1606.801	0	-1606.801	0.459207
596500	-1579.175	0	-1579.175	0.6354015
597000	-1536.742	0	-1536.742	0.7221218
597500	-1560.238	0	-1560.238	0.6936292
598000	-1583.56	0	-1583.56	0.7055718
598500	-1520.981	0	-1520.981	0.8161877
599000	-1555.483	0	-1555.483	0.7896754
599500	-1551.297	0	-1551.297	0.772988
600000	-1624.938	0	-1624.938	0.5765337
600500	-1569.458	0	-1569.458	0.6509759
601000	-1565.198	0	-1565.198	0.5923476
601500	-1604.955	0	-1604.955	0.6412052
602000	-1609.058	0	-1609.058	0.4473337
602500	-1562.675	0	-1562.675	0.6259185
603000	-1604.473	0	-1604.473	0.7224206
603500	-1489.222	0	-1489.222	0.7503094
604000	-1493.866	0	-1493.866	0.7972523
604500	-1463.974	0	-1463.974	0.7544719
605000	-1489.949	0	-1489.949	0.7805387
605500	-1458.761	0	-1458.761	0.7578116
606000	-1472.324	0	-1472.324	0.5441698
606500	-1449.587	0	-1449.587	0.6495937
607000	-1442.313	0	-1442.313	0.5803813
607500	-1450.306	0	-1450.306	0.3649532
608000	-1441.413	0	-1441.413	0.3560871
608500	-1436.332	0	-1436.332	0.4395863
609000	-1451.646	0	-1451.646	0.3665977
609500	-1535.827	0	-1535.827	0.346167
610000	-1517.939	0	-1517.939	0.3545047
610500	-1464.241	0	-1464.241	0.4950813
611000	-1472.845	0	-1472.845	0.432267
611500	-1457.399	0	-1457.399	0.6416482
612000	-1488.353	0	-1488.353	0.543897
612500	-1508.068	0	-1508.068	0.6370568
613000	-1615.667	0	-1615.667	0.4765208
613500	-1564.555	0	-1564.555	0.3635106
614000	-1513.668	0	-1513.668	0.4823352
614500	-1534.658	0	-1534.658	0.4675017
615000	-1601.507	0	-1601.507	0.3969206
615500	-1554.283	0	-1554.283	0.4668213
616000	-1492.082	0	-1492.082	0.5521518
616500	-1482.055	0	-1482.055	0.6549622
617000	-1475.764	0	-1475.764	0.575151
617500	-1454.573	0	-1454.573	0.6724995
618000	-1462.257	0	-1462.257	0.6986831
618500	-1428.446	0	-1428.446	0.6896472
619000	-1415.417	0	-1415.417	0.7690867
619500	-1407.57	0	-1407.57	0.7276832
620000	-1461.564	0	-1461.564	0.7940866
620500	-1496.622	0	-1496.622	0.6276025
621000	-1413.222	0	-1413.222	0.4700161
621500	-1420.766	0	-1420.766	0.6004235
622000	-1446.043	0	-1446.043	0.6147514
622500	-1451.891	0	-1451.891	0.6029995
623000	-1469.496	0	-1469.496	0.5770973
623500	-1408.722	0	-1408.722	0.7903817
624000	-1401.465	0	-1401.465	0.7304165
624500	-1480.911	0	-1480.911	0.6714416
625000	-1424.121	0	-1424.121	0.5784328
625500	-1354.779	0	-1354.779	0.653469
626000	-1452.108	0	-1452.108	0.6469891
626500	-1361.629	0	-1361.629	0.7739259
627000	-1399.678	0	-1399.678	0.8545302
627500	-1287.815	0	-1287.815	0.8541719
628000	-1434.889	0	-1434.889	0.7233043
628500	-1400.228	0	-1400.228	0.7307134
629000	-1471.066	0	-1471.066	0.7579313
629500	-1456.772	0	-1456.772	0.6088841
630000	-1488.579	0	-1488.579	0.3944852
630500	-1472.483	0	-1472.483	0.6548991
631000	-1542.723	0	-1542.723	0.5698554
631500	-1454.968	0	-1454.968	0.4498391
632000	-1493.862	0	-1493.862	0.5751676
632500	-1507.049	0	-1507.049	0.6303808
633000	-1529.309	0	-1529.309	0.7398999
633500	-1453.612	0	-1453.612	0.7084488
634000	-1527.005	0	-1527.005	0.5944843
634500	-1449.783	0	-1449.783	0.6414815
635000	-1463.596	0	-1463.596	0.7033248
635500	-1475.265	0	-1475.265	0.7687314
636000	-1498.479	0	-1498.479	0.7503232
636500	-1450.877	0	-1450.877	0.760803
637000	-1540.154	0	-1540.154	0.5905909
637500	-1477.405	0	-1477.405	0.6103065
638000	-1427.073	0	-1427.073	0.6911734
638500	-1489.692	0	-1489.692	0.7123624
639000	-1528.795	0	-1528.795	0.5719401
639500	-1474.717	0	-1474.717	0.7073058
640000	-1554.391	0	-1554.391	0.5631273
640500	-1525.371	0	-1525.371	0.6774423
641000	-1548.156	0	-1548.156	0.5725161
641500	-1580.336	0	-1580.336	0.5262557
642000	-1558.663	0	-1558.663	0.5543483
642500	-1559.771	0	-1559.771	0.482601
643000	-1548.15	0	-1548.15	0.5727446
643500	-1531.781	0	-1531.781	0.670602
644000	-1501.372	0	-1501.372	0.6302086
644500	-1519.98	0	-1519.98	0.7046116
645000	-1522.014	0	-1522.014	0.7483114
645500	-1521.48	0	-1521.48	0.7817557
646000	-1515.534	0	-1515.534	0.716514
646500	-1534.742	0	-1534.742	0.6802617
647000	-1491.356	0	-1491.356	0.6812895
647500	-1423.277	0	-1423.277	0.6623132
648000	-1537.112	0	-1537.112	0.6376424
648500	-1555.47	0	-1555.47	0.6930659
649000	-1485.153	0	-1485.153	0.5224409
649500	-1573.877	0	-1573.877	0.3764268
650000	-1596.676	0	-1596.676	0.4557836
650500	-1590.284	0	-1590.284	0.5691588
651000	-1484.146	0	-1484.146	0.6884871
651500	-1530.079	0	-1530.079	0.4865953
652000	-1610.398	0	-1610.398	0.3953499
652500	-1410.758	0	-1410.758	0.7487114
653000	-1454.813	0	-1454.813	0.8112417
653500	-1446.592	0	-1446.592	0.7504225
654000	-1548.768	0	-1548.768	0.708963
654500	-1492.283	0	-1492.283	0.6585523
655000	-1472.595	0	-1472.595	0.7241783
655500	-1501.118	0	-1501.118	0.781308
656000	-1510.073	0	-1510.073	0.6354703
656500	-1423.806	0	-1423.806	0.7078416
657000	-1406.388	0	-1406.388	0.6229478
657500	-1443.212	0	-1443.212	0.6693921
658000	-1488.312	0	-1488.312	0.6822834
658500	-1559.555	0	-1559.555	0.6669365
659000	-1419.638	0	-1419.638	0.645719
659500	-1407.063	0	-1407.063	0.6230422
660000	-1511.625	0	-1511.625	0.5878801
660500	-1498.076	0	-1498.076	0.584471
661000	-1517.21	0	-1517.21	0.718077
661500	-1532.247	0	-1532.247	0.5890545
662000	-1534.643	0	-1534.643	0.5921545
662500	-1516.377	0	-1516.377	0.6956264
663000	-1501.969	0	-1501.969	0.5499526
663500	-1589.538	0	-1589.538	0.3483823
664000	-1570.111	0	-1570.111	0.5216922
664500	-1527.957	0	-1527.957	0.7145203
665000	-1585.798	0	-1585.798	0.6590778
665500	-1525.06	0	-1525.06	0.5651194
666000	-1526.755	0	-1526.755	0.5202598
666500	-1522.914	0	-1522.914	0.3567375
667000	-1542.449	0	-1542.449	0.2883954
667500	-1587.292	0	-1587.292	0.3045446
668000	-1529.871	0	-1529.871	0.5806023
668500	-1532.284	0	-1532.284	0.4452689
669000	-1581.841	0	-1581.841	0.5632395
669500	-1484.22	0	-1484.22	0.6212092
670000	-1519.449	0	-1519.449	0.5452038
670500	-1534.283	0	-1534.283	0.5569266
671000	-1565.79	0	-1565.79	0.4728524
671500	-1527.618	0	-1527.618	0.4422717
672000	-1494.801	0	-1494.801	0.6023542
672500	-1518.608	0	-1518.608	0.5906217
673000	-1544.445	0	-1544.445	0.4355267
673500	-1563.552	0	-1563.552	0.489104
674000	-1557.663	0	-1557.663	0.482801
674500	-1445.645	0	-1445.645	0.6195838
675000	-1466.349	0	-1466.349	0.6712213
675500	-1469.117	0	-1469.117	0.674813
676000	-1482.837	0	-1482.837	0.5818704
676500	-1522.697	0	-1522.697	0.6043579
677000	-1586.971	0	-1586.971	0.5208279
677500	-1567.014	0	-1567.014	0.5581364
678000	-1504.865	0	-1504.865	0.6383104
678500	-1566.487	0	-1566.487	0.5230279
679000	-1555.47	0	-1555.47	0.362663
679500	-1594.971	0	-1594.971	0.5010681
680000	-1634.672	0	-1634.672	0.4240589
680500	-1555.33	0	-1555.33	0.3542923
681000	-1622.358	0	-1622.358	0.2031502
681500	-1630.517	0	-1630.517	0.2281326
682000	-1584.694	0	-1584.694	0.3314435
682500	-1494.398	0	-1494.398	0.4941359
683000	-1605.918	0	-1605.918	0.5583964
683500	-1602.151	0	-1602.151	0.4011846
684000	-1520.371	0	-1520.371	0.4827661
684500	-1568.18	0	-1568.18	0.4622021
685000	-1618.84	0	-1618.84	0.5144171
685500	-1539.041	0	-1539.041	0.4554098
686000	-1456.827	0	-1456.827	0.536409
686500	-1500.003	0	-1500.003	0.4313489
687000	-1536.113	0	-1536.113	0.5998983
687500	-1509.596	0	-1509.596	0.5304213
688000	-1535.984	0	-1535.984	0.6192581
688500	-1554.072	0	-1554.072	0.4826563
689000	-1466.368	0	-1466.368	0.5194624
689500	-1452.926	0	-1452.926	0.6807995
690000	-1512.059	0	-1512.059	0.6002488
690500	-1522.936	0	-1522.936	0.542911
691000	-1556.125	0	-1556.125	0.5475138
691500	-1555.177	0	-1555.177	0.5333563
692000	-1547.754	0	-1547.754	0.415232
692500	-1526.108	0	-1526.108	0.4766854
693000	-1492.619	0	-1492.619	0.6007705
693500	-1484.645	0	-1484.645	0.6587778
694000	-1399.793	0	-1399.793	0.7985807
694500	-1407.597	0	-1407.597	0.8044319
695000	-1441.382	0	-1441.382	0.7509618
695500	-1460.336	0	-1460.336	0.7539473
696000	-1440.824	0	-1440.824	0.8075552
696500	-1458.752	0	-1458.752	0.7741511
697000	-1555.072	0	-1555.072	0.6290939
697500	-1598.295	0	-1598.295	0.5965738
698000	-1577.018	0	-1577.018	0.6464773
698500	-1583.137	0	-1583.137	0.6075779
699000	-1536.911	0	-1536.911	0.6009898
699500	-1498.221	0	-1498.221	0.6815152
700000	-1535.32	0	-1535.32	0.3835381
700500	-1536.155	0	-1536.155	0.4180593
701000	-1542.9	0	-1542.9	0.4976392
701500	-1499.611	0	-1499.611	0.5628326
702000	-1513.401	0	-1513.401	0.5535029
702500	-1589.498	0	-1589.498	0.4830867
703000	-1524.612	0	-1524.612	0.5233057
703500	-1546.146	0	-1546.146	0.5688294
704000	-1529.057	0	-1529.057	0.546184
704500	-1541.764	0	-1541.764	0.5820828
705000	-1547.383	0	-1547.383	0.6209387
705500	-1555.57	0	-1555.57	0.6310941
706000	-1439.329	0	-1439.329	0.7222748
706500	-1573.765	0	-1573.765	0.5489655
707000	-1505.845	0	-1505.845	0.4379679
707500	-1493.592	0	-1493.592	0.5614467
708000	-1453.772	0	-1453.772	0.6935329
708500	-1560.032	0	-1560.032	0.6151273
709000	-1571.903	0	-1571.903	0.4069548
709500	-1551.638	0	-1551.638	0.4886785
710000	-1587.173	0	-1587.173	0.3255859
710500	-1502.496	0	-1502.496	0.643641
711000	-1551.459	0	-1551.459	0.6039078
711500	-1477.763	0	-1477.763	0.4527108
712000	-1518.62	0	-1518.62	0.5613703
712500	-1496.812	0	-1496.812	0.2720259
713000	-1504.133	0	-1504.133	0.5476452
713500	-1452.974	0	-1452.974	0.5858823
714000	-1498.451	0	-1498.451	0.6601074
714500	-1481.711	0	-1481.711	0.7225734
715000	-1484.227	0	-1484.227	0.8247699
715500	-1470.737	0	-1470.737	0.726282
716000	-1469.077	0	-1469.077	0.7757518
716500	-1394.628	0	-1394.628	0.8320222
717000	-1480.491	0	-1480.491	0.673682
717500	-1508.965	0	-1508.965	0.7896991
718000	-1470.287	0	-1470.287	0.7937183
718500	-1493.044	0	-1493.044	0.8073507
719000	-1524.506	0	-1524.506	0.7568842
719500	-1434.028	0	-1434.028	0.8084695
720000	-1473.06	0	-1473.06	0.8209348
720500	-1478.158	0	-1478.158	0.7679937
721000	-1536.526	0	-1536.526	0.7266922
721500	-1478.025	0	-1478.025	0.8182741
722000	-1374.781	0	-1374.781	0.8402941
722500	-1378.912	0	-1378.912	0.8111624
723000	-1454.238	0	-1454.238	0.7802046
723500	-1462.146	0	-1462.146	0.8274677
724000	-1518.727	0	-1518.727	0.651341
724500	-1549.893	0	-1549.893	0.6376913
725000	-1521.884	0	-1521.884	0.5960901
725500	-1521.782	0	-1521.782	0.4751966
726000	-1511.474	0	-1511.474	0.4719196
726500	-1488.694	0	-1488.694	0.5251766
727000	-1465.822	0	-1465.822	0.5749416
727500	-1474.178	0	-1474.178	0.5597316
728000	-1473.78	0	-1473.78	0.5919143
728500	-1540.964	0	-1540.964	0.4774783
729000	-1459.057	0	-1459.057	0.6940123
729500	-1474.337	0	-1474.337	0.5772155
730000	-1511.204	0	-1511.204	0.6849688
730500	-1517.737	0	-1517.737	0.663348
731000	-1495.386	0	-1495.386	0.5522171
731500	-1448.974	0	-1448.974	0.5706537
732000	-1477.207	0	-1477.207	0.5176366
732500	-1560.885	0	-1560.885	0.6296039
733000	-1509.212	0	-1509.212	0.6663289
733500	-1476.568	0	-1476.568	0.7103849
734000	-1456.751	0	-1456.751	0.7119173
734500	-1470.714	0	-1470.714	0.7702022
735000	-1492.021	0	-1492.021	0.7607924
735500	-1503.333	0	-1503.333	0.735002
736000	-1567.326	0	-1567.326	0.5915337
736500	-1457.067	0	-1457.067	0.7452509
737000	-1501.573	0	-1501.573	0.6816332
737500	-1533.394	0	-1533.394	0.7442254
738000	-1453.14	0	-1453.14	0.7467116
738500	-1446.718	0	-1446.718	0.7530318
739000	-1409.019	0	-1409.019	0.8033962
739500	-1502.624	0	-1502.624	0.688975
740000	-1511.416	0	-1511.416	0.7679586
740500	-1471.269	0	-1471.269	0.8555754
741000	-1535.001	0	-1535.001	0.7322245
741500	-1552.657	0	-1552.657	0.5711265
742000	-1561.582	0	-1561.582	0.4629455
742500	-1470.514	0	-1470.514	0.673514
743000	-1630.011	0	-1630.011	0.4197805
743500	-1589.88	0	-1589.88	0.5615428
744000	-1540.64	0	-1540.64	0.6269365
744500	-1475.861	0	-1475.861	0.73784
745000	-1539.955	0	-1539.955	0.7110536
745500	-1535.356	0	-1535.356	0.629099
746000	-1461.127	0	-1461.127	0.7668388
746500	-1528.337	0	-1528.337	0.6818877
747000	-1550.044	0	-1550.044	0.6147558
747500	-1518.387	0	-1518.387	0.5838208
748000	-1488.08	0	-1488.08	0.6496373
748500	-1491.623	0	-1491.623	0.5346813
749000	-1506.044	0	-1506.044	0.6083182
749500	-1554.274	0	-1554.274	0.5778229
750000	-1485.665	0	-1485.665	0.8012876
750500	-1596.536	0	-1596.536	0.6147683
751000	-1496.843	0	-1496.843	0.6896434
751500	-1513.25	0	-1513.25	0.5631329
752000	-1514.478	0	-1514.478	0.4229092
752500	-1612.863	0	-1612.863	0.3604553
753000	-1605.156	0	-1605.156	0.4296955
753500	-1506.181	0	-1506.181	0.5788535
754000	-1576.465	0	-1576.465	0.529884
754500	-1549.736	0	-1549.736	0.4945547
755000	-1568.387	0	-1568.387	0.4842189
755500	-1543.635	0	-1543.635	0.2725075
756000	-1541.571	0	-1541.571	0.264285
756500	-1593.426	0	-1593.426	0.3035622
757000	-1584.795	0	-1584.795	0.1520395
757500	-1562.919	0	-1562.919	0.09944914
758000	-1618.52	0	-1618.52	0.01396715
758500	-1497.992	0	-1497.992	0.1954851
759000	-1495.896	0	-1495.896	0.2218651
759500	-1490.058	0	-1490.058	0.2427978
760000	-1432.058	0	-1432.058	0.3534927
760500	-1424.719	0	-1424.719	0.4669455
761000	-1341.233	0	-1341.233	0.4569759
761500	-1451.653	0	-1451.653	0.5151899
762000	-1437.776	0	-1437.776	0.5622818
762500	-1458.094	0	-1458.094	0.487895
763000	-1423.722	0	-1423.722	0.6169243
763500	-1449.665	0	-1449.665	0.4705255
764000	-1511.283	0	-1511.283	0.5138146
764500	-1492.575	0	-1492.575	0.6051648
765000	-1460.948	0	-1460.948	0.5951553
765500	-1425.364	0	-1425.364	0.5777936
766000	-1472.583	0	-1472.583	0.3734991
766500	-1422.739	0	-1422.739	0.5920207
767000	-1504.127	0	-1504.127	0.5021428
767500	-1476.469	0	-1476.469	0.6999314
768000	-1392.685	0	-1392.685	0.677044
768500	-1444.253	0	-1444.253	0.6624835
769000	-1410.087	0	-1410.087	0.5558399
769500	-1429.035	0	-1429.035	0.593349
770000	-1436.696	0	-1436.696	0.6280788
770500	-1448.511	0	-1448.511	0.5872556
771000	-1452.822	0	-1452.822	0.590826
771500	-1536.941	0	-1536.941	0.4922829
772000	-1550.209	0	-1550.209	0.4427127
772500	-1606.775	0	-1606.775	0.4457894
773000	-1617.501	0	-1617.501	0.3066846
773500	-1518.567	0	-1518.567	0.510926
774000	-1512.297	0	-1512.297	0.4877697
774500	-1566.107	0	-1566.107	0.352936
775000	-1526.846	0	-1526.846	0.3175535
775500	-1575.17	0	-1575.17	0.2884637
776000	-1607.918	0	-1607.918	0.4111371
776500	-1484.054	0	-1484.054	0.4559885
777000	-1511.332	0	-1511.332	0.6836707
777500	-1572.346	0	-1572.346	0.4996992
778000	-1550.254	0	-1550.254	0.518382
778500	-1462.132	0	-1462.132	0.6915049
779000	-1454.942	0	-1454.942	0.5872954
779500	-1493.795	0	-1493.795	0.381399
780000	-1498.053	0	-1498.053	0.4482532
780500	-1399.339	0	-1399.339	0.6373651
781000	-1442.376	0	-1442.376	0.5382144
781500	-1505.193	0	-1505.193	0.6691861
782000	-1444.008	0	-1444.008	0.6050985
782500	-1428.436	0	-1428.436	0.6776198
783000	-1395.969	0	-1395.969	0.7263441
783500	-1475.151	0	-1475.151	0.5789906
784000	-1527.643	0	-1527.643	0.5416594
784500	-1600.454	0	-1600.454	0.4370524
785000	-1614.741	0	-1614.741	0.5142891
785500	-1607.067	0	-1607.067	0.5652189
786000	-1583.451	0	-1583.451	0.6230841
786500	-1648.041	0	-1648.041	0.4132733
787000	-1504.078	0	-1504.078	0.6336774
787500	-1575.401	0	-1575.401	0.5428542
788000	-1606.872	0	-1606.872	0.3993181
788500	-1566.95	0	-1566.95	0.3639073
789000	-1603.809	0	-1603.809	0.5295668
789500	-1516.052	0	-1516.052	0.5892864
790000	-1497.862	0	-1497.862	0.4624677
790500	-1511.773	0	-1511.773	0.6014676
791000	-1503.459	0	-1503.459	0.5189698
791500	-1548.463	0	-1548.463	0.4997791
792000	-1416.769	0	-1416.769	0.4313654
792500	-1360.305	0	-1360.305	0.4945033
793000	-1379.318	0	-1379.318	0.592036
793500	-1435.996	0	-1435.996	0.6906813
794000	-1449	0	-1449	0.5291058
794500	-1522.43	0	-1522.43	0.4436398
795000	-1381.257	0	-1381.257	0.7013896
795500	-1475.402	0	-1475.402	0.6489175
796000	-1418.365	0	-1418.365	0.6207807
796500	-1409.955	0	-1409.955	0.717353
797000	-1476.948	0	-1476.948	0.6462163
797500	-1414.377	0	-1414.377	0.6491794
798000	-1354.775	0	-1354.775	0.5879758
798500	-1252.945	0	-1252.945	0.6364323
799000	-1402.237	0	-1402.237	0.4444351
799500	-1368.796	0	-1368.796	0.4789606
800000	-1447.14	0	-1447.14	0.2251283
800500	-1409.536	0	-1409.536	0.3603855
801000	-1408.456	0	-1408.456	0.3195876
801500	-1459.04	0	-1459.04	0.3365455
802000	-1414.063	0	-1414.063	0.3385635
802500	-1365.327	0	-1365.327	0.4798148
803000	-1473.505	0	-1473.505	0.2995823
803500	-1420.663	0	-1420.663	0.4599805
804000	-1342.506	0	-1342.506	0.471646
804500	-1417.64	0	-1417.64	0.3330306
805000	-1384.809	0	-1384.809	0.4884694
805500	-1355.442	0	-1355.442	0.6328663
806000	-1333.625	0	-1333.625	0.7034904
806500	-1417.543	0	-1417.543	0.7346163
807000	-1440.228	0	-1440.228	0.621703
807500	-1437.039	0	-1437.039	0.3851906
808000	-1492.205	0	-1492.205	0.3640522
808500	-1476.931	0	-1476.931	0.4786517
809000	-1480.682	0	-1480.682	0.4305554
809500	-1367.28	0	-1367.28	0.4685436
810000	-1510.718	0	-1510.718	0.6726538
810500	-1473.969	0	-1473.969	0.4739384
811000	-1401.765	0	-1401.765	0.5353541
811500	-1407.002	0	-1407.002	0.4843419
812000	-1396.109	0	-1396.109	0.5402143
812500	-1410.659	0	-1410.659	0.500632
813000	-1406.23	0	-1406.23	0.4931686
813500	-1435.262	0	-1435.262	0.4587874
814000	-1430.739	0	-1430.739	0.4582538
814500	-1460.156	0	-1460.156	0.5247682
815000	-1395.904	0	-1395.904	0.5552243
815500	-1430.807	0	-1430.807	0.5394654
816000	-1329.914	0	-1329.914	0.5702613
816500	-1478.243	0	-1478.243	0.4788917
817000	-1373.369	0	-1373.369	0.4342002
817500	-1450.081	0	-1450.081	0.5996777
818000	-1374.513	0	-1374.513	0.6604792
818500	-1364.049	0	-1364.049	0.733246
819000	-1373.548	0	-1373.548	0.6613524
819500	-1254.432	0	-1254.432	0.6658044
820000	-1325.551	0	-1325.551	0.5534004
820500	-1347.289	0	-1347.289	0.4683644
821000	-1440.719	0	-1440.719	0.5212795
821500	-1474.693	0	-1474.693	0.5162516
822000	-1349.957	0	-1349.957	0.5963538
822500	-1332.039	0	-1332.039	0.6307042
823000	-1363.983	0	-1363.983	0.6455059
823500	-1253.459	0	-1253.459	0.6749656
824000	-1317.302	0	-1317.302	0.6298099
824500	-1377.572	0	-1377.572	0.5765504
825000	-1419.013	0	-1419.013	0.5093993
825500	-1402.803	0	-1402.803	0.6000933
826000	-1420.921	0	-1420.921	0.5990007
826500	-1344.923	0	-1344.923	0.6551862
827000	-1448.329	0	-1448.329	0.5369028
827500	-1373.914	0	-1373.914	0.6432288
828000	-1382.617	0	-1382.617	0.5154572
828500	-1369.185	0	-1369.185	0.5915464
829000	-1450.321	0	-1450.321	0.5700708
829500	-1457.201	0	-1457.201	0.6331933
830000	-1404.149	0	-1404.149	0.7409423
830500	-1502.437	0	-1502.437	0.6212237
831000	-1456.453	0	-1456.453	0.6354804
831500	-1421.011	0	-1421.011	0.5663424
832000	-1477.876	0	-1477.876	0.3866102
832500	-1529.602	0	-1529.602	0.6874413
833000	-1560.994	0	-1560.994	0.6411541
833500	-1431.695	0	-1431.695	0.5568347
834000	-1525.438	0	-1525.438	0.4149871
834500	-1423.172	0	-1423.172	0.4807674
835000	-1500.334	0	-1500.334	0.5459755
835500	-1495.684	0	-1495.684	0.4250839
836000	-1428.865	0	-1428.865	0.2611778
836500	-1519.298	0	-1519.298	0.3377474
837000	-1524.471	0	-1524.471	0.3248143
837500	-1523.509	0	-1523.509	0.4998076
838000	-1554.668	0	-1554.668	0.4467011
838500	-1575.014	0	-1575.014	0.3330897
839000	-1578.307	0	-1578.307	0.488061
839500	-1483.146	0	-1483.146	0.5217423
840000	-1446.601	0	-1446.601	0.5781348
840500	-1479.978	0	-1479.978	0.5880775
841000	-1570.254	0	-1570.254	0.5887784
841500	-1531.658	0	-1531.658	0.4060391
842000	-1605.188	0	-1605.188	0.4135024
842500	-1535.74	0	-1535.74	0.5562459
843000	-1437.987	0	-1437.987	0.6131579
843500	-1475.847	0	-1475.847	0.5604075
844000	-1438.191	0	-1438.191	0.5013158
844500	-1504.419	0	-1504.419	0.4905174
845000	-1507.574	0	-1507.574	0.4037537
845500	-1509.913	0	-1509.913	0.3530286
846000	-1532.973	0	-1532.973	0.3175467
846500	-1474.523	0	-1474.523	0.4208891
847000	-1497.223	0	-1497.223	0.4347999
847500	-1446.964	0	-1446.964	0.3434579
848000	-1447.362	0	-1447.362	0.42324
848500	-1476.254	0	-1476.254	0.4402324
849000	-1482.172	0	-1482.172	0.5014159
849500	-1545	0	-1545	0.4952604
850000	-1502.691	0	-1502.691	0.4477211
850500	-1504.775	0	-1504.775	0.5478951
851000	-1363.455	0	-1363.455	0.6193635
851500	-1421.081	0	-1421.081	0.5750275
852000	-1425.238	0	-1425.238	0.5086757
852500	-1512.285	0	-1512.285	0.5249185
853000	-1488.375	0	-1488.375	0.5669776
853500	-1434.761	0	-1434.761	0.5214748
854000	-1525.086	0	-1525.086	0.4760793
854500	-1480.398	0	-1480.398	0.7262191
855000	-1487.986	0	-1487.986	0.5675977
855500	-1488.119	0	-1488.119	0.4738543
856000	-1504.88	0	-1504.88	0.551405
856500	-1509.772	0	-1509.772	0.5200525
857000	-1491.336	0	-1491.336	0.5107168
857500	-1460.694	0	-1460.694	0.6765716
858000	-1448.702	0	-1448.702	0.6188228
858500	-1426.603	0	-1426.603	0.5117184
859000	-1401.333	0	-1401.333	0.4817386
859500	-1445.15	0	-1445.15	0.5298764
860000	-1433.776	0	-1433.776	0.466893
860500	-1460.189	0	-1460.189	0.6264654
861000	-1523.777	0	-1523.777	0.5208437
861500	-1542.048	0	-1542.048	0.5541104
862000	-1446.638	0	-1446.638	0.7059091
862500	-1495.492	0	-1495.492	0.5939195
863000	-1477.361	0	-1477.361	0.599218
863500	-1477.599	0	-1477.599	0.6688631
864000	-1442.976	0	-1442.976	0.7529173
864500	-1454.944	0	-1454.944	0.7709206
865000	-1477.351	0	-1477.351	0.7229914
865500	-1484.426	0	-1484.426	0.627472
866000	-1459.231	0	-1459.231	0.5707395
866500	-1447.143	0	-1447.143	0.6883687
867000	-1549.26	0	-1549.26	0.5966879
867500	-1454.458	0	-1454.458	0.7621584
868000	-1494.901	0	-1494.901	0.7594535
868500	-1499.07	0	-1499.07	0.583189
869000	-1389.091	0	-1389.091	0.7258405
869500	-1453.658	0	-1453.658	0.5532372
870000	-1390.97	0	-1390.97	0.7241555
870500	-1420.202	0	-1420.202	0.711416
871000	-1420.148	0	-1420.148	0.7837979
871500	-1379.316	0	-1379.316	0.775993
872000	-1351.87	0	-1351.87	0.7567898
872500	-1348.787	0	-1348.787	0.7604902
873000	-1300.445	0	-1300.445	0.8201665
873500	-1409.349	0	-1409.349	0.7030607
874000	-1393.263	0	-1393.263	0.7918501
874500	-1419.244	0	-1419.244	0.7078265
875000	-1466.088	0	-1466.088	0.514976
875500	-1479.215	0	-1479.215	0.7248292
876000	-1552.33	0	-1552.33	0.6339791
876500	-1482.328	0	-1482.328	0.6963807
877000	-1486.783	0	-1486.783	0.6837002
877500	-1459.76	0	-1459.76	0.7836741
878000	-1416.526	0	-1416.526	0.7774262
878500	-1453.32	0	-1453.32	0.7790802
879000	-1516.689	0	-1516.689	0.6884183
879500	-1543.829	0	-1543.829	0.5406389
880000	-1578.049	0	-1578.049	0.2928748
880500	-1527.912	0	-1527.912	0.4996285
881000	-1484.526	0	-1484.526	0.4170077
881500	-1458.662	0	-1458.662	0.4498361
882000	-1419.387	0	-1419.387	0.378311
882500	-1445.969	0	-1445.969	0.4287505
883000	-1494.28	0	-1494.28	0.3589679
883500	-1465.074	0	-1465.074	0.4089605
884000	-1461.887	0	-1461.887	0.4314822
884500	-1295.244	0	-1295.244	0.4711805
885000	-1282.438	0	-1282.438	0.4982943
885500	-1357.874	0	-1357.874	0.481789
886000	-1340.228	0	-1340.228	0.4854294
886500	-1474.239	0	-1474.239	0.5951393
887000	-1475.786	0	-1475.786	0.5067956
887500	-1477.197	0	-1477.197	0.535034
888000	-1449.202	0	-1449.202	0.5908972
888500	-1488.248	0	-1488.248	0.6601245
889000	-1558.145	0	-1558.145	0.4703697
889500	-1468.949	0	-1468.949	0.5461923
890000	-1391.856	0	-1391.856	0.6014175
890500	-1432.931	0	-1432.931	0.3911945
891000	-1358.4	0	-1358.4	0.4691979
891500	-1298.287	0	-1298.287	0.5457964
892000	-1387.898	0	-1387.898	0.6326779
892500	-1337.564	0	-1337.564	0.5769806
893000	-1342.458	0	-1342.458	0.4779706
893500	-1327.781	0	-1327.781	0.5217448
894000	-1316.152	0	-1316.152	0.5147495
894500	-1265.055	0	-1265.055	0.5782146
895000	-1249.554	0	-1249.554	0.6069815
895500	-1191.111	0	-1191.111	0.6103599
896000	-1294.208	0	-1294.208	0.5980876
896500	-1330.868	0	-1330.868	0.5794848
897000	-1289.545	0	-1289.545	0.5852127
897500	-1342.406	0	-1342.406	0.5276821
898000	-1396.93	0	-1396.93	0.5157742
898500	-1445.483	0	-1445.483	0.4938751
899000	-1454.388	0	-1454.388	0.51271
899500	-1527.569	0	-1527.569	0.5419026
900000	-1447.081	0	-1447.081	0.4343641
900500	-1443.736	0	-1443.736	0.6633802
901000	-1465.166	0	-1465.166	0.6783895
901500	-1394.315	0	-1394.315	0.7141066
902000	-1295.902	0	-1295.902	0.647075
902500	-1359.285	0	-1359.285	0.566084
903000	-1391.362	0	-1391.362	0.5799406
903500	-1392.099	0	-1392.099	0.6808012
904000	-1449.984	0	-1449.984	0.7047704
904500	-1468.69	0	-1468.69	0.7704027
905000	-1453.969	0	-1453.969	0.7696074
905500	-1445.355	0	-1445.355	0.7231633
906000	-1366.688	0	-1366.688	0.7443574
906500	-1404.584	0	-1404.584	0.8077476
907000	-1386.73	0	-1386.73	0.792451
907500	-1303.442	0	-1303.442	0.8062942
908000	-1306.587	0	-1306.587	0.7650202
908500	-1407.588	0	-1407.588	0.6859436
909000	-1383.277	0	-1383.277	0.6920728
909500	-1344.936	0	-1344.936	0.753685
910000	-1383.012	0	-1383.012	0.6815251
910500	-1484.793	0	-1484.793	0.4746609
911000	-1502.846	0	-1502.846	0.4863096
911500	-1454.658	0	-1454.658	0.5116091
912000	-1530.276	0	-1530.276	0.4606923
912500	-1446.665	0	-1446.665	0.6434778
913000	-1467.63	0	-1467.63	0.5600723
913500	-1371.7	0	-1371.7	0.6436069
914000	-1326.583	0	-1326.583	0.7132334
914500	-1238.941	0	-1238.941	0.6937876
915000	-1261.204	0	-1261.204	0.6495331
915500	-1252.747	0	-1252.747	0.6893805
916000	-1150.396	0	-1150.396	0.7174188
916500	-1169.593	0	-1169.593	0.7109236
917000	-1211.182	0	-1211.182	0.7243973
917500	-1238.497	0	-1238.497	0.6976759
918000	-1197.508	0	-1197.508	0.6768168
918500	-1273.674	0	-1273.674	0.6842068
919000	-1357.519	0	-1357.519	0.7150575
919500	-1324.294	0	-1324.294	0.6220738
920000	-1351.645	0	-1351.645	0.673405
920500	-1343.447	0	-1343.447	0.6959085
921000	-1435.018	0	-1435.018	0.7368651
921500	-1477.631	0	-1477.631	0.7271701
922000	-1434.341	0	-1434.341	0.7418719
922500	-1427.994	0	-1427.994	0.7325567
923000	-1484.856	0	-1484.856	0.5754921
923500	-1392.655	0	-1392.655	0.5281321
924000	-1450.279	0	-1450.279	0.4362866
924500	-1482.096	0	-1482.096	0.3378344
925000	-1424.104	0	-1424.104	0.5414342
925500	-1486.723	0	-1486.723	0.5021907
926000	-1543.008	0	-1543.008	0.2688355
926500	-1422.966	0	-1422.966	0.6270879
927000	-1429.245	0	-1429.245	0.6090369
927500	-1490.559	0	-1490.559	0.6442853
928000	-1512.092	0	-1512.092	0.7351076
928500	-1511.032	0	-1511.032	0.6732983
929000	-1516.588	0	-1516.588	0.6566542
929500	-1430.774	0	-1430.774	0.7613676
930000	-1424.629	0	-1424.629	0.7435111
930500	-1335.512	0	-1335.512	0.7216481
931000	-1344.47	0	-1344.47	0.7828836
931500	-1326.32	0	-1326.32	0.8486383
932000	-1436.008	0	-1436.008	0.7217966
932500	-1515.219	0	-1515.219	0.6377308
933000	-1333.369	0	-1333.369	0.7484958
933500	-1399.498	0	-1399.498	0.6902868
934000	-1427.797	0	-1427.797	0.6818933
934500	-1386.237	0	-1386.237	0.6565265
935000	-1359.359	0	-1359.359	0.7307983
935500	-1372.666	0	-1372.666	0.7254768
936000	-1490.871	0	-1490.871	0.7083863
936500	-1490.531	0	-1490.531	0.6443028
937000	-1407.916	0	-1407.916	0.7244681
937500	-1459.647	0	-1459.647	0.5824472
938000	-1511.918	0	-1511.918	0.6220315
938500	-1468.253	0	-1468.253	0.6983848
939000	-1502.145	0	-1502.145	0.7083801
939500	-1474.415	0	-1474.415	0.596141
940000	-1365.194	0	-1365.194	0.7373626
940500	-1394.639	0	-1394.639	0.6902153
941000	-1412.399	0	-1412.399	0.6794863
941500	-1396.778	0	-1396.778	0.7008193
942000	-1425.787	0	-1425.787	0.5357406
942500	-1420.506	0	-1420.506	0.579105
943000	-1428.267	0	-1428.267	0.6078469
943500	-1430.94	0	-1430.94	0.6444555
944000	-1512.073	0	-1512.073	0.5283089
944500	-1501.484	0	-1501.484	0.5614519
945000	-1560.594	0	-1560.594	0.5358725
945500	-1506.861	0	-1506.861	0.3758698
946000	-1479.475	0	-1479.475	0.5343361
946500	-1533.945	0	-1533.945	0.6319334
947000	-1619.605	0	-1619.605	0.369053
947500	-1554.746	0	-1554.746	0.5432866
948000	-1540.254	0	-1540.254	0.5993249
948500	-1528.236	0	-1528.236	0.6019638
949000	-1571.78	0	-1571.78	0.5025629
949500	-1533.049	0	-1533.049	0.6351579
950000	-1490.898	0	-1490.898	0.5146202
950500	-1471.799	0	-1471.799	0.6607212
951000	-1455.953	0	-1455.953	0.5984808
951500	-1469.477	0	-1469.477	0.5194488
952000	-1454.864	0	-1454.864	0.6009385
952500	-1498.949	0	-1498.949	0.449686
953000	-1465.465	0	-1465.465	0.454337
953500	-1547.217	0	-1547.217	0.3628087
954000	-1424.187	0	-1424.187	0.503391
954500	-1426.99	0	-1426.99	0.5292912
955000	-1495.256	0	-1495.256	0.6472422
955500	-1457.091	0	-1457.091	0.6487937
956000	-1365.629	0	-1365.629	0.6250986
956500	-1450.391	0	-1450.391	0.6228865
957000	-1421.892	0	-1421.892	0.5181296
957500	-1425.041	0	-1425.041	0.5982297
958000	-1406.684	0	-1406.684	0.5937029
958500	-1449.352	0	-1449.352	0.4872156
959000	-1528.469	0	-1528.469	0.5106082
959500	-1424.434	0	-1424.434	0.4327269
960000	-1459.404	0	-1459.404	0.4131467
960500	-1410.603	0	-1410.603	0.4373571
961000	-1366.682	0	-1366.682	0.5240518
961500	-1335.392	0	-1335.392	0.5689002
962000	-1293.114	0	-1293.114	0.4746216
962500	-1385.635	0	-1385.635	0.343871
963000	-1513.927	0	-1513.927	0.5070966
963500	-1438.865	0	-1438.865	0.4832498
964000	-1316.616	0	-1316.616	0.7317181
964500	-1393.402	0	-1393.402	0.6125405
965000	-1422.836	0	-1422.836	0.5581881
965500	-1313.536	0	-1313.536	0.5617114
966000	-1434.496	0	-1434.496	0.5178512
966500	-1408.498	0	-1408.498	0.4413927
967000	-1363.877	0	-1363.877	0.4505874
967500	-1314.911	0	-1314.911	0.5028346
968000	-1325.106	0	-1325.106	0.5677312
968500	-1335.201	0	-1335.201	0.5960781
969000	-1344.877	0	-1344.877	0.4158761
969500	-1388.669	0	-1388.669	0.4882992
970000	-1350.886	0	-1350.886	0.4838513
970500	-1354.111	0	-1354.111	0.5643594
971000	-1410.085	0	-1410.085	0.5077811
971500	-1415.19	0	-1415.19	0.5476335
972000	-1345.092	0	-1345.092	0.6717006
972500	-1330.021	0	-1330.021	0.616636
973000	-1419.948	0	-1419.948	0.7294196
973500	-1358.456	0	-1358.456	0.6303108
974000	-1436.24	0	-1436.24	0.524224
974500	-1439.031	0	-1439.031	0.5581932
975000	-1404.247	0	-1404.247	0.6240951
975500	-1395.676	0	-1395.676	0.6462839
976000	-1464.439	0	-1464.439	0.6705193
976500	-1431.819	0	-1431.819	0.6149844
977000	-1465.979	0	-1465.979	0.580911
977500	-1485.515	0	-1485.515	0.696689
978000	-1501.78	0	-1501.78	0.5799986
978500	-1468.769	0	-1468.769	0.5626213
979000	-1389.851	0	-1389.851	0.6409597
979500	-1495.145	0	-1495.145	0.535321
980000	-1447.669	0	-1447.669	0.5210062
980500	-1444.251	0	-1444.251	0.7329896
981000	-1419.503	0	-1419.503	0.7032707
981500	-1394.82	0	-1394.82	0.7661855
982000	-1347.071	0	-1347.071	0.8006341
982500	-1406.731	0	-1406.731	0.7658075
983000	-1416.735	0	-1416.735	0.7340918
983500	-1443.863	0	-1443.863	0.6972426
984000	-1420.104	0	-1420.104	0.6791548
984500	-1461.773	0	-1461.773	0.6478798
985000	-1408.668	0	-1408.668	0.6817554
985500	-1405.599	0	-1405.599	0.6224008
986000	-1392.332	0	-1392.332	0.6088053
986500	-1335.232	0	-1335.232	0.6956295
987000	-1427.734	0	-1427.734	0.6936811
987500	-1488.2	0	-1488.2	0.3581552
988000	-1408.578	0	-1408.578	0.3628754
988500	-1478.205	0	-1478.205	0.3650216
989000	-1458.314	0	-1458.314	0.4356687
989500	-1473.325	0	-1473.325	0.5779567
990000	-1462	0	-1462	0.5197575
990500	-1429.52	0	-1429.52	0.5968687
991000	-1422.553	0	-1422.553	0.6970817
991500	-1411.356	0	-1411.356	0.7031202
992000	-1392.517	0	-1392.517	0.6397021
992500	-1412.857	0	-1412.857	0.6313182
993000	-1483.56	0	-1483.56	0.6701769
993500	-1500.102	0	-1500.102	0.533371
994000	-1501.749	0	-1501.749	0.5365822
994500	-1499.762	0	-1499.762	0.6442548
995000	-1419.769	0	-1419.769	0.6149566
995500	-1287.448	0	-1287.448	0.6591816
996000	-1409.366	0	-1409.366	0.6799256
996500	-1422.411	0	-1422.411	0.7314595
997000	-1455.027	0	-1455.027	0.7601818
997500	-1455.477	0	-1455.477	0.5558711
998000	-1294.547	0	-1294.547	0.6995981
998500	-1248.618	0	-1248.618	0.6608239
999000	-1426.226	0	-1426.226	0.5777162
999500	-1330.854	0	-1330.854	0.670935
1000000	-1348.04	0	-1348.04	0.7246903
