Iteration	Posterior	Likelihood	Prior	rho[1][4]
0	-8970.168	0	-8970.168	0.325874
500	-1808.775	0	-1808.775	0.1404118
1000	-1740.946	0	-1740.946	0.049581
1500	-1643.105	0	-1643.105	0.1391271
2000	-1550.207	0	-1550.207	0.04468409
2500	-1546.959	0	-1546.959	0.09455703
3000	-1585.54	0	-1585.54	-0.03487627
3500	-1556.264	0	-1556.264	0.03150077
4000	-1582.158	0	-1582.158	0.1134929
4500	-1564.021	0	-1564.021	0.156608
5000	-1640.023	0	-1640.023	0.1111872
5500	-1632.329	0	-1632.329	0.1009049
6000	-1618.508	0	-1618.508	-0.001963903
6500	-1578.183	0	-1578.183	-0.04462236
7000	-1602.245	0	-1602.245	-0.05299205
7500	-1639.756	0	-1639.756	0.06278585
8000	-1620.841	0	-1620.841	-0.07812095
8500	-1576.081	0	-1576.081	0.005066035
9000	-1611.178	0	-1611.178	-0.02961604
9500	-1630.709	0	-1630.709	-0.02414915
10000	-1602.402	0	-1602.402	0.04332663
10500	-1529.157	0	-1529.157	0.1506717
11000	-1546.89	0	-1546.89	-0.05515216
11500	-1573.337	0	-1573.337	-0.1171362
12000	-1514.767	0	-1514.767	-0.08701047
12500	-1578.12	0	-1578.12	-0.1444896
13000	-1599.135	0	-1599.135	-0.002875066
13500	-1606.29	0	-1606.29	0.1261934
14000	-1611.055	0	-1611.055	0.08901856
14500	-1623.345	0	-1623.345	0.0768051
15000	-1646.889	0	-1646.889	-0.0217159
15500	-1573.651	0	-1573.651	-0.03563071
16000	-1518.827	0	-1518.827	-0.1239275
16500	-1607.764	0	-1607.764	-0.2326279
17000	-1596.119	0	-1596.119	0.02432563
17500	-1588.254	0	-1588.254	-0.01256056
18000	-1580.294	0	-1580.294	-0.2614151
18500	-1621.172	0	-1621.172	-0.03105725
19000	-1621.057	0	-1621.057	-0.3486755
19500	-1604.094	0	-1604.094	-0.2453613
20000	-1620.381	0	-1620.381	-0.125685
20500	-1675.906	0	-1675.906	-0.07695331
21000	-1646.051	0	-1646.051	-0.2187632
21500	-1554.761	0	-1554.761	-0.1314546
22000	-1507.099	0	-1507.099	0.07067324
22500	-1546.96	0	-1546.96	-0.05089666
23000	-1509.1	0	-1509.1	-0.2481105
23500	-1464.259	0	-1464.259	-0.3500606
24000	-1473.921	0	-1473.921	-0.30196
24500	-1491.183	0	-1491.183	-0.3689852
25000	-1569.234	0	-1569.234	-0.2673284
25500	-1533.928	0	-1533.928	-0.01919408
26000	-1553.306	0	-1553.306	-0.06921428
26500	-1576.887	0	-1576.887	-0.1178845
27000	-1578.989	0	-1578.989	-0.2982046
27500	-1630.115	0	-1630.115	-0.3113231
28000	-1607.41	0	-1607.41	-0.2578923
28500	-1575.744	0	-1575.744	-0.1791809
29000	-1580.833	0	-1580.833	-0.2994318
29500	-1607.698	0	-1607.698	-0.3227815
30000	-1583.456	0	-1583.456	-0.05496933
30500	-1654.712	0	-1654.712	-0.2384327
31000	-1568.805	0	-1568.805	-0.3160915
31500	-1539.819	0	-1539.819	-0.3033679
32000	-1607.303	0	-1607.303	-0.3793508
32500	-1517.301	0	-1517.301	-0.294437
33000	-1575.741	0	-1575.741	-0.3170538
33500	-1579.85	0	-1579.85	-0.04316204
34000	-1555.25	0	-1555.25	-0.1190752
34500	-1513.215	0	-1513.215	-0.101181
35000	-1584.855	0	-1584.855	-0.1538502
35500	-1570.425	0	-1570.425	-0.1786585
36000	-1544.934	0	-1544.934	-0.1463882
36500	-1482.396	0	-1482.396	-0.150217
37000	-1541.212	0	-1541.212	-0.320826
37500	-1482.042	0	-1482.042	-0.1866794
38000	-1514.111	0	-1514.111	-0.0337373
38500	-1562.595	0	-1562.595	-0.06832946
39000	-1616.445	0	-1616.445	-0.08079521
39500	-1622.335	0	-1622.335	-0.1831077
40000	-1592.374	0	-1592.374	-0.1383574
40500	-1502.145	0	-1502.145	-0.2291528
41000	-1542.148	0	-1542.148	-0.3207514
41500	-1524.316	0	-1524.316	-0.1880642
42000	-1512.207	0	-1512.207	-0.1830959
42500	-1515.692	0	-1515.692	-0.2439411
43000	-1540.497	0	-1540.497	0.01689903
43500	-1566.263	0	-1566.263	-0.220232
44000	-1546.54	0	-1546.54	-0.2752943
44500	-1574.69	0	-1574.69	-0.0958743
45000	-1495.015	0	-1495.015	-0.2134867
45500	-1512.429	0	-1512.429	-0.1837131
46000	-1540.762	0	-1540.762	-0.304924
46500	-1571.514	0	-1571.514	-0.2187696
47000	-1502.568	0	-1502.568	-0.2631671
47500	-1447.866	0	-1447.866	-0.3472968
48000	-1473.477	0	-1473.477	-0.4177214
48500	-1558.693	0	-1558.693	-0.1481426
49000	-1553.918	0	-1553.918	-0.3914272
49500	-1530.289	0	-1530.289	-0.4199051
50000	-1537.822	0	-1537.822	-0.3504049
50500	-1521.551	0	-1521.551	-0.3990059
51000	-1491.109	0	-1491.109	-0.5222972
51500	-1485.021	0	-1485.021	-0.5092245
52000	-1519.542	0	-1519.542	-0.4596424
52500	-1554.136	0	-1554.136	-0.3704603
53000	-1490.441	0	-1490.441	-0.2887659
53500	-1538.845	0	-1538.845	-0.0545044
54000	-1453.591	0	-1453.591	-0.06750286
54500	-1557.397	0	-1557.397	-0.0213763
55000	-1479.521	0	-1479.521	0.08469439
55500	-1401.674	0	-1401.674	0.03051314
56000	-1402.963	0	-1402.963	-0.2552187
56500	-1424.778	0	-1424.778	-0.1639253
57000	-1480.257	0	-1480.257	0.1257292
57500	-1464.244	0	-1464.244	0.05837379
58000	-1543.866	0	-1543.866	0.1291486
58500	-1579.859	0	-1579.859	0.07687612
59000	-1554.101	0	-1554.101	0.1032015
59500	-1524.284	0	-1524.284	-0.2539123
60000	-1481.882	0	-1481.882	-0.1328374
60500	-1407.516	0	-1407.516	-0.1937125
61000	-1397.823	0	-1397.823	-0.3013171
61500	-1469.749	0	-1469.749	-0.2184975
62000	-1425.324	0	-1425.324	-0.2065324
62500	-1429.248	0	-1429.248	-0.1810106
63000	-1543.044	0	-1543.044	-0.1900304
63500	-1495.214	0	-1495.214	-0.03059138
64000	-1534.853	0	-1534.853	-0.0174777
64500	-1558.211	0	-1558.211	-0.07257783
65000	-1511.209	0	-1511.209	-0.261939
65500	-1530.176	0	-1530.176	-0.4651368
66000	-1497.371	0	-1497.371	-0.1877453
66500	-1517.893	0	-1517.893	-0.2699584
67000	-1516.066	0	-1516.066	-0.2049735
67500	-1481.509	0	-1481.509	-0.08565002
68000	-1531.174	0	-1531.174	-0.3430575
68500	-1489.105	0	-1489.105	-0.444331
69000	-1543.978	0	-1543.978	-0.07280732
69500	-1556.481	0	-1556.481	-0.2103549
70000	-1516.631	0	-1516.631	-0.2917077
70500	-1481.429	0	-1481.429	-0.1757553
71000	-1567.784	0	-1567.784	-0.1433551
71500	-1530.962	0	-1530.962	-0.2090322
72000	-1471.09	0	-1471.09	-0.1863739
72500	-1502.035	0	-1502.035	-0.2090242
73000	-1556.133	0	-1556.133	-0.09605052
73500	-1582.246	0	-1582.246	-0.1720073
74000	-1588.631	0	-1588.631	-0.09689242
74500	-1499.152	0	-1499.152	-0.1020338
75000	-1565.123	0	-1565.123	-0.2950615
75500	-1604.285	0	-1604.285	-0.1678864
76000	-1629.767	0	-1629.767	-0.2987793
76500	-1528.512	0	-1528.512	-0.1496735
77000	-1516.467	0	-1516.467	-0.1582065
77500	-1461.356	0	-1461.356	-0.04305324
78000	-1540.237	0	-1540.237	-0.199719
78500	-1470.534	0	-1470.534	-0.1533395
79000	-1458.149	0	-1458.149	-0.4510187
79500	-1531.32	0	-1531.32	-0.2984314
80000	-1517.518	0	-1517.518	-0.335163
80500	-1500.605	0	-1500.605	-0.4593016
81000	-1527.185	0	-1527.185	-0.3517669
81500	-1456.439	0	-1456.439	-0.3248326
82000	-1497.164	0	-1497.164	-0.297265
82500	-1550.643	0	-1550.643	-0.3240091
83000	-1526.902	0	-1526.902	-0.1004538
83500	-1570.351	0	-1570.351	-0.185075
84000	-1502.921	0	-1502.921	-0.17688
84500	-1519.063	0	-1519.063	-0.16757
85000	-1530.128	0	-1530.128	-0.1092198
85500	-1492.574	0	-1492.574	-0.2197902
86000	-1461.693	0	-1461.693	-0.2694373
86500	-1452.54	0	-1452.54	-0.2719634
87000	-1445.659	0	-1445.659	-0.2012575
87500	-1539.995	0	-1539.995	-0.2040157
88000	-1458.062	0	-1458.062	-0.1479217
88500	-1517.796	0	-1517.796	-0.1584546
89000	-1470.328	0	-1470.328	-0.1250631
89500	-1523.004	0	-1523.004	-0.05024512
90000	-1543.8	0	-1543.8	-0.2642634
90500	-1527.097	0	-1527.097	-0.3895487
91000	-1491.481	0	-1491.481	-0.189417
91500	-1508.162	0	-1508.162	-0.292081
92000	-1590.483	0	-1590.483	-0.1988694
92500	-1593.344	0	-1593.344	0.03410583
93000	-1516.529	0	-1516.529	-0.0377772
93500	-1452.985	0	-1452.985	-0.3390445
94000	-1525.306	0	-1525.306	-0.2749522
94500	-1429.929	0	-1429.929	-0.2421922
95000	-1455.528	0	-1455.528	-0.1262396
95500	-1549.13	0	-1549.13	-0.2335829
96000	-1566.681	0	-1566.681	-0.4816105
96500	-1550.996	0	-1550.996	-0.3089339
97000	-1522.901	0	-1522.901	-0.4352013
97500	-1516.768	0	-1516.768	-0.4318294
98000	-1505.233	0	-1505.233	-0.4577839
98500	-1566.376	0	-1566.376	-0.2428823
99000	-1590.498	0	-1590.498	-0.3261799
99500	-1537.954	0	-1537.954	-0.2600251
100000	-1559.457	0	-1559.457	-0.4173546
100500	-1463.982	0	-1463.982	-0.4458623
101000	-1457.901	0	-1457.901	-0.624603
101500	-1541.271	0	-1541.271	-0.4003997
102000	-1569.716	0	-1569.716	-0.3461358
102500	-1543.509	0	-1543.509	-0.4030276
103000	-1489.275	0	-1489.275	-0.4248295
103500	-1504.615	0	-1504.615	-0.2724845
104000	-1576.85	0	-1576.85	-0.2230353
104500	-1576.741	0	-1576.741	-0.3302928
105000	-1551.638	0	-1551.638	-0.09683527
105500	-1619.849	0	-1619.849	-0.1076866
106000	-1601.521	0	-1601.521	-0.1099098
106500	-1611.184	0	-1611.184	-0.1271456
107000	-1563.73	0	-1563.73	-0.0205506
107500	-1602.285	0	-1602.285	-0.09706282
108000	-1544.538	0	-1544.538	-0.2832503
108500	-1560.51	0	-1560.51	-0.2042529
109000	-1595.452	0	-1595.452	-0.2754094
109500	-1511.033	0	-1511.033	-0.3087195
110000	-1475.533	0	-1475.533	-0.2797444
110500	-1561.27	0	-1561.27	-0.2850574
111000	-1508.893	0	-1508.893	-0.2498372
111500	-1517.094	0	-1517.094	-0.4634663
112000	-1514.041	0	-1514.041	-0.3863161
112500	-1593.547	0	-1593.547	-0.2943143
113000	-1511.587	0	-1511.587	-0.3974763
113500	-1488.28	0	-1488.28	-0.4960874
114000	-1440.013	0	-1440.013	-0.5025416
114500	-1569.871	0	-1569.871	-0.3244402
115000	-1574.825	0	-1574.825	-0.436373
115500	-1539.539	0	-1539.539	-0.3397811
116000	-1640.946	0	-1640.946	-0.3486714
116500	-1556.928	0	-1556.928	-0.3238309
117000	-1528.289	0	-1528.289	-0.2094692
117500	-1493.75	0	-1493.75	-0.3835459
118000	-1467.914	0	-1467.914	-0.3049814
118500	-1485.394	0	-1485.394	-0.1073605
119000	-1489.479	0	-1489.479	-0.229739
119500	-1497.298	0	-1497.298	-0.4487332
120000	-1548.717	0	-1548.717	-0.5135701
120500	-1395.852	0	-1395.852	-0.4029485
121000	-1390.445	0	-1390.445	-0.3966299
121500	-1481.737	0	-1481.737	-0.2433121
122000	-1455.606	0	-1455.606	-0.2171857
122500	-1366.683	0	-1366.683	-0.2587631
123000	-1405.107	0	-1405.107	-0.2373267
123500	-1422.214	0	-1422.214	-0.2199036
124000	-1447.26	0	-1447.26	-0.326597
124500	-1432.627	0	-1432.627	-0.3253497
125000	-1448.319	0	-1448.319	-0.2929298
125500	-1507.144	0	-1507.144	-0.3443973
126000	-1384.744	0	-1384.744	-0.3552602
126500	-1391.216	0	-1391.216	-0.5166861
127000	-1398.695	0	-1398.695	-0.323138
127500	-1412.566	0	-1412.566	-0.3309437
128000	-1295.339	0	-1295.339	-0.5316735
128500	-1409.631	0	-1409.631	-0.5232364
129000	-1425.98	0	-1425.98	-0.502705
129500	-1414.032	0	-1414.032	-0.5239443
130000	-1493.03	0	-1493.03	-0.5352821
130500	-1422.477	0	-1422.477	-0.4904062
131000	-1478.935	0	-1478.935	-0.3998133
131500	-1462.686	0	-1462.686	-0.4438736
132000	-1469.021	0	-1469.021	-0.03826575
132500	-1451.146	0	-1451.146	-0.3726515
133000	-1474.151	0	-1474.151	-0.2593383
133500	-1442.409	0	-1442.409	-0.4324186
134000	-1415.211	0	-1415.211	-0.3963036
134500	-1436.808	0	-1436.808	-0.2422113
135000	-1424.613	0	-1424.613	-0.2424509
135500	-1418.769	0	-1418.769	-0.2850154
136000	-1450.732	0	-1450.732	-0.5950977
136500	-1456.501	0	-1456.501	-0.3127913
137000	-1568.043	0	-1568.043	-0.1685498
137500	-1443.802	0	-1443.802	-0.1469265
138000	-1506.826	0	-1506.826	-0.174146
138500	-1541.607	0	-1541.607	-0.39814
139000	-1471.688	0	-1471.688	-0.3411516
139500	-1467.17	0	-1467.17	-0.4472934
140000	-1472.656	0	-1472.656	-0.4410585
140500	-1545.261	0	-1545.261	-0.4898032
141000	-1549.811	0	-1549.811	-0.2108523
141500	-1509.135	0	-1509.135	-0.2853854
142000	-1498.059	0	-1498.059	-0.4666913
142500	-1479.173	0	-1479.173	-0.2447596
143000	-1459.391	0	-1459.391	-0.2933264
143500	-1487.923	0	-1487.923	-0.2993048
144000	-1492.4	0	-1492.4	-0.4225146
144500	-1506.536	0	-1506.536	-0.4110885
145000	-1521.406	0	-1521.406	-0.3262655
145500	-1474.392	0	-1474.392	-0.3846824
146000	-1458.839	0	-1458.839	-0.2470254
146500	-1531.41	0	-1531.41	-0.5016363
147000	-1507.296	0	-1507.296	-0.4784006
147500	-1435.67	0	-1435.67	-0.4474708
148000	-1445.782	0	-1445.782	-0.5163586
148500	-1526.198	0	-1526.198	-0.3696312
149000	-1503.391	0	-1503.391	-0.4081117
149500	-1451.398	0	-1451.398	-0.4229772
150000	-1423.714	0	-1423.714	-0.5198337
150500	-1384.359	0	-1384.359	-0.5674481
151000	-1420.628	0	-1420.628	-0.5102221
151500	-1383.15	0	-1383.15	-0.5606594
152000	-1346.213	0	-1346.213	-0.5620184
152500	-1440.886	0	-1440.886	-0.3895102
153000	-1533.163	0	-1533.163	-0.3401954
153500	-1545.738	0	-1545.738	-0.2752543
154000	-1593.079	0	-1593.079	-0.3815025
154500	-1614.393	0	-1614.393	-0.318375
155000	-1527.663	0	-1527.663	-0.3478322
155500	-1587.929	0	-1587.929	-0.1756816
156000	-1562.773	0	-1562.773	-0.1772061
156500	-1497.197	0	-1497.197	-0.2816558
157000	-1473.372	0	-1473.372	-0.05607968
157500	-1573.613	0	-1573.613	-0.1537138
158000	-1451.81	0	-1451.81	-0.03531323
158500	-1459.765	0	-1459.765	-0.1278791
159000	-1500.47	0	-1500.47	-0.2554535
159500	-1501.999	0	-1501.999	-0.2589158
160000	-1512.683	0	-1512.683	-0.1931385
160500	-1471.205	0	-1471.205	-0.2319149
161000	-1484.067	0	-1484.067	-0.4086965
161500	-1510.531	0	-1510.531	-0.2683093
162000	-1460.475	0	-1460.475	-0.1394458
162500	-1424.193	0	-1424.193	-0.3729528
163000	-1486.41	0	-1486.41	-0.4286373
163500	-1521.075	0	-1521.075	-0.2397775
164000	-1402.795	0	-1402.795	-0.3814657
164500	-1435.203	0	-1435.203	-0.33746
165000	-1406.262	0	-1406.262	-0.3277436
165500	-1449.943	0	-1449.943	-0.406901
166000	-1488.739	0	-1488.739	-0.4950295
166500	-1495.662	0	-1495.662	-0.4480527
167000	-1511.319	0	-1511.319	-0.501218
167500	-1373.815	0	-1373.815	-0.329508
168000	-1548.168	0	-1548.168	-0.2239724
168500	-1542.912	0	-1542.912	-0.3500423
169000	-1536.075	0	-1536.075	-0.1982936
169500	-1492.999	0	-1492.999	-0.2699666
170000	-1476.96	0	-1476.96	-0.3123608
170500	-1422.962	0	-1422.962	-0.2572524
171000	-1494.189	0	-1494.189	-0.4060065
171500	-1492.932	0	-1492.932	-0.3718033
172000	-1570.383	0	-1570.383	-0.2641064
172500	-1503.647	0	-1503.647	-0.3752022
173000	-1459.401	0	-1459.401	-0.4284565
173500	-1491.693	0	-1491.693	-0.4220473
174000	-1492.605	0	-1492.605	-0.3100967
174500	-1527.937	0	-1527.937	-0.3902169
175000	-1552.525	0	-1552.525	-0.2071795
175500	-1547.616	0	-1547.616	-0.3570361
176000	-1469.72	0	-1469.72	-0.2969964
176500	-1441.899	0	-1441.899	-0.1468317
177000	-1413.475	0	-1413.475	-0.2719479
177500	-1512.491	0	-1512.491	-0.3794204
178000	-1492.278	0	-1492.278	-0.3426749
178500	-1386.043	0	-1386.043	-0.3552829
179000	-1359.362	0	-1359.362	-0.4139649
179500	-1377.098	0	-1377.098	-0.3370305
180000	-1421.715	0	-1421.715	-0.4198502
180500	-1498.399	0	-1498.399	-0.3026377
181000	-1528.164	0	-1528.164	-0.2244823
181500	-1488.437	0	-1488.437	-0.3111706
182000	-1499.39	0	-1499.39	-0.3621222
182500	-1447.913	0	-1447.913	-0.5051512
183000	-1426.349	0	-1426.349	-0.4735781
183500	-1451.646	0	-1451.646	-0.5773567
184000	-1383.241	0	-1383.241	-0.5248894
184500	-1453.271	0	-1453.271	-0.4835404
185000	-1392.813	0	-1392.813	-0.3850374
185500	-1446.649	0	-1446.649	-0.3103116
186000	-1502.057	0	-1502.057	-0.1997409
186500	-1536.393	0	-1536.393	-0.2328392
187000	-1482.552	0	-1482.552	-0.2322756
187500	-1517.207	0	-1517.207	-0.347608
188000	-1478.524	0	-1478.524	-0.2085548
188500	-1390.2	0	-1390.2	-0.4994345
189000	-1480.064	0	-1480.064	-0.384502
189500	-1527.454	0	-1527.454	-0.2529862
190000	-1535.577	0	-1535.577	-0.2184948
190500	-1428.397	0	-1428.397	0.0245709
191000	-1408.484	0	-1408.484	0.004949147
191500	-1422.46	0	-1422.46	-0.07048861
192000	-1508.181	0	-1508.181	-0.1477671
192500	-1490.089	0	-1490.089	-0.2656743
193000	-1410.909	0	-1410.909	-0.3618013
193500	-1464.961	0	-1464.961	-0.3087306
194000	-1480.06	0	-1480.06	-0.3801229
194500	-1457.01	0	-1457.01	-0.4476701
195000	-1454.175	0	-1454.175	-0.5180612
195500	-1435.613	0	-1435.613	-0.5190636
196000	-1429.371	0	-1429.371	-0.5095337
196500	-1506.37	0	-1506.37	-0.3303857
197000	-1466.617	0	-1466.617	-0.2895511
197500	-1428.647	0	-1428.647	-0.07410641
198000	-1383.708	0	-1383.708	-0.1032296
198500	-1490.759	0	-1490.759	-0.2952776
199000	-1431.272	0	-1431.272	-0.2885984
199500	-1522.354	0	-1522.354	-0.1441852
200000	-1498.876	0	-1498.876	-0.1346126
200500	-1427.436	0	-1427.436	-0.1530401
201000	-1507.225	0	-1507.225	-0.2336744
201500	-1427.354	0	-1427.354	-0.3302522
202000	-1444.38	0	-1444.38	-0.4764264
202500	-1485.64	0	-1485.64	-0.2932377
203000	-1484.116	0	-1484.116	-0.3528508
203500	-1451.875	0	-1451.875	-0.2611443
204000	-1403.665	0	-1403.665	-0.2766742
204500	-1418.522	0	-1418.522	-0.2005117
205000	-1466.54	0	-1466.54	-0.1871283
205500	-1519.9	0	-1519.9	-0.1202977
206000	-1481.281	0	-1481.281	-0.04345289
206500	-1416.506	0	-1416.506	-0.09945386
207000	-1407.05	0	-1407.05	-0.07925156
207500	-1413.759	0	-1413.759	0.04796633
208000	-1464.331	0	-1464.331	-0.2926855
208500	-1510.247	0	-1510.247	-0.1460911
209000	-1552.411	0	-1552.411	-0.1737241
209500	-1564.768	0	-1564.768	-0.3110589
210000	-1474.674	0	-1474.674	-0.2608621
210500	-1407.293	0	-1407.293	-0.3092976
211000	-1337.653	0	-1337.653	-0.3090256
211500	-1400.904	0	-1400.904	-0.287818
212000	-1372.451	0	-1372.451	-0.212096
212500	-1476.994	0	-1476.994	-0.2776814
213000	-1490.404	0	-1490.404	0.003848027
213500	-1405.01	0	-1405.01	-0.2789461
214000	-1439.839	0	-1439.839	-0.3083027
214500	-1442.403	0	-1442.403	-0.348171
215000	-1489.988	0	-1489.988	-0.08253617
215500	-1488.259	0	-1488.259	-0.212088
216000	-1532.362	0	-1532.362	-0.1616465
216500	-1493.438	0	-1493.438	-0.06655526
217000	-1495.958	0	-1495.958	-0.1157056
217500	-1495.816	0	-1495.816	-0.1230727
218000	-1410.898	0	-1410.898	-0.2239766
218500	-1427.1	0	-1427.1	-0.2346047
219000	-1454.575	0	-1454.575	-0.2079179
219500	-1345.033	0	-1345.033	-0.3285478
220000	-1335.035	0	-1335.035	-0.3485148
220500	-1490.332	0	-1490.332	-0.3966572
221000	-1379.204	0	-1379.204	-0.3742109
221500	-1394.383	0	-1394.383	-0.4716135
222000	-1426.971	0	-1426.971	-0.3697139
222500	-1445.593	0	-1445.593	-0.4449893
223000	-1354.946	0	-1354.946	-0.4550007
223500	-1362.459	0	-1362.459	-0.4374578
224000	-1364.714	0	-1364.714	-0.3631953
224500	-1367.411	0	-1367.411	-0.4282108
225000	-1486.003	0	-1486.003	-0.08670327
225500	-1334.238	0	-1334.238	-0.03969454
226000	-1447.11	0	-1447.11	-0.134801
226500	-1494.64	0	-1494.64	-0.2787942
227000	-1386.166	0	-1386.166	-0.5530905
227500	-1348.543	0	-1348.543	-0.5450614
228000	-1384.457	0	-1384.457	-0.5448941
228500	-1449.253	0	-1449.253	-0.5290917
229000	-1394.627	0	-1394.627	-0.4427024
229500	-1411.85	0	-1411.85	-0.3111714
230000	-1339.322	0	-1339.322	-0.397383
230500	-1381.879	0	-1381.879	-0.316814
231000	-1377.256	0	-1377.256	-0.382542
231500	-1455.661	0	-1455.661	-0.2558518
232000	-1457.656	0	-1457.656	-0.1979573
232500	-1356.736	0	-1356.736	-0.535722
233000	-1392.578	0	-1392.578	-0.4473979
233500	-1447.345	0	-1447.345	-0.4039753
234000	-1348.445	0	-1348.445	-0.5408992
234500	-1387.066	0	-1387.066	-0.5052227
235000	-1398.383	0	-1398.383	-0.5584139
235500	-1363.864	0	-1363.864	-0.5632603
236000	-1403.57	0	-1403.57	-0.3018933
236500	-1445.821	0	-1445.821	-0.3805023
237000	-1439.632	0	-1439.632	-0.3817552
237500	-1427.989	0	-1427.989	-0.3741364
238000	-1346.729	0	-1346.729	-0.3211472
238500	-1377.552	0	-1377.552	-0.2802379
239000	-1398.749	0	-1398.749	-0.3615991
239500	-1430.274	0	-1430.274	-0.1907886
240000	-1376.226	0	-1376.226	-0.2737087
240500	-1473.516	0	-1473.516	-0.315961
241000	-1360.93	0	-1360.93	-0.3862685
241500	-1426.852	0	-1426.852	-0.3309879
242000	-1496.762	0	-1496.762	-0.3592313
242500	-1386.676	0	-1386.676	-0.5096449
243000	-1508.664	0	-1508.664	-0.3493596
243500	-1581.82	0	-1581.82	-0.3884929
244000	-1547.6	0	-1547.6	-0.2636362
244500	-1535.083	0	-1535.083	-0.3644409
245000	-1482.224	0	-1482.224	-0.2066124
245500	-1485.596	0	-1485.596	-0.1713462
246000	-1540.977	0	-1540.977	-0.1570569
246500	-1377.119	0	-1377.119	-0.3477187
247000	-1456.941	0	-1456.941	-0.2777178
247500	-1526.072	0	-1526.072	-0.1887468
248000	-1484.168	0	-1484.168	-0.4032358
248500	-1413.897	0	-1413.897	-0.4091684
249000	-1448.471	0	-1448.471	-0.4135924
249500	-1478.377	0	-1478.377	-0.4376917
250000	-1470.081	0	-1470.081	-0.4976012
250500	-1514.606	0	-1514.606	-0.5269581
251000	-1489.313	0	-1489.313	-0.4693432
251500	-1492.796	0	-1492.796	-0.3870759
252000	-1480.119	0	-1480.119	-0.2861452
252500	-1438.765	0	-1438.765	-0.2821177
253000	-1346.779	0	-1346.779	-0.3981649
253500	-1429.572	0	-1429.572	-0.3430998
254000	-1483.356	0	-1483.356	-0.4270857
254500	-1590.068	0	-1590.068	-0.2743974
255000	-1497.329	0	-1497.329	-0.3869005
255500	-1567.47	0	-1567.47	-0.2513461
256000	-1425.687	0	-1425.687	-0.4552279
256500	-1501.871	0	-1501.871	-0.3785337
257000	-1453.338	0	-1453.338	-0.4443068
257500	-1502.748	0	-1502.748	-0.1205541
258000	-1480.763	0	-1480.763	-0.2221641
258500	-1493.729	0	-1493.729	-0.3652184
259000	-1496.935	0	-1496.935	-0.3793094
259500	-1430.38	0	-1430.38	-0.2736232
260000	-1444.551	0	-1444.551	-0.4476552
260500	-1480.436	0	-1480.436	-0.3494967
261000	-1435.612	0	-1435.612	-0.2693105
261500	-1352.497	0	-1352.497	-0.205286
262000	-1418.044	0	-1418.044	-0.200328
262500	-1394.389	0	-1394.389	-0.3181755
263000	-1321.603	0	-1321.603	-0.2056499
263500	-1359.904	0	-1359.904	-0.4154395
264000	-1497.095	0	-1497.095	-0.1560514
264500	-1519.492	0	-1519.492	-0.1952296
265000	-1493.869	0	-1493.869	-0.1800497
265500	-1473.179	0	-1473.179	-0.06101552
266000	-1497.065	0	-1497.065	-0.02819209
266500	-1459.473	0	-1459.473	-0.07736658
267000	-1501.138	0	-1501.138	-0.1545858
267500	-1494.144	0	-1494.144	-0.2713914
268000	-1539.035	0	-1539.035	-0.3691139
268500	-1541.708	0	-1541.708	-0.3412969
269000	-1488.777	0	-1488.777	-0.3507128
269500	-1482.855	0	-1482.855	-0.4059446
270000	-1519.448	0	-1519.448	-0.4926952
270500	-1494.877	0	-1494.877	-0.5178706
271000	-1443.421	0	-1443.421	-0.5169261
271500	-1496.746	0	-1496.746	-0.3537838
272000	-1425.313	0	-1425.313	-0.2478718
272500	-1530.36	0	-1530.36	-0.297261
273000	-1509.367	0	-1509.367	-0.190219
273500	-1626.686	0	-1626.686	-0.2252812
274000	-1508.154	0	-1508.154	-0.1953043
274500	-1437.166	0	-1437.166	-0.2249853
275000	-1433.495	0	-1433.495	-0.2386018
275500	-1456.243	0	-1456.243	-0.1561874
276000	-1572.477	0	-1572.477	-0.203256
276500	-1565.54	0	-1565.54	-0.2306274
277000	-1549.968	0	-1549.968	-0.526405
277500	-1555.182	0	-1555.182	-0.3986946
278000	-1541.054	0	-1541.054	-0.06449848
278500	-1472.891	0	-1472.891	0.0590916
279000	-1505.059	0	-1505.059	-0.1459392
279500	-1547.783	0	-1547.783	0.05180703
280000	-1502.869	0	-1502.869	-0.1127902
280500	-1405.267	0	-1405.267	-0.2870583
281000	-1419.176	0	-1419.176	-0.3271788
281500	-1426.525	0	-1426.525	-0.2296766
282000	-1483.499	0	-1483.499	-0.2059185
282500	-1404.2	0	-1404.2	-0.260587
283000	-1381.196	0	-1381.196	-0.2037525
283500	-1460.094	0	-1460.094	-0.2284817
284000	-1512.365	0	-1512.365	-0.1803725
284500	-1444.106	0	-1444.106	-0.2342956
285000	-1467.392	0	-1467.392	-0.2127258
285500	-1470.218	0	-1470.218	-0.2049581
286000	-1485.208	0	-1485.208	-0.1879357
286500	-1455.652	0	-1455.652	-0.1351508
287000	-1449.642	0	-1449.642	0.01726692
287500	-1376.544	0	-1376.544	-0.04193357
288000	-1402.517	0	-1402.517	-0.1125399
288500	-1458.24	0	-1458.24	-0.1474375
289000	-1509.06	0	-1509.06	-0.1945953
289500	-1595.043	0	-1595.043	-0.271518
290000	-1520.245	0	-1520.245	-0.3696224
290500	-1513.237	0	-1513.237	-0.2968836
291000	-1553.831	0	-1553.831	-0.2948034
291500	-1563.91	0	-1563.91	-0.04914583
292000	-1549.396	0	-1549.396	-0.30615
292500	-1564.408	0	-1564.408	-0.2365062
293000	-1598.005	0	-1598.005	-0.3894229
293500	-1563.025	0	-1563.025	-0.1666236
294000	-1598.781	0	-1598.781	-0.05772408
294500	-1616.096	0	-1616.096	-0.2864726
295000	-1577.225	0	-1577.225	-0.2185698
295500	-1617.12	0	-1617.12	-0.07345662
296000	-1554.64	0	-1554.64	-0.2140527
296500	-1560.157	0	-1560.157	-0.3451658
297000	-1556.74	0	-1556.74	-0.3128726
297500	-1564.647	0	-1564.647	-0.3022138
298000	-1627.687	0	-1627.687	-0.4352327
298500	-1588.256	0	-1588.256	-0.2946744
299000	-1567.72	0	-1567.72	-0.3401173
299500	-1593.851	0	-1593.851	-0.502382
300000	-1547.3	0	-1547.3	-0.3987634
300500	-1545.792	0	-1545.792	-0.4597474
301000	-1564.956	0	-1564.956	-0.3975073
301500	-1515.502	0	-1515.502	-0.5387117
302000	-1519.19	0	-1519.19	-0.5182873
302500	-1496.038	0	-1496.038	-0.5070503
303000	-1473.217	0	-1473.217	-0.3980134
303500	-1492.818	0	-1492.818	-0.3717326
304000	-1499.371	0	-1499.371	-0.1702554
304500	-1489.925	0	-1489.925	-0.0195631
305000	-1502.63	0	-1502.63	-0.04185087
305500	-1452.985	0	-1452.985	-0.003236433
306000	-1480.337	0	-1480.337	-0.06784569
306500	-1400.26	0	-1400.26	0.0310422
307000	-1458.939	0	-1458.939	-0.07533742
307500	-1447.316	0	-1447.316	-0.02293709
308000	-1390.765	0	-1390.765	-0.1889832
308500	-1404.764	0	-1404.764	-0.06806151
309000	-1487.75	0	-1487.75	-0.07014932
309500	-1410.109	0	-1410.109	-0.2178585
310000	-1508.597	0	-1508.597	-0.4029315
310500	-1473.296	0	-1473.296	-0.3499654
311000	-1447.658	0	-1447.658	-0.3396326
311500	-1460.406	0	-1460.406	-0.2332048
312000	-1504.838	0	-1504.838	-0.3246126
312500	-1522.43	0	-1522.43	-0.2719764
313000	-1533.654	0	-1533.654	-0.1482822
313500	-1539.138	0	-1539.138	-0.1406668
314000	-1600.557	0	-1600.557	-0.1723659
314500	-1545.017	0	-1545.017	-0.2519288
315000	-1473.9	0	-1473.9	-0.3029022
315500	-1497.893	0	-1497.893	-0.2488177
316000	-1380.687	0	-1380.687	-0.351821
316500	-1405.067	0	-1405.067	-0.3172006
317000	-1409.077	0	-1409.077	-0.2508763
317500	-1302.671	0	-1302.671	-0.3343707
318000	-1382.73	0	-1382.73	-0.403749
318500	-1529.607	0	-1529.607	-0.2540801
319000	-1543.247	0	-1543.247	-0.3077391
319500	-1485.671	0	-1485.671	-0.3105405
320000	-1497.573	0	-1497.573	-0.4017548
320500	-1449.553	0	-1449.553	-0.364369
321000	-1441.987	0	-1441.987	-0.3570857
321500	-1447.455	0	-1447.455	-0.5012407
322000	-1561.318	0	-1561.318	-0.2776158
322500	-1503.008	0	-1503.008	-0.3903583
323000	-1557.582	0	-1557.582	-0.3632908
323500	-1541.034	0	-1541.034	-0.1939391
324000	-1534.403	0	-1534.403	-0.1883984
324500	-1573.884	0	-1573.884	0.1815961
325000	-1532.884	0	-1532.884	-0.0305733
325500	-1519.138	0	-1519.138	-0.1022032
326000	-1500.196	0	-1500.196	-0.1296245
326500	-1471.594	0	-1471.594	-0.2544982
327000	-1511.31	0	-1511.31	-0.1954866
327500	-1506.344	0	-1506.344	-0.24469
328000	-1524.753	0	-1524.753	-0.2439163
328500	-1480.78	0	-1480.78	-0.06444183
329000	-1465.987	0	-1465.987	-0.3866596
329500	-1483.38	0	-1483.38	-0.3210686
330000	-1475.908	0	-1475.908	-0.1689897
330500	-1368.536	0	-1368.536	-0.4473938
331000	-1452.098	0	-1452.098	-0.448979
331500	-1573.039	0	-1573.039	-0.2200027
332000	-1529.61	0	-1529.61	-0.2355074
332500	-1464.395	0	-1464.395	-0.2900731
333000	-1519.108	0	-1519.108	-0.3368665
333500	-1450.781	0	-1450.781	-0.3722171
334000	-1559.29	0	-1559.29	-0.4760927
334500	-1542.474	0	-1542.474	-0.3953875
335000	-1547.513	0	-1547.513	-0.231407
335500	-1424.545	0	-1424.545	-0.4247428
336000	-1468.613	0	-1468.613	-0.3441951
336500	-1520.219	0	-1520.219	-0.3922
337000	-1454.265	0	-1454.265	-0.4286994
337500	-1529.346	0	-1529.346	-0.3588835
338000	-1516.206	0	-1516.206	-0.2705607
338500	-1412.8	0	-1412.8	-0.2729153
339000	-1473.276	0	-1473.276	-0.3208111
339500	-1424.952	0	-1424.952	-0.4158244
340000	-1397.822	0	-1397.822	-0.4327092
340500	-1321.924	0	-1321.924	-0.3451533
341000	-1382.43	0	-1382.43	-0.3664368
341500	-1395.592	0	-1395.592	-0.418669
342000	-1392.959	0	-1392.959	-0.3857219
342500	-1358.056	0	-1358.056	-0.362641
343000	-1380.965	0	-1380.965	-0.424263
343500	-1365.816	0	-1365.816	-0.3825112
344000	-1411.503	0	-1411.503	-0.2718691
344500	-1550.935	0	-1550.935	-0.3054443
345000	-1514.696	0	-1514.696	-0.2450663
345500	-1428.442	0	-1428.442	-0.42543
346000	-1346.126	0	-1346.126	-0.4980892
346500	-1352.201	0	-1352.201	-0.5499194
347000	-1376.141	0	-1376.141	-0.5414642
347500	-1478.082	0	-1478.082	-0.5290942
348000	-1396.031	0	-1396.031	-0.6389837
348500	-1387.654	0	-1387.654	-0.5367329
349000	-1375.837	0	-1375.837	-0.5133646
349500	-1379.962	0	-1379.962	-0.4547949
350000	-1517.632	0	-1517.632	-0.4142726
350500	-1418.388	0	-1418.388	-0.3705126
351000	-1389.936	0	-1389.936	-0.502071
351500	-1402.03	0	-1402.03	-0.394158
352000	-1483.999	0	-1483.999	-0.5636264
352500	-1465.07	0	-1465.07	-0.5134781
353000	-1445.935	0	-1445.935	-0.3555362
353500	-1490.583	0	-1490.583	-0.4248595
354000	-1525.976	0	-1525.976	-0.3166989
354500	-1490.878	0	-1490.878	-0.3611881
355000	-1524.436	0	-1524.436	-0.3368481
355500	-1405.964	0	-1405.964	-0.507695
356000	-1403.913	0	-1403.913	-0.4191342
356500	-1459.999	0	-1459.999	-0.1595397
357000	-1346.633	0	-1346.633	-0.2884869
357500	-1428.54	0	-1428.54	-0.4000128
358000	-1444.413	0	-1444.413	-0.185103
358500	-1434.355	0	-1434.355	-0.2286497
359000	-1406.63	0	-1406.63	-0.1389722
359500	-1371.876	0	-1371.876	-0.2075467
360000	-1345.21	0	-1345.21	-0.3099366
360500	-1417.269	0	-1417.269	-0.2434033
361000	-1493.301	0	-1493.301	-0.3116328
361500	-1481.185	0	-1481.185	-0.2370614
362000	-1443.132	0	-1443.132	-0.2943306
362500	-1442.92	0	-1442.92	-0.4380718
363000	-1516.818	0	-1516.818	-0.4622734
363500	-1452.713	0	-1452.713	-0.4218613
364000	-1557.044	0	-1557.044	-0.321601
364500	-1567.234	0	-1567.234	-0.152661
365000	-1593.855	0	-1593.855	-0.08713474
365500	-1587.966	0	-1587.966	-0.06293956
366000	-1542.675	0	-1542.675	-0.3710354
366500	-1572.8	0	-1572.8	-0.4773285
367000	-1507.794	0	-1507.794	-0.4086158
367500	-1567.123	0	-1567.123	-0.4652026
368000	-1561.976	0	-1561.976	-0.3208123
368500	-1570.121	0	-1570.121	-0.3606358
369000	-1454.915	0	-1454.915	-0.3651688
369500	-1488.935	0	-1488.935	-0.3514775
370000	-1481.729	0	-1481.729	-0.3019394
370500	-1504.546	0	-1504.546	-0.1359288
371000	-1447.945	0	-1447.945	-0.233186
371500	-1394.148	0	-1394.148	-0.3920805
372000	-1467.546	0	-1467.546	-0.2431992
372500	-1484.886	0	-1484.886	-0.2417716
373000	-1465.741	0	-1465.741	-0.4116181
373500	-1469.91	0	-1469.91	-0.3676992
374000	-1452.108	0	-1452.108	-0.2467639
374500	-1473.811	0	-1473.811	-0.2087764
375000	-1475.589	0	-1475.589	-0.370545
375500	-1462.17	0	-1462.17	-0.3058903
376000	-1483.027	0	-1483.027	-0.2646867
376500	-1439.007	0	-1439.007	-0.2842854
377000	-1549.672	0	-1549.672	-0.1819879
377500	-1445.452	0	-1445.452	-0.2119242
378000	-1389.344	0	-1389.344	-0.376954
378500	-1469.991	0	-1469.991	-0.5047454
379000	-1484.187	0	-1484.187	-0.4251064
379500	-1451.761	0	-1451.761	-0.4138596
380000	-1486.956	0	-1486.956	-0.31789
380500	-1565.517	0	-1565.517	-0.1715935
381000	-1469.187	0	-1469.187	-0.1836327
381500	-1473.387	0	-1473.387	-0.287698
382000	-1449.656	0	-1449.656	-0.1494515
382500	-1429.244	0	-1429.244	-0.1244957
383000	-1541.186	0	-1541.186	-0.07262859
383500	-1515.743	0	-1515.743	-0.3582654
384000	-1521.284	0	-1521.284	-0.2068996
384500	-1534.343	0	-1534.343	-0.2173164
385000	-1474.32	0	-1474.32	-0.2241077
385500	-1477.466	0	-1477.466	-0.1452973
386000	-1549.43	0	-1549.43	0.1232984
386500	-1557.825	0	-1557.825	-0.1016033
387000	-1522.785	0	-1522.785	-0.2317776
387500	-1520.748	0	-1520.748	-0.1273417
388000	-1529.525	0	-1529.525	-0.2516456
388500	-1574.017	0	-1574.017	-0.02657371
389000	-1483.14	0	-1483.14	-0.1975404
389500	-1476.165	0	-1476.165	-0.1998646
390000	-1464.029	0	-1464.029	-0.3065882
390500	-1471.163	0	-1471.163	-0.2684927
391000	-1510.681	0	-1510.681	-0.3177957
391500	-1509.26	0	-1509.26	-0.3234845
392000	-1441.831	0	-1441.831	-0.1597722
392500	-1517.129	0	-1517.129	-0.2461002
393000	-1470.801	0	-1470.801	-0.2805056
393500	-1496.553	0	-1496.553	-0.2179265
394000	-1500.733	0	-1500.733	-0.1912606
394500	-1527.354	0	-1527.354	-0.2582598
395000	-1550.563	0	-1550.563	-0.3539865
395500	-1455.193	0	-1455.193	-0.4272241
396000	-1441.7	0	-1441.7	-0.478569
396500	-1397.601	0	-1397.601	-0.4889503
397000	-1373.713	0	-1373.713	-0.3096605
397500	-1417.33	0	-1417.33	-0.3998792
398000	-1395.618	0	-1395.618	-0.4699109
398500	-1394.059	0	-1394.059	-0.4967764
399000	-1444.837	0	-1444.837	-0.5393705
399500	-1439.734	0	-1439.734	-0.5336801
400000	-1497.927	0	-1497.927	-0.4811094
400500	-1374.176	0	-1374.176	-0.4829002
401000	-1457.204	0	-1457.204	-0.4211919
401500	-1351.322	0	-1351.322	-0.3958006
402000	-1413.01	0	-1413.01	-0.4145284
402500	-1424.364	0	-1424.364	-0.3595997
403000	-1473.677	0	-1473.677	-0.1929408
403500	-1387.928	0	-1387.928	-0.3303845
404000	-1464.98	0	-1464.98	-0.4037259
404500	-1562.6	0	-1562.6	-0.06892303
405000	-1526.732	0	-1526.732	-0.06991096
405500	-1536.316	0	-1536.316	-0.2029081
406000	-1575.901	0	-1575.901	-0.1006671
406500	-1529.968	0	-1529.968	-0.1741875
407000	-1541.936	0	-1541.936	-0.3524351
407500	-1538.243	0	-1538.243	-0.2969695
408000	-1453.024	0	-1453.024	-0.2409188
408500	-1405.686	0	-1405.686	-0.4895743
409000	-1510.992	0	-1510.992	-0.3374164
409500	-1540.947	0	-1540.947	-0.1364787
410000	-1535.252	0	-1535.252	-0.06405242
410500	-1433.367	0	-1433.367	-0.1880156
411000	-1435.534	0	-1435.534	-0.07814544
411500	-1540.047	0	-1540.047	-0.1805078
412000	-1488.005	0	-1488.005	-0.1270207
412500	-1438.652	0	-1438.652	-0.04760063
413000	-1429.793	0	-1429.793	-0.252335
413500	-1429.972	0	-1429.972	-0.2105642
414000	-1420.574	0	-1420.574	-0.3197114
414500	-1422.78	0	-1422.78	-0.3117391
415000	-1412.076	0	-1412.076	-0.3987571
415500	-1443.433	0	-1443.433	-0.4070823
416000	-1441.947	0	-1441.947	-0.3175828
416500	-1372.498	0	-1372.498	-0.2312851
417000	-1356.459	0	-1356.459	-0.2827682
417500	-1451.577	0	-1451.577	-0.2558298
418000	-1373.699	0	-1373.699	-0.3517872
418500	-1386.996	0	-1386.996	-0.2225756
419000	-1352.238	0	-1352.238	-0.195975
419500	-1388.637	0	-1388.637	-0.172089
420000	-1412.187	0	-1412.187	-0.2528734
420500	-1413.802	0	-1413.802	-0.3055012
421000	-1385.973	0	-1385.973	-0.4767083
421500	-1415.613	0	-1415.613	-0.4558718
422000	-1418.828	0	-1418.828	-0.2166411
422500	-1429.872	0	-1429.872	-0.3100946
423000	-1385.01	0	-1385.01	-0.2470119
423500	-1350.346	0	-1350.346	-0.3007963
424000	-1470.021	0	-1470.021	-0.2181615
424500	-1459.324	0	-1459.324	-0.3260424
425000	-1466.177	0	-1466.177	-0.3217286
425500	-1441.74	0	-1441.74	-0.4123525
426000	-1437.861	0	-1437.861	-0.3931014
426500	-1449.464	0	-1449.464	-0.4381968
427000	-1524.737	0	-1524.737	-0.3763028
427500	-1473.501	0	-1473.501	-0.2277488
428000	-1541.803	0	-1541.803	-0.07727331
428500	-1535.347	0	-1535.347	-0.39583
429000	-1549.191	0	-1549.191	-0.2106201
429500	-1483.677	0	-1483.677	-0.2586179
430000	-1480.282	0	-1480.282	-0.2670114
430500	-1459.475	0	-1459.475	-0.1113282
431000	-1514.653	0	-1514.653	-0.2007929
431500	-1556.338	0	-1556.338	-0.0398551
432000	-1508.652	0	-1508.652	-0.3049618
432500	-1429.484	0	-1429.484	-0.463314
433000	-1445.857	0	-1445.857	-0.3301747
433500	-1429.622	0	-1429.622	-0.4964611
434000	-1404.35	0	-1404.35	-0.4586524
434500	-1366.707	0	-1366.707	-0.4783265
435000	-1451.861	0	-1451.861	-0.467712
435500	-1425.777	0	-1425.777	-0.3685509
436000	-1329.117	0	-1329.117	-0.3367396
436500	-1416.301	0	-1416.301	-0.3051242
437000	-1373.922	0	-1373.922	-0.4438621
437500	-1341.802	0	-1341.802	-0.3395453
438000	-1453.619	0	-1453.619	-0.3451125
438500	-1408.817	0	-1408.817	-0.2982899
439000	-1403.46	0	-1403.46	-0.3826719
439500	-1445.012	0	-1445.012	-0.191463
440000	-1471.221	0	-1471.221	-0.3292765
440500	-1487.242	0	-1487.242	-0.4280337
441000	-1479.883	0	-1479.883	-0.2931197
441500	-1468.38	0	-1468.38	-0.3914782
442000	-1390.052	0	-1390.052	-0.3984561
442500	-1383.38	0	-1383.38	-0.3209899
443000	-1494.96	0	-1494.96	-0.3559196
443500	-1480.169	0	-1480.169	-0.2592655
444000	-1538.775	0	-1538.775	-0.5239923
444500	-1469.688	0	-1469.688	-0.3658464
445000	-1418.479	0	-1418.479	-0.3573831
445500	-1478.156	0	-1478.156	-0.327408
446000	-1424.709	0	-1424.709	-0.2869298
446500	-1484.943	0	-1484.943	-0.01237734
447000	-1501.748	0	-1501.748	-0.2864336
447500	-1504.799	0	-1504.799	-0.2472837
448000	-1559.505	0	-1559.505	-0.2184834
448500	-1545.706	0	-1545.706	-0.07153458
449000	-1457.149	0	-1457.149	-0.2336392
449500	-1362.365	0	-1362.365	-0.3083095
450000	-1372.12	0	-1372.12	-0.4555321
450500	-1350.703	0	-1350.703	-0.4553824
451000	-1416.655	0	-1416.655	-0.5603526
451500	-1459.082	0	-1459.082	-0.5219527
452000	-1304.826	0	-1304.826	-0.6366088
452500	-1308.596	0	-1308.596	-0.6518697
453000	-1249.251	0	-1249.251	-0.6073834
453500	-1243.19	0	-1243.19	-0.4677276
454000	-1299.336	0	-1299.336	-0.4033918
454500	-1445.274	0	-1445.274	-0.3649598
455000	-1392.566	0	-1392.566	-0.398386
455500	-1487.817	0	-1487.817	-0.3385977
456000	-1481.406	0	-1481.406	-0.309524
456500	-1467.194	0	-1467.194	-0.2463989
457000	-1421.116	0	-1421.116	-0.3917974
457500	-1421.93	0	-1421.93	-0.2564869
458000	-1372.732	0	-1372.732	-0.1702058
458500	-1430.455	0	-1430.455	-0.1606114
459000	-1383.538	0	-1383.538	-0.4218986
459500	-1395.743	0	-1395.743	-0.4172893
460000	-1519.166	0	-1519.166	-0.3692475
460500	-1444.401	0	-1444.401	-0.3904667
461000	-1384.258	0	-1384.258	-0.386029
461500	-1358.153	0	-1358.153	-0.5237086
462000	-1319.177	0	-1319.177	-0.4231978
462500	-1306.289	0	-1306.289	-0.4555764
463000	-1206.979	0	-1206.979	-0.5560521
463500	-1229	0	-1229	-0.5393274
464000	-1255.135	0	-1255.135	-0.5688867
464500	-1283.935	0	-1283.935	-0.5454709
465000	-1369.544	0	-1369.544	-0.5030829
465500	-1263.398	0	-1263.398	-0.4253253
466000	-1302.19	0	-1302.19	-0.2876938
466500	-1266.407	0	-1266.407	-0.3178776
467000	-1141.722	0	-1141.722	-0.328111
467500	-1144.359	0	-1144.359	-0.3271673
468000	-1199.009	0	-1199.009	-0.2984962
468500	-1227.298	0	-1227.298	-0.2925572
469000	-1326.524	0	-1326.524	-0.244156
469500	-1237.908	0	-1237.908	-0.296878
470000	-1313.394	0	-1313.394	-0.4535053
470500	-1290.429	0	-1290.429	-0.4642497
471000	-1308.38	0	-1308.38	-0.4755361
471500	-1296.619	0	-1296.619	-0.4066302
472000	-1406.531	0	-1406.531	-0.4202372
472500	-1392.056	0	-1392.056	-0.611105
473000	-1291.654	0	-1291.654	-0.5086255
473500	-1290.289	0	-1290.289	-0.4269979
474000	-1377.575	0	-1377.575	-0.3539242
474500	-1368.634	0	-1368.634	-0.5446222
475000	-1466.107	0	-1466.107	-0.3320955
475500	-1411.526	0	-1411.526	-0.3327952
476000	-1365.127	0	-1365.127	-0.3636084
476500	-1322.994	0	-1322.994	-0.2806132
477000	-1345.478	0	-1345.478	-0.350268
477500	-1326.412	0	-1326.412	-0.3685165
478000	-1353.652	0	-1353.652	-0.4555943
478500	-1324.072	0	-1324.072	-0.2633486
479000	-1346.524	0	-1346.524	-0.09205778
479500	-1487.445	0	-1487.445	-0.1793321
480000	-1326.309	0	-1326.309	-0.3992539
480500	-1312.863	0	-1312.863	-0.2770604
481000	-1344.13	0	-1344.13	-0.283389
481500	-1394.193	0	-1394.193	-0.2623603
482000	-1468.104	0	-1468.104	-0.3632872
482500	-1510.343	0	-1510.343	-0.04594227
483000	-1458.32	0	-1458.32	-0.109666
483500	-1436.874	0	-1436.874	-0.110812
484000	-1494.55	0	-1494.55	-0.1675916
484500	-1479.046	0	-1479.046	-0.127421
485000	-1444.797	0	-1444.797	-0.155465
485500	-1474.618	0	-1474.618	-0.2912375
486000	-1442.822	0	-1442.822	-0.2092463
486500	-1383.484	0	-1383.484	-0.2886617
487000	-1428.533	0	-1428.533	-0.3905724
487500	-1498.766	0	-1498.766	-0.3517877
488000	-1491.808	0	-1491.808	-0.51986
488500	-1489.604	0	-1489.604	-0.2401949
489000	-1471.7	0	-1471.7	-0.4243634
489500	-1461.788	0	-1461.788	-0.3416596
490000	-1407.516	0	-1407.516	-0.3518321
490500	-1480.696	0	-1480.696	-0.3226977
491000	-1446.55	0	-1446.55	-0.433417
491500	-1429.322	0	-1429.322	-0.4859884
492000	-1480.305	0	-1480.305	-0.4679117
492500	-1453.232	0	-1453.232	-0.5013214
493000	-1435.105	0	-1435.105	-0.5457423
493500	-1536.133	0	-1536.133	-0.5449615
494000	-1569.147	0	-1569.147	-0.2451922
494500	-1508.328	0	-1508.328	-0.3131484
495000	-1447.885	0	-1447.885	-0.3659057
495500	-1412.029	0	-1412.029	-0.2332954
496000	-1394.099	0	-1394.099	-0.3866122
496500	-1463.116	0	-1463.116	-0.1082062
497000	-1455.629	0	-1455.629	-0.2177804
497500	-1416.416	0	-1416.416	-0.2236485
498000	-1543.841	0	-1543.841	-0.2293701
498500	-1484.347	0	-1484.347	-0.3793134
499000	-1457.955	0	-1457.955	-0.3103402
499500	-1460.67	0	-1460.67	-0.3079577
500000	-1387.144	0	-1387.144	-0.3767396
500500	-1365.048	0	-1365.048	-0.3648955
501000	-1391.917	0	-1391.917	-0.3758977
501500	-1373.144	0	-1373.144	-0.4222139
502000	-1447.385	0	-1447.385	-0.258898
502500	-1455.573	0	-1455.573	-0.3979885
503000	-1394.883	0	-1394.883	-0.2792886
503500	-1404.253	0	-1404.253	-0.4234962
504000	-1424.604	0	-1424.604	-0.2279424
504500	-1349.773	0	-1349.773	-0.08503664
505000	-1399.08	0	-1399.08	-0.1274152
505500	-1395.038	0	-1395.038	-0.1814947
506000	-1374.947	0	-1374.947	-0.08987961
506500	-1383.645	0	-1383.645	-0.1725873
507000	-1330.995	0	-1330.995	-0.2332463
507500	-1393.305	0	-1393.305	-0.2185271
508000	-1255.511	0	-1255.511	-0.2126137
508500	-1333.968	0	-1333.968	-0.2574093
509000	-1426.576	0	-1426.576	-0.3828931
509500	-1488.752	0	-1488.752	-0.1664134
510000	-1455.951	0	-1455.951	-0.3116458
510500	-1475.382	0	-1475.382	-0.3671098
511000	-1473.986	0	-1473.986	-0.1696121
511500	-1461.519	0	-1461.519	-0.3157785
512000	-1474.813	0	-1474.813	-0.2603549
512500	-1461.225	0	-1461.225	-0.3134826
513000	-1339.428	0	-1339.428	-0.2395684
513500	-1378.407	0	-1378.407	-0.2857243
514000	-1292.374	0	-1292.374	-0.3682155
514500	-1394.928	0	-1394.928	-0.40814
515000	-1370.045	0	-1370.045	-0.3356854
515500	-1367.541	0	-1367.541	-0.4144498
516000	-1411.394	0	-1411.394	-0.4905133
516500	-1393.19	0	-1393.19	-0.2491879
517000	-1428.993	0	-1428.993	-0.3739752
517500	-1332.331	0	-1332.331	-0.393769
518000	-1315.421	0	-1315.421	-0.3431531
518500	-1272.422	0	-1272.422	-0.298192
519000	-1331.255	0	-1331.255	-0.3609233
519500	-1344.668	0	-1344.668	-0.409114
520000	-1417.982	0	-1417.982	-0.3991422
520500	-1407.3	0	-1407.3	-0.4269031
521000	-1508.014	0	-1508.014	-0.1849622
521500	-1492.922	0	-1492.922	-0.229953
522000	-1514.275	0	-1514.275	-0.2652583
522500	-1567.618	0	-1567.618	-0.2625615
523000	-1509.589	0	-1509.589	-0.3360895
523500	-1442.741	0	-1442.741	-0.2200963
524000	-1505.531	0	-1505.531	-0.2311617
524500	-1574.678	0	-1574.678	-0.3393218
525000	-1552.19	0	-1552.19	-0.2357682
525500	-1563.157	0	-1563.157	0.02779032
526000	-1468.443	0	-1468.443	-0.2427378
526500	-1455.44	0	-1455.44	-0.3361143
527000	-1473.661	0	-1473.661	-0.400658
527500	-1436.658	0	-1436.658	-0.4308746
528000	-1459.082	0	-1459.082	-0.4605288
528500	-1477.105	0	-1477.105	-0.516721
529000	-1376.663	0	-1376.663	-0.4990219
529500	-1417.491	0	-1417.491	-0.5768973
530000	-1394.236	0	-1394.236	-0.4983441
530500	-1461.708	0	-1461.708	-0.3991692
531000	-1522.243	0	-1522.243	-0.2286119
531500	-1479.887	0	-1479.887	-0.491388
532000	-1482.798	0	-1482.798	-0.5043674
532500	-1514.452	0	-1514.452	-0.2773362
533000	-1557.189	0	-1557.189	-0.2215378
533500	-1583.677	0	-1583.677	-0.3405366
534000	-1529.42	0	-1529.42	-0.281538
534500	-1486.813	0	-1486.813	-0.2921576
535000	-1514.286	0	-1514.286	-0.4254336
535500	-1497.035	0	-1497.035	-0.4176343
536000	-1476.207	0	-1476.207	-0.2584639
536500	-1484.761	0	-1484.761	-0.4346147
537000	-1499.571	0	-1499.571	-0.4180069
537500	-1553.965	0	-1553.965	-0.4388859
538000	-1487.702	0	-1487.702	-0.4575001
538500	-1522.655	0	-1522.655	-0.3602456
539000	-1425.978	0	-1425.978	-0.4486753
539500	-1439.435	0	-1439.435	-0.3523776
540000	-1326.673	0	-1326.673	-0.3447653
540500	-1378.817	0	-1378.817	-0.4447817
541000	-1527.602	0	-1527.602	-0.244888
541500	-1391.873	0	-1391.873	-0.3831661
542000	-1346.372	0	-1346.372	-0.3398149
542500	-1366.127	0	-1366.127	-0.3226976
543000	-1340.424	0	-1340.424	-0.3640714
543500	-1348.952	0	-1348.952	-0.5373075
544000	-1405.559	0	-1405.559	-0.4899914
544500	-1410.013	0	-1410.013	-0.5576861
545000	-1470.4	0	-1470.4	-0.2632903
545500	-1435.914	0	-1435.914	-0.2677934
546000	-1499.398	0	-1499.398	-0.320887
546500	-1404.409	0	-1404.409	-0.2546735
547000	-1423.14	0	-1423.14	-0.3066118
547500	-1407.353	0	-1407.353	-0.4091571
548000	-1378.313	0	-1378.313	-0.3507229
548500	-1371.125	0	-1371.125	-0.3554215
549000	-1399.347	0	-1399.347	-0.3895984
549500	-1502.98	0	-1502.98	-0.3059884
550000	-1420.402	0	-1420.402	-0.3358858
550500	-1449.549	0	-1449.549	-0.276515
551000	-1461.892	0	-1461.892	-0.4754172
551500	-1422.205	0	-1422.205	-0.3750516
552000	-1451.749	0	-1451.749	-0.2902058
552500	-1333.87	0	-1333.87	-0.109036
553000	-1407.465	0	-1407.465	-0.1611231
553500	-1489.353	0	-1489.353	-0.2175899
554000	-1405.278	0	-1405.278	-0.3811224
554500	-1361.859	0	-1361.859	-0.2366822
555000	-1451.249	0	-1451.249	-0.3691406
555500	-1477.539	0	-1477.539	-0.4173857
556000	-1442.912	0	-1442.912	-0.3387362
556500	-1433.156	0	-1433.156	-0.3463137
557000	-1383.097	0	-1383.097	-0.4434011
557500	-1346.001	0	-1346.001	-0.4419705
558000	-1393.341	0	-1393.341	-0.3773034
558500	-1348.132	0	-1348.132	-0.3579513
559000	-1248.363	0	-1248.363	-0.4130522
559500	-1332.52	0	-1332.52	-0.2803272
560000	-1353.952	0	-1353.952	-0.2430756
560500	-1366.195	0	-1366.195	-0.2491369
561000	-1456.669	0	-1456.669	-0.08923339
561500	-1387.494	0	-1387.494	-0.2565284
562000	-1360.568	0	-1360.568	-0.2825213
562500	-1432.624	0	-1432.624	-0.3814766
563000	-1458.822	0	-1458.822	-0.4202329
563500	-1389.915	0	-1389.915	-0.4876637
564000	-1407.04	0	-1407.04	-0.3183199
564500	-1427.937	0	-1427.937	-0.3671835
565000	-1383	0	-1383	-0.400524
565500	-1325.302	0	-1325.302	-0.3201936
566000	-1357.132	0	-1357.132	-0.4382684
566500	-1325.206	0	-1325.206	-0.4423406
567000	-1306.295	0	-1306.295	-0.3932316
567500	-1274.965	0	-1274.965	-0.3887288
568000	-1350.03	0	-1350.03	-0.3146024
568500	-1283.07	0	-1283.07	-0.2184744
569000	-1222.641	0	-1222.641	-0.2625584
569500	-1297.563	0	-1297.563	-0.3804043
570000	-1340.186	0	-1340.186	-0.352582
570500	-1422.348	0	-1422.348	-0.3364677
571000	-1425.429	0	-1425.429	-0.4800274
571500	-1358.783	0	-1358.783	-0.4701125
572000	-1268.786	0	-1268.786	-0.5560709
572500	-1342.445	0	-1342.445	-0.4966775
573000	-1395.593	0	-1395.593	-0.4406545
573500	-1487.532	0	-1487.532	-0.388516
574000	-1549.789	0	-1549.789	-0.2018264
574500	-1522.056	0	-1522.056	-0.4978515
575000	-1466.133	0	-1466.133	-0.3367174
575500	-1449.858	0	-1449.858	-0.3688901
576000	-1399.529	0	-1399.529	-0.3379211
576500	-1334.577	0	-1334.577	-0.3498713
577000	-1476.226	0	-1476.226	-0.3027112
577500	-1438.372	0	-1438.372	-0.3331364
578000	-1447.395	0	-1447.395	-0.2543966
578500	-1393.378	0	-1393.378	-0.2878999
579000	-1391.143	0	-1391.143	-0.1808047
579500	-1395.484	0	-1395.484	-0.1887035
580000	-1422.998	0	-1422.998	-0.3301373
580500	-1429.03	0	-1429.03	-0.2485127
581000	-1455.147	0	-1455.147	-0.3591757
581500	-1491.409	0	-1491.409	-0.3147545
582000	-1507.464	0	-1507.464	-0.4396079
582500	-1484.38	0	-1484.38	-0.3604228
583000	-1558.23	0	-1558.23	-0.415846
583500	-1548.385	0	-1548.385	-0.4783798
584000	-1591.142	0	-1591.142	-0.2730775
584500	-1505.686	0	-1505.686	-0.3992515
585000	-1554.755	0	-1554.755	-0.362336
585500	-1471.594	0	-1471.594	-0.4450238
586000	-1500.161	0	-1500.161	-0.5923909
586500	-1429.389	0	-1429.389	-0.4664964
587000	-1467.398	0	-1467.398	-0.4979944
587500	-1434.863	0	-1434.863	-0.4237067
588000	-1509.924	0	-1509.924	-0.3400283
588500	-1495.188	0	-1495.188	-0.1702792
589000	-1514.506	0	-1514.506	-0.2876822
589500	-1455.666	0	-1455.666	-0.3623734
590000	-1493.17	0	-1493.17	-0.2005092
590500	-1495.682	0	-1495.682	-0.264047
591000	-1613.024	0	-1613.024	-0.1053727
591500	-1492.793	0	-1492.793	-0.1357903
592000	-1542.146	0	-1542.146	-0.1842459
592500	-1582.875	0	-1582.875	-0.3142835
593000	-1448.865	0	-1448.865	-0.4443501
593500	-1511.653	0	-1511.653	-0.389825
594000	-1537.157	0	-1537.157	-0.3597154
594500	-1471.621	0	-1471.621	-0.2322512
595000	-1581.275	0	-1581.275	-0.129378
595500	-1643.2	0	-1643.2	0.04794064
596000	-1606.801	0	-1606.801	-0.2260732
596500	-1579.175	0	-1579.175	-0.3122805
597000	-1536.742	0	-1536.742	-0.3075749
597500	-1560.238	0	-1560.238	-0.1969464
598000	-1583.56	0	-1583.56	-0.248536
598500	-1520.981	0	-1520.981	-0.3034392
599000	-1555.483	0	-1555.483	-0.3233128
599500	-1551.297	0	-1551.297	-0.2695946
600000	-1624.938	0	-1624.938	-0.2002888
600500	-1569.458	0	-1569.458	-0.1674136
601000	-1565.198	0	-1565.198	-0.2849354
601500	-1604.955	0	-1604.955	-0.4379393
602000	-1609.058	0	-1609.058	-0.4058853
602500	-1562.675	0	-1562.675	-0.3995085
603000	-1604.473	0	-1604.473	-0.1900403
603500	-1489.222	0	-1489.222	-0.233176
604000	-1493.866	0	-1493.866	-0.2877065
604500	-1463.974	0	-1463.974	-0.4020456
605000	-1489.949	0	-1489.949	-0.1803989
605500	-1458.761	0	-1458.761	-0.294508
606000	-1472.324	0	-1472.324	-0.1669098
606500	-1449.587	0	-1449.587	-0.1652515
607000	-1442.313	0	-1442.313	-0.2829637
607500	-1450.306	0	-1450.306	-0.1058564
608000	-1441.413	0	-1441.413	-0.136607
608500	-1436.332	0	-1436.332	-0.1619169
609000	-1451.646	0	-1451.646	-0.4189159
609500	-1535.827	0	-1535.827	-0.2641388
610000	-1517.939	0	-1517.939	-0.03153165
610500	-1464.241	0	-1464.241	-0.4465366
611000	-1472.845	0	-1472.845	-0.397309
611500	-1457.399	0	-1457.399	-0.3938269
612000	-1488.353	0	-1488.353	-0.4018511
612500	-1508.068	0	-1508.068	-0.4417929
613000	-1615.667	0	-1615.667	-0.277096
613500	-1564.555	0	-1564.555	-0.2372442
614000	-1513.668	0	-1513.668	-0.2651715
614500	-1534.658	0	-1534.658	-0.1048358
615000	-1601.507	0	-1601.507	-0.1225969
615500	-1554.283	0	-1554.283	-0.09680636
616000	-1492.082	0	-1492.082	-0.02810366
616500	-1482.055	0	-1482.055	-0.02119895
617000	-1475.764	0	-1475.764	-0.1019133
617500	-1454.573	0	-1454.573	-0.08233309
618000	-1462.257	0	-1462.257	-0.1783788
618500	-1428.446	0	-1428.446	-0.01606817
619000	-1415.417	0	-1415.417	-0.08683857
619500	-1407.57	0	-1407.57	-0.1507627
620000	-1461.564	0	-1461.564	-0.1869819
620500	-1496.622	0	-1496.622	-0.04287601
621000	-1413.222	0	-1413.222	-0.3811491
621500	-1420.766	0	-1420.766	-0.4175411
622000	-1446.043	0	-1446.043	-0.4533435
622500	-1451.891	0	-1451.891	-0.3608743
623000	-1469.496	0	-1469.496	-0.23077
623500	-1408.722	0	-1408.722	-0.3889341
624000	-1401.465	0	-1401.465	-0.5050979
624500	-1480.911	0	-1480.911	-0.2833819
625000	-1424.121	0	-1424.121	-0.2559149
625500	-1354.779	0	-1354.779	-0.3740598
626000	-1452.108	0	-1452.108	-0.224601
626500	-1361.629	0	-1361.629	-0.1899512
627000	-1399.678	0	-1399.678	-0.2307465
627500	-1287.815	0	-1287.815	-0.3369197
628000	-1434.889	0	-1434.889	-0.3504205
628500	-1400.228	0	-1400.228	-0.3011129
629000	-1471.066	0	-1471.066	-0.2134435
629500	-1456.772	0	-1456.772	-0.2682456
630000	-1488.579	0	-1488.579	-0.1043957
630500	-1472.483	0	-1472.483	-0.1853164
631000	-1542.723	0	-1542.723	-0.2359192
631500	-1454.968	0	-1454.968	-0.4184806
632000	-1493.862	0	-1493.862	-0.4091443
632500	-1507.049	0	-1507.049	-0.2052234
633000	-1529.309	0	-1529.309	-0.1665947
633500	-1453.612	0	-1453.612	-0.3004146
634000	-1527.005	0	-1527.005	-0.06038761
634500	-1449.783	0	-1449.783	-0.385865
635000	-1463.596	0	-1463.596	-0.382922
635500	-1475.265	0	-1475.265	-0.1751831
636000	-1498.479	0	-1498.479	-0.3568447
636500	-1450.877	0	-1450.877	-0.2392804
637000	-1540.154	0	-1540.154	-0.2634203
637500	-1477.405	0	-1477.405	-0.4347955
638000	-1427.073	0	-1427.073	-0.4389181
638500	-1489.692	0	-1489.692	-0.339928
639000	-1528.795	0	-1528.795	-0.1108244
639500	-1474.717	0	-1474.717	-0.3965614
640000	-1554.391	0	-1554.391	-0.2264586
640500	-1525.371	0	-1525.371	-0.1689906
641000	-1548.156	0	-1548.156	-0.3394683
641500	-1580.336	0	-1580.336	-0.3225314
642000	-1558.663	0	-1558.663	-0.1235864
642500	-1559.771	0	-1559.771	-0.4664193
643000	-1548.15	0	-1548.15	-0.4980793
643500	-1531.781	0	-1531.781	-0.4384601
644000	-1501.372	0	-1501.372	-0.4022631
644500	-1519.98	0	-1519.98	-0.357573
645000	-1522.014	0	-1522.014	-0.3667937
645500	-1521.48	0	-1521.48	-0.06020881
646000	-1515.534	0	-1515.534	-0.1984019
646500	-1534.742	0	-1534.742	-0.163741
647000	-1491.356	0	-1491.356	-0.1112486
647500	-1423.277	0	-1423.277	0.01570618
648000	-1537.112	0	-1537.112	-0.2761782
648500	-1555.47	0	-1555.47	-0.1931179
649000	-1485.153	0	-1485.153	-0.1085165
649500	-1573.877	0	-1573.877	-0.154149
650000	-1596.676	0	-1596.676	-0.2509834
650500	-1590.284	0	-1590.284	-0.2170808
651000	-1484.146	0	-1484.146	-0.3022974
651500	-1530.079	0	-1530.079	-0.3845918
652000	-1610.398	0	-1610.398	-0.3692069
652500	-1410.758	0	-1410.758	-0.3097491
653000	-1454.813	0	-1454.813	-0.2843217
653500	-1446.592	0	-1446.592	-0.1003457
654000	-1548.768	0	-1548.768	-0.147841
654500	-1492.283	0	-1492.283	-0.1892595
655000	-1472.595	0	-1472.595	-0.09718188
655500	-1501.118	0	-1501.118	-0.2360254
656000	-1510.073	0	-1510.073	-0.1920995
656500	-1423.806	0	-1423.806	-0.2011268
657000	-1406.388	0	-1406.388	-0.1982119
657500	-1443.212	0	-1443.212	-0.279735
658000	-1488.312	0	-1488.312	-0.1102024
658500	-1559.555	0	-1559.555	0.01870921
659000	-1419.638	0	-1419.638	-0.1626315
659500	-1407.063	0	-1407.063	-0.5024026
660000	-1511.625	0	-1511.625	-0.290603
660500	-1498.076	0	-1498.076	-0.392896
661000	-1517.21	0	-1517.21	-0.3718063
661500	-1532.247	0	-1532.247	-0.3591523
662000	-1534.643	0	-1534.643	-0.139714
662500	-1516.377	0	-1516.377	-0.1976979
663000	-1501.969	0	-1501.969	-0.1444536
663500	-1589.538	0	-1589.538	-0.1066665
664000	-1570.111	0	-1570.111	-0.1373619
664500	-1527.957	0	-1527.957	-0.263244
665000	-1585.798	0	-1585.798	-0.2313308
665500	-1525.06	0	-1525.06	-0.05192736
666000	-1526.755	0	-1526.755	-0.1910515
666500	-1522.914	0	-1522.914	-0.1645505
667000	-1542.449	0	-1542.449	-0.3089746
667500	-1587.292	0	-1587.292	-0.07338889
668000	-1529.871	0	-1529.871	-0.3252818
668500	-1532.284	0	-1532.284	-0.2289537
669000	-1581.841	0	-1581.841	-0.3143706
669500	-1484.22	0	-1484.22	-0.2698127
670000	-1519.449	0	-1519.449	-0.2736428
670500	-1534.283	0	-1534.283	-0.2875759
671000	-1565.79	0	-1565.79	-0.02008534
671500	-1527.618	0	-1527.618	-0.1264695
672000	-1494.801	0	-1494.801	-0.02344071
672500	-1518.608	0	-1518.608	-0.0946721
673000	-1544.445	0	-1544.445	-0.1186571
673500	-1563.552	0	-1563.552	-0.2473954
674000	-1557.663	0	-1557.663	-0.1016529
674500	-1445.645	0	-1445.645	-0.3223316
675000	-1466.349	0	-1466.349	-0.3884191
675500	-1469.117	0	-1469.117	-0.4401549
676000	-1482.837	0	-1482.837	-0.1802359
676500	-1522.697	0	-1522.697	-0.1265225
677000	-1586.971	0	-1586.971	-0.2074022
677500	-1567.014	0	-1567.014	-0.1731505
678000	-1504.865	0	-1504.865	-0.2415042
678500	-1566.487	0	-1566.487	-0.1615223
679000	-1555.47	0	-1555.47	-0.1934405
679500	-1594.971	0	-1594.971	-0.2422433
680000	-1634.672	0	-1634.672	-0.1278222
680500	-1555.33	0	-1555.33	-0.4217566
681000	-1622.358	0	-1622.358	-0.321402
681500	-1630.517	0	-1630.517	-0.3639095
682000	-1584.694	0	-1584.694	-0.2497502
682500	-1494.398	0	-1494.398	-0.4002294
683000	-1605.918	0	-1605.918	-0.2022968
683500	-1602.151	0	-1602.151	-0.2733508
684000	-1520.371	0	-1520.371	-0.3599785
684500	-1568.18	0	-1568.18	-0.2548581
685000	-1618.84	0	-1618.84	-0.3146004
685500	-1539.041	0	-1539.041	-0.3061385
686000	-1456.827	0	-1456.827	-0.3818133
686500	-1500.003	0	-1500.003	-0.3505543
687000	-1536.113	0	-1536.113	-0.4246906
687500	-1509.596	0	-1509.596	-0.4455802
688000	-1535.984	0	-1535.984	-0.4457728
688500	-1554.072	0	-1554.072	-0.2366505
689000	-1466.368	0	-1466.368	-0.2057994
689500	-1452.926	0	-1452.926	-0.4772217
690000	-1512.059	0	-1512.059	-0.471351
690500	-1522.936	0	-1522.936	-0.3571482
691000	-1556.125	0	-1556.125	-0.3406731
691500	-1555.177	0	-1555.177	-0.219237
692000	-1547.754	0	-1547.754	-0.3193953
692500	-1526.108	0	-1526.108	-0.4000711
693000	-1492.619	0	-1492.619	-0.1973122
693500	-1484.645	0	-1484.645	-0.3128437
694000	-1399.793	0	-1399.793	-0.1671278
694500	-1407.597	0	-1407.597	-0.1543733
695000	-1441.382	0	-1441.382	-0.3259716
695500	-1460.336	0	-1460.336	-0.1762806
696000	-1440.824	0	-1440.824	0.02839871
696500	-1458.752	0	-1458.752	-0.1348578
697000	-1555.072	0	-1555.072	-0.2913264
697500	-1598.295	0	-1598.295	-0.3335381
698000	-1577.018	0	-1577.018	-0.2361176
698500	-1583.137	0	-1583.137	-0.3200056
699000	-1536.911	0	-1536.911	-0.3638464
699500	-1498.221	0	-1498.221	-0.3278047
700000	-1535.32	0	-1535.32	-0.2645484
700500	-1536.155	0	-1536.155	-0.1425742
701000	-1542.9	0	-1542.9	-0.3914514
701500	-1499.611	0	-1499.611	-0.2710696
702000	-1513.401	0	-1513.401	-0.1599274
702500	-1589.498	0	-1589.498	0.02220578
703000	-1524.612	0	-1524.612	-0.309534
703500	-1546.146	0	-1546.146	-0.1388957
704000	-1529.057	0	-1529.057	-0.3104436
704500	-1541.764	0	-1541.764	-0.2126386
705000	-1547.383	0	-1547.383	-0.1714851
705500	-1555.57	0	-1555.57	-0.1860473
706000	-1439.329	0	-1439.329	-0.2451732
706500	-1573.765	0	-1573.765	-0.218154
707000	-1505.845	0	-1505.845	-0.1357987
707500	-1493.592	0	-1493.592	-0.2692728
708000	-1453.772	0	-1453.772	-0.3576343
708500	-1560.032	0	-1560.032	-0.1515833
709000	-1571.903	0	-1571.903	-0.2840875
709500	-1551.638	0	-1551.638	-0.3156367
710000	-1587.173	0	-1587.173	-0.1805356
710500	-1502.496	0	-1502.496	-0.4919637
711000	-1551.459	0	-1551.459	-0.3774957
711500	-1477.763	0	-1477.763	-0.4912715
712000	-1518.62	0	-1518.62	-0.187349
712500	-1496.812	0	-1496.812	-0.2823553
713000	-1504.133	0	-1504.133	-0.1360847
713500	-1452.974	0	-1452.974	-0.3331836
714000	-1498.451	0	-1498.451	-0.3918933
714500	-1481.711	0	-1481.711	-0.318102
715000	-1484.227	0	-1484.227	-0.235497
715500	-1470.737	0	-1470.737	-0.1422378
716000	-1469.077	0	-1469.077	-0.324412
716500	-1394.628	0	-1394.628	-0.4249541
717000	-1480.491	0	-1480.491	-0.2012822
717500	-1508.965	0	-1508.965	-0.07596356
718000	-1470.287	0	-1470.287	-0.2543172
718500	-1493.044	0	-1493.044	-0.228276
719000	-1524.506	0	-1524.506	-0.2563258
719500	-1434.028	0	-1434.028	-0.2760285
720000	-1473.06	0	-1473.06	-0.2319128
720500	-1478.158	0	-1478.158	-0.2328281
721000	-1536.526	0	-1536.526	-0.1771419
721500	-1478.025	0	-1478.025	-0.04246966
722000	-1374.781	0	-1374.781	-0.09040192
722500	-1378.912	0	-1378.912	-0.1699749
723000	-1454.238	0	-1454.238	-0.2722118
723500	-1462.146	0	-1462.146	-0.3776494
724000	-1518.727	0	-1518.727	-0.4698947
724500	-1549.893	0	-1549.893	-0.2806465
725000	-1521.884	0	-1521.884	-0.5013829
725500	-1521.782	0	-1521.782	-0.5002316
726000	-1511.474	0	-1511.474	-0.4284068
726500	-1488.694	0	-1488.694	-0.562272
727000	-1465.822	0	-1465.822	-0.4534918
727500	-1474.178	0	-1474.178	-0.3813219
728000	-1473.78	0	-1473.78	-0.2141315
728500	-1540.964	0	-1540.964	-0.2782983
729000	-1459.057	0	-1459.057	-0.4275649
729500	-1474.337	0	-1474.337	-0.4787104
730000	-1511.204	0	-1511.204	-0.3915327
730500	-1517.737	0	-1517.737	-0.510824
731000	-1495.386	0	-1495.386	-0.5766628
731500	-1448.974	0	-1448.974	-0.5886168
732000	-1477.207	0	-1477.207	-0.4516993
732500	-1560.885	0	-1560.885	-0.3514923
733000	-1509.212	0	-1509.212	-0.4909248
733500	-1476.568	0	-1476.568	-0.4324411
734000	-1456.751	0	-1456.751	-0.3241155
734500	-1470.714	0	-1470.714	-0.2935934
735000	-1492.021	0	-1492.021	-0.3419586
735500	-1503.333	0	-1503.333	-0.4898315
736000	-1567.326	0	-1567.326	-0.3523683
736500	-1457.067	0	-1457.067	-0.34094
737000	-1501.573	0	-1501.573	-0.2007565
737500	-1533.394	0	-1533.394	-0.2501207
738000	-1453.14	0	-1453.14	-0.2933666
738500	-1446.718	0	-1446.718	-0.2207473
739000	-1409.019	0	-1409.019	-0.3228158
739500	-1502.624	0	-1502.624	-0.2631142
740000	-1511.416	0	-1511.416	-0.2636269
740500	-1471.269	0	-1471.269	-0.3003016
741000	-1535.001	0	-1535.001	-0.440244
741500	-1552.657	0	-1552.657	-0.348008
742000	-1561.582	0	-1561.582	-0.3548542
742500	-1470.514	0	-1470.514	-0.2362573
743000	-1630.011	0	-1630.011	-0.2808469
743500	-1589.88	0	-1589.88	-0.2068568
744000	-1540.64	0	-1540.64	-0.2943238
744500	-1475.861	0	-1475.861	-0.2733271
745000	-1539.955	0	-1539.955	-0.1722712
745500	-1535.356	0	-1535.356	-0.2100419
746000	-1461.127	0	-1461.127	-0.3233074
746500	-1528.337	0	-1528.337	-0.1920203
747000	-1550.044	0	-1550.044	-0.2729165
747500	-1518.387	0	-1518.387	-0.3456042
748000	-1488.08	0	-1488.08	-0.4807701
748500	-1491.623	0	-1491.623	-0.3160369
749000	-1506.044	0	-1506.044	-0.3588467
749500	-1554.274	0	-1554.274	-0.2405861
750000	-1485.665	0	-1485.665	-0.2676973
750500	-1596.536	0	-1596.536	-0.1567595
751000	-1496.843	0	-1496.843	-0.113138
751500	-1513.25	0	-1513.25	-0.09506264
752000	-1514.478	0	-1514.478	-0.04257444
752500	-1612.863	0	-1612.863	-0.2904202
753000	-1605.156	0	-1605.156	-0.08323914
753500	-1506.181	0	-1506.181	-0.06544992
754000	-1576.465	0	-1576.465	-0.08976194
754500	-1549.736	0	-1549.736	0.1018403
755000	-1568.387	0	-1568.387	0.001204165
755500	-1543.635	0	-1543.635	-0.06935565
756000	-1541.571	0	-1541.571	0.2675186
756500	-1593.426	0	-1593.426	0.06157798
757000	-1584.795	0	-1584.795	0.2100536
757500	-1562.919	0	-1562.919	-0.01123877
758000	-1618.52	0	-1618.52	0.009956659
758500	-1497.992	0	-1497.992	0.1116343
759000	-1495.896	0	-1495.896	-0.03168856
759500	-1490.058	0	-1490.058	-0.05490478
760000	-1432.058	0	-1432.058	-0.03259455
760500	-1424.719	0	-1424.719	-0.07003842
761000	-1341.233	0	-1341.233	-0.07040789
761500	-1451.653	0	-1451.653	-0.05378585
762000	-1437.776	0	-1437.776	0.01862433
762500	-1458.094	0	-1458.094	-0.09983553
763000	-1423.722	0	-1423.722	-0.1922863
763500	-1449.665	0	-1449.665	-0.0784053
764000	-1511.283	0	-1511.283	0.0227508
764500	-1492.575	0	-1492.575	0.2214065
765000	-1460.948	0	-1460.948	0.06352686
765500	-1425.364	0	-1425.364	-0.02411284
766000	-1472.583	0	-1472.583	0.1433286
766500	-1422.739	0	-1422.739	0.2003225
767000	-1504.127	0	-1504.127	0.1522154
767500	-1476.469	0	-1476.469	-0.0343237
768000	-1392.685	0	-1392.685	0.1294118
768500	-1444.253	0	-1444.253	-0.1295544
769000	-1410.087	0	-1410.087	-0.02360033
769500	-1429.035	0	-1429.035	-0.06930881
770000	-1436.696	0	-1436.696	-0.09589241
770500	-1448.511	0	-1448.511	-0.1891088
771000	-1452.822	0	-1452.822	-0.2752381
771500	-1536.941	0	-1536.941	-0.1777827
772000	-1550.209	0	-1550.209	-0.08544285
772500	-1606.775	0	-1606.775	-0.1399686
773000	-1617.501	0	-1617.501	-0.08949448
773500	-1518.567	0	-1518.567	-0.168003
774000	-1512.297	0	-1512.297	-0.07330321
774500	-1566.107	0	-1566.107	0.02147268
775000	-1526.846	0	-1526.846	-0.1790643
775500	-1575.17	0	-1575.17	-0.4096852
776000	-1607.918	0	-1607.918	-0.09226027
776500	-1484.054	0	-1484.054	-0.2927692
777000	-1511.332	0	-1511.332	-0.2678138
777500	-1572.346	0	-1572.346	-0.3444113
778000	-1550.254	0	-1550.254	-0.2958042
778500	-1462.132	0	-1462.132	-0.3181077
779000	-1454.942	0	-1454.942	-0.5199242
779500	-1493.795	0	-1493.795	-0.2784343
780000	-1498.053	0	-1498.053	-0.3375325
780500	-1399.339	0	-1399.339	-0.1427016
781000	-1442.376	0	-1442.376	-0.2670803
781500	-1505.193	0	-1505.193	-0.1749273
782000	-1444.008	0	-1444.008	-0.273369
782500	-1428.436	0	-1428.436	-0.5150021
783000	-1395.969	0	-1395.969	-0.4558592
783500	-1475.151	0	-1475.151	-0.4613844
784000	-1527.643	0	-1527.643	-0.5166157
784500	-1600.454	0	-1600.454	-0.3485293
785000	-1614.741	0	-1614.741	-0.09992027
785500	-1607.067	0	-1607.067	-0.2431465
786000	-1583.451	0	-1583.451	-0.3840698
786500	-1648.041	0	-1648.041	-0.2414828
787000	-1504.078	0	-1504.078	-0.4971347
787500	-1575.401	0	-1575.401	-0.4163636
788000	-1606.872	0	-1606.872	-0.2954913
788500	-1566.95	0	-1566.95	-0.2039574
789000	-1603.809	0	-1603.809	-0.1365957
789500	-1516.052	0	-1516.052	0.01274899
790000	-1497.862	0	-1497.862	-0.2371073
790500	-1511.773	0	-1511.773	-0.3791708
791000	-1503.459	0	-1503.459	-0.3109565
791500	-1548.463	0	-1548.463	-0.2051766
792000	-1416.769	0	-1416.769	-0.2896896
792500	-1360.305	0	-1360.305	-0.347132
793000	-1379.318	0	-1379.318	-0.4052083
793500	-1435.996	0	-1435.996	-0.2792763
794000	-1449	0	-1449	-0.2736667
794500	-1522.43	0	-1522.43	-0.3604773
795000	-1381.257	0	-1381.257	-0.3830775
795500	-1475.402	0	-1475.402	-0.3983751
796000	-1418.365	0	-1418.365	-0.4738175
796500	-1409.955	0	-1409.955	-0.5081045
797000	-1476.948	0	-1476.948	-0.4888805
797500	-1414.377	0	-1414.377	-0.457629
798000	-1354.775	0	-1354.775	-0.4652412
798500	-1252.945	0	-1252.945	-0.4753713
799000	-1402.237	0	-1402.237	-0.5471075
799500	-1368.796	0	-1368.796	-0.3719482
800000	-1447.14	0	-1447.14	-0.4182275
800500	-1409.536	0	-1409.536	-0.3298392
801000	-1408.456	0	-1408.456	-0.09101423
801500	-1459.04	0	-1459.04	-0.2020085
802000	-1414.063	0	-1414.063	-0.2538007
802500	-1365.327	0	-1365.327	-0.2436686
803000	-1473.505	0	-1473.505	-0.3399201
803500	-1420.663	0	-1420.663	-0.1559155
804000	-1342.506	0	-1342.506	-0.08267273
804500	-1417.64	0	-1417.64	-0.2314688
805000	-1384.809	0	-1384.809	-0.2463948
805500	-1355.442	0	-1355.442	-0.2982025
806000	-1333.625	0	-1333.625	-0.3546772
806500	-1417.543	0	-1417.543	-0.4965551
807000	-1440.228	0	-1440.228	-0.3992762
807500	-1437.039	0	-1437.039	-0.4910085
808000	-1492.205	0	-1492.205	-0.3591856
808500	-1476.931	0	-1476.931	-0.4788266
809000	-1480.682	0	-1480.682	-0.467294
809500	-1367.28	0	-1367.28	-0.3726277
810000	-1510.718	0	-1510.718	-0.1649364
810500	-1473.969	0	-1473.969	-0.2210395
811000	-1401.765	0	-1401.765	-0.2323252
811500	-1407.002	0	-1407.002	-0.1708886
812000	-1396.109	0	-1396.109	-0.3343577
812500	-1410.659	0	-1410.659	-0.2585555
813000	-1406.23	0	-1406.23	-0.5270129
813500	-1435.262	0	-1435.262	-0.514089
814000	-1430.739	0	-1430.739	-0.3497396
814500	-1460.156	0	-1460.156	-0.2815732
815000	-1395.904	0	-1395.904	-0.3324369
815500	-1430.807	0	-1430.807	-0.2287647
816000	-1329.914	0	-1329.914	-0.459725
816500	-1478.243	0	-1478.243	-0.3543693
817000	-1373.369	0	-1373.369	-0.3355067
817500	-1450.081	0	-1450.081	-0.3459699
818000	-1374.513	0	-1374.513	-0.3303146
818500	-1364.049	0	-1364.049	-0.3680625
819000	-1373.548	0	-1373.548	-0.3643995
819500	-1254.432	0	-1254.432	-0.2449699
820000	-1325.551	0	-1325.551	-0.2077112
820500	-1347.289	0	-1347.289	-0.2752203
821000	-1440.719	0	-1440.719	-0.3621403
821500	-1474.693	0	-1474.693	-0.2821053
822000	-1349.957	0	-1349.957	-0.1784704
822500	-1332.039	0	-1332.039	-0.1937785
823000	-1363.983	0	-1363.983	-0.1751276
823500	-1253.459	0	-1253.459	-0.2313743
824000	-1317.302	0	-1317.302	-0.22068
824500	-1377.572	0	-1377.572	-0.4151966
825000	-1419.013	0	-1419.013	-0.2848664
825500	-1402.803	0	-1402.803	-0.3775035
826000	-1420.921	0	-1420.921	-0.3274517
826500	-1344.923	0	-1344.923	-0.3410712
827000	-1448.329	0	-1448.329	-0.3658556
827500	-1373.914	0	-1373.914	-0.2330017
828000	-1382.617	0	-1382.617	-0.1973261
828500	-1369.185	0	-1369.185	-0.1278336
829000	-1450.321	0	-1450.321	-0.1219631
829500	-1457.201	0	-1457.201	-0.2922654
830000	-1404.149	0	-1404.149	-0.2928932
830500	-1502.437	0	-1502.437	-0.3986952
831000	-1456.453	0	-1456.453	-0.3872149
831500	-1421.011	0	-1421.011	-0.3836757
832000	-1477.876	0	-1477.876	-0.5165133
832500	-1529.602	0	-1529.602	-0.2396665
833000	-1560.994	0	-1560.994	-0.1189943
833500	-1431.695	0	-1431.695	-0.2332776
834000	-1525.438	0	-1525.438	-0.204904
834500	-1423.172	0	-1423.172	-0.1523862
835000	-1500.334	0	-1500.334	-0.2909165
835500	-1495.684	0	-1495.684	-0.3199698
836000	-1428.865	0	-1428.865	-0.3748395
836500	-1519.298	0	-1519.298	-0.4586758
837000	-1524.471	0	-1524.471	-0.389615
837500	-1523.509	0	-1523.509	-0.5330725
838000	-1554.668	0	-1554.668	-0.322395
838500	-1575.014	0	-1575.014	-0.3078227
839000	-1578.307	0	-1578.307	-0.3512958
839500	-1483.146	0	-1483.146	-0.5396943
840000	-1446.601	0	-1446.601	-0.4429534
840500	-1479.978	0	-1479.978	-0.4258837
841000	-1570.254	0	-1570.254	-0.2300226
841500	-1531.658	0	-1531.658	-0.2544661
842000	-1605.188	0	-1605.188	-0.268678
842500	-1535.74	0	-1535.74	-0.3346736
843000	-1437.987	0	-1437.987	-0.3334294
843500	-1475.847	0	-1475.847	-0.2202681
844000	-1438.191	0	-1438.191	-0.2643677
844500	-1504.419	0	-1504.419	-0.2898182
845000	-1507.574	0	-1507.574	-0.3921447
845500	-1509.913	0	-1509.913	-0.2784911
846000	-1532.973	0	-1532.973	-0.2728575
846500	-1474.523	0	-1474.523	-0.480097
847000	-1497.223	0	-1497.223	-0.2511061
847500	-1446.964	0	-1446.964	-0.2030684
848000	-1447.362	0	-1447.362	-0.2146078
848500	-1476.254	0	-1476.254	-0.244791
849000	-1482.172	0	-1482.172	-0.2526321
849500	-1545	0	-1545	-0.3718716
850000	-1502.691	0	-1502.691	-0.3932321
850500	-1504.775	0	-1504.775	-0.3785199
851000	-1363.455	0	-1363.455	-0.4823473
851500	-1421.081	0	-1421.081	-0.5003791
852000	-1425.238	0	-1425.238	-0.539594
852500	-1512.285	0	-1512.285	-0.4625037
853000	-1488.375	0	-1488.375	-0.4698961
853500	-1434.761	0	-1434.761	-0.4526447
854000	-1525.086	0	-1525.086	-0.2676358
854500	-1480.398	0	-1480.398	-0.2841045
855000	-1487.986	0	-1487.986	-0.2994891
855500	-1488.119	0	-1488.119	-0.3823919
856000	-1504.88	0	-1504.88	-0.2714108
856500	-1509.772	0	-1509.772	-0.3696729
857000	-1491.336	0	-1491.336	-0.3418901
857500	-1460.694	0	-1460.694	-0.2957826
858000	-1448.702	0	-1448.702	-0.2846198
858500	-1426.603	0	-1426.603	-0.3394687
859000	-1401.333	0	-1401.333	-0.3924405
859500	-1445.15	0	-1445.15	-0.3105174
860000	-1433.776	0	-1433.776	-0.2610546
860500	-1460.189	0	-1460.189	-0.1370485
861000	-1523.777	0	-1523.777	-0.2096475
861500	-1542.048	0	-1542.048	-0.4024484
862000	-1446.638	0	-1446.638	-0.3181695
862500	-1495.492	0	-1495.492	-0.3319155
863000	-1477.361	0	-1477.361	-0.5048313
863500	-1477.599	0	-1477.599	-0.3873785
864000	-1442.976	0	-1442.976	-0.1847548
864500	-1454.944	0	-1454.944	-0.2353189
865000	-1477.351	0	-1477.351	-0.3964363
865500	-1484.426	0	-1484.426	-0.2954605
866000	-1459.231	0	-1459.231	-0.3023042
866500	-1447.143	0	-1447.143	-0.1641404
867000	-1549.26	0	-1549.26	-0.2082603
867500	-1454.458	0	-1454.458	-0.1467715
868000	-1494.901	0	-1494.901	-0.1442155
868500	-1499.07	0	-1499.07	-0.2061169
869000	-1389.091	0	-1389.091	-0.2553444
869500	-1453.658	0	-1453.658	-0.1524843
870000	-1390.97	0	-1390.97	-0.3184349
870500	-1420.202	0	-1420.202	-0.3221664
871000	-1420.148	0	-1420.148	-0.3382641
871500	-1379.316	0	-1379.316	-0.3151138
872000	-1351.87	0	-1351.87	-0.3927155
872500	-1348.787	0	-1348.787	-0.368213
873000	-1300.445	0	-1300.445	-0.2521883
873500	-1409.349	0	-1409.349	-0.2657307
874000	-1393.263	0	-1393.263	-0.2598415
874500	-1419.244	0	-1419.244	-0.3626713
875000	-1466.088	0	-1466.088	-0.3723584
875500	-1479.215	0	-1479.215	-0.2761361
876000	-1552.33	0	-1552.33	-0.2584848
876500	-1482.328	0	-1482.328	-0.2374175
877000	-1486.783	0	-1486.783	-0.1744896
877500	-1459.76	0	-1459.76	-0.2525516
878000	-1416.526	0	-1416.526	-0.2214997
878500	-1453.32	0	-1453.32	-0.1861985
879000	-1516.689	0	-1516.689	-0.2198243
879500	-1543.829	0	-1543.829	-0.3557237
880000	-1578.049	0	-1578.049	-0.4455354
880500	-1527.912	0	-1527.912	-0.4064408
881000	-1484.526	0	-1484.526	-0.4933795
881500	-1458.662	0	-1458.662	-0.5411117
882000	-1419.387	0	-1419.387	-0.4398318
882500	-1445.969	0	-1445.969	-0.3883425
883000	-1494.28	0	-1494.28	-0.2626067
883500	-1465.074	0	-1465.074	-0.3514057
884000	-1461.887	0	-1461.887	-0.2806949
884500	-1295.244	0	-1295.244	-0.3294345
885000	-1282.438	0	-1282.438	-0.3708771
885500	-1357.874	0	-1357.874	-0.3423694
886000	-1340.228	0	-1340.228	-0.3676624
886500	-1474.239	0	-1474.239	-0.390831
887000	-1475.786	0	-1475.786	-0.4012226
887500	-1477.197	0	-1477.197	-0.4694684
888000	-1449.202	0	-1449.202	-0.3977038
888500	-1488.248	0	-1488.248	-0.3232976
889000	-1558.145	0	-1558.145	-0.2489287
889500	-1468.949	0	-1468.949	-0.4510004
890000	-1391.856	0	-1391.856	-0.4186976
890500	-1432.931	0	-1432.931	-0.3757672
891000	-1358.4	0	-1358.4	-0.4774319
891500	-1298.287	0	-1298.287	-0.4076733
892000	-1387.898	0	-1387.898	-0.3842504
892500	-1337.564	0	-1337.564	-0.3860483
893000	-1342.458	0	-1342.458	-0.373873
893500	-1327.781	0	-1327.781	-0.3925629
894000	-1316.152	0	-1316.152	-0.3707058
894500	-1265.055	0	-1265.055	-0.2978168
895000	-1249.554	0	-1249.554	-0.2967849
895500	-1191.111	0	-1191.111	-0.2963315
896000	-1294.208	0	-1294.208	-0.2982877
896500	-1330.868	0	-1330.868	-0.2736236
897000	-1289.545	0	-1289.545	-0.2445684
897500	-1342.406	0	-1342.406	-0.09010357
898000	-1396.93	0	-1396.93	-0.1522275
898500	-1445.483	0	-1445.483	-0.1540335
899000	-1454.388	0	-1454.388	-0.06420021
899500	-1527.569	0	-1527.569	-0.1582756
900000	-1447.081	0	-1447.081	0.01568696
900500	-1443.736	0	-1443.736	-0.06925976
901000	-1465.166	0	-1465.166	-0.130858
901500	-1394.315	0	-1394.315	-0.08853525
902000	-1295.902	0	-1295.902	-0.1617254
902500	-1359.285	0	-1359.285	-0.2288357
903000	-1391.362	0	-1391.362	-0.1989498
903500	-1392.099	0	-1392.099	-0.2362986
904000	-1449.984	0	-1449.984	-0.2360731
904500	-1468.69	0	-1468.69	-0.3214947
905000	-1453.969	0	-1453.969	-0.4056994
905500	-1445.355	0	-1445.355	-0.5409642
906000	-1366.688	0	-1366.688	-0.4533253
906500	-1404.584	0	-1404.584	-0.4052413
907000	-1386.73	0	-1386.73	-0.4121795
907500	-1303.442	0	-1303.442	-0.4157025
908000	-1306.587	0	-1306.587	-0.3980513
908500	-1407.588	0	-1407.588	-0.3472028
909000	-1383.277	0	-1383.277	-0.211278
909500	-1344.936	0	-1344.936	-0.2374325
910000	-1383.012	0	-1383.012	-0.4180634
910500	-1484.793	0	-1484.793	-0.3987657
911000	-1502.846	0	-1502.846	-0.3588787
911500	-1454.658	0	-1454.658	-0.4534139
912000	-1530.276	0	-1530.276	-0.2397524
912500	-1446.665	0	-1446.665	-0.4172736
913000	-1467.63	0	-1467.63	-0.4138502
913500	-1371.7	0	-1371.7	-0.2858334
914000	-1326.583	0	-1326.583	-0.3379469
914500	-1238.941	0	-1238.941	-0.4799228
915000	-1261.204	0	-1261.204	-0.5242723
915500	-1252.747	0	-1252.747	-0.4459062
916000	-1150.396	0	-1150.396	-0.4594514
916500	-1169.593	0	-1169.593	-0.4559736
917000	-1211.182	0	-1211.182	-0.4565937
917500	-1238.497	0	-1238.497	-0.4264545
918000	-1197.508	0	-1197.508	-0.4516804
918500	-1273.674	0	-1273.674	-0.4557257
919000	-1357.519	0	-1357.519	-0.3837061
919500	-1324.294	0	-1324.294	-0.3942098
920000	-1351.645	0	-1351.645	-0.3238313
920500	-1343.447	0	-1343.447	-0.4394087
921000	-1435.018	0	-1435.018	-0.4573022
921500	-1477.631	0	-1477.631	-0.3075914
922000	-1434.341	0	-1434.341	-0.1604893
922500	-1427.994	0	-1427.994	-0.1003737
923000	-1484.856	0	-1484.856	-0.2749958
923500	-1392.655	0	-1392.655	-0.230309
924000	-1450.279	0	-1450.279	-0.08895567
924500	-1482.096	0	-1482.096	-0.2009311
925000	-1424.104	0	-1424.104	-0.1555005
925500	-1486.723	0	-1486.723	-0.1585195
926000	-1543.008	0	-1543.008	-0.1550758
926500	-1422.966	0	-1422.966	-0.1705039
927000	-1429.245	0	-1429.245	-0.3665586
927500	-1490.559	0	-1490.559	-0.4484847
928000	-1512.092	0	-1512.092	-0.4289686
928500	-1511.032	0	-1511.032	-0.3058057
929000	-1516.588	0	-1516.588	-0.284011
929500	-1430.774	0	-1430.774	-0.4977005
930000	-1424.629	0	-1424.629	-0.4631496
930500	-1335.512	0	-1335.512	-0.5436947
931000	-1344.47	0	-1344.47	-0.4838658
931500	-1326.32	0	-1326.32	-0.3863324
932000	-1436.008	0	-1436.008	-0.4136168
932500	-1515.219	0	-1515.219	-0.5071087
933000	-1333.369	0	-1333.369	-0.4271316
933500	-1399.498	0	-1399.498	-0.5293078
934000	-1427.797	0	-1427.797	-0.3486062
934500	-1386.237	0	-1386.237	-0.2891205
935000	-1359.359	0	-1359.359	-0.3831895
935500	-1372.666	0	-1372.666	-0.2877821
936000	-1490.871	0	-1490.871	-0.1238652
936500	-1490.531	0	-1490.531	-0.2256709
937000	-1407.916	0	-1407.916	-0.15353
937500	-1459.647	0	-1459.647	-0.3193805
938000	-1511.918	0	-1511.918	-0.3643712
938500	-1468.253	0	-1468.253	-0.4149405
939000	-1502.145	0	-1502.145	-0.2533923
939500	-1474.415	0	-1474.415	-0.3594631
940000	-1365.194	0	-1365.194	-0.5336094
940500	-1394.639	0	-1394.639	-0.4723395
941000	-1412.399	0	-1412.399	-0.4340354
941500	-1396.778	0	-1396.778	-0.566094
942000	-1425.787	0	-1425.787	-0.3814613
942500	-1420.506	0	-1420.506	-0.2032788
943000	-1428.267	0	-1428.267	-0.08344024
943500	-1430.94	0	-1430.94	-0.1573005
944000	-1512.073	0	-1512.073	-0.3220083
944500	-1501.484	0	-1501.484	-0.2096024
945000	-1560.594	0	-1560.594	-0.3538391
945500	-1506.861	0	-1506.861	-0.3015585
946000	-1479.475	0	-1479.475	-0.3871759
946500	-1533.945	0	-1533.945	-0.3804294
947000	-1619.605	0	-1619.605	-0.3924424
947500	-1554.746	0	-1554.746	-0.1226876
948000	-1540.254	0	-1540.254	-0.1345047
948500	-1528.236	0	-1528.236	-0.4491285
949000	-1571.78	0	-1571.78	-0.309363
949500	-1533.049	0	-1533.049	-0.2387364
950000	-1490.898	0	-1490.898	-0.3823022
950500	-1471.799	0	-1471.799	-0.2322797
951000	-1455.953	0	-1455.953	-0.2138
951500	-1469.477	0	-1469.477	-0.1882263
952000	-1454.864	0	-1454.864	-0.01124537
952500	-1498.949	0	-1498.949	-0.03495865
953000	-1465.465	0	-1465.465	0.02258686
953500	-1547.217	0	-1547.217	0.03226758
954000	-1424.187	0	-1424.187	-0.4796943
954500	-1426.99	0	-1426.99	-0.3699513
955000	-1495.256	0	-1495.256	-0.121946
955500	-1457.091	0	-1457.091	-0.2822965
956000	-1365.629	0	-1365.629	-0.05381731
956500	-1450.391	0	-1450.391	-0.08132304
957000	-1421.892	0	-1421.892	-0.09325408
957500	-1425.041	0	-1425.041	-0.1372122
958000	-1406.684	0	-1406.684	-0.27399
958500	-1449.352	0	-1449.352	-0.2668612
959000	-1528.469	0	-1528.469	-0.1716923
959500	-1424.434	0	-1424.434	-0.1702438
960000	-1459.404	0	-1459.404	-0.3118943
960500	-1410.603	0	-1410.603	-0.3226216
961000	-1366.682	0	-1366.682	-0.3746909
961500	-1335.392	0	-1335.392	-0.4855977
962000	-1293.114	0	-1293.114	-0.3917371
962500	-1385.635	0	-1385.635	-0.3232716
963000	-1513.927	0	-1513.927	-0.237953
963500	-1438.865	0	-1438.865	-0.1194507
964000	-1316.616	0	-1316.616	-0.2010031
964500	-1393.402	0	-1393.402	-0.2650508
965000	-1422.836	0	-1422.836	-0.2457803
965500	-1313.536	0	-1313.536	-0.1537293
966000	-1434.496	0	-1434.496	-0.2565188
966500	-1408.498	0	-1408.498	-0.3491283
967000	-1363.877	0	-1363.877	-0.2689504
967500	-1314.911	0	-1314.911	-0.2511407
968000	-1325.106	0	-1325.106	-0.2231016
968500	-1335.201	0	-1335.201	-0.1788238
969000	-1344.877	0	-1344.877	-0.1157754
969500	-1388.669	0	-1388.669	-0.1790681
970000	-1350.886	0	-1350.886	-0.3506206
970500	-1354.111	0	-1354.111	-0.3434288
971000	-1410.085	0	-1410.085	-0.2501512
971500	-1415.19	0	-1415.19	-0.2967047
972000	-1345.092	0	-1345.092	-0.4026049
972500	-1330.021	0	-1330.021	-0.4036975
973000	-1419.948	0	-1419.948	-0.5334921
973500	-1358.456	0	-1358.456	-0.4552477
974000	-1436.24	0	-1436.24	-0.4040914
974500	-1439.031	0	-1439.031	-0.5466018
975000	-1404.247	0	-1404.247	-0.4001873
975500	-1395.676	0	-1395.676	-0.3917717
976000	-1464.439	0	-1464.439	-0.4107797
976500	-1431.819	0	-1431.819	-0.3254258
977000	-1465.979	0	-1465.979	-0.2291125
977500	-1485.515	0	-1485.515	-0.3250414
978000	-1501.78	0	-1501.78	-0.4013824
978500	-1468.769	0	-1468.769	-0.2368099
979000	-1389.851	0	-1389.851	-0.1781976
979500	-1495.145	0	-1495.145	-0.2990324
980000	-1447.669	0	-1447.669	-0.4782989
980500	-1444.251	0	-1444.251	-0.3578693
981000	-1419.503	0	-1419.503	-0.2445968
981500	-1394.82	0	-1394.82	-0.2722133
982000	-1347.071	0	-1347.071	-0.2351439
982500	-1406.731	0	-1406.731	-0.2187387
983000	-1416.735	0	-1416.735	-0.2447064
983500	-1443.863	0	-1443.863	-0.1623845
984000	-1420.104	0	-1420.104	-0.2261444
984500	-1461.773	0	-1461.773	-0.2121091
985000	-1408.668	0	-1408.668	-0.2094299
985500	-1405.599	0	-1405.599	-0.2304196
986000	-1392.332	0	-1392.332	-0.1984511
986500	-1335.232	0	-1335.232	-0.1973
987000	-1427.734	0	-1427.734	-0.297066
987500	-1488.2	0	-1488.2	-0.2719404
988000	-1408.578	0	-1408.578	-0.1426565
988500	-1478.205	0	-1478.205	-0.364511
989000	-1458.314	0	-1458.314	-0.2590124
989500	-1473.325	0	-1473.325	-0.3740162
990000	-1462	0	-1462	-0.1495425
990500	-1429.52	0	-1429.52	-0.2459661
991000	-1422.553	0	-1422.553	-0.3129089
991500	-1411.356	0	-1411.356	-0.2388494
992000	-1392.517	0	-1392.517	-0.08781992
992500	-1412.857	0	-1412.857	-0.04681899
993000	-1483.56	0	-1483.56	-0.09052877
993500	-1500.102	0	-1500.102	-0.08095704
994000	-1501.749	0	-1501.749	-0.07060886
994500	-1499.762	0	-1499.762	-0.2271247
995000	-1419.769	0	-1419.769	-0.157146
995500	-1287.448	0	-1287.448	-0.1791361
996000	-1409.366	0	-1409.366	-0.1768904
996500	-1422.411	0	-1422.411	-0.161386
997000	-1455.027	0	-1455.027	-0.3054602
997500	-1455.477	0	-1455.477	-0.3248367
998000	-1294.547	0	-1294.547	-0.3993652
998500	-1248.618	0	-1248.618	-0.3999439
999000	-1426.226	0	-1426.226	-0.2635595
999500	-1330.854	0	-1330.854	-0.316301
1000000	-1348.04	0	-1348.04	-0.2900227
