Iteration	Posterior	Likelihood	Prior	rho[1][3]
0	-8970.168	0	-8970.168	-0.7250744
500	-1808.775	0	-1808.775	-0.5721817
1000	-1740.946	0	-1740.946	-0.5683846
1500	-1643.105	0	-1643.105	-0.6044482
2000	-1550.207	0	-1550.207	-0.657583
2500	-1546.959	0	-1546.959	-0.6103123
3000	-1585.54	0	-1585.54	-0.7169438
3500	-1556.264	0	-1556.264	-0.641343
4000	-1582.158	0	-1582.158	-0.5635416
4500	-1564.021	0	-1564.021	-0.5609785
5000	-1640.023	0	-1640.023	-0.5405836
5500	-1632.329	0	-1632.329	-0.596089
6000	-1618.508	0	-1618.508	-0.6947764
6500	-1578.183	0	-1578.183	-0.6745266
7000	-1602.245	0	-1602.245	-0.5898532
7500	-1639.756	0	-1639.756	-0.6164163
8000	-1620.841	0	-1620.841	-0.5469445
8500	-1576.081	0	-1576.081	-0.6201556
9000	-1611.178	0	-1611.178	-0.5737415
9500	-1630.709	0	-1630.709	-0.592674
10000	-1602.402	0	-1602.402	-0.5566013
10500	-1529.157	0	-1529.157	-0.5419338
11000	-1546.89	0	-1546.89	-0.4579968
11500	-1573.337	0	-1573.337	-0.5168512
12000	-1514.767	0	-1514.767	-0.5332923
12500	-1578.12	0	-1578.12	-0.5652017
13000	-1599.135	0	-1599.135	-0.4907398
13500	-1606.29	0	-1606.29	-0.3896345
14000	-1611.055	0	-1611.055	-0.3856875
14500	-1623.345	0	-1623.345	-0.3701717
15000	-1646.889	0	-1646.889	-0.3995167
15500	-1573.651	0	-1573.651	-0.3992343
16000	-1518.827	0	-1518.827	-0.4319309
16500	-1607.764	0	-1607.764	-0.4115909
17000	-1596.119	0	-1596.119	-0.3161109
17500	-1588.254	0	-1588.254	-0.2340347
18000	-1580.294	0	-1580.294	-0.3477663
18500	-1621.172	0	-1621.172	-0.1662609
19000	-1621.057	0	-1621.057	-0.5857082
19500	-1604.094	0	-1604.094	-0.5386055
20000	-1620.381	0	-1620.381	-0.5280689
20500	-1675.906	0	-1675.906	-0.4060773
21000	-1646.051	0	-1646.051	-0.4714891
21500	-1554.761	0	-1554.761	-0.4905577
22000	-1507.099	0	-1507.099	-0.4562551
22500	-1546.96	0	-1546.96	-0.5122154
23000	-1509.1	0	-1509.1	-0.6190422
23500	-1464.259	0	-1464.259	-0.6574304
24000	-1473.921	0	-1473.921	-0.6697326
24500	-1491.183	0	-1491.183	-0.6810328
25000	-1569.234	0	-1569.234	-0.6710732
25500	-1533.928	0	-1533.928	-0.6492324
26000	-1553.306	0	-1553.306	-0.5837638
26500	-1576.887	0	-1576.887	-0.5004377
27000	-1578.989	0	-1578.989	-0.6545808
27500	-1630.115	0	-1630.115	-0.4927299
28000	-1607.41	0	-1607.41	-0.6409665
28500	-1575.744	0	-1575.744	-0.5846146
29000	-1580.833	0	-1580.833	-0.5007389
29500	-1607.698	0	-1607.698	-0.5511342
30000	-1583.456	0	-1583.456	-0.5478282
30500	-1654.712	0	-1654.712	-0.4001136
31000	-1568.805	0	-1568.805	-0.5111393
31500	-1539.819	0	-1539.819	-0.51285
32000	-1607.303	0	-1607.303	-0.4308599
32500	-1517.301	0	-1517.301	-0.4771503
33000	-1575.741	0	-1575.741	-0.608797
33500	-1579.85	0	-1579.85	-0.4893694
34000	-1555.25	0	-1555.25	-0.5735179
34500	-1513.215	0	-1513.215	-0.5009017
35000	-1584.855	0	-1584.855	-0.354115
35500	-1570.425	0	-1570.425	-0.5403785
36000	-1544.934	0	-1544.934	-0.5931043
36500	-1482.396	0	-1482.396	-0.6161285
37000	-1541.212	0	-1541.212	-0.5795591
37500	-1482.042	0	-1482.042	-0.5653521
38000	-1514.111	0	-1514.111	-0.3178914
38500	-1562.595	0	-1562.595	-0.4362837
39000	-1616.445	0	-1616.445	-0.2047339
39500	-1622.335	0	-1622.335	-0.338987
40000	-1592.374	0	-1592.374	-0.5074417
40500	-1502.145	0	-1502.145	-0.6552061
41000	-1542.148	0	-1542.148	-0.6597188
41500	-1524.316	0	-1524.316	-0.5870883
42000	-1512.207	0	-1512.207	-0.5734342
42500	-1515.692	0	-1515.692	-0.5196319
43000	-1540.497	0	-1540.497	-0.6408741
43500	-1566.263	0	-1566.263	-0.6242281
44000	-1546.54	0	-1546.54	-0.588877
44500	-1574.69	0	-1574.69	-0.5949164
45000	-1495.015	0	-1495.015	-0.6154709
45500	-1512.429	0	-1512.429	-0.5187458
46000	-1540.762	0	-1540.762	-0.6686945
46500	-1571.514	0	-1571.514	-0.5873097
47000	-1502.568	0	-1502.568	-0.6610889
47500	-1447.866	0	-1447.866	-0.6693789
48000	-1473.477	0	-1473.477	-0.6460401
48500	-1558.693	0	-1558.693	-0.5464042
49000	-1553.918	0	-1553.918	-0.6829591
49500	-1530.289	0	-1530.289	-0.4913071
50000	-1537.822	0	-1537.822	-0.3763596
50500	-1521.551	0	-1521.551	-0.5394818
51000	-1491.109	0	-1491.109	-0.6106221
51500	-1485.021	0	-1485.021	-0.6765513
52000	-1519.542	0	-1519.542	-0.6459774
52500	-1554.136	0	-1554.136	-0.5639179
53000	-1490.441	0	-1490.441	-0.5046226
53500	-1538.845	0	-1538.845	-0.3114753
54000	-1453.591	0	-1453.591	-0.2852459
54500	-1557.397	0	-1557.397	-0.1710578
55000	-1479.521	0	-1479.521	-0.2143261
55500	-1401.674	0	-1401.674	-0.2374702
56000	-1402.963	0	-1402.963	-0.4595518
56500	-1424.778	0	-1424.778	-0.5161093
57000	-1480.257	0	-1480.257	-0.3724668
57500	-1464.244	0	-1464.244	-0.3495675
58000	-1543.866	0	-1543.866	-0.1903474
58500	-1579.859	0	-1579.859	-0.212002
59000	-1554.101	0	-1554.101	-0.231506
59500	-1524.284	0	-1524.284	-0.4090287
60000	-1481.882	0	-1481.882	-0.5462715
60500	-1407.516	0	-1407.516	-0.6467564
61000	-1397.823	0	-1397.823	-0.6070539
61500	-1469.749	0	-1469.749	-0.4919229
62000	-1425.324	0	-1425.324	-0.4847447
62500	-1429.248	0	-1429.248	-0.3359092
63000	-1543.044	0	-1543.044	-0.4570641
63500	-1495.214	0	-1495.214	-0.4319441
64000	-1534.853	0	-1534.853	-0.3404448
64500	-1558.211	0	-1558.211	-0.2375149
65000	-1511.209	0	-1511.209	-0.3891185
65500	-1530.176	0	-1530.176	-0.3632332
66000	-1497.371	0	-1497.371	-0.342127
66500	-1517.893	0	-1517.893	-0.3995343
67000	-1516.066	0	-1516.066	-0.3101546
67500	-1481.509	0	-1481.509	-0.3886528
68000	-1531.174	0	-1531.174	-0.5088141
68500	-1489.105	0	-1489.105	-0.5849712
69000	-1543.978	0	-1543.978	-0.3796608
69500	-1556.481	0	-1556.481	-0.4102847
70000	-1516.631	0	-1516.631	-0.5217548
70500	-1481.429	0	-1481.429	-0.3064237
71000	-1567.784	0	-1567.784	-0.1676131
71500	-1530.962	0	-1530.962	-0.1499557
72000	-1471.09	0	-1471.09	-0.3374719
72500	-1502.035	0	-1502.035	-0.5051159
73000	-1556.133	0	-1556.133	-0.5341407
73500	-1582.246	0	-1582.246	-0.5242837
74000	-1588.631	0	-1588.631	-0.5469407
74500	-1499.152	0	-1499.152	-0.4849903
75000	-1565.123	0	-1565.123	-0.5860664
75500	-1604.285	0	-1604.285	-0.4798585
76000	-1629.767	0	-1629.767	-0.532645
76500	-1528.512	0	-1528.512	-0.6663918
77000	-1516.467	0	-1516.467	-0.6227506
77500	-1461.356	0	-1461.356	-0.5853251
78000	-1540.237	0	-1540.237	-0.5667585
78500	-1470.534	0	-1470.534	-0.571106
79000	-1458.149	0	-1458.149	-0.5833909
79500	-1531.32	0	-1531.32	-0.6176944
80000	-1517.518	0	-1517.518	-0.6463359
80500	-1500.605	0	-1500.605	-0.6376902
81000	-1527.185	0	-1527.185	-0.6105859
81500	-1456.439	0	-1456.439	-0.5761424
82000	-1497.164	0	-1497.164	-0.4710963
82500	-1550.643	0	-1550.643	-0.3872345
83000	-1526.902	0	-1526.902	-0.3615221
83500	-1570.351	0	-1570.351	-0.4179664
84000	-1502.921	0	-1502.921	-0.4648546
84500	-1519.063	0	-1519.063	-0.5163621
85000	-1530.128	0	-1530.128	-0.3052994
85500	-1492.574	0	-1492.574	-0.249315
86000	-1461.693	0	-1461.693	-0.2518526
86500	-1452.54	0	-1452.54	-0.3059466
87000	-1445.659	0	-1445.659	-0.2800651
87500	-1539.995	0	-1539.995	-0.2289006
88000	-1458.062	0	-1458.062	-0.1740803
88500	-1517.796	0	-1517.796	-0.2329959
89000	-1470.328	0	-1470.328	-0.3262995
89500	-1523.004	0	-1523.004	-0.2581305
90000	-1543.8	0	-1543.8	-0.3890261
90500	-1527.097	0	-1527.097	-0.4377109
91000	-1491.481	0	-1491.481	-0.3825677
91500	-1508.162	0	-1508.162	-0.4360524
92000	-1590.483	0	-1590.483	-0.2549707
92500	-1593.344	0	-1593.344	-0.358875
93000	-1516.529	0	-1516.529	-0.4417296
93500	-1452.985	0	-1452.985	-0.5448342
94000	-1525.306	0	-1525.306	-0.6248238
94500	-1429.929	0	-1429.929	-0.6402379
95000	-1455.528	0	-1455.528	-0.4518475
95500	-1549.13	0	-1549.13	-0.554343
96000	-1566.681	0	-1566.681	-0.5334336
96500	-1550.996	0	-1550.996	-0.2734799
97000	-1522.901	0	-1522.901	-0.3139734
97500	-1516.768	0	-1516.768	-0.4388158
98000	-1505.233	0	-1505.233	-0.2913422
98500	-1566.376	0	-1566.376	-0.1617462
99000	-1590.498	0	-1590.498	-0.4336909
99500	-1537.954	0	-1537.954	-0.2638207
100000	-1559.457	0	-1559.457	-0.2021029
100500	-1463.982	0	-1463.982	-0.3546393
101000	-1457.901	0	-1457.901	-0.452829
101500	-1541.271	0	-1541.271	-0.391514
102000	-1569.716	0	-1569.716	-0.3382977
102500	-1543.509	0	-1543.509	-0.4461605
103000	-1489.275	0	-1489.275	-0.0900283
103500	-1504.615	0	-1504.615	-0.2366912
104000	-1576.85	0	-1576.85	-0.3471105
104500	-1576.741	0	-1576.741	-0.2876476
105000	-1551.638	0	-1551.638	-0.09958156
105500	-1619.849	0	-1619.849	-0.1971318
106000	-1601.521	0	-1601.521	-0.4671758
106500	-1611.184	0	-1611.184	-0.2005625
107000	-1563.73	0	-1563.73	-0.2393814
107500	-1602.285	0	-1602.285	-0.3548241
108000	-1544.538	0	-1544.538	-0.3699795
108500	-1560.51	0	-1560.51	-0.3775182
109000	-1595.452	0	-1595.452	-0.3588591
109500	-1511.033	0	-1511.033	-0.4990696
110000	-1475.533	0	-1475.533	-0.5112348
110500	-1561.27	0	-1561.27	-0.4231632
111000	-1508.893	0	-1508.893	-0.5286323
111500	-1517.094	0	-1517.094	-0.524426
112000	-1514.041	0	-1514.041	-0.4259938
112500	-1593.547	0	-1593.547	-0.4498622
113000	-1511.587	0	-1511.587	-0.5425403
113500	-1488.28	0	-1488.28	-0.4611075
114000	-1440.013	0	-1440.013	-0.4719615
114500	-1569.871	0	-1569.871	-0.5515467
115000	-1574.825	0	-1574.825	-0.4509144
115500	-1539.539	0	-1539.539	-0.434942
116000	-1640.946	0	-1640.946	-0.4806893
116500	-1556.928	0	-1556.928	-0.4949431
117000	-1528.289	0	-1528.289	-0.5030741
117500	-1493.75	0	-1493.75	-0.5984976
118000	-1467.914	0	-1467.914	-0.6173025
118500	-1485.394	0	-1485.394	-0.4405853
119000	-1489.479	0	-1489.479	-0.441412
119500	-1497.298	0	-1497.298	-0.4912362
120000	-1548.717	0	-1548.717	-0.5639277
120500	-1395.852	0	-1395.852	-0.6551015
121000	-1390.445	0	-1390.445	-0.634007
121500	-1481.737	0	-1481.737	-0.6279042
122000	-1455.606	0	-1455.606	-0.6185678
122500	-1366.683	0	-1366.683	-0.609603
123000	-1405.107	0	-1405.107	-0.6399025
123500	-1422.214	0	-1422.214	-0.4445096
124000	-1447.26	0	-1447.26	-0.5041994
124500	-1432.627	0	-1432.627	-0.4636888
125000	-1448.319	0	-1448.319	-0.3905277
125500	-1507.144	0	-1507.144	-0.3921981
126000	-1384.744	0	-1384.744	-0.4719956
126500	-1391.216	0	-1391.216	-0.5747829
127000	-1398.695	0	-1398.695	-0.5829013
127500	-1412.566	0	-1412.566	-0.6205599
128000	-1295.339	0	-1295.339	-0.7432144
128500	-1409.631	0	-1409.631	-0.6836326
129000	-1425.98	0	-1425.98	-0.7223024
129500	-1414.032	0	-1414.032	-0.7340635
130000	-1493.03	0	-1493.03	-0.6175467
130500	-1422.477	0	-1422.477	-0.6336837
131000	-1478.935	0	-1478.935	-0.7010448
131500	-1462.686	0	-1462.686	-0.738538
132000	-1469.021	0	-1469.021	-0.4589679
132500	-1451.146	0	-1451.146	-0.6137942
133000	-1474.151	0	-1474.151	-0.5402828
133500	-1442.409	0	-1442.409	-0.5868829
134000	-1415.211	0	-1415.211	-0.6432897
134500	-1436.808	0	-1436.808	-0.518576
135000	-1424.613	0	-1424.613	-0.5411169
135500	-1418.769	0	-1418.769	-0.4073825
136000	-1450.732	0	-1450.732	-0.4549587
136500	-1456.501	0	-1456.501	-0.2919883
137000	-1568.043	0	-1568.043	-0.2036848
137500	-1443.802	0	-1443.802	-0.2649964
138000	-1506.826	0	-1506.826	-0.2530565
138500	-1541.607	0	-1541.607	-0.4536144
139000	-1471.688	0	-1471.688	-0.4819909
139500	-1467.17	0	-1467.17	-0.5632194
140000	-1472.656	0	-1472.656	-0.5238859
140500	-1545.261	0	-1545.261	-0.4545861
141000	-1549.811	0	-1549.811	-0.307899
141500	-1509.135	0	-1509.135	-0.4245179
142000	-1498.059	0	-1498.059	-0.4863187
142500	-1479.173	0	-1479.173	-0.3796162
143000	-1459.391	0	-1459.391	-0.3921481
143500	-1487.923	0	-1487.923	-0.2867426
144000	-1492.4	0	-1492.4	-0.3434531
144500	-1506.536	0	-1506.536	-0.3890578
145000	-1521.406	0	-1521.406	-0.5134652
145500	-1474.392	0	-1474.392	-0.4289396
146000	-1458.839	0	-1458.839	-0.4499531
146500	-1531.41	0	-1531.41	-0.4941579
147000	-1507.296	0	-1507.296	-0.4580195
147500	-1435.67	0	-1435.67	-0.6610592
148000	-1445.782	0	-1445.782	-0.60338
148500	-1526.198	0	-1526.198	-0.4083993
149000	-1503.391	0	-1503.391	-0.5489182
149500	-1451.398	0	-1451.398	-0.5775438
150000	-1423.714	0	-1423.714	-0.6989831
150500	-1384.359	0	-1384.359	-0.6003318
151000	-1420.628	0	-1420.628	-0.6179505
151500	-1383.15	0	-1383.15	-0.6549941
152000	-1346.213	0	-1346.213	-0.7264746
152500	-1440.886	0	-1440.886	-0.6453267
153000	-1533.163	0	-1533.163	-0.6644745
153500	-1545.738	0	-1545.738	-0.5371824
154000	-1593.079	0	-1593.079	-0.544628
154500	-1614.393	0	-1614.393	-0.3843721
155000	-1527.663	0	-1527.663	-0.3610352
155500	-1587.929	0	-1587.929	-0.2309461
156000	-1562.773	0	-1562.773	-0.1939568
156500	-1497.197	0	-1497.197	-0.3372134
157000	-1473.372	0	-1473.372	-0.2821962
157500	-1573.613	0	-1573.613	-0.3835677
158000	-1451.81	0	-1451.81	-0.4146987
158500	-1459.765	0	-1459.765	-0.4544884
159000	-1500.47	0	-1500.47	-0.5362167
159500	-1501.999	0	-1501.999	-0.5166673
160000	-1512.683	0	-1512.683	-0.5337743
160500	-1471.205	0	-1471.205	-0.5199364
161000	-1484.067	0	-1484.067	-0.5854136
161500	-1510.531	0	-1510.531	-0.5631382
162000	-1460.475	0	-1460.475	-0.4698526
162500	-1424.193	0	-1424.193	-0.5794802
163000	-1486.41	0	-1486.41	-0.622739
163500	-1521.075	0	-1521.075	-0.4469545
164000	-1402.795	0	-1402.795	-0.5458145
164500	-1435.203	0	-1435.203	-0.5111115
165000	-1406.262	0	-1406.262	-0.4725769
165500	-1449.943	0	-1449.943	-0.4844359
166000	-1488.739	0	-1488.739	-0.4937074
166500	-1495.662	0	-1495.662	-0.3768163
167000	-1511.319	0	-1511.319	-0.4569314
167500	-1373.815	0	-1373.815	-0.395575
168000	-1548.168	0	-1548.168	-0.3944845
168500	-1542.912	0	-1542.912	-0.3274008
169000	-1536.075	0	-1536.075	-0.2169678
169500	-1492.999	0	-1492.999	-0.3223594
170000	-1476.96	0	-1476.96	-0.520268
170500	-1422.962	0	-1422.962	-0.5669265
171000	-1494.189	0	-1494.189	-0.5631363
171500	-1492.932	0	-1492.932	-0.3952822
172000	-1570.383	0	-1570.383	-0.3167323
172500	-1503.647	0	-1503.647	-0.5421422
173000	-1459.401	0	-1459.401	-0.5054136
173500	-1491.693	0	-1491.693	-0.3421236
174000	-1492.605	0	-1492.605	-0.5058075
174500	-1527.937	0	-1527.937	-0.5407705
175000	-1552.525	0	-1552.525	-0.5262584
175500	-1547.616	0	-1547.616	-0.5915463
176000	-1469.72	0	-1469.72	-0.6235997
176500	-1441.899	0	-1441.899	-0.5225394
177000	-1413.475	0	-1413.475	-0.5997293
177500	-1512.491	0	-1512.491	-0.3896476
178000	-1492.278	0	-1492.278	-0.3123397
178500	-1386.043	0	-1386.043	-0.3794786
179000	-1359.362	0	-1359.362	-0.4973119
179500	-1377.098	0	-1377.098	-0.5620161
180000	-1421.715	0	-1421.715	-0.5411274
180500	-1498.399	0	-1498.399	-0.552451
181000	-1528.164	0	-1528.164	-0.4239212
181500	-1488.437	0	-1488.437	-0.4838001
182000	-1499.39	0	-1499.39	-0.5034394
182500	-1447.913	0	-1447.913	-0.6618002
183000	-1426.349	0	-1426.349	-0.4869329
183500	-1451.646	0	-1451.646	-0.6476215
184000	-1383.241	0	-1383.241	-0.6312458
184500	-1453.271	0	-1453.271	-0.5647294
185000	-1392.813	0	-1392.813	-0.6270604
185500	-1446.649	0	-1446.649	-0.4146187
186000	-1502.057	0	-1502.057	-0.438475
186500	-1536.393	0	-1536.393	-0.4902827
187000	-1482.552	0	-1482.552	-0.5625056
187500	-1517.207	0	-1517.207	-0.5698831
188000	-1478.524	0	-1478.524	-0.4138946
188500	-1390.2	0	-1390.2	-0.4858777
189000	-1480.064	0	-1480.064	-0.4140179
189500	-1527.454	0	-1527.454	-0.05433405
190000	-1535.577	0	-1535.577	-0.06719405
190500	-1428.397	0	-1428.397	-0.1684525
191000	-1408.484	0	-1408.484	-0.1780732
191500	-1422.46	0	-1422.46	-0.2517787
192000	-1508.181	0	-1508.181	-0.09747983
192500	-1490.089	0	-1490.089	-0.3189551
193000	-1410.909	0	-1410.909	-0.3200111
193500	-1464.961	0	-1464.961	-0.2546947
194000	-1480.06	0	-1480.06	-0.3516862
194500	-1457.01	0	-1457.01	-0.5637428
195000	-1454.175	0	-1454.175	-0.5255268
195500	-1435.613	0	-1435.613	-0.5363122
196000	-1429.371	0	-1429.371	-0.5407436
196500	-1506.37	0	-1506.37	-0.367392
197000	-1466.617	0	-1466.617	-0.3930155
197500	-1428.647	0	-1428.647	-0.1049501
198000	-1383.708	0	-1383.708	-0.1593781
198500	-1490.759	0	-1490.759	-0.2638914
199000	-1431.272	0	-1431.272	-0.3200954
199500	-1522.354	0	-1522.354	-0.2757181
200000	-1498.876	0	-1498.876	-0.4171792
200500	-1427.436	0	-1427.436	-0.549268
201000	-1507.225	0	-1507.225	-0.4312217
201500	-1427.354	0	-1427.354	-0.5295846
202000	-1444.38	0	-1444.38	-0.6383912
202500	-1485.64	0	-1485.64	-0.5411804
203000	-1484.116	0	-1484.116	-0.4922056
203500	-1451.875	0	-1451.875	-0.4626737
204000	-1403.665	0	-1403.665	-0.4811482
204500	-1418.522	0	-1418.522	-0.3772414
205000	-1466.54	0	-1466.54	-0.3744357
205500	-1519.9	0	-1519.9	-0.3971715
206000	-1481.281	0	-1481.281	-0.2914975
206500	-1416.506	0	-1416.506	-0.3852685
207000	-1407.05	0	-1407.05	-0.4389234
207500	-1413.759	0	-1413.759	-0.4156793
208000	-1464.331	0	-1464.331	-0.4924515
208500	-1510.247	0	-1510.247	-0.3776381
209000	-1552.411	0	-1552.411	-0.196622
209500	-1564.768	0	-1564.768	-0.3330802
210000	-1474.674	0	-1474.674	-0.4190994
210500	-1407.293	0	-1407.293	-0.4140489
211000	-1337.653	0	-1337.653	-0.3410503
211500	-1400.904	0	-1400.904	-0.3824522
212000	-1372.451	0	-1372.451	-0.3971383
212500	-1476.994	0	-1476.994	-0.4208883
213000	-1490.404	0	-1490.404	-0.1882494
213500	-1405.01	0	-1405.01	-0.460226
214000	-1439.839	0	-1439.839	-0.5062698
214500	-1442.403	0	-1442.403	-0.5090028
215000	-1489.988	0	-1489.988	-0.5212072
215500	-1488.259	0	-1488.259	-0.4466824
216000	-1532.362	0	-1532.362	-0.4444291
216500	-1493.438	0	-1493.438	-0.3845121
217000	-1495.958	0	-1495.958	-0.4545097
217500	-1495.816	0	-1495.816	-0.4883861
218000	-1410.898	0	-1410.898	-0.5916145
218500	-1427.1	0	-1427.1	-0.4655328
219000	-1454.575	0	-1454.575	-0.3763458
219500	-1345.033	0	-1345.033	-0.3990158
220000	-1335.035	0	-1335.035	-0.4295279
220500	-1490.332	0	-1490.332	-0.4829458
221000	-1379.204	0	-1379.204	-0.4778862
221500	-1394.383	0	-1394.383	-0.5416665
222000	-1426.971	0	-1426.971	-0.4978379
222500	-1445.593	0	-1445.593	-0.542767
223000	-1354.946	0	-1354.946	-0.4589776
223500	-1362.459	0	-1362.459	-0.5642383
224000	-1364.714	0	-1364.714	-0.6892816
224500	-1367.411	0	-1367.411	-0.6453087
225000	-1486.003	0	-1486.003	-0.462057
225500	-1334.238	0	-1334.238	-0.4779751
226000	-1447.11	0	-1447.11	-0.5378198
226500	-1494.64	0	-1494.64	-0.6294329
227000	-1386.166	0	-1386.166	-0.6864317
227500	-1348.543	0	-1348.543	-0.6554575
228000	-1384.457	0	-1384.457	-0.7384467
228500	-1449.253	0	-1449.253	-0.6611782
229000	-1394.627	0	-1394.627	-0.5047119
229500	-1411.85	0	-1411.85	-0.3371952
230000	-1339.322	0	-1339.322	-0.2256759
230500	-1381.879	0	-1381.879	-0.3823478
231000	-1377.256	0	-1377.256	-0.3925195
231500	-1455.661	0	-1455.661	-0.3167725
232000	-1457.656	0	-1457.656	-0.2337727
232500	-1356.736	0	-1356.736	-0.5183442
233000	-1392.578	0	-1392.578	-0.4823946
233500	-1447.345	0	-1447.345	-0.2993797
234000	-1348.445	0	-1348.445	-0.4930064
234500	-1387.066	0	-1387.066	-0.4107089
235000	-1398.383	0	-1398.383	-0.5031974
235500	-1363.864	0	-1363.864	-0.5101399
236000	-1403.57	0	-1403.57	-0.4409577
236500	-1445.821	0	-1445.821	-0.5782441
237000	-1439.632	0	-1439.632	-0.5521334
237500	-1427.989	0	-1427.989	-0.4429341
238000	-1346.729	0	-1346.729	-0.4485796
238500	-1377.552	0	-1377.552	-0.5142236
239000	-1398.749	0	-1398.749	-0.5802434
239500	-1430.274	0	-1430.274	-0.3835948
240000	-1376.226	0	-1376.226	-0.3485821
240500	-1473.516	0	-1473.516	-0.2271501
241000	-1360.93	0	-1360.93	-0.3989325
241500	-1426.852	0	-1426.852	-0.4790568
242000	-1496.762	0	-1496.762	-0.5380943
242500	-1386.676	0	-1386.676	-0.5728384
243000	-1508.664	0	-1508.664	-0.4736671
243500	-1581.82	0	-1581.82	-0.4755116
244000	-1547.6	0	-1547.6	-0.4756229
244500	-1535.083	0	-1535.083	-0.3629972
245000	-1482.224	0	-1482.224	-0.3983384
245500	-1485.596	0	-1485.596	-0.3928976
246000	-1540.977	0	-1540.977	-0.4630638
246500	-1377.119	0	-1377.119	-0.4517745
247000	-1456.941	0	-1456.941	-0.4907702
247500	-1526.072	0	-1526.072	-0.3341125
248000	-1484.168	0	-1484.168	-0.3624133
248500	-1413.897	0	-1413.897	-0.3810856
249000	-1448.471	0	-1448.471	-0.4020483
249500	-1478.377	0	-1478.377	-0.4291709
250000	-1470.081	0	-1470.081	-0.5097437
250500	-1514.606	0	-1514.606	-0.4443235
251000	-1489.313	0	-1489.313	-0.395395
251500	-1492.796	0	-1492.796	-0.346308
252000	-1480.119	0	-1480.119	-0.3908547
252500	-1438.765	0	-1438.765	-0.430407
253000	-1346.779	0	-1346.779	-0.4110622
253500	-1429.572	0	-1429.572	-0.3962811
254000	-1483.356	0	-1483.356	-0.4473099
254500	-1590.068	0	-1590.068	-0.2660602
255000	-1497.329	0	-1497.329	-0.3482117
255500	-1567.47	0	-1567.47	-0.374019
256000	-1425.687	0	-1425.687	-0.5018503
256500	-1501.871	0	-1501.871	-0.4548361
257000	-1453.338	0	-1453.338	-0.6176542
257500	-1502.748	0	-1502.748	-0.5191138
258000	-1480.763	0	-1480.763	-0.3861974
258500	-1493.729	0	-1493.729	-0.4262262
259000	-1496.935	0	-1496.935	-0.440831
259500	-1430.38	0	-1430.38	-0.3617287
260000	-1444.551	0	-1444.551	-0.4919234
260500	-1480.436	0	-1480.436	-0.5762036
261000	-1435.612	0	-1435.612	-0.4306322
261500	-1352.497	0	-1352.497	-0.5388598
262000	-1418.044	0	-1418.044	-0.6239129
262500	-1394.389	0	-1394.389	-0.6719223
263000	-1321.603	0	-1321.603	-0.640031
263500	-1359.904	0	-1359.904	-0.6864075
264000	-1497.095	0	-1497.095	-0.6712422
264500	-1519.492	0	-1519.492	-0.5994311
265000	-1493.869	0	-1493.869	-0.5465294
265500	-1473.179	0	-1473.179	-0.4008404
266000	-1497.065	0	-1497.065	-0.3747481
266500	-1459.473	0	-1459.473	-0.5167364
267000	-1501.138	0	-1501.138	-0.6172541
267500	-1494.144	0	-1494.144	-0.6720583
268000	-1539.035	0	-1539.035	-0.4425003
268500	-1541.708	0	-1541.708	-0.4643847
269000	-1488.777	0	-1488.777	-0.4872605
269500	-1482.855	0	-1482.855	-0.5461975
270000	-1519.448	0	-1519.448	-0.3693285
270500	-1494.877	0	-1494.877	-0.4691802
271000	-1443.421	0	-1443.421	-0.6032319
271500	-1496.746	0	-1496.746	-0.4735451
272000	-1425.313	0	-1425.313	-0.3618115
272500	-1530.36	0	-1530.36	-0.4111149
273000	-1509.367	0	-1509.367	-0.4052769
273500	-1626.686	0	-1626.686	-0.3881864
274000	-1508.154	0	-1508.154	-0.427069
274500	-1437.166	0	-1437.166	-0.4576076
275000	-1433.495	0	-1433.495	-0.4496799
275500	-1456.243	0	-1456.243	-0.4981571
276000	-1572.477	0	-1572.477	-0.4563508
276500	-1565.54	0	-1565.54	-0.4132377
277000	-1549.968	0	-1549.968	-0.680466
277500	-1555.182	0	-1555.182	-0.6147466
278000	-1541.054	0	-1541.054	-0.516244
278500	-1472.891	0	-1472.891	-0.3540206
279000	-1505.059	0	-1505.059	-0.4941183
279500	-1547.783	0	-1547.783	-0.4236431
280000	-1502.869	0	-1502.869	-0.48151
280500	-1405.267	0	-1405.267	-0.4214284
281000	-1419.176	0	-1419.176	-0.4635375
281500	-1426.525	0	-1426.525	-0.480058
282000	-1483.499	0	-1483.499	-0.4928223
282500	-1404.2	0	-1404.2	-0.5086197
283000	-1381.196	0	-1381.196	-0.535712
283500	-1460.094	0	-1460.094	-0.5968059
284000	-1512.365	0	-1512.365	-0.5916172
284500	-1444.106	0	-1444.106	-0.5849232
285000	-1467.392	0	-1467.392	-0.5073479
285500	-1470.218	0	-1470.218	-0.5638651
286000	-1485.208	0	-1485.208	-0.6025451
286500	-1455.652	0	-1455.652	-0.5148836
287000	-1449.642	0	-1449.642	-0.4173479
287500	-1376.544	0	-1376.544	-0.4308319
288000	-1402.517	0	-1402.517	-0.492156
288500	-1458.24	0	-1458.24	-0.502848
289000	-1509.06	0	-1509.06	-0.3718411
289500	-1595.043	0	-1595.043	-0.3754117
290000	-1520.245	0	-1520.245	-0.6599403
290500	-1513.237	0	-1513.237	-0.481354
291000	-1553.831	0	-1553.831	-0.5023068
291500	-1563.91	0	-1563.91	-0.4315949
292000	-1549.396	0	-1549.396	-0.4503964
292500	-1564.408	0	-1564.408	-0.4867635
293000	-1598.005	0	-1598.005	-0.5195967
293500	-1563.025	0	-1563.025	-0.4183561
294000	-1598.781	0	-1598.781	-0.4417723
294500	-1616.096	0	-1616.096	-0.4590469
295000	-1577.225	0	-1577.225	-0.5510619
295500	-1617.12	0	-1617.12	-0.4629393
296000	-1554.64	0	-1554.64	-0.5468359
296500	-1560.157	0	-1560.157	-0.5659066
297000	-1556.74	0	-1556.74	-0.5070704
297500	-1564.647	0	-1564.647	-0.5536143
298000	-1627.687	0	-1627.687	-0.3240361
298500	-1588.256	0	-1588.256	-0.4715588
299000	-1567.72	0	-1567.72	-0.503638
299500	-1593.851	0	-1593.851	-0.4603602
300000	-1547.3	0	-1547.3	-0.4244577
300500	-1545.792	0	-1545.792	-0.5525782
301000	-1564.956	0	-1564.956	-0.5050242
301500	-1515.502	0	-1515.502	-0.4592731
302000	-1519.19	0	-1519.19	-0.6067747
302500	-1496.038	0	-1496.038	-0.6528397
303000	-1473.217	0	-1473.217	-0.6644504
303500	-1492.818	0	-1492.818	-0.5592456
304000	-1499.371	0	-1499.371	-0.3640799
304500	-1489.925	0	-1489.925	-0.4556293
305000	-1502.63	0	-1502.63	-0.5012443
305500	-1452.985	0	-1452.985	-0.5255693
306000	-1480.337	0	-1480.337	-0.5049812
306500	-1400.26	0	-1400.26	-0.4968052
307000	-1458.939	0	-1458.939	-0.4648743
307500	-1447.316	0	-1447.316	-0.3977293
308000	-1390.765	0	-1390.765	-0.4993091
308500	-1404.764	0	-1404.764	-0.2522806
309000	-1487.75	0	-1487.75	-0.2135604
309500	-1410.109	0	-1410.109	-0.5138766
310000	-1508.597	0	-1508.597	-0.5280948
310500	-1473.296	0	-1473.296	-0.3786129
311000	-1447.658	0	-1447.658	-0.5156785
311500	-1460.406	0	-1460.406	-0.4715285
312000	-1504.838	0	-1504.838	-0.5091442
312500	-1522.43	0	-1522.43	-0.4564417
313000	-1533.654	0	-1533.654	-0.4491987
313500	-1539.138	0	-1539.138	-0.401794
314000	-1600.557	0	-1600.557	-0.1041511
314500	-1545.017	0	-1545.017	-0.0998102
315000	-1473.9	0	-1473.9	-0.191214
315500	-1497.893	0	-1497.893	-0.02019854
316000	-1380.687	0	-1380.687	-0.488727
316500	-1405.067	0	-1405.067	-0.4781294
317000	-1409.077	0	-1409.077	-0.4791333
317500	-1302.671	0	-1302.671	-0.4874901
318000	-1382.73	0	-1382.73	-0.5846859
318500	-1529.607	0	-1529.607	-0.3842851
319000	-1543.247	0	-1543.247	-0.2327632
319500	-1485.671	0	-1485.671	-0.1772237
320000	-1497.573	0	-1497.573	-0.1901559
320500	-1449.553	0	-1449.553	-0.361379
321000	-1441.987	0	-1441.987	-0.4399924
321500	-1447.455	0	-1447.455	-0.6285603
322000	-1561.318	0	-1561.318	-0.3916222
322500	-1503.008	0	-1503.008	-0.4234257
323000	-1557.582	0	-1557.582	-0.3806705
323500	-1541.034	0	-1541.034	-0.3339857
324000	-1534.403	0	-1534.403	-0.2970729
324500	-1573.884	0	-1573.884	-0.1759075
325000	-1532.884	0	-1532.884	-0.2775395
325500	-1519.138	0	-1519.138	-0.4464375
326000	-1500.196	0	-1500.196	-0.3885102
326500	-1471.594	0	-1471.594	-0.4710383
327000	-1511.31	0	-1511.31	-0.3124446
327500	-1506.344	0	-1506.344	-0.5763496
328000	-1524.753	0	-1524.753	-0.4544729
328500	-1480.78	0	-1480.78	-0.5325208
329000	-1465.987	0	-1465.987	-0.5839198
329500	-1483.38	0	-1483.38	-0.4306427
330000	-1475.908	0	-1475.908	-0.5063064
330500	-1368.536	0	-1368.536	-0.4023776
331000	-1452.098	0	-1452.098	-0.3102634
331500	-1573.039	0	-1573.039	-0.2991918
332000	-1529.61	0	-1529.61	-0.3664522
332500	-1464.395	0	-1464.395	-0.429446
333000	-1519.108	0	-1519.108	-0.4850253
333500	-1450.781	0	-1450.781	-0.2640644
334000	-1559.29	0	-1559.29	-0.3300929
334500	-1542.474	0	-1542.474	-0.6237031
335000	-1547.513	0	-1547.513	-0.3178517
335500	-1424.545	0	-1424.545	-0.3031738
336000	-1468.613	0	-1468.613	-0.5144025
336500	-1520.219	0	-1520.219	-0.5340228
337000	-1454.265	0	-1454.265	-0.6661979
337500	-1529.346	0	-1529.346	-0.5542003
338000	-1516.206	0	-1516.206	-0.531087
338500	-1412.8	0	-1412.8	-0.6194599
339000	-1473.276	0	-1473.276	-0.4833455
339500	-1424.952	0	-1424.952	-0.4136116
340000	-1397.822	0	-1397.822	-0.5712754
340500	-1321.924	0	-1321.924	-0.553247
341000	-1382.43	0	-1382.43	-0.511988
341500	-1395.592	0	-1395.592	-0.5600645
342000	-1392.959	0	-1392.959	-0.6741562
342500	-1358.056	0	-1358.056	-0.6281984
343000	-1380.965	0	-1380.965	-0.5821305
343500	-1365.816	0	-1365.816	-0.4831731
344000	-1411.503	0	-1411.503	-0.4964131
344500	-1550.935	0	-1550.935	-0.4360266
345000	-1514.696	0	-1514.696	-0.4144962
345500	-1428.442	0	-1428.442	-0.5696387
346000	-1346.126	0	-1346.126	-0.7214634
346500	-1352.201	0	-1352.201	-0.5804335
347000	-1376.141	0	-1376.141	-0.6388575
347500	-1478.082	0	-1478.082	-0.6096307
348000	-1396.031	0	-1396.031	-0.6216451
348500	-1387.654	0	-1387.654	-0.6273086
349000	-1375.837	0	-1375.837	-0.6108722
349500	-1379.962	0	-1379.962	-0.6033033
350000	-1517.632	0	-1517.632	-0.4475273
350500	-1418.388	0	-1418.388	-0.5748052
351000	-1389.936	0	-1389.936	-0.609612
351500	-1402.03	0	-1402.03	-0.5050715
352000	-1483.999	0	-1483.999	-0.6943716
352500	-1465.07	0	-1465.07	-0.5655532
353000	-1445.935	0	-1445.935	-0.4407681
353500	-1490.583	0	-1490.583	-0.5739548
354000	-1525.976	0	-1525.976	-0.6118761
354500	-1490.878	0	-1490.878	-0.6177866
355000	-1524.436	0	-1524.436	-0.5338768
355500	-1405.964	0	-1405.964	-0.554942
356000	-1403.913	0	-1403.913	-0.4307032
356500	-1459.999	0	-1459.999	-0.2605898
357000	-1346.633	0	-1346.633	-0.437901
357500	-1428.54	0	-1428.54	-0.4649435
358000	-1444.413	0	-1444.413	-0.5918237
358500	-1434.355	0	-1434.355	-0.5686624
359000	-1406.63	0	-1406.63	-0.5740672
359500	-1371.876	0	-1371.876	-0.6389159
360000	-1345.21	0	-1345.21	-0.7585152
360500	-1417.269	0	-1417.269	-0.7487623
361000	-1493.301	0	-1493.301	-0.611859
361500	-1481.185	0	-1481.185	-0.5152132
362000	-1443.132	0	-1443.132	-0.5340584
362500	-1442.92	0	-1442.92	-0.7064113
363000	-1516.818	0	-1516.818	-0.6781801
363500	-1452.713	0	-1452.713	-0.6023966
364000	-1557.044	0	-1557.044	-0.5424702
364500	-1567.234	0	-1567.234	-0.4219416
365000	-1593.855	0	-1593.855	-0.5534003
365500	-1587.966	0	-1587.966	-0.3657809
366000	-1542.675	0	-1542.675	-0.4791547
366500	-1572.8	0	-1572.8	-0.4770744
367000	-1507.794	0	-1507.794	-0.5113478
367500	-1567.123	0	-1567.123	-0.5629761
368000	-1561.976	0	-1561.976	-0.4990349
368500	-1570.121	0	-1570.121	-0.3215731
369000	-1454.915	0	-1454.915	-0.6568648
369500	-1488.935	0	-1488.935	-0.4879203
370000	-1481.729	0	-1481.729	-0.4984451
370500	-1504.546	0	-1504.546	-0.4114132
371000	-1447.945	0	-1447.945	-0.5148219
371500	-1394.148	0	-1394.148	-0.631374
372000	-1467.546	0	-1467.546	-0.4172662
372500	-1484.886	0	-1484.886	-0.4658621
373000	-1465.741	0	-1465.741	-0.5540557
373500	-1469.91	0	-1469.91	-0.5074749
374000	-1452.108	0	-1452.108	-0.4801878
374500	-1473.811	0	-1473.811	-0.4511331
375000	-1475.589	0	-1475.589	-0.544877
375500	-1462.17	0	-1462.17	-0.4508289
376000	-1483.027	0	-1483.027	-0.3981907
376500	-1439.007	0	-1439.007	-0.3702707
377000	-1549.672	0	-1549.672	-0.4489333
377500	-1445.452	0	-1445.452	-0.4507647
378000	-1389.344	0	-1389.344	-0.5990111
378500	-1469.991	0	-1469.991	-0.5948732
379000	-1484.187	0	-1484.187	-0.4932672
379500	-1451.761	0	-1451.761	-0.5747054
380000	-1486.956	0	-1486.956	-0.4810594
380500	-1565.517	0	-1565.517	-0.3632458
381000	-1469.187	0	-1469.187	-0.5548538
381500	-1473.387	0	-1473.387	-0.5117853
382000	-1449.656	0	-1449.656	-0.4959898
382500	-1429.244	0	-1429.244	-0.4375196
383000	-1541.186	0	-1541.186	-0.4176623
383500	-1515.743	0	-1515.743	-0.5383421
384000	-1521.284	0	-1521.284	-0.4683741
384500	-1534.343	0	-1534.343	-0.2483982
385000	-1474.32	0	-1474.32	-0.4888999
385500	-1477.466	0	-1477.466	-0.4393043
386000	-1549.43	0	-1549.43	-0.4227639
386500	-1557.825	0	-1557.825	-0.4026587
387000	-1522.785	0	-1522.785	-0.4959181
387500	-1520.748	0	-1520.748	-0.478696
388000	-1529.525	0	-1529.525	-0.5387181
388500	-1574.017	0	-1574.017	-0.4109198
389000	-1483.14	0	-1483.14	-0.3730471
389500	-1476.165	0	-1476.165	-0.4564078
390000	-1464.029	0	-1464.029	-0.3255719
390500	-1471.163	0	-1471.163	-0.3486421
391000	-1510.681	0	-1510.681	-0.3856846
391500	-1509.26	0	-1509.26	-0.4145018
392000	-1441.831	0	-1441.831	-0.3806646
392500	-1517.129	0	-1517.129	-0.4237591
393000	-1470.801	0	-1470.801	-0.4027477
393500	-1496.553	0	-1496.553	-0.3931185
394000	-1500.733	0	-1500.733	-0.3460458
394500	-1527.354	0	-1527.354	-0.2368775
395000	-1550.563	0	-1550.563	-0.4442968
395500	-1455.193	0	-1455.193	-0.500433
396000	-1441.7	0	-1441.7	-0.6377811
396500	-1397.601	0	-1397.601	-0.6062124
397000	-1373.713	0	-1373.713	-0.4784829
397500	-1417.33	0	-1417.33	-0.3850917
398000	-1395.618	0	-1395.618	-0.3128341
398500	-1394.059	0	-1394.059	-0.4922721
399000	-1444.837	0	-1444.837	-0.4172084
399500	-1439.734	0	-1439.734	-0.4889343
400000	-1497.927	0	-1497.927	-0.4938319
400500	-1374.176	0	-1374.176	-0.4765592
401000	-1457.204	0	-1457.204	-0.3857649
401500	-1351.322	0	-1351.322	-0.3460284
402000	-1413.01	0	-1413.01	-0.4074601
402500	-1424.364	0	-1424.364	-0.3178651
403000	-1473.677	0	-1473.677	-0.2445883
403500	-1387.928	0	-1387.928	-0.4802592
404000	-1464.98	0	-1464.98	-0.5242881
404500	-1562.6	0	-1562.6	-0.3217668
405000	-1526.732	0	-1526.732	-0.301187
405500	-1536.316	0	-1536.316	-0.3029117
406000	-1575.901	0	-1575.901	-0.2365212
406500	-1529.968	0	-1529.968	-0.4073967
407000	-1541.936	0	-1541.936	-0.2751873
407500	-1538.243	0	-1538.243	-0.3618855
408000	-1453.024	0	-1453.024	-0.3670608
408500	-1405.686	0	-1405.686	-0.513522
409000	-1510.992	0	-1510.992	-0.2634717
409500	-1540.947	0	-1540.947	-0.3948655
410000	-1535.252	0	-1535.252	-0.2557511
410500	-1433.367	0	-1433.367	-0.350241
411000	-1435.534	0	-1435.534	-0.3686852
411500	-1540.047	0	-1540.047	-0.2924516
412000	-1488.005	0	-1488.005	-0.4539434
412500	-1438.652	0	-1438.652	-0.369964
413000	-1429.793	0	-1429.793	-0.4829407
413500	-1429.972	0	-1429.972	-0.5058756
414000	-1420.574	0	-1420.574	-0.5141416
414500	-1422.78	0	-1422.78	-0.4070154
415000	-1412.076	0	-1412.076	-0.3564206
415500	-1443.433	0	-1443.433	-0.3220064
416000	-1441.947	0	-1441.947	-0.2567081
416500	-1372.498	0	-1372.498	-0.3481222
417000	-1356.459	0	-1356.459	-0.4716273
417500	-1451.577	0	-1451.577	-0.4828281
418000	-1373.699	0	-1373.699	-0.4477084
418500	-1386.996	0	-1386.996	-0.4364212
419000	-1352.238	0	-1352.238	-0.534057
419500	-1388.637	0	-1388.637	-0.4709807
420000	-1412.187	0	-1412.187	-0.4414789
420500	-1413.802	0	-1413.802	-0.5257442
421000	-1385.973	0	-1385.973	-0.4849941
421500	-1415.613	0	-1415.613	-0.4221161
422000	-1418.828	0	-1418.828	-0.3647261
422500	-1429.872	0	-1429.872	-0.3643623
423000	-1385.01	0	-1385.01	-0.4016482
423500	-1350.346	0	-1350.346	-0.4127078
424000	-1470.021	0	-1470.021	-0.2648302
424500	-1459.324	0	-1459.324	-0.2702751
425000	-1466.177	0	-1466.177	-0.3850547
425500	-1441.74	0	-1441.74	-0.385167
426000	-1437.861	0	-1437.861	-0.2365089
426500	-1449.464	0	-1449.464	-0.2425168
427000	-1524.737	0	-1524.737	-0.3447655
427500	-1473.501	0	-1473.501	-0.2700821
428000	-1541.803	0	-1541.803	-0.4283408
428500	-1535.347	0	-1535.347	-0.27525
429000	-1549.191	0	-1549.191	-0.1597853
429500	-1483.677	0	-1483.677	-0.2139078
430000	-1480.282	0	-1480.282	-0.172985
430500	-1459.475	0	-1459.475	-0.04646122
431000	-1514.653	0	-1514.653	-0.2488565
431500	-1556.338	0	-1556.338	-0.2761148
432000	-1508.652	0	-1508.652	-0.3874511
432500	-1429.484	0	-1429.484	-0.415076
433000	-1445.857	0	-1445.857	-0.4597167
433500	-1429.622	0	-1429.622	-0.4997828
434000	-1404.35	0	-1404.35	-0.3546767
434500	-1366.707	0	-1366.707	-0.5515212
435000	-1451.861	0	-1451.861	-0.4928633
435500	-1425.777	0	-1425.777	-0.3231895
436000	-1329.117	0	-1329.117	-0.3065707
436500	-1416.301	0	-1416.301	-0.3033208
437000	-1373.922	0	-1373.922	-0.4854874
437500	-1341.802	0	-1341.802	-0.5554032
438000	-1453.619	0	-1453.619	-0.5967178
438500	-1408.817	0	-1408.817	-0.4096427
439000	-1403.46	0	-1403.46	-0.6010233
439500	-1445.012	0	-1445.012	-0.3223966
440000	-1471.221	0	-1471.221	-0.4136049
440500	-1487.242	0	-1487.242	-0.5534849
441000	-1479.883	0	-1479.883	-0.5200169
441500	-1468.38	0	-1468.38	-0.532151
442000	-1390.052	0	-1390.052	-0.6274189
442500	-1383.38	0	-1383.38	-0.5268338
443000	-1494.96	0	-1494.96	-0.2581849
443500	-1480.169	0	-1480.169	-0.4482798
444000	-1538.775	0	-1538.775	-0.50583
444500	-1469.688	0	-1469.688	-0.4125802
445000	-1418.479	0	-1418.479	-0.6003303
445500	-1478.156	0	-1478.156	-0.5175778
446000	-1424.709	0	-1424.709	-0.7029027
446500	-1484.943	0	-1484.943	-0.4473052
447000	-1501.748	0	-1501.748	-0.5663894
447500	-1504.799	0	-1504.799	-0.3106152
448000	-1559.505	0	-1559.505	-0.2830356
448500	-1545.706	0	-1545.706	-0.1892248
449000	-1457.149	0	-1457.149	-0.164729
449500	-1362.365	0	-1362.365	-0.4154068
450000	-1372.12	0	-1372.12	-0.3690075
450500	-1350.703	0	-1350.703	-0.3895826
451000	-1416.655	0	-1416.655	-0.4016315
451500	-1459.082	0	-1459.082	-0.4474848
452000	-1304.826	0	-1304.826	-0.6319815
452500	-1308.596	0	-1308.596	-0.6998716
453000	-1249.251	0	-1249.251	-0.7442829
453500	-1243.19	0	-1243.19	-0.7062288
454000	-1299.336	0	-1299.336	-0.6776435
454500	-1445.274	0	-1445.274	-0.534562
455000	-1392.566	0	-1392.566	-0.6382987
455500	-1487.817	0	-1487.817	-0.6760715
456000	-1481.406	0	-1481.406	-0.553253
456500	-1467.194	0	-1467.194	-0.5148004
457000	-1421.116	0	-1421.116	-0.5394653
457500	-1421.93	0	-1421.93	-0.53462
458000	-1372.732	0	-1372.732	-0.501951
458500	-1430.455	0	-1430.455	-0.4013112
459000	-1383.538	0	-1383.538	-0.4822259
459500	-1395.743	0	-1395.743	-0.5342647
460000	-1519.166	0	-1519.166	-0.4094447
460500	-1444.401	0	-1444.401	-0.6163311
461000	-1384.258	0	-1384.258	-0.4895165
461500	-1358.153	0	-1358.153	-0.4668234
462000	-1319.177	0	-1319.177	-0.4144077
462500	-1306.289	0	-1306.289	-0.4013896
463000	-1206.979	0	-1206.979	-0.4667831
463500	-1229	0	-1229	-0.4643475
464000	-1255.135	0	-1255.135	-0.5148996
464500	-1283.935	0	-1283.935	-0.5073999
465000	-1369.544	0	-1369.544	-0.4475774
465500	-1263.398	0	-1263.398	-0.5178216
466000	-1302.19	0	-1302.19	-0.4206115
466500	-1266.407	0	-1266.407	-0.5295896
467000	-1141.722	0	-1141.722	-0.55806
467500	-1144.359	0	-1144.359	-0.5765823
468000	-1199.009	0	-1199.009	-0.5259332
468500	-1227.298	0	-1227.298	-0.4921344
469000	-1326.524	0	-1326.524	-0.4909011
469500	-1237.908	0	-1237.908	-0.4668772
470000	-1313.394	0	-1313.394	-0.5314862
470500	-1290.429	0	-1290.429	-0.538032
471000	-1308.38	0	-1308.38	-0.5570402
471500	-1296.619	0	-1296.619	-0.6525101
472000	-1406.531	0	-1406.531	-0.4768881
472500	-1392.056	0	-1392.056	-0.4745555
473000	-1291.654	0	-1291.654	-0.5946154
473500	-1290.289	0	-1290.289	-0.7077366
474000	-1377.575	0	-1377.575	-0.6170042
474500	-1368.634	0	-1368.634	-0.6653717
475000	-1466.107	0	-1466.107	-0.4002388
475500	-1411.526	0	-1411.526	-0.6095035
476000	-1365.127	0	-1365.127	-0.5469047
476500	-1322.994	0	-1322.994	-0.5467634
477000	-1345.478	0	-1345.478	-0.5375585
477500	-1326.412	0	-1326.412	-0.5680562
478000	-1353.652	0	-1353.652	-0.6185577
478500	-1324.072	0	-1324.072	-0.5417691
479000	-1346.524	0	-1346.524	-0.4948909
479500	-1487.445	0	-1487.445	-0.3820556
480000	-1326.309	0	-1326.309	-0.4125747
480500	-1312.863	0	-1312.863	-0.2987859
481000	-1344.13	0	-1344.13	-0.4304172
481500	-1394.193	0	-1394.193	-0.520132
482000	-1468.104	0	-1468.104	-0.5681914
482500	-1510.343	0	-1510.343	-0.341749
483000	-1458.32	0	-1458.32	-0.2111503
483500	-1436.874	0	-1436.874	-0.200235
484000	-1494.55	0	-1494.55	-0.3523693
484500	-1479.046	0	-1479.046	-0.4587157
485000	-1444.797	0	-1444.797	-0.4854443
485500	-1474.618	0	-1474.618	-0.5145613
486000	-1442.822	0	-1442.822	-0.5294744
486500	-1383.484	0	-1383.484	-0.5128958
487000	-1428.533	0	-1428.533	-0.5500693
487500	-1498.766	0	-1498.766	-0.453497
488000	-1491.808	0	-1491.808	-0.5113501
488500	-1489.604	0	-1489.604	-0.541663
489000	-1471.7	0	-1471.7	-0.6706466
489500	-1461.788	0	-1461.788	-0.5895131
490000	-1407.516	0	-1407.516	-0.6430951
490500	-1480.696	0	-1480.696	-0.5653035
491000	-1446.55	0	-1446.55	-0.5264712
491500	-1429.322	0	-1429.322	-0.428819
492000	-1480.305	0	-1480.305	-0.4133731
492500	-1453.232	0	-1453.232	-0.4818646
493000	-1435.105	0	-1435.105	-0.4666634
493500	-1536.133	0	-1536.133	-0.5102189
494000	-1569.147	0	-1569.147	-0.3979376
494500	-1508.328	0	-1508.328	-0.5802717
495000	-1447.885	0	-1447.885	-0.5702749
495500	-1412.029	0	-1412.029	-0.5499539
496000	-1394.099	0	-1394.099	-0.6391886
496500	-1463.116	0	-1463.116	-0.4801576
497000	-1455.629	0	-1455.629	-0.4843893
497500	-1416.416	0	-1416.416	-0.4833968
498000	-1543.841	0	-1543.841	-0.4434216
498500	-1484.347	0	-1484.347	-0.4756489
499000	-1457.955	0	-1457.955	-0.4725408
499500	-1460.67	0	-1460.67	-0.3317916
500000	-1387.144	0	-1387.144	-0.3248805
500500	-1365.048	0	-1365.048	-0.2967731
501000	-1391.917	0	-1391.917	-0.3055972
501500	-1373.144	0	-1373.144	-0.328429
502000	-1447.385	0	-1447.385	-0.3318654
502500	-1455.573	0	-1455.573	-0.4573908
503000	-1394.883	0	-1394.883	-0.4602786
503500	-1404.253	0	-1404.253	-0.5093858
504000	-1424.604	0	-1424.604	-0.3936433
504500	-1349.773	0	-1349.773	-0.403982
505000	-1399.08	0	-1399.08	-0.4026854
505500	-1395.038	0	-1395.038	-0.3840503
506000	-1374.947	0	-1374.947	-0.3067699
506500	-1383.645	0	-1383.645	-0.3159558
507000	-1330.995	0	-1330.995	-0.3705667
507500	-1393.305	0	-1393.305	-0.3126938
508000	-1255.511	0	-1255.511	-0.4004938
508500	-1333.968	0	-1333.968	-0.4180568
509000	-1426.576	0	-1426.576	-0.3521291
509500	-1488.752	0	-1488.752	-0.3794728
510000	-1455.951	0	-1455.951	-0.4654039
510500	-1475.382	0	-1475.382	-0.5030488
511000	-1473.986	0	-1473.986	-0.44966
511500	-1461.519	0	-1461.519	-0.5869664
512000	-1474.813	0	-1474.813	-0.419214
512500	-1461.225	0	-1461.225	-0.5173703
513000	-1339.428	0	-1339.428	-0.5407624
513500	-1378.407	0	-1378.407	-0.4960836
514000	-1292.374	0	-1292.374	-0.5249699
514500	-1394.928	0	-1394.928	-0.6578946
515000	-1370.045	0	-1370.045	-0.4766481
515500	-1367.541	0	-1367.541	-0.5369335
516000	-1411.394	0	-1411.394	-0.5863947
516500	-1393.19	0	-1393.19	-0.4602085
517000	-1428.993	0	-1428.993	-0.5262854
517500	-1332.331	0	-1332.331	-0.6102179
518000	-1315.421	0	-1315.421	-0.5676018
518500	-1272.422	0	-1272.422	-0.5392858
519000	-1331.255	0	-1331.255	-0.5770691
519500	-1344.668	0	-1344.668	-0.6140706
520000	-1417.982	0	-1417.982	-0.6542889
520500	-1407.3	0	-1407.3	-0.5768071
521000	-1508.014	0	-1508.014	-0.340999
521500	-1492.922	0	-1492.922	-0.3742175
522000	-1514.275	0	-1514.275	-0.454864
522500	-1567.618	0	-1567.618	-0.4456178
523000	-1509.589	0	-1509.589	-0.4532725
523500	-1442.741	0	-1442.741	-0.3853208
524000	-1505.531	0	-1505.531	-0.445057
524500	-1574.678	0	-1574.678	-0.4397043
525000	-1552.19	0	-1552.19	-0.3888113
525500	-1563.157	0	-1563.157	-0.1423271
526000	-1468.443	0	-1468.443	-0.3648774
526500	-1455.44	0	-1455.44	-0.4268463
527000	-1473.661	0	-1473.661	-0.4575161
527500	-1436.658	0	-1436.658	-0.5141932
528000	-1459.082	0	-1459.082	-0.5313464
528500	-1477.105	0	-1477.105	-0.5385271
529000	-1376.663	0	-1376.663	-0.4503925
529500	-1417.491	0	-1417.491	-0.5189137
530000	-1394.236	0	-1394.236	-0.5277923
530500	-1461.708	0	-1461.708	-0.452571
531000	-1522.243	0	-1522.243	-0.3435681
531500	-1479.887	0	-1479.887	-0.538011
532000	-1482.798	0	-1482.798	-0.530789
532500	-1514.452	0	-1514.452	-0.3343149
533000	-1557.189	0	-1557.189	-0.3851556
533500	-1583.677	0	-1583.677	-0.4067428
534000	-1529.42	0	-1529.42	-0.3336934
534500	-1486.813	0	-1486.813	-0.3049687
535000	-1514.286	0	-1514.286	-0.4017586
535500	-1497.035	0	-1497.035	-0.4351071
536000	-1476.207	0	-1476.207	-0.2744237
536500	-1484.761	0	-1484.761	-0.4157754
537000	-1499.571	0	-1499.571	-0.4515708
537500	-1553.965	0	-1553.965	-0.2739746
538000	-1487.702	0	-1487.702	-0.4437481
538500	-1522.655	0	-1522.655	-0.4650386
539000	-1425.978	0	-1425.978	-0.5309106
539500	-1439.435	0	-1439.435	-0.5930356
540000	-1326.673	0	-1326.673	-0.4857202
540500	-1378.817	0	-1378.817	-0.552074
541000	-1527.602	0	-1527.602	-0.5422083
541500	-1391.873	0	-1391.873	-0.3963314
542000	-1346.372	0	-1346.372	-0.5741483
542500	-1366.127	0	-1366.127	-0.5474982
543000	-1340.424	0	-1340.424	-0.6843928
543500	-1348.952	0	-1348.952	-0.5266762
544000	-1405.559	0	-1405.559	-0.5641534
544500	-1410.013	0	-1410.013	-0.5791366
545000	-1470.4	0	-1470.4	-0.3386192
545500	-1435.914	0	-1435.914	-0.3355738
546000	-1499.398	0	-1499.398	-0.2920853
546500	-1404.409	0	-1404.409	-0.2741311
547000	-1423.14	0	-1423.14	-0.2759069
547500	-1407.353	0	-1407.353	-0.3027072
548000	-1378.313	0	-1378.313	-0.2515403
548500	-1371.125	0	-1371.125	-0.3686609
549000	-1399.347	0	-1399.347	-0.3684632
549500	-1502.98	0	-1502.98	-0.40782
550000	-1420.402	0	-1420.402	-0.375804
550500	-1449.549	0	-1449.549	-0.2519314
551000	-1461.892	0	-1461.892	-0.3758792
551500	-1422.205	0	-1422.205	-0.5362358
552000	-1451.749	0	-1451.749	-0.4742228
552500	-1333.87	0	-1333.87	-0.3818022
553000	-1407.465	0	-1407.465	-0.3650925
553500	-1489.353	0	-1489.353	-0.3702016
554000	-1405.278	0	-1405.278	-0.4361508
554500	-1361.859	0	-1361.859	-0.3976721
555000	-1451.249	0	-1451.249	-0.4823309
555500	-1477.539	0	-1477.539	-0.5919266
556000	-1442.912	0	-1442.912	-0.5065372
556500	-1433.156	0	-1433.156	-0.4168852
557000	-1383.097	0	-1383.097	-0.4585892
557500	-1346.001	0	-1346.001	-0.4638454
558000	-1393.341	0	-1393.341	-0.5601366
558500	-1348.132	0	-1348.132	-0.5093702
559000	-1248.363	0	-1248.363	-0.535216
559500	-1332.52	0	-1332.52	-0.4984529
560000	-1353.952	0	-1353.952	-0.507155
560500	-1366.195	0	-1366.195	-0.4366133
561000	-1456.669	0	-1456.669	-0.3698949
561500	-1387.494	0	-1387.494	-0.4023679
562000	-1360.568	0	-1360.568	-0.4318856
562500	-1432.624	0	-1432.624	-0.465592
563000	-1458.822	0	-1458.822	-0.6314843
563500	-1389.915	0	-1389.915	-0.7139861
564000	-1407.04	0	-1407.04	-0.6099814
564500	-1427.937	0	-1427.937	-0.5852789
565000	-1383	0	-1383	-0.5440614
565500	-1325.302	0	-1325.302	-0.5520313
566000	-1357.132	0	-1357.132	-0.6224819
566500	-1325.206	0	-1325.206	-0.601616
567000	-1306.295	0	-1306.295	-0.5278476
567500	-1274.965	0	-1274.965	-0.4514724
568000	-1350.03	0	-1350.03	-0.4651275
568500	-1283.07	0	-1283.07	-0.4625527
569000	-1222.641	0	-1222.641	-0.5114594
569500	-1297.563	0	-1297.563	-0.5621819
570000	-1340.186	0	-1340.186	-0.524062
570500	-1422.348	0	-1422.348	-0.4764584
571000	-1425.429	0	-1425.429	-0.5106451
571500	-1358.783	0	-1358.783	-0.5484188
572000	-1268.786	0	-1268.786	-0.6055556
572500	-1342.445	0	-1342.445	-0.5420764
573000	-1395.593	0	-1395.593	-0.4819691
573500	-1487.532	0	-1487.532	-0.5660053
574000	-1549.789	0	-1549.789	-0.434788
574500	-1522.056	0	-1522.056	-0.3774985
575000	-1466.133	0	-1466.133	-0.4561796
575500	-1449.858	0	-1449.858	-0.4842743
576000	-1399.529	0	-1399.529	-0.4616031
576500	-1334.577	0	-1334.577	-0.4839094
577000	-1476.226	0	-1476.226	-0.4091891
577500	-1438.372	0	-1438.372	-0.5171056
578000	-1447.395	0	-1447.395	-0.5371648
578500	-1393.378	0	-1393.378	-0.4799634
579000	-1391.143	0	-1391.143	-0.3819161
579500	-1395.484	0	-1395.484	-0.5520375
580000	-1422.998	0	-1422.998	-0.6212741
580500	-1429.03	0	-1429.03	-0.4772856
581000	-1455.147	0	-1455.147	-0.5278453
581500	-1491.409	0	-1491.409	-0.4591585
582000	-1507.464	0	-1507.464	-0.4577638
582500	-1484.38	0	-1484.38	-0.4678901
583000	-1558.23	0	-1558.23	-0.433711
583500	-1548.385	0	-1548.385	-0.4149089
584000	-1591.142	0	-1591.142	-0.3760088
584500	-1505.686	0	-1505.686	-0.4029917
585000	-1554.755	0	-1554.755	-0.4965506
585500	-1471.594	0	-1471.594	-0.5631058
586000	-1500.161	0	-1500.161	-0.5309931
586500	-1429.389	0	-1429.389	-0.4744115
587000	-1467.398	0	-1467.398	-0.5251749
587500	-1434.863	0	-1434.863	-0.7024012
588000	-1509.924	0	-1509.924	-0.5961685
588500	-1495.188	0	-1495.188	-0.5872792
589000	-1514.506	0	-1514.506	-0.55906
589500	-1455.666	0	-1455.666	-0.6287328
590000	-1493.17	0	-1493.17	-0.4385314
590500	-1495.682	0	-1495.682	-0.3931788
591000	-1613.024	0	-1613.024	-0.480437
591500	-1492.793	0	-1492.793	-0.3128308
592000	-1542.146	0	-1542.146	-0.4648966
592500	-1582.875	0	-1582.875	-0.5118486
593000	-1448.865	0	-1448.865	-0.5657013
593500	-1511.653	0	-1511.653	-0.6318085
594000	-1537.157	0	-1537.157	-0.4761945
594500	-1471.621	0	-1471.621	-0.5505789
595000	-1581.275	0	-1581.275	-0.4101914
595500	-1643.2	0	-1643.2	-0.2694047
596000	-1606.801	0	-1606.801	-0.5110226
596500	-1579.175	0	-1579.175	-0.2771642
597000	-1536.742	0	-1536.742	-0.2769058
597500	-1560.238	0	-1560.238	-0.1673567
598000	-1583.56	0	-1583.56	-0.1198495
598500	-1520.981	0	-1520.981	-0.07869457
599000	-1555.483	0	-1555.483	-0.3047179
599500	-1551.297	0	-1551.297	-0.4682707
600000	-1624.938	0	-1624.938	-0.0620752
600500	-1569.458	0	-1569.458	-0.2676625
601000	-1565.198	0	-1565.198	-0.4405951
601500	-1604.955	0	-1604.955	-0.161908
602000	-1609.058	0	-1609.058	-0.1853886
602500	-1562.675	0	-1562.675	-0.192051
603000	-1604.473	0	-1604.473	-0.16009
603500	-1489.222	0	-1489.222	-0.1711888
604000	-1493.866	0	-1493.866	-0.2827654
604500	-1463.974	0	-1463.974	-0.4046852
605000	-1489.949	0	-1489.949	-0.2777248
605500	-1458.761	0	-1458.761	-0.1954891
606000	-1472.324	0	-1472.324	-0.09288768
606500	-1449.587	0	-1449.587	-0.2992465
607000	-1442.313	0	-1442.313	-0.3609749
607500	-1450.306	0	-1450.306	-0.4895942
608000	-1441.413	0	-1441.413	-0.4704331
608500	-1436.332	0	-1436.332	-0.4329425
609000	-1451.646	0	-1451.646	-0.4219602
609500	-1535.827	0	-1535.827	-0.4030388
610000	-1517.939	0	-1517.939	-0.3929116
610500	-1464.241	0	-1464.241	-0.385871
611000	-1472.845	0	-1472.845	-0.2767591
611500	-1457.399	0	-1457.399	-0.2745157
612000	-1488.353	0	-1488.353	-0.2229766
612500	-1508.068	0	-1508.068	-0.4466126
613000	-1615.667	0	-1615.667	-0.3885552
613500	-1564.555	0	-1564.555	-0.3954085
614000	-1513.668	0	-1513.668	-0.3705189
614500	-1534.658	0	-1534.658	-0.3270927
615000	-1601.507	0	-1601.507	-0.2503876
615500	-1554.283	0	-1554.283	-0.5527062
616000	-1492.082	0	-1492.082	-0.5723292
616500	-1482.055	0	-1482.055	-0.3656367
617000	-1475.764	0	-1475.764	-0.4121076
617500	-1454.573	0	-1454.573	-0.4490348
618000	-1462.257	0	-1462.257	-0.4523652
618500	-1428.446	0	-1428.446	-0.33916
619000	-1415.417	0	-1415.417	-0.3244869
619500	-1407.57	0	-1407.57	-0.384748
620000	-1461.564	0	-1461.564	-0.455384
620500	-1496.622	0	-1496.622	-0.4232042
621000	-1413.222	0	-1413.222	-0.6244296
621500	-1420.766	0	-1420.766	-0.6319945
622000	-1446.043	0	-1446.043	-0.4228624
622500	-1451.891	0	-1451.891	-0.2523966
623000	-1469.496	0	-1469.496	-0.2308644
623500	-1408.722	0	-1408.722	-0.4329591
624000	-1401.465	0	-1401.465	-0.5338154
624500	-1480.911	0	-1480.911	-0.5284648
625000	-1424.121	0	-1424.121	-0.5570934
625500	-1354.779	0	-1354.779	-0.6571137
626000	-1452.108	0	-1452.108	-0.4230537
626500	-1361.629	0	-1361.629	-0.2717851
627000	-1399.678	0	-1399.678	-0.2787131
627500	-1287.815	0	-1287.815	-0.3742649
628000	-1434.889	0	-1434.889	-0.3280907
628500	-1400.228	0	-1400.228	-0.4080811
629000	-1471.066	0	-1471.066	-0.3182392
629500	-1456.772	0	-1456.772	-0.5081908
630000	-1488.579	0	-1488.579	-0.5395266
630500	-1472.483	0	-1472.483	-0.5220018
631000	-1542.723	0	-1542.723	-0.3913949
631500	-1454.968	0	-1454.968	-0.6739728
632000	-1493.862	0	-1493.862	-0.5111201
632500	-1507.049	0	-1507.049	-0.5450823
633000	-1529.309	0	-1529.309	-0.5371171
633500	-1453.612	0	-1453.612	-0.5089345
634000	-1527.005	0	-1527.005	-0.2954301
634500	-1449.783	0	-1449.783	-0.5595079
635000	-1463.596	0	-1463.596	-0.4916516
635500	-1475.265	0	-1475.265	-0.455954
636000	-1498.479	0	-1498.479	-0.5138529
636500	-1450.877	0	-1450.877	-0.2553388
637000	-1540.154	0	-1540.154	-0.2350195
637500	-1477.405	0	-1477.405	-0.4077438
638000	-1427.073	0	-1427.073	-0.5219101
638500	-1489.692	0	-1489.692	-0.50247
639000	-1528.795	0	-1528.795	-0.264069
639500	-1474.717	0	-1474.717	-0.2781909
640000	-1554.391	0	-1554.391	-0.429505
640500	-1525.371	0	-1525.371	-0.1472411
641000	-1548.156	0	-1548.156	-0.3637579
641500	-1580.336	0	-1580.336	-0.4718136
642000	-1558.663	0	-1558.663	-0.3792901
642500	-1559.771	0	-1559.771	-0.5418732
643000	-1548.15	0	-1548.15	-0.4570744
643500	-1531.781	0	-1531.781	-0.3502579
644000	-1501.372	0	-1501.372	-0.3805369
644500	-1519.98	0	-1519.98	-0.2264935
645000	-1522.014	0	-1522.014	-0.1991388
645500	-1521.48	0	-1521.48	-0.1395458
646000	-1515.534	0	-1515.534	-0.3892437
646500	-1534.742	0	-1534.742	-0.4523741
647000	-1491.356	0	-1491.356	-0.542991
647500	-1423.277	0	-1423.277	-0.5294227
648000	-1537.112	0	-1537.112	-0.3959426
648500	-1555.47	0	-1555.47	-0.4298677
649000	-1485.153	0	-1485.153	-0.5862101
649500	-1573.877	0	-1573.877	-0.5309357
650000	-1596.676	0	-1596.676	-0.4088133
650500	-1590.284	0	-1590.284	-0.4013689
651000	-1484.146	0	-1484.146	-0.3659734
651500	-1530.079	0	-1530.079	-0.5606514
652000	-1610.398	0	-1610.398	-0.4364017
652500	-1410.758	0	-1410.758	-0.5291734
653000	-1454.813	0	-1454.813	-0.3816428
653500	-1446.592	0	-1446.592	-0.3729272
654000	-1548.768	0	-1548.768	-0.4244608
654500	-1492.283	0	-1492.283	-0.1321668
655000	-1472.595	0	-1472.595	-0.1323846
655500	-1501.118	0	-1501.118	-0.1503337
656000	-1510.073	0	-1510.073	-0.2403073
656500	-1423.806	0	-1423.806	-0.4342926
657000	-1406.388	0	-1406.388	-0.48232
657500	-1443.212	0	-1443.212	-0.357204
658000	-1488.312	0	-1488.312	-0.3132031
658500	-1559.555	0	-1559.555	-0.2409374
659000	-1419.638	0	-1419.638	-0.46816
659500	-1407.063	0	-1407.063	-0.4933312
660000	-1511.625	0	-1511.625	-0.4228999
660500	-1498.076	0	-1498.076	-0.3813944
661000	-1517.21	0	-1517.21	-0.3898931
661500	-1532.247	0	-1532.247	-0.4890061
662000	-1534.643	0	-1534.643	-0.2985645
662500	-1516.377	0	-1516.377	-0.3438031
663000	-1501.969	0	-1501.969	-0.4167688
663500	-1589.538	0	-1589.538	-0.4593345
664000	-1570.111	0	-1570.111	-0.3621521
664500	-1527.957	0	-1527.957	-0.3973217
665000	-1585.798	0	-1585.798	-0.4743097
665500	-1525.06	0	-1525.06	-0.2911897
666000	-1526.755	0	-1526.755	-0.1865174
666500	-1522.914	0	-1522.914	-0.2462213
667000	-1542.449	0	-1542.449	-0.3984005
667500	-1587.292	0	-1587.292	-0.298955
668000	-1529.871	0	-1529.871	-0.3996999
668500	-1532.284	0	-1532.284	-0.5188283
669000	-1581.841	0	-1581.841	-0.446425
669500	-1484.22	0	-1484.22	-0.4929209
670000	-1519.449	0	-1519.449	-0.3732341
670500	-1534.283	0	-1534.283	-0.4304911
671000	-1565.79	0	-1565.79	-0.2790136
671500	-1527.618	0	-1527.618	-0.3952091
672000	-1494.801	0	-1494.801	-0.4333861
672500	-1518.608	0	-1518.608	-0.2953393
673000	-1544.445	0	-1544.445	-0.3647983
673500	-1563.552	0	-1563.552	-0.1595354
674000	-1557.663	0	-1557.663	-0.2242161
674500	-1445.645	0	-1445.645	-0.04834071
675000	-1466.349	0	-1466.349	-0.2101515
675500	-1469.117	0	-1469.117	-0.244717
676000	-1482.837	0	-1482.837	-0.3669813
676500	-1522.697	0	-1522.697	-0.3063539
677000	-1586.971	0	-1586.971	-0.3465261
677500	-1567.014	0	-1567.014	-0.2088501
678000	-1504.865	0	-1504.865	-0.4523463
678500	-1566.487	0	-1566.487	-0.3768487
679000	-1555.47	0	-1555.47	-0.3045548
679500	-1594.971	0	-1594.971	-0.1526101
680000	-1634.672	0	-1634.672	-0.1885131
680500	-1555.33	0	-1555.33	-0.4177018
681000	-1622.358	0	-1622.358	-0.3770402
681500	-1630.517	0	-1630.517	-0.411957
682000	-1584.694	0	-1584.694	-0.2880022
682500	-1494.398	0	-1494.398	-0.3510359
683000	-1605.918	0	-1605.918	-0.100044
683500	-1602.151	0	-1602.151	-0.3129113
684000	-1520.371	0	-1520.371	-0.4172173
684500	-1568.18	0	-1568.18	-0.1128214
685000	-1618.84	0	-1618.84	-0.1222182
685500	-1539.041	0	-1539.041	-0.2230036
686000	-1456.827	0	-1456.827	-0.3140003
686500	-1500.003	0	-1500.003	-0.3384646
687000	-1536.113	0	-1536.113	-0.1717111
687500	-1509.596	0	-1509.596	-0.4243193
688000	-1535.984	0	-1535.984	-0.3632554
688500	-1554.072	0	-1554.072	-0.2629942
689000	-1466.368	0	-1466.368	-0.4339591
689500	-1452.926	0	-1452.926	-0.3861349
690000	-1512.059	0	-1512.059	-0.3104026
690500	-1522.936	0	-1522.936	-0.3427967
691000	-1556.125	0	-1556.125	-0.3710863
691500	-1555.177	0	-1555.177	-0.01160336
692000	-1547.754	0	-1547.754	-0.3253495
692500	-1526.108	0	-1526.108	-0.2314457
693000	-1492.619	0	-1492.619	-0.1841821
693500	-1484.645	0	-1484.645	-0.4887697
694000	-1399.793	0	-1399.793	-0.3447487
694500	-1407.597	0	-1407.597	-0.290407
695000	-1441.382	0	-1441.382	-0.4814854
695500	-1460.336	0	-1460.336	-0.3949678
696000	-1440.824	0	-1440.824	-0.3434036
696500	-1458.752	0	-1458.752	-0.3325218
697000	-1555.072	0	-1555.072	-0.359536
697500	-1598.295	0	-1598.295	-0.4230535
698000	-1577.018	0	-1577.018	-0.1808761
698500	-1583.137	0	-1583.137	-0.3318082
699000	-1536.911	0	-1536.911	-0.4211372
699500	-1498.221	0	-1498.221	-0.2839731
700000	-1535.32	0	-1535.32	-0.5503158
700500	-1536.155	0	-1536.155	-0.5645927
701000	-1542.9	0	-1542.9	-0.450759
701500	-1499.611	0	-1499.611	-0.341403
702000	-1513.401	0	-1513.401	-0.2088256
702500	-1589.498	0	-1589.498	-0.230601
703000	-1524.612	0	-1524.612	-0.2804751
703500	-1546.146	0	-1546.146	-0.4038456
704000	-1529.057	0	-1529.057	-0.4051696
704500	-1541.764	0	-1541.764	-0.3376531
705000	-1547.383	0	-1547.383	-0.4616775
705500	-1555.57	0	-1555.57	-0.4469846
706000	-1439.329	0	-1439.329	-0.459074
706500	-1573.765	0	-1573.765	-0.4979593
707000	-1505.845	0	-1505.845	-0.4411874
707500	-1493.592	0	-1493.592	-0.2506494
708000	-1453.772	0	-1453.772	-0.3075378
708500	-1560.032	0	-1560.032	-0.3505961
709000	-1571.903	0	-1571.903	-0.4080651
709500	-1551.638	0	-1551.638	-0.05682631
710000	-1587.173	0	-1587.173	-0.274913
710500	-1502.496	0	-1502.496	-0.4384984
711000	-1551.459	0	-1551.459	-0.3055656
711500	-1477.763	0	-1477.763	-0.3872232
712000	-1518.62	0	-1518.62	-0.3255019
712500	-1496.812	0	-1496.812	-0.4576446
713000	-1504.133	0	-1504.133	-0.4823858
713500	-1452.974	0	-1452.974	-0.4994527
714000	-1498.451	0	-1498.451	-0.4470467
714500	-1481.711	0	-1481.711	-0.3381581
715000	-1484.227	0	-1484.227	-0.1783204
715500	-1470.737	0	-1470.737	0.01068429
716000	-1469.077	0	-1469.077	-0.3548541
716500	-1394.628	0	-1394.628	-0.2366174
717000	-1480.491	0	-1480.491	-0.0544328
717500	-1508.965	0	-1508.965	-0.01799736
718000	-1470.287	0	-1470.287	-0.1763669
718500	-1493.044	0	-1493.044	-0.1242307
719000	-1524.506	0	-1524.506	-0.2833804
719500	-1434.028	0	-1434.028	-0.1980474
720000	-1473.06	0	-1473.06	-0.1742078
720500	-1478.158	0	-1478.158	-0.1575752
721000	-1536.526	0	-1536.526	-0.1708773
721500	-1478.025	0	-1478.025	-0.1307364
722000	-1374.781	0	-1374.781	-0.2224889
722500	-1378.912	0	-1378.912	-0.2805682
723000	-1454.238	0	-1454.238	-0.299312
723500	-1462.146	0	-1462.146	-0.1682316
724000	-1518.727	0	-1518.727	-0.4667362
724500	-1549.893	0	-1549.893	-0.380164
725000	-1521.884	0	-1521.884	-0.3518821
725500	-1521.782	0	-1521.782	-0.4421567
726000	-1511.474	0	-1511.474	-0.4230794
726500	-1488.694	0	-1488.694	-0.478831
727000	-1465.822	0	-1465.822	-0.3694321
727500	-1474.178	0	-1474.178	-0.4048081
728000	-1473.78	0	-1473.78	-0.4100574
728500	-1540.964	0	-1540.964	-0.4167131
729000	-1459.057	0	-1459.057	-0.3546214
729500	-1474.337	0	-1474.337	-0.301565
730000	-1511.204	0	-1511.204	-0.3316136
730500	-1517.737	0	-1517.737	-0.4580793
731000	-1495.386	0	-1495.386	-0.4831788
731500	-1448.974	0	-1448.974	-0.5657785
732000	-1477.207	0	-1477.207	-0.5310773
732500	-1560.885	0	-1560.885	-0.3362238
733000	-1509.212	0	-1509.212	-0.3710941
733500	-1476.568	0	-1476.568	-0.3542053
734000	-1456.751	0	-1456.751	-0.4838507
734500	-1470.714	0	-1470.714	-0.2596491
735000	-1492.021	0	-1492.021	-0.386854
735500	-1503.333	0	-1503.333	-0.3068331
736000	-1567.326	0	-1567.326	-0.3128297
736500	-1457.067	0	-1457.067	-0.4112536
737000	-1501.573	0	-1501.573	-0.2946764
737500	-1533.394	0	-1533.394	-0.4224171
738000	-1453.14	0	-1453.14	-0.5038647
738500	-1446.718	0	-1446.718	-0.3592848
739000	-1409.019	0	-1409.019	-0.4525613
739500	-1502.624	0	-1502.624	-0.3708023
740000	-1511.416	0	-1511.416	-0.3829399
740500	-1471.269	0	-1471.269	-0.2245384
741000	-1535.001	0	-1535.001	-0.3004694
741500	-1552.657	0	-1552.657	-0.4919204
742000	-1561.582	0	-1561.582	-0.4045279
742500	-1470.514	0	-1470.514	-0.276271
743000	-1630.011	0	-1630.011	-0.2340477
743500	-1589.88	0	-1589.88	-0.3294021
744000	-1540.64	0	-1540.64	-0.3222533
744500	-1475.861	0	-1475.861	-0.3368032
745000	-1539.955	0	-1539.955	-0.3336788
745500	-1535.356	0	-1535.356	-0.1608646
746000	-1461.127	0	-1461.127	-0.3449279
746500	-1528.337	0	-1528.337	-0.3264117
747000	-1550.044	0	-1550.044	-0.4101825
747500	-1518.387	0	-1518.387	-0.5402303
748000	-1488.08	0	-1488.08	-0.4172015
748500	-1491.623	0	-1491.623	-0.4668572
749000	-1506.044	0	-1506.044	-0.4499581
749500	-1554.274	0	-1554.274	-0.3392552
750000	-1485.665	0	-1485.665	-0.2629148
750500	-1596.536	0	-1596.536	-0.3807311
751000	-1496.843	0	-1496.843	-0.2506338
751500	-1513.25	0	-1513.25	-0.4262563
752000	-1514.478	0	-1514.478	-0.3647748
752500	-1612.863	0	-1612.863	-0.4870768
753000	-1605.156	0	-1605.156	-0.3142345
753500	-1506.181	0	-1506.181	-0.3676416
754000	-1576.465	0	-1576.465	-0.3189533
754500	-1549.736	0	-1549.736	-0.2379563
755000	-1568.387	0	-1568.387	-0.4215281
755500	-1543.635	0	-1543.635	-0.3742951
756000	-1541.571	0	-1541.571	-0.313748
756500	-1593.426	0	-1593.426	-0.4630021
757000	-1584.795	0	-1584.795	-0.4749729
757500	-1562.919	0	-1562.919	-0.4948727
758000	-1618.52	0	-1618.52	-0.5540494
758500	-1497.992	0	-1497.992	-0.3689567
759000	-1495.896	0	-1495.896	-0.3059603
759500	-1490.058	0	-1490.058	-0.427424
760000	-1432.058	0	-1432.058	-0.4332952
760500	-1424.719	0	-1424.719	-0.456974
761000	-1341.233	0	-1341.233	-0.4714805
761500	-1451.653	0	-1451.653	-0.4403747
762000	-1437.776	0	-1437.776	-0.4415389
762500	-1458.094	0	-1458.094	-0.3717848
763000	-1423.722	0	-1423.722	-0.3871175
763500	-1449.665	0	-1449.665	-0.350729
764000	-1511.283	0	-1511.283	-0.1620873
764500	-1492.575	0	-1492.575	-0.1111304
765000	-1460.948	0	-1460.948	-0.2358574
765500	-1425.364	0	-1425.364	-0.2683835
766000	-1472.583	0	-1472.583	-0.3298929
766500	-1422.739	0	-1422.739	-0.1906891
767000	-1504.127	0	-1504.127	-0.06111056
767500	-1476.469	0	-1476.469	-0.3372266
768000	-1392.685	0	-1392.685	-0.2585143
768500	-1444.253	0	-1444.253	-0.2068406
769000	-1410.087	0	-1410.087	-0.3872085
769500	-1429.035	0	-1429.035	-0.3322918
770000	-1436.696	0	-1436.696	-0.2379475
770500	-1448.511	0	-1448.511	-0.3847479
771000	-1452.822	0	-1452.822	-0.5030327
771500	-1536.941	0	-1536.941	-0.4185568
772000	-1550.209	0	-1550.209	-0.4046635
772500	-1606.775	0	-1606.775	-0.3998856
773000	-1617.501	0	-1617.501	-0.3738854
773500	-1518.567	0	-1518.567	-0.4697423
774000	-1512.297	0	-1512.297	-0.5779775
774500	-1566.107	0	-1566.107	-0.4952909
775000	-1526.846	0	-1526.846	-0.4545336
775500	-1575.17	0	-1575.17	-0.5901702
776000	-1607.918	0	-1607.918	-0.5421345
776500	-1484.054	0	-1484.054	-0.524925
777000	-1511.332	0	-1511.332	-0.513858
777500	-1572.346	0	-1572.346	-0.5529992
778000	-1550.254	0	-1550.254	-0.5836965
778500	-1462.132	0	-1462.132	-0.5472089
779000	-1454.942	0	-1454.942	-0.5372767
779500	-1493.795	0	-1493.795	-0.54601
780000	-1498.053	0	-1498.053	-0.5499508
780500	-1399.339	0	-1399.339	-0.3881594
781000	-1442.376	0	-1442.376	-0.3644784
781500	-1505.193	0	-1505.193	-0.3570459
782000	-1444.008	0	-1444.008	-0.5428906
782500	-1428.436	0	-1428.436	-0.5023947
783000	-1395.969	0	-1395.969	-0.4962552
783500	-1475.151	0	-1475.151	-0.5119708
784000	-1527.643	0	-1527.643	-0.4984645
784500	-1600.454	0	-1600.454	-0.2252929
785000	-1614.741	0	-1614.741	-0.1308441
785500	-1607.067	0	-1607.067	-0.3195195
786000	-1583.451	0	-1583.451	-0.1961592
786500	-1648.041	0	-1648.041	-0.2345113
787000	-1504.078	0	-1504.078	-0.3807508
787500	-1575.401	0	-1575.401	-0.4022915
788000	-1606.872	0	-1606.872	-0.2767568
788500	-1566.95	0	-1566.95	-0.5606688
789000	-1603.809	0	-1603.809	-0.4245885
789500	-1516.052	0	-1516.052	-0.3418747
790000	-1497.862	0	-1497.862	-0.4622764
790500	-1511.773	0	-1511.773	-0.3543046
791000	-1503.459	0	-1503.459	-0.3709529
791500	-1548.463	0	-1548.463	-0.2596984
792000	-1416.769	0	-1416.769	-0.3230961
792500	-1360.305	0	-1360.305	-0.4369944
793000	-1379.318	0	-1379.318	-0.5344126
793500	-1435.996	0	-1435.996	-0.3511516
794000	-1449	0	-1449	-0.3973738
794500	-1522.43	0	-1522.43	-0.4680277
795000	-1381.257	0	-1381.257	-0.4214119
795500	-1475.402	0	-1475.402	-0.4442112
796000	-1418.365	0	-1418.365	-0.3622806
796500	-1409.955	0	-1409.955	-0.5320963
797000	-1476.948	0	-1476.948	-0.4125939
797500	-1414.377	0	-1414.377	-0.4150105
798000	-1354.775	0	-1354.775	-0.5274159
798500	-1252.945	0	-1252.945	-0.6002792
799000	-1402.237	0	-1402.237	-0.6349659
799500	-1368.796	0	-1368.796	-0.5795283
800000	-1447.14	0	-1447.14	-0.6052337
800500	-1409.536	0	-1409.536	-0.4790972
801000	-1408.456	0	-1408.456	-0.4488496
801500	-1459.04	0	-1459.04	-0.4226864
802000	-1414.063	0	-1414.063	-0.4496674
802500	-1365.327	0	-1365.327	-0.5035428
803000	-1473.505	0	-1473.505	-0.5645069
803500	-1420.663	0	-1420.663	-0.4220813
804000	-1342.506	0	-1342.506	-0.3476526
804500	-1417.64	0	-1417.64	-0.5048005
805000	-1384.809	0	-1384.809	-0.5180104
805500	-1355.442	0	-1355.442	-0.5402449
806000	-1333.625	0	-1333.625	-0.5625635
806500	-1417.543	0	-1417.543	-0.5235999
807000	-1440.228	0	-1440.228	-0.4366193
807500	-1437.039	0	-1437.039	-0.6159879
808000	-1492.205	0	-1492.205	-0.4676799
808500	-1476.931	0	-1476.931	-0.5463102
809000	-1480.682	0	-1480.682	-0.530288
809500	-1367.28	0	-1367.28	-0.4901235
810000	-1510.718	0	-1510.718	-0.3069441
810500	-1473.969	0	-1473.969	-0.3392285
811000	-1401.765	0	-1401.765	-0.265933
811500	-1407.002	0	-1407.002	-0.4106085
812000	-1396.109	0	-1396.109	-0.4801379
812500	-1410.659	0	-1410.659	-0.4227265
813000	-1406.23	0	-1406.23	-0.533277
813500	-1435.262	0	-1435.262	-0.4742542
814000	-1430.739	0	-1430.739	-0.3790171
814500	-1460.156	0	-1460.156	-0.4738303
815000	-1395.904	0	-1395.904	-0.5234287
815500	-1430.807	0	-1430.807	-0.3864612
816000	-1329.914	0	-1329.914	-0.5733044
816500	-1478.243	0	-1478.243	-0.4007866
817000	-1373.369	0	-1373.369	-0.4500972
817500	-1450.081	0	-1450.081	-0.4211669
818000	-1374.513	0	-1374.513	-0.5205416
818500	-1364.049	0	-1364.049	-0.5463369
819000	-1373.548	0	-1373.548	-0.4628335
819500	-1254.432	0	-1254.432	-0.4300552
820000	-1325.551	0	-1325.551	-0.4708389
820500	-1347.289	0	-1347.289	-0.5240728
821000	-1440.719	0	-1440.719	-0.5308797
821500	-1474.693	0	-1474.693	-0.3359152
822000	-1349.957	0	-1349.957	-0.4742595
822500	-1332.039	0	-1332.039	-0.4536741
823000	-1363.983	0	-1363.983	-0.490683
823500	-1253.459	0	-1253.459	-0.527825
824000	-1317.302	0	-1317.302	-0.5869283
824500	-1377.572	0	-1377.572	-0.655377
825000	-1419.013	0	-1419.013	-0.570065
825500	-1402.803	0	-1402.803	-0.6359749
826000	-1420.921	0	-1420.921	-0.5686118
826500	-1344.923	0	-1344.923	-0.534464
827000	-1448.329	0	-1448.329	-0.6315857
827500	-1373.914	0	-1373.914	-0.4857113
828000	-1382.617	0	-1382.617	-0.4754625
828500	-1369.185	0	-1369.185	-0.3991186
829000	-1450.321	0	-1450.321	-0.3773874
829500	-1457.201	0	-1457.201	-0.4444915
830000	-1404.149	0	-1404.149	-0.3560228
830500	-1502.437	0	-1502.437	-0.3467047
831000	-1456.453	0	-1456.453	-0.3660161
831500	-1421.011	0	-1421.011	-0.4154026
832000	-1477.876	0	-1477.876	-0.4017398
832500	-1529.602	0	-1529.602	-0.3793269
833000	-1560.994	0	-1560.994	-0.2955938
833500	-1431.695	0	-1431.695	-0.4202008
834000	-1525.438	0	-1525.438	-0.434166
834500	-1423.172	0	-1423.172	-0.461176
835000	-1500.334	0	-1500.334	-0.4350823
835500	-1495.684	0	-1495.684	-0.5781293
836000	-1428.865	0	-1428.865	-0.6568838
836500	-1519.298	0	-1519.298	-0.60714
837000	-1524.471	0	-1524.471	-0.4560762
837500	-1523.509	0	-1523.509	-0.4638206
838000	-1554.668	0	-1554.668	-0.3416417
838500	-1575.014	0	-1575.014	-0.4898743
839000	-1578.307	0	-1578.307	-0.4124787
839500	-1483.146	0	-1483.146	-0.5156555
840000	-1446.601	0	-1446.601	-0.5595466
840500	-1479.978	0	-1479.978	-0.581439
841000	-1570.254	0	-1570.254	-0.4951773
841500	-1531.658	0	-1531.658	-0.6252454
842000	-1605.188	0	-1605.188	-0.4813505
842500	-1535.74	0	-1535.74	-0.4682043
843000	-1437.987	0	-1437.987	-0.4489177
843500	-1475.847	0	-1475.847	-0.3889351
844000	-1438.191	0	-1438.191	-0.3936997
844500	-1504.419	0	-1504.419	-0.3151711
845000	-1507.574	0	-1507.574	-0.5284643
845500	-1509.913	0	-1509.913	-0.3269292
846000	-1532.973	0	-1532.973	-0.4151317
846500	-1474.523	0	-1474.523	-0.5369395
847000	-1497.223	0	-1497.223	-0.4430451
847500	-1446.964	0	-1446.964	-0.3908871
848000	-1447.362	0	-1447.362	-0.4085763
848500	-1476.254	0	-1476.254	-0.4271079
849000	-1482.172	0	-1482.172	-0.5733597
849500	-1545	0	-1545	-0.5188236
850000	-1502.691	0	-1502.691	-0.6296328
850500	-1504.775	0	-1504.775	-0.537261
851000	-1363.455	0	-1363.455	-0.5657945
851500	-1421.081	0	-1421.081	-0.5349294
852000	-1425.238	0	-1425.238	-0.4885655
852500	-1512.285	0	-1512.285	-0.5691371
853000	-1488.375	0	-1488.375	-0.4580309
853500	-1434.761	0	-1434.761	-0.5240323
854000	-1525.086	0	-1525.086	-0.3514548
854500	-1480.398	0	-1480.398	-0.3030672
855000	-1487.986	0	-1487.986	-0.4007954
855500	-1488.119	0	-1488.119	-0.6011462
856000	-1504.88	0	-1504.88	-0.4105378
856500	-1509.772	0	-1509.772	-0.5690259
857000	-1491.336	0	-1491.336	-0.6039362
857500	-1460.694	0	-1460.694	-0.5107498
858000	-1448.702	0	-1448.702	-0.5901022
858500	-1426.603	0	-1426.603	-0.5290773
859000	-1401.333	0	-1401.333	-0.6442318
859500	-1445.15	0	-1445.15	-0.589162
860000	-1433.776	0	-1433.776	-0.5529063
860500	-1460.189	0	-1460.189	-0.4767458
861000	-1523.777	0	-1523.777	-0.4957836
861500	-1542.048	0	-1542.048	-0.4789768
862000	-1446.638	0	-1446.638	-0.4734156
862500	-1495.492	0	-1495.492	-0.355641
863000	-1477.361	0	-1477.361	-0.4758462
863500	-1477.599	0	-1477.599	-0.472169
864000	-1442.976	0	-1442.976	-0.387953
864500	-1454.944	0	-1454.944	-0.2539875
865000	-1477.351	0	-1477.351	-0.42124
865500	-1484.426	0	-1484.426	-0.4053696
866000	-1459.231	0	-1459.231	-0.3745321
866500	-1447.143	0	-1447.143	-0.2946086
867000	-1549.26	0	-1549.26	-0.4553004
867500	-1454.458	0	-1454.458	-0.3816664
868000	-1494.901	0	-1494.901	-0.5537974
868500	-1499.07	0	-1499.07	-0.5258939
869000	-1389.091	0	-1389.091	-0.7129661
869500	-1453.658	0	-1453.658	-0.6827157
870000	-1390.97	0	-1390.97	-0.7103731
870500	-1420.202	0	-1420.202	-0.6835764
871000	-1420.148	0	-1420.148	-0.65102
871500	-1379.316	0	-1379.316	-0.6923892
872000	-1351.87	0	-1351.87	-0.6877042
872500	-1348.787	0	-1348.787	-0.635027
873000	-1300.445	0	-1300.445	-0.5581695
873500	-1409.349	0	-1409.349	-0.5978398
874000	-1393.263	0	-1393.263	-0.5067612
874500	-1419.244	0	-1419.244	-0.710219
875000	-1466.088	0	-1466.088	-0.631744
875500	-1479.215	0	-1479.215	-0.5143534
876000	-1552.33	0	-1552.33	-0.5045231
876500	-1482.328	0	-1482.328	-0.470777
877000	-1486.783	0	-1486.783	-0.3138523
877500	-1459.76	0	-1459.76	-0.5219945
878000	-1416.526	0	-1416.526	-0.3488729
878500	-1453.32	0	-1453.32	-0.4421813
879000	-1516.689	0	-1516.689	-0.3744853
879500	-1543.829	0	-1543.829	-0.5552044
880000	-1578.049	0	-1578.049	-0.5050178
880500	-1527.912	0	-1527.912	-0.522147
881000	-1484.526	0	-1484.526	-0.5906513
881500	-1458.662	0	-1458.662	-0.489454
882000	-1419.387	0	-1419.387	-0.5583365
882500	-1445.969	0	-1445.969	-0.5637273
883000	-1494.28	0	-1494.28	-0.4817261
883500	-1465.074	0	-1465.074	-0.4369128
884000	-1461.887	0	-1461.887	-0.482042
884500	-1295.244	0	-1295.244	-0.4851412
885000	-1282.438	0	-1282.438	-0.467691
885500	-1357.874	0	-1357.874	-0.4292035
886000	-1340.228	0	-1340.228	-0.4799949
886500	-1474.239	0	-1474.239	-0.3229715
887000	-1475.786	0	-1475.786	-0.194191
887500	-1477.197	0	-1477.197	-0.2894305
888000	-1449.202	0	-1449.202	-0.2893971
888500	-1488.248	0	-1488.248	-0.2106672
889000	-1558.145	0	-1558.145	-0.3340311
889500	-1468.949	0	-1468.949	-0.423642
890000	-1391.856	0	-1391.856	-0.4995913
890500	-1432.931	0	-1432.931	-0.615835
891000	-1358.4	0	-1358.4	-0.6867077
891500	-1298.287	0	-1298.287	-0.6238413
892000	-1387.898	0	-1387.898	-0.6206709
892500	-1337.564	0	-1337.564	-0.6739717
893000	-1342.458	0	-1342.458	-0.6465589
893500	-1327.781	0	-1327.781	-0.5963069
894000	-1316.152	0	-1316.152	-0.6035598
894500	-1265.055	0	-1265.055	-0.5247999
895000	-1249.554	0	-1249.554	-0.5228327
895500	-1191.111	0	-1191.111	-0.5190564
896000	-1294.208	0	-1294.208	-0.5164224
896500	-1330.868	0	-1330.868	-0.4938271
897000	-1289.545	0	-1289.545	-0.4699367
897500	-1342.406	0	-1342.406	-0.4374953
898000	-1396.93	0	-1396.93	-0.3960762
898500	-1445.483	0	-1445.483	-0.3405201
899000	-1454.388	0	-1454.388	-0.3400691
899500	-1527.569	0	-1527.569	-0.4669071
900000	-1447.081	0	-1447.081	-0.5035033
900500	-1443.736	0	-1443.736	-0.3364383
901000	-1465.166	0	-1465.166	-0.429925
901500	-1394.315	0	-1394.315	-0.4056889
902000	-1295.902	0	-1295.902	-0.4888672
902500	-1359.285	0	-1359.285	-0.5708453
903000	-1391.362	0	-1391.362	-0.5462922
903500	-1392.099	0	-1392.099	-0.5047971
904000	-1449.984	0	-1449.984	-0.4905429
904500	-1468.69	0	-1468.69	-0.3366571
905000	-1453.969	0	-1453.969	-0.4401765
905500	-1445.355	0	-1445.355	-0.5156368
906000	-1366.688	0	-1366.688	-0.4660188
906500	-1404.584	0	-1404.584	-0.4424908
907000	-1386.73	0	-1386.73	-0.5760903
907500	-1303.442	0	-1303.442	-0.5663164
908000	-1306.587	0	-1306.587	-0.5868549
908500	-1407.588	0	-1407.588	-0.5958303
909000	-1383.277	0	-1383.277	-0.5655814
909500	-1344.936	0	-1344.936	-0.473834
910000	-1383.012	0	-1383.012	-0.6445858
910500	-1484.793	0	-1484.793	-0.6591963
911000	-1502.846	0	-1502.846	-0.5759857
911500	-1454.658	0	-1454.658	-0.4615117
912000	-1530.276	0	-1530.276	-0.4716615
912500	-1446.665	0	-1446.665	-0.5394118
913000	-1467.63	0	-1467.63	-0.4867844
913500	-1371.7	0	-1371.7	-0.5454032
914000	-1326.583	0	-1326.583	-0.5519484
914500	-1238.941	0	-1238.941	-0.6133646
915000	-1261.204	0	-1261.204	-0.6367318
915500	-1252.747	0	-1252.747	-0.5692528
916000	-1150.396	0	-1150.396	-0.5548967
916500	-1169.593	0	-1169.593	-0.5601799
917000	-1211.182	0	-1211.182	-0.5408531
917500	-1238.497	0	-1238.497	-0.5842895
918000	-1197.508	0	-1197.508	-0.6146248
918500	-1273.674	0	-1273.674	-0.5955556
919000	-1357.519	0	-1357.519	-0.5248098
919500	-1324.294	0	-1324.294	-0.5843932
920000	-1351.645	0	-1351.645	-0.5096522
920500	-1343.447	0	-1343.447	-0.5794848
921000	-1435.018	0	-1435.018	-0.4108372
921500	-1477.631	0	-1477.631	-0.2965737
922000	-1434.341	0	-1434.341	-0.3467885
922500	-1427.994	0	-1427.994	-0.3625348
923000	-1484.856	0	-1484.856	-0.4756973
923500	-1392.655	0	-1392.655	-0.5260023
924000	-1450.279	0	-1450.279	-0.3276698
924500	-1482.096	0	-1482.096	-0.3425779
925000	-1424.104	0	-1424.104	-0.4004219
925500	-1486.723	0	-1486.723	-0.3659524
926000	-1543.008	0	-1543.008	-0.4400245
926500	-1422.966	0	-1422.966	-0.5782998
927000	-1429.245	0	-1429.245	-0.50845
927500	-1490.559	0	-1490.559	-0.5458695
928000	-1512.092	0	-1512.092	-0.4219398
928500	-1511.032	0	-1511.032	-0.2492391
929000	-1516.588	0	-1516.588	-0.3324553
929500	-1430.774	0	-1430.774	-0.4460927
930000	-1424.629	0	-1424.629	-0.500031
930500	-1335.512	0	-1335.512	-0.6864888
931000	-1344.47	0	-1344.47	-0.5273952
931500	-1326.32	0	-1326.32	-0.4735866
932000	-1436.008	0	-1436.008	-0.5328313
932500	-1515.219	0	-1515.219	-0.6322343
933000	-1333.369	0	-1333.369	-0.6046554
933500	-1399.498	0	-1399.498	-0.6299421
934000	-1427.797	0	-1427.797	-0.5941269
934500	-1386.237	0	-1386.237	-0.554856
935000	-1359.359	0	-1359.359	-0.4779218
935500	-1372.666	0	-1372.666	-0.5262059
936000	-1490.871	0	-1490.871	-0.535635
936500	-1490.531	0	-1490.531	-0.5671054
937000	-1407.916	0	-1407.916	-0.5224793
937500	-1459.647	0	-1459.647	-0.5305613
938000	-1511.918	0	-1511.918	-0.3924022
938500	-1468.253	0	-1468.253	-0.5593571
939000	-1502.145	0	-1502.145	-0.3826553
939500	-1474.415	0	-1474.415	-0.5638134
940000	-1365.194	0	-1365.194	-0.7146432
940500	-1394.639	0	-1394.639	-0.7015195
941000	-1412.399	0	-1412.399	-0.5836063
941500	-1396.778	0	-1396.778	-0.6004046
942000	-1425.787	0	-1425.787	-0.4942383
942500	-1420.506	0	-1420.506	-0.4368915
943000	-1428.267	0	-1428.267	-0.44638
943500	-1430.94	0	-1430.94	-0.5337555
944000	-1512.073	0	-1512.073	-0.5390749
944500	-1501.484	0	-1501.484	-0.5413717
945000	-1560.594	0	-1560.594	-0.5070775
945500	-1506.861	0	-1506.861	-0.5658541
946000	-1479.475	0	-1479.475	-0.5779367
946500	-1533.945	0	-1533.945	-0.5491237
947000	-1619.605	0	-1619.605	-0.5789545
947500	-1554.746	0	-1554.746	-0.3327935
948000	-1540.254	0	-1540.254	-0.1818479
948500	-1528.236	0	-1528.236	-0.3477742
949000	-1571.78	0	-1571.78	-0.5565636
949500	-1533.049	0	-1533.049	-0.3229035
950000	-1490.898	0	-1490.898	-0.5601116
950500	-1471.799	0	-1471.799	-0.4068763
951000	-1455.953	0	-1455.953	-0.4244308
951500	-1469.477	0	-1469.477	-0.4166398
952000	-1454.864	0	-1454.864	-0.1673694
952500	-1498.949	0	-1498.949	-0.2595356
953000	-1465.465	0	-1465.465	-0.2688337
953500	-1547.217	0	-1547.217	-0.2122762
954000	-1424.187	0	-1424.187	-0.5918287
954500	-1426.99	0	-1426.99	-0.4618898
955000	-1495.256	0	-1495.256	-0.2671729
955500	-1457.091	0	-1457.091	-0.452928
956000	-1365.629	0	-1365.629	-0.4789609
956500	-1450.391	0	-1450.391	-0.4854694
957000	-1421.892	0	-1421.892	-0.4577879
957500	-1425.041	0	-1425.041	-0.3728735
958000	-1406.684	0	-1406.684	-0.523348
958500	-1449.352	0	-1449.352	-0.5492269
959000	-1528.469	0	-1528.469	-0.2917605
959500	-1424.434	0	-1424.434	-0.6492355
960000	-1459.404	0	-1459.404	-0.6633045
960500	-1410.603	0	-1410.603	-0.6474537
961000	-1366.682	0	-1366.682	-0.6102109
961500	-1335.392	0	-1335.392	-0.6127253
962000	-1293.114	0	-1293.114	-0.5865219
962500	-1385.635	0	-1385.635	-0.6472249
963000	-1513.927	0	-1513.927	-0.5614476
963500	-1438.865	0	-1438.865	-0.534645
964000	-1316.616	0	-1316.616	-0.4933273
964500	-1393.402	0	-1393.402	-0.5485306
965000	-1422.836	0	-1422.836	-0.5287327
965500	-1313.536	0	-1313.536	-0.567148
966000	-1434.496	0	-1434.496	-0.534026
966500	-1408.498	0	-1408.498	-0.5949445
967000	-1363.877	0	-1363.877	-0.6740632
967500	-1314.911	0	-1314.911	-0.6070989
968000	-1325.106	0	-1325.106	-0.5635633
968500	-1335.201	0	-1335.201	-0.5606829
969000	-1344.877	0	-1344.877	-0.5288776
969500	-1388.669	0	-1388.669	-0.5298317
970000	-1350.886	0	-1350.886	-0.5858719
970500	-1354.111	0	-1354.111	-0.6131559
971000	-1410.085	0	-1410.085	-0.4788525
971500	-1415.19	0	-1415.19	-0.5736863
972000	-1345.092	0	-1345.092	-0.5299241
972500	-1330.021	0	-1330.021	-0.5982821
973000	-1419.948	0	-1419.948	-0.5813358
973500	-1358.456	0	-1358.456	-0.6399917
974000	-1436.24	0	-1436.24	-0.6463227
974500	-1439.031	0	-1439.031	-0.5906946
975000	-1404.247	0	-1404.247	-0.4474079
975500	-1395.676	0	-1395.676	-0.5701598
976000	-1464.439	0	-1464.439	-0.5232932
976500	-1431.819	0	-1431.819	-0.3347976
977000	-1465.979	0	-1465.979	-0.3885515
977500	-1485.515	0	-1485.515	-0.3087856
978000	-1501.78	0	-1501.78	-0.4365523
978500	-1468.769	0	-1468.769	-0.3861625
979000	-1389.851	0	-1389.851	-0.3512157
979500	-1495.145	0	-1495.145	-0.4040959
980000	-1447.669	0	-1447.669	-0.4341839
980500	-1444.251	0	-1444.251	-0.3500069
981000	-1419.503	0	-1419.503	-0.3566536
981500	-1394.82	0	-1394.82	-0.3054144
982000	-1347.071	0	-1347.071	-0.2222232
982500	-1406.731	0	-1406.731	-0.2484871
983000	-1416.735	0	-1416.735	-0.188294
983500	-1443.863	0	-1443.863	-0.2181514
984000	-1420.104	0	-1420.104	-0.2408714
984500	-1461.773	0	-1461.773	-0.3265915
985000	-1408.668	0	-1408.668	-0.3441708
985500	-1405.599	0	-1405.599	-0.3548227
986000	-1392.332	0	-1392.332	-0.3524904
986500	-1335.232	0	-1335.232	-0.3979515
987000	-1427.734	0	-1427.734	-0.3261051
987500	-1488.2	0	-1488.2	-0.4481929
988000	-1408.578	0	-1408.578	-0.3684597
988500	-1478.205	0	-1478.205	-0.5274782
989000	-1458.314	0	-1458.314	-0.4572743
989500	-1473.325	0	-1473.325	-0.5875108
990000	-1462	0	-1462	-0.4468934
990500	-1429.52	0	-1429.52	-0.3057855
991000	-1422.553	0	-1422.553	-0.4074464
991500	-1411.356	0	-1411.356	-0.3705131
992000	-1392.517	0	-1392.517	-0.4376087
992500	-1412.857	0	-1412.857	-0.1736926
993000	-1483.56	0	-1483.56	-0.1453063
993500	-1500.102	0	-1500.102	-0.204823
994000	-1501.749	0	-1501.749	-0.2352743
994500	-1499.762	0	-1499.762	-0.438841
995000	-1419.769	0	-1419.769	-0.3574149
995500	-1287.448	0	-1287.448	-0.3124331
996000	-1409.366	0	-1409.366	-0.328726
996500	-1422.411	0	-1422.411	-0.332518
997000	-1455.027	0	-1455.027	-0.2757678
997500	-1455.477	0	-1455.477	-0.5219752
998000	-1294.547	0	-1294.547	-0.5027694
998500	-1248.618	0	-1248.618	-0.5059111
999000	-1426.226	0	-1426.226	-0.4634316
999500	-1330.854	0	-1330.854	-0.4366095
1000000	-1348.04	0	-1348.04	-0.3656795
