Iteration	Posterior	Likelihood	Prior	rho[2][3]
0	-8970.168	0	-8970.168	0.2884957
500	-1808.775	0	-1808.775	-0.3677352
1000	-1740.946	0	-1740.946	-0.4076764
1500	-1643.105	0	-1643.105	-0.3605057
2000	-1550.207	0	-1550.207	-0.3333882
2500	-1546.959	0	-1546.959	-0.02810492
3000	-1585.54	0	-1585.54	-0.1402401
3500	-1556.264	0	-1556.264	0.08481828
4000	-1582.158	0	-1582.158	0.04591563
4500	-1564.021	0	-1564.021	-0.05852173
5000	-1640.023	0	-1640.023	-0.04148653
5500	-1632.329	0	-1632.329	0.01832477
6000	-1618.508	0	-1618.508	-0.05289195
6500	-1578.183	0	-1578.183	-0.1648922
7000	-1602.245	0	-1602.245	-0.1682324
7500	-1639.756	0	-1639.756	-0.1908314
8000	-1620.841	0	-1620.841	-0.007476061
8500	-1576.081	0	-1576.081	-0.07832938
9000	-1611.178	0	-1611.178	-0.06160935
9500	-1630.709	0	-1630.709	-0.04479584
10000	-1602.402	0	-1602.402	-0.0309511
10500	-1529.157	0	-1529.157	-0.0009153242
11000	-1546.89	0	-1546.89	0.01800885
11500	-1573.337	0	-1573.337	0.06783673
12000	-1514.767	0	-1514.767	0.1218096
12500	-1578.12	0	-1578.12	-0.1177312
13000	-1599.135	0	-1599.135	-0.1997887
13500	-1606.29	0	-1606.29	-0.244567
14000	-1611.055	0	-1611.055	0.009374747
14500	-1623.345	0	-1623.345	-0.07807052
15000	-1646.889	0	-1646.889	-0.03645001
15500	-1573.651	0	-1573.651	0.04387747
16000	-1518.827	0	-1518.827	0.07236603
16500	-1607.764	0	-1607.764	0.01328704
17000	-1596.119	0	-1596.119	0.07027831
17500	-1588.254	0	-1588.254	0.08311784
18000	-1580.294	0	-1580.294	-0.03756913
18500	-1621.172	0	-1621.172	0.002814904
19000	-1621.057	0	-1621.057	0.0005447266
19500	-1604.094	0	-1604.094	0.2208531
20000	-1620.381	0	-1620.381	0.02675059
20500	-1675.906	0	-1675.906	0.06504518
21000	-1646.051	0	-1646.051	-0.09132046
21500	-1554.761	0	-1554.761	-0.0491506
22000	-1507.099	0	-1507.099	-0.04884091
22500	-1546.96	0	-1546.96	0.02465227
23000	-1509.1	0	-1509.1	-0.1354596
23500	-1464.259	0	-1464.259	-0.1163961
24000	-1473.921	0	-1473.921	-0.127689
24500	-1491.183	0	-1491.183	-0.0906678
25000	-1569.234	0	-1569.234	-0.09183322
25500	-1533.928	0	-1533.928	-0.2228813
26000	-1553.306	0	-1553.306	-0.2262966
26500	-1576.887	0	-1576.887	-0.1716159
27000	-1578.989	0	-1578.989	-0.2495038
27500	-1630.115	0	-1630.115	-0.148901
28000	-1607.41	0	-1607.41	-0.009002958
28500	-1575.744	0	-1575.744	-0.2002195
29000	-1580.833	0	-1580.833	-0.1193189
29500	-1607.698	0	-1607.698	-0.007438713
30000	-1583.456	0	-1583.456	-0.202926
30500	-1654.712	0	-1654.712	-0.1811428
31000	-1568.805	0	-1568.805	0.05328187
31500	-1539.819	0	-1539.819	-0.09908351
32000	-1607.303	0	-1607.303	0.01930577
32500	-1517.301	0	-1517.301	0.2099912
33000	-1575.741	0	-1575.741	-0.3438785
33500	-1579.85	0	-1579.85	-0.2259961
34000	-1555.25	0	-1555.25	-0.3293308
34500	-1513.215	0	-1513.215	0.06725089
35000	-1584.855	0	-1584.855	0.1057857
35500	-1570.425	0	-1570.425	-0.07741174
36000	-1544.934	0	-1544.934	-0.2482986
36500	-1482.396	0	-1482.396	-0.1522374
37000	-1541.212	0	-1541.212	-0.1160822
37500	-1482.042	0	-1482.042	-0.1002263
38000	-1514.111	0	-1514.111	0.04235728
38500	-1562.595	0	-1562.595	0.05593018
39000	-1616.445	0	-1616.445	0.1063859
39500	-1622.335	0	-1622.335	0.1099816
40000	-1592.374	0	-1592.374	-0.1140206
40500	-1502.145	0	-1502.145	-0.007507974
41000	-1542.148	0	-1542.148	-0.06194068
41500	-1524.316	0	-1524.316	0.02410356
42000	-1512.207	0	-1512.207	0.03044199
42500	-1515.692	0	-1515.692	0.07517711
43000	-1540.497	0	-1540.497	-0.2111396
43500	-1566.263	0	-1566.263	-0.1194273
44000	-1546.54	0	-1546.54	-0.3993815
44500	-1574.69	0	-1574.69	-0.3022998
45000	-1495.015	0	-1495.015	-0.119191
45500	-1512.429	0	-1512.429	-0.3422229
46000	-1540.762	0	-1540.762	-0.1011554
46500	-1571.514	0	-1571.514	0.1214715
47000	-1502.568	0	-1502.568	0.09173991
47500	-1447.866	0	-1447.866	0.02970103
48000	-1473.477	0	-1473.477	0.03209903
48500	-1558.693	0	-1558.693	0.01883211
49000	-1553.918	0	-1553.918	-0.2237039
49500	-1530.289	0	-1530.289	-0.3902124
50000	-1537.822	0	-1537.822	-0.254735
50500	-1521.551	0	-1521.551	-0.09734837
51000	-1491.109	0	-1491.109	-0.1992975
51500	-1485.021	0	-1485.021	0.03062327
52000	-1519.542	0	-1519.542	-0.03017911
52500	-1554.136	0	-1554.136	-0.1997685
53000	-1490.441	0	-1490.441	-0.1927578
53500	-1538.845	0	-1538.845	-0.1315007
54000	-1453.591	0	-1453.591	-0.1182294
54500	-1557.397	0	-1557.397	-0.02315861
55000	-1479.521	0	-1479.521	0.009526469
55500	-1401.674	0	-1401.674	0.05137519
56000	-1402.963	0	-1402.963	-0.1481678
56500	-1424.778	0	-1424.778	-0.1403744
57000	-1480.257	0	-1480.257	-0.1903276
57500	-1464.244	0	-1464.244	-0.04069077
58000	-1543.866	0	-1543.866	0.06551248
58500	-1579.859	0	-1579.859	-0.08428153
59000	-1554.101	0	-1554.101	-0.08029215
59500	-1524.284	0	-1524.284	-0.1538911
60000	-1481.882	0	-1481.882	-0.2563501
60500	-1407.516	0	-1407.516	-0.2068606
61000	-1397.823	0	-1397.823	-0.191187
61500	-1469.749	0	-1469.749	-0.2576747
62000	-1425.324	0	-1425.324	-0.2300762
62500	-1429.248	0	-1429.248	-0.1345214
63000	-1543.044	0	-1543.044	-0.3469783
63500	-1495.214	0	-1495.214	-0.1237665
64000	-1534.853	0	-1534.853	-0.1764476
64500	-1558.211	0	-1558.211	0.06042133
65000	-1511.209	0	-1511.209	-0.06578728
65500	-1530.176	0	-1530.176	-0.04083291
66000	-1497.371	0	-1497.371	0.1344124
66500	-1517.893	0	-1517.893	-0.1440512
67000	-1516.066	0	-1516.066	-0.2298277
67500	-1481.509	0	-1481.509	-0.008720155
68000	-1531.174	0	-1531.174	0.1335825
68500	-1489.105	0	-1489.105	0.05265087
69000	-1543.978	0	-1543.978	0.257699
69500	-1556.481	0	-1556.481	0.3005599
70000	-1516.631	0	-1516.631	0.1581405
70500	-1481.429	0	-1481.429	0.3166767
71000	-1567.784	0	-1567.784	0.4704294
71500	-1530.962	0	-1530.962	0.3934798
72000	-1471.09	0	-1471.09	0.3751413
72500	-1502.035	0	-1502.035	0.1056953
73000	-1556.133	0	-1556.133	0.2152655
73500	-1582.246	0	-1582.246	0.08627476
74000	-1588.631	0	-1588.631	0.04154213
74500	-1499.152	0	-1499.152	0.3262269
75000	-1565.123	0	-1565.123	-0.009588912
75500	-1604.285	0	-1604.285	-0.09219984
76000	-1629.767	0	-1629.767	-0.01612484
76500	-1528.512	0	-1528.512	-0.1568409
77000	-1516.467	0	-1516.467	-0.2458776
77500	-1461.356	0	-1461.356	-0.1955154
78000	-1540.237	0	-1540.237	-0.2796381
78500	-1470.534	0	-1470.534	-0.07069741
79000	-1458.149	0	-1458.149	-0.08618843
79500	-1531.32	0	-1531.32	-0.04502624
80000	-1517.518	0	-1517.518	-0.05459789
80500	-1500.605	0	-1500.605	-0.106495
81000	-1527.185	0	-1527.185	-0.1225237
81500	-1456.439	0	-1456.439	-0.08328867
82000	-1497.164	0	-1497.164	-0.1971705
82500	-1550.643	0	-1550.643	-0.0481471
83000	-1526.902	0	-1526.902	0.02089677
83500	-1570.351	0	-1570.351	-0.162687
84000	-1502.921	0	-1502.921	-0.1162974
84500	-1519.063	0	-1519.063	-0.0316369
85000	-1530.128	0	-1530.128	-0.2168768
85500	-1492.574	0	-1492.574	-0.1657102
86000	-1461.693	0	-1461.693	-0.03613134
86500	-1452.54	0	-1452.54	-0.1398721
87000	-1445.659	0	-1445.659	-0.09307926
87500	-1539.995	0	-1539.995	-0.3154106
88000	-1458.062	0	-1458.062	-0.2023752
88500	-1517.796	0	-1517.796	-0.0895511
89000	-1470.328	0	-1470.328	-0.1423125
89500	-1523.004	0	-1523.004	0.0964357
90000	-1543.8	0	-1543.8	-0.02155118
90500	-1527.097	0	-1527.097	-0.01988307
91000	-1491.481	0	-1491.481	-0.07339527
91500	-1508.162	0	-1508.162	-0.05495757
92000	-1590.483	0	-1590.483	-0.1801668
92500	-1593.344	0	-1593.344	-0.116251
93000	-1516.529	0	-1516.529	0.02738319
93500	-1452.985	0	-1452.985	0.1169312
94000	-1525.306	0	-1525.306	0.0008020798
94500	-1429.929	0	-1429.929	-0.2386897
95000	-1455.528	0	-1455.528	-0.04380652
95500	-1549.13	0	-1549.13	-0.04835437
96000	-1566.681	0	-1566.681	0.09484998
96500	-1550.996	0	-1550.996	0.1721879
97000	-1522.901	0	-1522.901	0.09402269
97500	-1516.768	0	-1516.768	-0.1007829
98000	-1505.233	0	-1505.233	-0.1663792
98500	-1566.376	0	-1566.376	-0.04461756
99000	-1590.498	0	-1590.498	0.05550954
99500	-1537.954	0	-1537.954	0.09126084
100000	-1559.457	0	-1559.457	0.06009947
100500	-1463.982	0	-1463.982	0.1130218
101000	-1457.901	0	-1457.901	0.1120359
101500	-1541.271	0	-1541.271	0.1842227
102000	-1569.716	0	-1569.716	-0.08098144
102500	-1543.509	0	-1543.509	-0.06032655
103000	-1489.275	0	-1489.275	0.2159548
103500	-1504.615	0	-1504.615	0.1158974
104000	-1576.85	0	-1576.85	0.09166596
104500	-1576.741	0	-1576.741	0.1149543
105000	-1551.638	0	-1551.638	-0.03047747
105500	-1619.849	0	-1619.849	-0.1155171
106000	-1601.521	0	-1601.521	-0.1508483
106500	-1611.184	0	-1611.184	-0.02189302
107000	-1563.73	0	-1563.73	-0.06025419
107500	-1602.285	0	-1602.285	-0.09682472
108000	-1544.538	0	-1544.538	0.05056254
108500	-1560.51	0	-1560.51	-0.04641851
109000	-1595.452	0	-1595.452	0.02878573
109500	-1511.033	0	-1511.033	-0.2700958
110000	-1475.533	0	-1475.533	-0.1212595
110500	-1561.27	0	-1561.27	-0.1429389
111000	-1508.893	0	-1508.893	-0.1771243
111500	-1517.094	0	-1517.094	-0.1369927
112000	-1514.041	0	-1514.041	-0.188887
112500	-1593.547	0	-1593.547	-0.0808029
113000	-1511.587	0	-1511.587	0.08858504
113500	-1488.28	0	-1488.28	-0.1706429
114000	-1440.013	0	-1440.013	-0.2891305
114500	-1569.871	0	-1569.871	-0.2090171
115000	-1574.825	0	-1574.825	-0.08990432
115500	-1539.539	0	-1539.539	-0.01777343
116000	-1640.946	0	-1640.946	-0.1714994
116500	-1556.928	0	-1556.928	0.1092071
117000	-1528.289	0	-1528.289	0.11544
117500	-1493.75	0	-1493.75	0.1707886
118000	-1467.914	0	-1467.914	-0.02134794
118500	-1485.394	0	-1485.394	-0.05636851
119000	-1489.479	0	-1489.479	-0.3077609
119500	-1497.298	0	-1497.298	-0.2981305
120000	-1548.717	0	-1548.717	-0.2635017
120500	-1395.852	0	-1395.852	-0.2214017
121000	-1390.445	0	-1390.445	-0.2952851
121500	-1481.737	0	-1481.737	-0.2665128
122000	-1455.606	0	-1455.606	-0.09441364
122500	-1366.683	0	-1366.683	-0.2016543
123000	-1405.107	0	-1405.107	-0.1709438
123500	-1422.214	0	-1422.214	-0.07491724
124000	-1447.26	0	-1447.26	-0.1490013
124500	-1432.627	0	-1432.627	-0.07936524
125000	-1448.319	0	-1448.319	-0.06369899
125500	-1507.144	0	-1507.144	-0.09151547
126000	-1384.744	0	-1384.744	-0.1605472
126500	-1391.216	0	-1391.216	-0.1798355
127000	-1398.695	0	-1398.695	-0.01991868
127500	-1412.566	0	-1412.566	-0.2201804
128000	-1295.339	0	-1295.339	-0.3443719
128500	-1409.631	0	-1409.631	-0.3111395
129000	-1425.98	0	-1425.98	-0.2938001
129500	-1414.032	0	-1414.032	-0.3114424
130000	-1493.03	0	-1493.03	-0.11574
130500	-1422.477	0	-1422.477	-0.1695818
131000	-1478.935	0	-1478.935	-0.08116632
131500	-1462.686	0	-1462.686	-0.2160606
132000	-1469.021	0	-1469.021	-0.1198695
132500	-1451.146	0	-1451.146	-0.2190907
133000	-1474.151	0	-1474.151	-0.1407057
133500	-1442.409	0	-1442.409	-0.1607803
134000	-1415.211	0	-1415.211	-0.230538
134500	-1436.808	0	-1436.808	-0.1497104
135000	-1424.613	0	-1424.613	-0.1442275
135500	-1418.769	0	-1418.769	-0.08522732
136000	-1450.732	0	-1450.732	-0.0725674
136500	-1456.501	0	-1456.501	0.1094623
137000	-1568.043	0	-1568.043	0.1975165
137500	-1443.802	0	-1443.802	0.01658489
138000	-1506.826	0	-1506.826	0.1344223
138500	-1541.607	0	-1541.607	-0.006853478
139000	-1471.688	0	-1471.688	0.05108426
139500	-1467.17	0	-1467.17	-0.1292261
140000	-1472.656	0	-1472.656	-0.2290854
140500	-1545.261	0	-1545.261	-0.2152858
141000	-1549.811	0	-1549.811	-0.06471003
141500	-1509.135	0	-1509.135	0.03164774
142000	-1498.059	0	-1498.059	0.04766089
142500	-1479.173	0	-1479.173	0.2490768
143000	-1459.391	0	-1459.391	0.1579238
143500	-1487.923	0	-1487.923	0.1834859
144000	-1492.4	0	-1492.4	0.05899251
144500	-1506.536	0	-1506.536	0.02500451
145000	-1521.406	0	-1521.406	0.06441167
145500	-1474.392	0	-1474.392	-0.01314146
146000	-1458.839	0	-1458.839	-0.142232
146500	-1531.41	0	-1531.41	-0.4040041
147000	-1507.296	0	-1507.296	-0.2585838
147500	-1435.67	0	-1435.67	-0.3383234
148000	-1445.782	0	-1445.782	-0.3297187
148500	-1526.198	0	-1526.198	-0.2066786
149000	-1503.391	0	-1503.391	-0.1361369
149500	-1451.398	0	-1451.398	-0.1199765
150000	-1423.714	0	-1423.714	-0.1284772
150500	-1384.359	0	-1384.359	-0.2416404
151000	-1420.628	0	-1420.628	-0.2489641
151500	-1383.15	0	-1383.15	-0.2317299
152000	-1346.213	0	-1346.213	-0.266243
152500	-1440.886	0	-1440.886	-0.30401
153000	-1533.163	0	-1533.163	-0.2799171
153500	-1545.738	0	-1545.738	-0.06925334
154000	-1593.079	0	-1593.079	-0.06127742
154500	-1614.393	0	-1614.393	-0.2484038
155000	-1527.663	0	-1527.663	-0.2561536
155500	-1587.929	0	-1587.929	-0.1901289
156000	-1562.773	0	-1562.773	-0.2146218
156500	-1497.197	0	-1497.197	-0.2144175
157000	-1473.372	0	-1473.372	-0.4283622
157500	-1573.613	0	-1573.613	-0.3709029
158000	-1451.81	0	-1451.81	-0.4456496
158500	-1459.765	0	-1459.765	-0.2947332
159000	-1500.47	0	-1500.47	-0.06785608
159500	-1501.999	0	-1501.999	-0.04601248
160000	-1512.683	0	-1512.683	-0.07951078
160500	-1471.205	0	-1471.205	-0.06356044
161000	-1484.067	0	-1484.067	-0.1156236
161500	-1510.531	0	-1510.531	-0.275978
162000	-1460.475	0	-1460.475	-0.1653091
162500	-1424.193	0	-1424.193	-0.09934371
163000	-1486.41	0	-1486.41	-0.1064936
163500	-1521.075	0	-1521.075	-0.00245797
164000	-1402.795	0	-1402.795	0.04291765
164500	-1435.203	0	-1435.203	-0.1405515
165000	-1406.262	0	-1406.262	-0.1641186
165500	-1449.943	0	-1449.943	-0.04504799
166000	-1488.739	0	-1488.739	-0.07121869
166500	-1495.662	0	-1495.662	0.03716065
167000	-1511.319	0	-1511.319	0.02740395
167500	-1373.815	0	-1373.815	-0.01122277
168000	-1548.168	0	-1548.168	0.01035053
168500	-1542.912	0	-1542.912	0.05009212
169000	-1536.075	0	-1536.075	0.1508751
169500	-1492.999	0	-1492.999	0.1307589
170000	-1476.96	0	-1476.96	0.1733277
170500	-1422.962	0	-1422.962	0.1517169
171000	-1494.189	0	-1494.189	0.129989
171500	-1492.932	0	-1492.932	0.01124207
172000	-1570.383	0	-1570.383	0.138494
172500	-1503.647	0	-1503.647	-0.02338218
173000	-1459.401	0	-1459.401	0.1809723
173500	-1491.693	0	-1491.693	0.1658144
174000	-1492.605	0	-1492.605	-0.06549337
174500	-1527.937	0	-1527.937	-0.005492271
175000	-1552.525	0	-1552.525	-0.2674849
175500	-1547.616	0	-1547.616	-0.2702523
176000	-1469.72	0	-1469.72	-0.3096686
176500	-1441.899	0	-1441.899	-0.2845368
177000	-1413.475	0	-1413.475	-0.3462327
177500	-1512.491	0	-1512.491	-0.1062099
178000	-1492.278	0	-1492.278	0.03599952
178500	-1386.043	0	-1386.043	-0.01186007
179000	-1359.362	0	-1359.362	-0.003871408
179500	-1377.098	0	-1377.098	-0.07599365
180000	-1421.715	0	-1421.715	-0.0253618
180500	-1498.399	0	-1498.399	-0.1186738
181000	-1528.164	0	-1528.164	0.0364015
181500	-1488.437	0	-1488.437	0.1077751
182000	-1499.39	0	-1499.39	0.2278603
182500	-1447.913	0	-1447.913	-0.1218499
183000	-1426.349	0	-1426.349	0.2673842
183500	-1451.646	0	-1451.646	0.04704481
184000	-1383.241	0	-1383.241	0.1080329
184500	-1453.271	0	-1453.271	0.1108404
185000	-1392.813	0	-1392.813	0.1998405
185500	-1446.649	0	-1446.649	0.00430274
186000	-1502.057	0	-1502.057	0.101456
186500	-1536.393	0	-1536.393	0.09928207
187000	-1482.552	0	-1482.552	0.1728272
187500	-1517.207	0	-1517.207	0.2244985
188000	-1478.524	0	-1478.524	0.1024675
188500	-1390.2	0	-1390.2	-0.0151125
189000	-1480.064	0	-1480.064	0.0795475
189500	-1527.454	0	-1527.454	0.2459607
190000	-1535.577	0	-1535.577	0.1615134
190500	-1428.397	0	-1428.397	0.2037824
191000	-1408.484	0	-1408.484	0.2250494
191500	-1422.46	0	-1422.46	0.2007157
192000	-1508.181	0	-1508.181	0.1683785
192500	-1490.089	0	-1490.089	-0.118953
193000	-1410.909	0	-1410.909	-0.1407704
193500	-1464.961	0	-1464.961	0.08008184
194000	-1480.06	0	-1480.06	0.2581221
194500	-1457.01	0	-1457.01	0.2359031
195000	-1454.175	0	-1454.175	0.1874146
195500	-1435.613	0	-1435.613	-0.01196657
196000	-1429.371	0	-1429.371	0.1116086
196500	-1506.37	0	-1506.37	0.1469501
197000	-1466.617	0	-1466.617	-0.002226237
197500	-1428.647	0	-1428.647	0.2220222
198000	-1383.708	0	-1383.708	0.2546155
198500	-1490.759	0	-1490.759	0.2316406
199000	-1431.272	0	-1431.272	0.2270324
199500	-1522.354	0	-1522.354	0.03461328
200000	-1498.876	0	-1498.876	-0.02146903
200500	-1427.436	0	-1427.436	-0.008810005
201000	-1507.225	0	-1507.225	-0.1339732
201500	-1427.354	0	-1427.354	-0.2021827
202000	-1444.38	0	-1444.38	-0.1631476
202500	-1485.64	0	-1485.64	-0.105053
203000	-1484.116	0	-1484.116	-0.06063953
203500	-1451.875	0	-1451.875	-0.07042345
204000	-1403.665	0	-1403.665	-0.1585473
204500	-1418.522	0	-1418.522	-0.08936291
205000	-1466.54	0	-1466.54	-0.1837416
205500	-1519.9	0	-1519.9	0.007468675
206000	-1481.281	0	-1481.281	0.1083848
206500	-1416.506	0	-1416.506	-0.08780603
207000	-1407.05	0	-1407.05	-0.2708865
207500	-1413.759	0	-1413.759	-0.09408741
208000	-1464.331	0	-1464.331	-0.1763204
208500	-1510.247	0	-1510.247	0.05223226
209000	-1552.411	0	-1552.411	-0.01144888
209500	-1564.768	0	-1564.768	-0.1523002
210000	-1474.674	0	-1474.674	-0.1580062
210500	-1407.293	0	-1407.293	-0.1732488
211000	-1337.653	0	-1337.653	-0.2617365
211500	-1400.904	0	-1400.904	-0.3215643
212000	-1372.451	0	-1372.451	-0.1695668
212500	-1476.994	0	-1476.994	0.001192024
213000	-1490.404	0	-1490.404	0.1743246
213500	-1405.01	0	-1405.01	-0.05546712
214000	-1439.839	0	-1439.839	-0.06426061
214500	-1442.403	0	-1442.403	-0.3320017
215000	-1489.988	0	-1489.988	-0.322837
215500	-1488.259	0	-1488.259	-0.3181895
216000	-1532.362	0	-1532.362	-0.3963985
216500	-1493.438	0	-1493.438	-0.07793943
217000	-1495.958	0	-1495.958	-0.1904584
217500	-1495.816	0	-1495.816	-0.1327475
218000	-1410.898	0	-1410.898	-0.2196723
218500	-1427.1	0	-1427.1	-0.2800716
219000	-1454.575	0	-1454.575	-0.1351627
219500	-1345.033	0	-1345.033	-0.05779627
220000	-1335.035	0	-1335.035	-0.1061633
220500	-1490.332	0	-1490.332	-0.146989
221000	-1379.204	0	-1379.204	-0.09327851
221500	-1394.383	0	-1394.383	-0.03682597
222000	-1426.971	0	-1426.971	-0.0944784
222500	-1445.593	0	-1445.593	-0.1990892
223000	-1354.946	0	-1354.946	-0.2053138
223500	-1362.459	0	-1362.459	-0.2364095
224000	-1364.714	0	-1364.714	-0.2801501
224500	-1367.411	0	-1367.411	-0.2897096
225000	-1486.003	0	-1486.003	-0.1734915
225500	-1334.238	0	-1334.238	-0.2824175
226000	-1447.11	0	-1447.11	-0.1668274
226500	-1494.64	0	-1494.64	-0.2620734
227000	-1386.166	0	-1386.166	-0.1559019
227500	-1348.543	0	-1348.543	-0.1788697
228000	-1384.457	0	-1384.457	-0.300191
228500	-1449.253	0	-1449.253	-0.2989952
229000	-1394.627	0	-1394.627	-0.3396094
229500	-1411.85	0	-1411.85	-0.1968655
230000	-1339.322	0	-1339.322	-0.06011366
230500	-1381.879	0	-1381.879	-0.1916402
231000	-1377.256	0	-1377.256	-0.08468675
231500	-1455.661	0	-1455.661	-0.09763517
232000	-1457.656	0	-1457.656	0.03008055
232500	-1356.736	0	-1356.736	-0.3008329
233000	-1392.578	0	-1392.578	-0.3785442
233500	-1447.345	0	-1447.345	-0.1992827
234000	-1348.445	0	-1348.445	-0.1943846
234500	-1387.066	0	-1387.066	-0.2569236
235000	-1398.383	0	-1398.383	-0.2691514
235500	-1363.864	0	-1363.864	-0.2414103
236000	-1403.57	0	-1403.57	-0.1662927
236500	-1445.821	0	-1445.821	-0.3045252
237000	-1439.632	0	-1439.632	-0.2608246
237500	-1427.989	0	-1427.989	-0.1216828
238000	-1346.729	0	-1346.729	-0.06993924
238500	-1377.552	0	-1377.552	-0.2971829
239000	-1398.749	0	-1398.749	-0.2182178
239500	-1430.274	0	-1430.274	-0.05487432
240000	-1376.226	0	-1376.226	-0.1151643
240500	-1473.516	0	-1473.516	-0.2377411
241000	-1360.93	0	-1360.93	-0.1616611
241500	-1426.852	0	-1426.852	-0.09961701
242000	-1496.762	0	-1496.762	-0.1780333
242500	-1386.676	0	-1386.676	-0.1677962
243000	-1508.664	0	-1508.664	-0.06105972
243500	-1581.82	0	-1581.82	0.07700858
244000	-1547.6	0	-1547.6	0.09079715
244500	-1535.083	0	-1535.083	0.1341763
245000	-1482.224	0	-1482.224	0.01112185
245500	-1485.596	0	-1485.596	0.01708143
246000	-1540.977	0	-1540.977	-0.0113245
246500	-1377.119	0	-1377.119	0.1933112
247000	-1456.941	0	-1456.941	-0.00516728
247500	-1526.072	0	-1526.072	0.09464984
248000	-1484.168	0	-1484.168	0.09815172
248500	-1413.897	0	-1413.897	-4.170256e-05
249000	-1448.471	0	-1448.471	0.05413667
249500	-1478.377	0	-1478.377	0.1761827
250000	-1470.081	0	-1470.081	0.08567746
250500	-1514.606	0	-1514.606	0.1364581
251000	-1489.313	0	-1489.313	-0.08501811
251500	-1492.796	0	-1492.796	0.212288
252000	-1480.119	0	-1480.119	0.1473344
252500	-1438.765	0	-1438.765	0.105623
253000	-1346.779	0	-1346.779	0.1410334
253500	-1429.572	0	-1429.572	0.1720429
254000	-1483.356	0	-1483.356	0.04111871
254500	-1590.068	0	-1590.068	0.1967438
255000	-1497.329	0	-1497.329	0.1205466
255500	-1567.47	0	-1567.47	0.02848207
256000	-1425.687	0	-1425.687	-0.0475786
256500	-1501.871	0	-1501.871	-0.1405543
257000	-1453.338	0	-1453.338	0.0904823
257500	-1502.748	0	-1502.748	0.07048357
258000	-1480.763	0	-1480.763	0.2242814
258500	-1493.729	0	-1493.729	0.1493112
259000	-1496.935	0	-1496.935	0.04679153
259500	-1430.38	0	-1430.38	-0.08968821
260000	-1444.551	0	-1444.551	-0.01025005
260500	-1480.436	0	-1480.436	-0.2668792
261000	-1435.612	0	-1435.612	-0.1276851
261500	-1352.497	0	-1352.497	-0.2516932
262000	-1418.044	0	-1418.044	-0.3494492
262500	-1394.389	0	-1394.389	-0.4796318
263000	-1321.603	0	-1321.603	-0.4813151
263500	-1359.904	0	-1359.904	-0.5427112
264000	-1497.095	0	-1497.095	-0.5168902
264500	-1519.492	0	-1519.492	-0.3636184
265000	-1493.869	0	-1493.869	-0.4089528
265500	-1473.179	0	-1473.179	-0.1766251
266000	-1497.065	0	-1497.065	-0.1593182
266500	-1459.473	0	-1459.473	-0.128165
267000	-1501.138	0	-1501.138	-0.1660416
267500	-1494.144	0	-1494.144	-0.1085186
268000	-1539.035	0	-1539.035	-0.151683
268500	-1541.708	0	-1541.708	-0.05515662
269000	-1488.777	0	-1488.777	-0.2667671
269500	-1482.855	0	-1482.855	-0.1617619
270000	-1519.448	0	-1519.448	-0.02891376
270500	-1494.877	0	-1494.877	-0.2520911
271000	-1443.421	0	-1443.421	-0.2303729
271500	-1496.746	0	-1496.746	0.04335202
272000	-1425.313	0	-1425.313	0.08655977
272500	-1530.36	0	-1530.36	0.1145366
273000	-1509.367	0	-1509.367	0.09972674
273500	-1626.686	0	-1626.686	0.08367122
274000	-1508.154	0	-1508.154	0.305114
274500	-1437.166	0	-1437.166	0.1029441
275000	-1433.495	0	-1433.495	0.06353137
275500	-1456.243	0	-1456.243	0.158452
276000	-1572.477	0	-1572.477	0.02553921
276500	-1565.54	0	-1565.54	-0.1156726
277000	-1549.968	0	-1549.968	-0.07431714
277500	-1555.182	0	-1555.182	-0.01674966
278000	-1541.054	0	-1541.054	0.1740676
278500	-1472.891	0	-1472.891	0.2359236
279000	-1505.059	0	-1505.059	0.1398376
279500	-1547.783	0	-1547.783	0.03208109
280000	-1502.869	0	-1502.869	-0.1818935
280500	-1405.267	0	-1405.267	0.04027751
281000	-1419.176	0	-1419.176	-0.03110895
281500	-1426.525	0	-1426.525	-0.04685593
282000	-1483.499	0	-1483.499	-0.04628915
282500	-1404.2	0	-1404.2	0.007180866
283000	-1381.196	0	-1381.196	-0.05325182
283500	-1460.094	0	-1460.094	-0.07821933
284000	-1512.365	0	-1512.365	-0.1296101
284500	-1444.106	0	-1444.106	-0.108702
285000	-1467.392	0	-1467.392	-0.07428893
285500	-1470.218	0	-1470.218	-0.02233145
286000	-1485.208	0	-1485.208	-0.09959953
286500	-1455.652	0	-1455.652	-0.04294877
287000	-1449.642	0	-1449.642	-0.1065975
287500	-1376.544	0	-1376.544	0.00377107
288000	-1402.517	0	-1402.517	-0.05843159
288500	-1458.24	0	-1458.24	0.05537763
289000	-1509.06	0	-1509.06	0.08598968
289500	-1595.043	0	-1595.043	-0.06915986
290000	-1520.245	0	-1520.245	-0.1413268
290500	-1513.237	0	-1513.237	-0.1013983
291000	-1553.831	0	-1553.831	-0.2270308
291500	-1563.91	0	-1563.91	-0.3329645
292000	-1549.396	0	-1549.396	-0.04271729
292500	-1564.408	0	-1564.408	-0.1639865
293000	-1598.005	0	-1598.005	-0.339282
293500	-1563.025	0	-1563.025	-0.1813534
294000	-1598.781	0	-1598.781	0.076676
294500	-1616.096	0	-1616.096	-0.07759638
295000	-1577.225	0	-1577.225	-0.1535459
295500	-1617.12	0	-1617.12	-0.08496856
296000	-1554.64	0	-1554.64	0.08409502
296500	-1560.157	0	-1560.157	0.03523183
297000	-1556.74	0	-1556.74	-0.01538813
297500	-1564.647	0	-1564.647	-0.09356241
298000	-1627.687	0	-1627.687	-0.03262427
298500	-1588.256	0	-1588.256	0.03315357
299000	-1567.72	0	-1567.72	0.09992249
299500	-1593.851	0	-1593.851	0.02791348
300000	-1547.3	0	-1547.3	-0.1497689
300500	-1545.792	0	-1545.792	0.02188976
301000	-1564.956	0	-1564.956	0.02645748
301500	-1515.502	0	-1515.502	0.1711688
302000	-1519.19	0	-1519.19	0.01320248
302500	-1496.038	0	-1496.038	-0.04749952
303000	-1473.217	0	-1473.217	-0.2308859
303500	-1492.818	0	-1492.818	-0.1228651
304000	-1499.371	0	-1499.371	-0.04432736
304500	-1489.925	0	-1489.925	0.03193398
305000	-1502.63	0	-1502.63	-0.03534177
305500	-1452.985	0	-1452.985	0.1346272
306000	-1480.337	0	-1480.337	-0.140527
306500	-1400.26	0	-1400.26	-0.2175495
307000	-1458.939	0	-1458.939	-0.1177824
307500	-1447.316	0	-1447.316	-0.2547851
308000	-1390.765	0	-1390.765	-0.2004544
308500	-1404.764	0	-1404.764	-0.1626278
309000	-1487.75	0	-1487.75	0.001654504
309500	-1410.109	0	-1410.109	-0.2402889
310000	-1508.597	0	-1508.597	-0.06054162
310500	-1473.296	0	-1473.296	-0.326919
311000	-1447.658	0	-1447.658	-0.1374466
311500	-1460.406	0	-1460.406	-0.3405243
312000	-1504.838	0	-1504.838	-0.2225296
312500	-1522.43	0	-1522.43	-0.2026469
313000	-1533.654	0	-1533.654	-0.176994
313500	-1539.138	0	-1539.138	-0.1676464
314000	-1600.557	0	-1600.557	-0.02005495
314500	-1545.017	0	-1545.017	-0.1915786
315000	-1473.9	0	-1473.9	-0.3481075
315500	-1497.893	0	-1497.893	-0.2580097
316000	-1380.687	0	-1380.687	-0.5034242
316500	-1405.067	0	-1405.067	-0.4604823
317000	-1409.077	0	-1409.077	-0.3320152
317500	-1302.671	0	-1302.671	-0.1525858
318000	-1382.73	0	-1382.73	-0.1671513
318500	-1529.607	0	-1529.607	-0.2785035
319000	-1543.247	0	-1543.247	-0.01118631
319500	-1485.671	0	-1485.671	0.1163348
320000	-1497.573	0	-1497.573	0.2471139
320500	-1449.553	0	-1449.553	0.1407514
321000	-1441.987	0	-1441.987	0.2104774
321500	-1447.455	0	-1447.455	0.00804457
322000	-1561.318	0	-1561.318	0.08236618
322500	-1503.008	0	-1503.008	0.2081729
323000	-1557.582	0	-1557.582	0.3794866
323500	-1541.034	0	-1541.034	0.1556832
324000	-1534.403	0	-1534.403	0.05478993
324500	-1573.884	0	-1573.884	0.1473582
325000	-1532.884	0	-1532.884	0.03561555
325500	-1519.138	0	-1519.138	-0.1999455
326000	-1500.196	0	-1500.196	0.002212357
326500	-1471.594	0	-1471.594	-0.2885399
327000	-1511.31	0	-1511.31	-0.08496891
327500	-1506.344	0	-1506.344	-0.3503932
328000	-1524.753	0	-1524.753	-0.2604525
328500	-1480.78	0	-1480.78	-0.02855644
329000	-1465.987	0	-1465.987	-0.09146301
329500	-1483.38	0	-1483.38	0.09803899
330000	-1475.908	0	-1475.908	-0.0270172
330500	-1368.536	0	-1368.536	0.05556864
331000	-1452.098	0	-1452.098	-0.04540429
331500	-1573.039	0	-1573.039	0.06383527
332000	-1529.61	0	-1529.61	-0.0636516
332500	-1464.395	0	-1464.395	-0.1643921
333000	-1519.108	0	-1519.108	-0.1630073
333500	-1450.781	0	-1450.781	0.02903048
334000	-1559.29	0	-1559.29	0.009033191
334500	-1542.474	0	-1542.474	-0.1469368
335000	-1547.513	0	-1547.513	0.01037033
335500	-1424.545	0	-1424.545	0.1616507
336000	-1468.613	0	-1468.613	0.1655315
336500	-1520.219	0	-1520.219	0.1188339
337000	-1454.265	0	-1454.265	-0.04155922
337500	-1529.346	0	-1529.346	-0.1642256
338000	-1516.206	0	-1516.206	-0.1814223
338500	-1412.8	0	-1412.8	-0.3129507
339000	-1473.276	0	-1473.276	-0.2900983
339500	-1424.952	0	-1424.952	-0.2126248
340000	-1397.822	0	-1397.822	-0.1210708
340500	-1321.924	0	-1321.924	-0.1410736
341000	-1382.43	0	-1382.43	-0.1363337
341500	-1395.592	0	-1395.592	-0.09566395
342000	-1392.959	0	-1392.959	-0.1333888
342500	-1358.056	0	-1358.056	-0.05576727
343000	-1380.965	0	-1380.965	-0.02176482
343500	-1365.816	0	-1365.816	0.02621288
344000	-1411.503	0	-1411.503	0.07754471
344500	-1550.935	0	-1550.935	0.09747314
345000	-1514.696	0	-1514.696	0.08336437
345500	-1428.442	0	-1428.442	-0.02116813
346000	-1346.126	0	-1346.126	-0.1045809
346500	-1352.201	0	-1352.201	-0.06429289
347000	-1376.141	0	-1376.141	-0.2183782
347500	-1478.082	0	-1478.082	-0.1027966
348000	-1396.031	0	-1396.031	-0.001950342
348500	-1387.654	0	-1387.654	0.08929668
349000	-1375.837	0	-1375.837	0.01966123
349500	-1379.962	0	-1379.962	0.03916665
350000	-1517.632	0	-1517.632	0.02998312
350500	-1418.388	0	-1418.388	0.01530087
351000	-1389.936	0	-1389.936	0.03145057
351500	-1402.03	0	-1402.03	0.01873194
352000	-1483.999	0	-1483.999	0.01935863
352500	-1465.07	0	-1465.07	0.05415434
353000	-1445.935	0	-1445.935	0.2064839
353500	-1490.583	0	-1490.583	-0.01967575
354000	-1525.976	0	-1525.976	0.1120654
354500	-1490.878	0	-1490.878	0.02186027
355000	-1524.436	0	-1524.436	0.04895795
355500	-1405.964	0	-1405.964	-0.0358744
356000	-1403.913	0	-1403.913	0.03577851
356500	-1459.999	0	-1459.999	0.04806354
357000	-1346.633	0	-1346.633	0.1002887
357500	-1428.54	0	-1428.54	0.04775588
358000	-1444.413	0	-1444.413	0.1159184
358500	-1434.355	0	-1434.355	-0.08353375
359000	-1406.63	0	-1406.63	-0.02870637
359500	-1371.876	0	-1371.876	-0.1074515
360000	-1345.21	0	-1345.21	-0.09673308
360500	-1417.269	0	-1417.269	-0.1115204
361000	-1493.301	0	-1493.301	0.125336
361500	-1481.185	0	-1481.185	0.04870427
362000	-1443.132	0	-1443.132	-0.0006778673
362500	-1442.92	0	-1442.92	0.08867636
363000	-1516.818	0	-1516.818	0.1107831
363500	-1452.713	0	-1452.713	0.06735622
364000	-1557.044	0	-1557.044	-0.01477842
364500	-1567.234	0	-1567.234	0.09428168
365000	-1593.855	0	-1593.855	-0.2145733
365500	-1587.966	0	-1587.966	-0.1887674
366000	-1542.675	0	-1542.675	0.0367192
366500	-1572.8	0	-1572.8	-0.01989828
367000	-1507.794	0	-1507.794	0.07232347
367500	-1567.123	0	-1567.123	-0.04687705
368000	-1561.976	0	-1561.976	-0.1311136
368500	-1570.121	0	-1570.121	-0.04421874
369000	-1454.915	0	-1454.915	-0.1434225
369500	-1488.935	0	-1488.935	0.02124317
370000	-1481.729	0	-1481.729	-0.01132245
370500	-1504.546	0	-1504.546	-0.1463349
371000	-1447.945	0	-1447.945	-0.324178
371500	-1394.148	0	-1394.148	-0.1415866
372000	-1467.546	0	-1467.546	-0.174787
372500	-1484.886	0	-1484.886	-0.1023147
373000	-1465.741	0	-1465.741	-0.06565145
373500	-1469.91	0	-1469.91	-0.03453197
374000	-1452.108	0	-1452.108	0.0165778
374500	-1473.811	0	-1473.811	-0.05509136
375000	-1475.589	0	-1475.589	-0.2534112
375500	-1462.17	0	-1462.17	-0.2748574
376000	-1483.027	0	-1483.027	-0.1355948
376500	-1439.007	0	-1439.007	0.002695624
377000	-1549.672	0	-1549.672	-0.09239311
377500	-1445.452	0	-1445.452	0.02217984
378000	-1389.344	0	-1389.344	-0.09616891
378500	-1469.991	0	-1469.991	-0.09605408
379000	-1484.187	0	-1484.187	0.1409957
379500	-1451.761	0	-1451.761	0.2291642
380000	-1486.956	0	-1486.956	0.2879415
380500	-1565.517	0	-1565.517	0.2154123
381000	-1469.187	0	-1469.187	0.1444628
381500	-1473.387	0	-1473.387	-0.01360644
382000	-1449.656	0	-1449.656	0.05915604
382500	-1429.244	0	-1429.244	0.04224039
383000	-1541.186	0	-1541.186	0.01203037
383500	-1515.743	0	-1515.743	-0.008855274
384000	-1521.284	0	-1521.284	-0.00147801
384500	-1534.343	0	-1534.343	-0.3046115
385000	-1474.32	0	-1474.32	-0.2282864
385500	-1477.466	0	-1477.466	-0.3248953
386000	-1549.43	0	-1549.43	-0.3315082
386500	-1557.825	0	-1557.825	-0.2153258
387000	-1522.785	0	-1522.785	-0.2498028
387500	-1520.748	0	-1520.748	-0.2038269
388000	-1529.525	0	-1529.525	-0.216177
388500	-1574.017	0	-1574.017	-0.05782684
389000	-1483.14	0	-1483.14	-0.1604238
389500	-1476.165	0	-1476.165	-0.1237434
390000	-1464.029	0	-1464.029	-0.1525152
390500	-1471.163	0	-1471.163	-0.14663
391000	-1510.681	0	-1510.681	-0.2914845
391500	-1509.26	0	-1509.26	-0.2479182
392000	-1441.831	0	-1441.831	-0.1372973
392500	-1517.129	0	-1517.129	-0.1594313
393000	-1470.801	0	-1470.801	-0.1338255
393500	-1496.553	0	-1496.553	-0.1643381
394000	-1500.733	0	-1500.733	-0.2013943
394500	-1527.354	0	-1527.354	0.1177647
395000	-1550.563	0	-1550.563	-0.1205528
395500	-1455.193	0	-1455.193	0.04330022
396000	-1441.7	0	-1441.7	0.01199293
396500	-1397.601	0	-1397.601	-0.1228129
397000	-1373.713	0	-1373.713	-0.05144141
397500	-1417.33	0	-1417.33	-0.02195298
398000	-1395.618	0	-1395.618	0.1546928
398500	-1394.059	0	-1394.059	0.08472877
399000	-1444.837	0	-1444.837	0.108832
399500	-1439.734	0	-1439.734	0.08851311
400000	-1497.927	0	-1497.927	0.2234032
400500	-1374.176	0	-1374.176	0.2110082
401000	-1457.204	0	-1457.204	0.2001716
401500	-1351.322	0	-1351.322	0.2260138
402000	-1413.01	0	-1413.01	0.1109827
402500	-1424.364	0	-1424.364	-0.01316151
403000	-1473.677	0	-1473.677	-0.1581905
403500	-1387.928	0	-1387.928	-0.1245167
404000	-1464.98	0	-1464.98	-0.06224758
404500	-1562.6	0	-1562.6	-0.037426
405000	-1526.732	0	-1526.732	-0.09590261
405500	-1536.316	0	-1536.316	-0.06575336
406000	-1575.901	0	-1575.901	-0.06786771
406500	-1529.968	0	-1529.968	-0.2079234
407000	-1541.936	0	-1541.936	-0.02897673
407500	-1538.243	0	-1538.243	-0.07968909
408000	-1453.024	0	-1453.024	-0.2518159
408500	-1405.686	0	-1405.686	-0.1711637
409000	-1510.992	0	-1510.992	-0.02659753
409500	-1540.947	0	-1540.947	-0.004898894
410000	-1535.252	0	-1535.252	-0.09668367
410500	-1433.367	0	-1433.367	-0.0363582
411000	-1435.534	0	-1435.534	-0.04734022
411500	-1540.047	0	-1540.047	-0.05121171
412000	-1488.005	0	-1488.005	-0.02163517
412500	-1438.652	0	-1438.652	-0.0366117
413000	-1429.793	0	-1429.793	-0.2181511
413500	-1429.972	0	-1429.972	-0.3283104
414000	-1420.574	0	-1420.574	-0.3954356
414500	-1422.78	0	-1422.78	-0.2904978
415000	-1412.076	0	-1412.076	-0.2099673
415500	-1443.433	0	-1443.433	-0.05186163
416000	-1441.947	0	-1441.947	-0.1200662
416500	-1372.498	0	-1372.498	-0.1573585
417000	-1356.459	0	-1356.459	-0.2748486
417500	-1451.577	0	-1451.577	-0.3183773
418000	-1373.699	0	-1373.699	-0.2716199
418500	-1386.996	0	-1386.996	-0.162094
419000	-1352.238	0	-1352.238	-0.2295203
419500	-1388.637	0	-1388.637	-0.2972909
420000	-1412.187	0	-1412.187	-0.1713451
420500	-1413.802	0	-1413.802	-0.1579959
421000	-1385.973	0	-1385.973	-0.3074795
421500	-1415.613	0	-1415.613	-0.2875068
422000	-1418.828	0	-1418.828	-0.1711744
422500	-1429.872	0	-1429.872	-0.2229777
423000	-1385.01	0	-1385.01	-0.4192312
423500	-1350.346	0	-1350.346	-0.3940754
424000	-1470.021	0	-1470.021	-0.3192402
424500	-1459.324	0	-1459.324	-0.2843168
425000	-1466.177	0	-1466.177	-0.2864423
425500	-1441.74	0	-1441.74	-0.4925852
426000	-1437.861	0	-1437.861	-0.4671227
426500	-1449.464	0	-1449.464	-0.1866548
427000	-1524.737	0	-1524.737	-0.2391848
427500	-1473.501	0	-1473.501	-0.1818388
428000	-1541.803	0	-1541.803	-0.2002053
428500	-1535.347	0	-1535.347	-0.07074253
429000	-1549.191	0	-1549.191	0.2744257
429500	-1483.677	0	-1483.677	0.2069257
430000	-1480.282	0	-1480.282	0.08155434
430500	-1459.475	0	-1459.475	0.2925467
431000	-1514.653	0	-1514.653	0.1880373
431500	-1556.338	0	-1556.338	0.1348081
432000	-1508.652	0	-1508.652	0.06130468
432500	-1429.484	0	-1429.484	-0.2262753
433000	-1445.857	0	-1445.857	-0.1375039
433500	-1429.622	0	-1429.622	-0.0715061
434000	-1404.35	0	-1404.35	-0.01775549
434500	-1366.707	0	-1366.707	-0.1033236
435000	-1451.861	0	-1451.861	-0.06434124
435500	-1425.777	0	-1425.777	0.0005284014
436000	-1329.117	0	-1329.117	0.07374977
436500	-1416.301	0	-1416.301	0.05725888
437000	-1373.922	0	-1373.922	-0.02101727
437500	-1341.802	0	-1341.802	-0.07318486
438000	-1453.619	0	-1453.619	-0.08301853
438500	-1408.817	0	-1408.817	-0.1603323
439000	-1403.46	0	-1403.46	-0.3806392
439500	-1445.012	0	-1445.012	-0.27963
440000	-1471.221	0	-1471.221	-0.1272148
440500	-1487.242	0	-1487.242	-0.3383397
441000	-1479.883	0	-1479.883	-0.3146312
441500	-1468.38	0	-1468.38	-0.2972799
442000	-1390.052	0	-1390.052	-0.3943524
442500	-1383.38	0	-1383.38	-0.3176834
443000	-1494.96	0	-1494.96	-0.1264269
443500	-1480.169	0	-1480.169	-0.1694097
444000	-1538.775	0	-1538.775	-0.2227953
444500	-1469.688	0	-1469.688	-0.2721856
445000	-1418.479	0	-1418.479	-0.3312881
445500	-1478.156	0	-1478.156	-0.1700686
446000	-1424.709	0	-1424.709	-0.1040457
446500	-1484.943	0	-1484.943	-0.1404346
447000	-1501.748	0	-1501.748	-0.2354018
447500	-1504.799	0	-1504.799	0.02718476
448000	-1559.505	0	-1559.505	-0.1371695
448500	-1545.706	0	-1545.706	-0.0235041
449000	-1457.149	0	-1457.149	0.133427
449500	-1362.365	0	-1362.365	-0.04689015
450000	-1372.12	0	-1372.12	-0.08044151
450500	-1350.703	0	-1350.703	-0.05696817
451000	-1416.655	0	-1416.655	-0.1151742
451500	-1459.082	0	-1459.082	-0.2026037
452000	-1304.826	0	-1304.826	-0.3433048
452500	-1308.596	0	-1308.596	-0.340966
453000	-1249.251	0	-1249.251	-0.4111859
453500	-1243.19	0	-1243.19	-0.291798
454000	-1299.336	0	-1299.336	-0.3450826
454500	-1445.274	0	-1445.274	-0.2668209
455000	-1392.566	0	-1392.566	-0.3051141
455500	-1487.817	0	-1487.817	-0.2340552
456000	-1481.406	0	-1481.406	-0.172669
456500	-1467.194	0	-1467.194	-0.2469053
457000	-1421.116	0	-1421.116	-0.242961
457500	-1421.93	0	-1421.93	-0.1612287
458000	-1372.732	0	-1372.732	-0.04970894
458500	-1430.455	0	-1430.455	0.1208887
459000	-1383.538	0	-1383.538	-0.1250551
459500	-1395.743	0	-1395.743	-0.1952588
460000	-1519.166	0	-1519.166	-0.1772637
460500	-1444.401	0	-1444.401	-0.3624455
461000	-1384.258	0	-1384.258	-0.07253554
461500	-1358.153	0	-1358.153	-0.1018261
462000	-1319.177	0	-1319.177	-0.1645839
462500	-1306.289	0	-1306.289	-0.1595948
463000	-1206.979	0	-1206.979	-0.1621527
463500	-1229	0	-1229	-0.09668908
464000	-1255.135	0	-1255.135	-0.1587747
464500	-1283.935	0	-1283.935	-0.1833024
465000	-1369.544	0	-1369.544	-0.2523095
465500	-1263.398	0	-1263.398	-0.2439909
466000	-1302.19	0	-1302.19	-0.2088513
466500	-1266.407	0	-1266.407	-0.2087619
467000	-1141.722	0	-1141.722	-0.2054478
467500	-1144.359	0	-1144.359	-0.2377195
468000	-1199.009	0	-1199.009	-0.2131453
468500	-1227.298	0	-1227.298	-0.2426705
469000	-1326.524	0	-1326.524	-0.2468564
469500	-1237.908	0	-1237.908	-0.2099254
470000	-1313.394	0	-1313.394	-0.2339517
470500	-1290.429	0	-1290.429	-0.179864
471000	-1308.38	0	-1308.38	-0.2394904
471500	-1296.619	0	-1296.619	-0.2622929
472000	-1406.531	0	-1406.531	-0.03716624
472500	-1392.056	0	-1392.056	-0.04213309
473000	-1291.654	0	-1291.654	-0.217833
473500	-1290.289	0	-1290.289	-0.3980064
474000	-1377.575	0	-1377.575	-0.3180979
474500	-1368.634	0	-1368.634	-0.2085518
475000	-1466.107	0	-1466.107	-0.2353487
475500	-1411.526	0	-1411.526	-0.2288355
476000	-1365.127	0	-1365.127	-0.1367334
476500	-1322.994	0	-1322.994	-0.08815831
477000	-1345.478	0	-1345.478	-0.2030715
477500	-1326.412	0	-1326.412	-0.1623837
478000	-1353.652	0	-1353.652	-0.2443368
478500	-1324.072	0	-1324.072	-0.2651874
479000	-1346.524	0	-1346.524	-0.224478
479500	-1487.445	0	-1487.445	-0.1265142
480000	-1326.309	0	-1326.309	-0.1071558
480500	-1312.863	0	-1312.863	-0.0007611951
481000	-1344.13	0	-1344.13	-0.06500692
481500	-1394.193	0	-1394.193	-0.04019584
482000	-1468.104	0	-1468.104	-0.07096368
482500	-1510.343	0	-1510.343	-0.16837
483000	-1458.32	0	-1458.32	-0.08081692
483500	-1436.874	0	-1436.874	-0.05380064
484000	-1494.55	0	-1494.55	0.03618058
484500	-1479.046	0	-1479.046	0.09379775
485000	-1444.797	0	-1444.797	0.1385289
485500	-1474.618	0	-1474.618	0.1389006
486000	-1442.822	0	-1442.822	-0.1937949
486500	-1383.484	0	-1383.484	-0.1164664
487000	-1428.533	0	-1428.533	-0.1614693
487500	-1498.766	0	-1498.766	-0.02241472
488000	-1491.808	0	-1491.808	-0.08511203
488500	-1489.604	0	-1489.604	-0.2335257
489000	-1471.7	0	-1471.7	-0.3595579
489500	-1461.788	0	-1461.788	-0.3677268
490000	-1407.516	0	-1407.516	-0.06837133
490500	-1480.696	0	-1480.696	-0.1893727
491000	-1446.55	0	-1446.55	-0.08857304
491500	-1429.322	0	-1429.322	-0.1458426
492000	-1480.305	0	-1480.305	-0.2745603
492500	-1453.232	0	-1453.232	-0.2684285
493000	-1435.105	0	-1435.105	0.01648527
493500	-1536.133	0	-1536.133	-0.2044329
494000	-1569.147	0	-1569.147	-0.06915753
494500	-1508.328	0	-1508.328	0.03069731
495000	-1447.885	0	-1447.885	0.01507552
495500	-1412.029	0	-1412.029	0.125627
496000	-1394.099	0	-1394.099	0.1011177
496500	-1463.116	0	-1463.116	0.005532465
497000	-1455.629	0	-1455.629	-0.07330349
497500	-1416.416	0	-1416.416	0.03708802
498000	-1543.841	0	-1543.841	-0.01262478
498500	-1484.347	0	-1484.347	-0.05371984
499000	-1457.955	0	-1457.955	-0.05981281
499500	-1460.67	0	-1460.67	0.09056543
500000	-1387.144	0	-1387.144	0.1843627
500500	-1365.048	0	-1365.048	0.1437401
501000	-1391.917	0	-1391.917	0.1531713
501500	-1373.144	0	-1373.144	0.0238314
502000	-1447.385	0	-1447.385	0.1949757
502500	-1455.573	0	-1455.573	0.04507877
503000	-1394.883	0	-1394.883	0.1995828
503500	-1404.253	0	-1404.253	0.2158462
504000	-1424.604	0	-1424.604	0.2716334
504500	-1349.773	0	-1349.773	0.2760741
505000	-1399.08	0	-1399.08	0.2192949
505500	-1395.038	0	-1395.038	0.2428901
506000	-1374.947	0	-1374.947	0.3139671
506500	-1383.645	0	-1383.645	0.3624256
507000	-1330.995	0	-1330.995	0.406544
507500	-1393.305	0	-1393.305	0.4023965
508000	-1255.511	0	-1255.511	0.3444621
508500	-1333.968	0	-1333.968	0.3534178
509000	-1426.576	0	-1426.576	0.2745517
509500	-1488.752	0	-1488.752	0.2242247
510000	-1455.951	0	-1455.951	0.3683849
510500	-1475.382	0	-1475.382	0.3034267
511000	-1473.986	0	-1473.986	0.1517991
511500	-1461.519	0	-1461.519	-0.1388824
512000	-1474.813	0	-1474.813	0.04463969
512500	-1461.225	0	-1461.225	0.1371975
513000	-1339.428	0	-1339.428	0.1094405
513500	-1378.407	0	-1378.407	0.04701327
514000	-1292.374	0	-1292.374	0.07444715
514500	-1394.928	0	-1394.928	0.05932325
515000	-1370.045	0	-1370.045	0.1755804
515500	-1367.541	0	-1367.541	0.1270275
516000	-1411.394	0	-1411.394	0.1849633
516500	-1393.19	0	-1393.19	0.165954
517000	-1428.993	0	-1428.993	0.1127479
517500	-1332.331	0	-1332.331	0.08972533
518000	-1315.421	0	-1315.421	0.08729915
518500	-1272.422	0	-1272.422	0.1087812
519000	-1331.255	0	-1331.255	0.05048338
519500	-1344.668	0	-1344.668	0.03208369
520000	-1417.982	0	-1417.982	-0.08249519
520500	-1407.3	0	-1407.3	-0.02177982
521000	-1508.014	0	-1508.014	0.1682139
521500	-1492.922	0	-1492.922	0.2534556
522000	-1514.275	0	-1514.275	-0.02776235
522500	-1567.618	0	-1567.618	0.06476965
523000	-1509.589	0	-1509.589	-0.06495766
523500	-1442.741	0	-1442.741	-0.0874886
524000	-1505.531	0	-1505.531	0.03741475
524500	-1574.678	0	-1574.678	-0.1512571
525000	-1552.19	0	-1552.19	-0.0001218789
525500	-1563.157	0	-1563.157	-0.0709448
526000	-1468.443	0	-1468.443	-0.05746446
526500	-1455.44	0	-1455.44	-0.0347609
527000	-1473.661	0	-1473.661	-0.07866324
527500	-1436.658	0	-1436.658	-0.365678
528000	-1459.082	0	-1459.082	-0.2213855
528500	-1477.105	0	-1477.105	-0.2759918
529000	-1376.663	0	-1376.663	-0.1301467
529500	-1417.491	0	-1417.491	0.06949522
530000	-1394.236	0	-1394.236	0.03648958
530500	-1461.708	0	-1461.708	-0.01079267
531000	-1522.243	0	-1522.243	0.03391436
531500	-1479.887	0	-1479.887	-0.04790886
532000	-1482.798	0	-1482.798	0.09928185
532500	-1514.452	0	-1514.452	0.04555575
533000	-1557.189	0	-1557.189	0.2248008
533500	-1583.677	0	-1583.677	0.006326268
534000	-1529.42	0	-1529.42	0.1998262
534500	-1486.813	0	-1486.813	0.2629574
535000	-1514.286	0	-1514.286	-0.0470262
535500	-1497.035	0	-1497.035	-0.1050367
536000	-1476.207	0	-1476.207	0.1149793
536500	-1484.761	0	-1484.761	0.1381987
537000	-1499.571	0	-1499.571	0.03087192
537500	-1553.965	0	-1553.965	0.2403917
538000	-1487.702	0	-1487.702	0.03652329
538500	-1522.655	0	-1522.655	-0.01640917
539000	-1425.978	0	-1425.978	-0.08656287
539500	-1439.435	0	-1439.435	-0.1737252
540000	-1326.673	0	-1326.673	-0.05202347
540500	-1378.817	0	-1378.817	-0.1300813
541000	-1527.602	0	-1527.602	-0.1371196
541500	-1391.873	0	-1391.873	-0.02050456
542000	-1346.372	0	-1346.372	-0.1393986
542500	-1366.127	0	-1366.127	-0.05158798
543000	-1340.424	0	-1340.424	-0.2087768
543500	-1348.952	0	-1348.952	0.1128199
544000	-1405.559	0	-1405.559	0.1310996
544500	-1410.013	0	-1410.013	-0.01846445
545000	-1470.4	0	-1470.4	0.08442928
545500	-1435.914	0	-1435.914	-0.01782571
546000	-1499.398	0	-1499.398	-0.04143723
546500	-1404.409	0	-1404.409	0.05467365
547000	-1423.14	0	-1423.14	-0.03728476
547500	-1407.353	0	-1407.353	0.05246519
548000	-1378.313	0	-1378.313	0.2608324
548500	-1371.125	0	-1371.125	0.08078267
549000	-1399.347	0	-1399.347	0.09078377
549500	-1502.98	0	-1502.98	0.003905175
550000	-1420.402	0	-1420.402	0.1226146
550500	-1449.549	0	-1449.549	0.2079767
551000	-1461.892	0	-1461.892	0.06936891
551500	-1422.205	0	-1422.205	0.03598097
552000	-1451.749	0	-1451.749	0.08544725
552500	-1333.87	0	-1333.87	0.2063034
553000	-1407.465	0	-1407.465	0.2558305
553500	-1489.353	0	-1489.353	0.1441343
554000	-1405.278	0	-1405.278	0.1669488
554500	-1361.859	0	-1361.859	0.1410581
555000	-1451.249	0	-1451.249	0.08160485
555500	-1477.539	0	-1477.539	0.1669102
556000	-1442.912	0	-1442.912	0.05884964
556500	-1433.156	0	-1433.156	-0.003862482
557000	-1383.097	0	-1383.097	0.022958
557500	-1346.001	0	-1346.001	-0.04351556
558000	-1393.341	0	-1393.341	-0.2291851
558500	-1348.132	0	-1348.132	-0.1266816
559000	-1248.363	0	-1248.363	-0.09471642
559500	-1332.52	0	-1332.52	-0.02899263
560000	-1353.952	0	-1353.952	-0.03571519
560500	-1366.195	0	-1366.195	0.02640767
561000	-1456.669	0	-1456.669	0.009255663
561500	-1387.494	0	-1387.494	-0.1222868
562000	-1360.568	0	-1360.568	-0.1011079
562500	-1432.624	0	-1432.624	-0.03166472
563000	-1458.822	0	-1458.822	-0.02109432
563500	-1389.915	0	-1389.915	-0.1896957
564000	-1407.04	0	-1407.04	-0.04178523
564500	-1427.937	0	-1427.937	-0.1201484
565000	-1383	0	-1383	-0.2232691
565500	-1325.302	0	-1325.302	-0.1581294
566000	-1357.132	0	-1357.132	-0.1820833
566500	-1325.206	0	-1325.206	-0.1364954
567000	-1306.295	0	-1306.295	-0.2123586
567500	-1274.965	0	-1274.965	-0.1477598
568000	-1350.03	0	-1350.03	-0.09225911
568500	-1283.07	0	-1283.07	-0.1114428
569000	-1222.641	0	-1222.641	-0.06915538
569500	-1297.563	0	-1297.563	-0.04711705
570000	-1340.186	0	-1340.186	-0.03784995
570500	-1422.348	0	-1422.348	-0.02431898
571000	-1425.429	0	-1425.429	-0.02957475
571500	-1358.783	0	-1358.783	-0.06455742
572000	-1268.786	0	-1268.786	-0.08085164
572500	-1342.445	0	-1342.445	0.02336637
573000	-1395.593	0	-1395.593	-0.03783881
573500	-1487.532	0	-1487.532	-0.2254575
574000	-1549.789	0	-1549.789	-0.1276671
574500	-1522.056	0	-1522.056	0.02722622
575000	-1466.133	0	-1466.133	-0.05708906
575500	-1449.858	0	-1449.858	0.1495723
576000	-1399.529	0	-1399.529	0.2333469
576500	-1334.577	0	-1334.577	0.1894677
577000	-1476.226	0	-1476.226	0.1711111
577500	-1438.372	0	-1438.372	-0.0274748
578000	-1447.395	0	-1447.395	0.001557768
578500	-1393.378	0	-1393.378	0.2293723
579000	-1391.143	0	-1391.143	0.09449774
579500	-1395.484	0	-1395.484	0.04932104
580000	-1422.998	0	-1422.998	-0.1149421
580500	-1429.03	0	-1429.03	-0.05537494
581000	-1455.147	0	-1455.147	0.09561083
581500	-1491.409	0	-1491.409	0.1028289
582000	-1507.464	0	-1507.464	0.05440698
582500	-1484.38	0	-1484.38	0.1268098
583000	-1558.23	0	-1558.23	-0.03822383
583500	-1548.385	0	-1548.385	0.00825221
584000	-1591.142	0	-1591.142	0.1965239
584500	-1505.686	0	-1505.686	0.03543352
585000	-1554.755	0	-1554.755	-0.001676387
585500	-1471.594	0	-1471.594	-0.1865719
586000	-1500.161	0	-1500.161	-0.03480765
586500	-1429.389	0	-1429.389	-0.1631637
587000	-1467.398	0	-1467.398	-0.2279936
587500	-1434.863	0	-1434.863	-0.2679735
588000	-1509.924	0	-1509.924	-0.1519965
588500	-1495.188	0	-1495.188	0.01959084
589000	-1514.506	0	-1514.506	0.02636146
589500	-1455.666	0	-1455.666	-0.08143055
590000	-1493.17	0	-1493.17	0.1703797
590500	-1495.682	0	-1495.682	0.0642362
591000	-1613.024	0	-1613.024	-0.1099185
591500	-1492.793	0	-1492.793	-0.01614906
592000	-1542.146	0	-1542.146	-0.2599872
592500	-1582.875	0	-1582.875	-0.414078
593000	-1448.865	0	-1448.865	-0.3217051
593500	-1511.653	0	-1511.653	-0.4024435
594000	-1537.157	0	-1537.157	-0.361892
594500	-1471.621	0	-1471.621	-0.4884007
595000	-1581.275	0	-1581.275	-0.3175488
595500	-1643.2	0	-1643.2	-0.2043506
596000	-1606.801	0	-1606.801	-0.1980181
596500	-1579.175	0	-1579.175	-0.1706378
597000	-1536.742	0	-1536.742	-0.1673949
597500	-1560.238	0	-1560.238	-0.07471004
598000	-1583.56	0	-1583.56	-0.261409
598500	-1520.981	0	-1520.981	0.008073136
599000	-1555.483	0	-1555.483	-0.1709338
599500	-1551.297	0	-1551.297	-0.2911424
600000	-1624.938	0	-1624.938	-0.07860786
600500	-1569.458	0	-1569.458	-0.4100325
601000	-1565.198	0	-1565.198	-0.437227
601500	-1604.955	0	-1604.955	-0.12704
602000	-1609.058	0	-1609.058	0.09151538
602500	-1562.675	0	-1562.675	0.1708205
603000	-1604.473	0	-1604.473	0.1076896
603500	-1489.222	0	-1489.222	0.188018
604000	-1493.866	0	-1493.866	-0.04370357
604500	-1463.974	0	-1463.974	0.02480456
605000	-1489.949	0	-1489.949	-0.02453063
605500	-1458.761	0	-1458.761	0.1634998
606000	-1472.324	0	-1472.324	0.0758714
606500	-1449.587	0	-1449.587	0.1661617
607000	-1442.313	0	-1442.313	0.02583847
607500	-1450.306	0	-1450.306	0.2107819
608000	-1441.413	0	-1441.413	0.1408422
608500	-1436.332	0	-1436.332	0.3440986
609000	-1451.646	0	-1451.646	0.3875411
609500	-1535.827	0	-1535.827	0.2361058
610000	-1517.939	0	-1517.939	0.3088146
610500	-1464.241	0	-1464.241	0.3639713
611000	-1472.845	0	-1472.845	0.3971547
611500	-1457.399	0	-1457.399	0.1842904
612000	-1488.353	0	-1488.353	0.1775618
612500	-1508.068	0	-1508.068	-0.08687222
613000	-1615.667	0	-1615.667	0.007308683
613500	-1564.555	0	-1564.555	0.2694975
614000	-1513.668	0	-1513.668	-0.06435721
614500	-1534.658	0	-1534.658	0.01302542
615000	-1601.507	0	-1601.507	-0.0001599804
615500	-1554.283	0	-1554.283	-0.1496982
616000	-1492.082	0	-1492.082	-0.1903758
616500	-1482.055	0	-1482.055	-0.04619544
617000	-1475.764	0	-1475.764	-0.005362207
617500	-1454.573	0	-1454.573	-0.1946421
618000	-1462.257	0	-1462.257	-0.1029664
618500	-1428.446	0	-1428.446	-0.1875169
619000	-1415.417	0	-1415.417	-0.2616405
619500	-1407.57	0	-1407.57	-0.2972827
620000	-1461.564	0	-1461.564	-0.4708221
620500	-1496.622	0	-1496.622	-0.3262041
621000	-1413.222	0	-1413.222	-0.3672443
621500	-1420.766	0	-1420.766	-0.4602972
622000	-1446.043	0	-1446.043	-0.2507229
622500	-1451.891	0	-1451.891	-0.1026739
623000	-1469.496	0	-1469.496	-0.188563
623500	-1408.722	0	-1408.722	-0.2275113
624000	-1401.465	0	-1401.465	-0.2635024
624500	-1480.911	0	-1480.911	-0.3276705
625000	-1424.121	0	-1424.121	-0.3731529
625500	-1354.779	0	-1354.779	-0.487244
626000	-1452.108	0	-1452.108	-0.2306198
626500	-1361.629	0	-1361.629	-0.2817993
627000	-1399.678	0	-1399.678	-0.1710488
627500	-1287.815	0	-1287.815	-0.215773
628000	-1434.889	0	-1434.889	-0.09754868
628500	-1400.228	0	-1400.228	-0.120803
629000	-1471.066	0	-1471.066	-0.09279629
629500	-1456.772	0	-1456.772	-0.1358341
630000	-1488.579	0	-1488.579	-0.1814591
630500	-1472.483	0	-1472.483	-0.1689755
631000	-1542.723	0	-1542.723	-0.09047641
631500	-1454.968	0	-1454.968	-0.1440198
632000	-1493.862	0	-1493.862	-0.221686
632500	-1507.049	0	-1507.049	-0.2147865
633000	-1529.309	0	-1529.309	-0.3249444
633500	-1453.612	0	-1453.612	-0.1353336
634000	-1527.005	0	-1527.005	-0.1581348
634500	-1449.783	0	-1449.783	-0.2232396
635000	-1463.596	0	-1463.596	-0.2288749
635500	-1475.265	0	-1475.265	-0.1823434
636000	-1498.479	0	-1498.479	-0.2811212
636500	-1450.877	0	-1450.877	0.1543712
637000	-1540.154	0	-1540.154	0.233176
637500	-1477.405	0	-1477.405	0.08991731
638000	-1427.073	0	-1427.073	-0.1954691
638500	-1489.692	0	-1489.692	-0.1213222
639000	-1528.795	0	-1528.795	0.04863272
639500	-1474.717	0	-1474.717	0.08781725
640000	-1554.391	0	-1554.391	0.1812843
640500	-1525.371	0	-1525.371	0.2992892
641000	-1548.156	0	-1548.156	0.07716988
641500	-1580.336	0	-1580.336	0.1667146
642000	-1558.663	0	-1558.663	0.2145811
642500	-1559.771	0	-1559.771	0.1018304
643000	-1548.15	0	-1548.15	0.02411393
643500	-1531.781	0	-1531.781	0.02084613
644000	-1501.372	0	-1501.372	0.2149579
644500	-1519.98	0	-1519.98	0.136009
645000	-1522.014	0	-1522.014	0.1300209
645500	-1521.48	0	-1521.48	0.04398361
646000	-1515.534	0	-1515.534	0.04721177
646500	-1534.742	0	-1534.742	-0.1548308
647000	-1491.356	0	-1491.356	-0.03184684
647500	-1423.277	0	-1423.277	-0.02098981
648000	-1537.112	0	-1537.112	-0.02528789
648500	-1555.47	0	-1555.47	-0.09277275
649000	-1485.153	0	-1485.153	-0.03993784
649500	-1573.877	0	-1573.877	-0.04756186
650000	-1596.676	0	-1596.676	-0.09421751
650500	-1590.284	0	-1590.284	-0.2479704
651000	-1484.146	0	-1484.146	-0.1326074
651500	-1530.079	0	-1530.079	-0.09461921
652000	-1610.398	0	-1610.398	0.007521563
652500	-1410.758	0	-1410.758	-0.1724156
653000	-1454.813	0	-1454.813	-0.2155541
653500	-1446.592	0	-1446.592	-0.1203012
654000	-1548.768	0	-1548.768	-0.2846546
654500	-1492.283	0	-1492.283	-0.02378072
655000	-1472.595	0	-1472.595	0.068071
655500	-1501.118	0	-1501.118	0.1004184
656000	-1510.073	0	-1510.073	-0.08616943
656500	-1423.806	0	-1423.806	-0.03394541
657000	-1406.388	0	-1406.388	-0.01530718
657500	-1443.212	0	-1443.212	-0.02876877
658000	-1488.312	0	-1488.312	0.1467239
658500	-1559.555	0	-1559.555	0.04940719
659000	-1419.638	0	-1419.638	0.009035692
659500	-1407.063	0	-1407.063	0.02650925
660000	-1511.625	0	-1511.625	0.1497048
660500	-1498.076	0	-1498.076	0.1019161
661000	-1517.21	0	-1517.21	-0.100111
661500	-1532.247	0	-1532.247	-0.09098897
662000	-1534.643	0	-1534.643	-0.17032
662500	-1516.377	0	-1516.377	-0.1030045
663000	-1501.969	0	-1501.969	-0.1004895
663500	-1589.538	0	-1589.538	-0.186044
664000	-1570.111	0	-1570.111	-0.147091
664500	-1527.957	0	-1527.957	-0.2809603
665000	-1585.798	0	-1585.798	-0.2227864
665500	-1525.06	0	-1525.06	-0.04738985
666000	-1526.755	0	-1526.755	0.1061539
666500	-1522.914	0	-1522.914	0.005125548
667000	-1542.449	0	-1542.449	0.1136678
667500	-1587.292	0	-1587.292	0.08233502
668000	-1529.871	0	-1529.871	-0.3026948
668500	-1532.284	0	-1532.284	-0.1832665
669000	-1581.841	0	-1581.841	-0.1861392
669500	-1484.22	0	-1484.22	-0.2500299
670000	-1519.449	0	-1519.449	-0.05715978
670500	-1534.283	0	-1534.283	-0.1588936
671000	-1565.79	0	-1565.79	-0.2895556
671500	-1527.618	0	-1527.618	-0.2719766
672000	-1494.801	0	-1494.801	-0.3788419
672500	-1518.608	0	-1518.608	-0.08253195
673000	-1544.445	0	-1544.445	-0.1387221
673500	-1563.552	0	-1563.552	-0.02989475
674000	-1557.663	0	-1557.663	0.09050046
674500	-1445.645	0	-1445.645	0.153775
675000	-1466.349	0	-1466.349	-0.006822168
675500	-1469.117	0	-1469.117	0.09064625
676000	-1482.837	0	-1482.837	0.04135233
676500	-1522.697	0	-1522.697	-0.1188006
677000	-1586.971	0	-1586.971	-0.01060283
677500	-1567.014	0	-1567.014	0.03965322
678000	-1504.865	0	-1504.865	-0.206091
678500	-1566.487	0	-1566.487	-0.1720239
679000	-1555.47	0	-1555.47	-0.02232158
679500	-1594.971	0	-1594.971	0.07121793
680000	-1634.672	0	-1634.672	0.06011728
680500	-1555.33	0	-1555.33	-0.1942684
681000	-1622.358	0	-1622.358	-0.02964042
681500	-1630.517	0	-1630.517	0.002249555
682000	-1584.694	0	-1584.694	0.07747766
682500	-1494.398	0	-1494.398	-0.1476965
683000	-1605.918	0	-1605.918	0.09514471
683500	-1602.151	0	-1602.151	0.1218408
684000	-1520.371	0	-1520.371	0.11983
684500	-1568.18	0	-1568.18	0.106194
685000	-1618.84	0	-1618.84	0.0154652
685500	-1539.041	0	-1539.041	0.1324889
686000	-1456.827	0	-1456.827	-0.01215327
686500	-1500.003	0	-1500.003	-0.09182313
687000	-1536.113	0	-1536.113	0.04396687
687500	-1509.596	0	-1509.596	-0.1701512
688000	-1535.984	0	-1535.984	-0.0414921
688500	-1554.072	0	-1554.072	-0.007806622
689000	-1466.368	0	-1466.368	-0.03896881
689500	-1452.926	0	-1452.926	-0.01024965
690000	-1512.059	0	-1512.059	0.008794408
690500	-1522.936	0	-1522.936	0.1024525
691000	-1556.125	0	-1556.125	-0.1668757
691500	-1555.177	0	-1555.177	0.04455704
692000	-1547.754	0	-1547.754	-0.1550266
692500	-1526.108	0	-1526.108	-0.08748378
693000	-1492.619	0	-1492.619	-0.1811334
693500	-1484.645	0	-1484.645	-0.2310333
694000	-1399.793	0	-1399.793	-0.1269083
694500	-1407.597	0	-1407.597	-0.01765624
695000	-1441.382	0	-1441.382	-0.170751
695500	-1460.336	0	-1460.336	-0.1129831
696000	-1440.824	0	-1440.824	-0.002404501
696500	-1458.752	0	-1458.752	0.05280744
697000	-1555.072	0	-1555.072	-0.1143384
697500	-1598.295	0	-1598.295	-0.1905121
698000	-1577.018	0	-1577.018	0.003389869
698500	-1583.137	0	-1583.137	-0.1852439
699000	-1536.911	0	-1536.911	-0.1275936
699500	-1498.221	0	-1498.221	-0.02979782
700000	-1535.32	0	-1535.32	-0.002417582
700500	-1536.155	0	-1536.155	-0.1524574
701000	-1542.9	0	-1542.9	-0.02426258
701500	-1499.611	0	-1499.611	-0.05211548
702000	-1513.401	0	-1513.401	0.1303471
702500	-1589.498	0	-1589.498	0.03618538
703000	-1524.612	0	-1524.612	-0.05294558
703500	-1546.146	0	-1546.146	-0.2867844
704000	-1529.057	0	-1529.057	-0.1216926
704500	-1541.764	0	-1541.764	-0.003369707
705000	-1547.383	0	-1547.383	-0.1886412
705500	-1555.57	0	-1555.57	-0.1957341
706000	-1439.329	0	-1439.329	-0.1791419
706500	-1573.765	0	-1573.765	-0.143768
707000	-1505.845	0	-1505.845	-0.0135816
707500	-1493.592	0	-1493.592	0.02834168
708000	-1453.772	0	-1453.772	-0.1334111
708500	-1560.032	0	-1560.032	-0.274006
709000	-1571.903	0	-1571.903	-0.3294366
709500	-1551.638	0	-1551.638	-0.1673437
710000	-1587.173	0	-1587.173	-0.06154201
710500	-1502.496	0	-1502.496	-0.09463541
711000	-1551.459	0	-1551.459	-0.06939273
711500	-1477.763	0	-1477.763	0.2578935
712000	-1518.62	0	-1518.62	0.17479
712500	-1496.812	0	-1496.812	0.3055805
713000	-1504.133	0	-1504.133	0.06076107
713500	-1452.974	0	-1452.974	0.1180354
714000	-1498.451	0	-1498.451	-0.0370286
714500	-1481.711	0	-1481.711	-0.1159675
715000	-1484.227	0	-1484.227	-0.02698982
715500	-1470.737	0	-1470.737	-0.09570351
716000	-1469.077	0	-1469.077	-0.1676419
716500	-1394.628	0	-1394.628	-0.1413242
717000	-1480.491	0	-1480.491	0.03585488
717500	-1508.965	0	-1508.965	0.1106391
718000	-1470.287	0	-1470.287	0.03337058
718500	-1493.044	0	-1493.044	0.08546551
719000	-1524.506	0	-1524.506	-0.04630192
719500	-1434.028	0	-1434.028	0.06966299
720000	-1473.06	0	-1473.06	-0.05349927
720500	-1478.158	0	-1478.158	-0.04421155
721000	-1536.526	0	-1536.526	-0.114437
721500	-1478.025	0	-1478.025	-0.1486399
722000	-1374.781	0	-1374.781	0.01904761
722500	-1378.912	0	-1378.912	0.05569538
723000	-1454.238	0	-1454.238	0.02234967
723500	-1462.146	0	-1462.146	0.01424447
724000	-1518.727	0	-1518.727	-0.1382397
724500	-1549.893	0	-1549.893	-0.09075096
725000	-1521.884	0	-1521.884	-0.1336678
725500	-1521.782	0	-1521.782	-0.2439669
726000	-1511.474	0	-1511.474	-0.04614458
726500	-1488.694	0	-1488.694	0.01208142
727000	-1465.822	0	-1465.822	0.1056768
727500	-1474.178	0	-1474.178	0.04719823
728000	-1473.78	0	-1473.78	0.04888414
728500	-1540.964	0	-1540.964	0.02600462
729000	-1459.057	0	-1459.057	-0.03512192
729500	-1474.337	0	-1474.337	0.09900788
730000	-1511.204	0	-1511.204	-0.07587463
730500	-1517.737	0	-1517.737	-0.02769867
731000	-1495.386	0	-1495.386	0.008469336
731500	-1448.974	0	-1448.974	-0.2024676
732000	-1477.207	0	-1477.207	-0.2243823
732500	-1560.885	0	-1560.885	-0.1250038
733000	-1509.212	0	-1509.212	-0.03032799
733500	-1476.568	0	-1476.568	-0.09740769
734000	-1456.751	0	-1456.751	-0.1435652
734500	-1470.714	0	-1470.714	-0.07705746
735000	-1492.021	0	-1492.021	-0.2011263
735500	-1503.333	0	-1503.333	-0.2572152
736000	-1567.326	0	-1567.326	-0.02009999
736500	-1457.067	0	-1457.067	-0.1896209
737000	-1501.573	0	-1501.573	-0.2186815
737500	-1533.394	0	-1533.394	-0.3072686
738000	-1453.14	0	-1453.14	-0.291359
738500	-1446.718	0	-1446.718	-0.245536
739000	-1409.019	0	-1409.019	-0.2077869
739500	-1502.624	0	-1502.624	-0.2387095
740000	-1511.416	0	-1511.416	-0.2835854
740500	-1471.269	0	-1471.269	-0.08339746
741000	-1535.001	0	-1535.001	0.02893015
741500	-1552.657	0	-1552.657	0.005077479
742000	-1561.582	0	-1561.582	-0.01930981
742500	-1470.514	0	-1470.514	-0.00128009
743000	-1630.011	0	-1630.011	0.0164196
743500	-1589.88	0	-1589.88	-0.2161151
744000	-1540.64	0	-1540.64	-0.07835287
744500	-1475.861	0	-1475.861	-0.1176435
745000	-1539.955	0	-1539.955	-0.01516762
745500	-1535.356	0	-1535.356	0.179405
746000	-1461.127	0	-1461.127	-0.2040638
746500	-1528.337	0	-1528.337	-0.02140611
747000	-1550.044	0	-1550.044	-0.2858271
747500	-1518.387	0	-1518.387	-0.2585231
748000	-1488.08	0	-1488.08	-0.2512943
748500	-1491.623	0	-1491.623	-0.4277013
749000	-1506.044	0	-1506.044	-0.1147313
749500	-1554.274	0	-1554.274	-0.1475485
750000	-1485.665	0	-1485.665	-0.3441741
750500	-1596.536	0	-1596.536	-0.1560413
751000	-1496.843	0	-1496.843	-0.3795191
751500	-1513.25	0	-1513.25	-0.1541591
752000	-1514.478	0	-1514.478	-0.293887
752500	-1612.863	0	-1612.863	-0.1507505
753000	-1605.156	0	-1605.156	-0.1367122
753500	-1506.181	0	-1506.181	-0.1104132
754000	-1576.465	0	-1576.465	0.05472085
754500	-1549.736	0	-1549.736	0.1916865
755000	-1568.387	0	-1568.387	0.1522015
755500	-1543.635	0	-1543.635	0.04743573
756000	-1541.571	0	-1541.571	0.2960096
756500	-1593.426	0	-1593.426	-0.2172717
757000	-1584.795	0	-1584.795	-0.1626864
757500	-1562.919	0	-1562.919	0.07651656
758000	-1618.52	0	-1618.52	0.05901446
758500	-1497.992	0	-1497.992	0.0124594
759000	-1495.896	0	-1495.896	-0.06525098
759500	-1490.058	0	-1490.058	0.04920548
760000	-1432.058	0	-1432.058	0.03566749
760500	-1424.719	0	-1424.719	0.02688739
761000	-1341.233	0	-1341.233	0.01453956
761500	-1451.653	0	-1451.653	0.01572411
762000	-1437.776	0	-1437.776	-0.08256324
762500	-1458.094	0	-1458.094	-0.06324256
763000	-1423.722	0	-1423.722	-0.1436535
763500	-1449.665	0	-1449.665	-0.199156
764000	-1511.283	0	-1511.283	0.005422255
764500	-1492.575	0	-1492.575	0.09598292
765000	-1460.948	0	-1460.948	0.04908849
765500	-1425.364	0	-1425.364	0.02736037
766000	-1472.583	0	-1472.583	-0.1930873
766500	-1422.739	0	-1422.739	-0.3042715
767000	-1504.127	0	-1504.127	-0.2041215
767500	-1476.469	0	-1476.469	-0.3835152
768000	-1392.685	0	-1392.685	-0.3967125
768500	-1444.253	0	-1444.253	-0.1979036
769000	-1410.087	0	-1410.087	-0.2246804
769500	-1429.035	0	-1429.035	-0.2072758
770000	-1436.696	0	-1436.696	-0.1311603
770500	-1448.511	0	-1448.511	-0.1735259
771000	-1452.822	0	-1452.822	-0.115973
771500	-1536.941	0	-1536.941	-0.1371334
772000	-1550.209	0	-1550.209	0.03761339
772500	-1606.775	0	-1606.775	-0.1831883
773000	-1617.501	0	-1617.501	-0.02177074
773500	-1518.567	0	-1518.567	-0.1860799
774000	-1512.297	0	-1512.297	-0.3153202
774500	-1566.107	0	-1566.107	-0.3230004
775000	-1526.846	0	-1526.846	-0.49662
775500	-1575.17	0	-1575.17	-0.02496759
776000	-1607.918	0	-1607.918	-0.1425099
776500	-1484.054	0	-1484.054	-0.1835065
777000	-1511.332	0	-1511.332	-0.2735603
777500	-1572.346	0	-1572.346	-0.1568035
778000	-1550.254	0	-1550.254	-0.373658
778500	-1462.132	0	-1462.132	-0.5141546
779000	-1454.942	0	-1454.942	-0.4558393
779500	-1493.795	0	-1493.795	-0.3293097
780000	-1498.053	0	-1498.053	-0.3545702
780500	-1399.339	0	-1399.339	-0.3601342
781000	-1442.376	0	-1442.376	-0.3479383
781500	-1505.193	0	-1505.193	-0.3098716
782000	-1444.008	0	-1444.008	-0.3912866
782500	-1428.436	0	-1428.436	-0.4385309
783000	-1395.969	0	-1395.969	-0.5522035
783500	-1475.151	0	-1475.151	-0.4068183
784000	-1527.643	0	-1527.643	-0.248877
784500	-1600.454	0	-1600.454	-0.2991863
785000	-1614.741	0	-1614.741	-0.1353044
785500	-1607.067	0	-1607.067	-0.1626233
786000	-1583.451	0	-1583.451	-0.09028328
786500	-1648.041	0	-1648.041	-0.1427257
787000	-1504.078	0	-1504.078	-0.1565157
787500	-1575.401	0	-1575.401	-0.08357829
788000	-1606.872	0	-1606.872	0.07229621
788500	-1566.95	0	-1566.95	-0.0199655
789000	-1603.809	0	-1603.809	-0.1823987
789500	-1516.052	0	-1516.052	-0.07419771
790000	-1497.862	0	-1497.862	0.01279146
790500	-1511.773	0	-1511.773	0.1004604
791000	-1503.459	0	-1503.459	0.05733195
791500	-1548.463	0	-1548.463	-0.1136144
792000	-1416.769	0	-1416.769	-0.003229893
792500	-1360.305	0	-1360.305	-0.06595935
793000	-1379.318	0	-1379.318	-0.1285907
793500	-1435.996	0	-1435.996	-0.1222759
794000	-1449	0	-1449	-0.003807861
794500	-1522.43	0	-1522.43	-0.1968808
795000	-1381.257	0	-1381.257	-0.1057092
795500	-1475.402	0	-1475.402	-0.1512805
796000	-1418.365	0	-1418.365	-0.1032686
796500	-1409.955	0	-1409.955	-0.2475172
797000	-1476.948	0	-1476.948	-0.1796694
797500	-1414.377	0	-1414.377	-0.2397211
798000	-1354.775	0	-1354.775	-0.2813265
798500	-1252.945	0	-1252.945	-0.1780546
799000	-1402.237	0	-1402.237	-0.1348501
799500	-1368.796	0	-1368.796	-0.02101996
800000	-1447.14	0	-1447.14	-0.002051902
800500	-1409.536	0	-1409.536	-0.01845275
801000	-1408.456	0	-1408.456	0.09135517
801500	-1459.04	0	-1459.04	0.1496318
802000	-1414.063	0	-1414.063	0.01651947
802500	-1365.327	0	-1365.327	0.06416843
803000	-1473.505	0	-1473.505	-0.002064609
803500	-1420.663	0	-1420.663	0.06945557
804000	-1342.506	0	-1342.506	0.2060895
804500	-1417.64	0	-1417.64	0.043632
805000	-1384.809	0	-1384.809	-1.383726e-05
805500	-1355.442	0	-1355.442	-0.04551915
806000	-1333.625	0	-1333.625	-0.2911834
806500	-1417.543	0	-1417.543	-0.3271793
807000	-1440.228	0	-1440.228	-0.2120411
807500	-1437.039	0	-1437.039	-0.2464443
808000	-1492.205	0	-1492.205	-0.01372228
808500	-1476.931	0	-1476.931	0.03601113
809000	-1480.682	0	-1480.682	0.07109399
809500	-1367.28	0	-1367.28	0.2041652
810000	-1510.718	0	-1510.718	0.0493484
810500	-1473.969	0	-1473.969	0.1418797
811000	-1401.765	0	-1401.765	0.1559005
811500	-1407.002	0	-1407.002	0.2272824
812000	-1396.109	0	-1396.109	0.1270736
812500	-1410.659	0	-1410.659	0.2264405
813000	-1406.23	0	-1406.23	0.09609617
813500	-1435.262	0	-1435.262	0.2324464
814000	-1430.739	0	-1430.739	0.1068332
814500	-1460.156	0	-1460.156	0.1882006
815000	-1395.904	0	-1395.904	0.1118021
815500	-1430.807	0	-1430.807	0.06316903
816000	-1329.914	0	-1329.914	0.0711987
816500	-1478.243	0	-1478.243	0.1057224
817000	-1373.369	0	-1373.369	0.08454167
817500	-1450.081	0	-1450.081	-0.0837618
818000	-1374.513	0	-1374.513	-0.1305972
818500	-1364.049	0	-1364.049	-0.3477563
819000	-1373.548	0	-1373.548	-0.1559453
819500	-1254.432	0	-1254.432	-0.06530887
820000	-1325.551	0	-1325.551	-0.09254474
820500	-1347.289	0	-1347.289	-0.05022467
821000	-1440.719	0	-1440.719	-0.0532413
821500	-1474.693	0	-1474.693	-0.1741937
822000	-1349.957	0	-1349.957	-0.1191861
822500	-1332.039	0	-1332.039	-0.07695444
823000	-1363.983	0	-1363.983	-0.1255887
823500	-1253.459	0	-1253.459	-0.09445599
824000	-1317.302	0	-1317.302	-0.1350311
824500	-1377.572	0	-1377.572	-0.1082004
825000	-1419.013	0	-1419.013	-0.09367199
825500	-1402.803	0	-1402.803	-0.2387232
826000	-1420.921	0	-1420.921	-0.1325454
826500	-1344.923	0	-1344.923	-0.0174291
827000	-1448.329	0	-1448.329	-0.07743394
827500	-1373.914	0	-1373.914	-0.0436212
828000	-1382.617	0	-1382.617	-0.02166497
828500	-1369.185	0	-1369.185	0.02249468
829000	-1450.321	0	-1450.321	-0.1082053
829500	-1457.201	0	-1457.201	-0.09422762
830000	-1404.149	0	-1404.149	-0.02338802
830500	-1502.437	0	-1502.437	0.1901655
831000	-1456.453	0	-1456.453	0.2325058
831500	-1421.011	0	-1421.011	0.1021412
832000	-1477.876	0	-1477.876	-0.08293495
832500	-1529.602	0	-1529.602	-0.0761598
833000	-1560.994	0	-1560.994	-0.2434906
833500	-1431.695	0	-1431.695	-0.1058164
834000	-1525.438	0	-1525.438	-0.02052632
834500	-1423.172	0	-1423.172	-0.01150516
835000	-1500.334	0	-1500.334	0.02604852
835500	-1495.684	0	-1495.684	0.08743014
836000	-1428.865	0	-1428.865	0.06267821
836500	-1519.298	0	-1519.298	0.1711512
837000	-1524.471	0	-1524.471	0.1578228
837500	-1523.509	0	-1523.509	0.09013017
838000	-1554.668	0	-1554.668	0.1309329
838500	-1575.014	0	-1575.014	0.06928992
839000	-1578.307	0	-1578.307	0.04379061
839500	-1483.146	0	-1483.146	0.07809489
840000	-1446.601	0	-1446.601	-0.01304284
840500	-1479.978	0	-1479.978	-0.07754272
841000	-1570.254	0	-1570.254	-0.01116776
841500	-1531.658	0	-1531.658	-0.1093201
842000	-1605.188	0	-1605.188	-0.09671679
842500	-1535.74	0	-1535.74	-0.2014162
843000	-1437.987	0	-1437.987	-0.1104345
843500	-1475.847	0	-1475.847	-0.01922768
844000	-1438.191	0	-1438.191	0.01257976
844500	-1504.419	0	-1504.419	0.0360818
845000	-1507.574	0	-1507.574	0.01263218
845500	-1509.913	0	-1509.913	-0.1140515
846000	-1532.973	0	-1532.973	-0.1507881
846500	-1474.523	0	-1474.523	-0.1279028
847000	-1497.223	0	-1497.223	0.03010781
847500	-1446.964	0	-1446.964	0.1235091
848000	-1447.362	0	-1447.362	0.1524412
848500	-1476.254	0	-1476.254	0.09951714
849000	-1482.172	0	-1482.172	-0.06308405
849500	-1545	0	-1545	0.08378103
850000	-1502.691	0	-1502.691	-0.03473755
850500	-1504.775	0	-1504.775	0.05058994
851000	-1363.455	0	-1363.455	0.08225534
851500	-1421.081	0	-1421.081	0.1212404
852000	-1425.238	0	-1425.238	-0.007514328
852500	-1512.285	0	-1512.285	-0.03024434
853000	-1488.375	0	-1488.375	0.06517416
853500	-1434.761	0	-1434.761	-0.02396067
854000	-1525.086	0	-1525.086	0.1622365
854500	-1480.398	0	-1480.398	-0.0003494131
855000	-1487.986	0	-1487.986	0.09620365
855500	-1488.119	0	-1488.119	0.07457153
856000	-1504.88	0	-1504.88	0.04253018
856500	-1509.772	0	-1509.772	-0.07307093
857000	-1491.336	0	-1491.336	0.03880233
857500	-1460.694	0	-1460.694	-0.01799081
858000	-1448.702	0	-1448.702	0.001896113
858500	-1426.603	0	-1426.603	0.09454067
859000	-1401.333	0	-1401.333	0.1698242
859500	-1445.15	0	-1445.15	0.1835405
860000	-1433.776	0	-1433.776	0.1688606
860500	-1460.189	0	-1460.189	0.1227704
861000	-1523.777	0	-1523.777	0.08000527
861500	-1542.048	0	-1542.048	0.08144437
862000	-1446.638	0	-1446.638	-0.1600677
862500	-1495.492	0	-1495.492	0.0347541
863000	-1477.361	0	-1477.361	-0.004953915
863500	-1477.599	0	-1477.599	-0.1118197
864000	-1442.976	0	-1442.976	-0.1391581
864500	-1454.944	0	-1454.944	-0.05965201
865000	-1477.351	0	-1477.351	-0.209761
865500	-1484.426	0	-1484.426	0.1186706
866000	-1459.231	0	-1459.231	0.3584102
866500	-1447.143	0	-1447.143	0.2408197
867000	-1549.26	0	-1549.26	0.1151531
867500	-1454.458	0	-1454.458	-0.1009443
868000	-1494.901	0	-1494.901	-0.4540267
868500	-1499.07	0	-1499.07	-0.2967361
869000	-1389.091	0	-1389.091	-0.3579176
869500	-1453.658	0	-1453.658	-0.2497374
870000	-1390.97	0	-1390.97	-0.313847
870500	-1420.202	0	-1420.202	-0.3239676
871000	-1420.148	0	-1420.148	-0.4820367
871500	-1379.316	0	-1379.316	-0.3346901
872000	-1351.87	0	-1351.87	-0.2364794
872500	-1348.787	0	-1348.787	-0.273014
873000	-1300.445	0	-1300.445	-0.2628274
873500	-1409.349	0	-1409.349	-0.2018615
874000	-1393.263	0	-1393.263	-0.3844777
874500	-1419.244	0	-1419.244	-0.5081016
875000	-1466.088	0	-1466.088	-0.3447564
875500	-1479.215	0	-1479.215	-0.3440947
876000	-1552.33	0	-1552.33	-0.1385546
876500	-1482.328	0	-1482.328	-0.1828616
877000	-1486.783	0	-1486.783	-0.1082377
877500	-1459.76	0	-1459.76	-0.3026795
878000	-1416.526	0	-1416.526	-0.1992272
878500	-1453.32	0	-1453.32	-0.01292792
879000	-1516.689	0	-1516.689	-0.05489179
879500	-1543.829	0	-1543.829	-0.08715901
880000	-1578.049	0	-1578.049	-0.2269847
880500	-1527.912	0	-1527.912	-0.2690775
881000	-1484.526	0	-1484.526	-0.2163359
881500	-1458.662	0	-1458.662	-0.03216092
882000	-1419.387	0	-1419.387	-0.03060529
882500	-1445.969	0	-1445.969	-0.08273076
883000	-1494.28	0	-1494.28	0.07795986
883500	-1465.074	0	-1465.074	0.1651855
884000	-1461.887	0	-1461.887	0.2461952
884500	-1295.244	0	-1295.244	0.3118356
885000	-1282.438	0	-1282.438	0.3086922
885500	-1357.874	0	-1357.874	0.3107162
886000	-1340.228	0	-1340.228	0.3204694
886500	-1474.239	0	-1474.239	0.1060089
887000	-1475.786	0	-1475.786	0.1977962
887500	-1477.197	0	-1477.197	0.2438894
888000	-1449.202	0	-1449.202	0.3131545
888500	-1488.248	0	-1488.248	0.2762904
889000	-1558.145	0	-1558.145	0.1827367
889500	-1468.949	0	-1468.949	0.239216
890000	-1391.856	0	-1391.856	0.1784499
890500	-1432.931	0	-1432.931	0.0997572
891000	-1358.4	0	-1358.4	0.1072655
891500	-1298.287	0	-1298.287	0.06573511
892000	-1387.898	0	-1387.898	0.004795786
892500	-1337.564	0	-1337.564	0.004062439
893000	-1342.458	0	-1342.458	0.06790774
893500	-1327.781	0	-1327.781	0.08323523
894000	-1316.152	0	-1316.152	0.06102341
894500	-1265.055	0	-1265.055	0.08371571
895000	-1249.554	0	-1249.554	0.09585362
895500	-1191.111	0	-1191.111	0.1039132
896000	-1294.208	0	-1294.208	0.08632431
896500	-1330.868	0	-1330.868	0.05546719
897000	-1289.545	0	-1289.545	0.07845792
897500	-1342.406	0	-1342.406	0.1494526
898000	-1396.93	0	-1396.93	0.1302152
898500	-1445.483	0	-1445.483	0.1216803
899000	-1454.388	0	-1454.388	0.09379384
899500	-1527.569	0	-1527.569	-0.2400614
900000	-1447.081	0	-1447.081	-0.1726667
900500	-1443.736	0	-1443.736	-0.1838738
901000	-1465.166	0	-1465.166	-0.1833029
901500	-1394.315	0	-1394.315	-0.2456856
902000	-1295.902	0	-1295.902	-0.2562614
902500	-1359.285	0	-1359.285	-0.3045345
903000	-1391.362	0	-1391.362	-0.2988021
903500	-1392.099	0	-1392.099	-0.4136127
904000	-1449.984	0	-1449.984	-0.4329233
904500	-1468.69	0	-1468.69	-0.2449566
905000	-1453.969	0	-1453.969	-0.2628942
905500	-1445.355	0	-1445.355	-0.1422793
906000	-1366.688	0	-1366.688	-0.1825374
906500	-1404.584	0	-1404.584	-0.1144744
907000	-1386.73	0	-1386.73	-0.29106
907500	-1303.442	0	-1303.442	-0.1702536
908000	-1306.587	0	-1306.587	-0.101963
908500	-1407.588	0	-1407.588	-0.1336692
909000	-1383.277	0	-1383.277	-0.2199929
909500	-1344.936	0	-1344.936	-0.2033908
910000	-1383.012	0	-1383.012	-0.1905959
910500	-1484.793	0	-1484.793	-0.06609676
911000	-1502.846	0	-1502.846	0.001690318
911500	-1454.658	0	-1454.658	0.1053491
912000	-1530.276	0	-1530.276	0.1173893
912500	-1446.665	0	-1446.665	-0.07443344
913000	-1467.63	0	-1467.63	-0.06212762
913500	-1371.7	0	-1371.7	-0.1780997
914000	-1326.583	0	-1326.583	-0.1674864
914500	-1238.941	0	-1238.941	-0.1325223
915000	-1261.204	0	-1261.204	-0.09823833
915500	-1252.747	0	-1252.747	-0.1551949
916000	-1150.396	0	-1150.396	-0.1521219
916500	-1169.593	0	-1169.593	-0.1494619
917000	-1211.182	0	-1211.182	-0.1422
917500	-1238.497	0	-1238.497	-0.1610915
918000	-1197.508	0	-1197.508	-0.1510341
918500	-1273.674	0	-1273.674	-0.1299515
919000	-1357.519	0	-1357.519	-0.1267078
919500	-1324.294	0	-1324.294	0.005036807
920000	-1351.645	0	-1351.645	0.05931121
920500	-1343.447	0	-1343.447	0.01530996
921000	-1435.018	0	-1435.018	0.1062859
921500	-1477.631	0	-1477.631	0.02310197
922000	-1434.341	0	-1434.341	-0.001821713
922500	-1427.994	0	-1427.994	-0.009519284
923000	-1484.856	0	-1484.856	-0.04533138
923500	-1392.655	0	-1392.655	-0.04334368
924000	-1450.279	0	-1450.279	0.1574925
924500	-1482.096	0	-1482.096	0.08040983
925000	-1424.104	0	-1424.104	0.04202173
925500	-1486.723	0	-1486.723	-0.00646886
926000	-1543.008	0	-1543.008	-0.2360388
926500	-1422.966	0	-1422.966	-0.3259693
927000	-1429.245	0	-1429.245	-0.1108107
927500	-1490.559	0	-1490.559	-0.1020004
928000	-1512.092	0	-1512.092	-0.07350207
928500	-1511.032	0	-1511.032	-0.1982583
929000	-1516.588	0	-1516.588	-0.1442867
929500	-1430.774	0	-1430.774	-0.04958647
930000	-1424.629	0	-1424.629	-0.1891479
930500	-1335.512	0	-1335.512	-0.2254689
931000	-1344.47	0	-1344.47	-0.1435105
931500	-1326.32	0	-1326.32	-0.1864797
932000	-1436.008	0	-1436.008	-0.09352758
932500	-1515.219	0	-1515.219	-0.234497
933000	-1333.369	0	-1333.369	-0.2183639
933500	-1399.498	0	-1399.498	-0.0647485
934000	-1427.797	0	-1427.797	-0.06888099
934500	-1386.237	0	-1386.237	0.06541362
935000	-1359.359	0	-1359.359	0.02845734
935500	-1372.666	0	-1372.666	0.03290705
936000	-1490.871	0	-1490.871	-0.07361295
936500	-1490.531	0	-1490.531	-0.1589345
937000	-1407.916	0	-1407.916	-0.1714312
937500	-1459.647	0	-1459.647	0.01790176
938000	-1511.918	0	-1511.918	0.04606103
938500	-1468.253	0	-1468.253	-0.2049069
939000	-1502.145	0	-1502.145	-0.04577672
939500	-1474.415	0	-1474.415	-0.05135569
940000	-1365.194	0	-1365.194	-0.2367437
940500	-1394.639	0	-1394.639	-0.1743433
941000	-1412.399	0	-1412.399	-0.09505652
941500	-1396.778	0	-1396.778	-0.09633592
942000	-1425.787	0	-1425.787	0.07827166
942500	-1420.506	0	-1420.506	0.1199192
943000	-1428.267	0	-1428.267	-0.02716615
943500	-1430.94	0	-1430.94	-0.04378326
944000	-1512.073	0	-1512.073	-0.05410418
944500	-1501.484	0	-1501.484	-0.1858679
945000	-1560.594	0	-1560.594	-0.1195999
945500	-1506.861	0	-1506.861	-0.1898924
946000	-1479.475	0	-1479.475	-0.178025
946500	-1533.945	0	-1533.945	-0.1122786
947000	-1619.605	0	-1619.605	-0.07630887
947500	-1554.746	0	-1554.746	-0.06167957
948000	-1540.254	0	-1540.254	0.2050936
948500	-1528.236	0	-1528.236	0.1225569
949000	-1571.78	0	-1571.78	-0.1013634
949500	-1533.049	0	-1533.049	0.1466452
950000	-1490.898	0	-1490.898	-0.09688597
950500	-1471.799	0	-1471.799	-0.03044431
951000	-1455.953	0	-1455.953	0.1547099
951500	-1469.477	0	-1469.477	0.03303005
952000	-1454.864	0	-1454.864	0.3629197
952500	-1498.949	0	-1498.949	0.04072948
953000	-1465.465	0	-1465.465	0.1057476
953500	-1547.217	0	-1547.217	0.09790352
954000	-1424.187	0	-1424.187	0.08109491
954500	-1426.99	0	-1426.99	0.2773858
955000	-1495.256	0	-1495.256	0.1396373
955500	-1457.091	0	-1457.091	-0.001576012
956000	-1365.629	0	-1365.629	0.01988382
956500	-1450.391	0	-1450.391	-0.02261336
957000	-1421.892	0	-1421.892	0.1205011
957500	-1425.041	0	-1425.041	-0.1417265
958000	-1406.684	0	-1406.684	-0.03812825
958500	-1449.352	0	-1449.352	0.0309867
959000	-1528.469	0	-1528.469	0.176937
959500	-1424.434	0	-1424.434	0.0001177907
960000	-1459.404	0	-1459.404	0.1389249
960500	-1410.603	0	-1410.603	0.1957629
961000	-1366.682	0	-1366.682	0.1743386
961500	-1335.392	0	-1335.392	0.09908242
962000	-1293.114	0	-1293.114	0.1711769
962500	-1385.635	0	-1385.635	0.1272702
963000	-1513.927	0	-1513.927	0.07178986
963500	-1438.865	0	-1438.865	0.1053582
964000	-1316.616	0	-1316.616	-0.1000757
964500	-1393.402	0	-1393.402	-0.08650738
965000	-1422.836	0	-1422.836	-0.06038687
965500	-1313.536	0	-1313.536	0.004551859
966000	-1434.496	0	-1434.496	0.08136089
966500	-1408.498	0	-1408.498	0.06223802
967000	-1363.877	0	-1363.877	-0.04781355
967500	-1314.911	0	-1314.911	-0.008018011
968000	-1325.106	0	-1325.106	-0.02455987
968500	-1335.201	0	-1335.201	-0.02505406
969000	-1344.877	0	-1344.877	-0.05483201
969500	-1388.669	0	-1388.669	0.008333422
970000	-1350.886	0	-1350.886	0.004296714
970500	-1354.111	0	-1354.111	-0.0920692
971000	-1410.085	0	-1410.085	-0.0009153954
971500	-1415.19	0	-1415.19	-0.02603776
972000	-1345.092	0	-1345.092	-0.05620664
972500	-1330.021	0	-1330.021	-0.1011881
973000	-1419.948	0	-1419.948	-0.2076003
973500	-1358.456	0	-1358.456	-0.2006868
974000	-1436.24	0	-1436.24	-0.2155333
974500	-1439.031	0	-1439.031	-0.04644122
975000	-1404.247	0	-1404.247	0.05472169
975500	-1395.676	0	-1395.676	-0.1254589
976000	-1464.439	0	-1464.439	-0.1582876
976500	-1431.819	0	-1431.819	0.04927757
977000	-1465.979	0	-1465.979	-0.01289324
977500	-1485.515	0	-1485.515	-0.03818119
978000	-1501.78	0	-1501.78	0.1912307
978500	-1468.769	0	-1468.769	-0.00989782
979000	-1389.851	0	-1389.851	0.02732467
979500	-1495.145	0	-1495.145	0.05733601
980000	-1447.669	0	-1447.669	0.02247315
980500	-1444.251	0	-1444.251	-0.07333916
981000	-1419.503	0	-1419.503	0.0347007
981500	-1394.82	0	-1394.82	0.1389009
982000	-1347.071	0	-1347.071	0.206702
982500	-1406.731	0	-1406.731	0.1939135
983000	-1416.735	0	-1416.735	0.217685
983500	-1443.863	0	-1443.863	-0.008046867
984000	-1420.104	0	-1420.104	-0.02622348
984500	-1461.773	0	-1461.773	0.03030783
985000	-1408.668	0	-1408.668	0.04920983
985500	-1405.599	0	-1405.599	0.08594808
986000	-1392.332	0	-1392.332	0.101323
986500	-1335.232	0	-1335.232	0.08379819
987000	-1427.734	0	-1427.734	0.09144648
987500	-1488.2	0	-1488.2	0.06115305
988000	-1408.578	0	-1408.578	0.1430978
988500	-1478.205	0	-1478.205	0.1215844
989000	-1458.314	0	-1458.314	0.107678
989500	-1473.325	0	-1473.325	-0.2131842
990000	-1462	0	-1462	-0.146517
990500	-1429.52	0	-1429.52	0.02833606
991000	-1422.553	0	-1422.553	-0.1085455
991500	-1411.356	0	-1411.356	-0.07307924
992000	-1392.517	0	-1392.517	-0.0009572351
992500	-1412.857	0	-1412.857	0.1850853
993000	-1483.56	0	-1483.56	0.2121538
993500	-1500.102	0	-1500.102	0.06482481
994000	-1501.749	0	-1501.749	0.2470939
994500	-1499.762	0	-1499.762	0.03080872
995000	-1419.769	0	-1419.769	0.09962727
995500	-1287.448	0	-1287.448	0.2193511
996000	-1409.366	0	-1409.366	0.1657294
996500	-1422.411	0	-1422.411	0.08245386
997000	-1455.027	0	-1455.027	0.1581215
997500	-1455.477	0	-1455.477	0.01567679
998000	-1294.547	0	-1294.547	0.08043111
998500	-1248.618	0	-1248.618	0.07002899
999000	-1426.226	0	-1426.226	0.1243086
999500	-1330.854	0	-1330.854	0.1307602
1000000	-1348.04	0	-1348.04	0.1432849
