Iteration	Posterior	Likelihood	Prior	rho[2][4]
0	-8970.168	0	-8970.168	0.01804214
500	-1808.775	0	-1808.775	-0.441886
1000	-1740.946	0	-1740.946	-0.4689462
1500	-1643.105	0	-1643.105	-0.2756278
2000	-1550.207	0	-1550.207	-0.3188263
2500	-1546.959	0	-1546.959	-0.1818276
3000	-1585.54	0	-1585.54	-0.2324913
3500	-1556.264	0	-1556.264	-0.1923839
4000	-1582.158	0	-1582.158	-0.1669739
4500	-1564.021	0	-1564.021	-0.2222291
5000	-1640.023	0	-1640.023	-0.2031843
5500	-1632.329	0	-1632.329	-0.1632964
6000	-1618.508	0	-1618.508	-0.09359793
6500	-1578.183	0	-1578.183	-0.2445319
7000	-1602.245	0	-1602.245	-0.3516807
7500	-1639.756	0	-1639.756	-0.1991321
8000	-1620.841	0	-1620.841	-0.4356272
8500	-1576.081	0	-1576.081	-0.4104258
9000	-1611.178	0	-1611.178	-0.3952538
9500	-1630.709	0	-1630.709	-0.253492
10000	-1602.402	0	-1602.402	-0.09947806
10500	-1529.157	0	-1529.157	-0.1020123
11000	-1546.89	0	-1546.89	-0.1857295
11500	-1573.337	0	-1573.337	-0.0965954
12000	-1514.767	0	-1514.767	-0.05917626
12500	-1578.12	0	-1578.12	-0.1307646
13000	-1599.135	0	-1599.135	-0.1613537
13500	-1606.29	0	-1606.29	-0.07013387
14000	-1611.055	0	-1611.055	0.07126611
14500	-1623.345	0	-1623.345	-0.0157513
15000	-1646.889	0	-1646.889	-0.05709142
15500	-1573.651	0	-1573.651	-0.004203891
16000	-1518.827	0	-1518.827	-0.1392807
16500	-1607.764	0	-1607.764	-0.1723312
17000	-1596.119	0	-1596.119	-0.1878658
17500	-1588.254	0	-1588.254	-0.1095939
18000	-1580.294	0	-1580.294	-0.3113191
18500	-1621.172	0	-1621.172	-0.006661842
19000	-1621.057	0	-1621.057	0.05981841
19500	-1604.094	0	-1604.094	0.0690765
20000	-1620.381	0	-1620.381	-0.09297669
20500	-1675.906	0	-1675.906	-0.01030671
21000	-1646.051	0	-1646.051	-0.1800591
21500	-1554.761	0	-1554.761	0.03712286
22000	-1507.099	0	-1507.099	0.1206324
22500	-1546.96	0	-1546.96	0.1292805
23000	-1509.1	0	-1509.1	-0.06672335
23500	-1464.259	0	-1464.259	-0.1390057
24000	-1473.921	0	-1473.921	-0.1361257
24500	-1491.183	0	-1491.183	-0.05337085
25000	-1569.234	0	-1569.234	0.04157497
25500	-1533.928	0	-1533.928	0.006546919
26000	-1553.306	0	-1553.306	0.06546252
26500	-1576.887	0	-1576.887	0.004670667
27000	-1578.989	0	-1578.989	-0.2479437
27500	-1630.115	0	-1630.115	-0.1441305
28000	-1607.41	0	-1607.41	-0.006808275
28500	-1575.744	0	-1575.744	-0.1142973
29000	-1580.833	0	-1580.833	-0.2392173
29500	-1607.698	0	-1607.698	-0.2560031
30000	-1583.456	0	-1583.456	-0.2753869
30500	-1654.712	0	-1654.712	-0.4349487
31000	-1568.805	0	-1568.805	-0.2798622
31500	-1539.819	0	-1539.819	-0.3658688
32000	-1607.303	0	-1607.303	-0.2929854
32500	-1517.301	0	-1517.301	-0.07133646
33000	-1575.741	0	-1575.741	-0.3601092
33500	-1579.85	0	-1579.85	-0.1185843
34000	-1555.25	0	-1555.25	-0.3095685
34500	-1513.215	0	-1513.215	-0.3629284
35000	-1584.855	0	-1584.855	-0.1243121
35500	-1570.425	0	-1570.425	-0.3055444
36000	-1544.934	0	-1544.934	-0.2645299
36500	-1482.396	0	-1482.396	-0.1297415
37000	-1541.212	0	-1541.212	-0.1702328
37500	-1482.042	0	-1482.042	-0.2405388
38000	-1514.111	0	-1514.111	-0.2339718
38500	-1562.595	0	-1562.595	-0.3164843
39000	-1616.445	0	-1616.445	-0.1702146
39500	-1622.335	0	-1622.335	-0.128184
40000	-1592.374	0	-1592.374	-0.1352051
40500	-1502.145	0	-1502.145	-0.110247
41000	-1542.148	0	-1542.148	-0.1967403
41500	-1524.316	0	-1524.316	0.009585953
42000	-1512.207	0	-1512.207	0.1057227
42500	-1515.692	0	-1515.692	-0.006867524
43000	-1540.497	0	-1540.497	0.003986824
43500	-1566.263	0	-1566.263	-0.2650233
44000	-1546.54	0	-1546.54	-0.3426283
44500	-1574.69	0	-1574.69	-0.1983361
45000	-1495.015	0	-1495.015	-0.1872402
45500	-1512.429	0	-1512.429	-0.2796239
46000	-1540.762	0	-1540.762	-0.0005120467
46500	-1571.514	0	-1571.514	-0.1176284
47000	-1502.568	0	-1502.568	-0.07826075
47500	-1447.866	0	-1447.866	0.03403813
48000	-1473.477	0	-1473.477	-0.02936867
48500	-1558.693	0	-1558.693	-0.07285513
49000	-1553.918	0	-1553.918	-0.1442193
49500	-1530.289	0	-1530.289	-0.4032878
50000	-1537.822	0	-1537.822	-0.3138115
50500	-1521.551	0	-1521.551	-0.1971076
51000	-1491.109	0	-1491.109	-0.2577703
51500	-1485.021	0	-1485.021	-0.1313474
52000	-1519.542	0	-1519.542	-0.07943854
52500	-1554.136	0	-1554.136	-0.2476974
53000	-1490.441	0	-1490.441	-0.1627483
53500	-1538.845	0	-1538.845	-0.04436234
54000	-1453.591	0	-1453.591	-0.05177236
54500	-1557.397	0	-1557.397	-0.06724925
55000	-1479.521	0	-1479.521	-0.1146214
55500	-1401.674	0	-1401.674	0.03841894
56000	-1402.963	0	-1402.963	-0.2207698
56500	-1424.778	0	-1424.778	-0.04872916
57000	-1480.257	0	-1480.257	0.1209801
57500	-1464.244	0	-1464.244	0.225185
58000	-1543.866	0	-1543.866	-0.04073135
58500	-1579.859	0	-1579.859	0.02037006
59000	-1554.101	0	-1554.101	0.01048384
59500	-1524.284	0	-1524.284	-0.111392
60000	-1481.882	0	-1481.882	0.02263307
60500	-1407.516	0	-1407.516	0.04644003
61000	-1397.823	0	-1397.823	-0.07610461
61500	-1469.749	0	-1469.749	-0.1768278
62000	-1425.324	0	-1425.324	-0.209136
62500	-1429.248	0	-1429.248	-0.07559265
63000	-1543.044	0	-1543.044	-0.2684754
63500	-1495.214	0	-1495.214	-0.01443482
64000	-1534.853	0	-1534.853	-0.08920598
64500	-1558.211	0	-1558.211	-0.01417036
65000	-1511.209	0	-1511.209	-0.0441016
65500	-1530.176	0	-1530.176	-0.05066159
66000	-1497.371	0	-1497.371	0.08695254
66500	-1517.893	0	-1517.893	-0.2987095
67000	-1516.066	0	-1516.066	-0.1754989
67500	-1481.509	0	-1481.509	-0.1934662
68000	-1531.174	0	-1531.174	-0.06690048
68500	-1489.105	0	-1489.105	-0.06327497
69000	-1543.978	0	-1543.978	0.1069043
69500	-1556.481	0	-1556.481	-0.006466969
70000	-1516.631	0	-1516.631	-0.1736611
70500	-1481.429	0	-1481.429	-0.1828721
71000	-1567.784	0	-1567.784	-0.1651041
71500	-1530.962	0	-1530.962	-0.1821753
72000	-1471.09	0	-1471.09	-0.009862709
72500	-1502.035	0	-1502.035	-0.1323651
73000	-1556.133	0	-1556.133	0.02782032
73500	-1582.246	0	-1582.246	-0.1279025
74000	-1588.631	0	-1588.631	-0.2227544
74500	-1499.152	0	-1499.152	-0.1077444
75000	-1565.123	0	-1565.123	-0.1635498
75500	-1604.285	0	-1604.285	-0.2725676
76000	-1629.767	0	-1629.767	-0.316529
76500	-1528.512	0	-1528.512	-0.5199541
77000	-1516.467	0	-1516.467	-0.33282
77500	-1461.356	0	-1461.356	-0.2081691
78000	-1540.237	0	-1540.237	-0.355487
78500	-1470.534	0	-1470.534	-0.2389495
79000	-1458.149	0	-1458.149	-0.3227654
79500	-1531.32	0	-1531.32	-0.2695312
80000	-1517.518	0	-1517.518	-0.1200319
80500	-1500.605	0	-1500.605	-0.1639556
81000	-1527.185	0	-1527.185	-0.2951237
81500	-1456.439	0	-1456.439	-0.2423239
82000	-1497.164	0	-1497.164	-0.3078088
82500	-1550.643	0	-1550.643	-0.2752463
83000	-1526.902	0	-1526.902	0.0701297
83500	-1570.351	0	-1570.351	-0.05934918
84000	-1502.921	0	-1502.921	-0.0854945
84500	-1519.063	0	-1519.063	-0.09526177
85000	-1530.128	0	-1530.128	-0.2231065
85500	-1492.574	0	-1492.574	-0.4039311
86000	-1461.693	0	-1461.693	-0.3465425
86500	-1452.54	0	-1452.54	-0.2870826
87000	-1445.659	0	-1445.659	-0.2368762
87500	-1539.995	0	-1539.995	-0.4544639
88000	-1458.062	0	-1458.062	-0.1884445
88500	-1517.796	0	-1517.796	-0.1040335
89000	-1470.328	0	-1470.328	-0.1111938
89500	-1523.004	0	-1523.004	-0.03196048
90000	-1543.8	0	-1543.8	0.009669205
90500	-1527.097	0	-1527.097	-0.1134772
91000	-1491.481	0	-1491.481	-0.1195147
91500	-1508.162	0	-1508.162	-0.1203403
92000	-1590.483	0	-1590.483	-0.1267628
92500	-1593.344	0	-1593.344	-0.1641688
93000	-1516.529	0	-1516.529	-0.2190828
93500	-1452.985	0	-1452.985	-0.2350512
94000	-1525.306	0	-1525.306	-0.3304436
94500	-1429.929	0	-1429.929	-0.484424
95000	-1455.528	0	-1455.528	-0.2937945
95500	-1549.13	0	-1549.13	-0.3467705
96000	-1566.681	0	-1566.681	-0.1408853
96500	-1550.996	0	-1550.996	-0.09788642
97000	-1522.901	0	-1522.901	-0.1590316
97500	-1516.768	0	-1516.768	-0.2428368
98000	-1505.233	0	-1505.233	-0.332366
98500	-1566.376	0	-1566.376	-0.1291726
99000	-1590.498	0	-1590.498	0.07288064
99500	-1537.954	0	-1537.954	-0.02183444
100000	-1559.457	0	-1559.457	-0.2106626
100500	-1463.982	0	-1463.982	-0.1950584
101000	-1457.901	0	-1457.901	-0.3588693
101500	-1541.271	0	-1541.271	-0.1998726
102000	-1569.716	0	-1569.716	-0.3464142
102500	-1543.509	0	-1543.509	-0.4232278
103000	-1489.275	0	-1489.275	-0.2808189
103500	-1504.615	0	-1504.615	-0.3141174
104000	-1576.85	0	-1576.85	-0.2923911
104500	-1576.741	0	-1576.741	-0.1764135
105000	-1551.638	0	-1551.638	-0.3315449
105500	-1619.849	0	-1619.849	-0.3266256
106000	-1601.521	0	-1601.521	-0.407806
106500	-1611.184	0	-1611.184	-0.2149522
107000	-1563.73	0	-1563.73	-0.3771724
107500	-1602.285	0	-1602.285	-0.2069071
108000	-1544.538	0	-1544.538	-0.2325114
108500	-1560.51	0	-1560.51	-0.03962089
109000	-1595.452	0	-1595.452	-0.3622579
109500	-1511.033	0	-1511.033	-0.3367045
110000	-1475.533	0	-1475.533	-0.1779588
110500	-1561.27	0	-1561.27	-0.2756343
111000	-1508.893	0	-1508.893	-0.1680608
111500	-1517.094	0	-1517.094	-0.02456115
112000	-1514.041	0	-1514.041	-0.2883914
112500	-1593.547	0	-1593.547	-0.1727158
113000	-1511.587	0	-1511.587	-0.1869667
113500	-1488.28	0	-1488.28	-0.3331693
114000	-1440.013	0	-1440.013	-0.4075114
114500	-1569.871	0	-1569.871	-0.2904121
115000	-1574.825	0	-1574.825	-0.3704471
115500	-1539.539	0	-1539.539	-0.1104538
116000	-1640.946	0	-1640.946	-0.2606823
116500	-1556.928	0	-1556.928	-0.05387845
117000	-1528.289	0	-1528.289	-0.1876454
117500	-1493.75	0	-1493.75	-0.1473044
118000	-1467.914	0	-1467.914	-0.05491853
118500	-1485.394	0	-1485.394	-0.1388903
119000	-1489.479	0	-1489.479	-0.4171748
119500	-1497.298	0	-1497.298	-0.4419739
120000	-1548.717	0	-1548.717	-0.3484894
120500	-1395.852	0	-1395.852	-0.4321795
121000	-1390.445	0	-1390.445	-0.610056
121500	-1481.737	0	-1481.737	-0.2585389
122000	-1455.606	0	-1455.606	-0.3761152
122500	-1366.683	0	-1366.683	-0.3771756
123000	-1405.107	0	-1405.107	-0.3032925
123500	-1422.214	0	-1422.214	-0.1853306
124000	-1447.26	0	-1447.26	-0.2517631
124500	-1432.627	0	-1432.627	-0.1919876
125000	-1448.319	0	-1448.319	-0.2102513
125500	-1507.144	0	-1507.144	-0.1370604
126000	-1384.744	0	-1384.744	-0.135647
126500	-1391.216	0	-1391.216	-0.2379781
127000	-1398.695	0	-1398.695	-0.1107746
127500	-1412.566	0	-1412.566	-0.1627904
128000	-1295.339	0	-1295.339	-0.2547773
128500	-1409.631	0	-1409.631	-0.3363724
129000	-1425.98	0	-1425.98	-0.3100085
129500	-1414.032	0	-1414.032	-0.336142
130000	-1493.03	0	-1493.03	-0.3343879
130500	-1422.477	0	-1422.477	-0.2615423
131000	-1478.935	0	-1478.935	-0.2559496
131500	-1462.686	0	-1462.686	-0.466502
132000	-1469.021	0	-1469.021	-0.4196898
132500	-1451.146	0	-1451.146	-0.43416
133000	-1474.151	0	-1474.151	-0.4084634
133500	-1442.409	0	-1442.409	-0.3440695
134000	-1415.211	0	-1415.211	-0.288355
134500	-1436.808	0	-1436.808	-0.09673631
135000	-1424.613	0	-1424.613	-0.2016729
135500	-1418.769	0	-1418.769	-0.1422364
136000	-1450.732	0	-1450.732	-0.3238548
136500	-1456.501	0	-1456.501	-0.2537987
137000	-1568.043	0	-1568.043	-0.06860729
137500	-1443.802	0	-1443.802	-0.1678722
138000	-1506.826	0	-1506.826	-0.06060419
138500	-1541.607	0	-1541.607	-0.2109514
139000	-1471.688	0	-1471.688	-0.3058043
139500	-1467.17	0	-1467.17	-0.2449713
140000	-1472.656	0	-1472.656	-0.2062987
140500	-1545.261	0	-1545.261	-0.4521153
141000	-1549.811	0	-1549.811	-0.3842033
141500	-1509.135	0	-1509.135	-0.3477161
142000	-1498.059	0	-1498.059	-0.3640343
142500	-1479.173	0	-1479.173	-0.06046155
143000	-1459.391	0	-1459.391	-0.2980318
143500	-1487.923	0	-1487.923	-0.2568035
144000	-1492.4	0	-1492.4	-0.2812414
144500	-1506.536	0	-1506.536	-0.2743152
145000	-1521.406	0	-1521.406	-0.1752117
145500	-1474.392	0	-1474.392	-0.2285261
146000	-1458.839	0	-1458.839	-0.2346604
146500	-1531.41	0	-1531.41	-0.5017756
147000	-1507.296	0	-1507.296	-0.3787698
147500	-1435.67	0	-1435.67	-0.2596992
148000	-1445.782	0	-1445.782	-0.4126596
148500	-1526.198	0	-1526.198	-0.3666096
149000	-1503.391	0	-1503.391	-0.4669048
149500	-1451.398	0	-1451.398	-0.3498143
150000	-1423.714	0	-1423.714	-0.3253809
150500	-1384.359	0	-1384.359	-0.4134257
151000	-1420.628	0	-1420.628	-0.3664465
151500	-1383.15	0	-1383.15	-0.3800272
152000	-1346.213	0	-1346.213	-0.5156855
152500	-1440.886	0	-1440.886	-0.3476488
153000	-1533.163	0	-1533.163	-0.4033265
153500	-1545.738	0	-1545.738	-0.3550677
154000	-1593.079	0	-1593.079	-0.2821484
154500	-1614.393	0	-1614.393	-0.01505796
155000	-1527.663	0	-1527.663	-0.173879
155500	-1587.929	0	-1587.929	-0.03610595
156000	-1562.773	0	-1562.773	0.0006357892
156500	-1497.197	0	-1497.197	-0.1799159
157000	-1473.372	0	-1473.372	-0.1239322
157500	-1573.613	0	-1573.613	-0.1654025
158000	-1451.81	0	-1451.81	-0.3200154
158500	-1459.765	0	-1459.765	-0.3304515
159000	-1500.47	0	-1500.47	-0.07492453
159500	-1501.999	0	-1501.999	-0.1226914
160000	-1512.683	0	-1512.683	0.007626705
160500	-1471.205	0	-1471.205	-0.1568487
161000	-1484.067	0	-1484.067	-0.2110278
161500	-1510.531	0	-1510.531	-0.1525165
162000	-1460.475	0	-1460.475	-0.231302
162500	-1424.193	0	-1424.193	0.02819099
163000	-1486.41	0	-1486.41	-0.1890792
163500	-1521.075	0	-1521.075	-0.222774
164000	-1402.795	0	-1402.795	-0.05672786
164500	-1435.203	0	-1435.203	-0.2618809
165000	-1406.262	0	-1406.262	-0.3566382
165500	-1449.943	0	-1449.943	-0.1894842
166000	-1488.739	0	-1488.739	-0.2283728
166500	-1495.662	0	-1495.662	-0.1540694
167000	-1511.319	0	-1511.319	-0.2584802
167500	-1373.815	0	-1373.815	-0.2173966
168000	-1548.168	0	-1548.168	-0.02577018
168500	-1542.912	0	-1542.912	-0.2034817
169000	-1536.075	0	-1536.075	-0.08069986
169500	-1492.999	0	-1492.999	-0.06454306
170000	-1476.96	0	-1476.96	-0.1126247
170500	-1422.962	0	-1422.962	0.04978974
171000	-1494.189	0	-1494.189	-0.05919943
171500	-1492.932	0	-1492.932	-0.08257534
172000	-1570.383	0	-1570.383	0.1111125
172500	-1503.647	0	-1503.647	-0.03995677
173000	-1459.401	0	-1459.401	-0.08255084
173500	-1491.693	0	-1491.693	-0.06217379
174000	-1492.605	0	-1492.605	-0.1347871
174500	-1527.937	0	-1527.937	-0.08187788
175000	-1552.525	0	-1552.525	-0.1351608
175500	-1547.616	0	-1547.616	-0.2584145
176000	-1469.72	0	-1469.72	-0.1270104
176500	-1441.899	0	-1441.899	-0.04494054
177000	-1413.475	0	-1413.475	-0.1286378
177500	-1512.491	0	-1512.491	-0.2071027
178000	-1492.278	0	-1492.278	-0.1189248
178500	-1386.043	0	-1386.043	-0.1906149
179000	-1359.362	0	-1359.362	-0.2865207
179500	-1377.098	0	-1377.098	-0.1567389
180000	-1421.715	0	-1421.715	-0.1481133
180500	-1498.399	0	-1498.399	-0.3455756
181000	-1528.164	0	-1528.164	-0.1571449
181500	-1488.437	0	-1488.437	-0.2253909
182000	-1499.39	0	-1499.39	-0.0008315883
182500	-1447.913	0	-1447.913	-0.3589308
183000	-1426.349	0	-1426.349	-0.2348446
183500	-1451.646	0	-1451.646	-0.164236
184000	-1383.241	0	-1383.241	-0.214538
184500	-1453.271	0	-1453.271	-0.1770805
185000	-1392.813	0	-1392.813	-0.1366606
185500	-1446.649	0	-1446.649	-0.1983868
186000	-1502.057	0	-1502.057	-0.1328252
186500	-1536.393	0	-1536.393	-0.01190396
187000	-1482.552	0	-1482.552	0.1423443
187500	-1517.207	0	-1517.207	0.1394557
188000	-1478.524	0	-1478.524	0.04937129
188500	-1390.2	0	-1390.2	-0.2247464
189000	-1480.064	0	-1480.064	-0.1670743
189500	-1527.454	0	-1527.454	-0.11647
190000	-1535.577	0	-1535.577	-0.09121651
190500	-1428.397	0	-1428.397	-0.1201481
191000	-1408.484	0	-1408.484	-0.07358473
191500	-1422.46	0	-1422.46	-0.09253597
192000	-1508.181	0	-1508.181	-0.1049384
192500	-1490.089	0	-1490.089	-0.244913
193000	-1410.909	0	-1410.909	-0.3968963
193500	-1464.961	0	-1464.961	-0.1702046
194000	-1480.06	0	-1480.06	-0.06493434
194500	-1457.01	0	-1457.01	-0.1049057
195000	-1454.175	0	-1454.175	-0.178456
195500	-1435.613	0	-1435.613	-0.13723
196000	-1429.371	0	-1429.371	-0.1898176
196500	-1506.37	0	-1506.37	-0.07254561
197000	-1466.617	0	-1466.617	-0.07916227
197500	-1428.647	0	-1428.647	-0.05857166
198000	-1383.708	0	-1383.708	-0.08594043
198500	-1490.759	0	-1490.759	-0.1294032
199000	-1431.272	0	-1431.272	-0.169173
199500	-1522.354	0	-1522.354	-0.08931095
200000	-1498.876	0	-1498.876	-0.1935427
200500	-1427.436	0	-1427.436	-0.2783034
201000	-1507.225	0	-1507.225	-0.2320604
201500	-1427.354	0	-1427.354	-0.4203844
202000	-1444.38	0	-1444.38	-0.4838993
202500	-1485.64	0	-1485.64	-0.5179902
203000	-1484.116	0	-1484.116	-0.4580073
203500	-1451.875	0	-1451.875	-0.3923856
204000	-1403.665	0	-1403.665	-0.2980682
204500	-1418.522	0	-1418.522	-0.1827871
205000	-1466.54	0	-1466.54	-0.2484566
205500	-1519.9	0	-1519.9	-0.03086766
206000	-1481.281	0	-1481.281	0.01366363
206500	-1416.506	0	-1416.506	-0.1017346
207000	-1407.05	0	-1407.05	-0.1178072
207500	-1413.759	0	-1413.759	0.1121804
208000	-1464.331	0	-1464.331	-0.08925109
208500	-1510.247	0	-1510.247	0.08465546
209000	-1552.411	0	-1552.411	-0.240741
209500	-1564.768	0	-1564.768	-0.2128138
210000	-1474.674	0	-1474.674	-0.1824916
210500	-1407.293	0	-1407.293	-0.3126164
211000	-1337.653	0	-1337.653	-0.3444913
211500	-1400.904	0	-1400.904	-0.2971893
212000	-1372.451	0	-1372.451	-0.07794491
212500	-1476.994	0	-1476.994	0.04298382
213000	-1490.404	0	-1490.404	0.1400632
213500	-1405.01	0	-1405.01	-0.1700299
214000	-1439.839	0	-1439.839	-0.1698441
214500	-1442.403	0	-1442.403	-0.3015797
215000	-1489.988	0	-1489.988	-0.3486264
215500	-1488.259	0	-1488.259	-0.2136707
216000	-1532.362	0	-1532.362	-0.217716
216500	-1493.438	0	-1493.438	-0.09700537
217000	-1495.958	0	-1495.958	-0.01448087
217500	-1495.816	0	-1495.816	-0.1330739
218000	-1410.898	0	-1410.898	-0.1903278
218500	-1427.1	0	-1427.1	-0.2576492
219000	-1454.575	0	-1454.575	-0.1344138
219500	-1345.033	0	-1345.033	-0.2081811
220000	-1335.035	0	-1335.035	-0.1512785
220500	-1490.332	0	-1490.332	-0.2874562
221000	-1379.204	0	-1379.204	-0.2741704
221500	-1394.383	0	-1394.383	-0.1950738
222000	-1426.971	0	-1426.971	-0.2872978
222500	-1445.593	0	-1445.593	-0.2909776
223000	-1354.946	0	-1354.946	-0.5134832
223500	-1362.459	0	-1362.459	-0.3772713
224000	-1364.714	0	-1364.714	-0.2993284
224500	-1367.411	0	-1367.411	-0.4392192
225000	-1486.003	0	-1486.003	-0.1999756
225500	-1334.238	0	-1334.238	-0.2378215
226000	-1447.11	0	-1447.11	-0.02997163
226500	-1494.64	0	-1494.64	-0.1605054
227000	-1386.166	0	-1386.166	-0.2967278
227500	-1348.543	0	-1348.543	-0.3428516
228000	-1384.457	0	-1384.457	-0.3568207
228500	-1449.253	0	-1449.253	-0.4124022
229000	-1394.627	0	-1394.627	-0.4489766
229500	-1411.85	0	-1411.85	-0.2476152
230000	-1339.322	0	-1339.322	-0.369803
230500	-1381.879	0	-1381.879	-0.357906
231000	-1377.256	0	-1377.256	-0.2077058
231500	-1455.661	0	-1455.661	-0.272065
232000	-1457.656	0	-1457.656	-0.177786
232500	-1356.736	0	-1356.736	-0.4475413
233000	-1392.578	0	-1392.578	-0.5150002
233500	-1447.345	0	-1447.345	-0.2529507
234000	-1348.445	0	-1348.445	-0.3834362
234500	-1387.066	0	-1387.066	-0.4409589
235000	-1398.383	0	-1398.383	-0.4451409
235500	-1363.864	0	-1363.864	-0.4187808
236000	-1403.57	0	-1403.57	-0.2942629
236500	-1445.821	0	-1445.821	-0.3018603
237000	-1439.632	0	-1439.632	-0.2712318
237500	-1427.989	0	-1427.989	-0.275212
238000	-1346.729	0	-1346.729	-0.2091662
238500	-1377.552	0	-1377.552	-0.3076902
239000	-1398.749	0	-1398.749	-0.2709911
239500	-1430.274	0	-1430.274	-0.1484706
240000	-1376.226	0	-1376.226	-0.3378414
240500	-1473.516	0	-1473.516	-0.4436154
241000	-1360.93	0	-1360.93	-0.2611701
241500	-1426.852	0	-1426.852	-0.1649339
242000	-1496.762	0	-1496.762	-0.2146865
242500	-1386.676	0	-1386.676	-0.2986268
243000	-1508.664	0	-1508.664	0.04708025
243500	-1581.82	0	-1581.82	-0.1003062
244000	-1547.6	0	-1547.6	-0.1122278
244500	-1535.083	0	-1535.083	-0.121245
245000	-1482.224	0	-1482.224	-0.1482309
245500	-1485.596	0	-1485.596	-0.2323792
246000	-1540.977	0	-1540.977	0.07187913
246500	-1377.119	0	-1377.119	0.05185871
247000	-1456.941	0	-1456.941	-0.1199746
247500	-1526.072	0	-1526.072	-0.1175391
248000	-1484.168	0	-1484.168	-0.07696507
248500	-1413.897	0	-1413.897	-0.1168107
249000	-1448.471	0	-1448.471	-0.1800643
249500	-1478.377	0	-1478.377	-0.1988252
250000	-1470.081	0	-1470.081	-0.04384484
250500	-1514.606	0	-1514.606	0.02058034
251000	-1489.313	0	-1489.313	-0.1296819
251500	-1492.796	0	-1492.796	-0.007023328
252000	-1480.119	0	-1480.119	-0.07427726
252500	-1438.765	0	-1438.765	-0.3474468
253000	-1346.779	0	-1346.779	-0.302672
253500	-1429.572	0	-1429.572	-0.2086161
254000	-1483.356	0	-1483.356	-0.4175857
254500	-1590.068	0	-1590.068	-0.363969
255000	-1497.329	0	-1497.329	-0.3153916
255500	-1567.47	0	-1567.47	-0.231838
256000	-1425.687	0	-1425.687	-0.3305796
256500	-1501.871	0	-1501.871	-0.3358032
257000	-1453.338	0	-1453.338	-0.1831087
257500	-1502.748	0	-1502.748	-0.07781052
258000	-1480.763	0	-1480.763	-0.0804812
258500	-1493.729	0	-1493.729	-0.1201243
259000	-1496.935	0	-1496.935	-0.08831456
259500	-1430.38	0	-1430.38	-0.1636924
260000	-1444.551	0	-1444.551	-0.2816732
260500	-1480.436	0	-1480.436	-0.2489414
261000	-1435.612	0	-1435.612	-0.1138671
261500	-1352.497	0	-1352.497	-0.1268498
262000	-1418.044	0	-1418.044	-0.148001
262500	-1394.389	0	-1394.389	-0.1326015
263000	-1321.603	0	-1321.603	-0.3131114
263500	-1359.904	0	-1359.904	-0.4009526
264000	-1497.095	0	-1497.095	-0.2558225
264500	-1519.492	0	-1519.492	-0.1503779
265000	-1493.869	0	-1493.869	-0.0733218
265500	-1473.179	0	-1473.179	-0.09010442
266000	-1497.065	0	-1497.065	0.007101984
266500	-1459.473	0	-1459.473	0.1091002
267000	-1501.138	0	-1501.138	-0.1455381
267500	-1494.144	0	-1494.144	-0.06145784
268000	-1539.035	0	-1539.035	-0.2426902
268500	-1541.708	0	-1541.708	-0.1471868
269000	-1488.777	0	-1488.777	-0.3063686
269500	-1482.855	0	-1482.855	-0.180817
270000	-1519.448	0	-1519.448	-0.1272652
270500	-1494.877	0	-1494.877	-0.07748198
271000	-1443.421	0	-1443.421	-0.2617306
271500	-1496.746	0	-1496.746	-0.02217773
272000	-1425.313	0	-1425.313	0.1161397
272500	-1530.36	0	-1530.36	0.02581269
273000	-1509.367	0	-1509.367	0.07669801
273500	-1626.686	0	-1626.686	0.06953874
274000	-1508.154	0	-1508.154	0.2248679
274500	-1437.166	0	-1437.166	0.1249547
275000	-1433.495	0	-1433.495	0.06485212
275500	-1456.243	0	-1456.243	0.1571991
276000	-1572.477	0	-1572.477	0.006212451
276500	-1565.54	0	-1565.54	-0.1446208
277000	-1549.968	0	-1549.968	-0.1794385
277500	-1555.182	0	-1555.182	-0.3104291
278000	-1541.054	0	-1541.054	-0.148177
278500	-1472.891	0	-1472.891	-0.03819646
279000	-1505.059	0	-1505.059	-0.1277625
279500	-1547.783	0	-1547.783	-0.04829886
280000	-1502.869	0	-1502.869	-0.1860381
280500	-1405.267	0	-1405.267	-0.1008843
281000	-1419.176	0	-1419.176	-0.05686358
281500	-1426.525	0	-1426.525	-0.05756544
282000	-1483.499	0	-1483.499	0.001046605
282500	-1404.2	0	-1404.2	0.130553
283000	-1381.196	0	-1381.196	-0.07177052
283500	-1460.094	0	-1460.094	-0.05420806
284000	-1512.365	0	-1512.365	-0.1656035
284500	-1444.106	0	-1444.106	-0.1515719
285000	-1467.392	0	-1467.392	0.002979367
285500	-1470.218	0	-1470.218	0.04774737
286000	-1485.208	0	-1485.208	0.01073856
286500	-1455.652	0	-1455.652	0.01588031
287000	-1449.642	0	-1449.642	0.07401194
287500	-1376.544	0	-1376.544	0.03036429
288000	-1402.517	0	-1402.517	0.01101954
288500	-1458.24	0	-1458.24	0.01338129
289000	-1509.06	0	-1509.06	-0.09003232
289500	-1595.043	0	-1595.043	-0.1081828
290000	-1520.245	0	-1520.245	-0.235277
290500	-1513.237	0	-1513.237	-0.07575206
291000	-1553.831	0	-1553.831	-0.1762249
291500	-1563.91	0	-1563.91	-0.09146826
292000	-1549.396	0	-1549.396	-0.1995849
292500	-1564.408	0	-1564.408	-0.1093719
293000	-1598.005	0	-1598.005	-0.263099
293500	-1563.025	0	-1563.025	-0.2422106
294000	-1598.781	0	-1598.781	0.09516168
294500	-1616.096	0	-1616.096	-0.07280983
295000	-1577.225	0	-1577.225	0.08157535
295500	-1617.12	0	-1617.12	-0.08666403
296000	-1554.64	0	-1554.64	-0.03795897
296500	-1560.157	0	-1560.157	-0.09759964
297000	-1556.74	0	-1556.74	-0.158181
297500	-1564.647	0	-1564.647	-0.0827752
298000	-1627.687	0	-1627.687	-0.1876314
298500	-1588.256	0	-1588.256	-0.1257994
299000	-1567.72	0	-1567.72	-0.2479388
299500	-1593.851	0	-1593.851	-0.08778206
300000	-1547.3	0	-1547.3	-0.1598308
300500	-1545.792	0	-1545.792	-0.1660672
301000	-1564.956	0	-1564.956	-0.08859614
301500	-1515.502	0	-1515.502	-0.1911845
302000	-1519.19	0	-1519.19	-0.2469672
302500	-1496.038	0	-1496.038	-0.1117223
303000	-1473.217	0	-1473.217	-0.2279333
303500	-1492.818	0	-1492.818	-0.1210926
304000	-1499.371	0	-1499.371	-0.182871
304500	-1489.925	0	-1489.925	-0.07395729
305000	-1502.63	0	-1502.63	-0.2091444
305500	-1452.985	0	-1452.985	0.224093
306000	-1480.337	0	-1480.337	0.02387998
306500	-1400.26	0	-1400.26	-0.1723654
307000	-1458.939	0	-1458.939	-0.1273807
307500	-1447.316	0	-1447.316	-0.06457754
308000	-1390.765	0	-1390.765	-0.2160405
308500	-1404.764	0	-1404.764	-0.2215676
309000	-1487.75	0	-1487.75	0.02648008
309500	-1410.109	0	-1410.109	-0.02695136
310000	-1508.597	0	-1508.597	-0.06461805
310500	-1473.296	0	-1473.296	-0.3427908
311000	-1447.658	0	-1447.658	-0.1395459
311500	-1460.406	0	-1460.406	-0.2661136
312000	-1504.838	0	-1504.838	-0.08784587
312500	-1522.43	0	-1522.43	-0.02357644
313000	-1533.654	0	-1533.654	0.02324951
313500	-1539.138	0	-1539.138	-0.1876985
314000	-1600.557	0	-1600.557	-0.2514492
314500	-1545.017	0	-1545.017	-0.2355907
315000	-1473.9	0	-1473.9	-0.3098236
315500	-1497.893	0	-1497.893	-0.4161397
316000	-1380.687	0	-1380.687	-0.3755864
316500	-1405.067	0	-1405.067	-0.2248582
317000	-1409.077	0	-1409.077	-0.01738567
317500	-1302.671	0	-1302.671	0.06407309
318000	-1382.73	0	-1382.73	-0.02984648
318500	-1529.607	0	-1529.607	-0.1260376
319000	-1543.247	0	-1543.247	-0.2162
319500	-1485.671	0	-1485.671	-0.1638259
320000	-1497.573	0	-1497.573	-0.003391999
320500	-1449.553	0	-1449.553	0.1241392
321000	-1441.987	0	-1441.987	0.04804061
321500	-1447.455	0	-1447.455	-0.2304355
322000	-1561.318	0	-1561.318	0.05382751
322500	-1503.008	0	-1503.008	-0.01279114
323000	-1557.582	0	-1557.582	0.02833687
323500	-1541.034	0	-1541.034	-0.01172469
324000	-1534.403	0	-1534.403	-0.03256301
324500	-1573.884	0	-1573.884	0.0681286
325000	-1532.884	0	-1532.884	-0.1270603
325500	-1519.138	0	-1519.138	-0.3937314
326000	-1500.196	0	-1500.196	-0.1242324
326500	-1471.594	0	-1471.594	-0.2307758
327000	-1511.31	0	-1511.31	-0.2191297
327500	-1506.344	0	-1506.344	-0.2912275
328000	-1524.753	0	-1524.753	-0.3803699
328500	-1480.78	0	-1480.78	-0.240402
329000	-1465.987	0	-1465.987	-0.3161348
329500	-1483.38	0	-1483.38	-0.09006906
330000	-1475.908	0	-1475.908	0.009318718
330500	-1368.536	0	-1368.536	-0.3946802
331000	-1452.098	0	-1452.098	-0.4735682
331500	-1573.039	0	-1573.039	-0.2513368
332000	-1529.61	0	-1529.61	-0.1465404
332500	-1464.395	0	-1464.395	-0.3198186
333000	-1519.108	0	-1519.108	-0.2405271
333500	-1450.781	0	-1450.781	-0.2770402
334000	-1559.29	0	-1559.29	-0.3815297
334500	-1542.474	0	-1542.474	-0.3313032
335000	-1547.513	0	-1547.513	-0.2051781
335500	-1424.545	0	-1424.545	-0.3222164
336000	-1468.613	0	-1468.613	-0.2648393
336500	-1520.219	0	-1520.219	-0.1147044
337000	-1454.265	0	-1454.265	-0.2907783
337500	-1529.346	0	-1529.346	-0.2237634
338000	-1516.206	0	-1516.206	-0.3343125
338500	-1412.8	0	-1412.8	-0.2493342
339000	-1473.276	0	-1473.276	-0.3335102
339500	-1424.952	0	-1424.952	-0.3561254
340000	-1397.822	0	-1397.822	-0.404917
340500	-1321.924	0	-1321.924	-0.33667
341000	-1382.43	0	-1382.43	-0.2950359
341500	-1395.592	0	-1395.592	-0.2734523
342000	-1392.959	0	-1392.959	-0.2792917
342500	-1358.056	0	-1358.056	-0.2617011
343000	-1380.965	0	-1380.965	-0.227175
343500	-1365.816	0	-1365.816	-0.1984668
344000	-1411.503	0	-1411.503	-0.2904942
344500	-1550.935	0	-1550.935	-0.1195618
345000	-1514.696	0	-1514.696	-0.1394754
345500	-1428.442	0	-1428.442	-0.06413742
346000	-1346.126	0	-1346.126	-0.1489655
346500	-1352.201	0	-1352.201	-0.1930593
347000	-1376.141	0	-1376.141	-0.2208519
347500	-1478.082	0	-1478.082	-0.189374
348000	-1396.031	0	-1396.031	-0.2630466
348500	-1387.654	0	-1387.654	-0.156222
349000	-1375.837	0	-1375.837	-0.17566
349500	-1379.962	0	-1379.962	-0.08199697
350000	-1517.632	0	-1517.632	-0.06993682
350500	-1418.388	0	-1418.388	-0.07947295
351000	-1389.936	0	-1389.936	-0.0648119
351500	-1402.03	0	-1402.03	-0.005045995
352000	-1483.999	0	-1483.999	-0.07030908
352500	-1465.07	0	-1465.07	-0.1064666
353000	-1445.935	0	-1445.935	-0.08220174
353500	-1490.583	0	-1490.583	-0.2557381
354000	-1525.976	0	-1525.976	-0.159154
354500	-1490.878	0	-1490.878	-0.3503416
355000	-1524.436	0	-1524.436	-0.3137017
355500	-1405.964	0	-1405.964	-0.3285284
356000	-1403.913	0	-1403.913	-0.2119366
356500	-1459.999	0	-1459.999	-0.1179012
357000	-1346.633	0	-1346.633	-0.2089906
357500	-1428.54	0	-1428.54	-0.2301661
358000	-1444.413	0	-1444.413	-0.09880336
358500	-1434.355	0	-1434.355	-0.2788681
359000	-1406.63	0	-1406.63	-0.2064793
359500	-1371.876	0	-1371.876	-0.3104153
360000	-1345.21	0	-1345.21	-0.3127994
360500	-1417.269	0	-1417.269	-0.1604487
361000	-1493.301	0	-1493.301	-0.2172595
361500	-1481.185	0	-1481.185	-0.1996721
362000	-1443.132	0	-1443.132	-0.2699822
362500	-1442.92	0	-1442.92	-0.1945624
363000	-1516.818	0	-1516.818	-0.04683867
363500	-1452.713	0	-1452.713	0.2352815
364000	-1557.044	0	-1557.044	-0.02794346
364500	-1567.234	0	-1567.234	0.1491047
365000	-1593.855	0	-1593.855	-0.1021583
365500	-1587.966	0	-1587.966	-0.08198393
366000	-1542.675	0	-1542.675	-0.1968615
366500	-1572.8	0	-1572.8	-0.2766101
367000	-1507.794	0	-1507.794	-0.1929189
367500	-1567.123	0	-1567.123	-0.2757084
368000	-1561.976	0	-1561.976	-0.1816626
368500	-1570.121	0	-1570.121	-0.2967992
369000	-1454.915	0	-1454.915	-0.4357407
369500	-1488.935	0	-1488.935	-0.2101173
370000	-1481.729	0	-1481.729	-0.2017124
370500	-1504.546	0	-1504.546	-0.1869083
371000	-1447.945	0	-1447.945	-0.3335842
371500	-1394.148	0	-1394.148	-0.1254442
372000	-1467.546	0	-1467.546	-0.09166204
372500	-1484.886	0	-1484.886	-0.1070993
373000	-1465.741	0	-1465.741	-0.1268229
373500	-1469.91	0	-1469.91	-0.1532089
374000	-1452.108	0	-1452.108	-0.07908659
374500	-1473.811	0	-1473.811	0.01406837
375000	-1475.589	0	-1475.589	-0.4398088
375500	-1462.17	0	-1462.17	-0.3769916
376000	-1483.027	0	-1483.027	-0.3311529
376500	-1439.007	0	-1439.007	-0.3440561
377000	-1549.672	0	-1549.672	-0.4584714
377500	-1445.452	0	-1445.452	-0.2840941
378000	-1389.344	0	-1389.344	-0.4410403
378500	-1469.991	0	-1469.991	-0.3566199
379000	-1484.187	0	-1484.187	-0.2341713
379500	-1451.761	0	-1451.761	-0.277384
380000	-1486.956	0	-1486.956	-0.09762064
380500	-1565.517	0	-1565.517	-0.1562547
381000	-1469.187	0	-1469.187	-0.05497545
381500	-1473.387	0	-1473.387	-0.05347228
382000	-1449.656	0	-1449.656	0.01564867
382500	-1429.244	0	-1429.244	0.06121359
383000	-1541.186	0	-1541.186	0.06916792
383500	-1515.743	0	-1515.743	0.1689684
384000	-1521.284	0	-1521.284	-0.02237905
384500	-1534.343	0	-1534.343	-0.2164941
385000	-1474.32	0	-1474.32	0.08150441
385500	-1477.466	0	-1477.466	-0.1058851
386000	-1549.43	0	-1549.43	-0.06542005
386500	-1557.825	0	-1557.825	-0.06774519
387000	-1522.785	0	-1522.785	-0.06253207
387500	-1520.748	0	-1520.748	-0.02426539
388000	-1529.525	0	-1529.525	-0.03254499
388500	-1574.017	0	-1574.017	0.001177877
389000	-1483.14	0	-1483.14	-0.09284378
389500	-1476.165	0	-1476.165	-0.1541379
390000	-1464.029	0	-1464.029	-0.272919
390500	-1471.163	0	-1471.163	-0.3108052
391000	-1510.681	0	-1510.681	-0.3573246
391500	-1509.26	0	-1509.26	-0.3971012
392000	-1441.831	0	-1441.831	-0.3006506
392500	-1517.129	0	-1517.129	-0.3134196
393000	-1470.801	0	-1470.801	-0.4169677
393500	-1496.553	0	-1496.553	-0.3880252
394000	-1500.733	0	-1500.733	-0.2525369
394500	-1527.354	0	-1527.354	0.009966646
395000	-1550.563	0	-1550.563	-0.05854123
395500	-1455.193	0	-1455.193	-0.01723175
396000	-1441.7	0	-1441.7	0.0957943
396500	-1397.601	0	-1397.601	0.01120781
397000	-1373.713	0	-1373.713	0.07006834
397500	-1417.33	0	-1417.33	-0.1713276
398000	-1395.618	0	-1395.618	-0.06521459
398500	-1394.059	0	-1394.059	-0.04772596
399000	-1444.837	0	-1444.837	-0.02208112
399500	-1439.734	0	-1439.734	-0.2060542
400000	-1497.927	0	-1497.927	0.09096481
400500	-1374.176	0	-1374.176	0.006916803
401000	-1457.204	0	-1457.204	-0.1087136
401500	-1351.322	0	-1351.322	-0.02913294
402000	-1413.01	0	-1413.01	-0.1465893
402500	-1424.364	0	-1424.364	-0.3224603
403000	-1473.677	0	-1473.677	-0.4678121
403500	-1387.928	0	-1387.928	-0.4766995
404000	-1464.98	0	-1464.98	-0.3239385
404500	-1562.6	0	-1562.6	-0.1706442
405000	-1526.732	0	-1526.732	-0.2032897
405500	-1536.316	0	-1536.316	-0.341393
406000	-1575.901	0	-1575.901	-0.2267089
406500	-1529.968	0	-1529.968	-0.3597426
407000	-1541.936	0	-1541.936	-0.212909
407500	-1538.243	0	-1538.243	-0.2509382
408000	-1453.024	0	-1453.024	-0.2329384
408500	-1405.686	0	-1405.686	-0.2381222
409000	-1510.992	0	-1510.992	-0.2527798
409500	-1540.947	0	-1540.947	-0.05390728
410000	-1535.252	0	-1535.252	-0.07200594
410500	-1433.367	0	-1433.367	-0.1918359
411000	-1435.534	0	-1435.534	-0.1583191
411500	-1540.047	0	-1540.047	-0.243335
412000	-1488.005	0	-1488.005	-0.3227104
412500	-1438.652	0	-1438.652	-0.2273028
413000	-1429.793	0	-1429.793	-0.3743038
413500	-1429.972	0	-1429.972	-0.3898005
414000	-1420.574	0	-1420.574	-0.3471243
414500	-1422.78	0	-1422.78	-0.3739342
415000	-1412.076	0	-1412.076	-0.3793206
415500	-1443.433	0	-1443.433	-0.2836369
416000	-1441.947	0	-1441.947	-0.1720591
416500	-1372.498	0	-1372.498	-0.007985058
417000	-1356.459	0	-1356.459	-0.04817354
417500	-1451.577	0	-1451.577	-0.003781466
418000	-1373.699	0	-1373.699	-0.1074179
418500	-1386.996	0	-1386.996	0.05453213
419000	-1352.238	0	-1352.238	-0.00272248
419500	-1388.637	0	-1388.637	0.005134795
420000	-1412.187	0	-1412.187	0.02414453
420500	-1413.802	0	-1413.802	-0.04947732
421000	-1385.973	0	-1385.973	-0.2902707
421500	-1415.613	0	-1415.613	-0.2477857
422000	-1418.828	0	-1418.828	-0.05925932
422500	-1429.872	0	-1429.872	-0.1124192
423000	-1385.01	0	-1385.01	-0.2160846
423500	-1350.346	0	-1350.346	-0.178218
424000	-1470.021	0	-1470.021	-0.2016457
424500	-1459.324	0	-1459.324	-0.1372996
425000	-1466.177	0	-1466.177	-0.1655779
425500	-1441.74	0	-1441.74	-0.3899466
426000	-1437.861	0	-1437.861	-0.370507
426500	-1449.464	0	-1449.464	-0.4121228
427000	-1524.737	0	-1524.737	-0.3458358
427500	-1473.501	0	-1473.501	-0.2156399
428000	-1541.803	0	-1541.803	-0.1423429
428500	-1535.347	0	-1535.347	-0.3259887
429000	-1549.191	0	-1549.191	0.009102731
429500	-1483.677	0	-1483.677	-0.01492983
430000	-1480.282	0	-1480.282	-0.2034233
430500	-1459.475	0	-1459.475	0.01914444
431000	-1514.653	0	-1514.653	0.2188158
431500	-1556.338	0	-1556.338	0.1284405
432000	-1508.652	0	-1508.652	-0.04246991
432500	-1429.484	0	-1429.484	-0.4057686
433000	-1445.857	0	-1445.857	-0.2758725
433500	-1429.622	0	-1429.622	-0.3212868
434000	-1404.35	0	-1404.35	-0.3273868
434500	-1366.707	0	-1366.707	-0.3472367
435000	-1451.861	0	-1451.861	-0.2854631
435500	-1425.777	0	-1425.777	-0.325701
436000	-1329.117	0	-1329.117	-0.2790623
436500	-1416.301	0	-1416.301	-0.2290512
437000	-1373.922	0	-1373.922	-0.1680704
437500	-1341.802	0	-1341.802	-0.1130969
438000	-1453.619	0	-1453.619	-0.1563236
438500	-1408.817	0	-1408.817	-0.1792917
439000	-1403.46	0	-1403.46	-0.312112
439500	-1445.012	0	-1445.012	-0.1397745
440000	-1471.221	0	-1471.221	-0.1510148
440500	-1487.242	0	-1487.242	-0.2550654
441000	-1479.883	0	-1479.883	-0.3291502
441500	-1468.38	0	-1468.38	-0.3646106
442000	-1390.052	0	-1390.052	-0.200177
442500	-1383.38	0	-1383.38	-0.1314488
443000	-1494.96	0	-1494.96	-0.276148
443500	-1480.169	0	-1480.169	-0.2151026
444000	-1538.775	0	-1538.775	-0.3660136
444500	-1469.688	0	-1469.688	-0.3691384
445000	-1418.479	0	-1418.479	-0.3071738
445500	-1478.156	0	-1478.156	-0.2668514
446000	-1424.709	0	-1424.709	-0.3317395
446500	-1484.943	0	-1484.943	-0.2235253
447000	-1501.748	0	-1501.748	-0.3138752
447500	-1504.799	0	-1504.799	-0.005140451
448000	-1559.505	0	-1559.505	-0.1051458
448500	-1545.706	0	-1545.706	0.08057363
449000	-1457.149	0	-1457.149	0.0005434539
449500	-1362.365	0	-1362.365	-0.1100467
450000	-1372.12	0	-1372.12	-0.1627414
450500	-1350.703	0	-1350.703	-0.2317322
451000	-1416.655	0	-1416.655	-0.2703246
451500	-1459.082	0	-1459.082	-0.3799327
452000	-1304.826	0	-1304.826	-0.4355109
452500	-1308.596	0	-1308.596	-0.5350869
453000	-1249.251	0	-1249.251	-0.407741
453500	-1243.19	0	-1243.19	-0.219856
454000	-1299.336	0	-1299.336	-0.2216304
454500	-1445.274	0	-1445.274	-0.210651
455000	-1392.566	0	-1392.566	-0.3008498
455500	-1487.817	0	-1487.817	-0.1097693
456000	-1481.406	0	-1481.406	-0.2979383
456500	-1467.194	0	-1467.194	-0.4722342
457000	-1421.116	0	-1421.116	-0.4153114
457500	-1421.93	0	-1421.93	-0.2253008
458000	-1372.732	0	-1372.732	-0.005548974
458500	-1430.455	0	-1430.455	0.1515655
459000	-1383.538	0	-1383.538	-0.1494378
459500	-1395.743	0	-1395.743	-0.3302996
460000	-1519.166	0	-1519.166	-0.3849331
460500	-1444.401	0	-1444.401	-0.3804606
461000	-1384.258	0	-1384.258	-0.1507867
461500	-1358.153	0	-1358.153	-0.1833888
462000	-1319.177	0	-1319.177	-0.315034
462500	-1306.289	0	-1306.289	-0.2207666
463000	-1206.979	0	-1206.979	-0.3100589
463500	-1229	0	-1229	-0.2913756
464000	-1255.135	0	-1255.135	-0.396042
464500	-1283.935	0	-1283.935	-0.3841071
465000	-1369.544	0	-1369.544	-0.476378
465500	-1263.398	0	-1263.398	-0.2586612
466000	-1302.19	0	-1302.19	-0.1489749
466500	-1266.407	0	-1266.407	-0.1353111
467000	-1141.722	0	-1141.722	-0.1817752
467500	-1144.359	0	-1144.359	-0.1428881
468000	-1199.009	0	-1199.009	-0.1249766
468500	-1227.298	0	-1227.298	-0.1729991
469000	-1326.524	0	-1326.524	-0.1354749
469500	-1237.908	0	-1237.908	-0.1920601
470000	-1313.394	0	-1313.394	-0.4187949
470500	-1290.429	0	-1290.429	-0.3092211
471000	-1308.38	0	-1308.38	-0.4211012
471500	-1296.619	0	-1296.619	-0.2282542
472000	-1406.531	0	-1406.531	-0.1913877
472500	-1392.056	0	-1392.056	-0.3304162
473000	-1291.654	0	-1291.654	-0.1480464
473500	-1290.289	0	-1290.289	-0.300824
474000	-1377.575	0	-1377.575	-0.2375938
474500	-1368.634	0	-1368.634	-0.1222523
475000	-1466.107	0	-1466.107	-0.1402816
475500	-1411.526	0	-1411.526	-0.180274
476000	-1365.127	0	-1365.127	-0.3333224
476500	-1322.994	0	-1322.994	-0.1074387
477000	-1345.478	0	-1345.478	-0.3239977
477500	-1326.412	0	-1326.412	-0.1727562
478000	-1353.652	0	-1353.652	-0.1080703
478500	-1324.072	0	-1324.072	-0.02100958
479000	-1346.524	0	-1346.524	0.04014968
479500	-1487.445	0	-1487.445	-0.01755791
480000	-1326.309	0	-1326.309	-0.127642
480500	-1312.863	0	-1312.863	0.005788815
481000	-1344.13	0	-1344.13	0.02874218
481500	-1394.193	0	-1394.193	0.08041563
482000	-1468.104	0	-1468.104	-0.1470721
482500	-1510.343	0	-1510.343	-0.1269984
483000	-1458.32	0	-1458.32	-0.3398373
483500	-1436.874	0	-1436.874	-0.3433192
484000	-1494.55	0	-1494.55	-0.2067207
484500	-1479.046	0	-1479.046	-0.04862601
485000	-1444.797	0	-1444.797	0.1326907
485500	-1474.618	0	-1474.618	-0.04819989
486000	-1442.822	0	-1442.822	-0.1306167
486500	-1383.484	0	-1383.484	-0.134602
487000	-1428.533	0	-1428.533	-0.1726847
487500	-1498.766	0	-1498.766	-0.144978
488000	-1491.808	0	-1491.808	-0.2706599
488500	-1489.604	0	-1489.604	-0.3584638
489000	-1471.7	0	-1471.7	-0.4288242
489500	-1461.788	0	-1461.788	-0.2003342
490000	-1407.516	0	-1407.516	-0.01350655
490500	-1480.696	0	-1480.696	0.004728711
491000	-1446.55	0	-1446.55	-0.1703584
491500	-1429.322	0	-1429.322	-0.319764
492000	-1480.305	0	-1480.305	-0.3909859
492500	-1453.232	0	-1453.232	-0.2129555
493000	-1435.105	0	-1435.105	-0.2420199
493500	-1536.133	0	-1536.133	-0.2296491
494000	-1569.147	0	-1569.147	-0.08337351
494500	-1508.328	0	-1508.328	-0.1640583
495000	-1447.885	0	-1447.885	-0.1811826
495500	-1412.029	0	-1412.029	0.1876406
496000	-1394.099	0	-1394.099	0.05540099
496500	-1463.116	0	-1463.116	-0.02451968
497000	-1455.629	0	-1455.629	-0.1112288
497500	-1416.416	0	-1416.416	-0.1226062
498000	-1543.841	0	-1543.841	-0.2354148
498500	-1484.347	0	-1484.347	-0.2862501
499000	-1457.955	0	-1457.955	-0.1548294
499500	-1460.67	0	-1460.67	-0.09090037
500000	-1387.144	0	-1387.144	-0.1691316
500500	-1365.048	0	-1365.048	-0.210685
501000	-1391.917	0	-1391.917	-0.1483786
501500	-1373.144	0	-1373.144	-0.253118
502000	-1447.385	0	-1447.385	-0.04189917
502500	-1455.573	0	-1455.573	-0.1172454
503000	-1394.883	0	-1394.883	0.1064595
503500	-1404.253	0	-1404.253	0.09509369
504000	-1424.604	0	-1424.604	-0.03050291
504500	-1349.773	0	-1349.773	-0.1086505
505000	-1399.08	0	-1399.08	-0.06889064
505500	-1395.038	0	-1395.038	-0.03046328
506000	-1374.947	0	-1374.947	-0.04083851
506500	-1383.645	0	-1383.645	0.02400402
507000	-1330.995	0	-1330.995	0.04916979
507500	-1393.305	0	-1393.305	0.07858222
508000	-1255.511	0	-1255.511	0.04386255
508500	-1333.968	0	-1333.968	0.1457121
509000	-1426.576	0	-1426.576	-0.1203484
509500	-1488.752	0	-1488.752	-0.0774608
510000	-1455.951	0	-1455.951	0.199359
510500	-1475.382	0	-1475.382	-0.06060651
511000	-1473.986	0	-1473.986	-0.02799099
511500	-1461.519	0	-1461.519	-0.1873944
512000	-1474.813	0	-1474.813	-0.1514489
512500	-1461.225	0	-1461.225	-0.1427577
513000	-1339.428	0	-1339.428	-0.04220458
513500	-1378.407	0	-1378.407	-0.04282607
514000	-1292.374	0	-1292.374	-0.04237762
514500	-1394.928	0	-1394.928	0.05967299
515000	-1370.045	0	-1370.045	0.02871152
515500	-1367.541	0	-1367.541	-0.04625371
516000	-1411.394	0	-1411.394	-0.06764626
516500	-1393.19	0	-1393.19	-0.05773152
517000	-1428.993	0	-1428.993	-0.09002081
517500	-1332.331	0	-1332.331	0.1185084
518000	-1315.421	0	-1315.421	0.1565217
518500	-1272.422	0	-1272.422	0.1273478
519000	-1331.255	0	-1331.255	0.07502099
519500	-1344.668	0	-1344.668	0.08413104
520000	-1417.982	0	-1417.982	-0.003433266
520500	-1407.3	0	-1407.3	-0.01161164
521000	-1508.014	0	-1508.014	0.106236
521500	-1492.922	0	-1492.922	0.1130531
522000	-1514.275	0	-1514.275	-0.19305
522500	-1567.618	0	-1567.618	-0.0939919
523000	-1509.589	0	-1509.589	-0.1248599
523500	-1442.741	0	-1442.741	-0.07902981
524000	-1505.531	0	-1505.531	0.02627771
524500	-1574.678	0	-1574.678	-0.2203289
525000	-1552.19	0	-1552.19	-0.1879814
525500	-1563.157	0	-1563.157	-0.08794427
526000	-1468.443	0	-1468.443	-0.1662717
526500	-1455.44	0	-1455.44	-0.221893
527000	-1473.661	0	-1473.661	-0.1567773
527500	-1436.658	0	-1436.658	-0.2421573
528000	-1459.082	0	-1459.082	-0.08031844
528500	-1477.105	0	-1477.105	-0.3172159
529000	-1376.663	0	-1376.663	-0.2118777
529500	-1417.491	0	-1417.491	-0.09668874
530000	-1394.236	0	-1394.236	-0.2267861
530500	-1461.708	0	-1461.708	-0.1089668
531000	-1522.243	0	-1522.243	-0.03635162
531500	-1479.887	0	-1479.887	-0.06320309
532000	-1482.798	0	-1482.798	-0.1522785
532500	-1514.452	0	-1514.452	-0.01034029
533000	-1557.189	0	-1557.189	0.2446983
533500	-1583.677	0	-1583.677	0.070388
534000	-1529.42	0	-1529.42	0.3810692
534500	-1486.813	0	-1486.813	0.2717956
535000	-1514.286	0	-1514.286	0.05866492
535500	-1497.035	0	-1497.035	-0.008896359
536000	-1476.207	0	-1476.207	0.1131013
536500	-1484.761	0	-1484.761	-0.09916696
537000	-1499.571	0	-1499.571	0.06388568
537500	-1553.965	0	-1553.965	0.1956107
538000	-1487.702	0	-1487.702	0.002082063
538500	-1522.655	0	-1522.655	0.04055853
539000	-1425.978	0	-1425.978	-0.06825404
539500	-1439.435	0	-1439.435	-0.114211
540000	-1326.673	0	-1326.673	-0.1124743
540500	-1378.817	0	-1378.817	-0.1983779
541000	-1527.602	0	-1527.602	-0.2406063
541500	-1391.873	0	-1391.873	-0.08836402
542000	-1346.372	0	-1346.372	-0.1953062
542500	-1366.127	0	-1366.127	-0.1548353
543000	-1340.424	0	-1340.424	-0.2049553
543500	-1348.952	0	-1348.952	-0.06130081
544000	-1405.559	0	-1405.559	-0.04425089
544500	-1410.013	0	-1410.013	-0.1184788
545000	-1470.4	0	-1470.4	0.1278574
545500	-1435.914	0	-1435.914	0.04835072
546000	-1499.398	0	-1499.398	-0.106552
546500	-1404.409	0	-1404.409	-0.06794525
547000	-1423.14	0	-1423.14	-0.1889542
547500	-1407.353	0	-1407.353	-0.1820253
548000	-1378.313	0	-1378.313	-0.02236911
548500	-1371.125	0	-1371.125	-0.06485073
549000	-1399.347	0	-1399.347	-0.2857982
549500	-1502.98	0	-1502.98	-0.1873828
550000	-1420.402	0	-1420.402	-0.271062
550500	-1449.549	0	-1449.549	-0.1001864
551000	-1461.892	0	-1461.892	-0.2004639
551500	-1422.205	0	-1422.205	-0.07370702
552000	-1451.749	0	-1451.749	-0.1539386
552500	-1333.87	0	-1333.87	0.137243
553000	-1407.465	0	-1407.465	0.06206757
553500	-1489.353	0	-1489.353	-0.1227546
554000	-1405.278	0	-1405.278	-0.2009753
554500	-1361.859	0	-1361.859	-0.1812481
555000	-1451.249	0	-1451.249	-0.1146292
555500	-1477.539	0	-1477.539	-0.1425364
556000	-1442.912	0	-1442.912	-0.06866268
556500	-1433.156	0	-1433.156	-0.2005478
557000	-1383.097	0	-1383.097	-0.2670282
557500	-1346.001	0	-1346.001	-0.4032579
558000	-1393.341	0	-1393.341	-0.3315496
558500	-1348.132	0	-1348.132	-0.3576405
559000	-1248.363	0	-1248.363	-0.3394436
559500	-1332.52	0	-1332.52	-0.1302785
560000	-1353.952	0	-1353.952	-0.08983503
560500	-1366.195	0	-1366.195	-0.04234576
561000	-1456.669	0	-1456.669	-0.1373733
561500	-1387.494	0	-1387.494	-0.1494523
562000	-1360.568	0	-1360.568	-0.0930984
562500	-1432.624	0	-1432.624	-0.07638786
563000	-1458.822	0	-1458.822	-0.07893059
563500	-1389.915	0	-1389.915	-0.1273239
564000	-1407.04	0	-1407.04	0.1050947
564500	-1427.937	0	-1427.937	-0.02422598
565000	-1383	0	-1383	-0.0186566
565500	-1325.302	0	-1325.302	-0.04045432
566000	-1357.132	0	-1357.132	-0.1075009
566500	-1325.206	0	-1325.206	-0.07196958
567000	-1306.295	0	-1306.295	-0.122895
567500	-1274.965	0	-1274.965	-0.2049784
568000	-1350.03	0	-1350.03	-0.0895297
568500	-1283.07	0	-1283.07	-0.04540569
569000	-1222.641	0	-1222.641	-0.0737043
569500	-1297.563	0	-1297.563	-0.1325937
570000	-1340.186	0	-1340.186	-0.2328898
570500	-1422.348	0	-1422.348	-0.1372558
571000	-1425.429	0	-1425.429	-0.2012703
571500	-1358.783	0	-1358.783	-0.1302974
572000	-1268.786	0	-1268.786	-0.2350649
572500	-1342.445	0	-1342.445	-0.1784817
573000	-1395.593	0	-1395.593	-0.2480424
573500	-1487.532	0	-1487.532	-0.2874071
574000	-1549.789	0	-1549.789	-0.1538909
574500	-1522.056	0	-1522.056	-0.2512564
575000	-1466.133	0	-1466.133	-0.04419079
575500	-1449.858	0	-1449.858	0.1253204
576000	-1399.529	0	-1399.529	0.1651316
576500	-1334.577	0	-1334.577	0.1713168
577000	-1476.226	0	-1476.226	0.09388213
577500	-1438.372	0	-1438.372	0.06537095
578000	-1447.395	0	-1447.395	0.2656505
578500	-1393.378	0	-1393.378	0.2591836
579000	-1391.143	0	-1391.143	0.3243073
579500	-1395.484	0	-1395.484	0.3107411
580000	-1422.998	0	-1422.998	0.1799564
580500	-1429.03	0	-1429.03	0.03951184
581000	-1455.147	0	-1455.147	0.113152
581500	-1491.409	0	-1491.409	0.1238728
582000	-1507.464	0	-1507.464	0.06598964
582500	-1484.38	0	-1484.38	0.1161194
583000	-1558.23	0	-1558.23	0.07532824
583500	-1548.385	0	-1548.385	-0.1090339
584000	-1591.142	0	-1591.142	-0.01913766
584500	-1505.686	0	-1505.686	-0.1416087
585000	-1554.755	0	-1554.755	-0.3250888
585500	-1471.594	0	-1471.594	-0.1574658
586000	-1500.161	0	-1500.161	-0.1748793
586500	-1429.389	0	-1429.389	-0.25879
587000	-1467.398	0	-1467.398	-0.2658779
587500	-1434.863	0	-1434.863	-0.2218631
588000	-1509.924	0	-1509.924	-0.09133268
588500	-1495.188	0	-1495.188	-0.09087107
589000	-1514.506	0	-1514.506	-0.08102951
589500	-1455.666	0	-1455.666	-0.2341302
590000	-1493.17	0	-1493.17	0.1440531
590500	-1495.682	0	-1495.682	0.1843275
591000	-1613.024	0	-1613.024	0.1103523
591500	-1492.793	0	-1492.793	0.1621052
592000	-1542.146	0	-1542.146	0.01909216
592500	-1582.875	0	-1582.875	-0.119095
593000	-1448.865	0	-1448.865	-0.07537619
593500	-1511.653	0	-1511.653	-0.01036444
594000	-1537.157	0	-1537.157	-0.04531655
594500	-1471.621	0	-1471.621	0.04263416
595000	-1581.275	0	-1581.275	0.06188875
595500	-1643.2	0	-1643.2	0.02338137
596000	-1606.801	0	-1606.801	-0.06659325
596500	-1579.175	0	-1579.175	-0.06270429
597000	-1536.742	0	-1536.742	-0.2461475
597500	-1560.238	0	-1560.238	-0.09493994
598000	-1583.56	0	-1583.56	-0.1878336
598500	-1520.981	0	-1520.981	-0.2502482
599000	-1555.483	0	-1555.483	-0.1598238
599500	-1551.297	0	-1551.297	-0.1150095
600000	-1624.938	0	-1624.938	-0.05029633
600500	-1569.458	0	-1569.458	-0.1909498
601000	-1565.198	0	-1565.198	-0.4060719
601500	-1604.955	0	-1604.955	-0.4303663
602000	-1609.058	0	-1609.058	0.01640744
602500	-1562.675	0	-1562.675	0.009414288
603000	-1604.473	0	-1604.473	-0.003019855
603500	-1489.222	0	-1489.222	0.1123681
604000	-1493.866	0	-1493.866	0.02295531
604500	-1463.974	0	-1463.974	-0.05097602
605000	-1489.949	0	-1489.949	0.1044889
605500	-1458.761	0	-1458.761	-0.04128317
606000	-1472.324	0	-1472.324	-0.05093258
606500	-1449.587	0	-1449.587	0.1024302
607000	-1442.313	0	-1442.313	-0.1313052
607500	-1450.306	0	-1450.306	0.03548963
608000	-1441.413	0	-1441.413	-0.04873449
608500	-1436.332	0	-1436.332	-0.06694447
609000	-1451.646	0	-1451.646	-0.2087114
609500	-1535.827	0	-1535.827	-0.2488878
610000	-1517.939	0	-1517.939	0.02536135
610500	-1464.241	0	-1464.241	0.01650884
611000	-1472.845	0	-1472.845	-0.07670048
611500	-1457.399	0	-1457.399	-0.1782911
612000	-1488.353	0	-1488.353	-0.1651302
612500	-1508.068	0	-1508.068	-0.2888173
613000	-1615.667	0	-1615.667	-0.09063725
613500	-1564.555	0	-1564.555	-0.01266884
614000	-1513.668	0	-1513.668	-0.2203962
614500	-1534.658	0	-1534.658	-0.2548959
615000	-1601.507	0	-1601.507	-0.3095129
615500	-1554.283	0	-1554.283	-0.1777977
616000	-1492.082	0	-1492.082	-0.1967364
616500	-1482.055	0	-1482.055	-0.2674217
617000	-1475.764	0	-1475.764	-0.2772915
617500	-1454.573	0	-1454.573	-0.06110739
618000	-1462.257	0	-1462.257	-0.1083592
618500	-1428.446	0	-1428.446	-0.2740834
619000	-1415.417	0	-1415.417	-0.2565225
619500	-1407.57	0	-1407.57	-0.3776044
620000	-1461.564	0	-1461.564	-0.3452507
620500	-1496.622	0	-1496.622	-0.2340678
621000	-1413.222	0	-1413.222	-0.4995291
621500	-1420.766	0	-1420.766	-0.4701621
622000	-1446.043	0	-1446.043	-0.4777012
622500	-1451.891	0	-1451.891	-0.4284477
623000	-1469.496	0	-1469.496	-0.3854743
623500	-1408.722	0	-1408.722	-0.2953774
624000	-1401.465	0	-1401.465	-0.3121156
624500	-1480.911	0	-1480.911	-0.263235
625000	-1424.121	0	-1424.121	-0.1076121
625500	-1354.779	0	-1354.779	-0.2027771
626000	-1452.108	0	-1452.108	-0.09493916
626500	-1361.629	0	-1361.629	-0.2736726
627000	-1399.678	0	-1399.678	-0.2371854
627500	-1287.815	0	-1287.815	-0.3054984
628000	-1434.889	0	-1434.889	-0.2882407
628500	-1400.228	0	-1400.228	-0.3601497
629000	-1471.066	0	-1471.066	-0.3095861
629500	-1456.772	0	-1456.772	-0.2602779
630000	-1488.579	0	-1488.579	-0.3042262
630500	-1472.483	0	-1472.483	-0.250158
631000	-1542.723	0	-1542.723	-0.3614985
631500	-1454.968	0	-1454.968	-0.4648395
632000	-1493.862	0	-1493.862	-0.490783
632500	-1507.049	0	-1507.049	-0.3597872
633000	-1529.309	0	-1529.309	-0.3192877
633500	-1453.612	0	-1453.612	-0.3863956
634000	-1527.005	0	-1527.005	-0.2937597
634500	-1449.783	0	-1449.783	-0.321807
635000	-1463.596	0	-1463.596	-0.2812841
635500	-1475.265	0	-1475.265	-0.2428029
636000	-1498.479	0	-1498.479	-0.322064
636500	-1450.877	0	-1450.877	-0.09237797
637000	-1540.154	0	-1540.154	-0.1378299
637500	-1477.405	0	-1477.405	-0.2747143
638000	-1427.073	0	-1427.073	-0.2825411
638500	-1489.692	0	-1489.692	-0.2408122
639000	-1528.795	0	-1528.795	-0.1748043
639500	-1474.717	0	-1474.717	-0.1574447
640000	-1554.391	0	-1554.391	0.1454776
640500	-1525.371	0	-1525.371	-0.07001555
641000	-1548.156	0	-1548.156	-0.01782566
641500	-1580.336	0	-1580.336	0.03873948
642000	-1558.663	0	-1558.663	0.1781714
642500	-1559.771	0	-1559.771	0.06162638
643000	-1548.15	0	-1548.15	-0.1278099
643500	-1531.781	0	-1531.781	-0.2131113
644000	-1501.372	0	-1501.372	-0.06625392
644500	-1519.98	0	-1519.98	-0.2280827
645000	-1522.014	0	-1522.014	-0.2303128
645500	-1521.48	0	-1521.48	-0.07699697
646000	-1515.534	0	-1515.534	-0.1099646
646500	-1534.742	0	-1534.742	-0.3027091
647000	-1491.356	0	-1491.356	-0.2459618
647500	-1423.277	0	-1423.277	-0.2197162
648000	-1537.112	0	-1537.112	-0.3166814
648500	-1555.47	0	-1555.47	-0.262255
649000	-1485.153	0	-1485.153	-0.2460503
649500	-1573.877	0	-1573.877	-0.520587
650000	-1596.676	0	-1596.676	-0.4151169
650500	-1590.284	0	-1590.284	-0.5246887
651000	-1484.146	0	-1484.146	-0.4266235
651500	-1530.079	0	-1530.079	-0.1554027
652000	-1610.398	0	-1610.398	-0.2282041
652500	-1410.758	0	-1410.758	-0.1995865
653000	-1454.813	0	-1454.813	-0.2270339
653500	-1446.592	0	-1446.592	-0.1009855
654000	-1548.768	0	-1548.768	-0.2121036
654500	-1492.283	0	-1492.283	-0.2978143
655000	-1472.595	0	-1472.595	-0.1837333
655500	-1501.118	0	-1501.118	-0.1729288
656000	-1510.073	0	-1510.073	-0.2617982
656500	-1423.806	0	-1423.806	-0.05557448
657000	-1406.388	0	-1406.388	-0.08074262
657500	-1443.212	0	-1443.212	-0.1291556
658000	-1488.312	0	-1488.312	0.06429141
658500	-1559.555	0	-1559.555	0.1353661
659000	-1419.638	0	-1419.638	-0.09361451
659500	-1407.063	0	-1407.063	-0.1904724
660000	-1511.625	0	-1511.625	-0.09964393
660500	-1498.076	0	-1498.076	-0.3368267
661000	-1517.21	0	-1517.21	-0.3109765
661500	-1532.247	0	-1532.247	-0.3418425
662000	-1534.643	0	-1534.643	-0.1089494
662500	-1516.377	0	-1516.377	-0.2211869
663000	-1501.969	0	-1501.969	-0.3174025
663500	-1589.538	0	-1589.538	-0.3622639
664000	-1570.111	0	-1570.111	-0.4326916
664500	-1527.957	0	-1527.957	-0.2748665
665000	-1585.798	0	-1585.798	-0.224978
665500	-1525.06	0	-1525.06	-0.1525618
666000	-1526.755	0	-1526.755	-0.3125676
666500	-1522.914	0	-1522.914	-0.4167252
667000	-1542.449	0	-1542.449	-0.3077617
667500	-1587.292	0	-1587.292	-0.2912266
668000	-1529.871	0	-1529.871	-0.3743626
668500	-1532.284	0	-1532.284	-0.2707169
669000	-1581.841	0	-1581.841	-0.3276702
669500	-1484.22	0	-1484.22	-0.4771509
670000	-1519.449	0	-1519.449	-0.4497698
670500	-1534.283	0	-1534.283	-0.4964791
671000	-1565.79	0	-1565.79	-0.2585617
671500	-1527.618	0	-1527.618	-0.311187
672000	-1494.801	0	-1494.801	-0.3908886
672500	-1518.608	0	-1518.608	-0.2703087
673000	-1544.445	0	-1544.445	-0.2730587
673500	-1563.552	0	-1563.552	-0.4637336
674000	-1557.663	0	-1557.663	-0.4453958
674500	-1445.645	0	-1445.645	-0.5812896
675000	-1466.349	0	-1466.349	-0.4900874
675500	-1469.117	0	-1469.117	-0.3287299
676000	-1482.837	0	-1482.837	-0.05329044
676500	-1522.697	0	-1522.697	-0.1331758
677000	-1586.971	0	-1586.971	0.09176405
677500	-1567.014	0	-1567.014	-0.02520368
678000	-1504.865	0	-1504.865	-0.1683691
678500	-1566.487	0	-1566.487	-0.128498
679000	-1555.47	0	-1555.47	-0.2497358
679500	-1594.971	0	-1594.971	-0.2571158
680000	-1634.672	0	-1634.672	0.07588986
680500	-1555.33	0	-1555.33	-0.07824029
681000	-1622.358	0	-1622.358	0.08307382
681500	-1630.517	0	-1630.517	-0.1776589
682000	-1584.694	0	-1584.694	-0.3776943
682500	-1494.398	0	-1494.398	-0.2403452
683000	-1605.918	0	-1605.918	-0.1295982
683500	-1602.151	0	-1602.151	-0.1296645
684000	-1520.371	0	-1520.371	-0.20477
684500	-1568.18	0	-1568.18	-0.3432859
685000	-1618.84	0	-1618.84	-0.3134612
685500	-1539.041	0	-1539.041	-0.2309266
686000	-1456.827	0	-1456.827	-0.5502477
686500	-1500.003	0	-1500.003	-0.5523658
687000	-1536.113	0	-1536.113	-0.4953852
687500	-1509.596	0	-1509.596	-0.6106359
688000	-1535.984	0	-1535.984	-0.4710125
688500	-1554.072	0	-1554.072	-0.5573203
689000	-1466.368	0	-1466.368	-0.5146356
689500	-1452.926	0	-1452.926	-0.5594292
690000	-1512.059	0	-1512.059	-0.4952144
690500	-1522.936	0	-1522.936	-0.3626862
691000	-1556.125	0	-1556.125	-0.38456
691500	-1555.177	0	-1555.177	-0.3774051
692000	-1547.754	0	-1547.754	-0.3386763
692500	-1526.108	0	-1526.108	-0.5164224
693000	-1492.619	0	-1492.619	-0.3180597
693500	-1484.645	0	-1484.645	-0.2892904
694000	-1399.793	0	-1399.793	-0.1467941
694500	-1407.597	0	-1407.597	-0.05778358
695000	-1441.382	0	-1441.382	-0.1204456
695500	-1460.336	0	-1460.336	-0.1430573
696000	-1440.824	0	-1440.824	-0.06049483
696500	-1458.752	0	-1458.752	-0.1638696
697000	-1555.072	0	-1555.072	-0.4006995
697500	-1598.295	0	-1598.295	-0.4114414
698000	-1577.018	0	-1577.018	-0.2508965
698500	-1583.137	0	-1583.137	-0.3589647
699000	-1536.911	0	-1536.911	-0.3533332
699500	-1498.221	0	-1498.221	-0.450741
700000	-1535.32	0	-1535.32	-0.2915685
700500	-1536.155	0	-1536.155	-0.2789969
701000	-1542.9	0	-1542.9	-0.4153071
701500	-1499.611	0	-1499.611	-0.2439519
702000	-1513.401	0	-1513.401	-0.02712267
702500	-1589.498	0	-1589.498	0.01382534
703000	-1524.612	0	-1524.612	-0.07862846
703500	-1546.146	0	-1546.146	-0.1520772
704000	-1529.057	0	-1529.057	-0.3471434
704500	-1541.764	0	-1541.764	-0.0936346
705000	-1547.383	0	-1547.383	-0.2509633
705500	-1555.57	0	-1555.57	-0.1161549
706000	-1439.329	0	-1439.329	-0.1629214
706500	-1573.765	0	-1573.765	-0.052105
707000	-1505.845	0	-1505.845	0.02445127
707500	-1493.592	0	-1493.592	-0.1464526
708000	-1453.772	0	-1453.772	-0.2766312
708500	-1560.032	0	-1560.032	-0.1912848
709000	-1571.903	0	-1571.903	-0.0982255
709500	-1551.638	0	-1551.638	-0.1356948
710000	-1587.173	0	-1587.173	-0.02238656
710500	-1502.496	0	-1502.496	-0.2459586
711000	-1551.459	0	-1551.459	-0.152911
711500	-1477.763	0	-1477.763	0.03729399
712000	-1518.62	0	-1518.62	0.0207055
712500	-1496.812	0	-1496.812	0.08429221
713000	-1504.133	0	-1504.133	0.1999998
713500	-1452.974	0	-1452.974	0.1189978
714000	-1498.451	0	-1498.451	-0.07463384
714500	-1481.711	0	-1481.711	-0.1147461
715000	-1484.227	0	-1484.227	-0.1847744
715500	-1470.737	0	-1470.737	-0.2388214
716000	-1469.077	0	-1469.077	-0.1468979
716500	-1394.628	0	-1394.628	-0.2934533
717000	-1480.491	0	-1480.491	-0.04103174
717500	-1508.965	0	-1508.965	0.2437385
718000	-1470.287	0	-1470.287	-0.008697274
718500	-1493.044	0	-1493.044	0.1094214
719000	-1524.506	0	-1524.506	-0.02783121
719500	-1434.028	0	-1434.028	-0.001869057
720000	-1473.06	0	-1473.06	-0.02614851
720500	-1478.158	0	-1478.158	-0.08568695
721000	-1536.526	0	-1536.526	-0.1727245
721500	-1478.025	0	-1478.025	0.02897483
722000	-1374.781	0	-1374.781	0.1231502
722500	-1378.912	0	-1378.912	0.01462047
723000	-1454.238	0	-1454.238	-0.1622991
723500	-1462.146	0	-1462.146	-0.291369
724000	-1518.727	0	-1518.727	-0.1060872
724500	-1549.893	0	-1549.893	0.1036522
725000	-1521.884	0	-1521.884	-0.07427446
725500	-1521.782	0	-1521.782	-0.08639504
726000	-1511.474	0	-1511.474	-0.002712653
726500	-1488.694	0	-1488.694	-0.101261
727000	-1465.822	0	-1465.822	-0.003381167
727500	-1474.178	0	-1474.178	-0.05280087
728000	-1473.78	0	-1473.78	0.2146227
728500	-1540.964	0	-1540.964	0.0925314
729000	-1459.057	0	-1459.057	-0.0554882
729500	-1474.337	0	-1474.337	-0.0109543
730000	-1511.204	0	-1511.204	-0.08686279
730500	-1517.737	0	-1517.737	-0.04732892
731000	-1495.386	0	-1495.386	-0.08626334
731500	-1448.974	0	-1448.974	-0.3369903
732000	-1477.207	0	-1477.207	-0.421494
732500	-1560.885	0	-1560.885	-0.333776
733000	-1509.212	0	-1509.212	-0.1989392
733500	-1476.568	0	-1476.568	-0.154542
734000	-1456.751	0	-1456.751	-0.06030577
734500	-1470.714	0	-1470.714	-0.07943629
735000	-1492.021	0	-1492.021	-0.1485516
735500	-1503.333	0	-1503.333	-0.3738359
736000	-1567.326	0	-1567.326	-0.1075712
736500	-1457.067	0	-1457.067	-0.2560723
737000	-1501.573	0	-1501.573	-0.1332899
737500	-1533.394	0	-1533.394	-0.3270143
738000	-1453.14	0	-1453.14	-0.4285493
738500	-1446.718	0	-1446.718	-0.4820298
739000	-1409.019	0	-1409.019	-0.4463992
739500	-1502.624	0	-1502.624	-0.1994463
740000	-1511.416	0	-1511.416	-0.1898771
740500	-1471.269	0	-1471.269	-0.03639313
741000	-1535.001	0	-1535.001	-0.09559283
741500	-1552.657	0	-1552.657	-0.07880572
742000	-1561.582	0	-1561.582	0.01084511
742500	-1470.514	0	-1470.514	0.1887103
743000	-1630.011	0	-1630.011	0.1578319
743500	-1589.88	0	-1589.88	0.01982878
744000	-1540.64	0	-1540.64	0.001258109
744500	-1475.861	0	-1475.861	0.004022528
745000	-1539.955	0	-1539.955	0.04152068
745500	-1535.356	0	-1535.356	0.1528699
746000	-1461.127	0	-1461.127	-0.1511339
746500	-1528.337	0	-1528.337	-0.006642629
747000	-1550.044	0	-1550.044	-0.1924853
747500	-1518.387	0	-1518.387	-0.08537049
748000	-1488.08	0	-1488.08	-0.3010385
748500	-1491.623	0	-1491.623	-0.2562471
749000	-1506.044	0	-1506.044	0.06300557
749500	-1554.274	0	-1554.274	-0.09461556
750000	-1485.665	0	-1485.665	-0.2483888
750500	-1596.536	0	-1596.536	-0.1236654
751000	-1496.843	0	-1496.843	-0.2807151
751500	-1513.25	0	-1513.25	-0.0484799
752000	-1514.478	0	-1514.478	-0.2607287
752500	-1612.863	0	-1612.863	-0.2337132
753000	-1605.156	0	-1605.156	-0.3016872
753500	-1506.181	0	-1506.181	-0.2380736
754000	-1576.465	0	-1576.465	-0.1201728
754500	-1549.736	0	-1549.736	0.0419155
755000	-1568.387	0	-1568.387	0.1324545
755500	-1543.635	0	-1543.635	-0.05684249
756000	-1541.571	0	-1541.571	-0.006080272
756500	-1593.426	0	-1593.426	-0.2656541
757000	-1584.795	0	-1584.795	-0.1679717
757500	-1562.919	0	-1562.919	-0.3061502
758000	-1618.52	0	-1618.52	-0.2887636
758500	-1497.992	0	-1497.992	-0.2423982
759000	-1495.896	0	-1495.896	-0.354368
759500	-1490.058	0	-1490.058	-0.1857407
760000	-1432.058	0	-1432.058	-0.112698
760500	-1424.719	0	-1424.719	-0.1275092
761000	-1341.233	0	-1341.233	-0.1815552
761500	-1451.653	0	-1451.653	-0.1586325
762000	-1437.776	0	-1437.776	-0.1244914
762500	-1458.094	0	-1458.094	-0.1632775
763000	-1423.722	0	-1423.722	-0.2632749
763500	-1449.665	0	-1449.665	-0.3508242
764000	-1511.283	0	-1511.283	-0.1411657
764500	-1492.575	0	-1492.575	0.007226122
765000	-1460.948	0	-1460.948	-0.07552883
765500	-1425.364	0	-1425.364	-0.0978663
766000	-1472.583	0	-1472.583	-0.0890081
766500	-1422.739	0	-1422.739	-0.2156252
767000	-1504.127	0	-1504.127	-0.2318303
767500	-1476.469	0	-1476.469	-0.272556
768000	-1392.685	0	-1392.685	-0.2850559
768500	-1444.253	0	-1444.253	-0.4274237
769000	-1410.087	0	-1410.087	-0.3954218
769500	-1429.035	0	-1429.035	-0.3871967
770000	-1436.696	0	-1436.696	-0.4130177
770500	-1448.511	0	-1448.511	-0.3098922
771000	-1452.822	0	-1452.822	-0.1815527
771500	-1536.941	0	-1536.941	-0.03129904
772000	-1550.209	0	-1550.209	0.1380099
772500	-1606.775	0	-1606.775	-0.1422208
773000	-1617.501	0	-1617.501	0.09670626
773500	-1518.567	0	-1518.567	-0.2937341
774000	-1512.297	0	-1512.297	-0.3209361
774500	-1566.107	0	-1566.107	-0.1829104
775000	-1526.846	0	-1526.846	-0.4114162
775500	-1575.17	0	-1575.17	-0.06125652
776000	-1607.918	0	-1607.918	-0.1088432
776500	-1484.054	0	-1484.054	-0.1224097
777000	-1511.332	0	-1511.332	-0.1334458
777500	-1572.346	0	-1572.346	-0.1851924
778000	-1550.254	0	-1550.254	-0.353063
778500	-1462.132	0	-1462.132	-0.2766683
779000	-1454.942	0	-1454.942	-0.2866485
779500	-1493.795	0	-1493.795	-0.2164934
780000	-1498.053	0	-1498.053	-0.1488158
780500	-1399.339	0	-1399.339	-0.1530957
781000	-1442.376	0	-1442.376	-0.1814598
781500	-1505.193	0	-1505.193	-0.1305141
782000	-1444.008	0	-1444.008	-0.1718781
782500	-1428.436	0	-1428.436	-0.4542794
783000	-1395.969	0	-1395.969	-0.4121197
783500	-1475.151	0	-1475.151	-0.2491174
784000	-1527.643	0	-1527.643	-0.1207094
784500	-1600.454	0	-1600.454	-0.08962699
785000	-1614.741	0	-1614.741	-0.1303903
785500	-1607.067	0	-1607.067	-0.1009247
786000	-1583.451	0	-1583.451	-0.2699502
786500	-1648.041	0	-1648.041	-0.1842057
787000	-1504.078	0	-1504.078	-0.3954921
787500	-1575.401	0	-1575.401	-0.3797422
788000	-1606.872	0	-1606.872	-0.1174941
788500	-1566.95	0	-1566.95	-0.3198062
789000	-1603.809	0	-1603.809	-0.2470864
789500	-1516.052	0	-1516.052	-0.05527275
790000	-1497.862	0	-1497.862	-0.2044057
790500	-1511.773	0	-1511.773	-0.3526647
791000	-1503.459	0	-1503.459	-0.2202655
791500	-1548.463	0	-1548.463	-0.3111224
792000	-1416.769	0	-1416.769	-0.3330424
792500	-1360.305	0	-1360.305	-0.3490502
793000	-1379.318	0	-1379.318	-0.3696214
793500	-1435.996	0	-1435.996	-0.3455076
794000	-1449	0	-1449	-0.2617074
794500	-1522.43	0	-1522.43	-0.4081733
795000	-1381.257	0	-1381.257	-0.3086426
795500	-1475.402	0	-1475.402	-0.4835231
796000	-1418.365	0	-1418.365	-0.5343992
796500	-1409.955	0	-1409.955	-0.5350796
797000	-1476.948	0	-1476.948	-0.5465639
797500	-1414.377	0	-1414.377	-0.494974
798000	-1354.775	0	-1354.775	-0.41949
798500	-1252.945	0	-1252.945	-0.3256683
799000	-1402.237	0	-1402.237	-0.3741034
799500	-1368.796	0	-1368.796	-0.2233289
800000	-1447.14	0	-1447.14	-0.3058253
800500	-1409.536	0	-1409.536	-0.4340696
801000	-1408.456	0	-1408.456	-0.262613
801500	-1459.04	0	-1459.04	-0.2061903
802000	-1414.063	0	-1414.063	-0.2514998
802500	-1365.327	0	-1365.327	-0.1014252
803000	-1473.505	0	-1473.505	-0.06281227
803500	-1420.663	0	-1420.663	0.09550657
804000	-1342.506	0	-1342.506	0.1163755
804500	-1417.64	0	-1417.64	-0.1256222
805000	-1384.809	0	-1384.809	-0.2165712
805500	-1355.442	0	-1355.442	0.002111022
806000	-1333.625	0	-1333.625	-0.1449685
806500	-1417.543	0	-1417.543	-0.2921788
807000	-1440.228	0	-1440.228	-0.3142964
807500	-1437.039	0	-1437.039	-0.2277229
808000	-1492.205	0	-1492.205	-0.08226841
808500	-1476.931	0	-1476.931	-0.1458812
809000	-1480.682	0	-1480.682	-0.1833692
809500	-1367.28	0	-1367.28	0.02770662
810000	-1510.718	0	-1510.718	0.01646101
810500	-1473.969	0	-1473.969	-0.05452777
811000	-1401.765	0	-1401.765	-0.134645
811500	-1407.002	0	-1407.002	0.01841152
812000	-1396.109	0	-1396.109	-0.06197874
812500	-1410.659	0	-1410.659	0.0118182
813000	-1406.23	0	-1406.23	-0.1021811
813500	-1435.262	0	-1435.262	0.02766334
814000	-1430.739	0	-1430.739	-0.1639362
814500	-1460.156	0	-1460.156	0.006347622
815000	-1395.904	0	-1395.904	-0.004836938
815500	-1430.807	0	-1430.807	-0.07135833
816000	-1329.914	0	-1329.914	-0.06420572
816500	-1478.243	0	-1478.243	-0.05082959
817000	-1373.369	0	-1373.369	-0.1209203
817500	-1450.081	0	-1450.081	-0.1146436
818000	-1374.513	0	-1374.513	-0.2004522
818500	-1364.049	0	-1364.049	-0.385835
819000	-1373.548	0	-1373.548	-0.328279
819500	-1254.432	0	-1254.432	-0.2145065
820000	-1325.551	0	-1325.551	-0.2189967
820500	-1347.289	0	-1347.289	-0.2657948
821000	-1440.719	0	-1440.719	-0.1679916
821500	-1474.693	0	-1474.693	-0.3225867
822000	-1349.957	0	-1349.957	-0.2142864
822500	-1332.039	0	-1332.039	-0.1327976
823000	-1363.983	0	-1363.983	-0.08241476
823500	-1253.459	0	-1253.459	-0.09316165
824000	-1317.302	0	-1317.302	-0.02034648
824500	-1377.572	0	-1377.572	-0.05200518
825000	-1419.013	0	-1419.013	-0.1244909
825500	-1402.803	0	-1402.803	-0.08018117
826000	-1420.921	0	-1420.921	-0.1542278
826500	-1344.923	0	-1344.923	-0.09260297
827000	-1448.329	0	-1448.329	0.003312051
827500	-1373.914	0	-1373.914	-0.02770132
828000	-1382.617	0	-1382.617	0.04137862
828500	-1369.185	0	-1369.185	0.02681322
829000	-1450.321	0	-1450.321	-0.08228929
829500	-1457.201	0	-1457.201	-0.03671702
830000	-1404.149	0	-1404.149	-0.06793002
830500	-1502.437	0	-1502.437	0.060743
831000	-1456.453	0	-1456.453	0.005483323
831500	-1421.011	0	-1421.011	-0.07561442
832000	-1477.876	0	-1477.876	-0.2154988
832500	-1529.602	0	-1529.602	-0.1173062
833000	-1560.994	0	-1560.994	-0.2321697
833500	-1431.695	0	-1431.695	-0.2444892
834000	-1525.438	0	-1525.438	-0.2213152
834500	-1423.172	0	-1423.172	-0.08766795
835000	-1500.334	0	-1500.334	-0.0415612
835500	-1495.684	0	-1495.684	0.06888259
836000	-1428.865	0	-1428.865	-0.00613978
836500	-1519.298	0	-1519.298	-0.08986882
837000	-1524.471	0	-1524.471	-0.100828
837500	-1523.509	0	-1523.509	-0.1267296
838000	-1554.668	0	-1554.668	0.05601321
838500	-1575.014	0	-1575.014	-0.1109239
839000	-1578.307	0	-1578.307	-0.03606668
839500	-1483.146	0	-1483.146	0.03048484
840000	-1446.601	0	-1446.601	-0.006966104
840500	-1479.978	0	-1479.978	-0.01870021
841000	-1570.254	0	-1570.254	-0.01362521
841500	-1531.658	0	-1531.658	-0.0221797
842000	-1605.188	0	-1605.188	-0.1253568
842500	-1535.74	0	-1535.74	-0.1175533
843000	-1437.987	0	-1437.987	-0.1174991
843500	-1475.847	0	-1475.847	-0.1726177
844000	-1438.191	0	-1438.191	-0.1060981
844500	-1504.419	0	-1504.419	-0.08945343
845000	-1507.574	0	-1507.574	-0.07407518
845500	-1509.913	0	-1509.913	-0.2653272
846000	-1532.973	0	-1532.973	-0.3798967
846500	-1474.523	0	-1474.523	-0.252895
847000	-1497.223	0	-1497.223	-0.06141387
847500	-1446.964	0	-1446.964	-0.009427762
848000	-1447.362	0	-1447.362	-0.04850933
848500	-1476.254	0	-1476.254	-0.02958079
849000	-1482.172	0	-1482.172	0.04342056
849500	-1545	0	-1545	-0.01838209
850000	-1502.691	0	-1502.691	-0.07392824
850500	-1504.775	0	-1504.775	-0.1339374
851000	-1363.455	0	-1363.455	-0.2253788
851500	-1421.081	0	-1421.081	-0.1259474
852000	-1425.238	0	-1425.238	-0.2444695
852500	-1512.285	0	-1512.285	-0.1690087
853000	-1488.375	0	-1488.375	-0.114821
853500	-1434.761	0	-1434.761	-0.1213948
854000	-1525.086	0	-1525.086	0.004121882
854500	-1480.398	0	-1480.398	-0.2316605
855000	-1487.986	0	-1487.986	-0.1541511
855500	-1488.119	0	-1488.119	-0.02060621
856000	-1504.88	0	-1504.88	-0.3779069
856500	-1509.772	0	-1509.772	-0.3450895
857000	-1491.336	0	-1491.336	-0.1661869
857500	-1460.694	0	-1460.694	-0.2862595
858000	-1448.702	0	-1448.702	-0.07387499
858500	-1426.603	0	-1426.603	-0.1117186
859000	-1401.333	0	-1401.333	0.01351611
859500	-1445.15	0	-1445.15	0.1474699
860000	-1433.776	0	-1433.776	-0.0331603
860500	-1460.189	0	-1460.189	-0.01654524
861000	-1523.777	0	-1523.777	-0.2190268
861500	-1542.048	0	-1542.048	-0.2686566
862000	-1446.638	0	-1446.638	-0.2786036
862500	-1495.492	0	-1495.492	-0.1660243
863000	-1477.361	0	-1477.361	-0.2985435
863500	-1477.599	0	-1477.599	-0.2665958
864000	-1442.976	0	-1442.976	-0.1248762
864500	-1454.944	0	-1454.944	-0.2334593
865000	-1477.351	0	-1477.351	-0.2170251
865500	-1484.426	0	-1484.426	0.06859958
866000	-1459.231	0	-1459.231	-0.01336805
866500	-1447.143	0	-1447.143	-0.006758594
867000	-1549.26	0	-1549.26	-0.05355978
867500	-1454.458	0	-1454.458	-0.1701416
868000	-1494.901	0	-1494.901	-0.3145926
868500	-1499.07	0	-1499.07	-0.2920166
869000	-1389.091	0	-1389.091	-0.08558495
869500	-1453.658	0	-1453.658	-0.3173816
870000	-1390.97	0	-1390.97	-0.1913997
870500	-1420.202	0	-1420.202	-0.224053
871000	-1420.148	0	-1420.148	-0.4409402
871500	-1379.316	0	-1379.316	-0.08815348
872000	-1351.87	0	-1351.87	-0.02499242
872500	-1348.787	0	-1348.787	-0.06720421
873000	-1300.445	0	-1300.445	-0.1229766
873500	-1409.349	0	-1409.349	-0.04817563
874000	-1393.263	0	-1393.263	-0.1303154
874500	-1419.244	0	-1419.244	-0.1367776
875000	-1466.088	0	-1466.088	0.05513288
875500	-1479.215	0	-1479.215	-0.1630231
876000	-1552.33	0	-1552.33	-0.09130484
876500	-1482.328	0	-1482.328	-0.1428853
877000	-1486.783	0	-1486.783	-0.06903168
877500	-1459.76	0	-1459.76	-0.2434826
878000	-1416.526	0	-1416.526	-0.1637203
878500	-1453.32	0	-1453.32	-0.1127077
879000	-1516.689	0	-1516.689	-0.1099714
879500	-1543.829	0	-1543.829	-0.01709593
880000	-1578.049	0	-1578.049	-0.2346941
880500	-1527.912	0	-1527.912	-0.2203113
881000	-1484.526	0	-1484.526	-0.4172511
881500	-1458.662	0	-1458.662	-0.1255136
882000	-1419.387	0	-1419.387	-0.1866385
882500	-1445.969	0	-1445.969	-0.2896769
883000	-1494.28	0	-1494.28	-0.1249089
883500	-1465.074	0	-1465.074	-0.2863191
884000	-1461.887	0	-1461.887	-0.07333706
884500	-1295.244	0	-1295.244	-0.1011169
885000	-1282.438	0	-1282.438	-0.08727654
885500	-1357.874	0	-1357.874	-0.1144673
886000	-1340.228	0	-1340.228	-0.0881655
886500	-1474.239	0	-1474.239	-0.2309156
887000	-1475.786	0	-1475.786	-0.2271765
887500	-1477.197	0	-1477.197	-0.2537308
888000	-1449.202	0	-1449.202	-0.1903229
888500	-1488.248	0	-1488.248	-0.1926511
889000	-1558.145	0	-1558.145	-0.2106783
889500	-1468.949	0	-1468.949	-0.07270855
890000	-1391.856	0	-1391.856	-0.09824668
890500	-1432.931	0	-1432.931	-0.08846891
891000	-1358.4	0	-1358.4	-0.05015353
891500	-1298.287	0	-1298.287	-0.07236462
892000	-1387.898	0	-1387.898	0.001407563
892500	-1337.564	0	-1337.564	-0.04035685
893000	-1342.458	0	-1342.458	-0.06626316
893500	-1327.781	0	-1327.781	-0.1169034
894000	-1316.152	0	-1316.152	-0.1071271
894500	-1265.055	0	-1265.055	-0.1689757
895000	-1249.554	0	-1249.554	-0.1812573
895500	-1191.111	0	-1191.111	-0.1815161
896000	-1294.208	0	-1294.208	-0.1878694
896500	-1330.868	0	-1330.868	-0.2152844
897000	-1289.545	0	-1289.545	-0.2444049
897500	-1342.406	0	-1342.406	-0.1451601
898000	-1396.93	0	-1396.93	-0.1629676
898500	-1445.483	0	-1445.483	-0.2331655
899000	-1454.388	0	-1454.388	-0.1845357
899500	-1527.569	0	-1527.569	-0.3547109
900000	-1447.081	0	-1447.081	-0.297262
900500	-1443.736	0	-1443.736	-0.2534566
901000	-1465.166	0	-1465.166	-0.164467
901500	-1394.315	0	-1394.315	-0.2006199
902000	-1295.902	0	-1295.902	-0.3149627
902500	-1359.285	0	-1359.285	-0.3690747
903000	-1391.362	0	-1391.362	-0.3072899
903500	-1392.099	0	-1392.099	-0.3662065
904000	-1449.984	0	-1449.984	-0.3657987
904500	-1468.69	0	-1468.69	-0.334575
905000	-1453.969	0	-1453.969	-0.2697195
905500	-1445.355	0	-1445.355	-0.3233035
906000	-1366.688	0	-1366.688	-0.3257191
906500	-1404.584	0	-1404.584	-0.2899214
907000	-1386.73	0	-1386.73	-0.2186963
907500	-1303.442	0	-1303.442	-0.07364309
908000	-1306.587	0	-1306.587	-0.1329075
908500	-1407.588	0	-1407.588	-0.1669249
909000	-1383.277	0	-1383.277	-0.276601
909500	-1344.936	0	-1344.936	-0.1633323
910000	-1383.012	0	-1383.012	-0.2806803
910500	-1484.793	0	-1484.793	-0.1917363
911000	-1502.846	0	-1502.846	-0.1869633
911500	-1454.658	0	-1454.658	-0.4153006
912000	-1530.276	0	-1530.276	-0.00608368
912500	-1446.665	0	-1446.665	-0.3122189
913000	-1467.63	0	-1467.63	-0.5094059
913500	-1371.7	0	-1371.7	-0.4659125
914000	-1326.583	0	-1326.583	-0.4625479
914500	-1238.941	0	-1238.941	-0.4868826
915000	-1261.204	0	-1261.204	-0.4439967
915500	-1252.747	0	-1252.747	-0.4062301
916000	-1150.396	0	-1150.396	-0.4809228
916500	-1169.593	0	-1169.593	-0.4672282
917000	-1211.182	0	-1211.182	-0.4703782
917500	-1238.497	0	-1238.497	-0.4387402
918000	-1197.508	0	-1197.508	-0.4217535
918500	-1273.674	0	-1273.674	-0.4228304
919000	-1357.519	0	-1357.519	-0.332276
919500	-1324.294	0	-1324.294	-0.3029314
920000	-1351.645	0	-1351.645	-0.2081683
920500	-1343.447	0	-1343.447	-0.1856978
921000	-1435.018	0	-1435.018	-0.2498853
921500	-1477.631	0	-1477.631	-0.2691782
922000	-1434.341	0	-1434.341	-0.08788336
922500	-1427.994	0	-1427.994	0.03027817
923000	-1484.856	0	-1484.856	-0.2268789
923500	-1392.655	0	-1392.655	-0.1939736
924000	-1450.279	0	-1450.279	-0.08196228
924500	-1482.096	0	-1482.096	-0.2087835
925000	-1424.104	0	-1424.104	-0.1349776
925500	-1486.723	0	-1486.723	-0.1162914
926000	-1543.008	0	-1543.008	-0.1158748
926500	-1422.966	0	-1422.966	-0.1528854
927000	-1429.245	0	-1429.245	-0.1505413
927500	-1490.559	0	-1490.559	-0.2017051
928000	-1512.092	0	-1512.092	-0.2485599
928500	-1511.032	0	-1511.032	-0.3597325
929000	-1516.588	0	-1516.588	-0.2783984
929500	-1430.774	0	-1430.774	-0.2816779
930000	-1424.629	0	-1424.629	-0.2033728
930500	-1335.512	0	-1335.512	-0.1611007
931000	-1344.47	0	-1344.47	-0.1286446
931500	-1326.32	0	-1326.32	-0.05288837
932000	-1436.008	0	-1436.008	-0.004079831
932500	-1515.219	0	-1515.219	-0.0713785
933000	-1333.369	0	-1333.369	-0.1444489
933500	-1399.498	0	-1399.498	-0.09907992
934000	-1427.797	0	-1427.797	-0.04026867
934500	-1386.237	0	-1386.237	0.1351211
935000	-1359.359	0	-1359.359	0.007098752
935500	-1372.666	0	-1372.666	0.08157725
936000	-1490.871	0	-1490.871	-0.05785163
936500	-1490.531	0	-1490.531	-0.1397393
937000	-1407.916	0	-1407.916	-0.07256637
937500	-1459.647	0	-1459.647	-0.04057841
938000	-1511.918	0	-1511.918	-0.3242087
938500	-1468.253	0	-1468.253	-0.2705669
939000	-1502.145	0	-1502.145	-0.07672754
939500	-1474.415	0	-1474.415	0.08007196
940000	-1365.194	0	-1365.194	-0.1398296
940500	-1394.639	0	-1394.639	-0.1769377
941000	-1412.399	0	-1412.399	-0.1715723
941500	-1396.778	0	-1396.778	-0.1915151
942000	-1425.787	0	-1425.787	-0.04205382
942500	-1420.506	0	-1420.506	0.05884208
943000	-1428.267	0	-1428.267	0.05122407
943500	-1430.94	0	-1430.94	0.1567714
944000	-1512.073	0	-1512.073	-0.01904201
944500	-1501.484	0	-1501.484	-0.0179802
945000	-1560.594	0	-1560.594	-0.04716184
945500	-1506.861	0	-1506.861	-0.07450023
946000	-1479.475	0	-1479.475	-0.1375261
946500	-1533.945	0	-1533.945	-0.1624167
947000	-1619.605	0	-1619.605	0.01657723
947500	-1554.746	0	-1554.746	0.1291314
948000	-1540.254	0	-1540.254	0.2485478
948500	-1528.236	0	-1528.236	0.05371393
949000	-1571.78	0	-1571.78	-0.02102993
949500	-1533.049	0	-1533.049	0.2029707
950000	-1490.898	0	-1490.898	0.03463873
950500	-1471.799	0	-1471.799	0.0526674
951000	-1455.953	0	-1455.953	0.1201391
951500	-1469.477	0	-1469.477	0.1593972
952000	-1454.864	0	-1454.864	0.3493832
952500	-1498.949	0	-1498.949	0.0521491
953000	-1465.465	0	-1465.465	0.1569568
953500	-1547.217	0	-1547.217	0.08160677
954000	-1424.187	0	-1424.187	-0.06980983
954500	-1426.99	0	-1426.99	0.07725955
955000	-1495.256	0	-1495.256	0.08604763
955500	-1457.091	0	-1457.091	-0.07262027
956000	-1365.629	0	-1365.629	0.1091285
956500	-1450.391	0	-1450.391	0.1367115
957000	-1421.892	0	-1421.892	0.2297164
957500	-1425.041	0	-1425.041	0.006065098
958000	-1406.684	0	-1406.684	-0.05121058
958500	-1449.352	0	-1449.352	-0.01023943
959000	-1528.469	0	-1528.469	0.04404992
959500	-1424.434	0	-1424.434	-0.0687207
960000	-1459.404	0	-1459.404	-0.02529348
960500	-1410.603	0	-1410.603	-0.007957893
961000	-1366.682	0	-1366.682	0.04758482
961500	-1335.392	0	-1335.392	-0.005832673
962000	-1293.114	0	-1293.114	0.0617133
962500	-1385.635	0	-1385.635	0.06754735
963000	-1513.927	0	-1513.927	-0.05460834
963500	-1438.865	0	-1438.865	0.07923647
964000	-1316.616	0	-1316.616	-0.006038594
964500	-1393.402	0	-1393.402	0.1091117
965000	-1422.836	0	-1422.836	0.04074454
965500	-1313.536	0	-1313.536	0.1332069
966000	-1434.496	0	-1434.496	0.1221323
966500	-1408.498	0	-1408.498	-0.04193908
967000	-1363.877	0	-1363.877	0.06107749
967500	-1314.911	0	-1314.911	0.1420326
968000	-1325.106	0	-1325.106	0.05431751
968500	-1335.201	0	-1335.201	0.1121384
969000	-1344.877	0	-1344.877	0.03704257
969500	-1388.669	0	-1388.669	0.05292882
970000	-1350.886	0	-1350.886	-0.08717359
970500	-1354.111	0	-1354.111	-0.09117919
971000	-1410.085	0	-1410.085	0.001569289
971500	-1415.19	0	-1415.19	0.06192571
972000	-1345.092	0	-1345.092	-0.1097445
972500	-1330.021	0	-1330.021	-0.1828768
973000	-1419.948	0	-1419.948	-0.2936211
973500	-1358.456	0	-1358.456	-0.4353405
974000	-1436.24	0	-1436.24	-0.488958
974500	-1439.031	0	-1439.031	-0.2468786
975000	-1404.247	0	-1404.247	-0.1833768
975500	-1395.676	0	-1395.676	-0.1805439
976000	-1464.439	0	-1464.439	-0.1535517
976500	-1431.819	0	-1431.819	-0.08522179
977000	-1465.979	0	-1465.979	-0.02814359
977500	-1485.515	0	-1485.515	-0.1408229
978000	-1501.78	0	-1501.78	-0.08707655
978500	-1468.769	0	-1468.769	-0.07006081
979000	-1389.851	0	-1389.851	-0.2171651
979500	-1495.145	0	-1495.145	-0.09366912
980000	-1447.669	0	-1447.669	-0.1753261
980500	-1444.251	0	-1444.251	-0.1829123
981000	-1419.503	0	-1419.503	0.1247911
981500	-1394.82	0	-1394.82	0.04003247
982000	-1347.071	0	-1347.071	0.1869584
982500	-1406.731	0	-1406.731	0.196427
983000	-1416.735	0	-1416.735	0.2366525
983500	-1443.863	0	-1443.863	0.07417973
984000	-1420.104	0	-1420.104	0.04719031
984500	-1461.773	0	-1461.773	-0.0595229
985000	-1408.668	0	-1408.668	-0.1610452
985500	-1405.599	0	-1405.599	-0.1177457
986000	-1392.332	0	-1392.332	-0.08903379
986500	-1335.232	0	-1335.232	-0.01097359
987000	-1427.734	0	-1427.734	-0.02680157
987500	-1488.2	0	-1488.2	0.06652236
988000	-1408.578	0	-1408.578	-0.1374463
988500	-1478.205	0	-1478.205	-0.231467
989000	-1458.314	0	-1458.314	-0.2400515
989500	-1473.325	0	-1473.325	-0.2625347
990000	-1462	0	-1462	-0.1906782
990500	-1429.52	0	-1429.52	-0.2593652
991000	-1422.553	0	-1422.553	-0.270979
991500	-1411.356	0	-1411.356	-0.2896324
992000	-1392.517	0	-1392.517	-0.08017179
992500	-1412.857	0	-1412.857	-0.06712444
993000	-1483.56	0	-1483.56	0.003736593
993500	-1500.102	0	-1500.102	0.02279335
994000	-1501.749	0	-1501.749	0.06074797
994500	-1499.762	0	-1499.762	-0.08523696
995000	-1419.769	0	-1419.769	-0.1134202
995500	-1287.448	0	-1287.448	-0.1242193
996000	-1409.366	0	-1409.366	-0.05552612
996500	-1422.411	0	-1422.411	-0.0197961
997000	-1455.027	0	-1455.027	-0.1043492
997500	-1455.477	0	-1455.477	-0.1432342
998000	-1294.547	0	-1294.547	-0.03686126
998500	-1248.618	0	-1248.618	-0.01185171
999000	-1426.226	0	-1426.226	-7.483154e-05
999500	-1330.854	0	-1330.854	0.02553594
1000000	-1348.04	0	-1348.04	0.003208206
