Iteration	Posterior	Likelihood	Prior	rho[3][4]
0	-8970.168	0	-8970.168	0.206886
500	-1808.775	0	-1808.775	0.4537586
1000	-1740.946	0	-1740.946	0.4478996
1500	-1643.105	0	-1643.105	0.4219833
2000	-1550.207	0	-1550.207	0.4851178
2500	-1546.959	0	-1546.959	0.3621978
3000	-1585.54	0	-1585.54	0.4577144
3500	-1556.264	0	-1556.264	0.4414866
4000	-1582.158	0	-1582.158	0.4170893
4500	-1564.021	0	-1564.021	0.4522275
5000	-1640.023	0	-1640.023	0.3859825
5500	-1632.329	0	-1632.329	0.3693132
6000	-1618.508	0	-1618.508	0.3246714
6500	-1578.183	0	-1578.183	0.4342974
7000	-1602.245	0	-1602.245	0.3439156
7500	-1639.756	0	-1639.756	0.3200991
8000	-1620.841	0	-1620.841	0.3041324
8500	-1576.081	0	-1576.081	0.3156677
9000	-1611.178	0	-1611.178	0.4481489
9500	-1630.709	0	-1630.709	0.491833
10000	-1602.402	0	-1602.402	0.4003642
10500	-1529.157	0	-1529.157	0.4584672
11000	-1546.89	0	-1546.89	0.5477486
11500	-1573.337	0	-1573.337	0.6349606
12000	-1514.767	0	-1514.767	0.6006485
12500	-1578.12	0	-1578.12	0.5607127
13000	-1599.135	0	-1599.135	0.5578941
13500	-1606.29	0	-1606.29	0.588653
14000	-1611.055	0	-1611.055	0.47485
14500	-1623.345	0	-1623.345	0.4893832
15000	-1646.889	0	-1646.889	0.5802377
15500	-1573.651	0	-1573.651	0.5389708
16000	-1518.827	0	-1518.827	0.6964638
16500	-1607.764	0	-1607.764	0.6360589
17000	-1596.119	0	-1596.119	0.582438
17500	-1588.254	0	-1588.254	0.7146952
18000	-1580.294	0	-1580.294	0.6438459
18500	-1621.172	0	-1621.172	0.6099896
19000	-1621.057	0	-1621.057	0.6720819
19500	-1604.094	0	-1604.094	0.5609301
20000	-1620.381	0	-1620.381	0.4726048
20500	-1675.906	0	-1675.906	0.4244414
21000	-1646.051	0	-1646.051	0.5716551
21500	-1554.761	0	-1554.761	0.5106174
22000	-1507.099	0	-1507.099	0.4717871
22500	-1546.96	0	-1546.96	0.4670164
23000	-1509.1	0	-1509.1	0.4779087
23500	-1464.259	0	-1464.259	0.6314913
24000	-1473.921	0	-1473.921	0.6368055
24500	-1491.183	0	-1491.183	0.6064388
25000	-1569.234	0	-1569.234	0.5287084
25500	-1533.928	0	-1533.928	0.4101049
26000	-1553.306	0	-1553.306	0.5238127
26500	-1576.887	0	-1576.887	0.6431639
27000	-1578.989	0	-1578.989	0.575008
27500	-1630.115	0	-1630.115	0.4737337
28000	-1607.41	0	-1607.41	0.5549093
28500	-1575.744	0	-1575.744	0.4346106
29000	-1580.833	0	-1580.833	0.4594586
29500	-1607.698	0	-1607.698	0.5772001
30000	-1583.456	0	-1583.456	0.3095106
30500	-1654.712	0	-1654.712	0.2273447
31000	-1568.805	0	-1568.805	0.6457775
31500	-1539.819	0	-1539.819	0.633833
32000	-1607.303	0	-1607.303	0.6329124
32500	-1517.301	0	-1517.301	0.6853104
33000	-1575.741	0	-1575.741	0.641188
33500	-1579.85	0	-1579.85	0.593954
34000	-1555.25	0	-1555.25	0.5350511
34500	-1513.215	0	-1513.215	0.5428083
35000	-1584.855	0	-1584.855	0.577667
35500	-1570.425	0	-1570.425	0.591322
36000	-1544.934	0	-1544.934	0.5086696
36500	-1482.396	0	-1482.396	0.6121754
37000	-1541.212	0	-1541.212	0.634413
37500	-1482.042	0	-1482.042	0.7157229
38000	-1514.111	0	-1514.111	0.597717
38500	-1562.595	0	-1562.595	0.6017922
39000	-1616.445	0	-1616.445	0.6200912
39500	-1622.335	0	-1622.335	0.6132272
40000	-1592.374	0	-1592.374	0.6519941
40500	-1502.145	0	-1502.145	0.5509155
41000	-1542.148	0	-1542.148	0.5553267
41500	-1524.316	0	-1524.316	0.4403765
42000	-1512.207	0	-1512.207	0.6065135
42500	-1515.692	0	-1515.692	0.6044578
43000	-1540.497	0	-1540.497	0.3524847
43500	-1566.263	0	-1566.263	0.491052
44000	-1546.54	0	-1546.54	0.7026992
44500	-1574.69	0	-1574.69	0.4469789
45000	-1495.015	0	-1495.015	0.692608
45500	-1512.429	0	-1512.429	0.674141
46000	-1540.762	0	-1540.762	0.6315749
46500	-1571.514	0	-1571.514	0.5767839
47000	-1502.568	0	-1502.568	0.6870331
47500	-1447.866	0	-1447.866	0.7152952
48000	-1473.477	0	-1473.477	0.7313554
48500	-1558.693	0	-1558.693	0.541208
49000	-1553.918	0	-1553.918	0.6693974
49500	-1530.289	0	-1530.289	0.7502804
50000	-1537.822	0	-1537.822	0.7608003
50500	-1521.551	0	-1521.551	0.7765148
51000	-1491.109	0	-1491.109	0.7698265
51500	-1485.021	0	-1485.021	0.5981762
52000	-1519.542	0	-1519.542	0.6677945
52500	-1554.136	0	-1554.136	0.6270744
53000	-1490.441	0	-1490.441	0.7516418
53500	-1538.845	0	-1538.845	0.7764265
54000	-1453.591	0	-1453.591	0.8369297
54500	-1557.397	0	-1557.397	0.6965609
55000	-1479.521	0	-1479.521	0.7393738
55500	-1401.674	0	-1401.674	0.7905729
56000	-1402.963	0	-1402.963	0.8011832
56500	-1424.778	0	-1424.778	0.7823517
57000	-1480.257	0	-1480.257	0.7243971
57500	-1464.244	0	-1464.244	0.776581
58000	-1543.866	0	-1543.866	0.7205374
58500	-1579.859	0	-1579.859	0.7557403
59000	-1554.101	0	-1554.101	0.6014702
59500	-1524.284	0	-1524.284	0.7117545
60000	-1481.882	0	-1481.882	0.6648762
60500	-1407.516	0	-1407.516	0.7841143
61000	-1397.823	0	-1397.823	0.8349101
61500	-1469.749	0	-1469.749	0.7897558
62000	-1425.324	0	-1425.324	0.779646
62500	-1429.248	0	-1429.248	0.810745
63000	-1543.044	0	-1543.044	0.6491261
63500	-1495.214	0	-1495.214	0.6654462
64000	-1534.853	0	-1534.853	0.6175899
64500	-1558.211	0	-1558.211	0.6778729
65000	-1511.209	0	-1511.209	0.6326035
65500	-1530.176	0	-1530.176	0.642546
66000	-1497.371	0	-1497.371	0.5915775
66500	-1517.893	0	-1517.893	0.6686131
67000	-1516.066	0	-1516.066	0.735441
67500	-1481.509	0	-1481.509	0.6926362
68000	-1531.174	0	-1531.174	0.7075509
68500	-1489.105	0	-1489.105	0.7959678
69000	-1543.978	0	-1543.978	0.6712901
69500	-1556.481	0	-1556.481	0.6049427
70000	-1516.631	0	-1516.631	0.6700502
70500	-1481.429	0	-1481.429	0.6012099
71000	-1567.784	0	-1567.784	0.5278164
71500	-1530.962	0	-1530.962	0.5076515
72000	-1471.09	0	-1471.09	0.7003279
72500	-1502.035	0	-1502.035	0.7024219
73000	-1556.133	0	-1556.133	0.522081
73500	-1582.246	0	-1582.246	0.6333185
74000	-1588.631	0	-1588.631	0.5552165
74500	-1499.152	0	-1499.152	0.6402875
75000	-1565.123	0	-1565.123	0.5843833
75500	-1604.285	0	-1604.285	0.6110589
76000	-1629.767	0	-1629.767	0.5446268
76500	-1528.512	0	-1528.512	0.5156674
77000	-1516.467	0	-1516.467	0.5727327
77500	-1461.356	0	-1461.356	0.6280214
78000	-1540.237	0	-1540.237	0.6380257
78500	-1470.534	0	-1470.534	0.6222959
79000	-1458.149	0	-1458.149	0.7354192
79500	-1531.32	0	-1531.32	0.6228902
80000	-1517.518	0	-1517.518	0.5883005
80500	-1500.605	0	-1500.605	0.7189584
81000	-1527.185	0	-1527.185	0.5740252
81500	-1456.439	0	-1456.439	0.7116646
82000	-1497.164	0	-1497.164	0.7782908
82500	-1550.643	0	-1550.643	0.661909
83000	-1526.902	0	-1526.902	0.6941132
83500	-1570.351	0	-1570.351	0.5675924
84000	-1502.921	0	-1502.921	0.7346845
84500	-1519.063	0	-1519.063	0.7192631
85000	-1530.128	0	-1530.128	0.7366296
85500	-1492.574	0	-1492.574	0.6754303
86000	-1461.693	0	-1461.693	0.7733489
86500	-1452.54	0	-1452.54	0.8506076
87000	-1445.659	0	-1445.659	0.8392464
87500	-1539.995	0	-1539.995	0.7931822
88000	-1458.062	0	-1458.062	0.7888126
88500	-1517.796	0	-1517.796	0.7302985
89000	-1470.328	0	-1470.328	0.8071402
89500	-1523.004	0	-1523.004	0.8098513
90000	-1543.8	0	-1543.8	0.8287024
90500	-1527.097	0	-1527.097	0.8330117
91000	-1491.481	0	-1491.481	0.818574
91500	-1508.162	0	-1508.162	0.6771906
92000	-1590.483	0	-1590.483	0.7773148
92500	-1593.344	0	-1593.344	0.609787
93000	-1516.529	0	-1516.529	0.5947905
93500	-1452.985	0	-1452.985	0.6679527
94000	-1525.306	0	-1525.306	0.5803586
94500	-1429.929	0	-1429.929	0.700557
95000	-1455.528	0	-1455.528	0.6667253
95500	-1549.13	0	-1549.13	0.6411493
96000	-1566.681	0	-1566.681	0.760755
96500	-1550.996	0	-1550.996	0.7037051
97000	-1522.901	0	-1522.901	0.6957057
97500	-1516.768	0	-1516.768	0.7287383
98000	-1505.233	0	-1505.233	0.7043149
98500	-1566.376	0	-1566.376	0.7495984
99000	-1590.498	0	-1590.498	0.6875098
99500	-1537.954	0	-1537.954	0.7599897
100000	-1559.457	0	-1559.457	0.6260087
100500	-1463.982	0	-1463.982	0.7590367
101000	-1457.901	0	-1457.901	0.6461193
101500	-1541.271	0	-1541.271	0.5210191
102000	-1569.716	0	-1569.716	0.4535371
102500	-1543.509	0	-1543.509	0.4234344
103000	-1489.275	0	-1489.275	0.574525
103500	-1504.615	0	-1504.615	0.6288698
104000	-1576.85	0	-1576.85	0.529681
104500	-1576.741	0	-1576.741	0.5946772
105000	-1551.638	0	-1551.638	0.5416477
105500	-1619.849	0	-1619.849	0.5808673
106000	-1601.521	0	-1601.521	0.5725261
106500	-1611.184	0	-1611.184	0.6594984
107000	-1563.73	0	-1563.73	0.5630473
107500	-1602.285	0	-1602.285	0.5675499
108000	-1544.538	0	-1544.538	0.4879758
108500	-1560.51	0	-1560.51	0.5334388
109000	-1595.452	0	-1595.452	0.5006251
109500	-1511.033	0	-1511.033	0.7720472
110000	-1475.533	0	-1475.533	0.7868167
110500	-1561.27	0	-1561.27	0.6271945
111000	-1508.893	0	-1508.893	0.6892951
111500	-1517.094	0	-1517.094	0.6977109
112000	-1514.041	0	-1514.041	0.716058
112500	-1593.547	0	-1593.547	0.6100878
113000	-1511.587	0	-1511.587	0.6724723
113500	-1488.28	0	-1488.28	0.6900962
114000	-1440.013	0	-1440.013	0.8428174
114500	-1569.871	0	-1569.871	0.6040459
115000	-1574.825	0	-1574.825	0.6767777
115500	-1539.539	0	-1539.539	0.639199
116000	-1640.946	0	-1640.946	0.5083317
116500	-1556.928	0	-1556.928	0.6414824
117000	-1528.289	0	-1528.289	0.6595366
117500	-1493.75	0	-1493.75	0.6460729
118000	-1467.914	0	-1467.914	0.6885277
118500	-1485.394	0	-1485.394	0.5639851
119000	-1489.479	0	-1489.479	0.538315
119500	-1497.298	0	-1497.298	0.6194047
120000	-1548.717	0	-1548.717	0.723782
120500	-1395.852	0	-1395.852	0.7373511
121000	-1390.445	0	-1390.445	0.6452402
121500	-1481.737	0	-1481.737	0.6450318
122000	-1455.606	0	-1455.606	0.6156674
122500	-1366.683	0	-1366.683	0.7026554
123000	-1405.107	0	-1405.107	0.6892593
123500	-1422.214	0	-1422.214	0.8118899
124000	-1447.26	0	-1447.26	0.7905354
124500	-1432.627	0	-1432.627	0.86056
125000	-1448.319	0	-1448.319	0.816902
125500	-1507.144	0	-1507.144	0.8241596
126000	-1384.744	0	-1384.744	0.884572
126500	-1391.216	0	-1391.216	0.8878674
127000	-1398.695	0	-1398.695	0.799325
127500	-1412.566	0	-1412.566	0.8088332
128000	-1295.339	0	-1295.339	0.8593713
128500	-1409.631	0	-1409.631	0.8160838
129000	-1425.98	0	-1425.98	0.7353227
129500	-1414.032	0	-1414.032	0.7871566
130000	-1493.03	0	-1493.03	0.6660838
130500	-1422.477	0	-1422.477	0.8032183
131000	-1478.935	0	-1478.935	0.7130352
131500	-1462.686	0	-1462.686	0.6660636
132000	-1469.021	0	-1469.021	0.6908971
132500	-1451.146	0	-1451.146	0.7719501
133000	-1474.151	0	-1474.151	0.6548323
133500	-1442.409	0	-1442.409	0.7914748
134000	-1415.211	0	-1415.211	0.750388
134500	-1436.808	0	-1436.808	0.8198192
135000	-1424.613	0	-1424.613	0.7715398
135500	-1418.769	0	-1418.769	0.8394907
136000	-1450.732	0	-1450.732	0.7498042
136500	-1456.501	0	-1456.501	0.7163695
137000	-1568.043	0	-1568.043	0.7001445
137500	-1443.802	0	-1443.802	0.6909342
138000	-1506.826	0	-1506.826	0.5720847
138500	-1541.607	0	-1541.607	0.5979202
139000	-1471.688	0	-1471.688	0.5680178
139500	-1467.17	0	-1467.17	0.7568512
140000	-1472.656	0	-1472.656	0.7748787
140500	-1545.261	0	-1545.261	0.7024573
141000	-1549.811	0	-1549.811	0.7278286
141500	-1509.135	0	-1509.135	0.5732776
142000	-1498.059	0	-1498.059	0.7326437
142500	-1479.173	0	-1479.173	0.7097108
143000	-1459.391	0	-1459.391	0.706454
143500	-1487.923	0	-1487.923	0.7660424
144000	-1492.4	0	-1492.4	0.7657477
144500	-1506.536	0	-1506.536	0.7558629
145000	-1521.406	0	-1521.406	0.6619324
145500	-1474.392	0	-1474.392	0.692219
146000	-1458.839	0	-1458.839	0.6795977
146500	-1531.41	0	-1531.41	0.6877619
147000	-1507.296	0	-1507.296	0.6066835
147500	-1435.67	0	-1435.67	0.704683
148000	-1445.782	0	-1445.782	0.7750309
148500	-1526.198	0	-1526.198	0.7756994
149000	-1503.391	0	-1503.391	0.691245
149500	-1451.398	0	-1451.398	0.751598
150000	-1423.714	0	-1423.714	0.7887255
150500	-1384.359	0	-1384.359	0.7886262
151000	-1420.628	0	-1420.628	0.7238515
151500	-1383.15	0	-1383.15	0.7707382
152000	-1346.213	0	-1346.213	0.6954689
152500	-1440.886	0	-1440.886	0.6592589
153000	-1533.163	0	-1533.163	0.6462028
153500	-1545.738	0	-1545.738	0.6534775
154000	-1593.079	0	-1593.079	0.5875958
154500	-1614.393	0	-1614.393	0.6354272
155000	-1527.663	0	-1527.663	0.7667303
155500	-1587.929	0	-1587.929	0.6939968
156000	-1562.773	0	-1562.773	0.7085462
156500	-1497.197	0	-1497.197	0.7709764
157000	-1473.372	0	-1473.372	0.8088993
157500	-1573.613	0	-1573.613	0.6513654
158000	-1451.81	0	-1451.81	0.8018679
158500	-1459.765	0	-1459.765	0.7582616
159000	-1500.47	0	-1500.47	0.7784516
159500	-1501.999	0	-1501.999	0.8235259
160000	-1512.683	0	-1512.683	0.7520603
160500	-1471.205	0	-1471.205	0.7763397
161000	-1484.067	0	-1484.067	0.7485118
161500	-1510.531	0	-1510.531	0.7235569
162000	-1460.475	0	-1460.475	0.7196031
162500	-1424.193	0	-1424.193	0.800117
163000	-1486.41	0	-1486.41	0.7761621
163500	-1521.075	0	-1521.075	0.593308
164000	-1402.795	0	-1402.795	0.7648843
164500	-1435.203	0	-1435.203	0.7327673
165000	-1406.262	0	-1406.262	0.7568764
165500	-1449.943	0	-1449.943	0.7369587
166000	-1488.739	0	-1488.739	0.8103124
166500	-1495.662	0	-1495.662	0.8327291
167000	-1511.319	0	-1511.319	0.6929725
167500	-1373.815	0	-1373.815	0.829988
168000	-1548.168	0	-1548.168	0.6623962
168500	-1542.912	0	-1542.912	0.6955773
169000	-1536.075	0	-1536.075	0.5897849
169500	-1492.999	0	-1492.999	0.6827518
170000	-1476.96	0	-1476.96	0.7203744
170500	-1422.962	0	-1422.962	0.7639934
171000	-1494.189	0	-1494.189	0.7464664
171500	-1492.932	0	-1492.932	0.785096
172000	-1570.383	0	-1570.383	0.6874338
172500	-1503.647	0	-1503.647	0.7673551
173000	-1459.401	0	-1459.401	0.8013762
173500	-1491.693	0	-1491.693	0.7518632
174000	-1492.605	0	-1492.605	0.740555
174500	-1527.937	0	-1527.937	0.6787886
175000	-1552.525	0	-1552.525	0.644291
175500	-1547.616	0	-1547.616	0.5832434
176000	-1469.72	0	-1469.72	0.6909541
176500	-1441.899	0	-1441.899	0.7133842
177000	-1413.475	0	-1413.475	0.7668014
177500	-1512.491	0	-1512.491	0.6742314
178000	-1492.278	0	-1492.278	0.5974322
178500	-1386.043	0	-1386.043	0.7161973
179000	-1359.362	0	-1359.362	0.6180594
179500	-1377.098	0	-1377.098	0.686958
180000	-1421.715	0	-1421.715	0.6850996
180500	-1498.399	0	-1498.399	0.6127668
181000	-1528.164	0	-1528.164	0.72413
181500	-1488.437	0	-1488.437	0.6097355
182000	-1499.39	0	-1499.39	0.6387921
182500	-1447.913	0	-1447.913	0.6252593
183000	-1426.349	0	-1426.349	0.6433795
183500	-1451.646	0	-1451.646	0.6698373
184000	-1383.241	0	-1383.241	0.6761167
184500	-1453.271	0	-1453.271	0.7380549
185000	-1392.813	0	-1392.813	0.7057276
185500	-1446.649	0	-1446.649	0.6617064
186000	-1502.057	0	-1502.057	0.6185175
186500	-1536.393	0	-1536.393	0.7089482
187000	-1482.552	0	-1482.552	0.6892612
187500	-1517.207	0	-1517.207	0.7384027
188000	-1478.524	0	-1478.524	0.7755926
188500	-1390.2	0	-1390.2	0.8455424
189000	-1480.064	0	-1480.064	0.7020968
189500	-1527.454	0	-1527.454	0.6731364
190000	-1535.577	0	-1535.577	0.805157
190500	-1428.397	0	-1428.397	0.7057957
191000	-1408.484	0	-1408.484	0.7689712
191500	-1422.46	0	-1422.46	0.7686534
192000	-1508.181	0	-1508.181	0.8205743
192500	-1490.089	0	-1490.089	0.7339282
193000	-1410.909	0	-1410.909	0.7963585
193500	-1464.961	0	-1464.961	0.7455128
194000	-1480.06	0	-1480.06	0.7466696
194500	-1457.01	0	-1457.01	0.7314354
195000	-1454.175	0	-1454.175	0.7472216
195500	-1435.613	0	-1435.613	0.8404343
196000	-1429.371	0	-1429.371	0.8115516
196500	-1506.37	0	-1506.37	0.7889159
197000	-1466.617	0	-1466.617	0.7954999
197500	-1428.647	0	-1428.647	0.8218015
198000	-1383.708	0	-1383.708	0.8269103
198500	-1490.759	0	-1490.759	0.7800489
199000	-1431.272	0	-1431.272	0.7671011
199500	-1522.354	0	-1522.354	0.8130903
200000	-1498.876	0	-1498.876	0.7482649
200500	-1427.436	0	-1427.436	0.6136698
201000	-1507.225	0	-1507.225	0.7062219
201500	-1427.354	0	-1427.354	0.7841149
202000	-1444.38	0	-1444.38	0.7338693
202500	-1485.64	0	-1485.64	0.6302794
203000	-1484.116	0	-1484.116	0.6403388
203500	-1451.875	0	-1451.875	0.6508574
204000	-1403.665	0	-1403.665	0.7324599
204500	-1418.522	0	-1418.522	0.8500608
205000	-1466.54	0	-1466.54	0.8088704
205500	-1519.9	0	-1519.9	0.6457571
206000	-1481.281	0	-1481.281	0.7571469
206500	-1416.506	0	-1416.506	0.7652789
207000	-1407.05	0	-1407.05	0.7888523
207500	-1413.759	0	-1413.759	0.7197148
208000	-1464.331	0	-1464.331	0.7652092
208500	-1510.247	0	-1510.247	0.797833
209000	-1552.411	0	-1552.411	0.705062
209500	-1564.768	0	-1564.768	0.7800693
210000	-1474.674	0	-1474.674	0.8203643
210500	-1407.293	0	-1407.293	0.899498
211000	-1337.653	0	-1337.653	0.915573
211500	-1400.904	0	-1400.904	0.8878979
212000	-1372.451	0	-1372.451	0.8792593
212500	-1476.994	0	-1476.994	0.8009991
213000	-1490.404	0	-1490.404	0.8171784
213500	-1405.01	0	-1405.01	0.8415775
214000	-1439.839	0	-1439.839	0.8174658
214500	-1442.403	0	-1442.403	0.8412375
215000	-1489.988	0	-1489.988	0.6640832
215500	-1488.259	0	-1488.259	0.7752266
216000	-1532.362	0	-1532.362	0.6010104
216500	-1493.438	0	-1493.438	0.7165859
217000	-1495.958	0	-1495.958	0.7124263
217500	-1495.816	0	-1495.816	0.715767
218000	-1410.898	0	-1410.898	0.781166
218500	-1427.1	0	-1427.1	0.7243766
219000	-1454.575	0	-1454.575	0.7918894
219500	-1345.033	0	-1345.033	0.8487586
220000	-1335.035	0	-1335.035	0.9020381
220500	-1490.332	0	-1490.332	0.7983854
221000	-1379.204	0	-1379.204	0.8119089
221500	-1394.383	0	-1394.383	0.798243
222000	-1426.971	0	-1426.971	0.6573396
222500	-1445.593	0	-1445.593	0.793738
223000	-1354.946	0	-1354.946	0.792442
223500	-1362.459	0	-1362.459	0.8493636
224000	-1364.714	0	-1364.714	0.7391395
224500	-1367.411	0	-1367.411	0.7733782
225000	-1486.003	0	-1486.003	0.6652741
225500	-1334.238	0	-1334.238	0.7751334
226000	-1447.11	0	-1447.11	0.7809232
226500	-1494.64	0	-1494.64	0.7064729
227000	-1386.166	0	-1386.166	0.8129393
227500	-1348.543	0	-1348.543	0.7831994
228000	-1384.457	0	-1384.457	0.7080274
228500	-1449.253	0	-1449.253	0.6748176
229000	-1394.627	0	-1394.627	0.7845235
229500	-1411.85	0	-1411.85	0.8655196
230000	-1339.322	0	-1339.322	0.8721972
230500	-1381.879	0	-1381.879	0.8721234
231000	-1377.256	0	-1377.256	0.8854624
231500	-1455.661	0	-1455.661	0.7606473
232000	-1457.656	0	-1457.656	0.7723019
232500	-1356.736	0	-1356.736	0.8750872
233000	-1392.578	0	-1392.578	0.8889642
233500	-1447.345	0	-1447.345	0.8640971
234000	-1348.445	0	-1348.445	0.892997
234500	-1387.066	0	-1387.066	0.8285911
235000	-1398.383	0	-1398.383	0.8699353
235500	-1363.864	0	-1363.864	0.8923649
236000	-1403.57	0	-1403.57	0.7696818
236500	-1445.821	0	-1445.821	0.7707978
237000	-1439.632	0	-1439.632	0.7465247
237500	-1427.989	0	-1427.989	0.7863886
238000	-1346.729	0	-1346.729	0.8146206
238500	-1377.552	0	-1377.552	0.8024911
239000	-1398.749	0	-1398.749	0.7720473
239500	-1430.274	0	-1430.274	0.7999875
240000	-1376.226	0	-1376.226	0.8163685
240500	-1473.516	0	-1473.516	0.7462826
241000	-1360.93	0	-1360.93	0.8457806
241500	-1426.852	0	-1426.852	0.7460639
242000	-1496.762	0	-1496.762	0.5831174
242500	-1386.676	0	-1386.676	0.8164256
243000	-1508.664	0	-1508.664	0.7684472
243500	-1581.82	0	-1581.82	0.6410741
244000	-1547.6	0	-1547.6	0.7039406
244500	-1535.083	0	-1535.083	0.6763451
245000	-1482.224	0	-1482.224	0.64747
245500	-1485.596	0	-1485.596	0.6178676
246000	-1540.977	0	-1540.977	0.6340855
246500	-1377.119	0	-1377.119	0.7773066
247000	-1456.941	0	-1456.941	0.7512465
247500	-1526.072	0	-1526.072	0.7622936
248000	-1484.168	0	-1484.168	0.8275379
248500	-1413.897	0	-1413.897	0.846262
249000	-1448.471	0	-1448.471	0.8332191
249500	-1478.377	0	-1478.377	0.7666534
250000	-1470.081	0	-1470.081	0.8325011
250500	-1514.606	0	-1514.606	0.8064416
251000	-1489.313	0	-1489.313	0.8530356
251500	-1492.796	0	-1492.796	0.8604482
252000	-1480.119	0	-1480.119	0.7526634
252500	-1438.765	0	-1438.765	0.7108034
253000	-1346.779	0	-1346.779	0.7947904
253500	-1429.572	0	-1429.572	0.809042
254000	-1483.356	0	-1483.356	0.6809913
254500	-1590.068	0	-1590.068	0.515932
255000	-1497.329	0	-1497.329	0.7399339
255500	-1567.47	0	-1567.47	0.6461279
256000	-1425.687	0	-1425.687	0.8061098
256500	-1501.871	0	-1501.871	0.6968629
257000	-1453.338	0	-1453.338	0.8009245
257500	-1502.748	0	-1502.748	0.6537124
258000	-1480.763	0	-1480.763	0.7293012
258500	-1493.729	0	-1493.729	0.7165799
259000	-1496.935	0	-1496.935	0.8156417
259500	-1430.38	0	-1430.38	0.8140635
260000	-1444.551	0	-1444.551	0.7188584
260500	-1480.436	0	-1480.436	0.6904145
261000	-1435.612	0	-1435.612	0.6471599
261500	-1352.497	0	-1352.497	0.7504803
262000	-1418.044	0	-1418.044	0.6790807
262500	-1394.389	0	-1394.389	0.6955409
263000	-1321.603	0	-1321.603	0.7393351
263500	-1359.904	0	-1359.904	0.7327412
264000	-1497.095	0	-1497.095	0.4553425
264500	-1519.492	0	-1519.492	0.6137846
265000	-1493.869	0	-1493.869	0.7321032
265500	-1473.179	0	-1473.179	0.8083712
266000	-1497.065	0	-1497.065	0.7938019
266500	-1459.473	0	-1459.473	0.7425265
267000	-1501.138	0	-1501.138	0.6616896
267500	-1494.144	0	-1494.144	0.7047052
268000	-1539.035	0	-1539.035	0.6877085
268500	-1541.708	0	-1541.708	0.7857978
269000	-1488.777	0	-1488.777	0.8204118
269500	-1482.855	0	-1482.855	0.8167639
270000	-1519.448	0	-1519.448	0.6917117
270500	-1494.877	0	-1494.877	0.4944
271000	-1443.421	0	-1443.421	0.7548318
271500	-1496.746	0	-1496.746	0.6604005
272000	-1425.313	0	-1425.313	0.8156166
272500	-1530.36	0	-1530.36	0.747904
273000	-1509.367	0	-1509.367	0.7144719
273500	-1626.686	0	-1626.686	0.5799734
274000	-1508.154	0	-1508.154	0.7448707
274500	-1437.166	0	-1437.166	0.8112604
275000	-1433.495	0	-1433.495	0.8737129
275500	-1456.243	0	-1456.243	0.8112701
276000	-1572.477	0	-1572.477	0.7976813
276500	-1565.54	0	-1565.54	0.7104239
277000	-1549.968	0	-1549.968	0.7304736
277500	-1555.182	0	-1555.182	0.6503773
278000	-1541.054	0	-1541.054	0.6025207
278500	-1472.891	0	-1472.891	0.6658687
279000	-1505.059	0	-1505.059	0.7117884
279500	-1547.783	0	-1547.783	0.6714902
280000	-1502.869	0	-1502.869	0.7569349
280500	-1405.267	0	-1405.267	0.8640203
281000	-1419.176	0	-1419.176	0.8304515
281500	-1426.525	0	-1426.525	0.8147072
282000	-1483.499	0	-1483.499	0.746032
282500	-1404.2	0	-1404.2	0.860993
283000	-1381.196	0	-1381.196	0.8371829
283500	-1460.094	0	-1460.094	0.7823808
284000	-1512.365	0	-1512.365	0.6690835
284500	-1444.106	0	-1444.106	0.6279013
285000	-1467.392	0	-1467.392	0.7381297
285500	-1470.218	0	-1470.218	0.7444765
286000	-1485.208	0	-1485.208	0.6459763
286500	-1455.652	0	-1455.652	0.7014718
287000	-1449.642	0	-1449.642	0.7436305
287500	-1376.544	0	-1376.544	0.8248854
288000	-1402.517	0	-1402.517	0.8196706
288500	-1458.24	0	-1458.24	0.7637027
289000	-1509.06	0	-1509.06	0.669066
289500	-1595.043	0	-1595.043	0.5552532
290000	-1520.245	0	-1520.245	0.6890964
290500	-1513.237	0	-1513.237	0.7504497
291000	-1553.831	0	-1553.831	0.7275859
291500	-1563.91	0	-1563.91	0.5784605
292000	-1549.396	0	-1549.396	0.6836962
292500	-1564.408	0	-1564.408	0.6843335
293000	-1598.005	0	-1598.005	0.6277971
293500	-1563.025	0	-1563.025	0.6798118
294000	-1598.781	0	-1598.781	0.5402496
294500	-1616.096	0	-1616.096	0.5936965
295000	-1577.225	0	-1577.225	0.6175581
295500	-1617.12	0	-1617.12	0.6025919
296000	-1554.64	0	-1554.64	0.6720513
296500	-1560.157	0	-1560.157	0.6573123
297000	-1556.74	0	-1556.74	0.6473152
297500	-1564.647	0	-1564.647	0.7345734
298000	-1627.687	0	-1627.687	0.5652269
298500	-1588.256	0	-1588.256	0.6562885
299000	-1567.72	0	-1567.72	0.619793
299500	-1593.851	0	-1593.851	0.5524117
300000	-1547.3	0	-1547.3	0.6797892
300500	-1545.792	0	-1545.792	0.6444569
301000	-1564.956	0	-1564.956	0.6728125
301500	-1515.502	0	-1515.502	0.5921195
302000	-1519.19	0	-1519.19	0.6237305
302500	-1496.038	0	-1496.038	0.6996352
303000	-1473.217	0	-1473.217	0.6230602
303500	-1492.818	0	-1492.818	0.751889
304000	-1499.371	0	-1499.371	0.6788224
304500	-1489.925	0	-1489.925	0.6762282
305000	-1502.63	0	-1502.63	0.6613911
305500	-1452.985	0	-1452.985	0.6877741
306000	-1480.337	0	-1480.337	0.6229291
306500	-1400.26	0	-1400.26	0.6194475
307000	-1458.939	0	-1458.939	0.684063
307500	-1447.316	0	-1447.316	0.7263675
308000	-1390.765	0	-1390.765	0.7392274
308500	-1404.764	0	-1404.764	0.7844456
309000	-1487.75	0	-1487.75	0.8066104
309500	-1410.109	0	-1410.109	0.8279582
310000	-1508.597	0	-1508.597	0.8024637
310500	-1473.296	0	-1473.296	0.8114726
311000	-1447.658	0	-1447.658	0.6939779
311500	-1460.406	0	-1460.406	0.78551
312000	-1504.838	0	-1504.838	0.8217777
312500	-1522.43	0	-1522.43	0.7898554
313000	-1533.654	0	-1533.654	0.7492091
313500	-1539.138	0	-1539.138	0.7018467
314000	-1600.557	0	-1600.557	0.6845893
314500	-1545.017	0	-1545.017	0.7500436
315000	-1473.9	0	-1473.9	0.7522698
315500	-1497.893	0	-1497.893	0.6776054
316000	-1380.687	0	-1380.687	0.7649389
316500	-1405.067	0	-1405.067	0.7598601
317000	-1409.077	0	-1409.077	0.7416842
317500	-1302.671	0	-1302.671	0.8420215
318000	-1382.73	0	-1382.73	0.8194752
318500	-1529.607	0	-1529.607	0.75864
319000	-1543.247	0	-1543.247	0.7548839
319500	-1485.671	0	-1485.671	0.7638197
320000	-1497.573	0	-1497.573	0.7207005
320500	-1449.553	0	-1449.553	0.8159669
321000	-1441.987	0	-1441.987	0.8079681
321500	-1447.455	0	-1447.455	0.8221313
322000	-1561.318	0	-1561.318	0.7591862
322500	-1503.008	0	-1503.008	0.7058781
323000	-1557.582	0	-1557.582	0.7680183
323500	-1541.034	0	-1541.034	0.6551284
324000	-1534.403	0	-1534.403	0.5885325
324500	-1573.884	0	-1573.884	0.5849392
325000	-1532.884	0	-1532.884	0.6326467
325500	-1519.138	0	-1519.138	0.6485558
326000	-1500.196	0	-1500.196	0.7245977
326500	-1471.594	0	-1471.594	0.7564529
327000	-1511.31	0	-1511.31	0.7483027
327500	-1506.344	0	-1506.344	0.7338973
328000	-1524.753	0	-1524.753	0.7447303
328500	-1480.78	0	-1480.78	0.6779154
329000	-1465.987	0	-1465.987	0.7469141
329500	-1483.38	0	-1483.38	0.6914931
330000	-1475.908	0	-1475.908	0.6606574
330500	-1368.536	0	-1368.536	0.674017
331000	-1452.098	0	-1452.098	0.7324132
331500	-1573.039	0	-1573.039	0.6391702
332000	-1529.61	0	-1529.61	0.7857378
332500	-1464.395	0	-1464.395	0.800861
333000	-1519.108	0	-1519.108	0.6847028
333500	-1450.781	0	-1450.781	0.6736168
334000	-1559.29	0	-1559.29	0.6272438
334500	-1542.474	0	-1542.474	0.6170412
335000	-1547.513	0	-1547.513	0.6157612
335500	-1424.545	0	-1424.545	0.6833665
336000	-1468.613	0	-1468.613	0.6957458
336500	-1520.219	0	-1520.219	0.647529
337000	-1454.265	0	-1454.265	0.7226201
337500	-1529.346	0	-1529.346	0.6672548
338000	-1516.206	0	-1516.206	0.6485496
338500	-1412.8	0	-1412.8	0.6993842
339000	-1473.276	0	-1473.276	0.7283099
339500	-1424.952	0	-1424.952	0.8108456
340000	-1397.822	0	-1397.822	0.7721491
340500	-1321.924	0	-1321.924	0.7795292
341000	-1382.43	0	-1382.43	0.8280284
341500	-1395.592	0	-1395.592	0.7971017
342000	-1392.959	0	-1392.959	0.7515453
342500	-1358.056	0	-1358.056	0.8064447
343000	-1380.965	0	-1380.965	0.7750383
343500	-1365.816	0	-1365.816	0.8392893
344000	-1411.503	0	-1411.503	0.7917559
344500	-1550.935	0	-1550.935	0.7877595
345000	-1514.696	0	-1514.696	0.7417921
345500	-1428.442	0	-1428.442	0.8316944
346000	-1346.126	0	-1346.126	0.8559674
346500	-1352.201	0	-1352.201	0.933393
347000	-1376.141	0	-1376.141	0.8867282
347500	-1478.082	0	-1478.082	0.7671472
348000	-1396.031	0	-1396.031	0.8487472
348500	-1387.654	0	-1387.654	0.875685
349000	-1375.837	0	-1375.837	0.8809022
349500	-1379.962	0	-1379.962	0.8741262
350000	-1517.632	0	-1517.632	0.829883
350500	-1418.388	0	-1418.388	0.8922743
351000	-1389.936	0	-1389.936	0.9077277
351500	-1402.03	0	-1402.03	0.8569481
352000	-1483.999	0	-1483.999	0.7621187
352500	-1465.07	0	-1465.07	0.8187974
353000	-1445.935	0	-1445.935	0.7708651
353500	-1490.583	0	-1490.583	0.785043
354000	-1525.976	0	-1525.976	0.6229377
354500	-1490.878	0	-1490.878	0.6822753
355000	-1524.436	0	-1524.436	0.681047
355500	-1405.964	0	-1405.964	0.7062576
356000	-1403.913	0	-1403.913	0.7885424
356500	-1459.999	0	-1459.999	0.7568329
357000	-1346.633	0	-1346.633	0.7540289
357500	-1428.54	0	-1428.54	0.7610085
358000	-1444.413	0	-1444.413	0.6685571
358500	-1434.355	0	-1434.355	0.7295973
359000	-1406.63	0	-1406.63	0.6160852
359500	-1371.876	0	-1371.876	0.6574427
360000	-1345.21	0	-1345.21	0.6040707
360500	-1417.269	0	-1417.269	0.6474951
361000	-1493.301	0	-1493.301	0.6048229
361500	-1481.185	0	-1481.185	0.6140025
362000	-1443.132	0	-1443.132	0.7118379
362500	-1442.92	0	-1442.92	0.6671818
363000	-1516.818	0	-1516.818	0.6698665
363500	-1452.713	0	-1452.713	0.7447145
364000	-1557.044	0	-1557.044	0.7057547
364500	-1567.234	0	-1567.234	0.6515029
365000	-1593.855	0	-1593.855	0.4829449
365500	-1587.966	0	-1587.966	0.6291076
366000	-1542.675	0	-1542.675	0.6234142
366500	-1572.8	0	-1572.8	0.5973159
367000	-1507.794	0	-1507.794	0.558569
367500	-1567.123	0	-1567.123	0.5385025
368000	-1561.976	0	-1561.976	0.6439951
368500	-1570.121	0	-1570.121	0.6165742
369000	-1454.915	0	-1454.915	0.5560142
369500	-1488.935	0	-1488.935	0.7352741
370000	-1481.729	0	-1481.729	0.6896339
370500	-1504.546	0	-1504.546	0.7573642
371000	-1447.945	0	-1447.945	0.8245998
371500	-1394.148	0	-1394.148	0.8582624
372000	-1467.546	0	-1467.546	0.8482731
372500	-1484.886	0	-1484.886	0.7332765
373000	-1465.741	0	-1465.741	0.8006191
373500	-1469.91	0	-1469.91	0.8236579
374000	-1452.108	0	-1452.108	0.7972738
374500	-1473.811	0	-1473.811	0.7932868
375000	-1475.589	0	-1475.589	0.7941648
375500	-1462.17	0	-1462.17	0.7077661
376000	-1483.027	0	-1483.027	0.7588843
376500	-1439.007	0	-1439.007	0.73468
377000	-1549.672	0	-1549.672	0.649038
377500	-1445.452	0	-1445.452	0.7221045
378000	-1389.344	0	-1389.344	0.7645289
378500	-1469.991	0	-1469.991	0.7869722
379000	-1484.187	0	-1484.187	0.7509723
379500	-1451.761	0	-1451.761	0.6501469
380000	-1486.956	0	-1486.956	0.6421239
380500	-1565.517	0	-1565.517	0.6534677
381000	-1469.187	0	-1469.187	0.7138563
381500	-1473.387	0	-1473.387	0.8444113
382000	-1449.656	0	-1449.656	0.8385513
382500	-1429.244	0	-1429.244	0.8467665
383000	-1541.186	0	-1541.186	0.7379104
383500	-1515.743	0	-1515.743	0.7972965
384000	-1521.284	0	-1521.284	0.6852961
384500	-1534.343	0	-1534.343	0.810625
385000	-1474.32	0	-1474.32	0.7260489
385500	-1477.466	0	-1477.466	0.7895508
386000	-1549.43	0	-1549.43	0.6436285
386500	-1557.825	0	-1557.825	0.6787674
387000	-1522.785	0	-1522.785	0.7523213
387500	-1520.748	0	-1520.748	0.6304469
388000	-1529.525	0	-1529.525	0.694053
388500	-1574.017	0	-1574.017	0.6984143
389000	-1483.14	0	-1483.14	0.8572193
389500	-1476.165	0	-1476.165	0.7439087
390000	-1464.029	0	-1464.029	0.8316201
390500	-1471.163	0	-1471.163	0.7962877
391000	-1510.681	0	-1510.681	0.7830848
391500	-1509.26	0	-1509.26	0.807626
392000	-1441.831	0	-1441.831	0.8561167
392500	-1517.129	0	-1517.129	0.8441903
393000	-1470.801	0	-1470.801	0.8178437
393500	-1496.553	0	-1496.553	0.7776221
394000	-1500.733	0	-1500.733	0.8010429
394500	-1527.354	0	-1527.354	0.7477124
395000	-1550.563	0	-1550.563	0.7390431
395500	-1455.193	0	-1455.193	0.8600379
396000	-1441.7	0	-1441.7	0.8083487
396500	-1397.601	0	-1397.601	0.7763925
397000	-1373.713	0	-1373.713	0.888609
397500	-1417.33	0	-1417.33	0.8354214
398000	-1395.618	0	-1395.618	0.7757143
398500	-1394.059	0	-1394.059	0.8192891
399000	-1444.837	0	-1444.837	0.8385797
399500	-1439.734	0	-1439.734	0.8126625
400000	-1497.927	0	-1497.927	0.8048143
400500	-1374.176	0	-1374.176	0.8838637
401000	-1457.204	0	-1457.204	0.8091311
401500	-1351.322	0	-1351.322	0.8119433
402000	-1413.01	0	-1413.01	0.7547233
402500	-1424.364	0	-1424.364	0.8452715
403000	-1473.677	0	-1473.677	0.7888977
403500	-1387.928	0	-1387.928	0.7021306
404000	-1464.98	0	-1464.98	0.7782267
404500	-1562.6	0	-1562.6	0.6445117
405000	-1526.732	0	-1526.732	0.7730621
405500	-1536.316	0	-1536.316	0.7675238
406000	-1575.901	0	-1575.901	0.7984241
406500	-1529.968	0	-1529.968	0.6820768
407000	-1541.936	0	-1541.936	0.7498354
407500	-1538.243	0	-1538.243	0.6964852
408000	-1453.024	0	-1453.024	0.8280324
408500	-1405.686	0	-1405.686	0.8343779
409000	-1510.992	0	-1510.992	0.7318676
409500	-1540.947	0	-1540.947	0.7401576
410000	-1535.252	0	-1535.252	0.8075548
410500	-1433.367	0	-1433.367	0.845282
411000	-1435.534	0	-1435.534	0.7642391
411500	-1540.047	0	-1540.047	0.6057187
412000	-1488.005	0	-1488.005	0.5598067
412500	-1438.652	0	-1438.652	0.6341769
413000	-1429.793	0	-1429.793	0.7126854
413500	-1429.972	0	-1429.972	0.6086693
414000	-1420.574	0	-1420.574	0.8054921
414500	-1422.78	0	-1422.78	0.7290596
415000	-1412.076	0	-1412.076	0.759092
415500	-1443.433	0	-1443.433	0.7361013
416000	-1441.947	0	-1441.947	0.7934589
416500	-1372.498	0	-1372.498	0.8251189
417000	-1356.459	0	-1356.459	0.7323406
417500	-1451.577	0	-1451.577	0.6397143
418000	-1373.699	0	-1373.699	0.7327318
418500	-1386.996	0	-1386.996	0.6380659
419000	-1352.238	0	-1352.238	0.6529578
419500	-1388.637	0	-1388.637	0.6431231
420000	-1412.187	0	-1412.187	0.6552078
420500	-1413.802	0	-1413.802	0.5799585
421000	-1385.973	0	-1385.973	0.7724898
421500	-1415.613	0	-1415.613	0.7137459
422000	-1418.828	0	-1418.828	0.7913869
422500	-1429.872	0	-1429.872	0.8156291
423000	-1385.01	0	-1385.01	0.8090674
423500	-1350.346	0	-1350.346	0.7870834
424000	-1470.021	0	-1470.021	0.6631698
424500	-1459.324	0	-1459.324	0.7302033
425000	-1466.177	0	-1466.177	0.7640176
425500	-1441.74	0	-1441.74	0.7466834
426000	-1437.861	0	-1437.861	0.7415734
426500	-1449.464	0	-1449.464	0.7694595
427000	-1524.737	0	-1524.737	0.7549299
427500	-1473.501	0	-1473.501	0.785551
428000	-1541.803	0	-1541.803	0.6315572
428500	-1535.347	0	-1535.347	0.7481196
429000	-1549.191	0	-1549.191	0.7367686
429500	-1483.677	0	-1483.677	0.820849
430000	-1480.282	0	-1480.282	0.7842703
430500	-1459.475	0	-1459.475	0.7431322
431000	-1514.653	0	-1514.653	0.7044484
431500	-1556.338	0	-1556.338	0.6251177
432000	-1508.652	0	-1508.652	0.7771696
432500	-1429.484	0	-1429.484	0.7892787
433000	-1445.857	0	-1445.857	0.7886404
433500	-1429.622	0	-1429.622	0.8157802
434000	-1404.35	0	-1404.35	0.7681519
434500	-1366.707	0	-1366.707	0.8041716
435000	-1451.861	0	-1451.861	0.7712149
435500	-1425.777	0	-1425.777	0.7720929
436000	-1329.117	0	-1329.117	0.810493
436500	-1416.301	0	-1416.301	0.769574
437000	-1373.922	0	-1373.922	0.8537
437500	-1341.802	0	-1341.802	0.7752623
438000	-1453.619	0	-1453.619	0.6569227
438500	-1408.817	0	-1408.817	0.7510256
439000	-1403.46	0	-1403.46	0.7873162
439500	-1445.012	0	-1445.012	0.829283
440000	-1471.221	0	-1471.221	0.7682581
440500	-1487.242	0	-1487.242	0.7942194
441000	-1479.883	0	-1479.883	0.7443642
441500	-1468.38	0	-1468.38	0.7664101
442000	-1390.052	0	-1390.052	0.754576
442500	-1383.38	0	-1383.38	0.7886263
443000	-1494.96	0	-1494.96	0.6902994
443500	-1480.169	0	-1480.169	0.6921587
444000	-1538.775	0	-1538.775	0.7090514
444500	-1469.688	0	-1469.688	0.7935975
445000	-1418.479	0	-1418.479	0.7817242
445500	-1478.156	0	-1478.156	0.6800093
446000	-1424.709	0	-1424.709	0.6337486
446500	-1484.943	0	-1484.943	0.6037797
447000	-1501.748	0	-1501.748	0.6218351
447500	-1504.799	0	-1504.799	0.5826284
448000	-1559.505	0	-1559.505	0.6972597
448500	-1545.706	0	-1545.706	0.7167234
449000	-1457.149	0	-1457.149	0.6311228
449500	-1362.365	0	-1362.365	0.7202563
450000	-1372.12	0	-1372.12	0.6692837
450500	-1350.703	0	-1350.703	0.7236418
451000	-1416.655	0	-1416.655	0.7075944
451500	-1459.082	0	-1459.082	0.6857158
452000	-1304.826	0	-1304.826	0.8026251
452500	-1308.596	0	-1308.596	0.7008963
453000	-1249.251	0	-1249.251	0.8543249
453500	-1243.19	0	-1243.19	0.840647
454000	-1299.336	0	-1299.336	0.8460315
454500	-1445.274	0	-1445.274	0.8020389
455000	-1392.566	0	-1392.566	0.8407521
455500	-1487.817	0	-1487.817	0.737937
456000	-1481.406	0	-1481.406	0.7456732
456500	-1467.194	0	-1467.194	0.7493629
457000	-1421.116	0	-1421.116	0.7916514
457500	-1421.93	0	-1421.93	0.8173517
458000	-1372.732	0	-1372.732	0.8238928
458500	-1430.455	0	-1430.455	0.8263219
459000	-1383.538	0	-1383.538	0.8738337
459500	-1395.743	0	-1395.743	0.7765188
460000	-1519.166	0	-1519.166	0.6400168
460500	-1444.401	0	-1444.401	0.7126361
461000	-1384.258	0	-1384.258	0.7858886
461500	-1358.153	0	-1358.153	0.8256471
462000	-1319.177	0	-1319.177	0.6931216
462500	-1306.289	0	-1306.289	0.6757467
463000	-1206.979	0	-1206.979	0.6329943
463500	-1229	0	-1229	0.5988364
464000	-1255.135	0	-1255.135	0.7173469
464500	-1283.935	0	-1283.935	0.71709
465000	-1369.544	0	-1369.544	0.6977018
465500	-1263.398	0	-1263.398	0.6993586
466000	-1302.19	0	-1302.19	0.7449577
466500	-1266.407	0	-1266.407	0.7472144
467000	-1141.722	0	-1141.722	0.7601925
467500	-1144.359	0	-1144.359	0.78361
468000	-1199.009	0	-1199.009	0.7875447
468500	-1227.298	0	-1227.298	0.8079928
469000	-1326.524	0	-1326.524	0.7579215
469500	-1237.908	0	-1237.908	0.8066098
470000	-1313.394	0	-1313.394	0.6371816
470500	-1290.429	0	-1290.429	0.6526353
471000	-1308.38	0	-1308.38	0.6304103
471500	-1296.619	0	-1296.619	0.7182014
472000	-1406.531	0	-1406.531	0.7523159
472500	-1392.056	0	-1392.056	0.6827176
473000	-1291.654	0	-1291.654	0.7985661
473500	-1290.289	0	-1290.289	0.75321
474000	-1377.575	0	-1377.575	0.691146
474500	-1368.634	0	-1368.634	0.7262288
475000	-1466.107	0	-1466.107	0.6761662
475500	-1411.526	0	-1411.526	0.691772
476000	-1365.127	0	-1365.127	0.6575041
476500	-1322.994	0	-1322.994	0.7194412
477000	-1345.478	0	-1345.478	0.6981407
477500	-1326.412	0	-1326.412	0.810772
478000	-1353.652	0	-1353.652	0.8005873
478500	-1324.072	0	-1324.072	0.7262612
479000	-1346.524	0	-1346.524	0.5977579
479500	-1487.445	0	-1487.445	0.6238294
480000	-1326.309	0	-1326.309	0.7820132
480500	-1312.863	0	-1312.863	0.8252014
481000	-1344.13	0	-1344.13	0.8521499
481500	-1394.193	0	-1394.193	0.7919187
482000	-1468.104	0	-1468.104	0.7748405
482500	-1510.343	0	-1510.343	0.7224599
483000	-1458.32	0	-1458.32	0.8250583
483500	-1436.874	0	-1436.874	0.7960954
484000	-1494.55	0	-1494.55	0.7606478
484500	-1479.046	0	-1479.046	0.6715111
485000	-1444.797	0	-1444.797	0.7224475
485500	-1474.618	0	-1474.618	0.7211215
486000	-1442.822	0	-1442.822	0.7311756
486500	-1383.484	0	-1383.484	0.7747761
487000	-1428.533	0	-1428.533	0.6849071
487500	-1498.766	0	-1498.766	0.7490449
488000	-1491.808	0	-1491.808	0.7462924
488500	-1489.604	0	-1489.604	0.6186686
489000	-1471.7	0	-1471.7	0.6988829
489500	-1461.788	0	-1461.788	0.7249536
490000	-1407.516	0	-1407.516	0.6762243
490500	-1480.696	0	-1480.696	0.786282
491000	-1446.55	0	-1446.55	0.7310194
491500	-1429.322	0	-1429.322	0.6626087
492000	-1480.305	0	-1480.305	0.6266444
492500	-1453.232	0	-1453.232	0.746455
493000	-1435.105	0	-1435.105	0.7865428
493500	-1536.133	0	-1536.133	0.6882603
494000	-1569.147	0	-1569.147	0.6704134
494500	-1508.328	0	-1508.328	0.5367514
495000	-1447.885	0	-1447.885	0.7111229
495500	-1412.029	0	-1412.029	0.7327202
496000	-1394.099	0	-1394.099	0.7254647
496500	-1463.116	0	-1463.116	0.678068
497000	-1455.629	0	-1455.629	0.7484818
497500	-1416.416	0	-1416.416	0.739705
498000	-1543.841	0	-1543.841	0.6597774
498500	-1484.347	0	-1484.347	0.793421
499000	-1457.955	0	-1457.955	0.8124015
499500	-1460.67	0	-1460.67	0.7882487
500000	-1387.144	0	-1387.144	0.7495814
500500	-1365.048	0	-1365.048	0.6680173
501000	-1391.917	0	-1391.917	0.6468597
501500	-1373.144	0	-1373.144	0.7289426
502000	-1447.385	0	-1447.385	0.7370623
502500	-1455.573	0	-1455.573	0.7245328
503000	-1394.883	0	-1394.883	0.7457598
503500	-1404.253	0	-1404.253	0.7634799
504000	-1424.604	0	-1424.604	0.7143237
504500	-1349.773	0	-1349.773	0.7013576
505000	-1399.08	0	-1399.08	0.7434661
505500	-1395.038	0	-1395.038	0.6823195
506000	-1374.947	0	-1374.947	0.7294083
506500	-1383.645	0	-1383.645	0.7498237
507000	-1330.995	0	-1330.995	0.671521
507500	-1393.305	0	-1393.305	0.7830941
508000	-1255.511	0	-1255.511	0.7743797
508500	-1333.968	0	-1333.968	0.7865778
509000	-1426.576	0	-1426.576	0.7135966
509500	-1488.752	0	-1488.752	0.686953
510000	-1455.951	0	-1455.951	0.8152914
510500	-1475.382	0	-1475.382	0.6433018
511000	-1473.986	0	-1473.986	0.7027913
511500	-1461.519	0	-1461.519	0.717065
512000	-1474.813	0	-1474.813	0.7430221
512500	-1461.225	0	-1461.225	0.6708382
513000	-1339.428	0	-1339.428	0.6723587
513500	-1378.407	0	-1378.407	0.7414039
514000	-1292.374	0	-1292.374	0.794975
514500	-1394.928	0	-1394.928	0.7536706
515000	-1370.045	0	-1370.045	0.7769917
515500	-1367.541	0	-1367.541	0.7410862
516000	-1411.394	0	-1411.394	0.6681543
516500	-1393.19	0	-1393.19	0.7395246
517000	-1428.993	0	-1428.993	0.8041515
517500	-1332.331	0	-1332.331	0.8652206
518000	-1315.421	0	-1315.421	0.875101
518500	-1272.422	0	-1272.422	0.8691241
519000	-1331.255	0	-1331.255	0.8116758
519500	-1344.668	0	-1344.668	0.8838211
520000	-1417.982	0	-1417.982	0.850342
520500	-1407.3	0	-1407.3	0.8500594
521000	-1508.014	0	-1508.014	0.8314166
521500	-1492.922	0	-1492.922	0.8019897
522000	-1514.275	0	-1514.275	0.7677208
522500	-1567.618	0	-1567.618	0.7217999
523000	-1509.589	0	-1509.589	0.8076272
523500	-1442.741	0	-1442.741	0.8253281
524000	-1505.531	0	-1505.531	0.8118053
524500	-1574.678	0	-1574.678	0.7650548
525000	-1552.19	0	-1552.19	0.7657621
525500	-1563.157	0	-1563.157	0.727112
526000	-1468.443	0	-1468.443	0.7179959
526500	-1455.44	0	-1455.44	0.8141198
527000	-1473.661	0	-1473.661	0.827952
527500	-1436.658	0	-1436.658	0.818421
528000	-1459.082	0	-1459.082	0.7372602
528500	-1477.105	0	-1477.105	0.7732818
529000	-1376.663	0	-1376.663	0.8906802
529500	-1417.491	0	-1417.491	0.8629463
530000	-1394.236	0	-1394.236	0.8020557
530500	-1461.708	0	-1461.708	0.8371943
531000	-1522.243	0	-1522.243	0.7597251
531500	-1479.887	0	-1479.887	0.7825639
532000	-1482.798	0	-1482.798	0.7268592
532500	-1514.452	0	-1514.452	0.7247387
533000	-1557.189	0	-1557.189	0.6386812
533500	-1583.677	0	-1583.677	0.6123255
534000	-1529.42	0	-1529.42	0.7542177
534500	-1486.813	0	-1486.813	0.8734718
535000	-1514.286	0	-1514.286	0.8285544
535500	-1497.035	0	-1497.035	0.7888331
536000	-1476.207	0	-1476.207	0.7893534
536500	-1484.761	0	-1484.761	0.7381897
537000	-1499.571	0	-1499.571	0.6620975
537500	-1553.965	0	-1553.965	0.6508113
538000	-1487.702	0	-1487.702	0.7299215
538500	-1522.655	0	-1522.655	0.6792295
539000	-1425.978	0	-1425.978	0.8493321
539500	-1439.435	0	-1439.435	0.8051233
540000	-1326.673	0	-1326.673	0.8196485
540500	-1378.817	0	-1378.817	0.8067337
541000	-1527.602	0	-1527.602	0.6310114
541500	-1391.873	0	-1391.873	0.7477204
542000	-1346.372	0	-1346.372	0.7491203
542500	-1366.127	0	-1366.127	0.6476173
543000	-1340.424	0	-1340.424	0.7524476
543500	-1348.952	0	-1348.952	0.7901275
544000	-1405.559	0	-1405.559	0.7629538
544500	-1410.013	0	-1410.013	0.8062764
545000	-1470.4	0	-1470.4	0.7737612
545500	-1435.914	0	-1435.914	0.6918169
546000	-1499.398	0	-1499.398	0.7463475
546500	-1404.409	0	-1404.409	0.8311584
547000	-1423.14	0	-1423.14	0.7509453
547500	-1407.353	0	-1407.353	0.7819395
548000	-1378.313	0	-1378.313	0.7938359
548500	-1371.125	0	-1371.125	0.8460819
549000	-1399.347	0	-1399.347	0.7596624
549500	-1502.98	0	-1502.98	0.7596332
550000	-1420.402	0	-1420.402	0.6660954
550500	-1449.549	0	-1449.549	0.5681931
551000	-1461.892	0	-1461.892	0.7631256
551500	-1422.205	0	-1422.205	0.777108
552000	-1451.749	0	-1451.749	0.6648132
552500	-1333.87	0	-1333.87	0.7034379
553000	-1407.465	0	-1407.465	0.5792322
553500	-1489.353	0	-1489.353	0.6313489
554000	-1405.278	0	-1405.278	0.7300941
554500	-1361.859	0	-1361.859	0.7589139
555000	-1451.249	0	-1451.249	0.7659202
555500	-1477.539	0	-1477.539	0.6748914
556000	-1442.912	0	-1442.912	0.7919534
556500	-1433.156	0	-1433.156	0.7930264
557000	-1383.097	0	-1383.097	0.7637472
557500	-1346.001	0	-1346.001	0.6956213
558000	-1393.341	0	-1393.341	0.7204526
558500	-1348.132	0	-1348.132	0.6600992
559000	-1248.363	0	-1248.363	0.7174537
559500	-1332.52	0	-1332.52	0.7454868
560000	-1353.952	0	-1353.952	0.7609703
560500	-1366.195	0	-1366.195	0.7650517
561000	-1456.669	0	-1456.669	0.7131787
561500	-1387.494	0	-1387.494	0.8358867
562000	-1360.568	0	-1360.568	0.8736475
562500	-1432.624	0	-1432.624	0.8717891
563000	-1458.822	0	-1458.822	0.8094015
563500	-1389.915	0	-1389.915	0.8293726
564000	-1407.04	0	-1407.04	0.7078637
564500	-1427.937	0	-1427.937	0.7749865
565000	-1383	0	-1383	0.8474596
565500	-1325.302	0	-1325.302	0.8258039
566000	-1357.132	0	-1357.132	0.7794382
566500	-1325.206	0	-1325.206	0.8349281
567000	-1306.295	0	-1306.295	0.7807924
567500	-1274.965	0	-1274.965	0.7762617
568000	-1350.03	0	-1350.03	0.7469643
568500	-1283.07	0	-1283.07	0.8083335
569000	-1222.641	0	-1222.641	0.7965567
569500	-1297.563	0	-1297.563	0.753274
570000	-1340.186	0	-1340.186	0.6259905
570500	-1422.348	0	-1422.348	0.5338706
571000	-1425.429	0	-1425.429	0.6526302
571500	-1358.783	0	-1358.783	0.65462
572000	-1268.786	0	-1268.786	0.7261134
572500	-1342.445	0	-1342.445	0.7013419
573000	-1395.593	0	-1395.593	0.7558936
573500	-1487.532	0	-1487.532	0.7547831
574000	-1549.789	0	-1549.789	0.6079757
574500	-1522.056	0	-1522.056	0.6578948
575000	-1466.133	0	-1466.133	0.7508989
575500	-1449.858	0	-1449.858	0.6635428
576000	-1399.529	0	-1399.529	0.7541907
576500	-1334.577	0	-1334.577	0.8104772
577000	-1476.226	0	-1476.226	0.7212495
577500	-1438.372	0	-1438.372	0.7864749
578000	-1447.395	0	-1447.395	0.6923567
578500	-1393.378	0	-1393.378	0.7246859
579000	-1391.143	0	-1391.143	0.7485802
579500	-1395.484	0	-1395.484	0.6462058
580000	-1422.998	0	-1422.998	0.695777
580500	-1429.03	0	-1429.03	0.6583547
581000	-1455.147	0	-1455.147	0.7562127
581500	-1491.409	0	-1491.409	0.6627997
582000	-1507.464	0	-1507.464	0.6858719
582500	-1484.38	0	-1484.38	0.7354274
583000	-1558.23	0	-1558.23	0.6767317
583500	-1548.385	0	-1548.385	0.6888109
584000	-1591.142	0	-1591.142	0.5314334
584500	-1505.686	0	-1505.686	0.5418078
585000	-1554.755	0	-1554.755	0.562042
585500	-1471.594	0	-1471.594	0.716308
586000	-1500.161	0	-1500.161	0.7112175
586500	-1429.389	0	-1429.389	0.7645331
587000	-1467.398	0	-1467.398	0.613198
587500	-1434.863	0	-1434.863	0.6940393
588000	-1509.924	0	-1509.924	0.6837809
588500	-1495.188	0	-1495.188	0.6528785
589000	-1514.506	0	-1514.506	0.7635178
589500	-1455.666	0	-1455.666	0.7247882
590000	-1493.17	0	-1493.17	0.7429375
590500	-1495.682	0	-1495.682	0.719084
591000	-1613.024	0	-1613.024	0.4861288
591500	-1492.793	0	-1492.793	0.7157654
592000	-1542.146	0	-1542.146	0.5379877
592500	-1582.875	0	-1582.875	0.437418
593000	-1448.865	0	-1448.865	0.6306203
593500	-1511.653	0	-1511.653	0.6041397
594000	-1537.157	0	-1537.157	0.4994987
594500	-1471.621	0	-1471.621	0.4616144
595000	-1581.275	0	-1581.275	0.4257609
595500	-1643.2	0	-1643.2	0.4162581
596000	-1606.801	0	-1606.801	0.6422772
596500	-1579.175	0	-1579.175	0.5118139
597000	-1536.742	0	-1536.742	0.6433456
597500	-1560.238	0	-1560.238	0.5719414
598000	-1583.56	0	-1583.56	0.5595134
598500	-1520.981	0	-1520.981	0.5246639
599000	-1555.483	0	-1555.483	0.5676213
599500	-1551.297	0	-1551.297	0.5875079
600000	-1624.938	0	-1624.938	0.4776895
600500	-1569.458	0	-1569.458	0.5743034
601000	-1565.198	0	-1565.198	0.5484258
601500	-1604.955	0	-1604.955	0.456524
602000	-1609.058	0	-1609.058	0.605763
602500	-1562.675	0	-1562.675	0.550945
603000	-1604.473	0	-1604.473	0.3042527
603500	-1489.222	0	-1489.222	0.5595311
604000	-1493.866	0	-1493.866	0.4755946
604500	-1463.974	0	-1463.974	0.6743936
605000	-1489.949	0	-1489.949	0.5780543
605500	-1458.761	0	-1458.761	0.7522627
606000	-1472.324	0	-1472.324	0.8455264
606500	-1449.587	0	-1449.587	0.8217124
607000	-1442.313	0	-1442.313	0.8268209
607500	-1450.306	0	-1450.306	0.7441965
608000	-1441.413	0	-1441.413	0.8038443
608500	-1436.332	0	-1436.332	0.6244156
609000	-1451.646	0	-1451.646	0.643603
609500	-1535.827	0	-1535.827	0.6080679
610000	-1517.939	0	-1517.939	0.5803126
610500	-1464.241	0	-1464.241	0.7402224
611000	-1472.845	0	-1472.845	0.7388538
611500	-1457.399	0	-1457.399	0.7166424
612000	-1488.353	0	-1488.353	0.7881501
612500	-1508.068	0	-1508.068	0.7405006
613000	-1615.667	0	-1615.667	0.5657132
613500	-1564.555	0	-1564.555	0.6745165
614000	-1513.668	0	-1513.668	0.7272063
614500	-1534.658	0	-1534.658	0.7222457
615000	-1601.507	0	-1601.507	0.692319
615500	-1554.283	0	-1554.283	0.5498483
616000	-1492.082	0	-1492.082	0.5749303
616500	-1482.055	0	-1482.055	0.5047603
617000	-1475.764	0	-1475.764	0.6519255
617500	-1454.573	0	-1454.573	0.7716031
618000	-1462.257	0	-1462.257	0.710587
618500	-1428.446	0	-1428.446	0.7331088
619000	-1415.417	0	-1415.417	0.781535
619500	-1407.57	0	-1407.57	0.7904226
620000	-1461.564	0	-1461.564	0.7188617
620500	-1496.622	0	-1496.622	0.6891797
621000	-1413.222	0	-1413.222	0.8275584
621500	-1420.766	0	-1420.766	0.8227186
622000	-1446.043	0	-1446.043	0.8488878
622500	-1451.891	0	-1451.891	0.7960944
623000	-1469.496	0	-1469.496	0.8145593
623500	-1408.722	0	-1408.722	0.7910681
624000	-1401.465	0	-1401.465	0.8334383
624500	-1480.911	0	-1480.911	0.8002869
625000	-1424.121	0	-1424.121	0.8259141
625500	-1354.779	0	-1354.779	0.8295594
626000	-1452.108	0	-1452.108	0.8135474
626500	-1361.629	0	-1361.629	0.9038511
627000	-1399.678	0	-1399.678	0.824976
627500	-1287.815	0	-1287.815	0.8863613
628000	-1434.889	0	-1434.889	0.8289107
628500	-1400.228	0	-1400.228	0.7591876
629000	-1471.066	0	-1471.066	0.6978503
629500	-1456.772	0	-1456.772	0.7168527
630000	-1488.579	0	-1488.579	0.6314857
630500	-1472.483	0	-1472.483	0.6814631
631000	-1542.723	0	-1542.723	0.6247541
631500	-1454.968	0	-1454.968	0.7038268
632000	-1493.862	0	-1493.862	0.6751013
632500	-1507.049	0	-1507.049	0.5692868
633000	-1529.309	0	-1529.309	0.534328
633500	-1453.612	0	-1453.612	0.657575
634000	-1527.005	0	-1527.005	0.6989897
634500	-1449.783	0	-1449.783	0.7806468
635000	-1463.596	0	-1463.596	0.7607804
635500	-1475.265	0	-1475.265	0.5652755
636000	-1498.479	0	-1498.479	0.6694772
636500	-1450.877	0	-1450.877	0.6767766
637000	-1540.154	0	-1540.154	0.620799
637500	-1477.405	0	-1477.405	0.7011944
638000	-1427.073	0	-1427.073	0.8407502
638500	-1489.692	0	-1489.692	0.7254334
639000	-1528.795	0	-1528.795	0.719911
639500	-1474.717	0	-1474.717	0.7453381
640000	-1554.391	0	-1554.391	0.6830539
640500	-1525.371	0	-1525.371	0.7163985
641000	-1548.156	0	-1548.156	0.694552
641500	-1580.336	0	-1580.336	0.5218963
642000	-1558.663	0	-1558.663	0.530583
642500	-1559.771	0	-1559.771	0.5298398
643000	-1548.15	0	-1548.15	0.4562659
643500	-1531.781	0	-1531.781	0.4132435
644000	-1501.372	0	-1501.372	0.6416678
644500	-1519.98	0	-1519.98	0.4933792
645000	-1522.014	0	-1522.014	0.5391984
645500	-1521.48	0	-1521.48	0.5156978
646000	-1515.534	0	-1515.534	0.5485232
646500	-1534.742	0	-1534.742	0.5289772
647000	-1491.356	0	-1491.356	0.2941562
647500	-1423.277	0	-1423.277	0.3951995
648000	-1537.112	0	-1537.112	0.497801
648500	-1555.47	0	-1555.47	0.4975866
649000	-1485.153	0	-1485.153	0.5406277
649500	-1573.877	0	-1573.877	0.4780486
650000	-1596.676	0	-1596.676	0.5165379
650500	-1590.284	0	-1590.284	0.5542474
651000	-1484.146	0	-1484.146	0.6710569
651500	-1530.079	0	-1530.079	0.6822826
652000	-1610.398	0	-1610.398	0.6472883
652500	-1410.758	0	-1410.758	0.7617554
653000	-1454.813	0	-1454.813	0.746543
653500	-1446.592	0	-1446.592	0.7180577
654000	-1548.768	0	-1548.768	0.6006558
654500	-1492.283	0	-1492.283	0.724967
655000	-1472.595	0	-1472.595	0.7599278
655500	-1501.118	0	-1501.118	0.7102482
656000	-1510.073	0	-1510.073	0.7337535
656500	-1423.806	0	-1423.806	0.7698893
657000	-1406.388	0	-1406.388	0.7944723
657500	-1443.212	0	-1443.212	0.8455599
658000	-1488.312	0	-1488.312	0.7776345
658500	-1559.555	0	-1559.555	0.7199486
659000	-1419.638	0	-1419.638	0.7357046
659500	-1407.063	0	-1407.063	0.8206362
660000	-1511.625	0	-1511.625	0.7430714
660500	-1498.076	0	-1498.076	0.6510768
661000	-1517.21	0	-1517.21	0.6971572
661500	-1532.247	0	-1532.247	0.6844001
662000	-1534.643	0	-1534.643	0.7420447
662500	-1516.377	0	-1516.377	0.7403289
663000	-1501.969	0	-1501.969	0.7160679
663500	-1589.538	0	-1589.538	0.6092045
664000	-1570.111	0	-1570.111	0.575386
664500	-1527.957	0	-1527.957	0.7552376
665000	-1585.798	0	-1585.798	0.6049819
665500	-1525.06	0	-1525.06	0.7133263
666000	-1526.755	0	-1526.755	0.6974489
666500	-1522.914	0	-1522.914	0.6726665
667000	-1542.449	0	-1542.449	0.723196
667500	-1587.292	0	-1587.292	0.652553
668000	-1529.871	0	-1529.871	0.7394854
668500	-1532.284	0	-1532.284	0.7330767
669000	-1581.841	0	-1581.841	0.7279438
669500	-1484.22	0	-1484.22	0.6773116
670000	-1519.449	0	-1519.449	0.6175779
670500	-1534.283	0	-1534.283	0.6147735
671000	-1565.79	0	-1565.79	0.6591357
671500	-1527.618	0	-1527.618	0.7722962
672000	-1494.801	0	-1494.801	0.7099147
672500	-1518.608	0	-1518.608	0.716385
673000	-1544.445	0	-1544.445	0.694961
673500	-1563.552	0	-1563.552	0.4701725
674000	-1557.663	0	-1557.663	0.5514508
674500	-1445.645	0	-1445.645	0.548707
675000	-1466.349	0	-1466.349	0.6914332
675500	-1469.117	0	-1469.117	0.6826584
676000	-1482.837	0	-1482.837	0.7928203
676500	-1522.697	0	-1522.697	0.8110249
677000	-1586.971	0	-1586.971	0.7534199
677500	-1567.014	0	-1567.014	0.7544867
678000	-1504.865	0	-1504.865	0.8096455
678500	-1566.487	0	-1566.487	0.7866774
679000	-1555.47	0	-1555.47	0.7494985
679500	-1594.971	0	-1594.971	0.6433017
680000	-1634.672	0	-1634.672	0.6113759
680500	-1555.33	0	-1555.33	0.8395729
681000	-1622.358	0	-1622.358	0.7651556
681500	-1630.517	0	-1630.517	0.7445971
682000	-1584.694	0	-1584.694	0.6728656
682500	-1494.398	0	-1494.398	0.7989561
683000	-1605.918	0	-1605.918	0.6992401
683500	-1602.151	0	-1602.151	0.753245
684000	-1520.371	0	-1520.371	0.7034293
684500	-1568.18	0	-1568.18	0.6602142
685000	-1618.84	0	-1618.84	0.6547733
685500	-1539.041	0	-1539.041	0.7031253
686000	-1456.827	0	-1456.827	0.6829408
686500	-1500.003	0	-1500.003	0.6996954
687000	-1536.113	0	-1536.113	0.5877826
687500	-1509.596	0	-1509.596	0.6694254
688000	-1535.984	0	-1535.984	0.6341325
688500	-1554.072	0	-1554.072	0.533827
689000	-1466.368	0	-1466.368	0.5903739
689500	-1452.926	0	-1452.926	0.5862501
690000	-1512.059	0	-1512.059	0.6326463
690500	-1522.936	0	-1522.936	0.6130402
691000	-1556.125	0	-1556.125	0.7261086
691500	-1555.177	0	-1555.177	0.6759772
692000	-1547.754	0	-1547.754	0.7233625
692500	-1526.108	0	-1526.108	0.7151381
693000	-1492.619	0	-1492.619	0.830901
693500	-1484.645	0	-1484.645	0.8047788
694000	-1399.793	0	-1399.793	0.791845
694500	-1407.597	0	-1407.597	0.7988914
695000	-1441.382	0	-1441.382	0.7961812
695500	-1460.336	0	-1460.336	0.6921145
696000	-1440.824	0	-1440.824	0.5301058
696500	-1458.752	0	-1458.752	0.516802
697000	-1555.072	0	-1555.072	0.5104383
697500	-1598.295	0	-1598.295	0.513424
698000	-1577.018	0	-1577.018	0.5214242
698500	-1583.137	0	-1583.137	0.5436992
699000	-1536.911	0	-1536.911	0.601097
699500	-1498.221	0	-1498.221	0.6491768
700000	-1535.32	0	-1535.32	0.6786331
700500	-1536.155	0	-1536.155	0.6738945
701000	-1542.9	0	-1542.9	0.6530397
701500	-1499.611	0	-1499.611	0.8473959
702000	-1513.401	0	-1513.401	0.7852256
702500	-1589.498	0	-1589.498	0.6795104
703000	-1524.612	0	-1524.612	0.7900925
703500	-1546.146	0	-1546.146	0.7068076
704000	-1529.057	0	-1529.057	0.7030907
704500	-1541.764	0	-1541.764	0.7856022
705000	-1547.383	0	-1547.383	0.6389216
705500	-1555.57	0	-1555.57	0.6884074
706000	-1439.329	0	-1439.329	0.7783366
706500	-1573.765	0	-1573.765	0.7002158
707000	-1505.845	0	-1505.845	0.7623103
707500	-1493.592	0	-1493.592	0.813679
708000	-1453.772	0	-1453.772	0.8292203
708500	-1560.032	0	-1560.032	0.7075865
709000	-1571.903	0	-1571.903	0.7001285
709500	-1551.638	0	-1551.638	0.6600927
710000	-1587.173	0	-1587.173	0.7576373
710500	-1502.496	0	-1502.496	0.785091
711000	-1551.459	0	-1551.459	0.690029
711500	-1477.763	0	-1477.763	0.786573
712000	-1518.62	0	-1518.62	0.6413738
712500	-1496.812	0	-1496.812	0.7468013
713000	-1504.133	0	-1504.133	0.6522689
713500	-1452.974	0	-1452.974	0.7987215
714000	-1498.451	0	-1498.451	0.6967606
714500	-1481.711	0	-1481.711	0.7330672
715000	-1484.227	0	-1484.227	0.6281719
715500	-1470.737	0	-1470.737	0.7081659
716000	-1469.077	0	-1469.077	0.7853909
716500	-1394.628	0	-1394.628	0.7714338
717000	-1480.491	0	-1480.491	0.7476543
717500	-1508.965	0	-1508.965	0.702763
718000	-1470.287	0	-1470.287	0.6781821
718500	-1493.044	0	-1493.044	0.6945544
719000	-1524.506	0	-1524.506	0.7220244
719500	-1434.028	0	-1434.028	0.6807949
720000	-1473.06	0	-1473.06	0.7250652
720500	-1478.158	0	-1478.158	0.7204437
721000	-1536.526	0	-1536.526	0.5854997
721500	-1478.025	0	-1478.025	0.6441822
722000	-1374.781	0	-1374.781	0.806346
722500	-1378.912	0	-1378.912	0.8072258
723000	-1454.238	0	-1454.238	0.7341034
723500	-1462.146	0	-1462.146	0.6648588
724000	-1518.727	0	-1518.727	0.7626243
724500	-1549.893	0	-1549.893	0.5781051
725000	-1521.884	0	-1521.884	0.7676139
725500	-1521.782	0	-1521.782	0.7420897
726000	-1511.474	0	-1511.474	0.8178012
726500	-1488.694	0	-1488.694	0.8210108
727000	-1465.822	0	-1465.822	0.8642113
727500	-1474.178	0	-1474.178	0.8182062
728000	-1473.78	0	-1473.78	0.8325787
728500	-1540.964	0	-1540.964	0.7880562
729000	-1459.057	0	-1459.057	0.8396387
729500	-1474.337	0	-1474.337	0.7763784
730000	-1511.204	0	-1511.204	0.7837855
730500	-1517.737	0	-1517.737	0.7435972
731000	-1495.386	0	-1495.386	0.8009392
731500	-1448.974	0	-1448.974	0.8373656
732000	-1477.207	0	-1477.207	0.7880649
732500	-1560.885	0	-1560.885	0.6485325
733000	-1509.212	0	-1509.212	0.6704249
733500	-1476.568	0	-1476.568	0.7336702
734000	-1456.751	0	-1456.751	0.7468958
734500	-1470.714	0	-1470.714	0.7303184
735000	-1492.021	0	-1492.021	0.7055693
735500	-1503.333	0	-1503.333	0.7016426
736000	-1567.326	0	-1567.326	0.6451155
736500	-1457.067	0	-1457.067	0.8039505
737000	-1501.573	0	-1501.573	0.7902561
737500	-1533.394	0	-1533.394	0.5882762
738000	-1453.14	0	-1453.14	0.655742
738500	-1446.718	0	-1446.718	0.6198609
739000	-1409.019	0	-1409.019	0.6215163
739500	-1502.624	0	-1502.624	0.7293749
740000	-1511.416	0	-1511.416	0.6298463
740500	-1471.269	0	-1471.269	0.6449579
741000	-1535.001	0	-1535.001	0.6197295
741500	-1552.657	0	-1552.657	0.5185925
742000	-1561.582	0	-1561.582	0.7094241
742500	-1470.514	0	-1470.514	0.6950509
743000	-1630.011	0	-1630.011	0.580771
743500	-1589.88	0	-1589.88	0.6946466
744000	-1540.64	0	-1540.64	0.7341002
744500	-1475.861	0	-1475.861	0.7642514
745000	-1539.955	0	-1539.955	0.7519512
745500	-1535.356	0	-1535.356	0.7508612
746000	-1461.127	0	-1461.127	0.7988725
746500	-1528.337	0	-1528.337	0.7089945
747000	-1550.044	0	-1550.044	0.6900923
747500	-1518.387	0	-1518.387	0.7269655
748000	-1488.08	0	-1488.08	0.7493613
748500	-1491.623	0	-1491.623	0.764878
749000	-1506.044	0	-1506.044	0.7639501
749500	-1554.274	0	-1554.274	0.8224532
750000	-1485.665	0	-1485.665	0.7195834
750500	-1596.536	0	-1596.536	0.4794681
751000	-1496.843	0	-1496.843	0.6760194
751500	-1513.25	0	-1513.25	0.7259755
752000	-1514.478	0	-1514.478	0.7925825
752500	-1612.863	0	-1612.863	0.6341064
753000	-1605.156	0	-1605.156	0.6638276
753500	-1506.181	0	-1506.181	0.6819685
754000	-1576.465	0	-1576.465	0.5658404
754500	-1549.736	0	-1549.736	0.6454409
755000	-1568.387	0	-1568.387	0.6413928
755500	-1543.635	0	-1543.635	0.7651628
756000	-1541.571	0	-1541.571	0.5093592
756500	-1593.426	0	-1593.426	0.5715276
757000	-1584.795	0	-1584.795	0.4870186
757500	-1562.919	0	-1562.919	0.4884383
758000	-1618.52	0	-1618.52	0.5319726
758500	-1497.992	0	-1497.992	0.7002759
759000	-1495.896	0	-1495.896	0.7625593
759500	-1490.058	0	-1490.058	0.7717483
760000	-1432.058	0	-1432.058	0.7740179
760500	-1424.719	0	-1424.719	0.7700949
761000	-1341.233	0	-1341.233	0.770687
761500	-1451.653	0	-1451.653	0.7313771
762000	-1437.776	0	-1437.776	0.7178271
762500	-1458.094	0	-1458.094	0.8369871
763000	-1423.722	0	-1423.722	0.8426009
763500	-1449.665	0	-1449.665	0.8303676
764000	-1511.283	0	-1511.283	0.8009942
764500	-1492.575	0	-1492.575	0.7479754
765000	-1460.948	0	-1460.948	0.7785341
765500	-1425.364	0	-1425.364	0.7904625
766000	-1472.583	0	-1472.583	0.7802745
766500	-1422.739	0	-1422.739	0.8177684
767000	-1504.127	0	-1504.127	0.7692901
767500	-1476.469	0	-1476.469	0.7817567
768000	-1392.685	0	-1392.685	0.8003379
768500	-1444.253	0	-1444.253	0.8044056
769000	-1410.087	0	-1410.087	0.7352424
769500	-1429.035	0	-1429.035	0.7859751
770000	-1436.696	0	-1436.696	0.749349
770500	-1448.511	0	-1448.511	0.7986889
771000	-1452.822	0	-1452.822	0.7687071
771500	-1536.941	0	-1536.941	0.7630163
772000	-1550.209	0	-1550.209	0.7533948
772500	-1606.775	0	-1606.775	0.6286861
773000	-1617.501	0	-1617.501	0.5798965
773500	-1518.567	0	-1518.567	0.6959582
774000	-1512.297	0	-1512.297	0.6685008
774500	-1566.107	0	-1566.107	0.6099554
775000	-1526.846	0	-1526.846	0.7170672
775500	-1575.17	0	-1575.17	0.6922089
776000	-1607.918	0	-1607.918	0.6576966
776500	-1484.054	0	-1484.054	0.8202759
777000	-1511.332	0	-1511.332	0.7715646
777500	-1572.346	0	-1572.346	0.7738544
778000	-1550.254	0	-1550.254	0.7279136
778500	-1462.132	0	-1462.132	0.8049093
779000	-1454.942	0	-1454.942	0.8473389
779500	-1493.795	0	-1493.795	0.8111462
780000	-1498.053	0	-1498.053	0.8272894
780500	-1399.339	0	-1399.339	0.8760499
781000	-1442.376	0	-1442.376	0.8909358
781500	-1505.193	0	-1505.193	0.8000044
782000	-1444.008	0	-1444.008	0.8169463
782500	-1428.436	0	-1428.436	0.8722837
783000	-1395.969	0	-1395.969	0.8424759
783500	-1475.151	0	-1475.151	0.7896702
784000	-1527.643	0	-1527.643	0.8037049
784500	-1600.454	0	-1600.454	0.7111214
785000	-1614.741	0	-1614.741	0.7500807
785500	-1607.067	0	-1607.067	0.5890653
786000	-1583.451	0	-1583.451	0.6284856
786500	-1648.041	0	-1648.041	0.7301596
787000	-1504.078	0	-1504.078	0.7097034
787500	-1575.401	0	-1575.401	0.6655011
788000	-1606.872	0	-1606.872	0.6517581
788500	-1566.95	0	-1566.95	0.5757687
789000	-1603.809	0	-1603.809	0.6569681
789500	-1516.052	0	-1516.052	0.7007014
790000	-1497.862	0	-1497.862	0.7265825
790500	-1511.773	0	-1511.773	0.608604
791000	-1503.459	0	-1503.459	0.6625451
791500	-1548.463	0	-1548.463	0.7683916
792000	-1416.769	0	-1416.769	0.8260233
792500	-1360.305	0	-1360.305	0.8590181
793000	-1379.318	0	-1379.318	0.8432324
793500	-1435.996	0	-1435.996	0.8018959
794000	-1449	0	-1449	0.8174868
794500	-1522.43	0	-1522.43	0.7455145
795000	-1381.257	0	-1381.257	0.8470186
795500	-1475.402	0	-1475.402	0.7040615
796000	-1418.365	0	-1418.365	0.7717154
796500	-1409.955	0	-1409.955	0.7456711
797000	-1476.948	0	-1476.948	0.7553069
797500	-1414.377	0	-1414.377	0.8404669
798000	-1354.775	0	-1354.775	0.8942238
798500	-1252.945	0	-1252.945	0.8977776
799000	-1402.237	0	-1402.237	0.8637707
799500	-1368.796	0	-1368.796	0.8097898
800000	-1447.14	0	-1447.14	0.7999593
800500	-1409.536	0	-1409.536	0.7872226
801000	-1408.456	0	-1408.456	0.7254815
801500	-1459.04	0	-1459.04	0.771394
802000	-1414.063	0	-1414.063	0.8527926
802500	-1365.327	0	-1365.327	0.8471363
803000	-1473.505	0	-1473.505	0.8698654
803500	-1420.663	0	-1420.663	0.8456758
804000	-1342.506	0	-1342.506	0.8615888
804500	-1417.64	0	-1417.64	0.8286281
805000	-1384.809	0	-1384.809	0.8032905
805500	-1355.442	0	-1355.442	0.8621365
806000	-1333.625	0	-1333.625	0.8803783
806500	-1417.543	0	-1417.543	0.8686052
807000	-1440.228	0	-1440.228	0.8538923
807500	-1437.039	0	-1437.039	0.8524013
808000	-1492.205	0	-1492.205	0.8704739
808500	-1476.931	0	-1476.931	0.7989246
809000	-1480.682	0	-1480.682	0.791793
809500	-1367.28	0	-1367.28	0.8513725
810000	-1510.718	0	-1510.718	0.7817034
810500	-1473.969	0	-1473.969	0.8302473
811000	-1401.765	0	-1401.765	0.8430641
811500	-1407.002	0	-1407.002	0.7867918
812000	-1396.109	0	-1396.109	0.81725
812500	-1410.659	0	-1410.659	0.8000773
813000	-1406.23	0	-1406.23	0.8638008
813500	-1435.262	0	-1435.262	0.8684899
814000	-1430.739	0	-1430.739	0.8777285
814500	-1460.156	0	-1460.156	0.7276965
815000	-1395.904	0	-1395.904	0.7784928
815500	-1430.807	0	-1430.807	0.8455277
816000	-1329.914	0	-1329.914	0.8688112
816500	-1478.243	0	-1478.243	0.840309
817000	-1373.369	0	-1373.369	0.8798006
817500	-1450.081	0	-1450.081	0.8529271
818000	-1374.513	0	-1374.513	0.8147588
818500	-1364.049	0	-1364.049	0.8495145
819000	-1373.548	0	-1373.548	0.8428179
819500	-1254.432	0	-1254.432	0.8680799
820000	-1325.551	0	-1325.551	0.8532528
820500	-1347.289	0	-1347.289	0.853752
821000	-1440.719	0	-1440.719	0.8688305
821500	-1474.693	0	-1474.693	0.8692913
822000	-1349.957	0	-1349.957	0.8384903
822500	-1332.039	0	-1332.039	0.8631225
823000	-1363.983	0	-1363.983	0.8397729
823500	-1253.459	0	-1253.459	0.8598792
824000	-1317.302	0	-1317.302	0.8354947
824500	-1377.572	0	-1377.572	0.8263255
825000	-1419.013	0	-1419.013	0.8365775
825500	-1402.803	0	-1402.803	0.8466406
826000	-1420.921	0	-1420.921	0.8411868
826500	-1344.923	0	-1344.923	0.8497497
827000	-1448.329	0	-1448.329	0.8327052
827500	-1373.914	0	-1373.914	0.8410785
828000	-1382.617	0	-1382.617	0.8810346
828500	-1369.185	0	-1369.185	0.8714615
829000	-1450.321	0	-1450.321	0.8463646
829500	-1457.201	0	-1457.201	0.8045863
830000	-1404.149	0	-1404.149	0.8145654
830500	-1502.437	0	-1502.437	0.7475014
831000	-1456.453	0	-1456.453	0.7163886
831500	-1421.011	0	-1421.011	0.8708001
832000	-1477.876	0	-1477.876	0.8225619
832500	-1529.602	0	-1529.602	0.6555447
833000	-1560.994	0	-1560.994	0.736671
833500	-1431.695	0	-1431.695	0.80609
834000	-1525.438	0	-1525.438	0.7513222
834500	-1423.172	0	-1423.172	0.8420655
835000	-1500.334	0	-1500.334	0.7788365
835500	-1495.684	0	-1495.684	0.6895759
836000	-1428.865	0	-1428.865	0.7959372
836500	-1519.298	0	-1519.298	0.7259776
837000	-1524.471	0	-1524.471	0.6968759
837500	-1523.509	0	-1523.509	0.7774007
838000	-1554.668	0	-1554.668	0.6588478
838500	-1575.014	0	-1575.014	0.6890789
839000	-1578.307	0	-1578.307	0.6896356
839500	-1483.146	0	-1483.146	0.7787544
840000	-1446.601	0	-1446.601	0.7561739
840500	-1479.978	0	-1479.978	0.7273252
841000	-1570.254	0	-1570.254	0.5384301
841500	-1531.658	0	-1531.658	0.5762752
842000	-1605.188	0	-1605.188	0.5843339
842500	-1535.74	0	-1535.74	0.7741894
843000	-1437.987	0	-1437.987	0.8511304
843500	-1475.847	0	-1475.847	0.8094239
844000	-1438.191	0	-1438.191	0.8572756
844500	-1504.419	0	-1504.419	0.8447844
845000	-1507.574	0	-1507.574	0.8213269
845500	-1509.913	0	-1509.913	0.8052815
846000	-1532.973	0	-1532.973	0.7966926
846500	-1474.523	0	-1474.523	0.8366377
847000	-1497.223	0	-1497.223	0.8180806
847500	-1446.964	0	-1446.964	0.8439518
848000	-1447.362	0	-1447.362	0.8028522
848500	-1476.254	0	-1476.254	0.8439587
849000	-1482.172	0	-1482.172	0.7976049
849500	-1545	0	-1545	0.7315045
850000	-1502.691	0	-1502.691	0.7983867
850500	-1504.775	0	-1504.775	0.7092189
851000	-1363.455	0	-1363.455	0.7646727
851500	-1421.081	0	-1421.081	0.7984282
852000	-1425.238	0	-1425.238	0.8661712
852500	-1512.285	0	-1512.285	0.7854715
853000	-1488.375	0	-1488.375	0.7486521
853500	-1434.761	0	-1434.761	0.856095
854000	-1525.086	0	-1525.086	0.7976773
854500	-1480.398	0	-1480.398	0.7321539
855000	-1487.986	0	-1487.986	0.7532988
855500	-1488.119	0	-1488.119	0.764964
856000	-1504.88	0	-1504.88	0.5994333
856500	-1509.772	0	-1509.772	0.6635241
857000	-1491.336	0	-1491.336	0.6192421
857500	-1460.694	0	-1460.694	0.6189665
858000	-1448.702	0	-1448.702	0.6796924
858500	-1426.603	0	-1426.603	0.7561479
859000	-1401.333	0	-1401.333	0.6747585
859500	-1445.15	0	-1445.15	0.6444371
860000	-1433.776	0	-1433.776	0.6992977
860500	-1460.189	0	-1460.189	0.6453731
861000	-1523.777	0	-1523.777	0.5175275
861500	-1542.048	0	-1542.048	0.5337497
862000	-1446.638	0	-1446.638	0.6689128
862500	-1495.492	0	-1495.492	0.7175828
863000	-1477.361	0	-1477.361	0.7390495
863500	-1477.599	0	-1477.599	0.6928235
864000	-1442.976	0	-1442.976	0.7874241
864500	-1454.944	0	-1454.944	0.6687789
865000	-1477.351	0	-1477.351	0.6874478
865500	-1484.426	0	-1484.426	0.7514244
866000	-1459.231	0	-1459.231	0.6624506
866500	-1447.143	0	-1447.143	0.634457
867000	-1549.26	0	-1549.26	0.5587613
867500	-1454.458	0	-1454.458	0.6669461
868000	-1494.901	0	-1494.901	0.6414242
868500	-1499.07	0	-1499.07	0.7170949
869000	-1389.091	0	-1389.091	0.6933149
869500	-1453.658	0	-1453.658	0.5856228
870000	-1390.97	0	-1390.97	0.6883206
870500	-1420.202	0	-1420.202	0.7493201
871000	-1420.148	0	-1420.148	0.6898986
871500	-1379.316	0	-1379.316	0.6962705
872000	-1351.87	0	-1351.87	0.7598379
872500	-1348.787	0	-1348.787	0.81347
873000	-1300.445	0	-1300.445	0.8185523
873500	-1409.349	0	-1409.349	0.7630879
874000	-1393.263	0	-1393.263	0.7331756
874500	-1419.244	0	-1419.244	0.6655369
875000	-1466.088	0	-1466.088	0.680207
875500	-1479.215	0	-1479.215	0.617487
876000	-1552.33	0	-1552.33	0.6307721
876500	-1482.328	0	-1482.328	0.6492184
877000	-1486.783	0	-1486.783	0.7461288
877500	-1459.76	0	-1459.76	0.726457
878000	-1416.526	0	-1416.526	0.780208
878500	-1453.32	0	-1453.32	0.5494291
879000	-1516.689	0	-1516.689	0.5982435
879500	-1543.829	0	-1543.829	0.5922087
880000	-1578.049	0	-1578.049	0.5292845
880500	-1527.912	0	-1527.912	0.6976888
881000	-1484.526	0	-1484.526	0.7577099
881500	-1458.662	0	-1458.662	0.8320796
882000	-1419.387	0	-1419.387	0.8653464
882500	-1445.969	0	-1445.969	0.8054001
883000	-1494.28	0	-1494.28	0.7627803
883500	-1465.074	0	-1465.074	0.7043184
884000	-1461.887	0	-1461.887	0.7016256
884500	-1295.244	0	-1295.244	0.7264927
885000	-1282.438	0	-1282.438	0.7720911
885500	-1357.874	0	-1357.874	0.7581341
886000	-1340.228	0	-1340.228	0.7495689
886500	-1474.239	0	-1474.239	0.7725073
887000	-1475.786	0	-1475.786	0.7514862
887500	-1477.197	0	-1477.197	0.6644917
888000	-1449.202	0	-1449.202	0.6545191
888500	-1488.248	0	-1488.248	0.6109195
889000	-1558.145	0	-1558.145	0.6802064
889500	-1468.949	0	-1468.949	0.721871
890000	-1391.856	0	-1391.856	0.7458529
890500	-1432.931	0	-1432.931	0.7947136
891000	-1358.4	0	-1358.4	0.8002091
891500	-1298.287	0	-1298.287	0.8335302
892000	-1387.898	0	-1387.898	0.7992049
892500	-1337.564	0	-1337.564	0.78525
893000	-1342.458	0	-1342.458	0.7985517
893500	-1327.781	0	-1327.781	0.8266138
894000	-1316.152	0	-1316.152	0.8394511
894500	-1265.055	0	-1265.055	0.7901702
895000	-1249.554	0	-1249.554	0.7654422
895500	-1191.111	0	-1191.111	0.7716114
896000	-1294.208	0	-1294.208	0.7762199
896500	-1330.868	0	-1330.868	0.7764051
897000	-1289.545	0	-1289.545	0.7750198
897500	-1342.406	0	-1342.406	0.7076153
898000	-1396.93	0	-1396.93	0.7646425
898500	-1445.483	0	-1445.483	0.7519493
899000	-1454.388	0	-1454.388	0.7049277
899500	-1527.569	0	-1527.569	0.6506359
900000	-1447.081	0	-1447.081	0.6664916
900500	-1443.736	0	-1443.736	0.7923469
901000	-1465.166	0	-1465.166	0.7845203
901500	-1394.315	0	-1394.315	0.8075515
902000	-1295.902	0	-1295.902	0.815261
902500	-1359.285	0	-1359.285	0.8271098
903000	-1391.362	0	-1391.362	0.8306775
903500	-1392.099	0	-1392.099	0.8720984
904000	-1449.984	0	-1449.984	0.7204106
904500	-1468.69	0	-1468.69	0.738358
905000	-1453.969	0	-1453.969	0.7201771
905500	-1445.355	0	-1445.355	0.6137262
906000	-1366.688	0	-1366.688	0.7935282
906500	-1404.584	0	-1404.584	0.7455447
907000	-1386.73	0	-1386.73	0.8216627
907500	-1303.442	0	-1303.442	0.8113977
908000	-1306.587	0	-1306.587	0.79961
908500	-1407.588	0	-1407.588	0.8049848
909000	-1383.277	0	-1383.277	0.7491186
909500	-1344.936	0	-1344.936	0.8579674
910000	-1383.012	0	-1383.012	0.7529908
910500	-1484.793	0	-1484.793	0.7541638
911000	-1502.846	0	-1502.846	0.7313075
911500	-1454.658	0	-1454.658	0.6956556
912000	-1530.276	0	-1530.276	0.6957651
912500	-1446.665	0	-1446.665	0.7124502
913000	-1467.63	0	-1467.63	0.6670477
913500	-1371.7	0	-1371.7	0.7046105
914000	-1326.583	0	-1326.583	0.637514
914500	-1238.941	0	-1238.941	0.7064533
915000	-1261.204	0	-1261.204	0.7439457
915500	-1252.747	0	-1252.747	0.8145276
916000	-1150.396	0	-1150.396	0.8037584
916500	-1169.593	0	-1169.593	0.8080284
917000	-1211.182	0	-1211.182	0.8023775
917500	-1238.497	0	-1238.497	0.7831427
918000	-1197.508	0	-1197.508	0.8027868
918500	-1273.674	0	-1273.674	0.7858185
919000	-1357.519	0	-1357.519	0.7846968
919500	-1324.294	0	-1324.294	0.7084995
920000	-1351.645	0	-1351.645	0.6745667
920500	-1343.447	0	-1343.447	0.7051753
921000	-1435.018	0	-1435.018	0.6133161
921500	-1477.631	0	-1477.631	0.7405305
922000	-1434.341	0	-1434.341	0.7331899
922500	-1427.994	0	-1427.994	0.8124013
923000	-1484.856	0	-1484.856	0.7502123
923500	-1392.655	0	-1392.655	0.7778885
924000	-1450.279	0	-1450.279	0.7655404
924500	-1482.096	0	-1482.096	0.8166493
925000	-1424.104	0	-1424.104	0.8194919
925500	-1486.723	0	-1486.723	0.8508825
926000	-1543.008	0	-1543.008	0.798861
926500	-1422.966	0	-1422.966	0.7572253
927000	-1429.245	0	-1429.245	0.8377715
927500	-1490.559	0	-1490.559	0.7464743
928000	-1512.092	0	-1512.092	0.6597159
928500	-1511.032	0	-1511.032	0.7221576
929000	-1516.588	0	-1516.588	0.7794005
929500	-1430.774	0	-1430.774	0.7279945
930000	-1424.629	0	-1424.629	0.7133478
930500	-1335.512	0	-1335.512	0.8081307
931000	-1344.47	0	-1344.47	0.8244773
931500	-1326.32	0	-1326.32	0.8423099
932000	-1436.008	0	-1436.008	0.7085464
932500	-1515.219	0	-1515.219	0.7202735
933000	-1333.369	0	-1333.369	0.8528913
933500	-1399.498	0	-1399.498	0.7767247
934000	-1427.797	0	-1427.797	0.7672939
934500	-1386.237	0	-1386.237	0.7728521
935000	-1359.359	0	-1359.359	0.8209006
935500	-1372.666	0	-1372.666	0.8207854
936000	-1490.871	0	-1490.871	0.6249153
936500	-1490.531	0	-1490.531	0.7170909
937000	-1407.916	0	-1407.916	0.7321454
937500	-1459.647	0	-1459.647	0.7873317
938000	-1511.918	0	-1511.918	0.7079733
938500	-1468.253	0	-1468.253	0.7359966
939000	-1502.145	0	-1502.145	0.7223133
939500	-1474.415	0	-1474.415	0.7219891
940000	-1365.194	0	-1365.194	0.7614854
940500	-1394.639	0	-1394.639	0.7247862
941000	-1412.399	0	-1412.399	0.7959375
941500	-1396.778	0	-1396.778	0.8020833
942000	-1425.787	0	-1425.787	0.8054908
942500	-1420.506	0	-1420.506	0.7881611
943000	-1428.267	0	-1428.267	0.7965292
943500	-1430.94	0	-1430.94	0.762492
944000	-1512.073	0	-1512.073	0.8129319
944500	-1501.484	0	-1501.484	0.7635304
945000	-1560.594	0	-1560.594	0.8054471
945500	-1506.861	0	-1506.861	0.7781608
946000	-1479.475	0	-1479.475	0.7270937
946500	-1533.945	0	-1533.945	0.6900279
947000	-1619.605	0	-1619.605	0.5649168
947500	-1554.746	0	-1554.746	0.7380905
948000	-1540.254	0	-1540.254	0.7182755
948500	-1528.236	0	-1528.236	0.6143588
949000	-1571.78	0	-1571.78	0.6904092
949500	-1533.049	0	-1533.049	0.8203072
950000	-1490.898	0	-1490.898	0.7969808
950500	-1471.799	0	-1471.799	0.7937589
951000	-1455.953	0	-1455.953	0.7444165
951500	-1469.477	0	-1469.477	0.813514
952000	-1454.864	0	-1454.864	0.7985216
952500	-1498.949	0	-1498.949	0.8467347
953000	-1465.465	0	-1465.465	0.8484333
953500	-1547.217	0	-1547.217	0.8451378
954000	-1424.187	0	-1424.187	0.8178732
954500	-1426.99	0	-1426.99	0.8018765
955000	-1495.256	0	-1495.256	0.7986962
955500	-1457.091	0	-1457.091	0.7614909
956000	-1365.629	0	-1365.629	0.7708259
956500	-1450.391	0	-1450.391	0.7375593
957000	-1421.892	0	-1421.892	0.803471
957500	-1425.041	0	-1425.041	0.8847438
958000	-1406.684	0	-1406.684	0.8138564
958500	-1449.352	0	-1449.352	0.8178919
959000	-1528.469	0	-1528.469	0.7793623
959500	-1424.434	0	-1424.434	0.6445703
960000	-1459.404	0	-1459.404	0.646604
960500	-1410.603	0	-1410.603	0.6717006
961000	-1366.682	0	-1366.682	0.7365162
961500	-1335.392	0	-1335.392	0.8560245
962000	-1293.114	0	-1293.114	0.872945
962500	-1385.635	0	-1385.635	0.8397085
963000	-1513.927	0	-1513.927	0.6505865
963500	-1438.865	0	-1438.865	0.7348421
964000	-1316.616	0	-1316.616	0.8659091
964500	-1393.402	0	-1393.402	0.8532575
965000	-1422.836	0	-1422.836	0.8563172
965500	-1313.536	0	-1313.536	0.8289548
966000	-1434.496	0	-1434.496	0.8209253
966500	-1408.498	0	-1408.498	0.830405
967000	-1363.877	0	-1363.877	0.8250299
967500	-1314.911	0	-1314.911	0.8613802
968000	-1325.106	0	-1325.106	0.8627661
968500	-1335.201	0	-1335.201	0.8462047
969000	-1344.877	0	-1344.877	0.8490645
969500	-1388.669	0	-1388.669	0.8213093
970000	-1350.886	0	-1350.886	0.8746898
970500	-1354.111	0	-1354.111	0.8553289
971000	-1410.085	0	-1410.085	0.8738361
971500	-1415.19	0	-1415.19	0.8154114
972000	-1345.092	0	-1345.092	0.8748952
972500	-1330.021	0	-1330.021	0.8636444
973000	-1419.948	0	-1419.948	0.8217535
973500	-1358.456	0	-1358.456	0.7477402
974000	-1436.24	0	-1436.24	0.6982236
974500	-1439.031	0	-1439.031	0.7805867
975000	-1404.247	0	-1404.247	0.795086
975500	-1395.676	0	-1395.676	0.811317
976000	-1464.439	0	-1464.439	0.7033868
976500	-1431.819	0	-1431.819	0.8435071
977000	-1465.979	0	-1465.979	0.8293771
977500	-1485.515	0	-1485.515	0.7529469
978000	-1501.78	0	-1501.78	0.7308197
978500	-1468.769	0	-1468.769	0.8308227
979000	-1389.851	0	-1389.851	0.7733167
979500	-1495.145	0	-1495.145	0.7853509
980000	-1447.669	0	-1447.669	0.8437895
980500	-1444.251	0	-1444.251	0.8031159
981000	-1419.503	0	-1419.503	0.8246911
981500	-1394.82	0	-1394.82	0.8479679
982000	-1347.071	0	-1347.071	0.8192459
982500	-1406.731	0	-1406.731	0.8207685
983000	-1416.735	0	-1416.735	0.8426388
983500	-1443.863	0	-1443.863	0.8609143
984000	-1420.104	0	-1420.104	0.9040028
984500	-1461.773	0	-1461.773	0.7909533
985000	-1408.668	0	-1408.668	0.7975255
985500	-1405.599	0	-1405.599	0.816135
986000	-1392.332	0	-1392.332	0.8321363
986500	-1335.232	0	-1335.232	0.8202235
987000	-1427.734	0	-1427.734	0.8044411
987500	-1488.2	0	-1488.2	0.8326534
988000	-1408.578	0	-1408.578	0.8036285
988500	-1478.205	0	-1478.205	0.7114493
989000	-1458.314	0	-1458.314	0.7009
989500	-1473.325	0	-1473.325	0.8033465
990000	-1462	0	-1462	0.7765055
990500	-1429.52	0	-1429.52	0.8174011
991000	-1422.553	0	-1422.553	0.79264
991500	-1411.356	0	-1411.356	0.7800869
992000	-1392.517	0	-1392.517	0.7702078
992500	-1412.857	0	-1412.857	0.775218
993000	-1483.56	0	-1483.56	0.8041108
993500	-1500.102	0	-1500.102	0.7700962
994000	-1501.749	0	-1501.749	0.7491044
994500	-1499.762	0	-1499.762	0.7460479
995000	-1419.769	0	-1419.769	0.7736914
995500	-1287.448	0	-1287.448	0.7526852
996000	-1409.366	0	-1409.366	0.7568603
996500	-1422.411	0	-1422.411	0.7558019
997000	-1455.027	0	-1455.027	0.6547316
997500	-1455.477	0	-1455.477	0.7555879
998000	-1294.547	0	-1294.547	0.8416576
998500	-1248.618	0	-1248.618	0.8941697
999000	-1426.226	0	-1426.226	0.7921864
999500	-1330.854	0	-1330.854	0.8584513
1000000	-1348.04	0	-1348.04	0.7709572
